17-Jul-2019 17:42:24.350 INFO [main] sun.reflect.NativeMethodAccessorImpl.invoke Server version:        Apache Tomcat (TomEE)/8.5.32 (7.1.0)
17-Jul-2019 17:42:24.351 INFO [main] sun.reflect.NativeMethodAccessorImpl.invoke Server built:          Jun 20 2018 19:50:35 UTC
17-Jul-2019 17:42:24.351 INFO [main] sun.reflect.NativeMethodAccessorImpl.invoke Server number:         8.5.32.0
17-Jul-2019 17:42:24.351 INFO [main] sun.reflect.NativeMethodAccessorImpl.invoke OS Name:               Windows 10
17-Jul-2019 17:42:24.351 INFO [main] sun.reflect.NativeMethodAccessorImpl.invoke OS Version:            10.0
17-Jul-2019 17:42:24.351 INFO [main] sun.reflect.NativeMethodAccessorImpl.invoke Architecture:          amd64
17-Jul-2019 17:42:24.351 INFO [main] sun.reflect.NativeMethodAccessorImpl.invoke Java Home:             C:\Program Files\Java\jdk1.8.0_171\jre
17-Jul-2019 17:42:24.351 INFO [main] sun.reflect.NativeMethodAccessorImpl.invoke JVM Version:           1.8.0_171-b11
17-Jul-2019 17:42:24.351 INFO [main] sun.reflect.NativeMethodAccessorImpl.invoke JVM Vendor:            Oracle Corporation
17-Jul-2019 17:42:24.351 INFO [main] sun.reflect.NativeMethodAccessorImpl.invoke CATALINA_BASE:         C:\Users\paulo.bezerra\Documents\apache-tomee-webprofile-7.1.0
17-Jul-2019 17:42:24.352 INFO [main] sun.reflect.NativeMethodAccessorImpl.invoke CATALINA_HOME:         C:\Users\paulo.bezerra\Documents\apache-tomee-webprofile-7.1.0
17-Jul-2019 17:42:24.352 INFO [main] sun.reflect.NativeMethodAccessorImpl.invoke Command line argument: -Djava.util.logging.config.file=C:\Users\paulo.bezerra\Documents\apache-tomee-webprofile-7.1.0\conf\logging.properties
17-Jul-2019 17:42:24.352 INFO [main] sun.reflect.NativeMethodAccessorImpl.invoke Command line argument: -Djava.util.logging.manager=org.apache.juli.ClassLoaderLogManager
17-Jul-2019 17:42:24.352 INFO [main] sun.reflect.NativeMethodAccessorImpl.invoke Command line argument: -javaagent:C:\Users\paulo.bezerra\Documents\apache-tomee-webprofile-7.1.0\lib\openejb-javaagent.jar
17-Jul-2019 17:42:24.352 INFO [main] sun.reflect.NativeMethodAccessorImpl.invoke Command line argument: -Djdk.tls.ephemeralDHKeySize=2048
17-Jul-2019 17:42:24.352 INFO [main] sun.reflect.NativeMethodAccessorImpl.invoke Command line argument: -Djava.protocol.handler.pkgs=org.apache.catalina.webresources
17-Jul-2019 17:42:24.352 INFO [main] sun.reflect.DelegatingMethodAccessorImpl.invoke Command line argument: -Dignore.endorsed.dirs=
17-Jul-2019 17:42:24.353 INFO [main] sun.reflect.DelegatingMethodAccessorImpl.invoke Command line argument: -Dcatalina.base=C:\Users\paulo.bezerra\Documents\apache-tomee-webprofile-7.1.0
17-Jul-2019 17:42:24.353 INFO [main] sun.reflect.DelegatingMethodAccessorImpl.invoke Command line argument: -Dcatalina.home=C:\Users\paulo.bezerra\Documents\apache-tomee-webprofile-7.1.0
17-Jul-2019 17:42:24.353 INFO [main] sun.reflect.DelegatingMethodAccessorImpl.invoke Command line argument: -Djava.io.tmpdir=C:\Users\paulo.bezerra\Documents\apache-tomee-webprofile-7.1.0\temp
17-Jul-2019 17:42:24.353 INFO [main] sun.reflect.DelegatingMethodAccessorImpl.invoke The APR based Apache Tomcat Native library which allows optimal performance in production environments was not found on the java.library.path: [C:\Program Files\Java\jdk1.8.0_171\bin;C:\WINDOWS\Sun\Java\bin;C:\WINDOWS\system32;C:\WINDOWS;C:\Program Files (x86)\Common Files\Oracle\Java\javapath;C:\Windows\system32;C:\Windows;C:\Windows\System32\Wbem;C:\Windows\System32\WindowsPowerShell\v1.0\;C:\Windows\System32\OpenSSH\;C:\Program Files (x86)\Intel\Intel(R) Management Engine Components\DAL;C:\Program Files\Intel\Intel(R) Management Engine Components\DAL;C:\Program Files\Intel\WiFi\bin\;C:\Program Files\Common Files\Intel\WirelessCommon\;C:\Program Files (x86)\NVIDIA Corporation\PhysX\Common;C:\Program Files\PuTTY\;C:\Program Files\Git\cmd;C:\Program Files (x86)\QuickTime\QTSystem\;%SystemRoot%\system32;%SystemRoot%;%SystemRoot%\System32\Wbem;%SYSTEMROOT%\System32\WindowsPowerShell\v1.0\;%SYSTEMROOT%\System32\OpenSSH\;C:\Users\paulo.bezerra\AppData\Local\Microsoft\WindowsApps;;C:\Users\paulo.bezerra\AppData\Local\Programs\Microsoft VS Code\bin;.]
17-Jul-2019 17:42:25.827 INFO [main] sun.reflect.DelegatingMethodAccessorImpl.invoke Initializing ProtocolHandler ["http-nio-8080"]
17-Jul-2019 17:42:26.271 INFO [main] sun.reflect.DelegatingMethodAccessorImpl.invoke Using a shared selector for servlet write/read
17-Jul-2019 17:42:26.293 INFO [main] sun.reflect.DelegatingMethodAccessorImpl.invoke Initializing ProtocolHandler ["ajp-nio-8009"]
17-Jul-2019 17:42:26.295 INFO [main] sun.reflect.DelegatingMethodAccessorImpl.invoke Using a shared selector for servlet write/read
17-Jul-2019 17:42:27.782 INFO [main] org.apache.openejb.util.OptionsLog.info Using 'openejb.jdbc.datasource-creator=org.apache.tomee.jdbc.TomEEDataSourceCreator'
17-Jul-2019 17:42:27.936 INFO [main] org.apache.openejb.OpenEJB$Instance.<init> ********************************************************************************
17-Jul-2019 17:42:27.937 INFO [main] org.apache.openejb.OpenEJB$Instance.<init> OpenEJB http://tomee.apache.org/
17-Jul-2019 17:42:27.937 INFO [main] org.apache.openejb.OpenEJB$Instance.<init> Startup: Wed Jul 17 17:42:27 BRT 2019
17-Jul-2019 17:42:27.937 INFO [main] org.apache.openejb.OpenEJB$Instance.<init> Copyright 1999-2018 (C) Apache OpenEJB Project, All Rights Reserved.
17-Jul-2019 17:42:27.937 INFO [main] org.apache.openejb.OpenEJB$Instance.<init> Version: 7.1.0
17-Jul-2019 17:42:27.937 INFO [main] org.apache.openejb.OpenEJB$Instance.<init> Build date: 20180902
17-Jul-2019 17:42:27.938 INFO [main] org.apache.openejb.OpenEJB$Instance.<init> Build time: 09:50
17-Jul-2019 17:42:27.938 INFO [main] org.apache.openejb.OpenEJB$Instance.<init> ********************************************************************************
17-Jul-2019 17:42:27.938 INFO [main] org.apache.openejb.OpenEJB$Instance.<init> openejb.home = C:\Users\paulo.bezerra\Documents\apache-tomee-webprofile-7.1.0
17-Jul-2019 17:42:27.938 INFO [main] org.apache.openejb.OpenEJB$Instance.<init> openejb.base = C:\Users\paulo.bezerra\Documents\apache-tomee-webprofile-7.1.0
17-Jul-2019 17:42:27.940 INFO [main] org.apache.openejb.cdi.CdiBuilder.initializeOWB Created new singletonService org.apache.openejb.cdi.ThreadSingletonServiceImpl@4c15e7fd
17-Jul-2019 17:42:27.940 INFO [main] org.apache.openejb.cdi.CdiBuilder.initializeOWB Succeeded in installing singleton service
17-Jul-2019 17:42:27.987 INFO [main] org.apache.openejb.config.ConfigurationFactory.init TomEE configuration file is 'C:\Users\paulo.bezerra\Documents\apache-tomee-webprofile-7.1.0\conf\tomee.xml'
17-Jul-2019 17:42:28.039 INFO [main] org.apache.openejb.config.ConfigurationFactory.configureService Configuring Service(id=Tomcat Security Service, type=SecurityService, provider-id=Tomcat Security Service)
17-Jul-2019 17:42:28.041 INFO [main] org.apache.openejb.config.ConfigurationFactory.configureService Configuring Service(id=Default Transaction Manager, type=TransactionManager, provider-id=Default Transaction Manager)
17-Jul-2019 17:42:28.045 INFO [main] org.apache.openejb.util.OptionsLog.info Using 'openejb.deployments.classpath=false'
17-Jul-2019 17:42:28.052 INFO [main] org.apache.openejb.assembler.classic.Assembler.createRecipe Creating TransactionManager(id=Default Transaction Manager)
17-Jul-2019 17:42:28.174 INFO [main] org.apache.openejb.assembler.classic.Assembler.createRecipe Creating SecurityService(id=Tomcat Security Service)
17-Jul-2019 17:42:28.395 INFO [main] org.apache.openejb.server.ServiceManager.initServer Creating ServerService(id=cxf-rs)
17-Jul-2019 17:42:28.718 INFO [main] org.apache.openejb.server.SimpleServiceManager.start   ** Bound Services **
17-Jul-2019 17:42:28.718 INFO [main] org.apache.openejb.server.SimpleServiceManager.printRow   NAME                 IP              PORT  
17-Jul-2019 17:42:28.718 INFO [main] org.apache.openejb.server.SimpleServiceManager.start -------
17-Jul-2019 17:42:28.718 INFO [main] org.apache.openejb.server.SimpleServiceManager.start Ready!
17-Jul-2019 17:42:28.718 INFO [main] sun.reflect.DelegatingMethodAccessorImpl.invoke Initialization processed in 5139 ms
17-Jul-2019 17:42:28.780 INFO [main] org.apache.tomee.catalina.OpenEJBNamingContextListener.bindResource Importing a Tomcat Resource with id 'UserDatabase' of type 'org.apache.catalina.UserDatabase'.
17-Jul-2019 17:42:28.781 INFO [main] org.apache.openejb.assembler.classic.Assembler.createRecipe Creating Resource(id=UserDatabase)
17-Jul-2019 17:42:28.789 INFO [main] sun.reflect.DelegatingMethodAccessorImpl.invoke Starting service [Catalina]
17-Jul-2019 17:42:28.789 INFO [main] sun.reflect.DelegatingMethodAccessorImpl.invoke Starting Servlet Engine: Apache Tomcat (TomEE)/8.5.32 (7.1.0)
17-Jul-2019 17:42:28.809 INFO [localhost-startStop-1] sun.reflect.DelegatingMethodAccessorImpl.invoke Deploying configuration descriptor [C:\Users\paulo.bezerra\Documents\apache-tomee-webprofile-7.1.0\conf\Catalina\localhost\Testes.xml]
17-Jul-2019 17:42:28.837 INFO [localhost-startStop-1] org.apache.tomee.catalina.TomcatWebAppBuilder.init ------------------------- localhost -> /Testes
17-Jul-2019 17:42:29.158 INFO [localhost-startStop-1] org.apache.openejb.config.ConfigurationFactory.configureApplication Configuring enterprise application: C:\Users\paulo.bezerra\Documents\NetBeansProjects\Testes\build\web
17-Jul-2019 17:42:29.358 INFO [localhost-startStop-1] org.apache.openejb.config.ConfigurationFactory.configureService Configuring Service(id=Default Managed Container, type=Container, provider-id=Default Managed Container)
17-Jul-2019 17:42:29.359 INFO [localhost-startStop-1] org.apache.openejb.config.AutoConfig.createContainer Auto-creating a container for bean Testes.Comp938677939: Container(type=MANAGED, id=Default Managed Container)
17-Jul-2019 17:42:29.359 INFO [localhost-startStop-1] org.apache.openejb.assembler.classic.Assembler.createRecipe Creating Container(id=Default Managed Container)
17-Jul-2019 17:42:29.387 INFO [localhost-startStop-1] org.apache.openejb.core.managed.SimplePassivater.init Using directory C:\Users\paulo.bezerra\Documents\apache-tomee-webprofile-7.1.0\temp for stateful session passivation
17-Jul-2019 17:42:29.463 INFO [localhost-startStop-1] org.apache.openejb.config.AppInfoBuilder.build Enterprise application "C:\Users\paulo.bezerra\Documents\NetBeansProjects\Testes\build\web" loaded.
17-Jul-2019 17:42:29.478 INFO [localhost-startStop-1] org.apache.openejb.assembler.classic.Assembler.createApplication Assembling app: C:\Users\paulo.bezerra\Documents\NetBeansProjects\Testes\build\web
17-Jul-2019 17:42:29.788 INFO [localhost-startStop-1] org.apache.tomee.catalina.TomcatWebAppBuilder.deployWebApps using context file C:\Users\paulo.bezerra\Documents\NetBeansProjects\Testes\build\web\META-INF\context.xml
17-Jul-2019 17:42:29.792 INFO [localhost-startStop-1] org.apache.openejb.assembler.classic.Assembler.createApplication Deployed Application(path=C:\Users\paulo.bezerra\Documents\NetBeansProjects\Testes\build\web)
17-Jul-2019 17:42:30.038 INFO [localhost-startStop-1] org.apache.jasper.servlet.TldScanner.scanJars At least one JAR was scanned for TLDs yet contained no TLDs. Enable debug logging for this logger for a complete list of JARs that were scanned but no TLDs were found in them. Skipping unneeded JARs during scanning can improve startup time and JSP compilation time.
17-Jul-2019 17:42:30.142 INFO [localhost-startStop-1] sun.reflect.DelegatingMethodAccessorImpl.invoke Deployment of configuration descriptor [C:\Users\paulo.bezerra\Documents\apache-tomee-webprofile-7.1.0\conf\Catalina\localhost\Testes.xml] has finished in [1,333] ms
17-Jul-2019 17:42:30.144 INFO [localhost-startStop-1] sun.reflect.DelegatingMethodAccessorImpl.invoke Deploying web application directory [C:\Users\paulo.bezerra\Documents\apache-tomee-webprofile-7.1.0\webapps\docs]
17-Jul-2019 17:42:30.145 INFO [localhost-startStop-1] org.apache.tomee.catalina.TomcatWebAppBuilder.init ------------------------- localhost -> /docs
17-Jul-2019 17:42:30.316 INFO [localhost-startStop-1] org.apache.openejb.config.ConfigurationFactory.configureApplication Configuring enterprise application: C:\Users\paulo.bezerra\Documents\apache-tomee-webprofile-7.1.0\webapps\docs
17-Jul-2019 17:42:30.338 INFO [localhost-startStop-1] org.apache.openejb.config.AppInfoBuilder.build Enterprise application "C:\Users\paulo.bezerra\Documents\apache-tomee-webprofile-7.1.0\webapps\docs" loaded.
17-Jul-2019 17:42:30.339 INFO [localhost-startStop-1] org.apache.openejb.assembler.classic.Assembler.createApplication Assembling app: C:\Users\paulo.bezerra\Documents\apache-tomee-webprofile-7.1.0\webapps\docs
17-Jul-2019 17:42:30.350 INFO [localhost-startStop-1] org.apache.openejb.assembler.classic.Assembler.createApplication Deployed Application(path=C:\Users\paulo.bezerra\Documents\apache-tomee-webprofile-7.1.0\webapps\docs)
17-Jul-2019 17:42:30.384 INFO [localhost-startStop-1] org.apache.jasper.servlet.TldScanner.scanJars At least one JAR was scanned for TLDs yet contained no TLDs. Enable debug logging for this logger for a complete list of JARs that were scanned but no TLDs were found in them. Skipping unneeded JARs during scanning can improve startup time and JSP compilation time.
17-Jul-2019 17:42:30.409 INFO [localhost-startStop-1] sun.reflect.DelegatingMethodAccessorImpl.invoke Deployment of web application directory [C:\Users\paulo.bezerra\Documents\apache-tomee-webprofile-7.1.0\webapps\docs] has finished in [265] ms
17-Jul-2019 17:42:30.410 INFO [localhost-startStop-1] sun.reflect.DelegatingMethodAccessorImpl.invoke Deploying web application directory [C:\Users\paulo.bezerra\Documents\apache-tomee-webprofile-7.1.0\webapps\host-manager]
17-Jul-2019 17:42:30.421 INFO [localhost-startStop-1] org.apache.tomee.catalina.TomcatWebAppBuilder.init ------------------------- localhost -> /host-manager
17-Jul-2019 17:42:30.517 INFO [localhost-startStop-1] org.apache.openejb.config.ConfigurationFactory.configureApplication Configuring enterprise application: C:\Users\paulo.bezerra\Documents\apache-tomee-webprofile-7.1.0\webapps\host-manager
17-Jul-2019 17:42:30.523 INFO [localhost-startStop-1] org.apache.openejb.config.AppInfoBuilder.build Enterprise application "C:\Users\paulo.bezerra\Documents\apache-tomee-webprofile-7.1.0\webapps\host-manager" loaded.
17-Jul-2019 17:42:30.524 INFO [localhost-startStop-1] org.apache.openejb.assembler.classic.Assembler.createApplication Assembling app: C:\Users\paulo.bezerra\Documents\apache-tomee-webprofile-7.1.0\webapps\host-manager
17-Jul-2019 17:42:30.532 INFO [localhost-startStop-1] org.apache.tomee.catalina.TomcatWebAppBuilder.deployWebApps using context file C:\Users\paulo.bezerra\Documents\apache-tomee-webprofile-7.1.0\webapps\host-manager\META-INF\context.xml
17-Jul-2019 17:42:30.532 INFO [localhost-startStop-1] org.apache.openejb.assembler.classic.Assembler.createApplication Deployed Application(path=C:\Users\paulo.bezerra\Documents\apache-tomee-webprofile-7.1.0\webapps\host-manager)
17-Jul-2019 17:42:30.564 INFO [localhost-startStop-1] org.apache.jasper.servlet.TldScanner.scanJars At least one JAR was scanned for TLDs yet contained no TLDs. Enable debug logging for this logger for a complete list of JARs that were scanned but no TLDs were found in them. Skipping unneeded JARs during scanning can improve startup time and JSP compilation time.
17-Jul-2019 17:42:30.611 INFO [localhost-startStop-1] sun.reflect.DelegatingMethodAccessorImpl.invoke Deployment of web application directory [C:\Users\paulo.bezerra\Documents\apache-tomee-webprofile-7.1.0\webapps\host-manager] has finished in [201] ms
17-Jul-2019 17:42:30.611 INFO [localhost-startStop-1] sun.reflect.DelegatingMethodAccessorImpl.invoke Deploying web application directory [C:\Users\paulo.bezerra\Documents\apache-tomee-webprofile-7.1.0\webapps\manager]
17-Jul-2019 17:42:30.619 INFO [localhost-startStop-1] org.apache.tomee.catalina.TomcatWebAppBuilder.init ------------------------- localhost -> /manager
17-Jul-2019 17:42:30.666 INFO [localhost-startStop-1] org.apache.openejb.config.ConfigurationFactory.configureApplication Configuring enterprise application: C:\Users\paulo.bezerra\Documents\apache-tomee-webprofile-7.1.0\webapps\manager
17-Jul-2019 17:42:30.672 INFO [localhost-startStop-1] org.apache.openejb.config.AppInfoBuilder.build Enterprise application "C:\Users\paulo.bezerra\Documents\apache-tomee-webprofile-7.1.0\webapps\manager" loaded.
17-Jul-2019 17:42:30.673 INFO [localhost-startStop-1] org.apache.openejb.assembler.classic.Assembler.createApplication Assembling app: C:\Users\paulo.bezerra\Documents\apache-tomee-webprofile-7.1.0\webapps\manager
17-Jul-2019 17:42:30.680 INFO [localhost-startStop-1] org.apache.tomee.catalina.TomcatWebAppBuilder.deployWebApps using context file C:\Users\paulo.bezerra\Documents\apache-tomee-webprofile-7.1.0\webapps\manager\META-INF\context.xml
17-Jul-2019 17:42:30.680 INFO [localhost-startStop-1] org.apache.openejb.assembler.classic.Assembler.createApplication Deployed Application(path=C:\Users\paulo.bezerra\Documents\apache-tomee-webprofile-7.1.0\webapps\manager)
17-Jul-2019 17:42:30.705 INFO [localhost-startStop-1] org.apache.jasper.servlet.TldScanner.scanJars At least one JAR was scanned for TLDs yet contained no TLDs. Enable debug logging for this logger for a complete list of JARs that were scanned but no TLDs were found in them. Skipping unneeded JARs during scanning can improve startup time and JSP compilation time.
17-Jul-2019 17:42:30.731 INFO [localhost-startStop-1] sun.reflect.DelegatingMethodAccessorImpl.invoke Deployment of web application directory [C:\Users\paulo.bezerra\Documents\apache-tomee-webprofile-7.1.0\webapps\manager] has finished in [120] ms
17-Jul-2019 17:42:30.731 INFO [localhost-startStop-1] sun.reflect.DelegatingMethodAccessorImpl.invoke Deploying web application directory [C:\Users\paulo.bezerra\Documents\apache-tomee-webprofile-7.1.0\webapps\ROOT]
17-Jul-2019 17:42:30.733 INFO [localhost-startStop-1] org.apache.tomee.catalina.TomcatWebAppBuilder.init ------------------------- localhost -> /
17-Jul-2019 17:42:30.784 INFO [localhost-startStop-1] org.apache.openejb.config.ConfigurationFactory.configureApplication Configuring enterprise application: C:\Users\paulo.bezerra\Documents\apache-tomee-webprofile-7.1.0\webapps\ROOT
17-Jul-2019 17:42:30.791 INFO [localhost-startStop-1] org.apache.openejb.config.AppInfoBuilder.build Enterprise application "C:\Users\paulo.bezerra\Documents\apache-tomee-webprofile-7.1.0\webapps\ROOT" loaded.
17-Jul-2019 17:42:30.792 INFO [localhost-startStop-1] org.apache.openejb.assembler.classic.Assembler.createApplication Assembling app: C:\Users\paulo.bezerra\Documents\apache-tomee-webprofile-7.1.0\webapps\ROOT
17-Jul-2019 17:42:30.801 INFO [localhost-startStop-1] org.apache.openejb.assembler.classic.Assembler.createApplication Deployed Application(path=C:\Users\paulo.bezerra\Documents\apache-tomee-webprofile-7.1.0\webapps\ROOT)
17-Jul-2019 17:42:30.833 INFO [localhost-startStop-1] org.apache.jasper.servlet.TldScanner.scanJars At least one JAR was scanned for TLDs yet contained no TLDs. Enable debug logging for this logger for a complete list of JARs that were scanned but no TLDs were found in them. Skipping unneeded JARs during scanning can improve startup time and JSP compilation time.
17-Jul-2019 17:42:30.859 INFO [localhost-startStop-1] sun.reflect.DelegatingMethodAccessorImpl.invoke Deployment of web application directory [C:\Users\paulo.bezerra\Documents\apache-tomee-webprofile-7.1.0\webapps\ROOT] has finished in [128] ms
17-Jul-2019 17:42:30.864 INFO [main] sun.reflect.DelegatingMethodAccessorImpl.invoke Starting ProtocolHandler ["http-nio-8080"]
17-Jul-2019 17:42:30.873 INFO [main] sun.reflect.DelegatingMethodAccessorImpl.invoke Starting ProtocolHandler ["ajp-nio-8009"]
17-Jul-2019 17:42:30.876 INFO [main] sun.reflect.DelegatingMethodAccessorImpl.invoke Server startup in 2158 ms
17-Jul-2019 17:42:31.186 INFO [http-nio-8080-exec-8] sun.reflect.DelegatingMethodAccessorImpl.invoke Deploying configuration descriptor [C:\Users\paulo.bezerra\Documents\apache-tomee-webprofile-7.1.0\conf\Catalina\localhost\Opportunity.xml]
17-Jul-2019 17:42:31.188 INFO [http-nio-8080-exec-8] org.apache.tomee.catalina.TomcatWebAppBuilder.init ------------------------- localhost -> /Opportunity
17-Jul-2019 17:42:36.606 INFO [http-nio-8080-exec-8] org.apache.openejb.config.ConfigurationFactory.configureApplication Configuring enterprise application: C:\Users\paulo.bezerra\Documents\NetBeansProjects\Opportunity\target\Opportunity-1.0
17-Jul-2019 17:42:37.288 INFO [http-nio-8080-exec-8] org.apache.openejb.config.InitEjbDeployments.deploy Auto-deploying ejb EmailSessionNewTask: EjbDeployment(deployment-id=EmailSessionNewTask)
17-Jul-2019 17:42:37.288 INFO [http-nio-8080-exec-8] org.apache.openejb.config.InitEjbDeployments.deploy Auto-deploying ejb EmailSessionBean: EjbDeployment(deployment-id=EmailSessionBean)
17-Jul-2019 17:42:37.289 INFO [http-nio-8080-exec-8] org.apache.openejb.config.InitEjbDeployments.deploy Auto-deploying ejb EmailSessionPasswordReset: EjbDeployment(deployment-id=EmailSessionPasswordReset)
17-Jul-2019 17:42:37.291 INFO [http-nio-8080-exec-8] org.apache.openejb.config.ConfigurationFactory.configureService Configuring Service(id=Default Stateless Container, type=Container, provider-id=Default Stateless Container)
17-Jul-2019 17:42:37.291 INFO [http-nio-8080-exec-8] org.apache.openejb.config.AutoConfig.createContainer Auto-creating a container for bean EmailSessionNewTask: Container(type=STATELESS, id=Default Stateless Container)
17-Jul-2019 17:42:37.291 INFO [http-nio-8080-exec-8] org.apache.openejb.assembler.classic.Assembler.createRecipe Creating Container(id=Default Stateless Container)
17-Jul-2019 17:42:37.319 INFO [http-nio-8080-exec-8] org.apache.openejb.config.AutoConfig.deploy Configuring PersistenceUnit(name=com.mcibrasil_Opportunity_war_1.0PU)
17-Jul-2019 17:42:37.323 INFO [http-nio-8080-exec-8] org.apache.openejb.config.ConfigurationFactory.configureService Configuring Service(id=Default JDBC Database, type=Resource, provider-id=Default JDBC Database)
17-Jul-2019 17:42:37.324 INFO [http-nio-8080-exec-8] org.apache.openejb.config.AutoConfig.logAutoCreateResource Auto-creating a Resource with id 'Default JDBC Database' of type 'DataSource for 'com.mcibrasil_Opportunity_war_1.0PU'.
17-Jul-2019 17:42:37.324 INFO [http-nio-8080-exec-8] org.apache.openejb.assembler.classic.Assembler.createRecipe Creating Resource(id=Default JDBC Database)
17-Jul-2019 17:42:37.897 INFO [http-nio-8080-exec-8] org.hsqldb.persist.Logger.logInfoEvent checkpointClose start
17-Jul-2019 17:42:37.951 INFO [http-nio-8080-exec-8] org.hsqldb.persist.Logger.logInfoEvent checkpointClose end
17-Jul-2019 17:42:37.969 INFO [http-nio-8080-exec-8] org.apache.openejb.config.ConfigurationFactory.configureService Configuring Service(id=Default Unmanaged JDBC Database, type=Resource, provider-id=Default Unmanaged JDBC Database)
17-Jul-2019 17:42:37.969 INFO [http-nio-8080-exec-8] org.apache.openejb.config.AutoConfig.logAutoCreateResource Auto-creating a Resource with id 'Default Unmanaged JDBC Database' of type 'DataSource for 'com.mcibrasil_Opportunity_war_1.0PU'.
17-Jul-2019 17:42:37.969 INFO [http-nio-8080-exec-8] org.apache.openejb.assembler.classic.Assembler.createRecipe Creating Resource(id=Default Unmanaged JDBC Database)
17-Jul-2019 17:42:37.981 INFO [http-nio-8080-exec-8] org.apache.openejb.config.AutoConfig.setJtaDataSource Adjusting PersistenceUnit com.mcibrasil_Opportunity_war_1.0PU <jta-data-source> to Resource ID 'Default JDBC Database' from 'app/mysql'
17-Jul-2019 17:42:37.981 INFO [http-nio-8080-exec-8] org.apache.openejb.config.AutoConfig.setNonJtaDataSource Adjusting PersistenceUnit com.mcibrasil_Opportunity_war_1.0PU <non-jta-data-source> to Resource ID 'Default Unmanaged JDBC Database' from 'null'
17-Jul-2019 17:42:37.994 INFO [http-nio-8080-exec-8] org.apache.openejb.config.AppInfoBuilder.build Enterprise application "C:\Users\paulo.bezerra\Documents\NetBeansProjects\Opportunity\target\Opportunity-1.0" loaded.
17-Jul-2019 17:42:37.995 INFO [http-nio-8080-exec-8] org.apache.openejb.assembler.classic.Assembler.createApplication Assembling app: C:\Users\paulo.bezerra\Documents\NetBeansProjects\Opportunity\target\Opportunity-1.0
17-Jul-2019 17:42:38.459 INFO [http-nio-8080-exec-8] null.openjpa.Runtime OpenJPA dynamically loaded a validation provider.
17-Jul-2019 17:42:38.478 INFO [http-nio-8080-exec-8] org.apache.openejb.assembler.classic.ReloadableEntityManagerFactory.createDelegate PersistenceUnit(name=com.mcibrasil_Opportunity_war_1.0PU, provider=org.apache.openjpa.persistence.PersistenceProviderImpl) - provider time 471ms
17-Jul-2019 17:42:38.527 INFO [http-nio-8080-exec-8] org.apache.openejb.assembler.classic.JndiBuilder.bind Jndi(name=EmailSessionNewTaskLocalBean) --> Ejb(deployment-id=EmailSessionNewTask)
17-Jul-2019 17:42:38.528 INFO [http-nio-8080-exec-8] org.apache.openejb.assembler.classic.JndiBuilder.bind Jndi(name=global/Opportunity/EmailSessionNewTask!com.mcibrasil.opportunity.controller.EmailAlert.EmailSessionNewTask) --> Ejb(deployment-id=EmailSessionNewTask)
17-Jul-2019 17:42:38.528 INFO [http-nio-8080-exec-8] org.apache.openejb.assembler.classic.JndiBuilder.bind Jndi(name=global/Opportunity/EmailSessionNewTask) --> Ejb(deployment-id=EmailSessionNewTask)
17-Jul-2019 17:42:38.530 INFO [http-nio-8080-exec-8] org.apache.openejb.assembler.classic.JndiBuilder.bind Jndi(name=EmailSessionBeanLocalBean) --> Ejb(deployment-id=EmailSessionBean)
17-Jul-2019 17:42:38.530 INFO [http-nio-8080-exec-8] org.apache.openejb.assembler.classic.JndiBuilder.bind Jndi(name=global/Opportunity/EmailSessionBean!com.mcibrasil.opportunity.controller.EmailAlert.EmailSessionBean) --> Ejb(deployment-id=EmailSessionBean)
17-Jul-2019 17:42:38.531 INFO [http-nio-8080-exec-8] org.apache.openejb.assembler.classic.JndiBuilder.bind Jndi(name=global/Opportunity/EmailSessionBean) --> Ejb(deployment-id=EmailSessionBean)
17-Jul-2019 17:42:38.531 INFO [http-nio-8080-exec-8] org.apache.openejb.assembler.classic.JndiBuilder.bind Jndi(name=EmailSessionPasswordResetLocalBean) --> Ejb(deployment-id=EmailSessionPasswordReset)
17-Jul-2019 17:42:38.531 INFO [http-nio-8080-exec-8] org.apache.openejb.assembler.classic.JndiBuilder.bind Jndi(name=global/Opportunity/EmailSessionPasswordReset!com.mcibrasil.opportunity.controller.EmailAlert.EmailSessionPasswordReset) --> Ejb(deployment-id=EmailSessionPasswordReset)
17-Jul-2019 17:42:38.531 INFO [http-nio-8080-exec-8] org.apache.openejb.assembler.classic.JndiBuilder.bind Jndi(name=global/Opportunity/EmailSessionPasswordReset) --> Ejb(deployment-id=EmailSessionPasswordReset)
17-Jul-2019 17:42:38.540 INFO [http-nio-8080-exec-8] org.apache.openejb.cdi.CdiBuilder.initSingleton Existing thread singleton service in SystemInstance(): org.apache.openejb.cdi.ThreadSingletonServiceImpl@4c15e7fd
17-Jul-2019 17:42:38.636 INFO [http-nio-8080-exec-8] org.apache.openejb.cdi.OpenEJBLifecycle.startApplication OpenWebBeans Container is starting...
17-Jul-2019 17:42:38.643 INFO [http-nio-8080-exec-8] org.apache.webbeans.plugins.PluginLoader.startUp Adding OpenWebBeansPlugin : [CdiPlugin]
17-Jul-2019 17:42:38.646 INFO [http-nio-8080-exec-8] org.apache.openejb.cdi.CdiScanner.handleBda Using annotated mode for file:/C:/Users/paulo.bezerra/Documents/NetBeansProjects/Opportunity/target/Opportunity-1.0/WEB-INF/classes/ looking all classes to find CDI beans, maybe think to add a beans.xml if not there or add the jar to exclusions.list
17-Jul-2019 17:42:38.884 INFO [http-nio-8080-exec-8] org.apache.webbeans.config.BeansDeployer.validateInjectionPoints All injection points were validated successfully.
17-Jul-2019 17:42:38.888 INFO [http-nio-8080-exec-8] org.apache.openejb.cdi.OpenEJBLifecycle.startApplication OpenWebBeans Container has started, it took 252 ms.
17-Jul-2019 17:42:38.891 INFO [http-nio-8080-exec-8] org.apache.openejb.assembler.classic.Assembler.startEjbs Created Ejb(deployment-id=EmailSessionPasswordReset, ejb-name=EmailSessionPasswordReset, container=Default Stateless Container)
17-Jul-2019 17:42:38.892 INFO [http-nio-8080-exec-8] org.apache.openejb.assembler.classic.Assembler.startEjbs Created Ejb(deployment-id=EmailSessionBean, ejb-name=EmailSessionBean, container=Default Stateless Container)
17-Jul-2019 17:42:38.892 INFO [http-nio-8080-exec-8] org.apache.openejb.assembler.classic.Assembler.startEjbs Created Ejb(deployment-id=EmailSessionNewTask, ejb-name=EmailSessionNewTask, container=Default Stateless Container)
17-Jul-2019 17:42:38.904 INFO [http-nio-8080-exec-8] org.apache.openejb.assembler.classic.Assembler.startEjbs Started Ejb(deployment-id=EmailSessionPasswordReset, ejb-name=EmailSessionPasswordReset, container=Default Stateless Container)
17-Jul-2019 17:42:38.906 INFO [http-nio-8080-exec-8] org.apache.openejb.assembler.classic.Assembler.startEjbs Started Ejb(deployment-id=EmailSessionBean, ejb-name=EmailSessionBean, container=Default Stateless Container)
17-Jul-2019 17:42:38.910 INFO [http-nio-8080-exec-8] org.apache.openejb.assembler.classic.Assembler.startEjbs Started Ejb(deployment-id=EmailSessionNewTask, ejb-name=EmailSessionNewTask, container=Default Stateless Container)
17-Jul-2019 17:42:38.910 INFO [http-nio-8080-exec-8] org.apache.tomee.catalina.TomcatWebAppBuilder.deployWebApps using context file C:\Users\paulo.bezerra\Documents\NetBeansProjects\Opportunity\target\Opportunity-1.0\META-INF\context.xml
17-Jul-2019 17:42:38.911 INFO [http-nio-8080-exec-8] org.apache.openejb.assembler.classic.Assembler.createApplication Deployed Application(path=C:\Users\paulo.bezerra\Documents\NetBeansProjects\Opportunity\target\Opportunity-1.0)
17-Jul-2019 17:42:40.315 INFO [http-nio-8080-exec-8] org.apache.jasper.servlet.TldScanner.scanJars At least one JAR was scanned for TLDs yet contained no TLDs. Enable debug logging for this logger for a complete list of JARs that were scanned but no TLDs were found in them. Skipping unneeded JARs during scanning can improve startup time and JSP compilation time.
17-Jul-2019 17:42:40.374 INFO [http-nio-8080-exec-8] sun.reflect.DelegatingMethodAccessorImpl.invoke Deployment of configuration descriptor [C:\Users\paulo.bezerra\Documents\apache-tomee-webprofile-7.1.0\conf\Catalina\localhost\Opportunity.xml] has finished in [9,188] ms
17-Jul-2019 17:42:40.379 INFO [http-nio-8080-exec-9] sun.reflect.DelegatingMethodAccessorImpl.invoke The start() method was called on component [StandardEngine[Catalina].StandardHost[localhost].StandardContext[/Opportunity]] after start() had already been called. The second call will be ignored.
17-Jul-2019 17:46:21.943 INFO [http-nio-8080-exec-9] org.apache.openejb.assembler.classic.Assembler.destroyApplication Undeploying app: C:\Users\paulo.bezerra\Documents\NetBeansProjects\Opportunity\target\Opportunity-1.0
17-Jul-2019 17:46:22.168 WARNING [http-nio-8080-exec-9] org.apache.catalina.loader.WebappClassLoaderBase.clearReferencesJdbc The web application [Opportunity] registered the JDBC driver [com.mysql.cj.jdbc.Driver] but failed to unregister it when the web application was stopped. To prevent a memory leak, the JDBC Driver has been forcibly unregistered.
17-Jul-2019 17:46:22.168 WARNING [http-nio-8080-exec-9] org.apache.catalina.loader.WebappClassLoaderBase.clearReferencesJdbc The web application [Opportunity] registered the JDBC driver [com.microsoft.sqlserver.jdbc.SQLServerDriver] but failed to unregister it when the web application was stopped. To prevent a memory leak, the JDBC Driver has been forcibly unregistered.
17-Jul-2019 17:46:22.169 WARNING [http-nio-8080-exec-9] org.apache.catalina.loader.WebappClassLoaderBase.clearReferencesThreads The web application [Opportunity] appears to have started a thread named [Timer-0] but has failed to stop it. This is very likely to create a memory leak. Stack trace of thread:
 java.lang.Object.wait(Native Method)
 java.util.TimerThread.mainLoop(Timer.java:552)
 java.util.TimerThread.run(Timer.java:505)
17-Jul-2019 17:46:22.170 WARNING [http-nio-8080-exec-9] org.apache.catalina.loader.WebappClassLoaderBase.clearReferencesThreads The web application [Opportunity] appears to have started a thread named [Abandoned connection cleanup thread] but has failed to stop it. This is very likely to create a memory leak. Stack trace of thread:
 java.lang.Object.wait(Native Method)
 java.lang.ref.ReferenceQueue.remove(ReferenceQueue.java:143)
 com.mysql.cj.jdbc.AbandonedConnectionCleanupThread.run(AbandonedConnectionCleanupThread.java:70)
 java.util.concurrent.ThreadPoolExecutor.runWorker(ThreadPoolExecutor.java:1149)
 java.util.concurrent.ThreadPoolExecutor$Worker.run(ThreadPoolExecutor.java:624)
 java.lang.Thread.run(Thread.java:748)
17-Jul-2019 17:46:22.170 WARNING [http-nio-8080-exec-9] org.apache.catalina.loader.WebappClassLoaderBase.clearReferencesThreads The web application [Opportunity] appears to have started a thread named [Timer-2] but has failed to stop it. This is very likely to create a memory leak. Stack trace of thread:
 java.lang.Object.wait(Native Method)
 java.util.TimerThread.mainLoop(Timer.java:552)
 java.util.TimerThread.run(Timer.java:505)
17-Jul-2019 17:46:22.683 INFO [http-nio-8080-exec-9] sun.reflect.DelegatingMethodAccessorImpl.invoke Undeploying context [/Opportunity]
17-Jul-2019 17:46:22.770 INFO [http-nio-8080-exec-5] sun.reflect.DelegatingMethodAccessorImpl.invoke Deploying configuration descriptor [C:\Users\paulo.bezerra\Documents\apache-tomee-webprofile-7.1.0\conf\Catalina\localhost\Opportunity.xml]
17-Jul-2019 17:46:22.771 INFO [http-nio-8080-exec-5] org.apache.tomee.catalina.TomcatWebAppBuilder.init ------------------------- localhost -> /Opportunity
17-Jul-2019 17:46:23.462 INFO [http-nio-8080-exec-5] org.apache.openejb.config.ConfigurationFactory.configureApplication Configuring enterprise application: C:\Users\paulo.bezerra\Documents\NetBeansProjects\Opportunity\target\Opportunity-1.0
17-Jul-2019 17:46:23.574 INFO [http-nio-8080-exec-5] org.apache.openejb.config.InitEjbDeployments.deploy Auto-deploying ejb EmailSessionPasswordReset: EjbDeployment(deployment-id=EmailSessionPasswordReset)
17-Jul-2019 17:46:23.574 INFO [http-nio-8080-exec-5] org.apache.openejb.config.InitEjbDeployments.deploy Auto-deploying ejb EmailSessionNewTask: EjbDeployment(deployment-id=EmailSessionNewTask)
17-Jul-2019 17:46:23.574 INFO [http-nio-8080-exec-5] org.apache.openejb.config.InitEjbDeployments.deploy Auto-deploying ejb EmailSessionBean: EjbDeployment(deployment-id=EmailSessionBean)
17-Jul-2019 17:46:23.574 INFO [http-nio-8080-exec-5] org.apache.openejb.config.AutoConfig.deploy Configuring PersistenceUnit(name=com.mcibrasil_Opportunity_war_1.0PU)
17-Jul-2019 17:46:23.578 INFO [http-nio-8080-exec-5] org.apache.openejb.config.AutoConfig.setJtaDataSource Adjusting PersistenceUnit com.mcibrasil_Opportunity_war_1.0PU <jta-data-source> to Resource ID 'Default JDBC Database' from 'app/mysql'
17-Jul-2019 17:46:23.578 INFO [http-nio-8080-exec-5] org.apache.openejb.config.AutoConfig.setNonJtaDataSource Adjusting PersistenceUnit com.mcibrasil_Opportunity_war_1.0PU <non-jta-data-source> to Resource ID 'Default Unmanaged JDBC Database' from 'null'
17-Jul-2019 17:46:23.579 INFO [http-nio-8080-exec-5] org.apache.openejb.config.AppInfoBuilder.build Enterprise application "C:\Users\paulo.bezerra\Documents\NetBeansProjects\Opportunity\target\Opportunity-1.0" loaded.
17-Jul-2019 17:46:23.579 INFO [http-nio-8080-exec-5] org.apache.openejb.assembler.classic.Assembler.createApplication Assembling app: C:\Users\paulo.bezerra\Documents\NetBeansProjects\Opportunity\target\Opportunity-1.0
17-Jul-2019 17:46:23.649 INFO [http-nio-8080-exec-5] null.openjpa.Runtime OpenJPA dynamically loaded a validation provider.
17-Jul-2019 17:46:23.650 INFO [http-nio-8080-exec-5] org.apache.openejb.assembler.classic.ReloadableEntityManagerFactory.createDelegate PersistenceUnit(name=com.mcibrasil_Opportunity_war_1.0PU, provider=org.apache.openjpa.persistence.PersistenceProviderImpl) - provider time 67ms
17-Jul-2019 17:46:23.672 INFO [http-nio-8080-exec-5] org.apache.openejb.assembler.classic.JndiBuilder.bind Jndi(name=EmailSessionPasswordResetLocalBean) --> Ejb(deployment-id=EmailSessionPasswordReset)
17-Jul-2019 17:46:23.672 INFO [http-nio-8080-exec-5] org.apache.openejb.assembler.classic.JndiBuilder.bind Jndi(name=global/Opportunity/EmailSessionPasswordReset!com.mcibrasil.opportunity.controller.EmailAlert.EmailSessionPasswordReset) --> Ejb(deployment-id=EmailSessionPasswordReset)
17-Jul-2019 17:46:23.672 INFO [http-nio-8080-exec-5] org.apache.openejb.assembler.classic.JndiBuilder.bind Jndi(name=global/Opportunity/EmailSessionPasswordReset) --> Ejb(deployment-id=EmailSessionPasswordReset)
17-Jul-2019 17:46:23.672 INFO [http-nio-8080-exec-5] org.apache.openejb.assembler.classic.JndiBuilder.bind Jndi(name=EmailSessionNewTaskLocalBean) --> Ejb(deployment-id=EmailSessionNewTask)
17-Jul-2019 17:46:23.672 INFO [http-nio-8080-exec-5] org.apache.openejb.assembler.classic.JndiBuilder.bind Jndi(name=global/Opportunity/EmailSessionNewTask!com.mcibrasil.opportunity.controller.EmailAlert.EmailSessionNewTask) --> Ejb(deployment-id=EmailSessionNewTask)
17-Jul-2019 17:46:23.673 INFO [http-nio-8080-exec-5] org.apache.openejb.assembler.classic.JndiBuilder.bind Jndi(name=global/Opportunity/EmailSessionNewTask) --> Ejb(deployment-id=EmailSessionNewTask)
17-Jul-2019 17:46:23.673 INFO [http-nio-8080-exec-5] org.apache.openejb.assembler.classic.JndiBuilder.bind Jndi(name=EmailSessionBeanLocalBean) --> Ejb(deployment-id=EmailSessionBean)
17-Jul-2019 17:46:23.673 INFO [http-nio-8080-exec-5] org.apache.openejb.assembler.classic.JndiBuilder.bind Jndi(name=global/Opportunity/EmailSessionBean!com.mcibrasil.opportunity.controller.EmailAlert.EmailSessionBean) --> Ejb(deployment-id=EmailSessionBean)
17-Jul-2019 17:46:23.673 INFO [http-nio-8080-exec-5] org.apache.openejb.assembler.classic.JndiBuilder.bind Jndi(name=global/Opportunity/EmailSessionBean) --> Ejb(deployment-id=EmailSessionBean)
17-Jul-2019 17:46:23.679 INFO [http-nio-8080-exec-5] org.apache.openejb.cdi.CdiBuilder.initSingleton Existing thread singleton service in SystemInstance(): org.apache.openejb.cdi.ThreadSingletonServiceImpl@4c15e7fd
17-Jul-2019 17:46:23.686 INFO [http-nio-8080-exec-5] org.apache.openejb.cdi.OpenEJBLifecycle.startApplication OpenWebBeans Container is starting...
17-Jul-2019 17:46:23.687 INFO [http-nio-8080-exec-5] org.apache.openejb.cdi.CdiScanner.handleBda Using annotated mode for file:/C:/Users/paulo.bezerra/Documents/NetBeansProjects/Opportunity/target/Opportunity-1.0/WEB-INF/classes/ looking all classes to find CDI beans, maybe think to add a beans.xml if not there or add the jar to exclusions.list
17-Jul-2019 17:46:23.731 INFO [http-nio-8080-exec-5] org.apache.openejb.cdi.OpenEJBLifecycle.startApplication OpenWebBeans Container has started, it took 45 ms.
17-Jul-2019 17:46:23.732 INFO [http-nio-8080-exec-5] org.apache.openejb.assembler.classic.Assembler.startEjbs Created Ejb(deployment-id=EmailSessionPasswordReset, ejb-name=EmailSessionPasswordReset, container=Default Stateless Container)
17-Jul-2019 17:46:23.733 INFO [http-nio-8080-exec-5] org.apache.openejb.assembler.classic.Assembler.startEjbs Created Ejb(deployment-id=EmailSessionBean, ejb-name=EmailSessionBean, container=Default Stateless Container)
17-Jul-2019 17:46:23.733 INFO [http-nio-8080-exec-5] org.apache.openejb.assembler.classic.Assembler.startEjbs Created Ejb(deployment-id=EmailSessionNewTask, ejb-name=EmailSessionNewTask, container=Default Stateless Container)
17-Jul-2019 17:46:23.735 INFO [http-nio-8080-exec-5] org.apache.openejb.assembler.classic.Assembler.startEjbs Started Ejb(deployment-id=EmailSessionPasswordReset, ejb-name=EmailSessionPasswordReset, container=Default Stateless Container)
17-Jul-2019 17:46:23.737 INFO [http-nio-8080-exec-5] org.apache.openejb.assembler.classic.Assembler.startEjbs Started Ejb(deployment-id=EmailSessionBean, ejb-name=EmailSessionBean, container=Default Stateless Container)
17-Jul-2019 17:46:23.739 INFO [http-nio-8080-exec-5] org.apache.openejb.assembler.classic.Assembler.startEjbs Started Ejb(deployment-id=EmailSessionNewTask, ejb-name=EmailSessionNewTask, container=Default Stateless Container)
17-Jul-2019 17:46:23.739 INFO [http-nio-8080-exec-5] org.apache.tomee.catalina.TomcatWebAppBuilder.deployWebApps using context file C:\Users\paulo.bezerra\Documents\NetBeansProjects\Opportunity\target\Opportunity-1.0\META-INF\context.xml
17-Jul-2019 17:46:23.740 INFO [http-nio-8080-exec-5] org.apache.openejb.assembler.classic.Assembler.createApplication Deployed Application(path=C:\Users\paulo.bezerra\Documents\NetBeansProjects\Opportunity\target\Opportunity-1.0)
17-Jul-2019 17:46:24.911 INFO [http-nio-8080-exec-5] org.apache.jasper.servlet.TldScanner.scanJars At least one JAR was scanned for TLDs yet contained no TLDs. Enable debug logging for this logger for a complete list of JARs that were scanned but no TLDs were found in them. Skipping unneeded JARs during scanning can improve startup time and JSP compilation time.
17-Jul-2019 17:46:24.955 INFO [http-nio-8080-exec-5] sun.reflect.DelegatingMethodAccessorImpl.invoke Deployment of configuration descriptor [C:\Users\paulo.bezerra\Documents\apache-tomee-webprofile-7.1.0\conf\Catalina\localhost\Opportunity.xml] has finished in [2,185] ms
17-Jul-2019 17:46:24.958 INFO [http-nio-8080-exec-7] sun.reflect.DelegatingMethodAccessorImpl.invoke The start() method was called on component [StandardEngine[Catalina].StandardHost[localhost].StandardContext[/Opportunity]] after start() had already been called. The second call will be ignored.
17-Jul-2019 17:46:25.978 INFO [Abandoned connection cleanup thread] org.apache.catalina.loader.WebappClassLoaderBase.checkStateForResourceLoading Illegal access: this web application instance has been stopped already. Could not load []. The following stack trace is thrown for debugging purposes as well as to attempt to terminate the thread which caused the illegal access.
 java.lang.IllegalStateException: Illegal access: this web application instance has been stopped already. Could not load []. The following stack trace is thrown for debugging purposes as well as to attempt to terminate the thread which caused the illegal access.
	at org.apache.catalina.loader.WebappClassLoaderBase.checkStateForResourceLoading(WebappClassLoaderBase.java:1329)
	at org.apache.catalina.loader.WebappClassLoaderBase.getResource(WebappClassLoaderBase.java:1004)
	at com.mysql.cj.jdbc.AbandonedConnectionCleanupThread.checkContextClassLoaders(AbandonedConnectionCleanupThread.java:96)
	at com.mysql.cj.jdbc.AbandonedConnectionCleanupThread.run(AbandonedConnectionCleanupThread.java:69)
	at java.util.concurrent.ThreadPoolExecutor.runWorker(ThreadPoolExecutor.java:1149)
	at java.util.concurrent.ThreadPoolExecutor$Worker.run(ThreadPoolExecutor.java:624)
	at java.lang.Thread.run(Thread.java:748)

17-Jul-2019 17:47:24.361 INFO [http-nio-8080-exec-11] org.apache.openejb.assembler.classic.Assembler.destroyApplication Undeploying app: C:\Users\paulo.bezerra\Documents\NetBeansProjects\Opportunity\target\Opportunity-1.0
17-Jul-2019 17:47:24.587 WARNING [http-nio-8080-exec-11] org.apache.catalina.loader.WebappClassLoaderBase.clearReferencesJdbc The web application [Opportunity] registered the JDBC driver [com.mysql.cj.jdbc.Driver] but failed to unregister it when the web application was stopped. To prevent a memory leak, the JDBC Driver has been forcibly unregistered.
17-Jul-2019 17:47:24.588 WARNING [http-nio-8080-exec-11] org.apache.catalina.loader.WebappClassLoaderBase.clearReferencesThreads The web application [Opportunity] appears to have started a thread named [Timer-3] but has failed to stop it. This is very likely to create a memory leak. Stack trace of thread:
 java.lang.Object.wait(Native Method)
 java.util.TimerThread.mainLoop(Timer.java:552)
 java.util.TimerThread.run(Timer.java:505)
17-Jul-2019 17:47:24.588 WARNING [http-nio-8080-exec-11] org.apache.catalina.loader.WebappClassLoaderBase.clearReferencesThreads The web application [Opportunity] appears to have started a thread named [Timer-4] but has failed to stop it. This is very likely to create a memory leak. Stack trace of thread:
 java.lang.Object.wait(Native Method)
 java.util.TimerThread.mainLoop(Timer.java:552)
 java.util.TimerThread.run(Timer.java:505)
17-Jul-2019 17:47:24.589 WARNING [http-nio-8080-exec-11] org.apache.catalina.loader.WebappClassLoaderBase.clearReferencesThreads The web application [Opportunity] appears to have started a thread named [Abandoned connection cleanup thread] but has failed to stop it. This is very likely to create a memory leak. Stack trace of thread:
 java.lang.Object.wait(Native Method)
 java.lang.ref.ReferenceQueue.remove(ReferenceQueue.java:143)
 com.mysql.cj.jdbc.AbandonedConnectionCleanupThread.run(AbandonedConnectionCleanupThread.java:70)
 java.util.concurrent.ThreadPoolExecutor.runWorker(ThreadPoolExecutor.java:1149)
 java.util.concurrent.ThreadPoolExecutor$Worker.run(ThreadPoolExecutor.java:624)
 java.lang.Thread.run(Thread.java:748)
17-Jul-2019 17:47:24.945 INFO [Timer-4] org.apache.catalina.loader.WebappClassLoaderBase.checkStateForResourceLoading Illegal access: this web application instance has been stopped already. Could not load [com.mcibrasil.opportunity.controller.testes.SAPDAOGetSAPCode]. The following stack trace is thrown for debugging purposes as well as to attempt to terminate the thread which caused the illegal access.
 java.lang.IllegalStateException: Illegal access: this web application instance has been stopped already. Could not load [com.mcibrasil.opportunity.controller.testes.SAPDAOGetSAPCode]. The following stack trace is thrown for debugging purposes as well as to attempt to terminate the thread which caused the illegal access.
	at org.apache.catalina.loader.WebappClassLoaderBase.checkStateForResourceLoading(WebappClassLoaderBase.java:1329)
	at org.apache.catalina.loader.WebappClassLoaderBase.checkStateForClassLoading(WebappClassLoaderBase.java:1317)
	at org.apache.catalina.loader.WebappClassLoaderBase.loadClass(WebappClassLoaderBase.java:1176)
	at org.apache.tomee.catalina.TomEEWebappClassLoader.loadClass(TomEEWebappClassLoader.java:208)
	at org.apache.catalina.loader.WebappClassLoaderBase.loadClass(WebappClassLoaderBase.java:1137)
	at com.mcibrasil.opportunity.dao.SAP.SAPDAOUpdateSAPCode.SAPUpdateCode(SAPDAOUpdateSAPCode.java:40)
	at com.mcibrasil.opportunity.controller.Scheduler.SAPCodeRoutine$RemindTask.run(SAPCodeRoutine.java:63)
	at java.util.TimerThread.mainLoop(Timer.java:555)
	at java.util.TimerThread.run(Timer.java:505)

17-Jul-2019 17:47:25.095 INFO [http-nio-8080-exec-11] sun.reflect.DelegatingMethodAccessorImpl.invoke Undeploying context [/Opportunity]
17-Jul-2019 17:47:25.167 INFO [http-nio-8080-exec-18] sun.reflect.DelegatingMethodAccessorImpl.invoke Deploying configuration descriptor [C:\Users\paulo.bezerra\Documents\apache-tomee-webprofile-7.1.0\conf\Catalina\localhost\Opportunity.xml]
17-Jul-2019 17:47:25.169 INFO [http-nio-8080-exec-18] org.apache.tomee.catalina.TomcatWebAppBuilder.init ------------------------- localhost -> /Opportunity
17-Jul-2019 17:47:25.433 INFO [http-nio-8080-exec-18] org.apache.openejb.config.ConfigurationFactory.configureApplication Configuring enterprise application: C:\Users\paulo.bezerra\Documents\NetBeansProjects\Opportunity\target\Opportunity-1.0
17-Jul-2019 17:47:25.529 INFO [http-nio-8080-exec-18] org.apache.openejb.config.InitEjbDeployments.deploy Auto-deploying ejb EmailSessionPasswordReset: EjbDeployment(deployment-id=EmailSessionPasswordReset)
17-Jul-2019 17:47:25.529 INFO [http-nio-8080-exec-18] org.apache.openejb.config.InitEjbDeployments.deploy Auto-deploying ejb EmailSessionBean: EjbDeployment(deployment-id=EmailSessionBean)
17-Jul-2019 17:47:25.529 INFO [http-nio-8080-exec-18] org.apache.openejb.config.InitEjbDeployments.deploy Auto-deploying ejb EmailSessionNewTask: EjbDeployment(deployment-id=EmailSessionNewTask)
17-Jul-2019 17:47:25.529 INFO [http-nio-8080-exec-18] org.apache.openejb.config.AutoConfig.deploy Configuring PersistenceUnit(name=com.mcibrasil_Opportunity_war_1.0PU)
17-Jul-2019 17:47:25.530 INFO [http-nio-8080-exec-18] org.apache.openejb.config.AutoConfig.setJtaDataSource Adjusting PersistenceUnit com.mcibrasil_Opportunity_war_1.0PU <jta-data-source> to Resource ID 'Default JDBC Database' from 'app/mysql'
17-Jul-2019 17:47:25.530 INFO [http-nio-8080-exec-18] org.apache.openejb.config.AutoConfig.setNonJtaDataSource Adjusting PersistenceUnit com.mcibrasil_Opportunity_war_1.0PU <non-jta-data-source> to Resource ID 'Default Unmanaged JDBC Database' from 'null'
17-Jul-2019 17:47:25.532 INFO [http-nio-8080-exec-18] org.apache.openejb.config.AppInfoBuilder.build Enterprise application "C:\Users\paulo.bezerra\Documents\NetBeansProjects\Opportunity\target\Opportunity-1.0" loaded.
17-Jul-2019 17:47:25.533 INFO [http-nio-8080-exec-18] org.apache.openejb.assembler.classic.Assembler.createApplication Assembling app: C:\Users\paulo.bezerra\Documents\NetBeansProjects\Opportunity\target\Opportunity-1.0
17-Jul-2019 17:47:25.594 INFO [http-nio-8080-exec-18] null.openjpa.Runtime OpenJPA dynamically loaded a validation provider.
17-Jul-2019 17:47:25.595 INFO [http-nio-8080-exec-18] org.apache.openejb.assembler.classic.ReloadableEntityManagerFactory.createDelegate PersistenceUnit(name=com.mcibrasil_Opportunity_war_1.0PU, provider=org.apache.openjpa.persistence.PersistenceProviderImpl) - provider time 60ms
17-Jul-2019 17:47:25.614 INFO [http-nio-8080-exec-18] org.apache.openejb.assembler.classic.JndiBuilder.bind Jndi(name=EmailSessionPasswordResetLocalBean) --> Ejb(deployment-id=EmailSessionPasswordReset)
17-Jul-2019 17:47:25.614 INFO [http-nio-8080-exec-18] org.apache.openejb.assembler.classic.JndiBuilder.bind Jndi(name=global/Opportunity/EmailSessionPasswordReset!com.mcibrasil.opportunity.controller.EmailAlert.EmailSessionPasswordReset) --> Ejb(deployment-id=EmailSessionPasswordReset)
17-Jul-2019 17:47:25.615 INFO [http-nio-8080-exec-18] org.apache.openejb.assembler.classic.JndiBuilder.bind Jndi(name=global/Opportunity/EmailSessionPasswordReset) --> Ejb(deployment-id=EmailSessionPasswordReset)
17-Jul-2019 17:47:25.615 INFO [http-nio-8080-exec-18] org.apache.openejb.assembler.classic.JndiBuilder.bind Jndi(name=EmailSessionBeanLocalBean) --> Ejb(deployment-id=EmailSessionBean)
17-Jul-2019 17:47:25.615 INFO [http-nio-8080-exec-18] org.apache.openejb.assembler.classic.JndiBuilder.bind Jndi(name=global/Opportunity/EmailSessionBean!com.mcibrasil.opportunity.controller.EmailAlert.EmailSessionBean) --> Ejb(deployment-id=EmailSessionBean)
17-Jul-2019 17:47:25.615 INFO [http-nio-8080-exec-18] org.apache.openejb.assembler.classic.JndiBuilder.bind Jndi(name=global/Opportunity/EmailSessionBean) --> Ejb(deployment-id=EmailSessionBean)
17-Jul-2019 17:47:25.615 INFO [http-nio-8080-exec-18] org.apache.openejb.assembler.classic.JndiBuilder.bind Jndi(name=EmailSessionNewTaskLocalBean) --> Ejb(deployment-id=EmailSessionNewTask)
17-Jul-2019 17:47:25.615 INFO [http-nio-8080-exec-18] org.apache.openejb.assembler.classic.JndiBuilder.bind Jndi(name=global/Opportunity/EmailSessionNewTask!com.mcibrasil.opportunity.controller.EmailAlert.EmailSessionNewTask) --> Ejb(deployment-id=EmailSessionNewTask)
17-Jul-2019 17:47:25.615 INFO [http-nio-8080-exec-18] org.apache.openejb.assembler.classic.JndiBuilder.bind Jndi(name=global/Opportunity/EmailSessionNewTask) --> Ejb(deployment-id=EmailSessionNewTask)
17-Jul-2019 17:47:25.621 INFO [http-nio-8080-exec-18] org.apache.openejb.cdi.CdiBuilder.initSingleton Existing thread singleton service in SystemInstance(): org.apache.openejb.cdi.ThreadSingletonServiceImpl@4c15e7fd
17-Jul-2019 17:47:25.625 INFO [http-nio-8080-exec-18] org.apache.openejb.cdi.OpenEJBLifecycle.startApplication OpenWebBeans Container is starting...
17-Jul-2019 17:47:25.627 INFO [http-nio-8080-exec-18] org.apache.openejb.cdi.CdiScanner.handleBda Using annotated mode for file:/C:/Users/paulo.bezerra/Documents/NetBeansProjects/Opportunity/target/Opportunity-1.0/WEB-INF/classes/ looking all classes to find CDI beans, maybe think to add a beans.xml if not there or add the jar to exclusions.list
17-Jul-2019 17:47:25.667 INFO [http-nio-8080-exec-18] org.apache.openejb.cdi.OpenEJBLifecycle.startApplication OpenWebBeans Container has started, it took 41 ms.
17-Jul-2019 17:47:25.668 INFO [http-nio-8080-exec-18] org.apache.openejb.assembler.classic.Assembler.startEjbs Created Ejb(deployment-id=EmailSessionPasswordReset, ejb-name=EmailSessionPasswordReset, container=Default Stateless Container)
17-Jul-2019 17:47:25.668 INFO [http-nio-8080-exec-18] org.apache.openejb.assembler.classic.Assembler.startEjbs Created Ejb(deployment-id=EmailSessionBean, ejb-name=EmailSessionBean, container=Default Stateless Container)
17-Jul-2019 17:47:25.668 INFO [http-nio-8080-exec-18] org.apache.openejb.assembler.classic.Assembler.startEjbs Created Ejb(deployment-id=EmailSessionNewTask, ejb-name=EmailSessionNewTask, container=Default Stateless Container)
17-Jul-2019 17:47:25.670 INFO [http-nio-8080-exec-18] org.apache.openejb.assembler.classic.Assembler.startEjbs Started Ejb(deployment-id=EmailSessionPasswordReset, ejb-name=EmailSessionPasswordReset, container=Default Stateless Container)
17-Jul-2019 17:47:25.672 INFO [http-nio-8080-exec-18] org.apache.openejb.assembler.classic.Assembler.startEjbs Started Ejb(deployment-id=EmailSessionBean, ejb-name=EmailSessionBean, container=Default Stateless Container)
17-Jul-2019 17:47:25.673 INFO [http-nio-8080-exec-18] org.apache.openejb.assembler.classic.Assembler.startEjbs Started Ejb(deployment-id=EmailSessionNewTask, ejb-name=EmailSessionNewTask, container=Default Stateless Container)
17-Jul-2019 17:47:25.674 INFO [http-nio-8080-exec-18] org.apache.tomee.catalina.TomcatWebAppBuilder.deployWebApps using context file C:\Users\paulo.bezerra\Documents\NetBeansProjects\Opportunity\target\Opportunity-1.0\META-INF\context.xml
17-Jul-2019 17:47:25.674 INFO [http-nio-8080-exec-18] org.apache.openejb.assembler.classic.Assembler.createApplication Deployed Application(path=C:\Users\paulo.bezerra\Documents\NetBeansProjects\Opportunity\target\Opportunity-1.0)
17-Jul-2019 17:47:26.610 INFO [http-nio-8080-exec-18] org.apache.jasper.servlet.TldScanner.scanJars At least one JAR was scanned for TLDs yet contained no TLDs. Enable debug logging for this logger for a complete list of JARs that were scanned but no TLDs were found in them. Skipping unneeded JARs during scanning can improve startup time and JSP compilation time.
17-Jul-2019 17:47:26.655 INFO [http-nio-8080-exec-18] sun.reflect.DelegatingMethodAccessorImpl.invoke Deployment of configuration descriptor [C:\Users\paulo.bezerra\Documents\apache-tomee-webprofile-7.1.0\conf\Catalina\localhost\Opportunity.xml] has finished in [1,487] ms
17-Jul-2019 17:47:26.662 INFO [http-nio-8080-exec-20] sun.reflect.DelegatingMethodAccessorImpl.invoke The start() method was called on component [StandardEngine[Catalina].StandardHost[localhost].StandardContext[/Opportunity]] after start() had already been called. The second call will be ignored.
17-Jul-2019 17:47:29.590 INFO [148] org.apache.catalina.loader.WebappClassLoaderBase.checkStateForResourceLoading Illegal access: this web application instance has been stopped already. Could not load []. The following stack trace is thrown for debugging purposes as well as to attempt to terminate the thread which caused the illegal access.
 java.lang.IllegalStateException: Illegal access: this web application instance has been stopped already. Could not load []. The following stack trace is thrown for debugging purposes as well as to attempt to terminate the thread which caused the illegal access.
	at org.apache.catalina.loader.WebappClassLoaderBase.checkStateForResourceLoading(WebappClassLoaderBase.java:1329)
	at org.apache.catalina.loader.WebappClassLoaderBase.getResource(WebappClassLoaderBase.java:1004)
	at com.mysql.cj.jdbc.AbandonedConnectionCleanupThread.checkContextClassLoaders(AbandonedConnectionCleanupThread.java:96)
	at com.mysql.cj.jdbc.AbandonedConnectionCleanupThread.run(AbandonedConnectionCleanupThread.java:69)
	at java.util.concurrent.ThreadPoolExecutor.runWorker(ThreadPoolExecutor.java:1149)
	at java.util.concurrent.ThreadPoolExecutor$Worker.run(ThreadPoolExecutor.java:624)
	at java.lang.Thread.run(Thread.java:748)

17-Jul-2019 17:48:18.186 INFO [http-nio-8080-exec-23] org.apache.openejb.assembler.classic.Assembler.destroyApplication Undeploying app: C:\Users\paulo.bezerra\Documents\NetBeansProjects\Opportunity\target\Opportunity-1.0
17-Jul-2019 17:48:18.331 WARNING [http-nio-8080-exec-23] org.apache.catalina.loader.WebappClassLoaderBase.clearReferencesJdbc The web application [Opportunity] registered the JDBC driver [com.mysql.cj.jdbc.Driver] but failed to unregister it when the web application was stopped. To prevent a memory leak, the JDBC Driver has been forcibly unregistered.
17-Jul-2019 17:48:18.332 WARNING [http-nio-8080-exec-23] org.apache.catalina.loader.WebappClassLoaderBase.clearReferencesThreads The web application [Opportunity] appears to have started a thread named [Timer-6] but has failed to stop it. This is very likely to create a memory leak. Stack trace of thread:
 java.lang.Object.wait(Native Method)
 java.util.TimerThread.mainLoop(Timer.java:552)
 java.util.TimerThread.run(Timer.java:505)
17-Jul-2019 17:48:18.332 WARNING [http-nio-8080-exec-23] org.apache.catalina.loader.WebappClassLoaderBase.clearReferencesThreads The web application [Opportunity] appears to have started a thread named [Timer-7] but has failed to stop it. This is very likely to create a memory leak. Stack trace of thread:
 java.lang.Object.wait(Native Method)
 java.util.TimerThread.mainLoop(Timer.java:552)
 java.util.TimerThread.run(Timer.java:505)
17-Jul-2019 17:48:18.333 WARNING [http-nio-8080-exec-23] org.apache.catalina.loader.WebappClassLoaderBase.clearReferencesThreads The web application [Opportunity] appears to have started a thread named [Abandoned connection cleanup thread] but has failed to stop it. This is very likely to create a memory leak. Stack trace of thread:
 org.apache.catalina.loader.WebappClassLoaderBase.trackLastModified(WebappClassLoaderBase.java:923)
 org.apache.catalina.loader.WebappClassLoaderBase.findResource(WebappClassLoaderBase.java:905)
 org.apache.catalina.loader.WebappClassLoaderBase.getResource(WebappClassLoaderBase.java:1023)
 com.mysql.cj.jdbc.AbandonedConnectionCleanupThread.checkContextClassLoaders(AbandonedConnectionCleanupThread.java:96)
 com.mysql.cj.jdbc.AbandonedConnectionCleanupThread.run(AbandonedConnectionCleanupThread.java:69)
 java.util.concurrent.ThreadPoolExecutor.runWorker(ThreadPoolExecutor.java:1149)
 java.util.concurrent.ThreadPoolExecutor$Worker.run(ThreadPoolExecutor.java:624)
 java.lang.Thread.run(Thread.java:748)
17-Jul-2019 17:48:18.838 INFO [http-nio-8080-exec-23] sun.reflect.DelegatingMethodAccessorImpl.invoke Undeploying context [/Opportunity]
17-Jul-2019 17:48:23.333 INFO [Abandoned connection cleanup thread] org.apache.catalina.loader.WebappClassLoaderBase.checkStateForResourceLoading Illegal access: this web application instance has been stopped already. Could not load []. The following stack trace is thrown for debugging purposes as well as to attempt to terminate the thread which caused the illegal access.
 java.lang.IllegalStateException: Illegal access: this web application instance has been stopped already. Could not load []. The following stack trace is thrown for debugging purposes as well as to attempt to terminate the thread which caused the illegal access.
	at org.apache.catalina.loader.WebappClassLoaderBase.checkStateForResourceLoading(WebappClassLoaderBase.java:1329)
	at org.apache.catalina.loader.WebappClassLoaderBase.getResource(WebappClassLoaderBase.java:1004)
	at com.mysql.cj.jdbc.AbandonedConnectionCleanupThread.checkContextClassLoaders(AbandonedConnectionCleanupThread.java:96)
	at com.mysql.cj.jdbc.AbandonedConnectionCleanupThread.run(AbandonedConnectionCleanupThread.java:69)
	at java.util.concurrent.ThreadPoolExecutor.runWorker(ThreadPoolExecutor.java:1149)
	at java.util.concurrent.ThreadPoolExecutor$Worker.run(ThreadPoolExecutor.java:624)
	at java.lang.Thread.run(Thread.java:748)

17-Jul-2019 17:48:26.644 INFO [Timer-7] org.apache.catalina.loader.WebappClassLoaderBase.checkStateForResourceLoading Illegal access: this web application instance has been stopped already. Could not load [com.mcibrasil.opportunity.controller.testes.SAPDAOGetSAPCode]. The following stack trace is thrown for debugging purposes as well as to attempt to terminate the thread which caused the illegal access.
 java.lang.IllegalStateException: Illegal access: this web application instance has been stopped already. Could not load [com.mcibrasil.opportunity.controller.testes.SAPDAOGetSAPCode]. The following stack trace is thrown for debugging purposes as well as to attempt to terminate the thread which caused the illegal access.
	at org.apache.catalina.loader.WebappClassLoaderBase.checkStateForResourceLoading(WebappClassLoaderBase.java:1329)
	at org.apache.catalina.loader.WebappClassLoaderBase.checkStateForClassLoading(WebappClassLoaderBase.java:1317)
	at org.apache.catalina.loader.WebappClassLoaderBase.loadClass(WebappClassLoaderBase.java:1176)
	at org.apache.tomee.catalina.TomEEWebappClassLoader.loadClass(TomEEWebappClassLoader.java:208)
	at org.apache.catalina.loader.WebappClassLoaderBase.loadClass(WebappClassLoaderBase.java:1137)
	at com.mcibrasil.opportunity.dao.SAP.SAPDAOUpdateSAPCode.SAPUpdateCode(SAPDAOUpdateSAPCode.java:40)
	at com.mcibrasil.opportunity.controller.Scheduler.SAPCodeRoutine$RemindTask.run(SAPCodeRoutine.java:63)
	at java.util.TimerThread.mainLoop(Timer.java:555)
	at java.util.TimerThread.run(Timer.java:505)

