01-Sep-2019 00:41:30.168 INFO [http-nio-8080-exec-100] sun.reflect.DelegatingMethodAccessorImpl.invoke Deploying configuration descriptor [C:\Users\paulo.bezerra\Documents\apache-tomee-webprofile-7.1.0\conf\Catalina\localhost\Opportunity.xml]
01-Sep-2019 00:41:30.382 INFO [http-nio-8080-exec-100] org.apache.tomee.catalina.TomcatWebAppBuilder.init ------------------------- localhost -> /Opportunity
01-Sep-2019 00:41:41.339 INFO [http-nio-8080-exec-100] org.apache.openejb.config.ConfigurationFactory.configureApplication Configuring enterprise application: C:\Users\paulo.bezerra\Documents\NetBeansProjects\Opportunity\target\Opportunity-1.0
01-Sep-2019 00:41:42.593 INFO [http-nio-8080-exec-100] org.apache.openejb.config.InitEjbDeployments.deploy Auto-deploying ejb EmailSessionPasswordReset: EjbDeployment(deployment-id=EmailSessionPasswordReset)
01-Sep-2019 00:41:42.594 INFO [http-nio-8080-exec-100] org.apache.openejb.config.InitEjbDeployments.deploy Auto-deploying ejb EmailSessionBean: EjbDeployment(deployment-id=EmailSessionBean)
01-Sep-2019 00:41:42.594 INFO [http-nio-8080-exec-100] org.apache.openejb.config.InitEjbDeployments.deploy Auto-deploying ejb EmailSessionNewTask: EjbDeployment(deployment-id=EmailSessionNewTask)
01-Sep-2019 00:41:42.615 INFO [http-nio-8080-exec-100] org.apache.openejb.config.AutoConfig.deploy Configuring PersistenceUnit(name=com.mcibrasil_Opportunity_war_1.0PU)
01-Sep-2019 00:41:42.620 INFO [http-nio-8080-exec-100] org.apache.openejb.config.AutoConfig.setJtaDataSource Adjusting PersistenceUnit com.mcibrasil_Opportunity_war_1.0PU <jta-data-source> to Resource ID 'Default JDBC Database' from 'app/mysql'
01-Sep-2019 00:41:42.620 INFO [http-nio-8080-exec-100] org.apache.openejb.config.AutoConfig.setNonJtaDataSource Adjusting PersistenceUnit com.mcibrasil_Opportunity_war_1.0PU <non-jta-data-source> to Resource ID 'Default Unmanaged JDBC Database' from 'null'
01-Sep-2019 00:41:42.645 INFO [http-nio-8080-exec-100] org.apache.openejb.config.AppInfoBuilder.build Enterprise application "C:\Users\paulo.bezerra\Documents\NetBeansProjects\Opportunity\target\Opportunity-1.0" loaded.
01-Sep-2019 00:41:42.647 INFO [http-nio-8080-exec-100] org.apache.openejb.assembler.classic.Assembler.createApplication Assembling app: C:\Users\paulo.bezerra\Documents\NetBeansProjects\Opportunity\target\Opportunity-1.0
01-Sep-2019 00:41:42.941 INFO [http-nio-8080-exec-100] null.openjpa.Runtime OpenJPA dynamically loaded a validation provider.
01-Sep-2019 00:41:42.949 INFO [http-nio-8080-exec-100] org.apache.openejb.assembler.classic.ReloadableEntityManagerFactory.createDelegate PersistenceUnit(name=com.mcibrasil_Opportunity_war_1.0PU, provider=org.apache.openjpa.persistence.PersistenceProviderImpl) - provider time 248ms
01-Sep-2019 00:41:43.113 INFO [http-nio-8080-exec-100] org.apache.openejb.assembler.classic.JndiBuilder.bind Jndi(name=EmailSessionPasswordResetLocalBean) --> Ejb(deployment-id=EmailSessionPasswordReset)
01-Sep-2019 00:41:43.115 INFO [http-nio-8080-exec-100] org.apache.openejb.assembler.classic.JndiBuilder.bind Jndi(name=global/Opportunity/EmailSessionPasswordReset!com.mcibrasil.opportunity.controller.EmailAlert.EmailSessionPasswordReset) --> Ejb(deployment-id=EmailSessionPasswordReset)
01-Sep-2019 00:41:43.116 INFO [http-nio-8080-exec-100] org.apache.openejb.assembler.classic.JndiBuilder.bind Jndi(name=global/Opportunity/EmailSessionPasswordReset) --> Ejb(deployment-id=EmailSessionPasswordReset)
01-Sep-2019 00:41:43.117 INFO [http-nio-8080-exec-100] org.apache.openejb.assembler.classic.JndiBuilder.bind Jndi(name=EmailSessionBeanLocalBean) --> Ejb(deployment-id=EmailSessionBean)
01-Sep-2019 00:41:43.117 INFO [http-nio-8080-exec-100] org.apache.openejb.assembler.classic.JndiBuilder.bind Jndi(name=global/Opportunity/EmailSessionBean!com.mcibrasil.opportunity.controller.EmailAlert.EmailSessionBean) --> Ejb(deployment-id=EmailSessionBean)
01-Sep-2019 00:41:43.117 INFO [http-nio-8080-exec-100] org.apache.openejb.assembler.classic.JndiBuilder.bind Jndi(name=global/Opportunity/EmailSessionBean) --> Ejb(deployment-id=EmailSessionBean)
01-Sep-2019 00:41:43.117 INFO [http-nio-8080-exec-100] org.apache.openejb.assembler.classic.JndiBuilder.bind Jndi(name=EmailSessionNewTaskLocalBean) --> Ejb(deployment-id=EmailSessionNewTask)
01-Sep-2019 00:41:43.117 INFO [http-nio-8080-exec-100] org.apache.openejb.assembler.classic.JndiBuilder.bind Jndi(name=global/Opportunity/EmailSessionNewTask!com.mcibrasil.opportunity.controller.EmailAlert.EmailSessionNewTask) --> Ejb(deployment-id=EmailSessionNewTask)
01-Sep-2019 00:41:43.118 INFO [http-nio-8080-exec-100] org.apache.openejb.assembler.classic.JndiBuilder.bind Jndi(name=global/Opportunity/EmailSessionNewTask) --> Ejb(deployment-id=EmailSessionNewTask)
01-Sep-2019 00:41:43.155 INFO [http-nio-8080-exec-100] org.apache.openejb.cdi.CdiBuilder.initSingleton Existing thread singleton service in SystemInstance(): org.apache.openejb.cdi.ThreadSingletonServiceImpl@4c15e7fd
01-Sep-2019 00:41:43.209 INFO [http-nio-8080-exec-100] org.apache.openejb.cdi.OpenEJBLifecycle.startApplication OpenWebBeans Container is starting...
01-Sep-2019 00:41:43.221 INFO [http-nio-8080-exec-100] org.apache.webbeans.plugins.PluginLoader.startUp Adding OpenWebBeansPlugin : [CdiPlugin]
01-Sep-2019 00:41:43.230 INFO [http-nio-8080-exec-100] org.apache.openejb.cdi.CdiScanner.handleBda Using annotated mode for file:/C:/Users/paulo.bezerra/Documents/NetBeansProjects/Opportunity/target/Opportunity-1.0/WEB-INF/classes/ looking all classes to find CDI beans, maybe think to add a beans.xml if not there or add the jar to exclusions.list
01-Sep-2019 00:41:43.642 INFO [http-nio-8080-exec-100] org.apache.webbeans.config.BeansDeployer.validateInjectionPoints All injection points were validated successfully.
01-Sep-2019 00:41:43.652 INFO [http-nio-8080-exec-100] org.apache.openejb.cdi.OpenEJBLifecycle.startApplication OpenWebBeans Container has started, it took 440 ms.
01-Sep-2019 00:41:43.674 INFO [http-nio-8080-exec-100] org.apache.openejb.assembler.classic.Assembler.startEjbs Created Ejb(deployment-id=EmailSessionPasswordReset, ejb-name=EmailSessionPasswordReset, container=Default Stateless Container)
01-Sep-2019 00:41:43.674 INFO [http-nio-8080-exec-100] org.apache.openejb.assembler.classic.Assembler.startEjbs Created Ejb(deployment-id=EmailSessionBean, ejb-name=EmailSessionBean, container=Default Stateless Container)
01-Sep-2019 00:41:43.675 INFO [http-nio-8080-exec-100] org.apache.openejb.assembler.classic.Assembler.startEjbs Created Ejb(deployment-id=EmailSessionNewTask, ejb-name=EmailSessionNewTask, container=Default Stateless Container)
01-Sep-2019 00:41:43.728 INFO [http-nio-8080-exec-100] org.apache.openejb.assembler.classic.Assembler.startEjbs Started Ejb(deployment-id=EmailSessionPasswordReset, ejb-name=EmailSessionPasswordReset, container=Default Stateless Container)
01-Sep-2019 00:41:43.744 INFO [http-nio-8080-exec-100] org.apache.openejb.assembler.classic.Assembler.startEjbs Started Ejb(deployment-id=EmailSessionBean, ejb-name=EmailSessionBean, container=Default Stateless Container)
01-Sep-2019 00:41:43.753 INFO [http-nio-8080-exec-100] org.apache.openejb.assembler.classic.Assembler.startEjbs Started Ejb(deployment-id=EmailSessionNewTask, ejb-name=EmailSessionNewTask, container=Default Stateless Container)
01-Sep-2019 00:41:43.754 INFO [http-nio-8080-exec-100] org.apache.tomee.catalina.TomcatWebAppBuilder.deployWebApps using context file C:\Users\paulo.bezerra\Documents\NetBeansProjects\Opportunity\target\Opportunity-1.0\META-INF\context.xml
01-Sep-2019 00:41:43.764 INFO [http-nio-8080-exec-100] org.apache.openejb.assembler.classic.Assembler.createApplication Deployed Application(path=C:\Users\paulo.bezerra\Documents\NetBeansProjects\Opportunity\target\Opportunity-1.0)
01-Sep-2019 00:41:44.789 INFO [http-nio-8080-exec-100] org.apache.jasper.servlet.TldScanner.scanJars At least one JAR was scanned for TLDs yet contained no TLDs. Enable debug logging for this logger for a complete list of JARs that were scanned but no TLDs were found in them. Skipping unneeded JARs during scanning can improve startup time and JSP compilation time.
01-Sep-2019 00:41:45.071 INFO [http-nio-8080-exec-100] org.apache.openejb.server.cxf.rs.CxfRsHttpListener.deployApplication Using readers:
01-Sep-2019 00:41:45.073 INFO [http-nio-8080-exec-100] org.apache.openejb.server.cxf.rs.CxfRsHttpListener.deployApplication      org.apache.cxf.jaxrs.provider.PrimitiveTextProvider@3d065d46
01-Sep-2019 00:41:45.073 INFO [http-nio-8080-exec-100] org.apache.openejb.server.cxf.rs.CxfRsHttpListener.deployApplication      org.apache.cxf.jaxrs.provider.FormEncodingProvider@26cd97d0
01-Sep-2019 00:41:45.073 INFO [http-nio-8080-exec-100] org.apache.openejb.server.cxf.rs.CxfRsHttpListener.deployApplication      org.apache.cxf.jaxrs.provider.MultipartProvider@366765a9
01-Sep-2019 00:41:45.073 INFO [http-nio-8080-exec-100] org.apache.openejb.server.cxf.rs.CxfRsHttpListener.deployApplication      org.apache.cxf.jaxrs.provider.SourceProvider@493907c
01-Sep-2019 00:41:45.074 INFO [http-nio-8080-exec-100] org.apache.openejb.server.cxf.rs.CxfRsHttpListener.deployApplication      org.apache.cxf.jaxrs.provider.JAXBElementTypedProvider@6a4c4f00
01-Sep-2019 00:41:45.074 INFO [http-nio-8080-exec-100] org.apache.openejb.server.cxf.rs.CxfRsHttpListener.deployApplication      org.apache.cxf.jaxrs.provider.JAXBElementProvider@20f5268e
01-Sep-2019 00:41:45.074 INFO [http-nio-8080-exec-100] org.apache.openejb.server.cxf.rs.CxfRsHttpListener.deployApplication      org.apache.openejb.server.cxf.rs.johnzon.TomEEJsonbProvider@57cd75b9
01-Sep-2019 00:41:45.074 INFO [http-nio-8080-exec-100] org.apache.openejb.server.cxf.rs.CxfRsHttpListener.deployApplication      org.apache.openejb.server.cxf.rs.johnzon.TomEEJsonpProvider@4ed76d35
01-Sep-2019 00:41:45.074 INFO [http-nio-8080-exec-100] org.apache.openejb.server.cxf.rs.CxfRsHttpListener.deployApplication      org.apache.cxf.jaxrs.provider.StringTextProvider@34cecd3e
01-Sep-2019 00:41:45.074 INFO [http-nio-8080-exec-100] org.apache.openejb.server.cxf.rs.CxfRsHttpListener.deployApplication      org.apache.cxf.jaxrs.provider.BinaryDataProvider@beb2446
01-Sep-2019 00:41:45.075 INFO [http-nio-8080-exec-100] org.apache.openejb.server.cxf.rs.CxfRsHttpListener.deployApplication      org.apache.cxf.jaxrs.provider.DataSourceProvider@6f304ac5
01-Sep-2019 00:41:45.075 INFO [http-nio-8080-exec-100] org.apache.openejb.server.cxf.rs.CxfRsHttpListener.deployApplication Using writers:
01-Sep-2019 00:41:45.075 INFO [http-nio-8080-exec-100] org.apache.openejb.server.cxf.rs.CxfRsHttpListener.deployApplication      org.apache.johnzon.jaxrs.WadlDocumentMessageBodyWriter@60d3d608
01-Sep-2019 00:41:45.075 INFO [http-nio-8080-exec-100] org.apache.openejb.server.cxf.rs.CxfRsHttpListener.deployApplication      org.apache.olingo.odata2.core.rest.app.ODataApplication$MyProvider@22365011
01-Sep-2019 00:41:45.075 INFO [http-nio-8080-exec-100] org.apache.openejb.server.cxf.rs.CxfRsHttpListener.deployApplication      org.apache.cxf.jaxrs.provider.StringTextProvider@34cecd3e
01-Sep-2019 00:41:45.075 INFO [http-nio-8080-exec-100] org.apache.openejb.server.cxf.rs.CxfRsHttpListener.deployApplication      org.apache.cxf.jaxrs.provider.JAXBElementTypedProvider@6a4c4f00
01-Sep-2019 00:41:45.075 INFO [http-nio-8080-exec-100] org.apache.openejb.server.cxf.rs.CxfRsHttpListener.deployApplication      org.apache.cxf.jaxrs.provider.PrimitiveTextProvider@3d065d46
01-Sep-2019 00:41:45.076 INFO [http-nio-8080-exec-100] org.apache.openejb.server.cxf.rs.CxfRsHttpListener.deployApplication      org.apache.cxf.jaxrs.provider.FormEncodingProvider@26cd97d0
01-Sep-2019 00:41:45.076 INFO [http-nio-8080-exec-100] org.apache.openejb.server.cxf.rs.CxfRsHttpListener.deployApplication      org.apache.cxf.jaxrs.provider.MultipartProvider@366765a9
01-Sep-2019 00:41:45.076 INFO [http-nio-8080-exec-100] org.apache.openejb.server.cxf.rs.CxfRsHttpListener.deployApplication      org.apache.cxf.jaxrs.provider.SourceProvider@493907c
01-Sep-2019 00:41:45.076 INFO [http-nio-8080-exec-100] org.apache.openejb.server.cxf.rs.CxfRsHttpListener.deployApplication      org.apache.cxf.jaxrs.provider.JAXBElementProvider@20f5268e
01-Sep-2019 00:41:45.076 INFO [http-nio-8080-exec-100] org.apache.openejb.server.cxf.rs.CxfRsHttpListener.deployApplication      org.apache.openejb.server.cxf.rs.johnzon.TomEEJsonbProvider@57cd75b9
01-Sep-2019 00:41:45.077 INFO [http-nio-8080-exec-100] org.apache.openejb.server.cxf.rs.CxfRsHttpListener.deployApplication      org.apache.openejb.server.cxf.rs.johnzon.TomEEJsonpProvider@4ed76d35
01-Sep-2019 00:41:45.077 INFO [http-nio-8080-exec-100] org.apache.openejb.server.cxf.rs.CxfRsHttpListener.deployApplication      org.apache.cxf.jaxrs.provider.BinaryDataProvider@beb2446
01-Sep-2019 00:41:45.077 INFO [http-nio-8080-exec-100] org.apache.openejb.server.cxf.rs.CxfRsHttpListener.deployApplication      org.apache.cxf.jaxrs.provider.DataSourceProvider@6f304ac5
01-Sep-2019 00:41:45.077 INFO [http-nio-8080-exec-100] org.apache.openejb.server.cxf.rs.CxfRsHttpListener.deployApplication Using exception mappers:
01-Sep-2019 00:41:45.077 INFO [http-nio-8080-exec-100] org.apache.openejb.server.cxf.rs.CxfRsHttpListener.deployApplication      org.apache.cxf.jaxrs.impl.WebApplicationExceptionMapper@70ad9905
01-Sep-2019 00:41:45.077 INFO [http-nio-8080-exec-100] org.apache.openejb.server.cxf.rs.CxfRsHttpListener.deployApplication      org.apache.olingo.odata2.core.rest.ODataExceptionMapperImpl@2db25514
01-Sep-2019 00:41:45.077 INFO [http-nio-8080-exec-100] org.apache.openejb.server.cxf.rs.CxfRsHttpListener.deployApplication      org.apache.openejb.server.cxf.rs.EJBExceptionMapper@353a20ae
01-Sep-2019 00:41:45.079 INFO [http-nio-8080-exec-100] org.apache.openejb.server.cxf.rs.CxfRsHttpListener.deployApplication      org.apache.cxf.jaxrs.validation.ValidationExceptionMapper@1da683b7
01-Sep-2019 00:41:45.081 INFO [http-nio-8080-exec-100] org.apache.openejb.server.cxf.rs.CxfRsHttpListener.logEndpoints REST Application: http://localhost:8080/Opportunity/                   -> org.apache.olingo.odata2.core.rest.app.ODataApplication@56ead7c5
01-Sep-2019 00:41:45.084 INFO [http-nio-8080-exec-100] org.apache.openejb.server.cxf.rs.CxfRsHttpListener.logEndpoints      Service URI: http://localhost:8080/Opportunity/                   -> Pojo org.apache.olingo.odata2.core.rest.ODataRootLocator
01-Sep-2019 00:41:45.084 INFO [http-nio-8080-exec-100] org.apache.openejb.server.cxf.rs.CxfRsHttpListener.logEndpoints                   http://localhost:8080/Opportunity/{pathSegments: .*} ->      Object handleRequest(List<PathSegment>, String, String) throws ODataException,ClassNotFoundException,InstantiationException,IllegalAccessException
01-Sep-2019 00:41:45.139 INFO [http-nio-8080-exec-100] sun.reflect.DelegatingMethodAccessorImpl.invoke Deployment of configuration descriptor [C:\Users\paulo.bezerra\Documents\apache-tomee-webprofile-7.1.0\conf\Catalina\localhost\Opportunity.xml] has finished in [14,963] ms
01-Sep-2019 00:41:45.152 INFO [http-nio-8080-exec-101] sun.reflect.DelegatingMethodAccessorImpl.invoke The start() method was called on component [StandardEngine[Catalina].StandardHost[localhost].StandardContext[/Opportunity]] after start() had already been called. The second call will be ignored.
01-Sep-2019 01:11:17.028 INFO [main] sun.reflect.DelegatingMethodAccessorImpl.invoke A valid shutdown command was received via the shutdown port. Stopping the Server instance.
01-Sep-2019 01:11:17.044 INFO [main] sun.reflect.DelegatingMethodAccessorImpl.invoke Pausing ProtocolHandler ["http-nio-8080"]
01-Sep-2019 01:11:17.262 INFO [main] sun.reflect.DelegatingMethodAccessorImpl.invoke Pausing ProtocolHandler ["ajp-nio-8009"]
01-Sep-2019 01:11:17.466 INFO [main] sun.reflect.DelegatingMethodAccessorImpl.invoke Stopping service [Catalina]
01-Sep-2019 01:11:17.986 INFO [localhost-startStop-2] org.apache.openejb.assembler.classic.Assembler.destroyApplication Undeploying app: C:\Users\paulo.bezerra\Documents\NetBeansProjects\OpportunityComercial\target\OpportunityComercial-1.0
01-Sep-2019 01:11:26.371 WARNING [localhost-startStop-2] org.apache.catalina.loader.WebappClassLoaderBase.clearReferencesThreads The web application [OpportunityComercial] appears to have started a thread named [Abandoned connection cleanup thread] but has failed to stop it. This is very likely to create a memory leak. Stack trace of thread:
 java.lang.Object.wait(Native Method)
 java.lang.ref.ReferenceQueue.remove(ReferenceQueue.java:143)
 com.mysql.cj.jdbc.AbandonedConnectionCleanupThread.run(AbandonedConnectionCleanupThread.java:70)
 java.util.concurrent.ThreadPoolExecutor.runWorker(ThreadPoolExecutor.java:1149)
 java.util.concurrent.ThreadPoolExecutor$Worker.run(ThreadPoolExecutor.java:624)
 java.lang.Thread.run(Thread.java:748)
01-Sep-2019 01:11:26.381 INFO [localhost-startStop-2] org.apache.openejb.assembler.classic.Assembler.destroyApplication Undeploying app: C:\Users\paulo.bezerra\Documents\NetBeansProjects\Testes\build\web
01-Sep-2019 01:11:26.665 INFO [localhost-startStop-2] org.apache.openejb.assembler.classic.Assembler.destroyApplication Undeploying app: C:\Users\paulo.bezerra\Documents\apache-tomee-webprofile-7.1.0\webapps\docs
01-Sep-2019 01:11:26.891 INFO [localhost-startStop-2] org.apache.openejb.assembler.classic.Assembler.destroyApplication Undeploying app: C:\Users\paulo.bezerra\Documents\apache-tomee-webprofile-7.1.0\webapps\host-manager
01-Sep-2019 01:11:27.015 INFO [localhost-startStop-2] org.apache.openejb.assembler.classic.Assembler.destroyApplication Undeploying app: C:\Users\paulo.bezerra\Documents\apache-tomee-webprofile-7.1.0\webapps\manager
01-Sep-2019 01:11:27.182 INFO [localhost-startStop-2] org.apache.openejb.assembler.classic.Assembler.destroyApplication Undeploying app: C:\Users\paulo.bezerra\Documents\apache-tomee-webprofile-7.1.0\webapps\ROOT
01-Sep-2019 01:11:27.328 INFO [localhost-startStop-2] org.apache.catalina.core.StandardWrapper.unload Waiting for [1] instance(s) to be deallocated for Servlet [jsp]
01-Sep-2019 01:11:28.371 INFO [localhost-startStop-2] org.apache.catalina.core.StandardWrapper.unload Waiting for [1] instance(s) to be deallocated for Servlet [jsp]
01-Sep-2019 01:11:29.378 INFO [localhost-startStop-2] org.apache.catalina.core.StandardWrapper.unload Waiting for [1] instance(s) to be deallocated for Servlet [jsp]
01-Sep-2019 01:11:29.486 INFO [localhost-startStop-2] org.apache.catalina.core.StandardWrapper.unload Waiting for [1] instance(s) to be deallocated for Servlet [ExportarProjetos]
01-Sep-2019 01:11:30.559 INFO [localhost-startStop-2] org.apache.catalina.core.StandardWrapper.unload Waiting for [1] instance(s) to be deallocated for Servlet [ExportarProjetos]
01-Sep-2019 01:11:30.842 INFO [Abandoned connection cleanup thread] org.apache.catalina.loader.WebappClassLoaderBase.checkStateForResourceLoading Illegal access: this web application instance has been stopped already. Could not load []. The following stack trace is thrown for debugging purposes as well as to attempt to terminate the thread which caused the illegal access.
 java.lang.IllegalStateException: Illegal access: this web application instance has been stopped already. Could not load []. The following stack trace is thrown for debugging purposes as well as to attempt to terminate the thread which caused the illegal access.
	at org.apache.catalina.loader.WebappClassLoaderBase.checkStateForResourceLoading(WebappClassLoaderBase.java:1329)
	at org.apache.catalina.loader.WebappClassLoaderBase.getResource(WebappClassLoaderBase.java:1004)
	at com.mysql.cj.jdbc.AbandonedConnectionCleanupThread.checkContextClassLoaders(AbandonedConnectionCleanupThread.java:96)
	at com.mysql.cj.jdbc.AbandonedConnectionCleanupThread.run(AbandonedConnectionCleanupThread.java:69)
	at java.util.concurrent.ThreadPoolExecutor.runWorker(ThreadPoolExecutor.java:1149)
	at java.util.concurrent.ThreadPoolExecutor$Worker.run(ThreadPoolExecutor.java:624)
	at java.lang.Thread.run(Thread.java:748)

01-Sep-2019 01:11:31.591 INFO [localhost-startStop-2] org.apache.catalina.core.StandardWrapper.unload Waiting for [1] instance(s) to be deallocated for Servlet [ExportarProjetos]
01-Sep-2019 01:11:31.720 INFO [localhost-startStop-2] org.apache.openejb.assembler.classic.Assembler.destroyApplication Undeploying app: C:\Users\paulo.bezerra\Documents\NetBeansProjects\Opportunity\target\Opportunity-1.0
01-Sep-2019 01:11:31.992 WARNING [localhost-startStop-2] org.apache.catalina.loader.WebappClassLoaderBase.clearReferencesJdbc The web application [Opportunity] registered the JDBC driver [com.mysql.cj.jdbc.Driver] but failed to unregister it when the web application was stopped. To prevent a memory leak, the JDBC Driver has been forcibly unregistered.
01-Sep-2019 01:11:31.992 WARNING [localhost-startStop-2] org.apache.catalina.loader.WebappClassLoaderBase.clearReferencesJdbc The web application [Opportunity] registered the JDBC driver [com.microsoft.sqlserver.jdbc.SQLServerDriver] but failed to unregister it when the web application was stopped. To prevent a memory leak, the JDBC Driver has been forcibly unregistered.
01-Sep-2019 01:11:31.992 WARNING [localhost-startStop-2] org.apache.catalina.loader.WebappClassLoaderBase.clearReferencesThreads The web application [Opportunity] is still processing a request that has yet to finish. This is very likely to create a memory leak. You can control the time allowed for requests to finish by using the unloadDelay attribute of the standard Context implementation. Stack trace of request processing thread:[
 java.net.DualStackPlainSocketImpl.waitForConnect(Native Method)
 java.net.DualStackPlainSocketImpl.socketConnect(DualStackPlainSocketImpl.java:85)
 java.net.AbstractPlainSocketImpl.doConnect(AbstractPlainSocketImpl.java:350)
 java.net.AbstractPlainSocketImpl.connectToAddress(AbstractPlainSocketImpl.java:206)
 java.net.AbstractPlainSocketImpl.connect(AbstractPlainSocketImpl.java:188)
 java.net.PlainSocketImpl.connect(PlainSocketImpl.java:172)
 java.net.SocksSocketImpl.connect(SocksSocketImpl.java:392)
 java.net.Socket.connect(Socket.java:589)
 com.microsoft.sqlserver.jdbc.SocketFinder.getConnectedSocket(IOBuffer.java:2622)
 com.microsoft.sqlserver.jdbc.SocketFinder.getConnectedSocket(IOBuffer.java:2614)
 com.microsoft.sqlserver.jdbc.SocketFinder.findSocket(IOBuffer.java:2368)
 com.microsoft.sqlserver.jdbc.TDSChannel.open(IOBuffer.java:656)
 com.microsoft.sqlserver.jdbc.SQLServerConnection.connectHelper(SQLServerConnection.java:2440)
 com.microsoft.sqlserver.jdbc.SQLServerConnection.login(SQLServerConnection.java:2103)
 com.microsoft.sqlserver.jdbc.SQLServerConnection.connectInternal(SQLServerConnection.java:1950)
 com.microsoft.sqlserver.jdbc.SQLServerConnection.connect(SQLServerConnection.java:1162)
 com.microsoft.sqlserver.jdbc.SQLServerDriver.connect(SQLServerDriver.java:735)
 java.sql.DriverManager.getConnection(DriverManager.java:664)
 java.sql.DriverManager.getConnection(DriverManager.java:270)
 com.mcibrasil.opportunity.dao.Conexao.ConexaoSAP.getConnection(ConexaoSAP.java:38)
 com.mcibrasil.opportunity.dao.SAP.GetSAPOutflow.Outflow(GetSAPOutflow.java:31)
 org.apache.jsp.Exportar.ExportProjetos_jsp._jspService(ExportProjetos_jsp.java:445)
 org.apache.jasper.runtime.HttpJspBase.service(HttpJspBase.java:70)
 javax.servlet.http.HttpServlet.service(HttpServlet.java:742)
 org.apache.jasper.servlet.JspServletWrapper.service(JspServletWrapper.java:443)
 org.apache.jasper.servlet.JspServlet.serviceJspFile(JspServlet.java:386)
 org.apache.jasper.servlet.JspServlet.service(JspServlet.java:330)
 javax.servlet.http.HttpServlet.service(HttpServlet.java:742)
 org.apache.catalina.core.ApplicationFilterChain.internalDoFilter(ApplicationFilterChain.java:231)
 org.apache.catalina.core.ApplicationFilterChain.doFilter(ApplicationFilterChain.java:166)
 org.apache.tomee.webservices.CXFJAXRSFilter.doFilter(CXFJAXRSFilter.java:83)
 org.apache.catalina.core.ApplicationFilterChain.internalDoFilter(ApplicationFilterChain.java:193)
 org.apache.catalina.core.ApplicationFilterChain.doFilter(ApplicationFilterChain.java:166)
 org.apache.tomcat.websocket.server.WsFilter.doFilter(WsFilter.java:52)
 org.apache.catalina.core.ApplicationFilterChain.internalDoFilter(ApplicationFilterChain.java:193)
 org.apache.catalina.core.ApplicationFilterChain.doFilter(ApplicationFilterChain.java:166)
 org.apache.catalina.core.ApplicationDispatcher.invoke(ApplicationDispatcher.java:728)
 org.apache.catalina.core.ApplicationDispatcher.processRequest(ApplicationDispatcher.java:470)
 org.apache.catalina.core.ApplicationDispatcher.doForward(ApplicationDispatcher.java:395)
 org.apache.catalina.core.ApplicationDispatcher.forward(ApplicationDispatcher.java:316)
 com.mcibrasil.opportunity.controller.Projetos.Exportar.ExportarProjetos.doGet(ExportarProjetos.java:61)
 javax.servlet.http.HttpServlet.service(HttpServlet.java:635)
 javax.servlet.http.HttpServlet.service(HttpServlet.java:742)
 org.apache.catalina.core.ApplicationFilterChain.internalDoFilter(ApplicationFilterChain.java:231)
 org.apache.catalina.core.ApplicationFilterChain.doFilter(ApplicationFilterChain.java:166)
 org.apache.tomee.webservices.CXFJAXRSFilter.doFilter(CXFJAXRSFilter.java:83)
 org.apache.catalina.core.ApplicationFilterChain.internalDoFilter(ApplicationFilterChain.java:193)
 org.apache.catalina.core.ApplicationFilterChain.doFilter(ApplicationFilterChain.java:166)
 org.apache.tomcat.websocket.server.WsFilter.doFilter(WsFilter.java:52)
 org.apache.catalina.core.ApplicationFilterChain.internalDoFilter(ApplicationFilterChain.java:193)
 org.apache.catalina.core.ApplicationFilterChain.doFilter(ApplicationFilterChain.java:166)
 org.apache.openejb.server.httpd.EEFilter.doFilter(EEFilter.java:65)
 org.apache.catalina.core.ApplicationFilterChain.internalDoFilter(ApplicationFilterChain.java:193)
 org.apache.catalina.core.ApplicationFilterChain.doFilter(ApplicationFilterChain.java:166)
 org.apache.catalina.core.StandardWrapperValve.invoke(StandardWrapperValve.java:198)
 org.apache.catalina.core.StandardContextValve.invoke(StandardContextValve.java:96)
 org.apache.tomee.catalina.OpenEJBValve.invoke(OpenEJBValve.java:44)
 org.apache.catalina.authenticator.AuthenticatorBase.invoke(AuthenticatorBase.java:493)
 org.apache.catalina.core.StandardHostValve.invoke(StandardHostValve.java:140)
 org.apache.catalina.valves.ErrorReportValve.invoke(ErrorReportValve.java:81)
 org.apache.tomee.catalina.OpenEJBSecurityListener$RequestCapturer.invoke(OpenEJBSecurityListener.java:97)
 org.apache.catalina.valves.AbstractAccessLogValve.invoke(AbstractAccessLogValve.java:650)
 org.apache.catalina.core.StandardEngineValve.invoke(StandardEngineValve.java:87)
 org.apache.catalina.connector.CoyoteAdapter.service(CoyoteAdapter.java:342)
 org.apache.coyote.http11.Http11Processor.service(Http11Processor.java:800)
 org.apache.coyote.AbstractProcessorLight.process(AbstractProcessorLight.java:66)
 org.apache.coyote.AbstractProtocol$ConnectionHandler.process(AbstractProtocol.java:800)
 org.apache.tomcat.util.net.NioEndpoint$SocketProcessor.doRun(NioEndpoint.java:1471)
 org.apache.tomcat.util.net.SocketProcessorBase.run(SocketProcessorBase.java:49)
 java.util.concurrent.ThreadPoolExecutor.runWorker(ThreadPoolExecutor.java:1149)
 java.util.concurrent.ThreadPoolExecutor$Worker.run(ThreadPoolExecutor.java:624)
 org.apache.tomcat.util.threads.TaskThread$WrappingRunnable.run(TaskThread.java:61)
 java.lang.Thread.run(Thread.java:748)]
01-Sep-2019 01:11:31.999 WARNING [localhost-startStop-2] org.apache.catalina.loader.WebappClassLoaderBase.clearReferencesThreads The web application [Opportunity] appears to have started a thread named [Abandoned connection cleanup thread] but has failed to stop it. This is very likely to create a memory leak. Stack trace of thread:
 java.lang.Object.wait(Native Method)
 java.lang.ref.ReferenceQueue.remove(ReferenceQueue.java:143)
 com.mysql.cj.jdbc.AbandonedConnectionCleanupThread.run(AbandonedConnectionCleanupThread.java:70)
 java.util.concurrent.ThreadPoolExecutor.runWorker(ThreadPoolExecutor.java:1149)
 java.util.concurrent.ThreadPoolExecutor$Worker.run(ThreadPoolExecutor.java:624)
 java.lang.Thread.run(Thread.java:748)
01-Sep-2019 01:11:32.001 WARNING [localhost-startStop-2] org.apache.catalina.loader.WebappClassLoaderBase.clearReferencesThreads The web application [Opportunity] appears to have started a thread named [Timer-120] but has failed to stop it. This is very likely to create a memory leak. Stack trace of thread:
 java.lang.Object.wait(Native Method)
 java.util.TimerThread.mainLoop(Timer.java:552)
 java.util.TimerThread.run(Timer.java:505)
01-Sep-2019 01:11:32.001 WARNING [localhost-startStop-2] org.apache.catalina.loader.WebappClassLoaderBase.clearReferencesThreads The web application [Opportunity] appears to have started a thread named [Timer-121] but has failed to stop it. This is very likely to create a memory leak. Stack trace of thread:
 java.lang.Object.wait(Native Method)
 java.util.TimerThread.mainLoop(Timer.java:552)
 java.util.TimerThread.run(Timer.java:505)
01-Sep-2019 01:11:32.001 WARNING [localhost-startStop-2] org.apache.catalina.loader.WebappClassLoaderBase.clearReferencesThreads The web application [Opportunity] appears to have started a thread named [Timer-122] but has failed to stop it. This is very likely to create a memory leak. Stack trace of thread:
 java.lang.Object.wait(Native Method)
 java.util.TimerThread.mainLoop(Timer.java:552)
 java.util.TimerThread.run(Timer.java:505)
01-Sep-2019 01:11:32.001 INFO [main] sun.reflect.DelegatingMethodAccessorImpl.invoke Stopping ProtocolHandler ["http-nio-8080"]
01-Sep-2019 01:11:34.179 INFO [790] org.apache.catalina.loader.WebappClassLoaderBase.checkStateForResourceLoading Illegal access: this web application instance has been stopped already. Could not load []. The following stack trace is thrown for debugging purposes as well as to attempt to terminate the thread which caused the illegal access.
 java.lang.IllegalStateException: Illegal access: this web application instance has been stopped already. Could not load []. The following stack trace is thrown for debugging purposes as well as to attempt to terminate the thread which caused the illegal access.
	at org.apache.catalina.loader.WebappClassLoaderBase.checkStateForResourceLoading(WebappClassLoaderBase.java:1329)
	at org.apache.catalina.loader.WebappClassLoaderBase.getResource(WebappClassLoaderBase.java:1004)
	at com.mysql.cj.jdbc.AbandonedConnectionCleanupThread.checkContextClassLoaders(AbandonedConnectionCleanupThread.java:96)
	at com.mysql.cj.jdbc.AbandonedConnectionCleanupThread.run(AbandonedConnectionCleanupThread.java:69)
	at java.util.concurrent.ThreadPoolExecutor.runWorker(ThreadPoolExecutor.java:1149)
	at java.util.concurrent.ThreadPoolExecutor$Worker.run(ThreadPoolExecutor.java:624)
	at java.lang.Thread.run(Thread.java:748)

01-Sep-2019 01:11:37.019 WARNING [main] sun.reflect.NativeMethodAccessorImpl.invoke The executor associated with thread pool [http-nio-8080] has not fully shutdown. Some application threads may still be running.
01-Sep-2019 01:11:37.019 INFO [main] sun.reflect.DelegatingMethodAccessorImpl.invoke Stopping ProtocolHandler ["ajp-nio-8009"]
01-Sep-2019 01:11:37.029 INFO [main] org.apache.openejb.server.SimpleServiceManager.stop Stopping server services
01-Sep-2019 01:11:37.101 INFO [main] org.apache.openejb.assembler.classic.Assembler.doResourceDestruction Closing DataSource: Default JDBC Database
01-Sep-2019 01:11:37.139 INFO [main] org.apache.openejb.assembler.classic.Assembler.doResourceDestruction Closing DataSource: Default Unmanaged JDBC Database
01-Sep-2019 01:11:37.149 INFO [main] sun.reflect.DelegatingMethodAccessorImpl.invoke Destroying ProtocolHandler ["http-nio-8080"]
01-Sep-2019 01:11:37.159 INFO [main] sun.reflect.DelegatingMethodAccessorImpl.invoke Destroying ProtocolHandler ["ajp-nio-8009"]
