22-Oct-2019 16:21:25.068 INFO [http-nio-8080-exec-606] org.apache.catalina.core.ApplicationContext.log Manager: list: Listing contexts for virtual host 'localhost'
22-Oct-2019 16:24:35.905 INFO [http-nio-8080-exec-614] org.apache.catalina.core.ApplicationContext.log Manager: list: Listing contexts for virtual host 'localhost'
22-Oct-2019 16:25:52.607 INFO [http-nio-8080-exec-608] org.apache.catalina.core.ApplicationContext.log Manager: list: Listing contexts for virtual host 'localhost'
22-Oct-2019 16:25:56.840 INFO [http-nio-8080-exec-614] org.apache.catalina.core.ApplicationContext.log Manager: list: Listing contexts for virtual host 'localhost'
22-Oct-2019 16:26:01.667 INFO [http-nio-8080-exec-610] org.apache.catalina.core.ApplicationContext.log Manager: list: Listing contexts for virtual host 'localhost'
22-Oct-2019 16:27:36.919 INFO [http-nio-8080-exec-606] org.apache.catalina.core.ApplicationContext.log Manager: list: Listing contexts for virtual host 'localhost'
22-Oct-2019 16:27:38.294 INFO [http-nio-8080-exec-614] org.apache.catalina.core.ApplicationContext.log Manager: list: Listing contexts for virtual host 'localhost'
22-Oct-2019 16:27:38.294 INFO [http-nio-8080-exec-613] org.apache.catalina.core.ApplicationContext.log Manager: list: Listing contexts for virtual host 'localhost'
22-Oct-2019 16:27:38.435 INFO [http-nio-8080-exec-605] org.apache.catalina.core.ApplicationContext.log Manager: install: Installing context configuration at 'file:/C:/Users/PAULO~1.BEZ/AppData/Local/Temp/context9217446087897704841.xml'
22-Oct-2019 16:27:41.278 INFO [http-nio-8080-exec-606] org.apache.catalina.core.ApplicationContext.log Manager: start: Starting web application '/Opportunity'
22-Oct-2019 16:28:44.589 INFO [http-nio-8080-exec-609] org.apache.catalina.core.ApplicationContext.log Manager: list: Listing contexts for virtual host 'localhost'
22-Oct-2019 16:28:44.636 INFO [http-nio-8080-exec-610] org.apache.catalina.core.ApplicationContext.log Manager: stop: Stopping web application '/Opportunity'
22-Oct-2019 16:28:49.551 INFO [http-nio-8080-exec-608] org.apache.catalina.core.ApplicationContext.log Manager: start: Starting web application '/Opportunity'
22-Oct-2019 16:28:54.474 INFO [http-nio-8080-exec-616] org.apache.catalina.core.ApplicationContext.log Manager: list: Listing contexts for virtual host 'localhost'
22-Oct-2019 16:28:54.476 INFO [http-nio-8080-exec-611] org.apache.catalina.core.ApplicationContext.log Manager: list: Listing contexts for virtual host 'localhost'
22-Oct-2019 16:28:54.497 INFO [http-nio-8080-exec-613] org.apache.catalina.core.ApplicationContext.log Manager: undeploy: Undeploying web application at '/Opportunity'
22-Oct-2019 16:28:55.719 INFO [http-nio-8080-exec-609] org.apache.catalina.core.ApplicationContext.log Manager: install: Installing context configuration at 'file:/C:/Users/PAULO~1.BEZ/AppData/Local/Temp/context5973932736564661916.xml'
22-Oct-2019 16:28:56.955 INFO [http-nio-8080-exec-616] org.apache.catalina.core.ApplicationContext.log Manager: start: Starting web application '/Opportunity'
22-Oct-2019 16:30:21.630 INFO [http-nio-8080-exec-618] org.apache.catalina.core.ApplicationContext.log Manager: list: Listing contexts for virtual host 'localhost'
22-Oct-2019 16:30:21.954 INFO [http-nio-8080-exec-619] org.apache.catalina.core.ApplicationContext.log Manager: restart: Reloading web application '/Opportunity'
22-Oct-2019 16:33:56.923 INFO [http-nio-8080-exec-632] org.apache.catalina.core.ApplicationContext.log Manager: list: Listing contexts for virtual host 'localhost'
22-Oct-2019 16:33:57.266 INFO [http-nio-8080-exec-636] org.apache.catalina.core.ApplicationContext.log Manager: restart: Reloading web application '/Opportunity'
22-Oct-2019 16:34:48.783 INFO [http-nio-8080-exec-644] org.apache.catalina.core.ApplicationContext.log Manager: list: Listing contexts for virtual host 'localhost'
22-Oct-2019 16:34:49.158 INFO [http-nio-8080-exec-645] org.apache.catalina.core.ApplicationContext.log Manager: restart: Reloading web application '/Opportunity'
22-Oct-2019 16:51:29.538 INFO [http-nio-8080-exec-648] org.apache.catalina.core.ApplicationContext.log Manager: list: Listing contexts for virtual host 'localhost'
22-Oct-2019 16:51:29.835 INFO [http-nio-8080-exec-653] org.apache.catalina.core.ApplicationContext.log Manager: restart: Reloading web application '/Opportunity'
22-Oct-2019 16:59:13.070 INFO [http-nio-8080-exec-662] org.apache.catalina.core.ApplicationContext.log Manager: list: Listing contexts for virtual host 'localhost'
22-Oct-2019 16:59:13.364 INFO [http-nio-8080-exec-663] org.apache.catalina.core.ApplicationContext.log Manager: restart: Reloading web application '/Opportunity'
22-Oct-2019 17:03:26.448 INFO [http-nio-8080-exec-677] org.apache.catalina.core.ApplicationContext.log Manager: list: Listing contexts for virtual host 'localhost'
22-Oct-2019 17:03:26.745 INFO [http-nio-8080-exec-673] org.apache.catalina.core.ApplicationContext.log Manager: restart: Reloading web application '/Opportunity'
22-Oct-2019 17:04:10.039 INFO [http-nio-8080-exec-674] org.apache.catalina.core.ApplicationContext.log Manager: list: Listing contexts for virtual host 'localhost'
22-Oct-2019 17:04:17.496 INFO [http-nio-8080-exec-671] org.apache.catalina.core.ApplicationContext.log Manager: list: Listing contexts for virtual host 'localhost'
22-Oct-2019 17:04:17.496 INFO [http-nio-8080-exec-674] org.apache.catalina.core.ApplicationContext.log Manager: list: Listing contexts for virtual host 'localhost'
22-Oct-2019 17:04:17.559 INFO [http-nio-8080-exec-678] org.apache.catalina.core.ApplicationContext.log Manager: undeploy: Undeploying web application at '/Opportunity'
22-Oct-2019 17:04:18.559 INFO [http-nio-8080-exec-675] org.apache.catalina.core.ApplicationContext.log Manager: install: Installing context configuration at 'file:/C:/Users/PAULO~1.BEZ/AppData/Local/Temp/context7462872909494464932.xml'
22-Oct-2019 17:04:19.636 INFO [http-nio-8080-exec-680] org.apache.catalina.core.ApplicationContext.log Manager: start: Starting web application '/Opportunity'
22-Oct-2019 17:06:36.467 INFO [http-nio-8080-exec-687] org.apache.catalina.core.ApplicationContext.log Manager: list: Listing contexts for virtual host 'localhost'
22-Oct-2019 17:06:49.560 INFO [http-nio-8080-exec-683] org.apache.catalina.core.ApplicationContext.log Manager: list: Listing contexts for virtual host 'localhost'
22-Oct-2019 17:06:49.562 INFO [http-nio-8080-exec-685] org.apache.catalina.core.ApplicationContext.log Manager: list: Listing contexts for virtual host 'localhost'
22-Oct-2019 17:06:49.604 INFO [http-nio-8080-exec-686] org.apache.catalina.core.ApplicationContext.log Manager: undeploy: Undeploying web application at '/Opportunity'
22-Oct-2019 17:06:50.924 INFO [http-nio-8080-exec-691] org.apache.catalina.core.ApplicationContext.log Manager: install: Installing context configuration at 'file:/C:/Users/PAULO~1.BEZ/AppData/Local/Temp/context1996506671318264824.xml'
22-Oct-2019 17:06:52.488 INFO [http-nio-8080-exec-689] org.apache.catalina.core.ApplicationContext.log Manager: start: Starting web application '/Opportunity'
22-Oct-2019 17:06:52.704 INFO [http-nio-8080-exec-685] org.apache.catalina.core.ApplicationContext.log Manager: restart: Reloading web application '/Opportunity'
22-Oct-2019 17:06:54.774 INFO [http-nio-8080-exec-694] org.apache.catalina.core.ApplicationContext.log Manager: list: Listing contexts for virtual host 'localhost'
22-Oct-2019 17:07:49.612 INFO [http-nio-8080-exec-693] org.apache.catalina.core.ApplicationContext.log Manager: list: Listing contexts for virtual host 'localhost'
22-Oct-2019 17:07:49.897 INFO [http-nio-8080-exec-696] org.apache.catalina.core.ApplicationContext.log Manager: restart: Reloading web application '/Opportunity'
22-Oct-2019 17:08:03.848 INFO [http-nio-8080-exec-700] org.apache.catalina.core.ApplicationContext.log Manager: list: Listing contexts for virtual host 'localhost'
22-Oct-2019 17:08:04.164 INFO [http-nio-8080-exec-693] org.apache.catalina.core.ApplicationContext.log Manager: restart: Reloading web application '/Opportunity'
22-Oct-2019 17:08:05.713 INFO [http-nio-8080-exec-702] org.apache.catalina.core.ApplicationContext.log Manager: list: Listing contexts for virtual host 'localhost'
22-Oct-2019 17:08:06.652 INFO [http-nio-8080-exec-700] org.apache.catalina.core.ApplicationContext.log Manager: restart: Reloading web application '/Opportunity'
22-Oct-2019 17:08:16.424 INFO [http-nio-8080-exec-704] org.apache.catalina.core.ApplicationContext.log Manager: list: Listing contexts for virtual host 'localhost'
22-Oct-2019 17:08:16.696 INFO [http-nio-8080-exec-699] org.apache.catalina.core.ApplicationContext.log Manager: restart: Reloading web application '/Opportunity'
22-Oct-2019 17:08:28.490 INFO [http-nio-8080-exec-694] org.apache.catalina.core.ApplicationContext.log Manager: list: Listing contexts for virtual host 'localhost'
22-Oct-2019 17:08:28.493 INFO [http-nio-8080-exec-707] org.apache.catalina.core.ApplicationContext.log Manager: list: Listing contexts for virtual host 'localhost'
22-Oct-2019 17:08:28.531 INFO [http-nio-8080-exec-703] org.apache.catalina.core.ApplicationContext.log Manager: undeploy: Undeploying web application at '/Opportunity'
22-Oct-2019 17:08:29.478 INFO [http-nio-8080-exec-702] org.apache.catalina.core.ApplicationContext.log Manager: install: Installing context configuration at 'file:/C:/Users/PAULO~1.BEZ/AppData/Local/Temp/context2642291931526491539.xml'
22-Oct-2019 17:08:30.565 INFO [http-nio-8080-exec-709] org.apache.catalina.core.ApplicationContext.log Manager: start: Starting web application '/Opportunity'
22-Oct-2019 17:17:16.862 INFO [http-nio-8080-exec-717] org.apache.catalina.core.ApplicationContext.log Manager: list: Listing contexts for virtual host 'localhost'
22-Oct-2019 17:17:17.194 INFO [http-nio-8080-exec-712] org.apache.catalina.core.ApplicationContext.log Manager: restart: Reloading web application '/Opportunity'
22-Oct-2019 17:18:18.859 INFO [http-nio-8080-exec-716] org.apache.catalina.core.ApplicationContext.log Manager: list: Listing contexts for virtual host 'localhost'
22-Oct-2019 17:18:49.039 INFO [http-nio-8080-exec-716] org.apache.catalina.core.ApplicationContext.log Manager: list: Listing contexts for virtual host 'localhost'
22-Oct-2019 17:18:49.212 INFO [http-nio-8080-exec-714] org.apache.catalina.core.ApplicationContext.log Manager: stop: Stopping web application '/Opportunity'
22-Oct-2019 17:18:49.676 INFO [http-nio-8080-exec-720] org.apache.catalina.core.ApplicationContext.log Manager: start: Starting web application '/Opportunity'
22-Oct-2019 17:18:53.155 INFO [http-nio-8080-exec-719] org.apache.catalina.core.ApplicationContext.log Manager: list: Listing contexts for virtual host 'localhost'
22-Oct-2019 17:18:53.169 INFO [http-nio-8080-exec-713] org.apache.catalina.core.ApplicationContext.log Manager: undeploy: Undeploying web application at '/Opportunity'
22-Oct-2019 17:30:58.345 INFO [http-nio-8080-exec-731] org.apache.catalina.core.ApplicationContext.log Manager: list: Listing contexts for virtual host 'localhost'
22-Oct-2019 17:31:11.328 INFO [http-nio-8080-exec-729] org.apache.catalina.core.ApplicationContext.log Manager: list: Listing contexts for virtual host 'localhost'
22-Oct-2019 17:31:16.980 INFO [http-nio-8080-exec-728] org.apache.catalina.core.ApplicationContext.log Manager: list: Listing contexts for virtual host 'localhost'
22-Oct-2019 17:31:16.983 INFO [http-nio-8080-exec-729] org.apache.catalina.core.ApplicationContext.log Manager: list: Listing contexts for virtual host 'localhost'
22-Oct-2019 17:31:17.085 INFO [http-nio-8080-exec-730] org.apache.catalina.core.ApplicationContext.log Manager: install: Installing context configuration at 'file:/C:/Users/PAULO~1.BEZ/AppData/Local/Temp/context5654063916441243982.xml'
22-Oct-2019 17:31:22.479 INFO [http-nio-8080-exec-731] org.apache.catalina.core.ApplicationContext.log Manager: start: Starting web application '/Opportunity'
