09-Sep-2019 14:45:15.925 INFO [http-nio-8080-exec-988] org.apache.catalina.core.ApplicationContext.log Manager: list: Listing contexts for virtual host 'localhost'
09-Sep-2019 14:47:25.966 INFO [http-nio-8080-exec-983] org.apache.catalina.core.ApplicationContext.log Manager: list: Listing contexts for virtual host 'localhost'
09-Sep-2019 14:47:43.878 INFO [http-nio-8080-exec-990] org.apache.catalina.core.ApplicationContext.log Manager: list: Listing contexts for virtual host 'localhost'
09-Sep-2019 14:47:48.576 INFO [http-nio-8080-exec-988] org.apache.catalina.core.ApplicationContext.log Manager: list: Listing contexts for virtual host 'localhost'
09-Sep-2019 14:48:43.283 INFO [http-nio-8080-exec-984] org.apache.catalina.core.ApplicationContext.log Manager: list: Listing contexts for virtual host 'localhost'
09-Sep-2019 14:49:38.787 INFO [http-nio-8080-exec-991] org.apache.catalina.core.ApplicationContext.log Manager: list: Listing contexts for virtual host 'localhost'
09-Sep-2019 14:50:27.894 INFO [http-nio-8080-exec-986] org.apache.catalina.core.ApplicationContext.log Manager: list: Listing contexts for virtual host 'localhost'
09-Sep-2019 14:50:33.884 INFO [http-nio-8080-exec-983] org.apache.catalina.core.ApplicationContext.log Manager: list: Listing contexts for virtual host 'localhost'
09-Sep-2019 14:50:33.887 INFO [http-nio-8080-exec-985] org.apache.catalina.core.ApplicationContext.log Manager: list: Listing contexts for virtual host 'localhost'
09-Sep-2019 14:50:34.368 INFO [http-nio-8080-exec-986] org.apache.catalina.core.ApplicationContext.log Manager: install: Installing context configuration at 'file:/C:/Users/PAULO~1.BEZ/AppData/Local/Temp/context2556767029044535388.xml'
09-Sep-2019 14:50:44.589 INFO [http-nio-8080-exec-988] org.apache.catalina.core.ApplicationContext.log Manager: start: Starting web application '/Opportunity'
09-Sep-2019 14:51:22.326 INFO [http-nio-8080-exec-984] org.apache.catalina.core.ApplicationContext.log Manager: list: Listing contexts for virtual host 'localhost'
09-Sep-2019 14:51:23.231 INFO [http-nio-8080-exec-990] org.apache.catalina.core.ApplicationContext.log Manager: restart: Reloading web application '/Opportunity'
09-Sep-2019 14:52:27.783 INFO [http-nio-8080-exec-991] org.apache.catalina.core.ApplicationContext.log Manager: list: Listing contexts for virtual host 'localhost'
09-Sep-2019 14:52:28.186 INFO [http-nio-8080-exec-985] org.apache.catalina.core.ApplicationContext.log Manager: restart: Reloading web application '/Opportunity'
09-Sep-2019 14:54:02.248 INFO [http-nio-8080-exec-1004] org.apache.catalina.core.ApplicationContext.log Manager: list: Listing contexts for virtual host 'localhost'
09-Sep-2019 14:54:02.582 INFO [http-nio-8080-exec-1005] org.apache.catalina.core.ApplicationContext.log Manager: restart: Reloading web application '/Opportunity'
09-Sep-2019 14:55:01.742 INFO [http-nio-8080-exec-1010] org.apache.catalina.core.ApplicationContext.log Manager: list: Listing contexts for virtual host 'localhost'
09-Sep-2019 14:55:02.116 INFO [http-nio-8080-exec-1004] org.apache.catalina.core.ApplicationContext.log Manager: restart: Reloading web application '/Opportunity'
09-Sep-2019 14:56:46.243 INFO [http-nio-8080-exec-1017] org.apache.catalina.core.ApplicationContext.log Manager: list: Listing contexts for virtual host 'localhost'
09-Sep-2019 14:56:46.486 INFO [http-nio-8080-exec-1018] org.apache.catalina.core.ApplicationContext.log Manager: restart: Reloading web application '/Opportunity'
09-Sep-2019 14:57:21.213 INFO [http-nio-8080-exec-1021] org.apache.catalina.core.ApplicationContext.log Manager: list: Listing contexts for virtual host 'localhost'
09-Sep-2019 14:57:21.483 INFO [http-nio-8080-exec-1010] org.apache.catalina.core.ApplicationContext.log Manager: restart: Reloading web application '/Opportunity'
09-Sep-2019 15:00:00.858 INFO [http-nio-8080-exec-1031] org.apache.catalina.core.ApplicationContext.log Manager: list: Listing contexts for virtual host 'localhost'
09-Sep-2019 15:00:01.157 INFO [http-nio-8080-exec-1032] org.apache.catalina.core.ApplicationContext.log Manager: restart: Reloading web application '/Opportunity'
09-Sep-2019 15:01:34.389 INFO [http-nio-8080-exec-1029] org.apache.catalina.core.ApplicationContext.log Manager: list: Listing contexts for virtual host 'localhost'
09-Sep-2019 15:01:42.327 INFO [http-nio-8080-exec-1037] org.apache.catalina.core.ApplicationContext.log Manager: list: Listing contexts for virtual host 'localhost'
09-Sep-2019 15:01:42.329 INFO [http-nio-8080-exec-1040] org.apache.catalina.core.ApplicationContext.log Manager: list: Listing contexts for virtual host 'localhost'
09-Sep-2019 15:01:42.382 INFO [http-nio-8080-exec-1029] org.apache.catalina.core.ApplicationContext.log Manager: undeploy: Undeploying web application at '/Opportunity'
09-Sep-2019 15:01:43.437 INFO [http-nio-8080-exec-1034] org.apache.catalina.core.ApplicationContext.log Manager: install: Installing context configuration at 'file:/C:/Users/PAULO~1.BEZ/AppData/Local/Temp/context4835206399486302292.xml'
09-Sep-2019 15:01:46.500 INFO [http-nio-8080-exec-1042] org.apache.catalina.core.ApplicationContext.log Manager: start: Starting web application '/Opportunity'
09-Sep-2019 15:03:18.858 INFO [http-nio-8080-exec-1046] org.apache.catalina.core.ApplicationContext.log Manager: list: Listing contexts for virtual host 'localhost'
09-Sep-2019 15:03:24.213 INFO [http-nio-8080-exec-1044] org.apache.catalina.core.ApplicationContext.log Manager: list: Listing contexts for virtual host 'localhost'
09-Sep-2019 15:03:24.215 INFO [http-nio-8080-exec-1045] org.apache.catalina.core.ApplicationContext.log Manager: list: Listing contexts for virtual host 'localhost'
09-Sep-2019 15:03:24.246 INFO [http-nio-8080-exec-1046] org.apache.catalina.core.ApplicationContext.log Manager: undeploy: Undeploying web application at '/Opportunity'
09-Sep-2019 15:03:25.909 INFO [http-nio-8080-exec-1045] org.apache.catalina.core.ApplicationContext.log Manager: install: Installing context configuration at 'file:/C:/Users/PAULO~1.BEZ/AppData/Local/Temp/context6093600162042243783.xml'
09-Sep-2019 15:03:31.303 INFO [http-nio-8080-exec-1048] org.apache.catalina.core.ApplicationContext.log Manager: start: Starting web application '/Opportunity'
09-Sep-2019 15:03:51.547 INFO [http-nio-8080-exec-1051] org.apache.catalina.core.ApplicationContext.log Manager: list: Listing contexts for virtual host 'localhost'
09-Sep-2019 15:03:59.688 INFO [http-nio-8080-exec-1054] org.apache.catalina.core.ApplicationContext.log Manager: list: Listing contexts for virtual host 'localhost'
09-Sep-2019 15:03:59.691 INFO [http-nio-8080-exec-1057] org.apache.catalina.core.ApplicationContext.log Manager: list: Listing contexts for virtual host 'localhost'
09-Sep-2019 15:03:59.717 INFO [http-nio-8080-exec-1043] org.apache.catalina.core.ApplicationContext.log Manager: undeploy: Undeploying web application at '/Opportunity'
09-Sep-2019 15:04:01.110 INFO [http-nio-8080-exec-1056] org.apache.catalina.core.ApplicationContext.log Manager: install: Installing context configuration at 'file:/C:/Users/PAULO~1.BEZ/AppData/Local/Temp/context7413596652189385169.xml'
09-Sep-2019 15:04:04.382 INFO [http-nio-8080-exec-1057] org.apache.catalina.core.ApplicationContext.log Manager: start: Starting web application '/Opportunity'
09-Sep-2019 15:04:33.796 INFO [http-nio-8080-exec-1057] org.apache.catalina.core.ApplicationContext.log Manager: list: Listing contexts for virtual host 'localhost'
09-Sep-2019 15:05:47.389 INFO [http-nio-8080-exec-1064] org.apache.catalina.core.ApplicationContext.log Manager: list: Listing contexts for virtual host 'localhost'
09-Sep-2019 15:06:15.598 INFO [http-nio-8080-exec-1053] org.apache.catalina.core.ApplicationContext.log Manager: list: Listing contexts for virtual host 'localhost'
09-Sep-2019 15:06:27.035 INFO [http-nio-8080-exec-1066] org.apache.catalina.core.ApplicationContext.log Manager: list: Listing contexts for virtual host 'localhost'
09-Sep-2019 15:06:35.543 INFO [http-nio-8080-exec-1060] org.apache.catalina.core.ApplicationContext.log Manager: list: Listing contexts for virtual host 'localhost'
09-Sep-2019 15:06:35.544 INFO [http-nio-8080-exec-1065] org.apache.catalina.core.ApplicationContext.log Manager: list: Listing contexts for virtual host 'localhost'
09-Sep-2019 15:06:35.579 INFO [http-nio-8080-exec-1066] org.apache.catalina.core.ApplicationContext.log Manager: undeploy: Undeploying web application at '/Opportunity'
09-Sep-2019 15:06:36.660 INFO [http-nio-8080-exec-1065] org.apache.catalina.core.ApplicationContext.log Manager: install: Installing context configuration at 'file:/C:/Users/PAULO~1.BEZ/AppData/Local/Temp/context7516285213285300160.xml'
09-Sep-2019 15:06:42.032 INFO [http-nio-8080-exec-1062] org.apache.catalina.core.ApplicationContext.log Manager: start: Starting web application '/Opportunity'
09-Sep-2019 15:07:20.345 INFO [http-nio-8080-exec-1062] org.apache.catalina.core.ApplicationContext.log Manager: list: Listing contexts for virtual host 'localhost'
09-Sep-2019 15:07:32.755 INFO [http-nio-8080-exec-1069] org.apache.catalina.core.ApplicationContext.log Manager: list: Listing contexts for virtual host 'localhost'
09-Sep-2019 15:07:32.759 INFO [http-nio-8080-exec-1070] org.apache.catalina.core.ApplicationContext.log Manager: list: Listing contexts for virtual host 'localhost'
09-Sep-2019 15:07:32.774 INFO [http-nio-8080-exec-1062] org.apache.catalina.core.ApplicationContext.log Manager: undeploy: Undeploying web application at '/Opportunity'
09-Sep-2019 15:07:33.772 INFO [http-nio-8080-exec-1070] org.apache.catalina.core.ApplicationContext.log Manager: install: Installing context configuration at 'file:/C:/Users/PAULO~1.BEZ/AppData/Local/Temp/context7885111565685546648.xml'
09-Sep-2019 15:07:34.669 INFO [http-nio-8080-exec-1071] org.apache.catalina.core.ApplicationContext.log Manager: start: Starting web application '/Opportunity'
09-Sep-2019 15:09:16.606 INFO [http-nio-8080-exec-1062] org.apache.catalina.core.ApplicationContext.log Manager: list: Listing contexts for virtual host 'localhost'
09-Sep-2019 15:10:19.792 INFO [http-nio-8080-exec-1079] org.apache.catalina.core.ApplicationContext.log Manager: list: Listing contexts for virtual host 'localhost'
09-Sep-2019 15:10:25.029 INFO [http-nio-8080-exec-1077] org.apache.catalina.core.ApplicationContext.log Manager: list: Listing contexts for virtual host 'localhost'
09-Sep-2019 15:10:25.031 INFO [http-nio-8080-exec-1079] org.apache.catalina.core.ApplicationContext.log Manager: list: Listing contexts for virtual host 'localhost'
09-Sep-2019 15:10:25.054 INFO [http-nio-8080-exec-1078] org.apache.catalina.core.ApplicationContext.log Manager: undeploy: Undeploying web application at '/Opportunity'
09-Sep-2019 15:10:26.246 INFO [http-nio-8080-exec-1084] org.apache.catalina.core.ApplicationContext.log Manager: install: Installing context configuration at 'file:/C:/Users/PAULO~1.BEZ/AppData/Local/Temp/context4771240435293660537.xml'
09-Sep-2019 15:10:28.839 INFO [http-nio-8080-exec-1085] org.apache.catalina.core.ApplicationContext.log Manager: start: Starting web application '/Opportunity'
09-Sep-2019 15:11:00.406 INFO [http-nio-8080-exec-1085] org.apache.catalina.core.ApplicationContext.log Manager: list: Listing contexts for virtual host 'localhost'
09-Sep-2019 15:11:07.741 INFO [http-nio-8080-exec-1086] org.apache.catalina.core.ApplicationContext.log Manager: list: Listing contexts for virtual host 'localhost'
09-Sep-2019 15:11:13.321 INFO [http-nio-8080-exec-1091] org.apache.catalina.core.ApplicationContext.log Manager: list: Listing contexts for virtual host 'localhost'
09-Sep-2019 15:11:13.323 INFO [http-nio-8080-exec-1086] org.apache.catalina.core.ApplicationContext.log Manager: list: Listing contexts for virtual host 'localhost'
09-Sep-2019 15:11:13.351 INFO [http-nio-8080-exec-1087] org.apache.catalina.core.ApplicationContext.log Manager: undeploy: Undeploying web application at '/Opportunity'
09-Sep-2019 15:11:14.522 INFO [http-nio-8080-exec-1091] org.apache.catalina.core.ApplicationContext.log Manager: install: Installing context configuration at 'file:/C:/Users/PAULO~1.BEZ/AppData/Local/Temp/context905745758069328327.xml'
09-Sep-2019 15:11:15.630 INFO [http-nio-8080-exec-1093] org.apache.catalina.core.ApplicationContext.log Manager: start: Starting web application '/Opportunity'
09-Sep-2019 15:12:05.455 INFO [http-nio-8080-exec-1088] org.apache.catalina.core.ApplicationContext.log Manager: list: Listing contexts for virtual host 'localhost'
09-Sep-2019 15:12:10.178 INFO [http-nio-8080-exec-1098] org.apache.catalina.core.ApplicationContext.log Manager: list: Listing contexts for virtual host 'localhost'
09-Sep-2019 15:12:10.180 INFO [http-nio-8080-exec-1095] org.apache.catalina.core.ApplicationContext.log Manager: list: Listing contexts for virtual host 'localhost'
09-Sep-2019 15:12:10.207 INFO [http-nio-8080-exec-1099] org.apache.catalina.core.ApplicationContext.log Manager: undeploy: Undeploying web application at '/Opportunity'
09-Sep-2019 15:12:11.385 INFO [http-nio-8080-exec-1097] org.apache.catalina.core.ApplicationContext.log Manager: install: Installing context configuration at 'file:/C:/Users/PAULO~1.BEZ/AppData/Local/Temp/context6461001291354670283.xml'
09-Sep-2019 15:12:12.490 INFO [http-nio-8080-exec-1086] org.apache.catalina.core.ApplicationContext.log Manager: start: Starting web application '/Opportunity'
09-Sep-2019 15:13:44.251 INFO [http-nio-8080-exec-1104] org.apache.catalina.core.ApplicationContext.log Manager: list: Listing contexts for virtual host 'localhost'
09-Sep-2019 15:13:44.594 INFO [http-nio-8080-exec-1105] org.apache.catalina.core.ApplicationContext.log Manager: restart: Reloading web application '/Opportunity'
09-Sep-2019 15:15:56.222 INFO [http-nio-8080-exec-1101] org.apache.catalina.core.ApplicationContext.log Manager: list: Listing contexts for virtual host 'localhost'
09-Sep-2019 15:18:02.646 INFO [http-nio-8080-exec-1112] org.apache.catalina.core.ApplicationContext.log Manager: list: Listing contexts for virtual host 'localhost'
09-Sep-2019 15:18:07.071 INFO [http-nio-8080-exec-1111] org.apache.catalina.core.ApplicationContext.log Manager: list: Listing contexts for virtual host 'localhost'
09-Sep-2019 15:18:07.074 INFO [http-nio-8080-exec-1112] org.apache.catalina.core.ApplicationContext.log Manager: list: Listing contexts for virtual host 'localhost'
09-Sep-2019 15:18:07.090 INFO [http-nio-8080-exec-1114] org.apache.catalina.core.ApplicationContext.log Manager: undeploy: Undeploying web application at '/Opportunity'
09-Sep-2019 15:18:08.196 INFO [http-nio-8080-exec-1115] org.apache.catalina.core.ApplicationContext.log Manager: install: Installing context configuration at 'file:/C:/Users/PAULO~1.BEZ/AppData/Local/Temp/context8141851601753240349.xml'
09-Sep-2019 15:18:09.250 INFO [http-nio-8080-exec-1117] org.apache.catalina.core.ApplicationContext.log Manager: start: Starting web application '/Opportunity'
09-Sep-2019 15:19:02.683 INFO [http-nio-8080-exec-1117] org.apache.catalina.core.ApplicationContext.log Manager: list: Listing contexts for virtual host 'localhost'
09-Sep-2019 15:19:11.336 INFO [http-nio-8080-exec-1124] org.apache.catalina.core.ApplicationContext.log Manager: list: Listing contexts for virtual host 'localhost'
09-Sep-2019 15:19:11.339 INFO [http-nio-8080-exec-1119] org.apache.catalina.core.ApplicationContext.log Manager: list: Listing contexts for virtual host 'localhost'
09-Sep-2019 15:19:11.357 INFO [http-nio-8080-exec-1120] org.apache.catalina.core.ApplicationContext.log Manager: undeploy: Undeploying web application at '/Opportunity'
09-Sep-2019 15:19:12.441 INFO [http-nio-8080-exec-1122] org.apache.catalina.core.ApplicationContext.log Manager: install: Installing context configuration at 'file:/C:/Users/PAULO~1.BEZ/AppData/Local/Temp/context5508194150660405914.xml'
09-Sep-2019 15:19:13.457 INFO [http-nio-8080-exec-1117] org.apache.catalina.core.ApplicationContext.log Manager: start: Starting web application '/Opportunity'
09-Sep-2019 15:20:20.835 INFO [http-nio-8080-exec-1119] org.apache.catalina.core.ApplicationContext.log Manager: list: Listing contexts for virtual host 'localhost'
09-Sep-2019 15:20:21.303 INFO [http-nio-8080-exec-1131] org.apache.catalina.core.ApplicationContext.log Manager: restart: Reloading web application '/Opportunity'
09-Sep-2019 15:20:58.242 INFO [http-nio-8080-exec-1135] org.apache.catalina.core.ApplicationContext.log Manager: list: Listing contexts for virtual host 'localhost'
09-Sep-2019 15:20:58.245 INFO [http-nio-8080-exec-1136] org.apache.catalina.core.ApplicationContext.log Manager: list: Listing contexts for virtual host 'localhost'
09-Sep-2019 15:20:58.275 INFO [http-nio-8080-exec-1133] org.apache.catalina.core.ApplicationContext.log Manager: undeploy: Undeploying web application at '/Opportunity'
09-Sep-2019 15:20:59.189 INFO [http-nio-8080-exec-1136] org.apache.catalina.core.ApplicationContext.log Manager: install: Installing context configuration at 'file:/C:/Users/PAULO~1.BEZ/AppData/Local/Temp/context8792294401597133813.xml'
09-Sep-2019 15:21:02.693 INFO [http-nio-8080-exec-1134] org.apache.catalina.core.ApplicationContext.log Manager: start: Starting web application '/Opportunity'
09-Sep-2019 15:21:44.471 INFO [http-nio-8080-exec-1134] org.apache.catalina.core.ApplicationContext.log Manager: list: Listing contexts for virtual host 'localhost'
09-Sep-2019 15:22:04.648 INFO [http-nio-8080-exec-1142] org.apache.catalina.core.ApplicationContext.log Manager: list: Listing contexts for virtual host 'localhost'
09-Sep-2019 15:22:09.501 INFO [http-nio-8080-exec-1141] org.apache.catalina.core.ApplicationContext.log Manager: list: Listing contexts for virtual host 'localhost'
09-Sep-2019 15:22:09.503 INFO [http-nio-8080-exec-1142] org.apache.catalina.core.ApplicationContext.log Manager: list: Listing contexts for virtual host 'localhost'
09-Sep-2019 15:22:09.540 INFO [http-nio-8080-exec-1143] org.apache.catalina.core.ApplicationContext.log Manager: undeploy: Undeploying web application at '/Opportunity'
09-Sep-2019 15:22:10.710 INFO [http-nio-8080-exec-1139] org.apache.catalina.core.ApplicationContext.log Manager: install: Installing context configuration at 'file:/C:/Users/PAULO~1.BEZ/AppData/Local/Temp/context5371901680666937619.xml'
09-Sep-2019 15:22:14.032 INFO [http-nio-8080-exec-1142] org.apache.catalina.core.ApplicationContext.log Manager: start: Starting web application '/Opportunity'
09-Sep-2019 15:23:05.405 INFO [http-nio-8080-exec-1141] org.apache.catalina.core.ApplicationContext.log Manager: list: Listing contexts for virtual host 'localhost'
09-Sep-2019 15:23:05.775 INFO [http-nio-8080-exec-1149] org.apache.catalina.core.ApplicationContext.log Manager: restart: Reloading web application '/Opportunity'
09-Sep-2019 15:23:44.554 INFO [http-nio-8080-exec-1148] org.apache.catalina.core.ApplicationContext.log Manager: list: Listing contexts for virtual host 'localhost'
09-Sep-2019 15:23:44.899 INFO [http-nio-8080-exec-1153] org.apache.catalina.core.ApplicationContext.log Manager: restart: Reloading web application '/Opportunity'
09-Sep-2019 15:24:47.033 INFO [http-nio-8080-exec-1154] org.apache.catalina.core.ApplicationContext.log Manager: list: Listing contexts for virtual host 'localhost'
09-Sep-2019 15:24:47.339 INFO [http-nio-8080-exec-1162] org.apache.catalina.core.ApplicationContext.log Manager: restart: Reloading web application '/Opportunity'
09-Sep-2019 15:25:15.512 INFO [http-nio-8080-exec-1158] org.apache.catalina.core.ApplicationContext.log Manager: list: Listing contexts for virtual host 'localhost'
09-Sep-2019 15:25:15.780 INFO [http-nio-8080-exec-1166] org.apache.catalina.core.ApplicationContext.log Manager: restart: Reloading web application '/Opportunity'
09-Sep-2019 15:25:36.163 INFO [http-nio-8080-exec-1164] org.apache.catalina.core.ApplicationContext.log Manager: list: Listing contexts for virtual host 'localhost'
09-Sep-2019 15:25:36.416 INFO [http-nio-8080-exec-1170] org.apache.catalina.core.ApplicationContext.log Manager: restart: Reloading web application '/Opportunity'
09-Sep-2019 15:25:42.860 INFO [http-nio-8080-exec-1154] org.apache.catalina.core.ApplicationContext.log Manager: list: Listing contexts for virtual host 'localhost'
09-Sep-2019 15:25:42.861 INFO [http-nio-8080-exec-1171] org.apache.catalina.core.ApplicationContext.log Manager: list: Listing contexts for virtual host 'localhost'
09-Sep-2019 15:25:42.886 INFO [http-nio-8080-exec-1164] org.apache.catalina.core.ApplicationContext.log Manager: undeploy: Undeploying web application at '/Opportunity'
09-Sep-2019 15:25:43.855 INFO [http-nio-8080-exec-1163] org.apache.catalina.core.ApplicationContext.log Manager: install: Installing context configuration at 'file:/C:/Users/PAULO~1.BEZ/AppData/Local/Temp/context7575500363713403632.xml'
09-Sep-2019 15:25:44.763 INFO [http-nio-8080-exec-1172] org.apache.catalina.core.ApplicationContext.log Manager: start: Starting web application '/Opportunity'
09-Sep-2019 15:26:02.812 INFO [http-nio-8080-exec-1154] org.apache.catalina.core.ApplicationContext.log Manager: list: Listing contexts for virtual host 'localhost'
09-Sep-2019 15:26:03.126 INFO [http-nio-8080-exec-1176] org.apache.catalina.core.ApplicationContext.log Manager: restart: Reloading web application '/Opportunity'
09-Sep-2019 15:28:08.458 INFO [http-nio-8080-exec-1184] org.apache.catalina.core.ApplicationContext.log Manager: list: Listing contexts for virtual host 'localhost'
09-Sep-2019 15:28:08.831 INFO [http-nio-8080-exec-1185] org.apache.catalina.core.ApplicationContext.log Manager: restart: Reloading web application '/Opportunity'
09-Sep-2019 15:28:40.004 INFO [http-nio-8080-exec-1188] org.apache.catalina.core.ApplicationContext.log Manager: list: Listing contexts for virtual host 'localhost'
09-Sep-2019 15:28:40.486 INFO [http-nio-8080-exec-1191] org.apache.catalina.core.ApplicationContext.log Manager: restart: Reloading web application '/Opportunity'
09-Sep-2019 15:28:51.414 INFO [http-nio-8080-exec-1186] org.apache.catalina.core.ApplicationContext.log Manager: list: Listing contexts for virtual host 'localhost'
09-Sep-2019 15:28:51.418 INFO [http-nio-8080-exec-1193] org.apache.catalina.core.ApplicationContext.log Manager: list: Listing contexts for virtual host 'localhost'
09-Sep-2019 15:28:51.473 INFO [http-nio-8080-exec-1196] org.apache.catalina.core.ApplicationContext.log Manager: undeploy: Undeploying web application at '/Opportunity'
09-Sep-2019 15:28:52.565 INFO [http-nio-8080-exec-1193] org.apache.catalina.core.ApplicationContext.log Manager: install: Installing context configuration at 'file:/C:/Users/PAULO~1.BEZ/AppData/Local/Temp/context3902104735085642258.xml'
09-Sep-2019 15:28:54.808 INFO [http-nio-8080-exec-1188] org.apache.catalina.core.ApplicationContext.log Manager: start: Starting web application '/Opportunity'
09-Sep-2019 15:29:56.741 INFO [http-nio-8080-exec-1205] org.apache.catalina.core.ApplicationContext.log Manager: list: Listing contexts for virtual host 'localhost'
09-Sep-2019 15:29:57.113 INFO [http-nio-8080-exec-1206] org.apache.catalina.core.ApplicationContext.log Manager: restart: Reloading web application '/Opportunity'
09-Sep-2019 15:30:03.582 INFO [http-nio-8080-exec-1207] org.apache.catalina.core.ApplicationContext.log Manager: list: Listing contexts for virtual host 'localhost'
09-Sep-2019 15:30:03.977 INFO [http-nio-8080-exec-1205] org.apache.catalina.core.ApplicationContext.log Manager: restart: Reloading web application '/Opportunity'
09-Sep-2019 15:30:29.489 INFO [http-nio-8080-exec-1211] org.apache.catalina.core.ApplicationContext.log Manager: list: Listing contexts for virtual host 'localhost'
09-Sep-2019 15:30:39.869 INFO [http-nio-8080-exec-1210] org.apache.catalina.core.ApplicationContext.log Manager: list: Listing contexts for virtual host 'localhost'
09-Sep-2019 15:30:50.085 INFO [http-nio-8080-exec-1216] org.apache.catalina.core.ApplicationContext.log Manager: list: Listing contexts for virtual host 'localhost'
09-Sep-2019 15:30:50.087 INFO [http-nio-8080-exec-1213] org.apache.catalina.core.ApplicationContext.log Manager: list: Listing contexts for virtual host 'localhost'
09-Sep-2019 15:30:50.141 INFO [http-nio-8080-exec-1214] org.apache.catalina.core.ApplicationContext.log Manager: undeploy: Undeploying web application at '/Opportunity'
09-Sep-2019 15:30:51.447 INFO [http-nio-8080-exec-1213] org.apache.catalina.core.ApplicationContext.log Manager: install: Installing context configuration at 'file:/C:/Users/PAULO~1.BEZ/AppData/Local/Temp/context7061962648469001462.xml'
09-Sep-2019 15:30:52.538 INFO [http-nio-8080-exec-1218] org.apache.catalina.core.ApplicationContext.log Manager: start: Starting web application '/Opportunity'
09-Sep-2019 15:33:08.680 INFO [http-nio-8080-exec-1224] org.apache.catalina.core.ApplicationContext.log Manager: list: Listing contexts for virtual host 'localhost'
09-Sep-2019 15:33:16.662 INFO [http-nio-8080-exec-1221] org.apache.catalina.core.ApplicationContext.log Manager: list: Listing contexts for virtual host 'localhost'
09-Sep-2019 15:33:16.665 INFO [http-nio-8080-exec-1222] org.apache.catalina.core.ApplicationContext.log Manager: list: Listing contexts for virtual host 'localhost'
09-Sep-2019 15:33:16.701 INFO [http-nio-8080-exec-1223] org.apache.catalina.core.ApplicationContext.log Manager: undeploy: Undeploying web application at '/Opportunity'
09-Sep-2019 15:33:18.595 INFO [http-nio-8080-exec-1226] org.apache.catalina.core.ApplicationContext.log Manager: install: Installing context configuration at 'file:/C:/Users/PAULO~1.BEZ/AppData/Local/Temp/context748197539041870457.xml'
09-Sep-2019 15:33:21.623 INFO [http-nio-8080-exec-1225] org.apache.catalina.core.ApplicationContext.log Manager: start: Starting web application '/Opportunity'
09-Sep-2019 15:34:34.045 INFO [http-nio-8080-exec-1232] org.apache.catalina.core.ApplicationContext.log Manager: list: Listing contexts for virtual host 'localhost'
09-Sep-2019 15:34:37.412 INFO [http-nio-8080-exec-1228] org.apache.catalina.core.ApplicationContext.log Manager: list: Listing contexts for virtual host 'localhost'
09-Sep-2019 15:34:44.833 INFO [http-nio-8080-exec-1235] org.apache.catalina.core.ApplicationContext.log Manager: list: Listing contexts for virtual host 'localhost'
09-Sep-2019 15:34:44.836 INFO [http-nio-8080-exec-1236] org.apache.catalina.core.ApplicationContext.log Manager: list: Listing contexts for virtual host 'localhost'
09-Sep-2019 15:34:44.866 INFO [http-nio-8080-exec-1237] org.apache.catalina.core.ApplicationContext.log Manager: undeploy: Undeploying web application at '/Opportunity'
09-Sep-2019 15:34:57.656 INFO [http-nio-8080-exec-1234] org.apache.catalina.core.ApplicationContext.log Manager: install: Installing context configuration at 'file:/C:/Users/PAULO~1.BEZ/AppData/Local/Temp/context8839481968843430583.xml'
09-Sep-2019 15:37:05.733 INFO [http-nio-8080-exec-1229] org.apache.catalina.core.ApplicationContext.log Manager: list: Listing contexts for virtual host 'localhost'
09-Sep-2019 15:37:06.501 INFO [http-nio-8080-exec-1232] org.apache.catalina.core.ApplicationContext.log Manager: restart: Reloading web application '/Opportunity'
09-Sep-2019 15:37:06.504 SEVERE [http-nio-8080-exec-1232] org.apache.catalina.core.ApplicationContext.log Manager: ManagerServlet.reload[/Opportunity]
 java.lang.IllegalStateException: Context with name [/Opportunity] has not yet been started
	at org.apache.catalina.core.StandardContext.reload(StandardContext.java:3821)
	at org.apache.catalina.manager.ManagerServlet.reload(ManagerServlet.java:1048)
	at org.apache.catalina.manager.ManagerServlet.doGet(ManagerServlet.java:357)
	at javax.servlet.http.HttpServlet.service(HttpServlet.java:635)
	at javax.servlet.http.HttpServlet.service(HttpServlet.java:742)
	at org.apache.catalina.core.ApplicationFilterChain.internalDoFilter(ApplicationFilterChain.java:231)
	at org.apache.catalina.core.ApplicationFilterChain.doFilter(ApplicationFilterChain.java:166)
	at org.apache.tomcat.websocket.server.WsFilter.doFilter(WsFilter.java:52)
	at org.apache.catalina.core.ApplicationFilterChain.internalDoFilter(ApplicationFilterChain.java:193)
	at org.apache.catalina.core.ApplicationFilterChain.doFilter(ApplicationFilterChain.java:166)
	at org.apache.catalina.filters.SetCharacterEncodingFilter.doFilter(SetCharacterEncodingFilter.java:109)
	at org.apache.catalina.core.ApplicationFilterChain.internalDoFilter(ApplicationFilterChain.java:193)
	at org.apache.catalina.core.ApplicationFilterChain.doFilter(ApplicationFilterChain.java:166)
	at org.apache.catalina.core.StandardWrapperValve.invoke(StandardWrapperValve.java:198)
	at org.apache.catalina.core.StandardContextValve.invoke(StandardContextValve.java:96)
	at org.apache.tomee.catalina.OpenEJBValve.invoke(OpenEJBValve.java:44)
	at org.apache.catalina.authenticator.AuthenticatorBase.invoke(AuthenticatorBase.java:610)
	at org.apache.catalina.valves.RequestFilterValve.process(RequestFilterValve.java:348)
	at org.apache.catalina.valves.RemoteAddrValve.invoke(RemoteAddrValve.java:52)
	at org.apache.catalina.core.StandardHostValve.invoke(StandardHostValve.java:140)
	at org.apache.catalina.valves.ErrorReportValve.invoke(ErrorReportValve.java:81)
	at org.apache.tomee.catalina.OpenEJBSecurityListener$RequestCapturer.invoke(OpenEJBSecurityListener.java:97)
	at org.apache.catalina.valves.AbstractAccessLogValve.invoke(AbstractAccessLogValve.java:650)
	at org.apache.catalina.core.StandardEngineValve.invoke(StandardEngineValve.java:87)
	at org.apache.catalina.connector.CoyoteAdapter.service(CoyoteAdapter.java:342)
	at org.apache.coyote.http11.Http11Processor.service(Http11Processor.java:800)
	at org.apache.coyote.AbstractProcessorLight.process(AbstractProcessorLight.java:66)
	at org.apache.coyote.AbstractProtocol$ConnectionHandler.process(AbstractProtocol.java:800)
	at org.apache.tomcat.util.net.NioEndpoint$SocketProcessor.doRun(NioEndpoint.java:1471)
	at org.apache.tomcat.util.net.SocketProcessorBase.run(SocketProcessorBase.java:49)
	at java.util.concurrent.ThreadPoolExecutor.runWorker(ThreadPoolExecutor.java:1149)
	at java.util.concurrent.ThreadPoolExecutor$Worker.run(ThreadPoolExecutor.java:624)
	at org.apache.tomcat.util.threads.TaskThread$WrappingRunnable.run(TaskThread.java:61)
	at java.lang.Thread.run(Thread.java:748)

09-Sep-2019 15:37:42.222 INFO [http-nio-8080-exec-1239] org.apache.catalina.core.ApplicationContext.log Manager: list: Listing contexts for virtual host 'localhost'
09-Sep-2019 15:37:42.226 INFO [http-nio-8080-exec-1240] org.apache.catalina.core.ApplicationContext.log Manager: list: Listing contexts for virtual host 'localhost'
09-Sep-2019 15:37:42.285 INFO [http-nio-8080-exec-1242] org.apache.catalina.core.ApplicationContext.log Manager: undeploy: Undeploying web application at '/Opportunity'
09-Sep-2019 15:37:42.880 INFO [http-nio-8080-exec-1232] org.apache.catalina.core.ApplicationContext.log Manager: install: Installing context configuration at 'file:/C:/Users/PAULO~1.BEZ/AppData/Local/Temp/context3343482516557306967.xml'
09-Sep-2019 15:37:46.307 INFO [http-nio-8080-exec-1243] org.apache.catalina.core.ApplicationContext.log Manager: start: Starting web application '/Opportunity'
09-Sep-2019 15:38:26.426 INFO [http-nio-8080-exec-1243] org.apache.catalina.core.ApplicationContext.log Manager: list: Listing contexts for virtual host 'localhost'
09-Sep-2019 15:38:26.429 INFO [http-nio-8080-exec-1244] org.apache.catalina.core.ApplicationContext.log Manager: list: Listing contexts for virtual host 'localhost'
09-Sep-2019 15:38:26.463 INFO [http-nio-8080-exec-1241] org.apache.catalina.core.ApplicationContext.log Manager: undeploy: Undeploying web application at '/Opportunity'
09-Sep-2019 15:38:32.633 INFO [http-nio-8080-exec-1244] org.apache.catalina.core.ApplicationContext.log Manager: install: Installing context configuration at 'file:/C:/Users/PAULO~1.BEZ/AppData/Local/Temp/context2785837467630470014.xml'
09-Sep-2019 15:38:34.430 INFO [http-nio-8080-exec-1239] org.apache.catalina.core.ApplicationContext.log Manager: start: Starting web application '/Opportunity'
09-Sep-2019 15:38:42.757 INFO [http-nio-8080-exec-1249] org.apache.catalina.core.ApplicationContext.log Manager: list: Listing contexts for virtual host 'localhost'
09-Sep-2019 15:40:37.788 INFO [http-nio-8080-exec-1251] org.apache.catalina.core.ApplicationContext.log Manager: list: Listing contexts for virtual host 'localhost'
09-Sep-2019 15:40:48.282 INFO [http-nio-8080-exec-1247] org.apache.catalina.core.ApplicationContext.log Manager: list: Listing contexts for virtual host 'localhost'
09-Sep-2019 15:40:56.089 INFO [http-nio-8080-exec-1254] org.apache.catalina.core.ApplicationContext.log Manager: list: Listing contexts for virtual host 'localhost'
09-Sep-2019 15:40:56.093 INFO [http-nio-8080-exec-1247] org.apache.catalina.core.ApplicationContext.log Manager: list: Listing contexts for virtual host 'localhost'
09-Sep-2019 15:40:56.114 INFO [http-nio-8080-exec-1253] org.apache.catalina.core.ApplicationContext.log Manager: undeploy: Undeploying web application at '/Opportunity'
09-Sep-2019 15:41:02.344 INFO [http-nio-8080-exec-1248] org.apache.catalina.core.ApplicationContext.log Manager: install: Installing context configuration at 'file:/C:/Users/PAULO~1.BEZ/AppData/Local/Temp/context2892459749554510957.xml'
09-Sep-2019 15:41:06.363 INFO [http-nio-8080-exec-1251] org.apache.catalina.core.ApplicationContext.log Manager: start: Starting web application '/Opportunity'
09-Sep-2019 15:42:06.636 INFO [http-nio-8080-exec-1249] org.apache.catalina.core.ApplicationContext.log Manager: list: Listing contexts for virtual host 'localhost'
09-Sep-2019 15:42:11.277 INFO [http-nio-8080-exec-1256] org.apache.catalina.core.ApplicationContext.log Manager: list: Listing contexts for virtual host 'localhost'
09-Sep-2019 15:42:16.788 INFO [http-nio-8080-exec-1258] org.apache.catalina.core.ApplicationContext.log Manager: list: Listing contexts for virtual host 'localhost'
09-Sep-2019 15:42:16.793 INFO [http-nio-8080-exec-1262] org.apache.catalina.core.ApplicationContext.log Manager: list: Listing contexts for virtual host 'localhost'
09-Sep-2019 15:42:16.820 INFO [http-nio-8080-exec-1263] org.apache.catalina.core.ApplicationContext.log Manager: undeploy: Undeploying web application at '/Opportunity'
09-Sep-2019 15:42:18.214 INFO [http-nio-8080-exec-1256] org.apache.catalina.core.ApplicationContext.log Manager: install: Installing context configuration at 'file:/C:/Users/PAULO~1.BEZ/AppData/Local/Temp/context1250110972271868076.xml'
09-Sep-2019 15:42:19.261 INFO [http-nio-8080-exec-1260] org.apache.catalina.core.ApplicationContext.log Manager: start: Starting web application '/Opportunity'
09-Sep-2019 15:42:59.264 INFO [http-nio-8080-exec-1262] org.apache.catalina.core.ApplicationContext.log Manager: list: Listing contexts for virtual host 'localhost'
09-Sep-2019 15:43:03.890 INFO [http-nio-8080-exec-1265] org.apache.catalina.core.ApplicationContext.log Manager: list: Listing contexts for virtual host 'localhost'
09-Sep-2019 15:43:04.268 INFO [http-nio-8080-exec-1266] org.apache.catalina.core.ApplicationContext.log Manager: restart: Reloading web application '/Opportunity'
09-Sep-2019 15:43:31.005 INFO [http-nio-8080-exec-1270] org.apache.catalina.core.ApplicationContext.log Manager: list: Listing contexts for virtual host 'localhost'
09-Sep-2019 15:43:35.817 INFO [http-nio-8080-exec-1258] org.apache.catalina.core.ApplicationContext.log Manager: list: Listing contexts for virtual host 'localhost'
09-Sep-2019 15:43:35.818 INFO [http-nio-8080-exec-1270] org.apache.catalina.core.ApplicationContext.log Manager: list: Listing contexts for virtual host 'localhost'
09-Sep-2019 15:43:35.834 INFO [http-nio-8080-exec-1265] org.apache.catalina.core.ApplicationContext.log Manager: undeploy: Undeploying web application at '/Opportunity'
09-Sep-2019 15:43:36.918 INFO [http-nio-8080-exec-1273] org.apache.catalina.core.ApplicationContext.log Manager: install: Installing context configuration at 'file:/C:/Users/PAULO~1.BEZ/AppData/Local/Temp/context4972820900547199650.xml'
09-Sep-2019 15:43:37.884 INFO [http-nio-8080-exec-1274] org.apache.catalina.core.ApplicationContext.log Manager: start: Starting web application '/Opportunity'
09-Sep-2019 15:45:55.392 INFO [http-nio-8080-exec-1280] org.apache.catalina.core.ApplicationContext.log Manager: list: Listing contexts for virtual host 'localhost'
09-Sep-2019 15:45:55.659 INFO [http-nio-8080-exec-1258] org.apache.catalina.core.ApplicationContext.log Manager: restart: Reloading web application '/Opportunity'
09-Sep-2019 15:46:57.144 INFO [http-nio-8080-exec-1257] org.apache.catalina.core.ApplicationContext.log Manager: list: Listing contexts for virtual host 'localhost'
09-Sep-2019 15:46:57.419 INFO [http-nio-8080-exec-1275] org.apache.catalina.core.ApplicationContext.log Manager: restart: Reloading web application '/Opportunity'
09-Sep-2019 15:47:19.901 INFO [http-nio-8080-exec-1283] org.apache.catalina.core.ApplicationContext.log Manager: list: Listing contexts for virtual host 'localhost'
09-Sep-2019 15:47:20.703 INFO [http-nio-8080-exec-1286] org.apache.catalina.core.ApplicationContext.log Manager: restart: Reloading web application '/Opportunity'
09-Sep-2019 15:47:48.661 INFO [http-nio-8080-exec-1285] org.apache.catalina.core.ApplicationContext.log Manager: list: Listing contexts for virtual host 'localhost'
09-Sep-2019 15:47:49.920 INFO [http-nio-8080-exec-1292] org.apache.catalina.core.ApplicationContext.log Manager: restart: Reloading web application '/Opportunity'
09-Sep-2019 15:48:06.272 INFO [http-nio-8080-exec-1293] org.apache.catalina.core.ApplicationContext.log Manager: list: Listing contexts for virtual host 'localhost'
09-Sep-2019 15:48:06.678 INFO [http-nio-8080-exec-1294] org.apache.catalina.core.ApplicationContext.log Manager: restart: Reloading web application '/Opportunity'
09-Sep-2019 15:48:20.996 INFO [http-nio-8080-exec-1299] org.apache.catalina.core.ApplicationContext.log Manager: list: Listing contexts for virtual host 'localhost'
09-Sep-2019 15:48:21.798 INFO [http-nio-8080-exec-1300] org.apache.catalina.core.ApplicationContext.log Manager: restart: Reloading web application '/Opportunity'
09-Sep-2019 15:49:15.458 INFO [http-nio-8080-exec-1304] org.apache.catalina.core.ApplicationContext.log Manager: list: Listing contexts for virtual host 'localhost'
09-Sep-2019 15:49:35.163 INFO [http-nio-8080-exec-1309] org.apache.catalina.core.ApplicationContext.log Manager: list: Listing contexts for virtual host 'localhost'
09-Sep-2019 15:50:22.107 INFO [http-nio-8080-exec-1307] org.apache.catalina.core.ApplicationContext.log Manager: list: Listing contexts for virtual host 'localhost'
09-Sep-2019 15:50:34.335 INFO [http-nio-8080-exec-1295] org.apache.catalina.core.ApplicationContext.log Manager: list: Listing contexts for virtual host 'localhost'
09-Sep-2019 15:50:42.034 INFO [http-nio-8080-exec-1310] org.apache.catalina.core.ApplicationContext.log Manager: list: Listing contexts for virtual host 'localhost'
09-Sep-2019 15:50:42.037 INFO [http-nio-8080-exec-1311] org.apache.catalina.core.ApplicationContext.log Manager: list: Listing contexts for virtual host 'localhost'
09-Sep-2019 15:50:42.090 INFO [http-nio-8080-exec-1312] org.apache.catalina.core.ApplicationContext.log Manager: undeploy: Undeploying web application at '/Opportunity'
09-Sep-2019 15:50:45.753 INFO [http-nio-8080-exec-1306] org.apache.catalina.core.ApplicationContext.log Manager: install: Installing context configuration at 'file:/C:/Users/PAULO~1.BEZ/AppData/Local/Temp/context5198843567575585583.xml'
09-Sep-2019 15:50:47.427 INFO [http-nio-8080-exec-1310] org.apache.catalina.core.ApplicationContext.log Manager: start: Starting web application '/Opportunity'
09-Sep-2019 15:51:36.462 INFO [http-nio-8080-exec-1310] org.apache.catalina.core.ApplicationContext.log Manager: list: Listing contexts for virtual host 'localhost'
09-Sep-2019 15:51:42.941 INFO [http-nio-8080-exec-1310] org.apache.catalina.core.ApplicationContext.log Manager: list: Listing contexts for virtual host 'localhost'
09-Sep-2019 15:51:42.943 INFO [http-nio-8080-exec-1316] org.apache.catalina.core.ApplicationContext.log Manager: list: Listing contexts for virtual host 'localhost'
09-Sep-2019 15:51:42.993 INFO [http-nio-8080-exec-1305] org.apache.catalina.core.ApplicationContext.log Manager: undeploy: Undeploying web application at '/Opportunity'
09-Sep-2019 15:51:44.420 INFO [http-nio-8080-exec-1310] org.apache.catalina.core.ApplicationContext.log Manager: install: Installing context configuration at 'file:/C:/Users/PAULO~1.BEZ/AppData/Local/Temp/context5337155752516676697.xml'
09-Sep-2019 15:51:51.015 INFO [http-nio-8080-exec-1317] org.apache.catalina.core.ApplicationContext.log Manager: start: Starting web application '/Opportunity'
09-Sep-2019 15:52:33.150 INFO [http-nio-8080-exec-1318] org.apache.catalina.core.ApplicationContext.log Manager: list: Listing contexts for virtual host 'localhost'
09-Sep-2019 15:53:22.208 INFO [http-nio-8080-exec-1327] org.apache.catalina.core.ApplicationContext.log Manager: list: Listing contexts for virtual host 'localhost'
09-Sep-2019 15:54:31.208 INFO [http-nio-8080-exec-1326] org.apache.catalina.core.ApplicationContext.log Manager: list: Listing contexts for virtual host 'localhost'
09-Sep-2019 15:54:39.494 INFO [http-nio-8080-exec-1325] org.apache.catalina.core.ApplicationContext.log Manager: list: Listing contexts for virtual host 'localhost'
09-Sep-2019 15:54:45.289 INFO [http-nio-8080-exec-1328] org.apache.catalina.core.ApplicationContext.log Manager: list: Listing contexts for virtual host 'localhost'
09-Sep-2019 15:54:45.291 INFO [http-nio-8080-exec-1329] org.apache.catalina.core.ApplicationContext.log Manager: list: Listing contexts for virtual host 'localhost'
09-Sep-2019 15:54:45.328 INFO [http-nio-8080-exec-1326] org.apache.catalina.core.ApplicationContext.log Manager: undeploy: Undeploying web application at '/Opportunity'
09-Sep-2019 15:54:47.097 INFO [http-nio-8080-exec-1329] org.apache.catalina.core.ApplicationContext.log Manager: install: Installing context configuration at 'file:/C:/Users/PAULO~1.BEZ/AppData/Local/Temp/context3427953134167676201.xml'
09-Sep-2019 15:54:49.995 INFO [http-nio-8080-exec-1331] org.apache.catalina.core.ApplicationContext.log Manager: start: Starting web application '/Opportunity'
09-Sep-2019 15:55:51.266 INFO [http-nio-8080-exec-1335] org.apache.catalina.core.ApplicationContext.log Manager: list: Listing contexts for virtual host 'localhost'
09-Sep-2019 15:55:57.835 INFO [http-nio-8080-exec-1332] org.apache.catalina.core.ApplicationContext.log Manager: list: Listing contexts for virtual host 'localhost'
09-Sep-2019 15:55:57.837 INFO [http-nio-8080-exec-1333] org.apache.catalina.core.ApplicationContext.log Manager: list: Listing contexts for virtual host 'localhost'
09-Sep-2019 15:55:57.879 INFO [http-nio-8080-exec-1334] org.apache.catalina.core.ApplicationContext.log Manager: undeploy: Undeploying web application at '/Opportunity'
09-Sep-2019 15:55:59.423 INFO [http-nio-8080-exec-1337] org.apache.catalina.core.ApplicationContext.log Manager: install: Installing context configuration at 'file:/C:/Users/PAULO~1.BEZ/AppData/Local/Temp/context8124175209348949654.xml'
09-Sep-2019 15:56:02.632 INFO [http-nio-8080-exec-1333] org.apache.catalina.core.ApplicationContext.log Manager: start: Starting web application '/Opportunity'
09-Sep-2019 15:58:25.675 INFO [http-nio-8080-exec-1343] org.apache.catalina.core.ApplicationContext.log Manager: list: Listing contexts for virtual host 'localhost'
09-Sep-2019 15:58:32.127 INFO [http-nio-8080-exec-1340] org.apache.catalina.core.ApplicationContext.log Manager: list: Listing contexts for virtual host 'localhost'
09-Sep-2019 15:58:32.129 INFO [http-nio-8080-exec-1341] org.apache.catalina.core.ApplicationContext.log Manager: list: Listing contexts for virtual host 'localhost'
09-Sep-2019 15:58:32.171 INFO [http-nio-8080-exec-1342] org.apache.catalina.core.ApplicationContext.log Manager: undeploy: Undeploying web application at '/Opportunity'
09-Sep-2019 15:58:33.828 INFO [http-nio-8080-exec-1340] org.apache.catalina.core.ApplicationContext.log Manager: install: Installing context configuration at 'file:/C:/Users/PAULO~1.BEZ/AppData/Local/Temp/context4468276704268902922.xml'
09-Sep-2019 15:58:35.170 INFO [http-nio-8080-exec-1347] org.apache.catalina.core.ApplicationContext.log Manager: start: Starting web application '/Opportunity'
09-Sep-2019 15:59:17.003 INFO [http-nio-8080-exec-1341] org.apache.catalina.core.ApplicationContext.log Manager: list: Listing contexts for virtual host 'localhost'
09-Sep-2019 15:59:22.208 INFO [http-nio-8080-exec-1350] org.apache.catalina.core.ApplicationContext.log Manager: list: Listing contexts for virtual host 'localhost'
09-Sep-2019 15:59:22.210 INFO [http-nio-8080-exec-1341] org.apache.catalina.core.ApplicationContext.log Manager: list: Listing contexts for virtual host 'localhost'
09-Sep-2019 15:59:22.239 INFO [http-nio-8080-exec-1348] org.apache.catalina.core.ApplicationContext.log Manager: undeploy: Undeploying web application at '/Opportunity'
09-Sep-2019 15:59:23.685 INFO [http-nio-8080-exec-1354] org.apache.catalina.core.ApplicationContext.log Manager: install: Installing context configuration at 'file:/C:/Users/PAULO~1.BEZ/AppData/Local/Temp/context3524242837932863861.xml'
09-Sep-2019 15:59:24.892 INFO [http-nio-8080-exec-1341] org.apache.catalina.core.ApplicationContext.log Manager: start: Starting web application '/Opportunity'
09-Sep-2019 16:01:49.361 INFO [http-nio-8080-exec-1355] org.apache.catalina.core.ApplicationContext.log Manager: list: Listing contexts for virtual host 'localhost'
09-Sep-2019 16:01:49.728 INFO [http-nio-8080-exec-1360] org.apache.catalina.core.ApplicationContext.log Manager: restart: Reloading web application '/Opportunity'
09-Sep-2019 16:01:53.854 INFO [http-nio-8080-exec-1363] org.apache.catalina.core.ApplicationContext.log Manager: list: Listing contexts for virtual host 'localhost'
09-Sep-2019 16:01:55.094 INFO [http-nio-8080-exec-1364] org.apache.catalina.core.ApplicationContext.log Manager: restart: Reloading web application '/Opportunity'
09-Sep-2019 16:03:43.195 INFO [http-nio-8080-exec-1369] org.apache.catalina.core.ApplicationContext.log Manager: list: Listing contexts for virtual host 'localhost'
09-Sep-2019 16:03:43.526 INFO [http-nio-8080-exec-1370] org.apache.catalina.core.ApplicationContext.log Manager: restart: Reloading web application '/Opportunity'
09-Sep-2019 16:04:41.693 INFO [http-nio-8080-exec-1368] org.apache.catalina.core.ApplicationContext.log Manager: list: Listing contexts for virtual host 'localhost'
09-Sep-2019 16:04:41.955 INFO [http-nio-8080-exec-1377] org.apache.catalina.core.ApplicationContext.log Manager: restart: Reloading web application '/Opportunity'
09-Sep-2019 16:05:18.282 INFO [http-nio-8080-exec-1381] org.apache.catalina.core.ApplicationContext.log Manager: list: Listing contexts for virtual host 'localhost'
09-Sep-2019 16:05:18.614 INFO [http-nio-8080-exec-1365] org.apache.catalina.core.ApplicationContext.log Manager: restart: Reloading web application '/Opportunity'
09-Sep-2019 16:05:26.166 INFO [http-nio-8080-exec-1375] org.apache.catalina.core.ApplicationContext.log Manager: list: Listing contexts for virtual host 'localhost'
09-Sep-2019 16:05:26.466 INFO [http-nio-8080-exec-1381] org.apache.catalina.core.ApplicationContext.log Manager: restart: Reloading web application '/Opportunity'
09-Sep-2019 16:07:02.429 INFO [http-nio-8080-exec-1391] org.apache.catalina.core.ApplicationContext.log Manager: list: Listing contexts for virtual host 'localhost'
09-Sep-2019 16:07:08.226 INFO [http-nio-8080-exec-1389] org.apache.catalina.core.ApplicationContext.log Manager: list: Listing contexts for virtual host 'localhost'
09-Sep-2019 16:07:08.230 INFO [http-nio-8080-exec-1390] org.apache.catalina.core.ApplicationContext.log Manager: list: Listing contexts for virtual host 'localhost'
09-Sep-2019 16:07:08.275 INFO [http-nio-8080-exec-1391] org.apache.catalina.core.ApplicationContext.log Manager: undeploy: Undeploying web application at '/Opportunity'
09-Sep-2019 16:07:09.919 INFO [http-nio-8080-exec-1395] org.apache.catalina.core.ApplicationContext.log Manager: install: Installing context configuration at 'file:/C:/Users/PAULO~1.BEZ/AppData/Local/Temp/context986101643246455129.xml'
09-Sep-2019 16:07:15.312 INFO [http-nio-8080-exec-1390] org.apache.catalina.core.ApplicationContext.log Manager: start: Starting web application '/Opportunity'
09-Sep-2019 16:08:01.715 INFO [http-nio-8080-exec-1393] org.apache.catalina.core.ApplicationContext.log Manager: list: Listing contexts for virtual host 'localhost'
09-Sep-2019 16:08:16.346 INFO [http-nio-8080-exec-1402] org.apache.catalina.core.ApplicationContext.log Manager: list: Listing contexts for virtual host 'localhost'
09-Sep-2019 16:08:32.512 INFO [http-nio-8080-exec-1400] org.apache.catalina.core.ApplicationContext.log Manager: list: Listing contexts for virtual host 'localhost'
09-Sep-2019 16:10:08.472 INFO [http-nio-8080-exec-1405] org.apache.catalina.core.ApplicationContext.log Manager: list: Listing contexts for virtual host 'localhost'
09-Sep-2019 16:10:08.795 INFO [http-nio-8080-exec-1401] org.apache.catalina.core.ApplicationContext.log Manager: restart: Reloading web application '/Opportunity'
09-Sep-2019 16:10:21.803 INFO [http-nio-8080-exec-1399] org.apache.catalina.core.ApplicationContext.log Manager: list: Listing contexts for virtual host 'localhost'
09-Sep-2019 16:10:22.075 INFO [http-nio-8080-exec-1404] org.apache.catalina.core.ApplicationContext.log Manager: restart: Reloading web application '/Opportunity'
09-Sep-2019 16:10:47.911 INFO [http-nio-8080-exec-1407] org.apache.catalina.core.ApplicationContext.log Manager: list: Listing contexts for virtual host 'localhost'
09-Sep-2019 16:10:47.915 INFO [http-nio-8080-exec-1399] org.apache.catalina.core.ApplicationContext.log Manager: list: Listing contexts for virtual host 'localhost'
09-Sep-2019 16:10:47.935 INFO [http-nio-8080-exec-1409] org.apache.catalina.core.ApplicationContext.log Manager: undeploy: Undeploying web application at '/Opportunity'
09-Sep-2019 16:10:49.188 INFO [http-nio-8080-exec-1411] org.apache.catalina.core.ApplicationContext.log Manager: install: Installing context configuration at 'file:/C:/Users/PAULO~1.BEZ/AppData/Local/Temp/context1870992417793499009.xml'
09-Sep-2019 16:10:50.234 INFO [http-nio-8080-exec-1402] org.apache.catalina.core.ApplicationContext.log Manager: start: Starting web application '/Opportunity'
09-Sep-2019 16:13:48.884 INFO [http-nio-8080-exec-1422] org.apache.catalina.core.ApplicationContext.log Manager: list: Listing contexts for virtual host 'localhost'
09-Sep-2019 16:13:48.898 INFO [http-nio-8080-exec-1417] org.apache.catalina.core.ApplicationContext.log Manager: undeploy: Undeploying web application at '/Opportunity'
09-Sep-2019 16:17:24.703 INFO [http-nio-8080-exec-1413] org.apache.catalina.core.ApplicationContext.log Manager: list: Listing contexts for virtual host 'localhost'
09-Sep-2019 16:18:26.976 INFO [http-nio-8080-exec-1423] org.apache.catalina.core.ApplicationContext.log Manager: list: Listing contexts for virtual host 'localhost'
09-Sep-2019 16:45:56.135 INFO [http-nio-8080-exec-1430] org.apache.catalina.core.ApplicationContext.log Manager: list: Listing contexts for virtual host 'localhost'
09-Sep-2019 16:46:29.766 INFO [http-nio-8080-exec-1432] org.apache.catalina.core.ApplicationContext.log Manager: list: Listing contexts for virtual host 'localhost'
09-Sep-2019 16:47:23.955 INFO [http-nio-8080-exec-1427] org.apache.catalina.core.ApplicationContext.log Manager: list: Listing contexts for virtual host 'localhost'
09-Sep-2019 16:48:16.181 INFO [http-nio-8080-exec-1432] org.apache.catalina.core.ApplicationContext.log Manager: list: Listing contexts for virtual host 'localhost'
09-Sep-2019 16:48:24.420 INFO [http-nio-8080-exec-1425] org.apache.catalina.core.ApplicationContext.log Manager: list: Listing contexts for virtual host 'localhost'
09-Sep-2019 16:48:24.422 INFO [http-nio-8080-exec-1431] org.apache.catalina.core.ApplicationContext.log Manager: list: Listing contexts for virtual host 'localhost'
09-Sep-2019 16:48:24.587 INFO [http-nio-8080-exec-1432] org.apache.catalina.core.ApplicationContext.log Manager: install: Installing context configuration at 'file:/C:/Users/PAULO~1.BEZ/AppData/Local/Temp/context5689770840620047619.xml'
09-Sep-2019 16:48:32.290 INFO [http-nio-8080-exec-1426] org.apache.catalina.core.ApplicationContext.log Manager: start: Starting web application '/Opportunity'
09-Sep-2019 16:50:00.477 INFO [http-nio-8080-exec-1423] org.apache.catalina.core.ApplicationContext.log Manager: list: Listing contexts for virtual host 'localhost'
09-Sep-2019 16:50:48.613 INFO [http-nio-8080-exec-1428] org.apache.catalina.core.ApplicationContext.log Manager: list: Listing contexts for virtual host 'localhost'
09-Sep-2019 16:50:57.368 INFO [http-nio-8080-exec-1429] org.apache.catalina.core.ApplicationContext.log Manager: list: Listing contexts for virtual host 'localhost'
09-Sep-2019 16:50:57.370 INFO [http-nio-8080-exec-1427] org.apache.catalina.core.ApplicationContext.log Manager: list: Listing contexts for virtual host 'localhost'
09-Sep-2019 16:50:57.420 INFO [http-nio-8080-exec-1424] org.apache.catalina.core.ApplicationContext.log Manager: undeploy: Undeploying web application at '/Opportunity'
09-Sep-2019 16:51:15.714 INFO [http-nio-8080-exec-1432] org.apache.catalina.core.ApplicationContext.log Manager: install: Installing context configuration at 'file:/C:/Users/PAULO~1.BEZ/AppData/Local/Temp/context6044933724491365365.xml'
09-Sep-2019 16:51:23.577 INFO [http-nio-8080-exec-1429] org.apache.catalina.core.ApplicationContext.log Manager: start: Starting web application '/Opportunity'
09-Sep-2019 16:52:36.502 INFO [http-nio-8080-exec-1440] org.apache.catalina.core.ApplicationContext.log Manager: list: Listing contexts for virtual host 'localhost'
09-Sep-2019 16:52:36.510 INFO [http-nio-8080-exec-1438] org.apache.catalina.core.ApplicationContext.log Manager: undeploy: Undeploying web application at '/Opportunity'
09-Sep-2019 17:21:26.272 INFO [http-nio-8080-exec-1446] org.apache.catalina.core.ApplicationContext.log Manager: list: Listing contexts for virtual host 'localhost'
09-Sep-2019 17:21:28.129 INFO [http-nio-8080-exec-1450] org.apache.catalina.core.ApplicationContext.log Manager: list: Listing contexts for virtual host 'localhost'
09-Sep-2019 17:21:28.973 INFO [http-nio-8080-exec-1444] org.apache.catalina.core.ApplicationContext.log Manager: list: Listing contexts for virtual host 'localhost'
09-Sep-2019 17:21:52.081 INFO [http-nio-8080-exec-1450] org.apache.catalina.core.ApplicationContext.log Manager: list: Listing contexts for virtual host 'localhost'
09-Sep-2019 17:21:59.526 INFO [http-nio-8080-exec-1446] org.apache.catalina.core.ApplicationContext.log Manager: list: Listing contexts for virtual host 'localhost'
09-Sep-2019 17:21:59.529 INFO [http-nio-8080-exec-1447] org.apache.catalina.core.ApplicationContext.log Manager: list: Listing contexts for virtual host 'localhost'
09-Sep-2019 17:22:00.008 INFO [http-nio-8080-exec-1448] org.apache.catalina.core.ApplicationContext.log Manager: install: Installing context configuration at 'file:/C:/Users/PAULO~1.BEZ/AppData/Local/Temp/context6974731935356085164.xml'
09-Sep-2019 17:22:09.380 INFO [http-nio-8080-exec-1449] org.apache.catalina.core.ApplicationContext.log Manager: start: Starting web application '/Opportunity'
09-Sep-2019 17:22:34.329 INFO [http-nio-8080-exec-1449] org.apache.catalina.core.ApplicationContext.log Manager: list: Listing contexts for virtual host 'localhost'
09-Sep-2019 17:22:34.850 INFO [http-nio-8080-exec-1450] org.apache.catalina.core.ApplicationContext.log Manager: restart: Reloading web application '/Opportunity'
09-Sep-2019 17:32:19.784 INFO [http-nio-8080-exec-1453] org.apache.catalina.core.ApplicationContext.log Manager: list: Listing contexts for virtual host 'localhost'
09-Sep-2019 17:32:19.791 INFO [http-nio-8080-exec-1461] org.apache.catalina.core.ApplicationContext.log Manager: list: Listing contexts for virtual host 'localhost'
09-Sep-2019 17:32:19.874 INFO [http-nio-8080-exec-1457] org.apache.catalina.core.ApplicationContext.log Manager: undeploy: Undeploying web application at '/Opportunity'
09-Sep-2019 17:32:39.820 INFO [http-nio-8080-exec-1455] org.apache.catalina.core.ApplicationContext.log Manager: install: Installing context configuration at 'file:/C:/Users/PAULO~1.BEZ/AppData/Local/Temp/context8656321325908362505.xml'
09-Sep-2019 17:32:51.106 INFO [http-nio-8080-exec-1462] org.apache.catalina.core.ApplicationContext.log Manager: start: Starting web application '/Opportunity'
09-Sep-2019 17:36:50.079 INFO [http-nio-8080-exec-1467] org.apache.catalina.core.ApplicationContext.log Manager: list: Listing contexts for virtual host 'localhost'
09-Sep-2019 17:36:50.435 INFO [http-nio-8080-exec-1468] org.apache.catalina.core.ApplicationContext.log Manager: restart: Reloading web application '/Opportunity'
09-Sep-2019 17:41:19.514 INFO [http-nio-8080-exec-1476] org.apache.catalina.core.ApplicationContext.log Manager: list: Listing contexts for virtual host 'localhost'
09-Sep-2019 17:41:20.073 INFO [http-nio-8080-exec-1477] org.apache.catalina.core.ApplicationContext.log Manager: restart: Reloading web application '/Opportunity'
09-Sep-2019 17:45:29.270 INFO [http-nio-8080-exec-1486] org.apache.catalina.core.ApplicationContext.log Manager: list: Listing contexts for virtual host 'localhost'
09-Sep-2019 17:45:29.732 INFO [http-nio-8080-exec-1487] org.apache.catalina.core.ApplicationContext.log Manager: restart: Reloading web application '/Opportunity'
09-Sep-2019 17:45:54.683 INFO [http-nio-8080-exec-1484] org.apache.catalina.core.ApplicationContext.log Manager: list: Listing contexts for virtual host 'localhost'
09-Sep-2019 17:45:55.133 INFO [http-nio-8080-exec-1491] org.apache.catalina.core.ApplicationContext.log Manager: restart: Reloading web application '/Opportunity'
09-Sep-2019 17:46:13.957 INFO [http-nio-8080-exec-1494] org.apache.catalina.core.ApplicationContext.log Manager: list: Listing contexts for virtual host 'localhost'
09-Sep-2019 17:46:32.174 INFO [http-nio-8080-exec-1485] org.apache.catalina.core.ApplicationContext.log Manager: list: Listing contexts for virtual host 'localhost'
09-Sep-2019 17:46:43.065 INFO [http-nio-8080-exec-1499] org.apache.catalina.core.ApplicationContext.log Manager: list: Listing contexts for virtual host 'localhost'
09-Sep-2019 17:46:43.070 INFO [http-nio-8080-exec-1497] org.apache.catalina.core.ApplicationContext.log Manager: list: Listing contexts for virtual host 'localhost'
09-Sep-2019 17:46:43.139 INFO [http-nio-8080-exec-1498] org.apache.catalina.core.ApplicationContext.log Manager: undeploy: Undeploying web application at '/Opportunity'
09-Sep-2019 17:46:44.570 INFO [http-nio-8080-exec-1501] org.apache.catalina.core.ApplicationContext.log Manager: install: Installing context configuration at 'file:/C:/Users/PAULO~1.BEZ/AppData/Local/Temp/context5431731250485940455.xml'
09-Sep-2019 17:46:46.978 INFO [http-nio-8080-exec-1496] org.apache.catalina.core.ApplicationContext.log Manager: start: Starting web application '/Opportunity'
09-Sep-2019 17:47:46.593 INFO [http-nio-8080-exec-1497] org.apache.catalina.core.ApplicationContext.log Manager: list: Listing contexts for virtual host 'localhost'
09-Sep-2019 17:48:21.623 INFO [http-nio-8080-exec-1503] org.apache.catalina.core.ApplicationContext.log Manager: list: Listing contexts for virtual host 'localhost'
09-Sep-2019 17:48:55.320 INFO [http-nio-8080-exec-1506] org.apache.catalina.core.ApplicationContext.log Manager: list: Listing contexts for virtual host 'localhost'
09-Sep-2019 17:49:22.184 INFO [http-nio-8080-exec-1511] org.apache.catalina.core.ApplicationContext.log Manager: list: Listing contexts for virtual host 'localhost'
09-Sep-2019 17:49:30.591 INFO [http-nio-8080-exec-1503] org.apache.catalina.core.ApplicationContext.log Manager: list: Listing contexts for virtual host 'localhost'
09-Sep-2019 17:49:30.594 INFO [http-nio-8080-exec-1508] org.apache.catalina.core.ApplicationContext.log Manager: list: Listing contexts for virtual host 'localhost'
09-Sep-2019 17:49:30.653 INFO [http-nio-8080-exec-1510] org.apache.catalina.core.ApplicationContext.log Manager: undeploy: Undeploying web application at '/Opportunity'
09-Sep-2019 17:49:35.894 INFO [http-nio-8080-exec-1502] org.apache.catalina.core.ApplicationContext.log Manager: install: Installing context configuration at 'file:/C:/Users/PAULO~1.BEZ/AppData/Local/Temp/context3835154274049154143.xml'
09-Sep-2019 17:52:22.579 INFO [http-nio-8080-exec-1503] org.apache.catalina.core.ApplicationContext.log Manager: list: Listing contexts for virtual host 'localhost'
09-Sep-2019 17:52:23.075 INFO [http-nio-8080-exec-1507] org.apache.catalina.core.ApplicationContext.log Manager: list: Listing contexts for virtual host 'localhost'
09-Sep-2019 17:52:23.114 INFO [http-nio-8080-exec-1515] org.apache.catalina.core.ApplicationContext.log Manager: undeploy: Undeploying web application at '/Opportunity'
09-Sep-2019 17:52:23.963 INFO [http-nio-8080-exec-1506] org.apache.catalina.core.ApplicationContext.log Manager: install: Installing context configuration at 'file:/C:/Users/PAULO~1.BEZ/AppData/Local/Temp/context6984143433328164938.xml'
09-Sep-2019 17:52:29.358 INFO [http-nio-8080-exec-1509] org.apache.catalina.core.ApplicationContext.log Manager: start: Starting web application '/Opportunity'
09-Sep-2019 18:02:14.945 INFO [http-nio-8080-exec-1516] org.apache.catalina.core.ApplicationContext.log Manager: list: Listing contexts for virtual host 'localhost'
09-Sep-2019 18:02:16.163 INFO [http-nio-8080-exec-1518] org.apache.catalina.core.ApplicationContext.log Manager: restart: Reloading web application '/Opportunity'
09-Sep-2019 18:02:40.403 INFO [http-nio-8080-exec-1521] org.apache.catalina.core.ApplicationContext.log Manager: list: Listing contexts for virtual host 'localhost'
09-Sep-2019 18:02:40.422 INFO [http-nio-8080-exec-1515] org.apache.catalina.core.ApplicationContext.log Manager: undeploy: Undeploying web application at '/Opportunity'
09-Sep-2019 18:37:18.050 INFO [http-nio-8080-exec-1528] org.apache.catalina.core.ApplicationContext.log Manager: list: Listing contexts for virtual host 'localhost'
09-Sep-2019 18:37:26.023 INFO [http-nio-8080-exec-1534] org.apache.catalina.core.ApplicationContext.log Manager: list: Listing contexts for virtual host 'localhost'
09-Sep-2019 18:37:26.027 INFO [http-nio-8080-exec-1527] org.apache.catalina.core.ApplicationContext.log Manager: list: Listing contexts for virtual host 'localhost'
09-Sep-2019 18:37:26.178 INFO [http-nio-8080-exec-1526] org.apache.catalina.core.ApplicationContext.log Manager: install: Installing context configuration at 'file:/C:/Users/PAULO~1.BEZ/AppData/Local/Temp/context2459860489766872690.xml'
09-Sep-2019 18:37:39.396 INFO [http-nio-8080-exec-1525] org.apache.catalina.core.ApplicationContext.log Manager: start: Starting web application '/Opportunity'
09-Sep-2019 18:37:45.693 INFO [http-nio-8080-exec-1534] org.apache.catalina.core.ApplicationContext.log Manager: list: Listing contexts for virtual host 'localhost'
09-Sep-2019 18:37:59.533 INFO [http-nio-8080-exec-1534] org.apache.catalina.core.ApplicationContext.log Manager: list: Listing contexts for virtual host 'localhost'
09-Sep-2019 18:37:59.537 INFO [http-nio-8080-exec-1527] org.apache.catalina.core.ApplicationContext.log Manager: list: Listing contexts for virtual host 'localhost'
09-Sep-2019 18:37:59.570 INFO [http-nio-8080-exec-1525] org.apache.catalina.core.ApplicationContext.log Manager: undeploy: Undeploying web application at '/Opportunity'
09-Sep-2019 18:38:37.472 INFO [http-nio-8080-exec-1534] org.apache.catalina.core.ApplicationContext.log Manager: install: Installing context configuration at 'file:/C:/Users/PAULO~1.BEZ/AppData/Local/Temp/context8707274018359670387.xml'
09-Sep-2019 18:38:41.337 INFO [http-nio-8080-exec-1529] org.apache.catalina.core.ApplicationContext.log Manager: start: Starting web application '/Opportunity'
09-Sep-2019 18:40:50.575 INFO [http-nio-8080-exec-1539] org.apache.catalina.core.ApplicationContext.log Manager: list: Listing contexts for virtual host 'localhost'
09-Sep-2019 18:40:51.016 INFO [http-nio-8080-exec-1540] org.apache.catalina.core.ApplicationContext.log Manager: restart: Reloading web application '/Opportunity'
09-Sep-2019 18:41:18.785 INFO [http-nio-8080-exec-1541] org.apache.catalina.core.ApplicationContext.log Manager: list: Listing contexts for virtual host 'localhost'
09-Sep-2019 18:42:17.345 INFO [http-nio-8080-exec-1541] org.apache.catalina.core.ApplicationContext.log Manager: list: Listing contexts for virtual host 'localhost'
09-Sep-2019 18:42:17.760 INFO [http-nio-8080-exec-1535] org.apache.catalina.core.ApplicationContext.log Manager: restart: Reloading web application '/Opportunity'
09-Sep-2019 18:42:58.599 INFO [http-nio-8080-exec-1537] org.apache.catalina.core.ApplicationContext.log Manager: list: Listing contexts for virtual host 'localhost'
09-Sep-2019 18:42:58.603 INFO [http-nio-8080-exec-1541] org.apache.catalina.core.ApplicationContext.log Manager: list: Listing contexts for virtual host 'localhost'
09-Sep-2019 18:42:58.665 INFO [http-nio-8080-exec-1547] org.apache.catalina.core.ApplicationContext.log Manager: undeploy: Undeploying web application at '/Opportunity'
09-Sep-2019 18:43:00.137 INFO [http-nio-8080-exec-1548] org.apache.catalina.core.ApplicationContext.log Manager: install: Installing context configuration at 'file:/C:/Users/PAULO~1.BEZ/AppData/Local/Temp/context4370759706521781853.xml'
09-Sep-2019 18:43:02.259 INFO [http-nio-8080-exec-1550] org.apache.catalina.core.ApplicationContext.log Manager: start: Starting web application '/Opportunity'
09-Sep-2019 18:44:22.497 INFO [http-nio-8080-exec-1555] org.apache.catalina.core.ApplicationContext.log Manager: list: Listing contexts for virtual host 'localhost'
09-Sep-2019 18:44:22.964 INFO [http-nio-8080-exec-1556] org.apache.catalina.core.ApplicationContext.log Manager: restart: Reloading web application '/Opportunity'
09-Sep-2019 18:47:09.962 INFO [http-nio-8080-exec-1564] org.apache.catalina.core.ApplicationContext.log Manager: list: Listing contexts for virtual host 'localhost'
09-Sep-2019 18:47:10.421 INFO [http-nio-8080-exec-1565] org.apache.catalina.core.ApplicationContext.log Manager: restart: Reloading web application '/Opportunity'
09-Sep-2019 18:50:02.577 INFO [http-nio-8080-exec-1573] org.apache.catalina.core.ApplicationContext.log Manager: list: Listing contexts for virtual host 'localhost'
09-Sep-2019 18:50:02.939 INFO [http-nio-8080-exec-1557] org.apache.catalina.core.ApplicationContext.log Manager: restart: Reloading web application '/Opportunity'
09-Sep-2019 18:51:18.491 INFO [http-nio-8080-exec-1563] org.apache.catalina.core.ApplicationContext.log Manager: list: Listing contexts for virtual host 'localhost'
09-Sep-2019 18:51:18.848 INFO [http-nio-8080-exec-1564] org.apache.catalina.core.ApplicationContext.log Manager: restart: Reloading web application '/Opportunity'
09-Sep-2019 18:52:10.051 INFO [http-nio-8080-exec-1571] org.apache.catalina.core.ApplicationContext.log Manager: list: Listing contexts for virtual host 'localhost'
09-Sep-2019 18:52:10.405 INFO [http-nio-8080-exec-1575] org.apache.catalina.core.ApplicationContext.log Manager: restart: Reloading web application '/Opportunity'
09-Sep-2019 18:52:40.993 INFO [http-nio-8080-exec-1571] org.apache.catalina.core.ApplicationContext.log Manager: list: Listing contexts for virtual host 'localhost'
09-Sep-2019 18:52:41.454 INFO [http-nio-8080-exec-1577] org.apache.catalina.core.ApplicationContext.log Manager: restart: Reloading web application '/Opportunity'
09-Sep-2019 18:53:53.998 INFO [http-nio-8080-exec-1561] org.apache.catalina.core.ApplicationContext.log Manager: list: Listing contexts for virtual host 'localhost'
09-Sep-2019 18:53:54.379 INFO [http-nio-8080-exec-1582] org.apache.catalina.core.ApplicationContext.log Manager: restart: Reloading web application '/Opportunity'
09-Sep-2019 18:54:12.887 INFO [http-nio-8080-exec-1588] org.apache.catalina.core.ApplicationContext.log Manager: list: Listing contexts for virtual host 'localhost'
09-Sep-2019 18:54:13.267 INFO [http-nio-8080-exec-1586] org.apache.catalina.core.ApplicationContext.log Manager: restart: Reloading web application '/Opportunity'
09-Sep-2019 18:54:25.470 INFO [http-nio-8080-exec-1584] org.apache.catalina.core.ApplicationContext.log Manager: list: Listing contexts for virtual host 'localhost'
09-Sep-2019 18:54:25.858 INFO [http-nio-8080-exec-1587] org.apache.catalina.core.ApplicationContext.log Manager: restart: Reloading web application '/Opportunity'
09-Sep-2019 18:54:32.366 INFO [http-nio-8080-exec-1583] org.apache.catalina.core.ApplicationContext.log Manager: list: Listing contexts for virtual host 'localhost'
09-Sep-2019 18:54:32.643 INFO [http-nio-8080-exec-1584] org.apache.catalina.core.ApplicationContext.log Manager: restart: Reloading web application '/Opportunity'
09-Sep-2019 18:56:23.526 INFO [http-nio-8080-exec-1583] org.apache.catalina.core.ApplicationContext.log Manager: list: Listing contexts for virtual host 'localhost'
09-Sep-2019 18:56:23.835 INFO [http-nio-8080-exec-1588] org.apache.catalina.core.ApplicationContext.log Manager: restart: Reloading web application '/Opportunity'
09-Sep-2019 18:57:33.286 INFO [http-nio-8080-exec-1571] org.apache.catalina.core.ApplicationContext.log Manager: list: Listing contexts for virtual host 'localhost'
09-Sep-2019 18:57:33.596 INFO [http-nio-8080-exec-1583] org.apache.catalina.core.ApplicationContext.log Manager: restart: Reloading web application '/Opportunity'
09-Sep-2019 18:58:25.353 INFO [http-nio-8080-exec-1561] org.apache.catalina.core.ApplicationContext.log Manager: list: Listing contexts for virtual host 'localhost'
09-Sep-2019 18:58:25.599 INFO [http-nio-8080-exec-1605] org.apache.catalina.core.ApplicationContext.log Manager: restart: Reloading web application '/Opportunity'
09-Sep-2019 18:58:56.698 INFO [http-nio-8080-exec-1603] org.apache.catalina.core.ApplicationContext.log Manager: list: Listing contexts for virtual host 'localhost'
09-Sep-2019 18:58:56.987 INFO [http-nio-8080-exec-1608] org.apache.catalina.core.ApplicationContext.log Manager: restart: Reloading web application '/Opportunity'
09-Sep-2019 18:59:44.170 INFO [http-nio-8080-exec-1598] org.apache.catalina.core.ApplicationContext.log Manager: list: Listing contexts for virtual host 'localhost'
09-Sep-2019 18:59:44.411 INFO [http-nio-8080-exec-1603] org.apache.catalina.core.ApplicationContext.log Manager: restart: Reloading web application '/Opportunity'
09-Sep-2019 19:00:44.178 INFO [http-nio-8080-exec-1571] org.apache.catalina.core.ApplicationContext.log Manager: list: Listing contexts for virtual host 'localhost'
09-Sep-2019 19:02:03.570 INFO [http-nio-8080-exec-1610] org.apache.catalina.core.ApplicationContext.log Manager: list: Listing contexts for virtual host 'localhost'
09-Sep-2019 19:02:41.535 INFO [http-nio-8080-exec-1615] org.apache.catalina.core.ApplicationContext.log Manager: list: Listing contexts for virtual host 'localhost'
09-Sep-2019 19:02:51.023 INFO [http-nio-8080-exec-1620] org.apache.catalina.core.ApplicationContext.log Manager: list: Listing contexts for virtual host 'localhost'
09-Sep-2019 19:02:51.034 INFO [http-nio-8080-exec-1612] org.apache.catalina.core.ApplicationContext.log Manager: list: Listing contexts for virtual host 'localhost'
09-Sep-2019 19:02:52.045 INFO [http-nio-8080-exec-1615] org.apache.catalina.core.ApplicationContext.log Manager: undeploy: Undeploying web application at '/Opportunity'
09-Sep-2019 19:03:03.744 INFO [http-nio-8080-exec-1620] org.apache.catalina.core.ApplicationContext.log Manager: install: Installing context configuration at 'file:/C:/Users/PAULO~1.BEZ/AppData/Local/Temp/context2294160401042860311.xml'
09-Sep-2019 19:03:07.715 INFO [http-nio-8080-exec-1618] org.apache.catalina.core.ApplicationContext.log Manager: start: Starting web application '/Opportunity'
09-Sep-2019 19:03:30.552 INFO [http-nio-8080-exec-1623] org.apache.catalina.core.ApplicationContext.log Manager: list: Listing contexts for virtual host 'localhost'
09-Sep-2019 19:03:55.838 INFO [http-nio-8080-exec-1623] org.apache.catalina.core.ApplicationContext.log Manager: list: Listing contexts for virtual host 'localhost'
09-Sep-2019 19:04:17.946 INFO [http-nio-8080-exec-1626] org.apache.catalina.core.ApplicationContext.log Manager: list: Listing contexts for virtual host 'localhost'
09-Sep-2019 19:04:34.069 INFO [http-nio-8080-exec-1624] org.apache.catalina.core.ApplicationContext.log Manager: list: Listing contexts for virtual host 'localhost'
09-Sep-2019 19:05:09.438 INFO [http-nio-8080-exec-1628] org.apache.catalina.core.ApplicationContext.log Manager: list: Listing contexts for virtual host 'localhost'
09-Sep-2019 19:05:09.443 INFO [http-nio-8080-exec-1631] org.apache.catalina.core.ApplicationContext.log Manager: list: Listing contexts for virtual host 'localhost'
09-Sep-2019 19:05:09.478 INFO [http-nio-8080-exec-1633] org.apache.catalina.core.ApplicationContext.log Manager: undeploy: Undeploying web application at '/Opportunity'
09-Sep-2019 19:05:26.586 INFO [http-nio-8080-exec-1628] org.apache.catalina.core.ApplicationContext.log Manager: install: Installing context configuration at 'file:/C:/Users/PAULO~1.BEZ/AppData/Local/Temp/context7530345126976887298.xml'
09-Sep-2019 19:05:32.320 INFO [http-nio-8080-exec-1627] org.apache.catalina.core.ApplicationContext.log Manager: start: Starting web application '/Opportunity'
09-Sep-2019 19:08:14.455 INFO [http-nio-8080-exec-1637] org.apache.catalina.core.ApplicationContext.log Manager: list: Listing contexts for virtual host 'localhost'
09-Sep-2019 19:08:16.479 INFO [http-nio-8080-exec-1638] org.apache.catalina.core.ApplicationContext.log Manager: restart: Reloading web application '/Opportunity'
09-Sep-2019 19:10:24.642 INFO [http-nio-8080-exec-3] org.apache.catalina.core.ApplicationContext.log Manager: init: Associated with Deployer 'Catalina:type=Deployer,host=localhost'
09-Sep-2019 19:10:24.642 INFO [http-nio-8080-exec-3] org.apache.catalina.core.ApplicationContext.log Manager: init: Global resources are available
09-Sep-2019 19:10:24.643 INFO [http-nio-8080-exec-3] org.apache.catalina.core.ApplicationContext.log Manager: list: Listing contexts for virtual host 'localhost'
09-Sep-2019 19:10:24.646 INFO [http-nio-8080-exec-6] org.apache.catalina.core.ApplicationContext.log Manager: list: Listing contexts for virtual host 'localhost'
09-Sep-2019 19:10:24.707 INFO [http-nio-8080-exec-4] org.apache.catalina.core.ApplicationContext.log Manager: undeploy: Undeploying web application at '/Opportunity'
09-Sep-2019 19:10:25.580 INFO [http-nio-8080-exec-6] org.apache.catalina.core.ApplicationContext.log Manager: install: Installing context configuration at 'file:/C:/Users/PAULO~1.BEZ/AppData/Local/Temp/context6827975441878993088.xml'
09-Sep-2019 19:10:26.928 INFO [http-nio-8080-exec-1] org.apache.catalina.core.ApplicationContext.log Manager: start: Starting web application '/Opportunity'
09-Sep-2019 19:11:54.093 INFO [http-nio-8080-exec-15] org.apache.catalina.core.ApplicationContext.log Manager: list: Listing contexts for virtual host 'localhost'
09-Sep-2019 19:11:54.096 INFO [http-nio-8080-exec-16] org.apache.catalina.core.ApplicationContext.log Manager: list: Listing contexts for virtual host 'localhost'
09-Sep-2019 19:11:54.522 INFO [http-nio-8080-exec-17] org.apache.catalina.core.ApplicationContext.log Manager: undeploy: Undeploying web application at '/Opportunity'
09-Sep-2019 19:11:55.555 INFO [http-nio-8080-exec-16] org.apache.catalina.core.ApplicationContext.log Manager: install: Installing context configuration at 'file:/C:/Users/PAULO~1.BEZ/AppData/Local/Temp/context4005704450603853191.xml'
09-Sep-2019 19:12:01.350 INFO [http-nio-8080-exec-19] org.apache.catalina.core.ApplicationContext.log Manager: start: Starting web application '/Opportunity'
09-Sep-2019 19:12:34.068 INFO [http-nio-8080-exec-21] org.apache.catalina.core.ApplicationContext.log Manager: list: Listing contexts for virtual host 'localhost'
09-Sep-2019 19:12:34.445 INFO [http-nio-8080-exec-19] org.apache.catalina.core.ApplicationContext.log Manager: restart: Reloading web application '/Opportunity'
09-Sep-2019 19:12:53.950 INFO [http-nio-8080-exec-25] org.apache.catalina.core.ApplicationContext.log Manager: list: Listing contexts for virtual host 'localhost'
09-Sep-2019 19:12:54.310 INFO [http-nio-8080-exec-8] org.apache.catalina.core.ApplicationContext.log Manager: restart: Reloading web application '/Opportunity'
09-Sep-2019 19:13:46.647 INFO [http-nio-8080-exec-31] org.apache.catalina.core.ApplicationContext.log Manager: list: Listing contexts for virtual host 'localhost'
09-Sep-2019 19:13:46.977 INFO [http-nio-8080-exec-25] org.apache.catalina.core.ApplicationContext.log Manager: restart: Reloading web application '/Opportunity'
09-Sep-2019 19:15:21.181 INFO [http-nio-8080-exec-40] org.apache.catalina.core.ApplicationContext.log Manager: list: Listing contexts for virtual host 'localhost'
09-Sep-2019 19:15:21.483 INFO [http-nio-8080-exec-41] org.apache.catalina.core.ApplicationContext.log Manager: restart: Reloading web application '/Opportunity'
09-Sep-2019 19:15:39.112 INFO [http-nio-8080-exec-39] org.apache.catalina.core.ApplicationContext.log Manager: list: Listing contexts for virtual host 'localhost'
09-Sep-2019 19:15:39.390 INFO [http-nio-8080-exec-42] org.apache.catalina.core.ApplicationContext.log Manager: restart: Reloading web application '/Opportunity'
09-Sep-2019 19:15:50.737 INFO [http-nio-8080-exec-48] org.apache.catalina.core.ApplicationContext.log Manager: list: Listing contexts for virtual host 'localhost'
09-Sep-2019 19:15:51.028 INFO [http-nio-8080-exec-44] org.apache.catalina.core.ApplicationContext.log Manager: restart: Reloading web application '/Opportunity'
09-Sep-2019 19:17:01.386 INFO [http-nio-8080-exec-57] org.apache.catalina.core.ApplicationContext.log Manager: list: Listing contexts for virtual host 'localhost'
09-Sep-2019 19:17:01.769 INFO [http-nio-8080-exec-58] org.apache.catalina.core.ApplicationContext.log Manager: restart: Reloading web application '/Opportunity'
09-Sep-2019 19:17:44.992 INFO [http-nio-8080-exec-50] org.apache.catalina.core.ApplicationContext.log Manager: list: Listing contexts for virtual host 'localhost'
09-Sep-2019 19:17:45.000 INFO [http-nio-8080-exec-62] org.apache.catalina.core.ApplicationContext.log Manager: undeploy: Undeploying web application at '/Opportunity'
09-Sep-2019 19:38:29.905 INFO [http-nio-8080-exec-71] org.apache.catalina.core.ApplicationContext.log Manager: list: Listing contexts for virtual host 'localhost'
09-Sep-2019 19:38:36.837 INFO [http-nio-8080-exec-77] org.apache.catalina.core.ApplicationContext.log Manager: list: Listing contexts for virtual host 'localhost'
09-Sep-2019 19:38:36.839 INFO [http-nio-8080-exec-68] org.apache.catalina.core.ApplicationContext.log Manager: list: Listing contexts for virtual host 'localhost'
09-Sep-2019 19:38:36.949 INFO [http-nio-8080-exec-69] org.apache.catalina.core.ApplicationContext.log Manager: install: Installing context configuration at 'file:/C:/Users/PAULO~1.BEZ/AppData/Local/Temp/context5882900524792822325.xml'
09-Sep-2019 19:38:45.272 INFO [http-nio-8080-exec-70] org.apache.catalina.core.ApplicationContext.log Manager: start: Starting web application '/Opportunity'
09-Sep-2019 19:39:49.168 INFO [http-nio-8080-exec-70] org.apache.catalina.core.ApplicationContext.log Manager: list: Listing contexts for virtual host 'localhost'
09-Sep-2019 19:39:57.015 INFO [http-nio-8080-exec-77] org.apache.catalina.core.ApplicationContext.log Manager: list: Listing contexts for virtual host 'localhost'
09-Sep-2019 19:39:57.019 INFO [http-nio-8080-exec-68] org.apache.catalina.core.ApplicationContext.log Manager: list: Listing contexts for virtual host 'localhost'
09-Sep-2019 19:39:57.048 INFO [http-nio-8080-exec-69] org.apache.catalina.core.ApplicationContext.log Manager: undeploy: Undeploying web application at '/Opportunity'
09-Sep-2019 19:39:58.831 INFO [http-nio-8080-exec-74] org.apache.catalina.core.ApplicationContext.log Manager: install: Installing context configuration at 'file:/C:/Users/PAULO~1.BEZ/AppData/Local/Temp/context360995095891499032.xml'
09-Sep-2019 19:40:00.924 INFO [http-nio-8080-exec-72] org.apache.catalina.core.ApplicationContext.log Manager: start: Starting web application '/Opportunity'
09-Sep-2019 19:42:38.095 INFO [http-nio-8080-exec-81] org.apache.catalina.core.ApplicationContext.log Manager: list: Listing contexts for virtual host 'localhost'
09-Sep-2019 19:42:38.108 INFO [http-nio-8080-exec-78] org.apache.catalina.core.ApplicationContext.log Manager: undeploy: Undeploying web application at '/Opportunity'
09-Sep-2019 19:44:24.776 INFO [http-nio-8080-exec-80] org.apache.catalina.core.ApplicationContext.log Manager: list: Listing contexts for virtual host 'localhost'
09-Sep-2019 19:45:02.535 INFO [http-nio-8080-exec-91] org.apache.catalina.core.ApplicationContext.log Manager: list: Listing contexts for virtual host 'localhost'
09-Sep-2019 19:46:02.041 INFO [http-nio-8080-exec-89] org.apache.catalina.core.ApplicationContext.log Manager: list: Listing contexts for virtual host 'localhost'
09-Sep-2019 19:46:02.043 INFO [http-nio-8080-exec-91] org.apache.catalina.core.ApplicationContext.log Manager: list: Listing contexts for virtual host 'localhost'
09-Sep-2019 19:46:02.175 INFO [http-nio-8080-exec-94] org.apache.catalina.core.ApplicationContext.log Manager: install: Installing context configuration at 'file:/C:/Users/PAULO~1.BEZ/AppData/Local/Temp/context6749854914530363942.xml'
09-Sep-2019 19:46:04.255 INFO [http-nio-8080-exec-83] org.apache.catalina.core.ApplicationContext.log Manager: start: Starting web application '/Opportunity'
09-Sep-2019 19:51:09.100 INFO [http-nio-8080-exec-96] org.apache.catalina.core.ApplicationContext.log Manager: list: Listing contexts for virtual host 'localhost'
09-Sep-2019 19:51:09.457 INFO [http-nio-8080-exec-93] org.apache.catalina.core.ApplicationContext.log Manager: restart: Reloading web application '/Opportunity'
09-Sep-2019 19:54:23.382 INFO [http-nio-8080-exec-101] org.apache.catalina.core.ApplicationContext.log Manager: list: Listing contexts for virtual host 'localhost'
09-Sep-2019 19:54:23.729 INFO [http-nio-8080-exec-102] org.apache.catalina.core.ApplicationContext.log Manager: restart: Reloading web application '/Opportunity'
09-Sep-2019 19:54:49.953 INFO [http-nio-8080-exec-104] org.apache.catalina.core.ApplicationContext.log Manager: list: Listing contexts for virtual host 'localhost'
09-Sep-2019 19:54:49.957 INFO [http-nio-8080-exec-106] org.apache.catalina.core.ApplicationContext.log Manager: list: Listing contexts for virtual host 'localhost'
09-Sep-2019 19:54:50.004 INFO [http-nio-8080-exec-100] org.apache.catalina.core.ApplicationContext.log Manager: undeploy: Undeploying web application at '/Opportunity'
09-Sep-2019 19:54:50.924 INFO [http-nio-8080-exec-110] org.apache.catalina.core.ApplicationContext.log Manager: install: Installing context configuration at 'file:/C:/Users/PAULO~1.BEZ/AppData/Local/Temp/context4326174171095256232.xml'
09-Sep-2019 19:54:51.982 INFO [http-nio-8080-exec-103] org.apache.catalina.core.ApplicationContext.log Manager: start: Starting web application '/Opportunity'
09-Sep-2019 19:55:33.769 INFO [http-nio-8080-exec-115] org.apache.catalina.core.ApplicationContext.log Manager: list: Listing contexts for virtual host 'localhost'
09-Sep-2019 19:55:33.780 INFO [http-nio-8080-exec-116] org.apache.catalina.core.ApplicationContext.log Manager: undeploy: Undeploying web application at '/Opportunity'
