30-Jul-2019 11:22:57.729 INFO [http-nio-8080-exec-1235] org.apache.catalina.core.ApplicationContext.log Manager: list: Listing contexts for virtual host 'localhost'
30-Jul-2019 11:22:57.745 INFO [http-nio-8080-exec-1239] org.apache.catalina.core.ApplicationContext.log Manager: list: Listing contexts for virtual host 'localhost'
30-Jul-2019 11:22:57.830 INFO [http-nio-8080-exec-1242] org.apache.catalina.core.ApplicationContext.log Manager: undeploy: Undeploying web application at '/Opportunity'
30-Jul-2019 11:23:14.434 INFO [http-nio-8080-exec-1244] org.apache.catalina.core.ApplicationContext.log Manager: install: Installing context configuration at 'file:/C:/Users/PAULO~1.BEZ/AppData/Local/Temp/context5029037573434627438.xml'
30-Jul-2019 11:23:24.702 INFO [http-nio-8080-exec-1237] org.apache.catalina.core.ApplicationContext.log Manager: start: Starting web application '/Opportunity'
30-Jul-2019 11:25:29.347 INFO [http-nio-8080-exec-1245] org.apache.catalina.core.ApplicationContext.log Manager: list: Listing contexts for virtual host 'localhost'
30-Jul-2019 11:25:29.963 INFO [http-nio-8080-exec-1247] org.apache.catalina.core.ApplicationContext.log Manager: restart: Reloading web application '/OpportunityComercial'
30-Jul-2019 11:29:07.854 INFO [http-nio-8080-exec-1258] org.apache.catalina.core.ApplicationContext.log Manager: list: Listing contexts for virtual host 'localhost'
30-Jul-2019 11:29:08.167 INFO [http-nio-8080-exec-1259] org.apache.catalina.core.ApplicationContext.log Manager: restart: Reloading web application '/OpportunityComercial'
30-Jul-2019 11:29:38.632 INFO [http-nio-8080-exec-1255] org.apache.catalina.core.ApplicationContext.log Manager: list: Listing contexts for virtual host 'localhost'
30-Jul-2019 11:29:38.882 INFO [http-nio-8080-exec-1253] org.apache.catalina.core.ApplicationContext.log Manager: restart: Reloading web application '/OpportunityComercial'
30-Jul-2019 11:30:25.781 INFO [http-nio-8080-exec-1251] org.apache.catalina.core.ApplicationContext.log Manager: list: Listing contexts for virtual host 'localhost'
30-Jul-2019 11:30:25.783 INFO [http-nio-8080-exec-1266] org.apache.catalina.core.ApplicationContext.log Manager: list: Listing contexts for virtual host 'localhost'
30-Jul-2019 11:30:25.830 INFO [http-nio-8080-exec-1267] org.apache.catalina.core.ApplicationContext.log Manager: undeploy: Undeploying web application at '/Opportunity'
30-Jul-2019 11:30:27.033 INFO [http-nio-8080-exec-1269] org.apache.catalina.core.ApplicationContext.log Manager: install: Installing context configuration at 'file:/C:/Users/PAULO~1.BEZ/AppData/Local/Temp/context7793544940291491730.xml'
30-Jul-2019 11:30:31.663 INFO [http-nio-8080-exec-1263] org.apache.catalina.core.ApplicationContext.log Manager: start: Starting web application '/Opportunity'
30-Jul-2019 11:33:01.216 INFO [http-nio-8080-exec-1277] org.apache.catalina.core.ApplicationContext.log Manager: list: Listing contexts for virtual host 'localhost'
30-Jul-2019 11:33:01.216 INFO [http-nio-8080-exec-1278] org.apache.catalina.core.ApplicationContext.log Manager: list: Listing contexts for virtual host 'localhost'
30-Jul-2019 11:33:01.247 INFO [http-nio-8080-exec-1279] org.apache.catalina.core.ApplicationContext.log Manager: undeploy: Undeploying web application at '/Opportunity'
30-Jul-2019 11:33:11.543 INFO [http-nio-8080-exec-1272] org.apache.catalina.core.ApplicationContext.log Manager: install: Installing context configuration at 'file:/C:/Users/PAULO~1.BEZ/AppData/Local/Temp/context557381718269159762.xml'
30-Jul-2019 11:34:06.513 INFO [http-nio-8080-exec-1277] org.apache.catalina.core.ApplicationContext.log Manager: list: Listing contexts for virtual host 'localhost'
30-Jul-2019 11:34:06.521 INFO [http-nio-8080-exec-1275] org.apache.catalina.core.ApplicationContext.log Manager: list: Listing contexts for virtual host 'localhost'
30-Jul-2019 11:34:06.554 INFO [http-nio-8080-exec-1280] org.apache.catalina.core.ApplicationContext.log Manager: undeploy: Undeploying web application at '/Opportunity'
30-Jul-2019 11:34:07.171 INFO [http-nio-8080-exec-1281] org.apache.catalina.core.ApplicationContext.log Manager: install: Installing context configuration at 'file:/C:/Users/PAULO~1.BEZ/AppData/Local/Temp/context5007680544154373894.xml'
30-Jul-2019 11:34:10.497 INFO [http-nio-8080-exec-1272] org.apache.catalina.core.ApplicationContext.log Manager: start: Starting web application '/Opportunity'
30-Jul-2019 11:36:16.138 INFO [http-nio-8080-exec-1288] org.apache.catalina.core.ApplicationContext.log Manager: list: Listing contexts for virtual host 'localhost'
30-Jul-2019 11:36:16.466 INFO [http-nio-8080-exec-1289] org.apache.catalina.core.ApplicationContext.log Manager: restart: Reloading web application '/OpportunityComercial'
30-Jul-2019 11:37:07.532 INFO [http-nio-8080-exec-1288] org.apache.catalina.core.ApplicationContext.log Manager: list: Listing contexts for virtual host 'localhost'
30-Jul-2019 11:37:07.544 INFO [http-nio-8080-exec-1283] org.apache.catalina.core.ApplicationContext.log Manager: undeploy: Undeploying web application at '/Opportunity'
30-Jul-2019 11:37:34.497 INFO [http-nio-8080-exec-1293] org.apache.catalina.core.ApplicationContext.log Manager: list: Listing contexts for virtual host 'localhost'
30-Jul-2019 11:39:38.431 INFO [http-nio-8080-exec-1298] org.apache.catalina.core.ApplicationContext.log Manager: list: Listing contexts for virtual host 'localhost'
30-Jul-2019 11:39:39.910 INFO [http-nio-8080-exec-1303] org.apache.catalina.core.ApplicationContext.log Manager: list: Listing contexts for virtual host 'localhost'
30-Jul-2019 11:39:39.913 INFO [http-nio-8080-exec-1304] org.apache.catalina.core.ApplicationContext.log Manager: list: Listing contexts for virtual host 'localhost'
30-Jul-2019 11:39:40.226 INFO [http-nio-8080-exec-1300] org.apache.catalina.core.ApplicationContext.log Manager: install: Installing context configuration at 'file:/C:/Users/PAULO~1.BEZ/AppData/Local/Temp/context1100770529928512238.xml'
30-Jul-2019 11:39:43.950 INFO [http-nio-8080-exec-1301] org.apache.catalina.core.ApplicationContext.log Manager: restart: Reloading web application '/OpportunityComercial'
30-Jul-2019 11:39:53.142 INFO [http-nio-8080-exec-1299] org.apache.catalina.core.ApplicationContext.log Manager: start: Starting web application '/Opportunity'
30-Jul-2019 11:54:39.338 INFO [http-nio-8080-exec-12] org.apache.catalina.core.ApplicationContext.log Manager: init: Associated with Deployer 'Catalina:type=Deployer,host=localhost'
30-Jul-2019 11:54:39.338 INFO [http-nio-8080-exec-12] org.apache.catalina.core.ApplicationContext.log Manager: init: Global resources are available
30-Jul-2019 11:54:39.338 INFO [http-nio-8080-exec-12] org.apache.catalina.core.ApplicationContext.log Manager: list: Listing contexts for virtual host 'localhost'
30-Jul-2019 11:54:39.353 INFO [http-nio-8080-exec-4] org.apache.catalina.core.ApplicationContext.log Manager: list: Listing contexts for virtual host 'localhost'
30-Jul-2019 11:54:39.409 INFO [http-nio-8080-exec-8] org.apache.catalina.core.ApplicationContext.log Manager: undeploy: Undeploying web application at '/Opportunity'
30-Jul-2019 11:54:40.190 INFO [http-nio-8080-exec-11] org.apache.catalina.core.ApplicationContext.log Manager: install: Installing context configuration at 'file:/C:/Users/PAULO~1.BEZ/AppData/Local/Temp/context2366487476908369642.xml'
30-Jul-2019 11:54:41.754 INFO [http-nio-8080-exec-6] org.apache.catalina.core.ApplicationContext.log Manager: start: Starting web application '/Opportunity'
30-Jul-2019 11:56:50.543 INFO [http-nio-8080-exec-19] org.apache.catalina.core.ApplicationContext.log Manager: list: Listing contexts for virtual host 'localhost'
30-Jul-2019 11:56:54.753 INFO [http-nio-8080-exec-23] org.apache.catalina.core.ApplicationContext.log Manager: list: Listing contexts for virtual host 'localhost'
30-Jul-2019 11:56:54.753 INFO [http-nio-8080-exec-17] org.apache.catalina.core.ApplicationContext.log Manager: list: Listing contexts for virtual host 'localhost'
30-Jul-2019 11:56:54.815 INFO [http-nio-8080-exec-18] org.apache.catalina.core.ApplicationContext.log Manager: undeploy: Undeploying web application at '/Opportunity'
30-Jul-2019 11:56:55.694 INFO [http-nio-8080-exec-21] org.apache.catalina.core.ApplicationContext.log Manager: install: Installing context configuration at 'file:/C:/Users/PAULO~1.BEZ/AppData/Local/Temp/context1584185923953864810.xml'
30-Jul-2019 11:57:01.431 INFO [http-nio-8080-exec-17] org.apache.catalina.core.ApplicationContext.log Manager: start: Starting web application '/Opportunity'
30-Jul-2019 11:57:35.500 INFO [http-nio-8080-exec-15] org.apache.catalina.core.ApplicationContext.log Manager: list: Listing contexts for virtual host 'localhost'
30-Jul-2019 11:58:13.010 INFO [http-nio-8080-exec-28] org.apache.catalina.core.ApplicationContext.log Manager: list: Listing contexts for virtual host 'localhost'
30-Jul-2019 11:58:13.014 INFO [http-nio-8080-exec-29] org.apache.catalina.core.ApplicationContext.log Manager: list: Listing contexts for virtual host 'localhost'
30-Jul-2019 11:58:13.040 INFO [http-nio-8080-exec-30] org.apache.catalina.core.ApplicationContext.log Manager: undeploy: Undeploying web application at '/Opportunity'
30-Jul-2019 11:58:13.928 INFO [http-nio-8080-exec-25] org.apache.catalina.core.ApplicationContext.log Manager: install: Installing context configuration at 'file:/C:/Users/PAULO~1.BEZ/AppData/Local/Temp/context8925181436309127442.xml'
30-Jul-2019 11:58:17.448 INFO [http-nio-8080-exec-31] org.apache.catalina.core.ApplicationContext.log Manager: start: Starting web application '/Opportunity'
30-Jul-2019 11:59:30.162 INFO [http-nio-8080-exec-40] org.apache.catalina.core.ApplicationContext.log Manager: list: Listing contexts for virtual host 'localhost'
30-Jul-2019 11:59:31.300 INFO [http-nio-8080-exec-41] org.apache.catalina.core.ApplicationContext.log Manager: restart: Reloading web application '/OpportunityComercial'
30-Jul-2019 12:00:50.757 INFO [http-nio-8080-exec-53] org.apache.catalina.core.ApplicationContext.log Manager: list: Listing contexts for virtual host 'localhost'
30-Jul-2019 12:00:51.218 INFO [http-nio-8080-exec-44] org.apache.catalina.core.ApplicationContext.log Manager: restart: Reloading web application '/OpportunityComercial'
30-Jul-2019 12:01:28.704 INFO [http-nio-8080-exec-51] org.apache.catalina.core.ApplicationContext.log Manager: list: Listing contexts for virtual host 'localhost'
30-Jul-2019 12:01:46.662 INFO [http-nio-8080-exec-46] org.apache.catalina.core.ApplicationContext.log Manager: list: Listing contexts for virtual host 'localhost'
30-Jul-2019 12:01:46.674 INFO [http-nio-8080-exec-54] org.apache.catalina.core.ApplicationContext.log Manager: undeploy: Undeploying web application at '/Opportunity'
30-Jul-2019 12:04:28.776 INFO [http-nio-8080-exec-63] org.apache.catalina.core.ApplicationContext.log Manager: list: Listing contexts for virtual host 'localhost'
30-Jul-2019 12:04:28.779 INFO [http-nio-8080-exec-57] org.apache.catalina.core.ApplicationContext.log Manager: list: Listing contexts for virtual host 'localhost'
30-Jul-2019 12:04:28.902 INFO [http-nio-8080-exec-46] org.apache.catalina.core.ApplicationContext.log Manager: install: Installing context configuration at 'file:/C:/Users/PAULO~1.BEZ/AppData/Local/Temp/context4408439347924457661.xml'
30-Jul-2019 12:04:30.279 INFO [http-nio-8080-exec-55] org.apache.catalina.core.ApplicationContext.log Manager: start: Starting web application '/Opportunity'
30-Jul-2019 12:05:24.111 INFO [http-nio-8080-exec-67] org.apache.catalina.core.ApplicationContext.log Manager: list: Listing contexts for virtual host 'localhost'
30-Jul-2019 12:05:24.569 INFO [http-nio-8080-exec-59] org.apache.catalina.core.ApplicationContext.log Manager: restart: Reloading web application '/Opportunity'
30-Jul-2019 12:06:14.276 INFO [http-nio-8080-exec-67] org.apache.catalina.core.ApplicationContext.log Manager: list: Listing contexts for virtual host 'localhost'
30-Jul-2019 12:06:14.566 INFO [http-nio-8080-exec-69] org.apache.catalina.core.ApplicationContext.log Manager: restart: Reloading web application '/Opportunity'
30-Jul-2019 12:06:49.518 INFO [http-nio-8080-exec-63] org.apache.catalina.core.ApplicationContext.log Manager: list: Listing contexts for virtual host 'localhost'
30-Jul-2019 12:06:49.766 INFO [http-nio-8080-exec-67] org.apache.catalina.core.ApplicationContext.log Manager: restart: Reloading web application '/Opportunity'
30-Jul-2019 12:07:28.657 INFO [http-nio-8080-exec-73] org.apache.catalina.core.ApplicationContext.log Manager: list: Listing contexts for virtual host 'localhost'
30-Jul-2019 12:07:28.914 INFO [http-nio-8080-exec-76] org.apache.catalina.core.ApplicationContext.log Manager: restart: Reloading web application '/Opportunity'
30-Jul-2019 12:08:18.701 INFO [http-nio-8080-exec-82] org.apache.catalina.core.ApplicationContext.log Manager: list: Listing contexts for virtual host 'localhost'
30-Jul-2019 12:08:18.962 INFO [http-nio-8080-exec-83] org.apache.catalina.core.ApplicationContext.log Manager: restart: Reloading web application '/Opportunity'
30-Jul-2019 12:09:07.403 INFO [http-nio-8080-exec-89] org.apache.catalina.core.ApplicationContext.log Manager: list: Listing contexts for virtual host 'localhost'
30-Jul-2019 12:09:07.652 INFO [http-nio-8080-exec-86] org.apache.catalina.core.ApplicationContext.log Manager: restart: Reloading web application '/Opportunity'
30-Jul-2019 12:09:20.332 INFO [http-nio-8080-exec-90] org.apache.catalina.core.ApplicationContext.log Manager: list: Listing contexts for virtual host 'localhost'
30-Jul-2019 12:09:20.646 INFO [http-nio-8080-exec-93] org.apache.catalina.core.ApplicationContext.log Manager: restart: Reloading web application '/Opportunity'
30-Jul-2019 12:10:50.969 INFO [http-nio-8080-exec-100] org.apache.catalina.core.ApplicationContext.log Manager: list: Listing contexts for virtual host 'localhost'
30-Jul-2019 12:10:51.448 INFO [http-nio-8080-exec-101] org.apache.catalina.core.ApplicationContext.log Manager: restart: Reloading web application '/Opportunity'
30-Jul-2019 12:26:39.601 INFO [http-nio-8080-exec-113] org.apache.catalina.core.ApplicationContext.log Manager: list: Listing contexts for virtual host 'localhost'
30-Jul-2019 12:26:40.056 INFO [http-nio-8080-exec-114] org.apache.catalina.core.ApplicationContext.log Manager: restart: Reloading web application '/Opportunity'
30-Jul-2019 12:31:47.293 INFO [http-nio-8080-exec-121] org.apache.catalina.core.ApplicationContext.log Manager: list: Listing contexts for virtual host 'localhost'
30-Jul-2019 12:31:47.740 INFO [http-nio-8080-exec-122] org.apache.catalina.core.ApplicationContext.log Manager: restart: Reloading web application '/Opportunity'
30-Jul-2019 12:33:13.438 INFO [http-nio-8080-exec-123] org.apache.catalina.core.ApplicationContext.log Manager: list: Listing contexts for virtual host 'localhost'
30-Jul-2019 12:33:21.321 INFO [http-nio-8080-exec-129] org.apache.catalina.core.ApplicationContext.log Manager: list: Listing contexts for virtual host 'localhost'
30-Jul-2019 12:33:21.531 INFO [http-nio-8080-exec-130] org.apache.catalina.core.ApplicationContext.log Manager: restart: Reloading web application '/Opportunity'
30-Jul-2019 12:33:50.277 INFO [http-nio-8080-exec-123] org.apache.catalina.core.ApplicationContext.log Manager: list: Listing contexts for virtual host 'localhost'
30-Jul-2019 12:33:50.481 INFO [http-nio-8080-exec-125] org.apache.catalina.core.ApplicationContext.log Manager: restart: Reloading web application '/Opportunity'
30-Jul-2019 12:34:10.580 INFO [http-nio-8080-exec-128] org.apache.catalina.core.ApplicationContext.log Manager: list: Listing contexts for virtual host 'localhost'
30-Jul-2019 12:34:10.594 INFO [http-nio-8080-exec-129] org.apache.catalina.core.ApplicationContext.log Manager: undeploy: Undeploying web application at '/Opportunity'
30-Jul-2019 12:36:27.594 INFO [http-nio-8080-exec-123] org.apache.catalina.core.ApplicationContext.log Manager: list: Listing contexts for virtual host 'localhost'
30-Jul-2019 12:36:27.597 INFO [http-nio-8080-exec-139] org.apache.catalina.core.ApplicationContext.log Manager: list: Listing contexts for virtual host 'localhost'
30-Jul-2019 12:36:27.752 INFO [http-nio-8080-exec-127] org.apache.catalina.core.ApplicationContext.log Manager: install: Installing context configuration at 'file:/C:/Users/PAULO~1.BEZ/AppData/Local/Temp/context2392895297190131935.xml'
30-Jul-2019 12:36:29.248 INFO [http-nio-8080-exec-133] org.apache.catalina.core.ApplicationContext.log Manager: start: Starting web application '/Opportunity'
30-Jul-2019 12:38:16.477 INFO [http-nio-8080-exec-141] org.apache.catalina.core.ApplicationContext.log Manager: list: Listing contexts for virtual host 'localhost'
30-Jul-2019 12:38:16.480 INFO [http-nio-8080-exec-146] org.apache.catalina.core.ApplicationContext.log Manager: list: Listing contexts for virtual host 'localhost'
30-Jul-2019 12:38:16.495 INFO [http-nio-8080-exec-144] org.apache.catalina.core.ApplicationContext.log Manager: undeploy: Undeploying web application at '/Opportunity'
30-Jul-2019 12:38:17.261 INFO [http-nio-8080-exec-142] org.apache.catalina.core.ApplicationContext.log Manager: install: Installing context configuration at 'file:/C:/Users/PAULO~1.BEZ/AppData/Local/Temp/context8006231521619471951.xml'
30-Jul-2019 12:38:18.621 INFO [http-nio-8080-exec-143] org.apache.catalina.core.ApplicationContext.log Manager: start: Starting web application '/Opportunity'
30-Jul-2019 12:43:29.138 INFO [http-nio-8080-exec-155] org.apache.catalina.core.ApplicationContext.log Manager: list: Listing contexts for virtual host 'localhost'
30-Jul-2019 12:43:29.478 INFO [http-nio-8080-exec-150] org.apache.catalina.core.ApplicationContext.log Manager: restart: Reloading web application '/Opportunity'
30-Jul-2019 12:43:33.520 INFO [http-nio-8080-exec-152] org.apache.catalina.core.ApplicationContext.log Manager: list: Listing contexts for virtual host 'localhost'
30-Jul-2019 12:43:33.523 INFO [http-nio-8080-exec-157] org.apache.catalina.core.ApplicationContext.log Manager: list: Listing contexts for virtual host 'localhost'
30-Jul-2019 12:43:36.788 INFO [http-nio-8080-exec-158] org.apache.catalina.core.ApplicationContext.log Manager: undeploy: Undeploying web application at '/Opportunity'
30-Jul-2019 12:43:37.631 INFO [http-nio-8080-exec-151] org.apache.catalina.core.ApplicationContext.log Manager: install: Installing context configuration at 'file:/C:/Users/PAULO~1.BEZ/AppData/Local/Temp/context6280043106764655338.xml'
30-Jul-2019 12:43:39.514 INFO [http-nio-8080-exec-152] org.apache.catalina.core.ApplicationContext.log Manager: start: Starting web application '/Opportunity'
30-Jul-2019 12:45:23.946 INFO [http-nio-8080-exec-165] org.apache.catalina.core.ApplicationContext.log Manager: list: Listing contexts for virtual host 'localhost'
30-Jul-2019 12:45:24.233 INFO [http-nio-8080-exec-166] org.apache.catalina.core.ApplicationContext.log Manager: restart: Reloading web application '/Opportunity'
30-Jul-2019 12:47:49.012 INFO [http-nio-8080-exec-174] org.apache.catalina.core.ApplicationContext.log Manager: list: Listing contexts for virtual host 'localhost'
30-Jul-2019 12:47:49.255 INFO [http-nio-8080-exec-175] org.apache.catalina.core.ApplicationContext.log Manager: restart: Reloading web application '/Opportunity'
30-Jul-2019 12:48:50.719 INFO [http-nio-8080-exec-180] org.apache.catalina.core.ApplicationContext.log Manager: list: Listing contexts for virtual host 'localhost'
30-Jul-2019 12:48:50.737 INFO [http-nio-8080-exec-187] org.apache.catalina.core.ApplicationContext.log Manager: undeploy: Undeploying web application at '/Opportunity'
30-Jul-2019 14:42:29.521 INFO [http-nio-8080-exec-199] org.apache.catalina.core.ApplicationContext.log Manager: list: Listing contexts for virtual host 'localhost'
30-Jul-2019 14:42:29.529 INFO [http-nio-8080-exec-190] org.apache.catalina.core.ApplicationContext.log Manager: list: Listing contexts for virtual host 'localhost'
30-Jul-2019 14:42:29.685 INFO [http-nio-8080-exec-191] org.apache.catalina.core.ApplicationContext.log Manager: install: Installing context configuration at 'file:/C:/Users/PAULO~1.BEZ/AppData/Local/Temp/context389135868986623036.xml'
30-Jul-2019 14:42:36.354 INFO [http-nio-8080-exec-192] org.apache.catalina.core.ApplicationContext.log Manager: start: Starting web application '/Opportunity'
30-Jul-2019 14:51:28.607 INFO [http-nio-8080-exec-193] org.apache.catalina.core.ApplicationContext.log Manager: list: Listing contexts for virtual host 'localhost'
30-Jul-2019 14:51:29.016 INFO [http-nio-8080-exec-194] org.apache.catalina.core.ApplicationContext.log Manager: restart: Reloading web application '/Opportunity'
30-Jul-2019 15:29:40.547 INFO [http-nio-8080-exec-203] org.apache.catalina.core.ApplicationContext.log Manager: list: Listing contexts for virtual host 'localhost'
30-Jul-2019 15:29:40.829 INFO [http-nio-8080-exec-204] org.apache.catalina.core.ApplicationContext.log Manager: restart: Reloading web application '/Opportunity'
30-Jul-2019 15:30:48.150 INFO [http-nio-8080-exec-213] org.apache.catalina.core.ApplicationContext.log Manager: list: Listing contexts for virtual host 'localhost'
30-Jul-2019 15:30:48.441 INFO [http-nio-8080-exec-208] org.apache.catalina.core.ApplicationContext.log Manager: restart: Reloading web application '/Opportunity'
30-Jul-2019 15:31:25.875 INFO [http-nio-8080-exec-211] org.apache.catalina.core.ApplicationContext.log Manager: list: Listing contexts for virtual host 'localhost'
30-Jul-2019 15:31:26.246 INFO [http-nio-8080-exec-219] org.apache.catalina.core.ApplicationContext.log Manager: restart: Reloading web application '/Opportunity'
30-Jul-2019 15:31:50.062 INFO [http-nio-8080-exec-220] org.apache.catalina.core.ApplicationContext.log Manager: list: Listing contexts for virtual host 'localhost'
30-Jul-2019 15:31:50.451 INFO [http-nio-8080-exec-226] org.apache.catalina.core.ApplicationContext.log Manager: restart: Reloading web application '/Opportunity'
30-Jul-2019 15:41:50.875 INFO [http-nio-8080-exec-233] org.apache.catalina.core.ApplicationContext.log Manager: list: Listing contexts for virtual host 'localhost'
30-Jul-2019 15:41:52.507 INFO [http-nio-8080-exec-234] org.apache.catalina.core.ApplicationContext.log Manager: restart: Reloading web application '/Opportunity'
30-Jul-2019 15:42:22.944 INFO [http-nio-8080-exec-243] org.apache.catalina.core.ApplicationContext.log Manager: list: Listing contexts for virtual host 'localhost'
30-Jul-2019 15:42:23.726 INFO [http-nio-8080-exec-244] org.apache.catalina.core.ApplicationContext.log Manager: restart: Reloading web application '/Opportunity'
30-Jul-2019 15:42:34.677 INFO [http-nio-8080-exec-232] org.apache.catalina.core.ApplicationContext.log Manager: list: Listing contexts for virtual host 'localhost'
30-Jul-2019 15:42:35.077 INFO [http-nio-8080-exec-239] org.apache.catalina.core.ApplicationContext.log Manager: restart: Reloading web application '/Opportunity'
30-Jul-2019 15:42:37.674 INFO [http-nio-8080-exec-249] org.apache.catalina.core.ApplicationContext.log Manager: list: Listing contexts for virtual host 'localhost'
30-Jul-2019 15:42:37.982 INFO [http-nio-8080-exec-245] org.apache.catalina.core.ApplicationContext.log Manager: restart: Reloading web application '/Opportunity'
30-Jul-2019 15:46:50.340 INFO [http-nio-8080-exec-259] org.apache.catalina.core.ApplicationContext.log Manager: list: Listing contexts for virtual host 'localhost'
30-Jul-2019 15:46:50.696 INFO [http-nio-8080-exec-260] org.apache.catalina.core.ApplicationContext.log Manager: restart: Reloading web application '/Opportunity'
30-Jul-2019 15:48:04.998 INFO [http-nio-8080-exec-266] org.apache.catalina.core.ApplicationContext.log Manager: list: Listing contexts for virtual host 'localhost'
30-Jul-2019 15:48:05.321 INFO [http-nio-8080-exec-267] org.apache.catalina.core.ApplicationContext.log Manager: restart: Reloading web application '/Opportunity'
30-Jul-2019 15:48:58.104 INFO [http-nio-8080-exec-270] org.apache.catalina.core.ApplicationContext.log Manager: list: Listing contexts for virtual host 'localhost'
30-Jul-2019 15:48:58.459 INFO [http-nio-8080-exec-263] org.apache.catalina.core.ApplicationContext.log Manager: restart: Reloading web application '/Opportunity'
30-Jul-2019 15:49:14.418 INFO [http-nio-8080-exec-253] org.apache.catalina.core.ApplicationContext.log Manager: list: Listing contexts for virtual host 'localhost'
30-Jul-2019 15:49:14.867 INFO [http-nio-8080-exec-274] org.apache.catalina.core.ApplicationContext.log Manager: restart: Reloading web application '/Opportunity'
30-Jul-2019 15:49:33.740 INFO [http-nio-8080-exec-253] org.apache.catalina.core.ApplicationContext.log Manager: list: Listing contexts for virtual host 'localhost'
30-Jul-2019 15:49:34.061 INFO [http-nio-8080-exec-272] org.apache.catalina.core.ApplicationContext.log Manager: restart: Reloading web application '/Opportunity'
30-Jul-2019 16:15:24.517 INFO [http-nio-8080-exec-281] org.apache.catalina.core.ApplicationContext.log Manager: list: Listing contexts for virtual host 'localhost'
30-Jul-2019 16:15:24.525 INFO [http-nio-8080-exec-286] org.apache.catalina.core.ApplicationContext.log Manager: list: Listing contexts for virtual host 'localhost'
30-Jul-2019 16:15:24.584 INFO [http-nio-8080-exec-287] org.apache.catalina.core.ApplicationContext.log Manager: undeploy: Undeploying web application at '/Opportunity'
30-Jul-2019 16:15:31.270 INFO [http-nio-8080-exec-283] org.apache.catalina.core.ApplicationContext.log Manager: install: Installing context configuration at 'file:/C:/Users/PAULO~1.BEZ/AppData/Local/Temp/context1224993987950548072.xml'
30-Jul-2019 16:15:37.222 INFO [http-nio-8080-exec-285] org.apache.catalina.core.ApplicationContext.log Manager: start: Starting web application '/Opportunity'
30-Jul-2019 16:30:06.714 INFO [http-nio-8080-exec-294] org.apache.catalina.core.ApplicationContext.log Manager: list: Listing contexts for virtual host 'localhost'
30-Jul-2019 16:30:07.020 INFO [http-nio-8080-exec-293] org.apache.catalina.core.ApplicationContext.log Manager: restart: Reloading web application '/Opportunity'
30-Jul-2019 16:30:22.646 INFO [http-nio-8080-exec-297] org.apache.catalina.core.ApplicationContext.log Manager: list: Listing contexts for virtual host 'localhost'
30-Jul-2019 16:30:23.319 INFO [http-nio-8080-exec-294] org.apache.catalina.core.ApplicationContext.log Manager: restart: Reloading web application '/Opportunity'
30-Jul-2019 16:32:14.291 INFO [http-nio-8080-exec-297] org.apache.catalina.core.ApplicationContext.log Manager: list: Listing contexts for virtual host 'localhost'
30-Jul-2019 16:32:14.648 INFO [http-nio-8080-exec-292] org.apache.catalina.core.ApplicationContext.log Manager: restart: Reloading web application '/Opportunity'
30-Jul-2019 16:33:03.523 INFO [http-nio-8080-exec-302] org.apache.catalina.core.ApplicationContext.log Manager: list: Listing contexts for virtual host 'localhost'
30-Jul-2019 16:33:03.946 INFO [http-nio-8080-exec-306] org.apache.catalina.core.ApplicationContext.log Manager: restart: Reloading web application '/Opportunity'
30-Jul-2019 16:34:06.125 INFO [http-nio-8080-exec-299] org.apache.catalina.core.ApplicationContext.log Manager: list: Listing contexts for virtual host 'localhost'
30-Jul-2019 16:34:06.389 INFO [http-nio-8080-exec-309] org.apache.catalina.core.ApplicationContext.log Manager: restart: Reloading web application '/Opportunity'
30-Jul-2019 16:54:56.859 INFO [http-nio-8080-exec-319] org.apache.catalina.core.ApplicationContext.log Manager: list: Listing contexts for virtual host 'localhost'
30-Jul-2019 16:54:57.125 INFO [http-nio-8080-exec-320] org.apache.catalina.core.ApplicationContext.log Manager: restart: Reloading web application '/Opportunity'
30-Jul-2019 16:56:25.688 INFO [http-nio-8080-exec-315] org.apache.catalina.core.ApplicationContext.log Manager: list: Listing contexts for virtual host 'localhost'
30-Jul-2019 16:56:26.038 INFO [http-nio-8080-exec-323] org.apache.catalina.core.ApplicationContext.log Manager: restart: Reloading web application '/Opportunity'
30-Jul-2019 16:57:58.593 INFO [http-nio-8080-exec-336] org.apache.catalina.core.ApplicationContext.log Manager: list: Listing contexts for virtual host 'localhost'
30-Jul-2019 16:57:58.910 INFO [http-nio-8080-exec-330] org.apache.catalina.core.ApplicationContext.log Manager: restart: Reloading web application '/Opportunity'
30-Jul-2019 16:58:33.160 INFO [http-nio-8080-exec-337] org.apache.catalina.core.ApplicationContext.log Manager: list: Listing contexts for virtual host 'localhost'
30-Jul-2019 16:58:33.409 INFO [http-nio-8080-exec-331] org.apache.catalina.core.ApplicationContext.log Manager: restart: Reloading web application '/Opportunity'
30-Jul-2019 16:59:23.288 INFO [http-nio-8080-exec-330] org.apache.catalina.core.ApplicationContext.log Manager: list: Listing contexts for virtual host 'localhost'
30-Jul-2019 16:59:23.653 INFO [http-nio-8080-exec-343] org.apache.catalina.core.ApplicationContext.log Manager: restart: Reloading web application '/Opportunity'
30-Jul-2019 16:59:42.054 INFO [http-nio-8080-exec-348] org.apache.catalina.core.ApplicationContext.log Manager: list: Listing contexts for virtual host 'localhost'
30-Jul-2019 16:59:42.471 INFO [http-nio-8080-exec-352] org.apache.catalina.core.ApplicationContext.log Manager: restart: Reloading web application '/Opportunity'
30-Jul-2019 17:00:41.566 INFO [http-nio-8080-exec-359] org.apache.catalina.core.ApplicationContext.log Manager: list: Listing contexts for virtual host 'localhost'
30-Jul-2019 17:00:41.906 INFO [http-nio-8080-exec-360] org.apache.catalina.core.ApplicationContext.log Manager: restart: Reloading web application '/Opportunity'
30-Jul-2019 17:01:14.090 INFO [http-nio-8080-exec-366] org.apache.catalina.core.ApplicationContext.log Manager: list: Listing contexts for virtual host 'localhost'
30-Jul-2019 17:01:14.399 INFO [http-nio-8080-exec-367] org.apache.catalina.core.ApplicationContext.log Manager: restart: Reloading web application '/Opportunity'
30-Jul-2019 17:03:36.536 INFO [http-nio-8080-exec-377] org.apache.catalina.core.ApplicationContext.log Manager: list: Listing contexts for virtual host 'localhost'
30-Jul-2019 17:03:36.536 INFO [http-nio-8080-exec-373] org.apache.catalina.core.ApplicationContext.log Manager: list: Listing contexts for virtual host 'localhost'
30-Jul-2019 17:03:36.583 INFO [http-nio-8080-exec-374] org.apache.catalina.core.ApplicationContext.log Manager: undeploy: Undeploying web application at '/Opportunity'
30-Jul-2019 17:03:37.601 INFO [http-nio-8080-exec-375] org.apache.catalina.core.ApplicationContext.log Manager: install: Installing context configuration at 'file:/C:/Users/PAULO~1.BEZ/AppData/Local/Temp/context7631456160141708301.xml'
30-Jul-2019 17:03:40.189 INFO [http-nio-8080-exec-379] org.apache.catalina.core.ApplicationContext.log Manager: start: Starting web application '/Opportunity'
30-Jul-2019 17:05:37.880 INFO [http-nio-8080-exec-381] org.apache.catalina.core.ApplicationContext.log Manager: list: Listing contexts for virtual host 'localhost'
30-Jul-2019 17:05:38.106 INFO [http-nio-8080-exec-386] org.apache.catalina.core.ApplicationContext.log Manager: restart: Reloading web application '/Opportunity'
30-Jul-2019 17:22:59.562 INFO [http-nio-8080-exec-396] org.apache.catalina.core.ApplicationContext.log Manager: list: Listing contexts for virtual host 'localhost'
30-Jul-2019 17:23:04.586 INFO [http-nio-8080-exec-393] org.apache.catalina.core.ApplicationContext.log Manager: list: Listing contexts for virtual host 'localhost'
30-Jul-2019 17:23:04.588 INFO [http-nio-8080-exec-394] org.apache.catalina.core.ApplicationContext.log Manager: list: Listing contexts for virtual host 'localhost'
30-Jul-2019 17:23:04.626 INFO [http-nio-8080-exec-395] org.apache.catalina.core.ApplicationContext.log Manager: undeploy: Undeploying web application at '/Opportunity'
30-Jul-2019 17:23:05.847 INFO [http-nio-8080-exec-391] org.apache.catalina.core.ApplicationContext.log Manager: install: Installing context configuration at 'file:/C:/Users/PAULO~1.BEZ/AppData/Local/Temp/context8668905960129199375.xml'
30-Jul-2019 17:23:12.787 INFO [http-nio-8080-exec-397] org.apache.catalina.core.ApplicationContext.log Manager: start: Starting web application '/Opportunity'
30-Jul-2019 17:23:33.394 INFO [http-nio-8080-exec-400] org.apache.catalina.core.ApplicationContext.log Manager: list: Listing contexts for virtual host 'localhost'
30-Jul-2019 17:23:38.464 INFO [http-nio-8080-exec-406] org.apache.catalina.core.ApplicationContext.log Manager: list: Listing contexts for virtual host 'localhost'
30-Jul-2019 17:23:38.464 INFO [http-nio-8080-exec-394] org.apache.catalina.core.ApplicationContext.log Manager: list: Listing contexts for virtual host 'localhost'
30-Jul-2019 17:23:38.511 INFO [http-nio-8080-exec-399] org.apache.catalina.core.ApplicationContext.log Manager: undeploy: Undeploying web application at '/Opportunity'
30-Jul-2019 17:23:39.680 INFO [http-nio-8080-exec-407] org.apache.catalina.core.ApplicationContext.log Manager: install: Installing context configuration at 'file:/C:/Users/PAULO~1.BEZ/AppData/Local/Temp/context1679777876370116111.xml'
30-Jul-2019 17:23:45.873 INFO [http-nio-8080-exec-397] org.apache.catalina.core.ApplicationContext.log Manager: start: Starting web application '/Opportunity'
30-Jul-2019 17:34:07.461 INFO [http-nio-8080-exec-412] org.apache.catalina.core.ApplicationContext.log Manager: list: Listing contexts for virtual host 'localhost'
30-Jul-2019 17:34:53.948 INFO [http-nio-8080-exec-417] org.apache.catalina.core.ApplicationContext.log Manager: list: Listing contexts for virtual host 'localhost'
30-Jul-2019 17:34:57.365 INFO [http-nio-8080-exec-414] org.apache.catalina.core.ApplicationContext.log Manager: list: Listing contexts for virtual host 'localhost'
30-Jul-2019 17:34:57.365 INFO [http-nio-8080-exec-408] org.apache.catalina.core.ApplicationContext.log Manager: list: Listing contexts for virtual host 'localhost'
30-Jul-2019 17:34:57.397 INFO [http-nio-8080-exec-415] org.apache.catalina.core.ApplicationContext.log Manager: undeploy: Undeploying web application at '/Opportunity'
30-Jul-2019 17:34:59.216 INFO [http-nio-8080-exec-413] org.apache.catalina.core.ApplicationContext.log Manager: install: Installing context configuration at 'file:/C:/Users/PAULO~1.BEZ/AppData/Local/Temp/context2150048817370975916.xml'
30-Jul-2019 17:35:03.255 INFO [http-nio-8080-exec-417] org.apache.catalina.core.ApplicationContext.log Manager: start: Starting web application '/Opportunity'
30-Jul-2019 17:35:31.973 INFO [http-nio-8080-exec-409] org.apache.catalina.core.ApplicationContext.log Manager: list: Listing contexts for virtual host 'localhost'
30-Jul-2019 17:35:36.918 INFO [http-nio-8080-exec-424] org.apache.catalina.core.ApplicationContext.log Manager: list: Listing contexts for virtual host 'localhost'
30-Jul-2019 17:35:36.920 INFO [http-nio-8080-exec-420] org.apache.catalina.core.ApplicationContext.log Manager: list: Listing contexts for virtual host 'localhost'
30-Jul-2019 17:35:36.938 INFO [http-nio-8080-exec-421] org.apache.catalina.core.ApplicationContext.log Manager: undeploy: Undeploying web application at '/Opportunity'
30-Jul-2019 17:35:38.074 INFO [http-nio-8080-exec-418] org.apache.catalina.core.ApplicationContext.log Manager: install: Installing context configuration at 'file:/C:/Users/PAULO~1.BEZ/AppData/Local/Temp/context1074893334941697242.xml'
30-Jul-2019 17:35:39.946 INFO [http-nio-8080-exec-423] org.apache.catalina.core.ApplicationContext.log Manager: start: Starting web application '/Opportunity'
30-Jul-2019 17:36:13.205 INFO [http-nio-8080-exec-430] org.apache.catalina.core.ApplicationContext.log Manager: list: Listing contexts for virtual host 'localhost'
30-Jul-2019 17:36:16.403 INFO [http-nio-8080-exec-433] org.apache.catalina.core.ApplicationContext.log Manager: list: Listing contexts for virtual host 'localhost'
30-Jul-2019 17:36:16.405 INFO [http-nio-8080-exec-434] org.apache.catalina.core.ApplicationContext.log Manager: list: Listing contexts for virtual host 'localhost'
30-Jul-2019 17:36:16.431 INFO [http-nio-8080-exec-422] org.apache.catalina.core.ApplicationContext.log Manager: undeploy: Undeploying web application at '/Opportunity'
30-Jul-2019 17:36:17.462 INFO [http-nio-8080-exec-431] org.apache.catalina.core.ApplicationContext.log Manager: install: Installing context configuration at 'file:/C:/Users/PAULO~1.BEZ/AppData/Local/Temp/context9024185034345259396.xml'
30-Jul-2019 17:36:19.231 INFO [http-nio-8080-exec-435] org.apache.catalina.core.ApplicationContext.log Manager: start: Starting web application '/Opportunity'
30-Jul-2019 17:36:44.643 INFO [http-nio-8080-exec-428] org.apache.catalina.core.ApplicationContext.log Manager: list: Listing contexts for virtual host 'localhost'
30-Jul-2019 17:36:47.632 INFO [http-nio-8080-exec-441] org.apache.catalina.core.ApplicationContext.log Manager: list: Listing contexts for virtual host 'localhost'
30-Jul-2019 17:36:47.633 INFO [http-nio-8080-exec-427] org.apache.catalina.core.ApplicationContext.log Manager: list: Listing contexts for virtual host 'localhost'
30-Jul-2019 17:36:47.650 INFO [http-nio-8080-exec-438] org.apache.catalina.core.ApplicationContext.log Manager: undeploy: Undeploying web application at '/Opportunity'
30-Jul-2019 17:36:48.550 INFO [http-nio-8080-exec-430] org.apache.catalina.core.ApplicationContext.log Manager: install: Installing context configuration at 'file:/C:/Users/PAULO~1.BEZ/AppData/Local/Temp/context7237937732985851423.xml'
30-Jul-2019 17:36:50.350 INFO [http-nio-8080-exec-437] org.apache.catalina.core.ApplicationContext.log Manager: start: Starting web application '/Opportunity'
30-Jul-2019 17:38:22.386 INFO [http-nio-8080-exec-443] org.apache.catalina.core.ApplicationContext.log Manager: list: Listing contexts for virtual host 'localhost'
30-Jul-2019 17:38:25.735 INFO [http-nio-8080-exec-436] org.apache.catalina.core.ApplicationContext.log Manager: list: Listing contexts for virtual host 'localhost'
30-Jul-2019 17:38:25.735 INFO [http-nio-8080-exec-444] org.apache.catalina.core.ApplicationContext.log Manager: list: Listing contexts for virtual host 'localhost'
30-Jul-2019 17:38:25.766 INFO [http-nio-8080-exec-445] org.apache.catalina.core.ApplicationContext.log Manager: undeploy: Undeploying web application at '/Opportunity'
30-Jul-2019 17:38:26.881 INFO [http-nio-8080-exec-443] org.apache.catalina.core.ApplicationContext.log Manager: install: Installing context configuration at 'file:/C:/Users/PAULO~1.BEZ/AppData/Local/Temp/context4805740113043016975.xml'
30-Jul-2019 17:38:28.713 INFO [http-nio-8080-exec-441] org.apache.catalina.core.ApplicationContext.log Manager: start: Starting web application '/Opportunity'
30-Jul-2019 17:38:47.209 INFO [http-nio-8080-exec-436] org.apache.catalina.core.ApplicationContext.log Manager: list: Listing contexts for virtual host 'localhost'
30-Jul-2019 17:40:31.634 INFO [http-nio-8080-exec-457] org.apache.catalina.core.ApplicationContext.log Manager: list: Listing contexts for virtual host 'localhost'
30-Jul-2019 17:40:41.453 INFO [http-nio-8080-exec-451] org.apache.catalina.core.ApplicationContext.log Manager: list: Listing contexts for virtual host 'localhost'
30-Jul-2019 17:40:41.456 INFO [http-nio-8080-exec-452] org.apache.catalina.core.ApplicationContext.log Manager: list: Listing contexts for virtual host 'localhost'
30-Jul-2019 17:40:41.514 INFO [http-nio-8080-exec-456] org.apache.catalina.core.ApplicationContext.log Manager: undeploy: Undeploying web application at '/Opportunity'
30-Jul-2019 17:40:42.698 INFO [http-nio-8080-exec-457] org.apache.catalina.core.ApplicationContext.log Manager: install: Installing context configuration at 'file:/C:/Users/PAULO~1.BEZ/AppData/Local/Temp/context7264587833863396557.xml'
30-Jul-2019 17:40:51.631 INFO [http-nio-8080-exec-452] org.apache.catalina.core.ApplicationContext.log Manager: start: Starting web application '/Opportunity'
30-Jul-2019 17:42:07.194 INFO [http-nio-8080-exec-462] org.apache.catalina.core.ApplicationContext.log Manager: list: Listing contexts for virtual host 'localhost'
30-Jul-2019 17:43:00.126 INFO [http-nio-8080-exec-453] org.apache.catalina.core.ApplicationContext.log Manager: list: Listing contexts for virtual host 'localhost'
30-Jul-2019 17:43:16.013 INFO [http-nio-8080-exec-467] org.apache.catalina.core.ApplicationContext.log Manager: list: Listing contexts for virtual host 'localhost'
30-Jul-2019 17:43:20.145 INFO [http-nio-8080-exec-465] org.apache.catalina.core.ApplicationContext.log Manager: list: Listing contexts for virtual host 'localhost'
30-Jul-2019 17:43:20.145 INFO [http-nio-8080-exec-462] org.apache.catalina.core.ApplicationContext.log Manager: list: Listing contexts for virtual host 'localhost'
30-Jul-2019 17:43:20.161 INFO [http-nio-8080-exec-461] org.apache.catalina.core.ApplicationContext.log Manager: undeploy: Undeploying web application at '/Opportunity'
30-Jul-2019 17:43:21.582 INFO [http-nio-8080-exec-469] org.apache.catalina.core.ApplicationContext.log Manager: install: Installing context configuration at 'file:/C:/Users/PAULO~1.BEZ/AppData/Local/Temp/context1017196006557695024.xml'
30-Jul-2019 17:43:24.835 INFO [http-nio-8080-exec-463] org.apache.catalina.core.ApplicationContext.log Manager: start: Starting web application '/Opportunity'
30-Jul-2019 17:45:33.802 INFO [http-nio-8080-exec-473] org.apache.catalina.core.ApplicationContext.log Manager: list: Listing contexts for virtual host 'localhost'
30-Jul-2019 17:46:47.078 INFO [http-nio-8080-exec-474] org.apache.catalina.core.ApplicationContext.log Manager: list: Listing contexts for virtual host 'localhost'
30-Jul-2019 17:46:52.275 INFO [http-nio-8080-exec-476] org.apache.catalina.core.ApplicationContext.log Manager: list: Listing contexts for virtual host 'localhost'
30-Jul-2019 17:46:56.281 INFO [http-nio-8080-exec-478] org.apache.catalina.core.ApplicationContext.log Manager: list: Listing contexts for virtual host 'localhost'
30-Jul-2019 17:46:56.281 INFO [http-nio-8080-exec-473] org.apache.catalina.core.ApplicationContext.log Manager: list: Listing contexts for virtual host 'localhost'
30-Jul-2019 17:46:56.312 INFO [http-nio-8080-exec-479] org.apache.catalina.core.ApplicationContext.log Manager: undeploy: Undeploying web application at '/Opportunity'
30-Jul-2019 17:46:57.562 INFO [http-nio-8080-exec-478] org.apache.catalina.core.ApplicationContext.log Manager: install: Installing context configuration at 'file:/C:/Users/PAULO~1.BEZ/AppData/Local/Temp/context6466192508551092190.xml'
30-Jul-2019 17:46:59.849 INFO [http-nio-8080-exec-471] org.apache.catalina.core.ApplicationContext.log Manager: start: Starting web application '/Opportunity'
30-Jul-2019 17:47:45.168 INFO [http-nio-8080-exec-483] org.apache.catalina.core.ApplicationContext.log Manager: list: Listing contexts for virtual host 'localhost'
30-Jul-2019 17:47:48.157 INFO [http-nio-8080-exec-482] org.apache.catalina.core.ApplicationContext.log Manager: list: Listing contexts for virtual host 'localhost'
30-Jul-2019 17:47:48.157 INFO [http-nio-8080-exec-486] org.apache.catalina.core.ApplicationContext.log Manager: list: Listing contexts for virtual host 'localhost'
30-Jul-2019 17:47:48.173 INFO [http-nio-8080-exec-480] org.apache.catalina.core.ApplicationContext.log Manager: undeploy: Undeploying web application at '/Opportunity'
30-Jul-2019 17:47:49.282 INFO [http-nio-8080-exec-483] org.apache.catalina.core.ApplicationContext.log Manager: install: Installing context configuration at 'file:/C:/Users/PAULO~1.BEZ/AppData/Local/Temp/context837614768514551624.xml'
30-Jul-2019 17:47:51.123 INFO [http-nio-8080-exec-481] org.apache.catalina.core.ApplicationContext.log Manager: start: Starting web application '/Opportunity'
30-Jul-2019 17:48:36.940 INFO [http-nio-8080-exec-494] org.apache.catalina.core.ApplicationContext.log Manager: list: Listing contexts for virtual host 'localhost'
30-Jul-2019 17:48:42.615 INFO [http-nio-8080-exec-491] org.apache.catalina.core.ApplicationContext.log Manager: list: Listing contexts for virtual host 'localhost'
30-Jul-2019 17:48:42.615 INFO [http-nio-8080-exec-492] org.apache.catalina.core.ApplicationContext.log Manager: list: Listing contexts for virtual host 'localhost'
30-Jul-2019 17:48:42.630 INFO [http-nio-8080-exec-493] org.apache.catalina.core.ApplicationContext.log Manager: undeploy: Undeploying web application at '/Opportunity'
30-Jul-2019 17:48:43.583 INFO [http-nio-8080-exec-497] org.apache.catalina.core.ApplicationContext.log Manager: install: Installing context configuration at 'file:/C:/Users/PAULO~1.BEZ/AppData/Local/Temp/context2165809787140646010.xml'
30-Jul-2019 17:48:45.339 INFO [http-nio-8080-exec-495] org.apache.catalina.core.ApplicationContext.log Manager: start: Starting web application '/Opportunity'
30-Jul-2019 17:49:28.166 INFO [http-nio-8080-exec-496] org.apache.catalina.core.ApplicationContext.log Manager: list: Listing contexts for virtual host 'localhost'
30-Jul-2019 17:49:35.703 INFO [http-nio-8080-exec-500] org.apache.catalina.core.ApplicationContext.log Manager: list: Listing contexts for virtual host 'localhost'
30-Jul-2019 17:49:35.705 INFO [http-nio-8080-exec-501] org.apache.catalina.core.ApplicationContext.log Manager: list: Listing contexts for virtual host 'localhost'
30-Jul-2019 17:49:35.725 INFO [http-nio-8080-exec-505] org.apache.catalina.core.ApplicationContext.log Manager: undeploy: Undeploying web application at '/Opportunity'
30-Jul-2019 17:49:36.781 INFO [http-nio-8080-exec-504] org.apache.catalina.core.ApplicationContext.log Manager: install: Installing context configuration at 'file:/C:/Users/PAULO~1.BEZ/AppData/Local/Temp/context9156320405136234445.xml'
30-Jul-2019 17:49:38.642 INFO [http-nio-8080-exec-503] org.apache.catalina.core.ApplicationContext.log Manager: start: Starting web application '/Opportunity'
30-Jul-2019 17:50:39.011 INFO [http-nio-8080-exec-490] org.apache.catalina.core.ApplicationContext.log Manager: list: Listing contexts for virtual host 'localhost'
30-Jul-2019 17:50:43.377 INFO [http-nio-8080-exec-513] org.apache.catalina.core.ApplicationContext.log Manager: list: Listing contexts for virtual host 'localhost'
30-Jul-2019 17:50:43.378 INFO [http-nio-8080-exec-508] org.apache.catalina.core.ApplicationContext.log Manager: list: Listing contexts for virtual host 'localhost'
30-Jul-2019 17:50:43.396 INFO [http-nio-8080-exec-509] org.apache.catalina.core.ApplicationContext.log Manager: undeploy: Undeploying web application at '/Opportunity'
30-Jul-2019 17:50:44.509 INFO [http-nio-8080-exec-512] org.apache.catalina.core.ApplicationContext.log Manager: install: Installing context configuration at 'file:/C:/Users/PAULO~1.BEZ/AppData/Local/Temp/context4605455561767209722.xml'
30-Jul-2019 17:50:46.254 INFO [http-nio-8080-exec-510] org.apache.catalina.core.ApplicationContext.log Manager: start: Starting web application '/Opportunity'
30-Jul-2019 17:51:53.297 INFO [http-nio-8080-exec-507] org.apache.catalina.core.ApplicationContext.log Manager: list: Listing contexts for virtual host 'localhost'
30-Jul-2019 17:51:56.407 INFO [http-nio-8080-exec-518] org.apache.catalina.core.ApplicationContext.log Manager: list: Listing contexts for virtual host 'localhost'
30-Jul-2019 17:51:56.409 INFO [http-nio-8080-exec-519] org.apache.catalina.core.ApplicationContext.log Manager: list: Listing contexts for virtual host 'localhost'
30-Jul-2019 17:51:56.423 INFO [http-nio-8080-exec-522] org.apache.catalina.core.ApplicationContext.log Manager: undeploy: Undeploying web application at '/Opportunity'
30-Jul-2019 17:51:57.348 INFO [http-nio-8080-exec-507] org.apache.catalina.core.ApplicationContext.log Manager: install: Installing context configuration at 'file:/C:/Users/PAULO~1.BEZ/AppData/Local/Temp/context3109690204733305684.xml'
30-Jul-2019 17:51:58.652 INFO [http-nio-8080-exec-517] org.apache.catalina.core.ApplicationContext.log Manager: start: Starting web application '/Opportunity'
30-Jul-2019 17:52:51.090 INFO [http-nio-8080-exec-518] org.apache.catalina.core.ApplicationContext.log Manager: list: Listing contexts for virtual host 'localhost'
30-Jul-2019 17:52:54.745 INFO [http-nio-8080-exec-528] org.apache.catalina.core.ApplicationContext.log Manager: list: Listing contexts for virtual host 'localhost'
30-Jul-2019 17:52:54.747 INFO [http-nio-8080-exec-529] org.apache.catalina.core.ApplicationContext.log Manager: list: Listing contexts for virtual host 'localhost'
30-Jul-2019 17:52:54.764 INFO [http-nio-8080-exec-524] org.apache.catalina.core.ApplicationContext.log Manager: undeploy: Undeploying web application at '/Opportunity'
30-Jul-2019 17:52:55.909 INFO [http-nio-8080-exec-517] org.apache.catalina.core.ApplicationContext.log Manager: install: Installing context configuration at 'file:/C:/Users/PAULO~1.BEZ/AppData/Local/Temp/context379338649004812920.xml'
30-Jul-2019 17:52:57.707 INFO [http-nio-8080-exec-525] org.apache.catalina.core.ApplicationContext.log Manager: start: Starting web application '/Opportunity'
30-Jul-2019 17:54:25.337 INFO [http-nio-8080-exec-535] org.apache.catalina.core.ApplicationContext.log Manager: list: Listing contexts for virtual host 'localhost'
30-Jul-2019 17:54:28.179 INFO [http-nio-8080-exec-532] org.apache.catalina.core.ApplicationContext.log Manager: list: Listing contexts for virtual host 'localhost'
30-Jul-2019 17:54:28.179 INFO [http-nio-8080-exec-533] org.apache.catalina.core.ApplicationContext.log Manager: list: Listing contexts for virtual host 'localhost'
30-Jul-2019 17:54:28.211 INFO [http-nio-8080-exec-534] org.apache.catalina.core.ApplicationContext.log Manager: undeploy: Undeploying web application at '/Opportunity'
30-Jul-2019 17:54:29.117 INFO [http-nio-8080-exec-532] org.apache.catalina.core.ApplicationContext.log Manager: install: Installing context configuration at 'file:/C:/Users/PAULO~1.BEZ/AppData/Local/Temp/context4002765909969065994.xml'
30-Jul-2019 17:54:33.318 INFO [http-nio-8080-exec-537] org.apache.catalina.core.ApplicationContext.log Manager: start: Starting web application '/Opportunity'
30-Jul-2019 17:55:40.848 INFO [http-nio-8080-exec-520] org.apache.catalina.core.ApplicationContext.log Manager: list: Listing contexts for virtual host 'localhost'
30-Jul-2019 17:55:44.723 INFO [http-nio-8080-exec-540] org.apache.catalina.core.ApplicationContext.log Manager: list: Listing contexts for virtual host 'localhost'
30-Jul-2019 17:55:44.723 INFO [http-nio-8080-exec-541] org.apache.catalina.core.ApplicationContext.log Manager: list: Listing contexts for virtual host 'localhost'
30-Jul-2019 17:55:44.739 INFO [http-nio-8080-exec-544] org.apache.catalina.core.ApplicationContext.log Manager: undeploy: Undeploying web application at '/Opportunity'
30-Jul-2019 17:55:45.707 INFO [http-nio-8080-exec-531] org.apache.catalina.core.ApplicationContext.log Manager: install: Installing context configuration at 'file:/C:/Users/PAULO~1.BEZ/AppData/Local/Temp/context6145551528106264202.xml'
30-Jul-2019 17:55:47.467 INFO [http-nio-8080-exec-539] org.apache.catalina.core.ApplicationContext.log Manager: start: Starting web application '/Opportunity'
30-Jul-2019 17:57:05.393 INFO [http-nio-8080-exec-546] org.apache.catalina.core.ApplicationContext.log Manager: list: Listing contexts for virtual host 'localhost'
30-Jul-2019 17:57:14.612 INFO [http-nio-8080-exec-550] org.apache.catalina.core.ApplicationContext.log Manager: list: Listing contexts for virtual host 'localhost'
30-Jul-2019 17:57:14.614 INFO [http-nio-8080-exec-546] org.apache.catalina.core.ApplicationContext.log Manager: list: Listing contexts for virtual host 'localhost'
30-Jul-2019 17:57:14.631 INFO [http-nio-8080-exec-547] org.apache.catalina.core.ApplicationContext.log Manager: undeploy: Undeploying web application at '/Opportunity'
30-Jul-2019 17:57:15.514 INFO [http-nio-8080-exec-548] org.apache.catalina.core.ApplicationContext.log Manager: install: Installing context configuration at 'file:/C:/Users/PAULO~1.BEZ/AppData/Local/Temp/context7544402593286953730.xml'
30-Jul-2019 17:57:16.854 INFO [http-nio-8080-exec-552] org.apache.catalina.core.ApplicationContext.log Manager: start: Starting web application '/Opportunity'
30-Jul-2019 17:57:45.849 INFO [http-nio-8080-exec-552] org.apache.catalina.core.ApplicationContext.log Manager: list: Listing contexts for virtual host 'localhost'
30-Jul-2019 17:58:16.265 INFO [http-nio-8080-exec-552] org.apache.catalina.core.ApplicationContext.log Manager: list: Listing contexts for virtual host 'localhost'
30-Jul-2019 17:58:16.267 INFO [http-nio-8080-exec-553] org.apache.catalina.core.ApplicationContext.log Manager: list: Listing contexts for virtual host 'localhost'
30-Jul-2019 17:58:16.282 INFO [http-nio-8080-exec-557] org.apache.catalina.core.ApplicationContext.log Manager: undeploy: Undeploying web application at '/Opportunity'
30-Jul-2019 17:58:17.125 INFO [http-nio-8080-exec-552] org.apache.catalina.core.ApplicationContext.log Manager: install: Installing context configuration at 'file:/C:/Users/PAULO~1.BEZ/AppData/Local/Temp/context5777528881724908826.xml'
30-Jul-2019 17:58:18.449 INFO [http-nio-8080-exec-549] org.apache.catalina.core.ApplicationContext.log Manager: start: Starting web application '/Opportunity'
30-Jul-2019 18:00:24.955 INFO [http-nio-8080-exec-560] org.apache.catalina.core.ApplicationContext.log Manager: list: Listing contexts for virtual host 'localhost'
30-Jul-2019 18:01:19.148 INFO [http-nio-8080-exec-565] org.apache.catalina.core.ApplicationContext.log Manager: list: Listing contexts for virtual host 'localhost'
30-Jul-2019 18:01:22.191 INFO [http-nio-8080-exec-563] org.apache.catalina.core.ApplicationContext.log Manager: list: Listing contexts for virtual host 'localhost'
30-Jul-2019 18:01:22.192 INFO [http-nio-8080-exec-564] org.apache.catalina.core.ApplicationContext.log Manager: list: Listing contexts for virtual host 'localhost'
30-Jul-2019 18:01:22.206 INFO [http-nio-8080-exec-565] org.apache.catalina.core.ApplicationContext.log Manager: undeploy: Undeploying web application at '/Opportunity'
30-Jul-2019 18:01:23.114 INFO [http-nio-8080-exec-564] org.apache.catalina.core.ApplicationContext.log Manager: install: Installing context configuration at 'file:/C:/Users/PAULO~1.BEZ/AppData/Local/Temp/context516663461979059305.xml'
30-Jul-2019 18:01:24.400 INFO [http-nio-8080-exec-566] org.apache.catalina.core.ApplicationContext.log Manager: start: Starting web application '/Opportunity'
30-Jul-2019 18:01:39.180 INFO [http-nio-8080-exec-562] org.apache.catalina.core.ApplicationContext.log Manager: list: Listing contexts for virtual host 'localhost'
30-Jul-2019 18:01:42.570 INFO [http-nio-8080-exec-575] org.apache.catalina.core.ApplicationContext.log Manager: list: Listing contexts for virtual host 'localhost'
30-Jul-2019 18:01:42.570 INFO [http-nio-8080-exec-566] org.apache.catalina.core.ApplicationContext.log Manager: list: Listing contexts for virtual host 'localhost'
30-Jul-2019 18:01:42.586 INFO [http-nio-8080-exec-569] org.apache.catalina.core.ApplicationContext.log Manager: undeploy: Undeploying web application at '/Opportunity'
30-Jul-2019 18:01:43.773 INFO [http-nio-8080-exec-566] org.apache.catalina.core.ApplicationContext.log Manager: install: Installing context configuration at 'file:/C:/Users/PAULO~1.BEZ/AppData/Local/Temp/context1028708435596674800.xml'
30-Jul-2019 18:01:45.195 INFO [http-nio-8080-exec-576] org.apache.catalina.core.ApplicationContext.log Manager: start: Starting web application '/Opportunity'
30-Jul-2019 18:06:05.910 INFO [http-nio-8080-exec-577] org.apache.catalina.core.ApplicationContext.log Manager: list: Listing contexts for virtual host 'localhost'
30-Jul-2019 18:06:05.910 INFO [http-nio-8080-exec-585] org.apache.catalina.core.ApplicationContext.log Manager: undeploy: Undeploying web application at '/Opportunity'
30-Jul-2019 18:10:45.379 INFO [http-nio-8080-exec-588] org.apache.catalina.core.ApplicationContext.log Manager: list: Listing contexts for virtual host 'localhost'
30-Jul-2019 18:10:50.108 INFO [http-nio-8080-exec-577] org.apache.catalina.core.ApplicationContext.log Manager: list: Listing contexts for virtual host 'localhost'
30-Jul-2019 18:11:26.526 INFO [http-nio-8080-exec-588] org.apache.catalina.core.ApplicationContext.log Manager: list: Listing contexts for virtual host 'localhost'
30-Jul-2019 18:11:34.070 INFO [http-nio-8080-exec-594] org.apache.catalina.core.ApplicationContext.log Manager: list: Listing contexts for virtual host 'localhost'
30-Jul-2019 18:18:16.509 INFO [http-nio-8080-exec-589] org.apache.catalina.core.ApplicationContext.log Manager: list: Listing contexts for virtual host 'localhost'
30-Jul-2019 18:21:47.385 INFO [http-nio-8080-exec-591] org.apache.catalina.core.ApplicationContext.log Manager: list: Listing contexts for virtual host 'localhost'
30-Jul-2019 18:22:05.352 INFO [http-nio-8080-exec-595] org.apache.catalina.core.ApplicationContext.log Manager: list: Listing contexts for virtual host 'localhost'
30-Jul-2019 18:22:09.425 INFO [http-nio-8080-exec-588] org.apache.catalina.core.ApplicationContext.log Manager: list: Listing contexts for virtual host 'localhost'
30-Jul-2019 18:22:09.426 INFO [http-nio-8080-exec-589] org.apache.catalina.core.ApplicationContext.log Manager: list: Listing contexts for virtual host 'localhost'
30-Jul-2019 18:22:09.565 INFO [http-nio-8080-exec-593] org.apache.catalina.core.ApplicationContext.log Manager: install: Installing context configuration at 'file:/C:/Users/PAULO~1.BEZ/AppData/Local/Temp/context8309147728896193444.xml'
30-Jul-2019 18:22:15.884 INFO [http-nio-8080-exec-596] org.apache.catalina.core.ApplicationContext.log Manager: start: Starting web application '/Opportunity'
30-Jul-2019 18:22:42.054 INFO [http-nio-8080-exec-592] org.apache.catalina.core.ApplicationContext.log Manager: list: Listing contexts for virtual host 'localhost'
30-Jul-2019 18:22:42.075 INFO [http-nio-8080-exec-591] org.apache.catalina.core.ApplicationContext.log Manager: undeploy: Undeploying web application at '/Opportunity'
30-Jul-2019 18:23:11.194 INFO [http-nio-8080-exec-595] org.apache.catalina.core.ApplicationContext.log Manager: list: Listing contexts for virtual host 'localhost'
30-Jul-2019 19:33:09.548 INFO [http-nio-8080-exec-601] org.apache.catalina.core.ApplicationContext.log Manager: list: Listing contexts for virtual host 'localhost'
30-Jul-2019 19:33:09.560 INFO [http-nio-8080-exec-602] org.apache.catalina.core.ApplicationContext.log Manager: list: Listing contexts for virtual host 'localhost'
30-Jul-2019 19:33:44.954 INFO [http-nio-8080-exec-597] org.apache.catalina.core.ApplicationContext.log Manager: list: Listing contexts for virtual host 'localhost'
30-Jul-2019 19:35:22.040 INFO [http-nio-8080-exec-603] org.apache.catalina.core.ApplicationContext.log Manager: list: Listing contexts for virtual host 'localhost'
30-Jul-2019 19:35:22.043 INFO [http-nio-8080-exec-604] org.apache.catalina.core.ApplicationContext.log Manager: list: Listing contexts for virtual host 'localhost'
30-Jul-2019 19:35:22.268 INFO [http-nio-8080-exec-605] org.apache.catalina.core.ApplicationContext.log Manager: install: Installing context configuration at 'file:/C:/Users/PAULO~1.BEZ/AppData/Local/Temp/context8382232305677587117.xml'
30-Jul-2019 19:35:27.526 INFO [http-nio-8080-exec-606] org.apache.catalina.core.ApplicationContext.log Manager: start: Starting web application '/Opportunity'
30-Jul-2019 19:47:34.253 INFO [http-nio-8080-exec-602] org.apache.catalina.core.ApplicationContext.log Manager: list: Listing contexts for virtual host 'localhost'
30-Jul-2019 19:47:34.612 INFO [http-nio-8080-exec-604] org.apache.catalina.core.ApplicationContext.log Manager: restart: Reloading web application '/Opportunity'
30-Jul-2019 19:48:08.927 INFO [http-nio-8080-exec-599] org.apache.catalina.core.ApplicationContext.log Manager: list: Listing contexts for virtual host 'localhost'
30-Jul-2019 19:48:08.929 INFO [http-nio-8080-exec-597] org.apache.catalina.core.ApplicationContext.log Manager: list: Listing contexts for virtual host 'localhost'
30-Jul-2019 19:48:08.985 INFO [http-nio-8080-exec-607] org.apache.catalina.core.ApplicationContext.log Manager: undeploy: Undeploying web application at '/Opportunity'
30-Jul-2019 19:48:10.111 INFO [http-nio-8080-exec-609] org.apache.catalina.core.ApplicationContext.log Manager: install: Installing context configuration at 'file:/C:/Users/PAULO~1.BEZ/AppData/Local/Temp/context8819313845677280672.xml'
30-Jul-2019 19:48:11.743 INFO [http-nio-8080-exec-606] org.apache.catalina.core.ApplicationContext.log Manager: start: Starting web application '/Opportunity'
30-Jul-2019 19:49:42.299 INFO [http-nio-8080-exec-613] org.apache.catalina.core.ApplicationContext.log Manager: list: Listing contexts for virtual host 'localhost'
30-Jul-2019 19:49:42.643 INFO [http-nio-8080-exec-614] org.apache.catalina.core.ApplicationContext.log Manager: restart: Reloading web application '/Opportunity'
30-Jul-2019 19:58:43.652 INFO [http-nio-8080-exec-621] org.apache.catalina.core.ApplicationContext.log Manager: list: Listing contexts for virtual host 'localhost'
30-Jul-2019 19:58:43.965 INFO [http-nio-8080-exec-622] org.apache.catalina.core.ApplicationContext.log Manager: restart: Reloading web application '/Opportunity'
30-Jul-2019 19:58:57.494 INFO [http-nio-8080-exec-621] org.apache.catalina.core.ApplicationContext.log Manager: list: Listing contexts for virtual host 'localhost'
30-Jul-2019 19:58:57.929 INFO [http-nio-8080-exec-625] org.apache.catalina.core.ApplicationContext.log Manager: restart: Reloading web application '/Opportunity'
30-Jul-2019 20:02:55.256 INFO [http-nio-8080-exec-633] org.apache.catalina.core.ApplicationContext.log Manager: list: Listing contexts for virtual host 'localhost'
30-Jul-2019 20:02:55.619 INFO [http-nio-8080-exec-634] org.apache.catalina.core.ApplicationContext.log Manager: restart: Reloading web application '/Opportunity'
30-Jul-2019 20:03:31.609 INFO [http-nio-8080-exec-640] org.apache.catalina.core.ApplicationContext.log Manager: list: Listing contexts for virtual host 'localhost'
30-Jul-2019 20:03:31.821 INFO [http-nio-8080-exec-631] org.apache.catalina.core.ApplicationContext.log Manager: restart: Reloading web application '/Opportunity'
30-Jul-2019 20:05:12.795 INFO [http-nio-8080-exec-645] org.apache.catalina.core.ApplicationContext.log Manager: list: Listing contexts for virtual host 'localhost'
30-Jul-2019 20:05:13.132 INFO [http-nio-8080-exec-630] org.apache.catalina.core.ApplicationContext.log Manager: restart: Reloading web application '/Opportunity'
30-Jul-2019 20:05:52.438 INFO [http-nio-8080-exec-645] org.apache.catalina.core.ApplicationContext.log Manager: list: Listing contexts for virtual host 'localhost'
30-Jul-2019 20:05:52.733 INFO [http-nio-8080-exec-651] org.apache.catalina.core.ApplicationContext.log Manager: restart: Reloading web application '/Opportunity'
30-Jul-2019 20:07:25.158 INFO [http-nio-8080-exec-656] org.apache.catalina.core.ApplicationContext.log Manager: list: Listing contexts for virtual host 'localhost'
30-Jul-2019 20:07:25.447 INFO [http-nio-8080-exec-663] org.apache.catalina.core.ApplicationContext.log Manager: restart: Reloading web application '/Opportunity'
30-Jul-2019 20:12:09.775 INFO [http-nio-8080-exec-669] org.apache.catalina.core.ApplicationContext.log Manager: list: Listing contexts for virtual host 'localhost'
30-Jul-2019 20:12:10.115 INFO [http-nio-8080-exec-670] org.apache.catalina.core.ApplicationContext.log Manager: restart: Reloading web application '/Opportunity'
30-Jul-2019 20:13:10.394 INFO [http-nio-8080-exec-667] org.apache.catalina.core.ApplicationContext.log Manager: list: Listing contexts for virtual host 'localhost'
30-Jul-2019 20:13:10.624 INFO [http-nio-8080-exec-678] org.apache.catalina.core.ApplicationContext.log Manager: restart: Reloading web application '/Opportunity'
30-Jul-2019 20:13:50.874 INFO [http-nio-8080-exec-680] org.apache.catalina.core.ApplicationContext.log Manager: list: Listing contexts for virtual host 'localhost'
30-Jul-2019 20:13:51.276 INFO [http-nio-8080-exec-684] org.apache.catalina.core.ApplicationContext.log Manager: restart: Reloading web application '/Opportunity'
30-Jul-2019 20:14:09.482 INFO [http-nio-8080-exec-677] org.apache.catalina.core.ApplicationContext.log Manager: list: Listing contexts for virtual host 'localhost'
30-Jul-2019 20:14:09.882 INFO [http-nio-8080-exec-679] org.apache.catalina.core.ApplicationContext.log Manager: restart: Reloading web application '/Opportunity'
30-Jul-2019 20:14:44.289 INFO [http-nio-8080-exec-698] org.apache.catalina.core.ApplicationContext.log Manager: list: Listing contexts for virtual host 'localhost'
30-Jul-2019 20:14:44.670 INFO [http-nio-8080-exec-691] org.apache.catalina.core.ApplicationContext.log Manager: restart: Reloading web application '/Opportunity'
30-Jul-2019 20:15:44.581 INFO [http-nio-8080-exec-704] org.apache.catalina.core.ApplicationContext.log Manager: list: Listing contexts for virtual host 'localhost'
30-Jul-2019 20:15:44.988 INFO [http-nio-8080-exec-698] org.apache.catalina.core.ApplicationContext.log Manager: restart: Reloading web application '/Opportunity'
30-Jul-2019 20:16:28.887 INFO [http-nio-8080-exec-708] org.apache.catalina.core.ApplicationContext.log Manager: list: Listing contexts for virtual host 'localhost'
30-Jul-2019 20:16:29.493 INFO [http-nio-8080-exec-707] org.apache.catalina.core.ApplicationContext.log Manager: restart: Reloading web application '/Opportunity'
30-Jul-2019 20:26:29.907 INFO [http-nio-8080-exec-715] org.apache.catalina.core.ApplicationContext.log Manager: list: Listing contexts for virtual host 'localhost'
30-Jul-2019 20:26:30.293 INFO [http-nio-8080-exec-716] org.apache.catalina.core.ApplicationContext.log Manager: restart: Reloading web application '/Opportunity'
30-Jul-2019 20:27:31.156 INFO [http-nio-8080-exec-712] org.apache.catalina.core.ApplicationContext.log Manager: list: Listing contexts for virtual host 'localhost'
30-Jul-2019 20:27:31.832 INFO [http-nio-8080-exec-725] org.apache.catalina.core.ApplicationContext.log Manager: restart: Reloading web application '/Opportunity'
30-Jul-2019 20:28:38.973 INFO [http-nio-8080-exec-730] org.apache.catalina.core.ApplicationContext.log Manager: list: Listing contexts for virtual host 'localhost'
30-Jul-2019 20:28:39.453 INFO [http-nio-8080-exec-731] org.apache.catalina.core.ApplicationContext.log Manager: restart: Reloading web application '/Opportunity'
30-Jul-2019 20:31:57.759 INFO [http-nio-8080-exec-739] org.apache.catalina.core.ApplicationContext.log Manager: list: Listing contexts for virtual host 'localhost'
30-Jul-2019 20:31:58.140 INFO [http-nio-8080-exec-740] org.apache.catalina.core.ApplicationContext.log Manager: restart: Reloading web application '/Opportunity'
30-Jul-2019 20:32:17.007 INFO [http-nio-8080-exec-735] org.apache.catalina.core.ApplicationContext.log Manager: list: Listing contexts for virtual host 'localhost'
30-Jul-2019 20:32:17.409 INFO [http-nio-8080-exec-742] org.apache.catalina.core.ApplicationContext.log Manager: restart: Reloading web application '/Opportunity'
30-Jul-2019 20:33:09.950 INFO [http-nio-8080-exec-739] org.apache.catalina.core.ApplicationContext.log Manager: list: Listing contexts for virtual host 'localhost'
30-Jul-2019 20:33:10.340 INFO [http-nio-8080-exec-752] org.apache.catalina.core.ApplicationContext.log Manager: restart: Reloading web application '/Opportunity'
30-Jul-2019 20:33:55.762 INFO [http-nio-8080-exec-755] org.apache.catalina.core.ApplicationContext.log Manager: list: Listing contexts for virtual host 'localhost'
30-Jul-2019 20:33:56.102 INFO [http-nio-8080-exec-749] org.apache.catalina.core.ApplicationContext.log Manager: restart: Reloading web application '/Opportunity'
30-Jul-2019 20:34:51.260 INFO [http-nio-8080-exec-755] org.apache.catalina.core.ApplicationContext.log Manager: list: Listing contexts for virtual host 'localhost'
30-Jul-2019 20:34:51.654 INFO [http-nio-8080-exec-762] org.apache.catalina.core.ApplicationContext.log Manager: restart: Reloading web application '/Opportunity'
30-Jul-2019 20:35:25.410 INFO [http-nio-8080-exec-768] org.apache.catalina.core.ApplicationContext.log Manager: list: Listing contexts for virtual host 'localhost'
30-Jul-2019 20:35:25.686 INFO [http-nio-8080-exec-769] org.apache.catalina.core.ApplicationContext.log Manager: restart: Reloading web application '/Opportunity'
30-Jul-2019 20:36:52.714 INFO [http-nio-8080-exec-780] org.apache.catalina.core.ApplicationContext.log Manager: list: Listing contexts for virtual host 'localhost'
30-Jul-2019 20:36:53.014 INFO [http-nio-8080-exec-774] org.apache.catalina.core.ApplicationContext.log Manager: restart: Reloading web application '/Opportunity'
30-Jul-2019 20:38:15.073 INFO [http-nio-8080-exec-786] org.apache.catalina.core.ApplicationContext.log Manager: list: Listing contexts for virtual host 'localhost'
30-Jul-2019 20:38:15.365 INFO [http-nio-8080-exec-776] org.apache.catalina.core.ApplicationContext.log Manager: restart: Reloading web application '/Opportunity'
30-Jul-2019 20:39:32.482 INFO [http-nio-8080-exec-794] org.apache.catalina.core.ApplicationContext.log Manager: list: Listing contexts for virtual host 'localhost'
30-Jul-2019 20:39:32.968 INFO [http-nio-8080-exec-789] org.apache.catalina.core.ApplicationContext.log Manager: restart: Reloading web application '/Opportunity'
30-Jul-2019 20:41:15.971 INFO [http-nio-8080-exec-800] org.apache.catalina.core.ApplicationContext.log Manager: list: Listing contexts for virtual host 'localhost'
30-Jul-2019 20:41:16.443 INFO [http-nio-8080-exec-805] org.apache.catalina.core.ApplicationContext.log Manager: restart: Reloading web application '/Opportunity'
30-Jul-2019 20:41:31.509 INFO [http-nio-8080-exec-804] org.apache.catalina.core.ApplicationContext.log Manager: list: Listing contexts for virtual host 'localhost'
30-Jul-2019 20:41:31.868 INFO [http-nio-8080-exec-799] org.apache.catalina.core.ApplicationContext.log Manager: restart: Reloading web application '/Opportunity'
30-Jul-2019 20:42:11.322 INFO [http-nio-8080-exec-811] org.apache.catalina.core.ApplicationContext.log Manager: list: Listing contexts for virtual host 'localhost'
30-Jul-2019 20:42:11.731 INFO [http-nio-8080-exec-809] org.apache.catalina.core.ApplicationContext.log Manager: restart: Reloading web application '/Opportunity'
30-Jul-2019 20:42:28.221 INFO [http-nio-8080-exec-812] org.apache.catalina.core.ApplicationContext.log Manager: list: Listing contexts for virtual host 'localhost'
30-Jul-2019 20:42:29.001 INFO [http-nio-8080-exec-800] org.apache.catalina.core.ApplicationContext.log Manager: restart: Reloading web application '/Opportunity'
30-Jul-2019 20:43:12.904 INFO [http-nio-8080-exec-815] org.apache.catalina.core.ApplicationContext.log Manager: list: Listing contexts for virtual host 'localhost'
30-Jul-2019 20:43:13.200 INFO [http-nio-8080-exec-811] org.apache.catalina.core.ApplicationContext.log Manager: restart: Reloading web application '/Opportunity'
30-Jul-2019 20:43:21.961 INFO [http-nio-8080-exec-817] org.apache.catalina.core.ApplicationContext.log Manager: list: Listing contexts for virtual host 'localhost'
30-Jul-2019 20:43:23.570 INFO [http-nio-8080-exec-816] org.apache.catalina.core.ApplicationContext.log Manager: restart: Reloading web application '/Opportunity'
30-Jul-2019 20:45:09.637 INFO [http-nio-8080-exec-817] org.apache.catalina.core.ApplicationContext.log Manager: list: Listing contexts for virtual host 'localhost'
30-Jul-2019 20:45:09.918 INFO [http-nio-8080-exec-820] org.apache.catalina.core.ApplicationContext.log Manager: restart: Reloading web application '/Opportunity'
30-Jul-2019 20:46:03.563 INFO [http-nio-8080-exec-817] org.apache.catalina.core.ApplicationContext.log Manager: list: Listing contexts for virtual host 'localhost'
30-Jul-2019 20:46:03.928 INFO [http-nio-8080-exec-819] org.apache.catalina.core.ApplicationContext.log Manager: restart: Reloading web application '/Opportunity'
30-Jul-2019 20:46:55.067 INFO [http-nio-8080-exec-827] org.apache.catalina.core.ApplicationContext.log Manager: list: Listing contexts for virtual host 'localhost'
30-Jul-2019 20:46:55.359 INFO [http-nio-8080-exec-825] org.apache.catalina.core.ApplicationContext.log Manager: restart: Reloading web application '/Opportunity'
30-Jul-2019 20:47:18.825 INFO [http-nio-8080-exec-824] org.apache.catalina.core.ApplicationContext.log Manager: list: Listing contexts for virtual host 'localhost'
30-Jul-2019 20:47:19.084 INFO [http-nio-8080-exec-827] org.apache.catalina.core.ApplicationContext.log Manager: restart: Reloading web application '/Opportunity'
30-Jul-2019 20:47:40.651 INFO [http-nio-8080-exec-824] org.apache.catalina.core.ApplicationContext.log Manager: list: Listing contexts for virtual host 'localhost'
30-Jul-2019 20:47:40.914 INFO [http-nio-8080-exec-831] org.apache.catalina.core.ApplicationContext.log Manager: restart: Reloading web application '/Opportunity'
30-Jul-2019 20:50:08.188 INFO [http-nio-8080-exec-841] org.apache.catalina.core.ApplicationContext.log Manager: list: Listing contexts for virtual host 'localhost'
30-Jul-2019 20:50:08.550 INFO [http-nio-8080-exec-824] org.apache.catalina.core.ApplicationContext.log Manager: restart: Reloading web application '/Opportunity'
30-Jul-2019 20:50:53.347 INFO [http-nio-8080-exec-840] org.apache.catalina.core.ApplicationContext.log Manager: list: Listing contexts for virtual host 'localhost'
30-Jul-2019 20:50:53.850 INFO [http-nio-8080-exec-836] org.apache.catalina.core.ApplicationContext.log Manager: restart: Reloading web application '/Opportunity'
30-Jul-2019 20:51:14.615 INFO [http-nio-8080-exec-846] org.apache.catalina.core.ApplicationContext.log Manager: list: Listing contexts for virtual host 'localhost'
30-Jul-2019 20:51:14.904 INFO [http-nio-8080-exec-830] org.apache.catalina.core.ApplicationContext.log Manager: restart: Reloading web application '/Opportunity'
