24-Jun-2019 12:10:21.840 INFO [http-nio-8080-exec-7] org.apache.catalina.core.ApplicationContext.log Manager: init: Associated with Deployer 'Catalina:type=Deployer,host=localhost'
24-Jun-2019 12:10:21.840 INFO [http-nio-8080-exec-7] org.apache.catalina.core.ApplicationContext.log Manager: init: Global resources are available
24-Jun-2019 12:10:21.841 INFO [http-nio-8080-exec-3] org.apache.catalina.core.ApplicationContext.log Manager: list: Listing contexts for virtual host 'localhost'
24-Jun-2019 12:10:21.841 INFO [http-nio-8080-exec-7] org.apache.catalina.core.ApplicationContext.log Manager: list: Listing contexts for virtual host 'localhost'
24-Jun-2019 12:10:21.882 INFO [http-nio-8080-exec-2] org.apache.catalina.core.ApplicationContext.log Manager: list: Listing contexts for virtual host 'localhost'
24-Jun-2019 12:10:21.944 INFO [http-nio-8080-exec-8] org.apache.catalina.core.ApplicationContext.log Manager: undeploy: Undeploying web application at '/Opportunity'
24-Jun-2019 12:10:23.062 INFO [http-nio-8080-exec-4] org.apache.catalina.core.ApplicationContext.log Manager: install: Installing context configuration at 'file:/C:/Users/PAULO~1.BEZ/AppData/Local/Temp/context6514372056408958280.xml'
24-Jun-2019 12:10:26.136 INFO [http-nio-8080-exec-10] org.apache.catalina.core.ApplicationContext.log Manager: start: Starting web application '/Opportunity'
24-Jun-2019 12:10:36.583 INFO [http-nio-8080-exec-7] org.apache.catalina.core.ApplicationContext.log Manager: list: Listing contexts for virtual host 'localhost'
24-Jun-2019 12:10:36.588 INFO [http-nio-8080-exec-13] org.apache.catalina.core.ApplicationContext.log Manager: list: Listing contexts for virtual host 'localhost'
24-Jun-2019 12:10:36.611 INFO [http-nio-8080-exec-5] org.apache.catalina.core.ApplicationContext.log Manager: undeploy: Undeploying web application at '/Opportunity'
24-Jun-2019 12:10:37.578 INFO [http-nio-8080-exec-10] org.apache.catalina.core.ApplicationContext.log Manager: install: Installing context configuration at 'file:/C:/Users/PAULO~1.BEZ/AppData/Local/Temp/context6718786414697380171.xml'
24-Jun-2019 12:10:40.937 INFO [http-nio-8080-exec-13] org.apache.catalina.core.ApplicationContext.log Manager: start: Starting web application '/Opportunity'
24-Jun-2019 12:12:07.394 INFO [http-nio-8080-exec-17] org.apache.catalina.core.ApplicationContext.log Manager: list: Listing contexts for virtual host 'localhost'
24-Jun-2019 12:12:10.930 INFO [http-nio-8080-exec-14] org.apache.catalina.core.ApplicationContext.log Manager: list: Listing contexts for virtual host 'localhost'
24-Jun-2019 12:12:10.934 INFO [http-nio-8080-exec-18] org.apache.catalina.core.ApplicationContext.log Manager: list: Listing contexts for virtual host 'localhost'
24-Jun-2019 12:12:10.969 INFO [http-nio-8080-exec-19] org.apache.catalina.core.ApplicationContext.log Manager: undeploy: Undeploying web application at '/Opportunity'
24-Jun-2019 12:12:12.051 INFO [http-nio-8080-exec-21] org.apache.catalina.core.ApplicationContext.log Manager: install: Installing context configuration at 'file:/C:/Users/PAULO~1.BEZ/AppData/Local/Temp/context4597982813712971665.xml'
24-Jun-2019 12:12:14.691 INFO [http-nio-8080-exec-16] org.apache.catalina.core.ApplicationContext.log Manager: start: Starting web application '/Opportunity'
24-Jun-2019 12:13:13.161 INFO [http-nio-8080-exec-26] org.apache.catalina.core.ApplicationContext.log Manager: list: Listing contexts for virtual host 'localhost'
24-Jun-2019 12:14:44.001 INFO [http-nio-8080-exec-32] org.apache.catalina.core.ApplicationContext.log Manager: list: Listing contexts for virtual host 'localhost'
24-Jun-2019 12:14:47.634 INFO [http-nio-8080-exec-35] org.apache.catalina.core.ApplicationContext.log Manager: list: Listing contexts for virtual host 'localhost'
24-Jun-2019 12:14:47.636 INFO [http-nio-8080-exec-29] org.apache.catalina.core.ApplicationContext.log Manager: list: Listing contexts for virtual host 'localhost'
24-Jun-2019 12:14:47.648 INFO [http-nio-8080-exec-30] org.apache.catalina.core.ApplicationContext.log Manager: undeploy: Undeploying web application at '/Opportunity'
24-Jun-2019 12:14:48.419 INFO [http-nio-8080-exec-31] org.apache.catalina.core.ApplicationContext.log Manager: install: Installing context configuration at 'file:/C:/Users/PAULO~1.BEZ/AppData/Local/Temp/context5654926696773309806.xml'
24-Jun-2019 12:14:49.574 INFO [http-nio-8080-exec-35] org.apache.catalina.core.ApplicationContext.log Manager: start: Starting web application '/Opportunity'
24-Jun-2019 12:16:21.553 INFO [http-nio-8080-exec-39] org.apache.catalina.core.ApplicationContext.log Manager: list: Listing contexts for virtual host 'localhost'
24-Jun-2019 12:16:30.384 INFO [http-nio-8080-exec-32] org.apache.catalina.core.ApplicationContext.log Manager: list: Listing contexts for virtual host 'localhost'
24-Jun-2019 12:16:31.211 INFO [http-nio-8080-exec-41] org.apache.catalina.core.ApplicationContext.log Manager: list: Listing contexts for virtual host 'localhost'
24-Jun-2019 12:16:31.214 INFO [http-nio-8080-exec-44] org.apache.catalina.core.ApplicationContext.log Manager: list: Listing contexts for virtual host 'localhost'
24-Jun-2019 12:16:31.240 INFO [http-nio-8080-exec-42] org.apache.catalina.core.ApplicationContext.log Manager: undeploy: Undeploying web application at '/Opportunity'
24-Jun-2019 12:16:31.977 INFO [http-nio-8080-exec-38] org.apache.catalina.core.ApplicationContext.log Manager: install: Installing context configuration at 'file:/C:/Users/PAULO~1.BEZ/AppData/Local/Temp/context7222878578418164163.xml'
24-Jun-2019 12:16:36.960 INFO [http-nio-8080-exec-40] org.apache.catalina.core.ApplicationContext.log Manager: start: Starting web application '/Opportunity'
24-Jun-2019 12:17:11.108 INFO [http-nio-8080-exec-46] org.apache.catalina.core.ApplicationContext.log Manager: list: Listing contexts for virtual host 'localhost'
24-Jun-2019 12:17:14.011 INFO [http-nio-8080-exec-50] org.apache.catalina.core.ApplicationContext.log Manager: list: Listing contexts for virtual host 'localhost'
24-Jun-2019 12:17:14.013 INFO [http-nio-8080-exec-51] org.apache.catalina.core.ApplicationContext.log Manager: list: Listing contexts for virtual host 'localhost'
24-Jun-2019 12:17:14.026 INFO [http-nio-8080-exec-37] org.apache.catalina.core.ApplicationContext.log Manager: undeploy: Undeploying web application at '/Opportunity'
24-Jun-2019 12:17:14.776 INFO [http-nio-8080-exec-51] org.apache.catalina.core.ApplicationContext.log Manager: install: Installing context configuration at 'file:/C:/Users/PAULO~1.BEZ/AppData/Local/Temp/context6806363232327897145.xml'
24-Jun-2019 12:17:15.910 INFO [http-nio-8080-exec-47] org.apache.catalina.core.ApplicationContext.log Manager: start: Starting web application '/Opportunity'
24-Jun-2019 12:17:42.073 INFO [http-nio-8080-exec-53] org.apache.catalina.core.ApplicationContext.log Manager: list: Listing contexts for virtual host 'localhost'
24-Jun-2019 12:17:51.139 INFO [http-nio-8080-exec-57] org.apache.catalina.core.ApplicationContext.log Manager: list: Listing contexts for virtual host 'localhost'
24-Jun-2019 12:18:01.156 INFO [http-nio-8080-exec-54] org.apache.catalina.core.ApplicationContext.log Manager: list: Listing contexts for virtual host 'localhost'
24-Jun-2019 12:18:01.159 INFO [http-nio-8080-exec-55] org.apache.catalina.core.ApplicationContext.log Manager: list: Listing contexts for virtual host 'localhost'
24-Jun-2019 12:18:01.172 INFO [http-nio-8080-exec-56] org.apache.catalina.core.ApplicationContext.log Manager: undeploy: Undeploying web application at '/Opportunity'
24-Jun-2019 12:18:01.841 INFO [http-nio-8080-exec-58] org.apache.catalina.core.ApplicationContext.log Manager: install: Installing context configuration at 'file:/C:/Users/PAULO~1.BEZ/AppData/Local/Temp/context4165829823081581168.xml'
24-Jun-2019 12:18:03.020 INFO [http-nio-8080-exec-60] org.apache.catalina.core.ApplicationContext.log Manager: start: Starting web application '/Opportunity'
24-Jun-2019 12:19:13.703 INFO [http-nio-8080-exec-65] org.apache.catalina.core.ApplicationContext.log Manager: list: Listing contexts for virtual host 'localhost'
24-Jun-2019 12:19:14.011 INFO [http-nio-8080-exec-66] org.apache.catalina.core.ApplicationContext.log Manager: restart: Reloading web application '/Opportunity'
24-Jun-2019 12:21:54.471 INFO [http-nio-8080-exec-76] org.apache.catalina.core.ApplicationContext.log Manager: list: Listing contexts for virtual host 'localhost'
24-Jun-2019 12:21:54.674 INFO [http-nio-8080-exec-69] org.apache.catalina.core.ApplicationContext.log Manager: restart: Reloading web application '/Opportunity'
24-Jun-2019 12:22:34.837 INFO [http-nio-8080-exec-77] org.apache.catalina.core.ApplicationContext.log Manager: list: Listing contexts for virtual host 'localhost'
24-Jun-2019 12:22:34.839 INFO [http-nio-8080-exec-70] org.apache.catalina.core.ApplicationContext.log Manager: list: Listing contexts for virtual host 'localhost'
24-Jun-2019 12:22:34.851 INFO [http-nio-8080-exec-73] org.apache.catalina.core.ApplicationContext.log Manager: undeploy: Undeploying web application at '/Opportunity'
24-Jun-2019 12:22:35.557 INFO [http-nio-8080-exec-70] org.apache.catalina.core.ApplicationContext.log Manager: install: Installing context configuration at 'file:/C:/Users/PAULO~1.BEZ/AppData/Local/Temp/context1915904728567975409.xml'
24-Jun-2019 12:22:36.586 INFO [http-nio-8080-exec-78] org.apache.catalina.core.ApplicationContext.log Manager: start: Starting web application '/Opportunity'
24-Jun-2019 12:24:49.972 INFO [http-nio-8080-exec-82] org.apache.catalina.core.ApplicationContext.log Manager: list: Listing contexts for virtual host 'localhost'
24-Jun-2019 12:24:50.162 INFO [http-nio-8080-exec-89] org.apache.catalina.core.ApplicationContext.log Manager: restart: Reloading web application '/Opportunity'
24-Jun-2019 12:27:14.381 INFO [http-nio-8080-exec-98] org.apache.catalina.core.ApplicationContext.log Manager: list: Listing contexts for virtual host 'localhost'
24-Jun-2019 12:27:14.600 INFO [http-nio-8080-exec-96] org.apache.catalina.core.ApplicationContext.log Manager: restart: Reloading web application '/Opportunity'
24-Jun-2019 12:33:15.177 INFO [http-nio-8080-exec-105] org.apache.catalina.core.ApplicationContext.log Manager: list: Listing contexts for virtual host 'localhost'
24-Jun-2019 12:33:15.441 INFO [http-nio-8080-exec-101] org.apache.catalina.core.ApplicationContext.log Manager: restart: Reloading web application '/Opportunity'
24-Jun-2019 12:35:24.789 INFO [http-nio-8080-exec-114] org.apache.catalina.core.ApplicationContext.log Manager: list: Listing contexts for virtual host 'localhost'
24-Jun-2019 12:35:24.983 INFO [http-nio-8080-exec-107] org.apache.catalina.core.ApplicationContext.log Manager: restart: Reloading web application '/Opportunity'
24-Jun-2019 12:54:59.582 INFO [http-nio-8080-exec-119] org.apache.catalina.core.ApplicationContext.log Manager: list: Listing contexts for virtual host 'localhost'
24-Jun-2019 12:54:59.828 INFO [http-nio-8080-exec-120] org.apache.catalina.core.ApplicationContext.log Manager: restart: Reloading web application '/Opportunity'
24-Jun-2019 12:55:23.315 INFO [http-nio-8080-exec-117] org.apache.catalina.core.ApplicationContext.log Manager: list: Listing contexts for virtual host 'localhost'
24-Jun-2019 12:55:23.547 INFO [http-nio-8080-exec-125] org.apache.catalina.core.ApplicationContext.log Manager: restart: Reloading web application '/Opportunity'
24-Jun-2019 12:55:31.747 INFO [http-nio-8080-exec-123] org.apache.catalina.core.ApplicationContext.log Manager: list: Listing contexts for virtual host 'localhost'
24-Jun-2019 12:55:31.964 INFO [http-nio-8080-exec-128] org.apache.catalina.core.ApplicationContext.log Manager: restart: Reloading web application '/Opportunity'
24-Jun-2019 12:56:23.343 INFO [http-nio-8080-exec-118] org.apache.catalina.core.ApplicationContext.log Manager: list: Listing contexts for virtual host 'localhost'
24-Jun-2019 12:56:23.575 INFO [http-nio-8080-exec-123] org.apache.catalina.core.ApplicationContext.log Manager: restart: Reloading web application '/Opportunity'
24-Jun-2019 12:57:22.682 INFO [http-nio-8080-exec-133] org.apache.catalina.core.ApplicationContext.log Manager: list: Listing contexts for virtual host 'localhost'
24-Jun-2019 12:57:22.874 INFO [http-nio-8080-exec-124] org.apache.catalina.core.ApplicationContext.log Manager: restart: Reloading web application '/Opportunity'
24-Jun-2019 12:58:14.847 INFO [http-nio-8080-exec-118] org.apache.catalina.core.ApplicationContext.log Manager: list: Listing contexts for virtual host 'localhost'
24-Jun-2019 12:58:15.121 INFO [http-nio-8080-exec-133] org.apache.catalina.core.ApplicationContext.log Manager: restart: Reloading web application '/Opportunity'
24-Jun-2019 13:00:14.180 INFO [http-nio-8080-exec-134] org.apache.catalina.core.ApplicationContext.log Manager: list: Listing contexts for virtual host 'localhost'
24-Jun-2019 13:00:14.182 INFO [http-nio-8080-exec-118] org.apache.catalina.core.ApplicationContext.log Manager: list: Listing contexts for virtual host 'localhost'
24-Jun-2019 13:00:14.200 INFO [http-nio-8080-exec-137] org.apache.catalina.core.ApplicationContext.log Manager: undeploy: Undeploying web application at '/Opportunity'
24-Jun-2019 13:00:15.108 INFO [http-nio-8080-exec-144] org.apache.catalina.core.ApplicationContext.log Manager: install: Installing context configuration at 'file:/C:/Users/PAULO~1.BEZ/AppData/Local/Temp/context8602967284806850533.xml'
24-Jun-2019 13:00:16.220 INFO [http-nio-8080-exec-118] org.apache.catalina.core.ApplicationContext.log Manager: start: Starting web application '/Opportunity'
24-Jun-2019 13:02:36.886 INFO [http-nio-8080-exec-153] org.apache.catalina.core.ApplicationContext.log Manager: list: Listing contexts for virtual host 'localhost'
24-Jun-2019 13:02:37.155 INFO [http-nio-8080-exec-148] org.apache.catalina.core.ApplicationContext.log Manager: restart: Reloading web application '/Opportunity'
24-Jun-2019 13:04:28.239 INFO [http-nio-8080-exec-157] org.apache.catalina.core.ApplicationContext.log Manager: list: Listing contexts for virtual host 'localhost'
24-Jun-2019 13:04:28.435 INFO [http-nio-8080-exec-161] org.apache.catalina.core.ApplicationContext.log Manager: restart: Reloading web application '/Opportunity'
24-Jun-2019 13:05:19.581 INFO [http-nio-8080-exec-155] org.apache.catalina.core.ApplicationContext.log Manager: list: Listing contexts for virtual host 'localhost'
24-Jun-2019 13:05:19.796 INFO [http-nio-8080-exec-157] org.apache.catalina.core.ApplicationContext.log Manager: restart: Reloading web application '/Opportunity'
24-Jun-2019 13:06:01.836 INFO [http-nio-8080-exec-156] org.apache.catalina.core.ApplicationContext.log Manager: list: Listing contexts for virtual host 'localhost'
24-Jun-2019 13:06:02.086 INFO [http-nio-8080-exec-165] org.apache.catalina.core.ApplicationContext.log Manager: restart: Reloading web application '/Opportunity'
24-Jun-2019 13:06:04.032 INFO [http-nio-8080-exec-156] org.apache.catalina.core.ApplicationContext.log Manager: list: Listing contexts for virtual host 'localhost'
24-Jun-2019 13:06:04.465 INFO [http-nio-8080-exec-169] org.apache.catalina.core.ApplicationContext.log Manager: restart: Reloading web application '/Opportunity'
24-Jun-2019 13:06:22.307 INFO [http-nio-8080-exec-164] org.apache.catalina.core.ApplicationContext.log Manager: list: Listing contexts for virtual host 'localhost'
24-Jun-2019 13:06:22.514 INFO [http-nio-8080-exec-156] org.apache.catalina.core.ApplicationContext.log Manager: restart: Reloading web application '/Opportunity'
24-Jun-2019 13:06:23.905 INFO [http-nio-8080-exec-158] org.apache.catalina.core.ApplicationContext.log Manager: list: Listing contexts for virtual host 'localhost'
24-Jun-2019 13:06:24.293 INFO [http-nio-8080-exec-155] org.apache.catalina.core.ApplicationContext.log Manager: restart: Reloading web application '/Opportunity'
24-Jun-2019 13:07:56.596 INFO [http-nio-8080-exec-168] org.apache.catalina.core.ApplicationContext.log Manager: list: Listing contexts for virtual host 'localhost'
24-Jun-2019 13:07:56.833 INFO [http-nio-8080-exec-173] org.apache.catalina.core.ApplicationContext.log Manager: restart: Reloading web application '/Opportunity'
24-Jun-2019 13:08:31.760 INFO [http-nio-8080-exec-176] org.apache.catalina.core.ApplicationContext.log Manager: list: Listing contexts for virtual host 'localhost'
24-Jun-2019 13:09:02.134 INFO [http-nio-8080-exec-179] org.apache.catalina.core.ApplicationContext.log Manager: list: Listing contexts for virtual host 'localhost'
24-Jun-2019 13:09:02.364 INFO [http-nio-8080-exec-177] org.apache.catalina.core.ApplicationContext.log Manager: restart: Reloading web application '/Opportunity'
24-Jun-2019 13:11:02.544 INFO [http-nio-8080-exec-192] org.apache.catalina.core.ApplicationContext.log Manager: list: Listing contexts for virtual host 'localhost'
24-Jun-2019 13:11:02.756 INFO [http-nio-8080-exec-183] org.apache.catalina.core.ApplicationContext.log Manager: restart: Reloading web application '/Opportunity'
24-Jun-2019 13:11:17.241 INFO [http-nio-8080-exec-188] org.apache.catalina.core.ApplicationContext.log Manager: list: Listing contexts for virtual host 'localhost'
24-Jun-2019 13:11:17.445 INFO [http-nio-8080-exec-186] org.apache.catalina.core.ApplicationContext.log Manager: restart: Reloading web application '/Opportunity'
24-Jun-2019 13:11:33.554 INFO [http-nio-8080-exec-188] org.apache.catalina.core.ApplicationContext.log Manager: list: Listing contexts for virtual host 'localhost'
24-Jun-2019 13:11:33.768 INFO [http-nio-8080-exec-190] org.apache.catalina.core.ApplicationContext.log Manager: restart: Reloading web application '/Opportunity'
24-Jun-2019 13:11:46.690 INFO [http-nio-8080-exec-195] org.apache.catalina.core.ApplicationContext.log Manager: list: Listing contexts for virtual host 'localhost'
24-Jun-2019 13:11:46.924 INFO [http-nio-8080-exec-188] org.apache.catalina.core.ApplicationContext.log Manager: restart: Reloading web application '/Opportunity'
24-Jun-2019 13:12:24.193 INFO [http-nio-8080-exec-202] org.apache.catalina.core.ApplicationContext.log Manager: list: Listing contexts for virtual host 'localhost'
24-Jun-2019 13:12:24.437 INFO [http-nio-8080-exec-200] org.apache.catalina.core.ApplicationContext.log Manager: restart: Reloading web application '/Opportunity'
24-Jun-2019 13:12:43.196 INFO [http-nio-8080-exec-195] org.apache.catalina.core.ApplicationContext.log Manager: list: Listing contexts for virtual host 'localhost'
24-Jun-2019 13:13:14.482 INFO [http-nio-8080-exec-207] org.apache.catalina.core.ApplicationContext.log Manager: list: Listing contexts for virtual host 'localhost'
24-Jun-2019 13:13:14.695 INFO [http-nio-8080-exec-208] org.apache.catalina.core.ApplicationContext.log Manager: restart: Reloading web application '/Opportunity'
24-Jun-2019 13:15:15.133 INFO [http-nio-8080-exec-205] org.apache.catalina.core.ApplicationContext.log Manager: list: Listing contexts for virtual host 'localhost'
24-Jun-2019 13:15:15.133 INFO [http-nio-8080-exec-189] org.apache.catalina.core.ApplicationContext.log Manager: list: Listing contexts for virtual host 'localhost'
24-Jun-2019 13:15:15.182 INFO [http-nio-8080-exec-209] org.apache.catalina.core.ApplicationContext.log Manager: undeploy: Undeploying web application at '/Opportunity'
24-Jun-2019 13:15:16.258 INFO [http-nio-8080-exec-205] org.apache.catalina.core.ApplicationContext.log Manager: install: Installing context configuration at 'file:/C:/Users/PAULO~1.BEZ/AppData/Local/Temp/context5483335664962305398.xml'
24-Jun-2019 13:15:18.809 INFO [http-nio-8080-exec-213] org.apache.catalina.core.ApplicationContext.log Manager: start: Starting web application '/Opportunity'
24-Jun-2019 13:17:41.831 INFO [http-nio-8080-exec-216] org.apache.catalina.core.ApplicationContext.log Manager: list: Listing contexts for virtual host 'localhost'
24-Jun-2019 13:17:42.050 INFO [http-nio-8080-exec-217] org.apache.catalina.core.ApplicationContext.log Manager: restart: Reloading web application '/Opportunity'
24-Jun-2019 13:19:22.851 INFO [http-nio-8080-exec-221] org.apache.catalina.core.ApplicationContext.log Manager: list: Listing contexts for virtual host 'localhost'
24-Jun-2019 13:19:23.110 INFO [http-nio-8080-exec-225] org.apache.catalina.core.ApplicationContext.log Manager: restart: Reloading web application '/Opportunity'
24-Jun-2019 13:20:56.627 INFO [http-nio-8080-exec-236] org.apache.catalina.core.ApplicationContext.log Manager: list: Listing contexts for virtual host 'localhost'
24-Jun-2019 13:20:56.845 INFO [http-nio-8080-exec-231] org.apache.catalina.core.ApplicationContext.log Manager: restart: Reloading web application '/Opportunity'
24-Jun-2019 13:21:07.684 INFO [http-nio-8080-exec-237] org.apache.catalina.core.ApplicationContext.log Manager: list: Listing contexts for virtual host 'localhost'
24-Jun-2019 13:21:07.892 INFO [http-nio-8080-exec-235] org.apache.catalina.core.ApplicationContext.log Manager: restart: Reloading web application '/Opportunity'
24-Jun-2019 13:22:57.425 INFO [http-nio-8080-exec-246] org.apache.catalina.core.ApplicationContext.log Manager: list: Listing contexts for virtual host 'localhost'
24-Jun-2019 13:22:57.691 INFO [http-nio-8080-exec-242] org.apache.catalina.core.ApplicationContext.log Manager: restart: Reloading web application '/Opportunity'
24-Jun-2019 13:23:08.151 INFO [http-nio-8080-exec-241] org.apache.catalina.core.ApplicationContext.log Manager: list: Listing contexts for virtual host 'localhost'
24-Jun-2019 13:23:08.169 INFO [http-nio-8080-exec-245] org.apache.catalina.core.ApplicationContext.log Manager: undeploy: Undeploying web application at '/Opportunity'
24-Jun-2019 13:25:32.761 INFO [http-nio-8080-exec-251] org.apache.catalina.core.ApplicationContext.log Manager: list: Listing contexts for virtual host 'localhost'
24-Jun-2019 13:26:50.682 INFO [http-nio-8080-exec-258] org.apache.catalina.core.ApplicationContext.log Manager: list: Listing contexts for virtual host 'localhost'
24-Jun-2019 13:26:59.890 INFO [http-nio-8080-exec-256] org.apache.catalina.core.ApplicationContext.log Manager: list: Listing contexts for virtual host 'localhost'
24-Jun-2019 13:26:59.891 INFO [http-nio-8080-exec-254] org.apache.catalina.core.ApplicationContext.log Manager: list: Listing contexts for virtual host 'localhost'
24-Jun-2019 13:26:59.946 INFO [http-nio-8080-exec-255] org.apache.catalina.core.ApplicationContext.log Manager: install: Installing context configuration at 'file:/C:/Users/PAULO~1.BEZ/AppData/Local/Temp/context134814209762304148.xml'
24-Jun-2019 13:27:00.967 INFO [http-nio-8080-exec-257] org.apache.catalina.core.ApplicationContext.log Manager: start: Starting web application '/Opportunity'
24-Jun-2019 13:28:26.075 INFO [http-nio-8080-exec-256] org.apache.catalina.core.ApplicationContext.log Manager: list: Listing contexts for virtual host 'localhost'
24-Jun-2019 13:28:26.342 INFO [http-nio-8080-exec-254] org.apache.catalina.core.ApplicationContext.log Manager: restart: Reloading web application '/Opportunity'
24-Jun-2019 13:29:16.439 INFO [http-nio-8080-exec-266] org.apache.catalina.core.ApplicationContext.log Manager: list: Listing contexts for virtual host 'localhost'
24-Jun-2019 13:29:16.667 INFO [http-nio-8080-exec-261] org.apache.catalina.core.ApplicationContext.log Manager: restart: Reloading web application '/Opportunity'
24-Jun-2019 13:29:52.339 INFO [http-nio-8080-exec-269] org.apache.catalina.core.ApplicationContext.log Manager: list: Listing contexts for virtual host 'localhost'
24-Jun-2019 13:29:52.530 INFO [http-nio-8080-exec-255] org.apache.catalina.core.ApplicationContext.log Manager: restart: Reloading web application '/Opportunity'
24-Jun-2019 13:30:23.473 INFO [http-nio-8080-exec-269] org.apache.catalina.core.ApplicationContext.log Manager: list: Listing contexts for virtual host 'localhost'
24-Jun-2019 13:30:23.677 INFO [http-nio-8080-exec-266] org.apache.catalina.core.ApplicationContext.log Manager: restart: Reloading web application '/Opportunity'
24-Jun-2019 13:32:55.903 INFO [http-nio-8080-exec-281] org.apache.catalina.core.ApplicationContext.log Manager: list: Listing contexts for virtual host 'localhost'
24-Jun-2019 13:32:56.161 INFO [http-nio-8080-exec-286] org.apache.catalina.core.ApplicationContext.log Manager: restart: Reloading web application '/Opportunity'
24-Jun-2019 13:33:04.459 INFO [http-nio-8080-exec-279] org.apache.catalina.core.ApplicationContext.log Manager: list: Listing contexts for virtual host 'localhost'
24-Jun-2019 13:33:04.715 INFO [http-nio-8080-exec-285] org.apache.catalina.core.ApplicationContext.log Manager: restart: Reloading web application '/Opportunity'
24-Jun-2019 13:35:23.491 INFO [http-nio-8080-exec-292] org.apache.catalina.core.ApplicationContext.log Manager: list: Listing contexts for virtual host 'localhost'
24-Jun-2019 13:35:23.860 INFO [http-nio-8080-exec-297] org.apache.catalina.core.ApplicationContext.log Manager: restart: Reloading web application '/Opportunity'
24-Jun-2019 13:37:21.027 INFO [http-nio-8080-exec-292] org.apache.catalina.core.ApplicationContext.log Manager: list: Listing contexts for virtual host 'localhost'
24-Jun-2019 13:37:21.031 INFO [http-nio-8080-exec-291] org.apache.catalina.core.ApplicationContext.log Manager: list: Listing contexts for virtual host 'localhost'
24-Jun-2019 13:37:21.069 INFO [http-nio-8080-exec-302] org.apache.catalina.core.ApplicationContext.log Manager: undeploy: Undeploying web application at '/Opportunity'
24-Jun-2019 13:37:22.089 INFO [http-nio-8080-exec-304] org.apache.catalina.core.ApplicationContext.log Manager: install: Installing context configuration at 'file:/C:/Users/PAULO~1.BEZ/AppData/Local/Temp/context1746420170164968425.xml'
24-Jun-2019 13:37:26.617 INFO [http-nio-8080-exec-293] org.apache.catalina.core.ApplicationContext.log Manager: start: Starting web application '/Opportunity'
24-Jun-2019 13:39:22.512 INFO [http-nio-8080-exec-314] org.apache.catalina.core.ApplicationContext.log Manager: list: Listing contexts for virtual host 'localhost'
24-Jun-2019 13:39:22.879 INFO [http-nio-8080-exec-309] org.apache.catalina.core.ApplicationContext.log Manager: restart: Reloading web application '/Opportunity'
24-Jun-2019 13:40:16.257 INFO [http-nio-8080-exec-319] org.apache.catalina.core.ApplicationContext.log Manager: list: Listing contexts for virtual host 'localhost'
24-Jun-2019 13:40:16.634 INFO [http-nio-8080-exec-320] org.apache.catalina.core.ApplicationContext.log Manager: restart: Reloading web application '/Opportunity'
24-Jun-2019 13:40:23.410 INFO [http-nio-8080-exec-315] org.apache.catalina.core.ApplicationContext.log Manager: list: Listing contexts for virtual host 'localhost'
24-Jun-2019 13:40:23.844 INFO [http-nio-8080-exec-323] org.apache.catalina.core.ApplicationContext.log Manager: restart: Reloading web application '/Opportunity'
24-Jun-2019 13:40:56.111 INFO [http-nio-8080-exec-311] org.apache.catalina.core.ApplicationContext.log Manager: list: Listing contexts for virtual host 'localhost'
24-Jun-2019 13:40:56.622 INFO [http-nio-8080-exec-318] org.apache.catalina.core.ApplicationContext.log Manager: restart: Reloading web application '/Opportunity'
24-Jun-2019 13:43:24.369 INFO [http-nio-8080-exec-334] org.apache.catalina.core.ApplicationContext.log Manager: list: Listing contexts for virtual host 'localhost'
24-Jun-2019 13:43:24.884 INFO [http-nio-8080-exec-330] org.apache.catalina.core.ApplicationContext.log Manager: restart: Reloading web application '/Opportunity'
24-Jun-2019 13:44:59.540 INFO [http-nio-8080-exec-340] org.apache.catalina.core.ApplicationContext.log Manager: list: Listing contexts for virtual host 'localhost'
24-Jun-2019 13:45:00.021 INFO [http-nio-8080-exec-345] org.apache.catalina.core.ApplicationContext.log Manager: restart: Reloading web application '/Opportunity'
24-Jun-2019 14:50:47.483 INFO [http-nio-8080-exec-356] org.apache.catalina.core.ApplicationContext.log Manager: list: Listing contexts for virtual host 'localhost'
24-Jun-2019 14:50:47.754 INFO [http-nio-8080-exec-358] org.apache.catalina.core.ApplicationContext.log Manager: restart: Reloading web application '/Opportunity'
24-Jun-2019 14:55:48.029 INFO [http-nio-8080-exec-360] org.apache.catalina.core.ApplicationContext.log Manager: list: Listing contexts for virtual host 'localhost'
24-Jun-2019 14:55:48.195 INFO [http-nio-8080-exec-361] org.apache.catalina.core.ApplicationContext.log Manager: restart: Reloading web application '/Opportunity'
24-Jun-2019 14:57:20.030 INFO [http-nio-8080-exec-365] org.apache.catalina.core.ApplicationContext.log Manager: list: Listing contexts for virtual host 'localhost'
24-Jun-2019 14:57:20.200 INFO [http-nio-8080-exec-369] org.apache.catalina.core.ApplicationContext.log Manager: restart: Reloading web application '/Opportunity'
24-Jun-2019 14:57:36.380 INFO [http-nio-8080-exec-375] org.apache.catalina.core.ApplicationContext.log Manager: list: Listing contexts for virtual host 'localhost'
24-Jun-2019 14:57:36.552 INFO [http-nio-8080-exec-378] org.apache.catalina.core.ApplicationContext.log Manager: restart: Reloading web application '/Opportunity'
24-Jun-2019 15:01:26.090 INFO [http-nio-8080-exec-390] org.apache.catalina.core.ApplicationContext.log Manager: list: Listing contexts for virtual host 'localhost'
24-Jun-2019 15:01:26.257 INFO [http-nio-8080-exec-382] org.apache.catalina.core.ApplicationContext.log Manager: restart: Reloading web application '/Opportunity'
24-Jun-2019 15:08:31.581 INFO [http-nio-8080-exec-391] org.apache.catalina.core.ApplicationContext.log Manager: list: Listing contexts for virtual host 'localhost'
24-Jun-2019 15:08:31.862 INFO [http-nio-8080-exec-392] org.apache.catalina.core.ApplicationContext.log Manager: restart: Reloading web application '/Opportunity'
24-Jun-2019 15:13:14.108 INFO [http-nio-8080-exec-406] org.apache.catalina.core.ApplicationContext.log Manager: list: Listing contexts for virtual host 'localhost'
24-Jun-2019 15:13:14.302 INFO [http-nio-8080-exec-407] org.apache.catalina.core.ApplicationContext.log Manager: restart: Reloading web application '/Opportunity'
24-Jun-2019 15:17:24.842 INFO [http-nio-8080-exec-419] org.apache.catalina.core.ApplicationContext.log Manager: list: Listing contexts for virtual host 'localhost'
24-Jun-2019 15:17:24.997 INFO [http-nio-8080-exec-412] org.apache.catalina.core.ApplicationContext.log Manager: restart: Reloading web application '/Opportunity'
24-Jun-2019 15:18:50.720 INFO [http-nio-8080-exec-423] org.apache.catalina.core.ApplicationContext.log Manager: list: Listing contexts for virtual host 'localhost'
24-Jun-2019 15:18:50.970 INFO [http-nio-8080-exec-421] org.apache.catalina.core.ApplicationContext.log Manager: restart: Reloading web application '/Opportunity'
24-Jun-2019 15:20:40.483 INFO [http-nio-8080-exec-437] org.apache.catalina.core.ApplicationContext.log Manager: list: Listing contexts for virtual host 'localhost'
24-Jun-2019 15:20:40.682 INFO [http-nio-8080-exec-438] org.apache.catalina.core.ApplicationContext.log Manager: restart: Reloading web application '/Opportunity'
24-Jun-2019 15:23:44.624 INFO [http-nio-8080-exec-440] org.apache.catalina.core.ApplicationContext.log Manager: list: Listing contexts for virtual host 'localhost'
24-Jun-2019 15:23:44.871 INFO [http-nio-8080-exec-446] org.apache.catalina.core.ApplicationContext.log Manager: restart: Reloading web application '/Opportunity'
24-Jun-2019 15:25:28.170 INFO [http-nio-8080-exec-455] org.apache.catalina.core.ApplicationContext.log Manager: list: Listing contexts for virtual host 'localhost'
24-Jun-2019 15:25:28.420 INFO [http-nio-8080-exec-456] org.apache.catalina.core.ApplicationContext.log Manager: restart: Reloading web application '/Opportunity'
24-Jun-2019 15:26:41.427 INFO [http-nio-8080-exec-439] org.apache.catalina.core.ApplicationContext.log Manager: list: Listing contexts for virtual host 'localhost'
24-Jun-2019 15:26:41.642 INFO [http-nio-8080-exec-455] org.apache.catalina.core.ApplicationContext.log Manager: restart: Reloading web application '/Opportunity'
24-Jun-2019 15:27:43.674 INFO [http-nio-8080-exec-464] org.apache.catalina.core.ApplicationContext.log Manager: list: Listing contexts for virtual host 'localhost'
24-Jun-2019 15:27:43.910 INFO [http-nio-8080-exec-466] org.apache.catalina.core.ApplicationContext.log Manager: restart: Reloading web application '/Opportunity'
24-Jun-2019 15:28:39.218 INFO [http-nio-8080-exec-476] org.apache.catalina.core.ApplicationContext.log Manager: list: Listing contexts for virtual host 'localhost'
24-Jun-2019 15:28:39.420 INFO [http-nio-8080-exec-465] org.apache.catalina.core.ApplicationContext.log Manager: restart: Reloading web application '/Opportunity'
24-Jun-2019 15:29:58.479 INFO [http-nio-8080-exec-481] org.apache.catalina.core.ApplicationContext.log Manager: list: Listing contexts for virtual host 'localhost'
24-Jun-2019 15:29:58.683 INFO [http-nio-8080-exec-486] org.apache.catalina.core.ApplicationContext.log Manager: restart: Reloading web application '/Opportunity'
24-Jun-2019 15:30:35.025 INFO [http-nio-8080-exec-480] org.apache.catalina.core.ApplicationContext.log Manager: list: Listing contexts for virtual host 'localhost'
24-Jun-2019 15:30:35.235 INFO [http-nio-8080-exec-474] org.apache.catalina.core.ApplicationContext.log Manager: restart: Reloading web application '/Opportunity'
24-Jun-2019 15:31:47.417 INFO [http-nio-8080-exec-488] org.apache.catalina.core.ApplicationContext.log Manager: list: Listing contexts for virtual host 'localhost'
24-Jun-2019 15:31:47.630 INFO [http-nio-8080-exec-487] org.apache.catalina.core.ApplicationContext.log Manager: restart: Reloading web application '/Opportunity'
24-Jun-2019 15:34:09.299 INFO [http-nio-8080-exec-503] org.apache.catalina.core.ApplicationContext.log Manager: list: Listing contexts for virtual host 'localhost'
24-Jun-2019 15:34:09.495 INFO [http-nio-8080-exec-504] org.apache.catalina.core.ApplicationContext.log Manager: restart: Reloading web application '/Opportunity'
24-Jun-2019 15:34:32.441 INFO [http-nio-8080-exec-506] org.apache.catalina.core.ApplicationContext.log Manager: list: Listing contexts for virtual host 'localhost'
24-Jun-2019 15:34:32.651 INFO [http-nio-8080-exec-505] org.apache.catalina.core.ApplicationContext.log Manager: restart: Reloading web application '/Opportunity'
24-Jun-2019 15:35:26.802 INFO [http-nio-8080-exec-507] org.apache.catalina.core.ApplicationContext.log Manager: list: Listing contexts for virtual host 'localhost'
24-Jun-2019 15:35:26.975 INFO [http-nio-8080-exec-482] org.apache.catalina.core.ApplicationContext.log Manager: restart: Reloading web application '/Opportunity'
24-Jun-2019 15:35:42.429 INFO [http-nio-8080-exec-513] org.apache.catalina.core.ApplicationContext.log Manager: list: Listing contexts for virtual host 'localhost'
24-Jun-2019 15:35:42.594 INFO [http-nio-8080-exec-516] org.apache.catalina.core.ApplicationContext.log Manager: restart: Reloading web application '/Opportunity'
24-Jun-2019 15:37:34.250 INFO [http-nio-8080-exec-523] org.apache.catalina.core.ApplicationContext.log Manager: list: Listing contexts for virtual host 'localhost'
24-Jun-2019 15:37:34.441 INFO [http-nio-8080-exec-519] org.apache.catalina.core.ApplicationContext.log Manager: restart: Reloading web application '/Opportunity'
24-Jun-2019 15:46:38.293 INFO [http-nio-8080-exec-528] org.apache.catalina.core.ApplicationContext.log Manager: list: Listing contexts for virtual host 'localhost'
24-Jun-2019 15:46:38.465 INFO [http-nio-8080-exec-532] org.apache.catalina.core.ApplicationContext.log Manager: restart: Reloading web application '/Opportunity'
24-Jun-2019 15:46:47.369 INFO [http-nio-8080-exec-529] org.apache.catalina.core.ApplicationContext.log Manager: list: Listing contexts for virtual host 'localhost'
24-Jun-2019 15:46:47.385 INFO [http-nio-8080-exec-531] org.apache.catalina.core.ApplicationContext.log Manager: undeploy: Undeploying web application at '/Opportunity'
24-Jun-2019 15:51:12.487 INFO [http-nio-8080-exec-541] org.apache.catalina.core.ApplicationContext.log Manager: list: Listing contexts for virtual host 'localhost'
24-Jun-2019 16:10:46.222 INFO [http-nio-8080-exec-3] org.apache.catalina.core.ApplicationContext.log Manager: init: Associated with Deployer 'Catalina:type=Deployer,host=localhost'
24-Jun-2019 16:10:46.222 INFO [http-nio-8080-exec-3] org.apache.catalina.core.ApplicationContext.log Manager: init: Global resources are available
24-Jun-2019 16:10:46.222 INFO [http-nio-8080-exec-3] org.apache.catalina.core.ApplicationContext.log Manager: list: Listing contexts for virtual host 'localhost'
24-Jun-2019 16:10:46.238 INFO [http-nio-8080-exec-7] org.apache.catalina.core.ApplicationContext.log Manager: list: Listing contexts for virtual host 'localhost'
24-Jun-2019 16:10:46.316 INFO [http-nio-8080-exec-4] org.apache.catalina.core.ApplicationContext.log Manager: install: Installing context configuration at 'file:/C:/Users/PAULO~1.BEZ/AppData/Local/Temp/context6556728366567685051.xml'
24-Jun-2019 16:10:51.377 INFO [http-nio-8080-exec-9] org.apache.catalina.core.ApplicationContext.log Manager: start: Starting web application '/Opportunity'
24-Jun-2019 16:22:21.334 INFO [http-nio-8080-exec-1] org.apache.catalina.core.ApplicationContext.log Manager: list: Listing contexts for virtual host 'localhost'
24-Jun-2019 16:22:21.771 INFO [http-nio-8080-exec-2] org.apache.catalina.core.ApplicationContext.log Manager: restart: Reloading web application '/Opportunity'
24-Jun-2019 16:23:01.227 INFO [http-nio-8080-exec-6] org.apache.catalina.core.ApplicationContext.log Manager: list: Listing contexts for virtual host 'localhost'
24-Jun-2019 16:23:01.523 INFO [http-nio-8080-exec-9] org.apache.catalina.core.ApplicationContext.log Manager: restart: Reloading web application '/Opportunity'
24-Jun-2019 16:24:49.285 INFO [http-nio-8080-exec-3] org.apache.catalina.core.ApplicationContext.log Manager: list: Listing contexts for virtual host 'localhost'
24-Jun-2019 16:24:49.287 INFO [http-nio-8080-exec-13] org.apache.catalina.core.ApplicationContext.log Manager: list: Listing contexts for virtual host 'localhost'
24-Jun-2019 16:24:49.307 INFO [http-nio-8080-exec-6] org.apache.catalina.core.ApplicationContext.log Manager: undeploy: Undeploying web application at '/Opportunity'
24-Jun-2019 16:24:50.024 INFO [http-nio-8080-exec-5] org.apache.catalina.core.ApplicationContext.log Manager: install: Installing context configuration at 'file:/C:/Users/PAULO~1.BEZ/AppData/Local/Temp/context3406678059546825568.xml'
24-Jun-2019 16:24:51.133 INFO [http-nio-8080-exec-14] org.apache.catalina.core.ApplicationContext.log Manager: start: Starting web application '/Opportunity'
24-Jun-2019 16:27:09.523 INFO [http-nio-8080-exec-19] org.apache.catalina.core.ApplicationContext.log Manager: list: Listing contexts for virtual host 'localhost'
24-Jun-2019 16:27:09.885 INFO [http-nio-8080-exec-24] org.apache.catalina.core.ApplicationContext.log Manager: restart: Reloading web application '/Opportunity'
24-Jun-2019 16:27:28.988 INFO [http-nio-8080-exec-22] org.apache.catalina.core.ApplicationContext.log Manager: list: Listing contexts for virtual host 'localhost'
24-Jun-2019 16:27:29.277 INFO [http-nio-8080-exec-23] org.apache.catalina.core.ApplicationContext.log Manager: restart: Reloading web application '/Opportunity'
24-Jun-2019 16:30:17.393 INFO [http-nio-8080-exec-36] org.apache.catalina.core.ApplicationContext.log Manager: list: Listing contexts for virtual host 'localhost'
24-Jun-2019 16:30:17.674 INFO [http-nio-8080-exec-33] org.apache.catalina.core.ApplicationContext.log Manager: restart: Reloading web application '/Opportunity'
24-Jun-2019 16:30:28.943 INFO [http-nio-8080-exec-38] org.apache.catalina.core.ApplicationContext.log Manager: list: Listing contexts for virtual host 'localhost'
24-Jun-2019 16:30:29.240 INFO [http-nio-8080-exec-32] org.apache.catalina.core.ApplicationContext.log Manager: restart: Reloading web application '/Opportunity'
24-Jun-2019 16:31:03.987 INFO [http-nio-8080-exec-34] org.apache.catalina.core.ApplicationContext.log Manager: list: Listing contexts for virtual host 'localhost'
24-Jun-2019 16:31:04.473 INFO [http-nio-8080-exec-38] org.apache.catalina.core.ApplicationContext.log Manager: restart: Reloading web application '/Opportunity'
24-Jun-2019 16:31:12.976 INFO [http-nio-8080-exec-45] org.apache.catalina.core.ApplicationContext.log Manager: list: Listing contexts for virtual host 'localhost'
24-Jun-2019 16:31:12.976 INFO [http-nio-8080-exec-42] org.apache.catalina.core.ApplicationContext.log Manager: undeploy: Undeploying web application at '/Opportunity'
24-Jun-2019 16:31:29.820 INFO [http-nio-8080-exec-35] org.apache.catalina.core.ApplicationContext.log Manager: list: Listing contexts for virtual host 'localhost'
24-Jun-2019 16:31:33.414 INFO [http-nio-8080-exec-36] org.apache.catalina.core.ApplicationContext.log Manager: list: Listing contexts for virtual host 'localhost'
24-Jun-2019 17:07:14.170 INFO [http-nio-8080-exec-52] org.apache.catalina.core.ApplicationContext.log Manager: list: Listing contexts for virtual host 'localhost'
24-Jun-2019 17:19:55.293 INFO [http-nio-8080-exec-58] org.apache.catalina.core.ApplicationContext.log Manager: list: Listing contexts for virtual host 'localhost'
24-Jun-2019 17:19:55.295 INFO [http-nio-8080-exec-49] org.apache.catalina.core.ApplicationContext.log Manager: list: Listing contexts for virtual host 'localhost'
24-Jun-2019 17:19:55.361 INFO [http-nio-8080-exec-50] org.apache.catalina.core.ApplicationContext.log Manager: install: Installing context configuration at 'file:/C:/Users/PAULO~1.BEZ/AppData/Local/Temp/context5237931582454853036.xml'
24-Jun-2019 17:19:58.754 INFO [http-nio-8080-exec-51] org.apache.catalina.core.ApplicationContext.log Manager: start: Starting web application '/Opportunity'
24-Jun-2019 17:24:26.768 INFO [http-nio-8080-exec-54] org.apache.catalina.core.ApplicationContext.log Manager: list: Listing contexts for virtual host 'localhost'
24-Jun-2019 17:24:27.139 INFO [http-nio-8080-exec-53] org.apache.catalina.core.ApplicationContext.log Manager: restart: Reloading web application '/Opportunity'
24-Jun-2019 17:24:28.664 INFO [http-nio-8080-exec-52] org.apache.catalina.core.ApplicationContext.log Manager: list: Listing contexts for virtual host 'localhost'
24-Jun-2019 17:24:29.340 INFO [http-nio-8080-exec-57] org.apache.catalina.core.ApplicationContext.log Manager: restart: Reloading web application '/Opportunity'
24-Jun-2019 17:27:43.147 INFO [http-nio-8080-exec-63] org.apache.catalina.core.ApplicationContext.log Manager: list: Listing contexts for virtual host 'localhost'
24-Jun-2019 17:27:43.413 INFO [http-nio-8080-exec-64] org.apache.catalina.core.ApplicationContext.log Manager: restart: Reloading web application '/Opportunity'
24-Jun-2019 17:27:49.164 INFO [http-nio-8080-exec-63] org.apache.catalina.core.ApplicationContext.log Manager: list: Listing contexts for virtual host 'localhost'
24-Jun-2019 17:27:49.429 INFO [http-nio-8080-exec-56] org.apache.catalina.core.ApplicationContext.log Manager: restart: Reloading web application '/Opportunity'
24-Jun-2019 17:29:53.290 INFO [http-nio-8080-exec-71] org.apache.catalina.core.ApplicationContext.log Manager: list: Listing contexts for virtual host 'localhost'
24-Jun-2019 17:30:53.699 INFO [http-nio-8080-exec-70] org.apache.catalina.core.ApplicationContext.log Manager: list: Listing contexts for virtual host 'localhost'
24-Jun-2019 17:30:53.855 INFO [http-nio-8080-exec-71] org.apache.catalina.core.ApplicationContext.log Manager: restart: Reloading web application '/Opportunity'
24-Jun-2019 17:35:19.180 INFO [http-nio-8080-exec-79] org.apache.catalina.core.ApplicationContext.log Manager: list: Listing contexts for virtual host 'localhost'
24-Jun-2019 17:35:19.601 INFO [http-nio-8080-exec-80] org.apache.catalina.core.ApplicationContext.log Manager: restart: Reloading web application '/Opportunity'
24-Jun-2019 17:35:24.111 INFO [http-nio-8080-exec-70] org.apache.catalina.core.ApplicationContext.log Manager: list: Listing contexts for virtual host 'localhost'
24-Jun-2019 17:35:24.125 INFO [http-nio-8080-exec-76] org.apache.catalina.core.ApplicationContext.log Manager: undeploy: Undeploying web application at '/Opportunity'
24-Jun-2019 17:39:28.489 INFO [http-nio-8080-exec-88] org.apache.catalina.core.ApplicationContext.log Manager: list: Listing contexts for virtual host 'localhost'
24-Jun-2019 17:39:40.755 INFO [http-nio-8080-exec-89] org.apache.catalina.core.ApplicationContext.log Manager: list: Listing contexts for virtual host 'localhost'
24-Jun-2019 17:41:55.301 INFO [http-nio-8080-exec-88] org.apache.catalina.core.ApplicationContext.log Manager: list: Listing contexts for virtual host 'localhost'
24-Jun-2019 17:44:27.738 INFO [http-nio-8080-exec-93] org.apache.catalina.core.ApplicationContext.log Manager: list: Listing contexts for virtual host 'localhost'
24-Jun-2019 17:44:35.593 INFO [http-nio-8080-exec-88] org.apache.catalina.core.ApplicationContext.log Manager: list: Listing contexts for virtual host 'localhost'
24-Jun-2019 17:45:31.464 INFO [http-nio-8080-exec-93] org.apache.catalina.core.ApplicationContext.log Manager: list: Listing contexts for virtual host 'localhost'
24-Jun-2019 17:45:53.640 INFO [http-nio-8080-exec-90] org.apache.catalina.core.ApplicationContext.log Manager: list: Listing contexts for virtual host 'localhost'
24-Jun-2019 17:45:53.642 INFO [http-nio-8080-exec-91] org.apache.catalina.core.ApplicationContext.log Manager: list: Listing contexts for virtual host 'localhost'
24-Jun-2019 17:45:53.694 INFO [http-nio-8080-exec-89] org.apache.catalina.core.ApplicationContext.log Manager: install: Installing context configuration at 'file:/C:/Users/PAULO~1.BEZ/AppData/Local/Temp/context4461266310779721164.xml'
24-Jun-2019 17:45:58.383 INFO [http-nio-8080-exec-92] org.apache.catalina.core.ApplicationContext.log Manager: start: Starting web application '/Opportunity'
24-Jun-2019 17:46:20.764 INFO [http-nio-8080-exec-89] org.apache.catalina.core.ApplicationContext.log Manager: list: Listing contexts for virtual host 'localhost'
24-Jun-2019 17:46:20.780 INFO [http-nio-8080-exec-92] org.apache.catalina.core.ApplicationContext.log Manager: list: Listing contexts for virtual host 'localhost'
24-Jun-2019 17:46:20.796 INFO [http-nio-8080-exec-93] org.apache.catalina.core.ApplicationContext.log Manager: undeploy: Undeploying web application at '/Opportunity'
24-Jun-2019 17:46:21.513 INFO [http-nio-8080-exec-85] org.apache.catalina.core.ApplicationContext.log Manager: install: Installing context configuration at 'file:/C:/Users/PAULO~1.BEZ/AppData/Local/Temp/context3896587855840089879.xml'
24-Jun-2019 17:46:22.565 INFO [http-nio-8080-exec-86] org.apache.catalina.core.ApplicationContext.log Manager: start: Starting web application '/Opportunity'
24-Jun-2019 17:48:00.490 INFO [http-nio-8080-exec-99] org.apache.catalina.core.ApplicationContext.log Manager: list: Listing contexts for virtual host 'localhost'
24-Jun-2019 17:48:52.502 INFO [http-nio-8080-exec-95] org.apache.catalina.core.ApplicationContext.log Manager: list: Listing contexts for virtual host 'localhost'
24-Jun-2019 17:48:58.162 INFO [http-nio-8080-exec-97] org.apache.catalina.core.ApplicationContext.log Manager: list: Listing contexts for virtual host 'localhost'
24-Jun-2019 17:48:58.164 INFO [http-nio-8080-exec-104] org.apache.catalina.core.ApplicationContext.log Manager: list: Listing contexts for virtual host 'localhost'
24-Jun-2019 17:48:58.175 INFO [http-nio-8080-exec-100] org.apache.catalina.core.ApplicationContext.log Manager: undeploy: Undeploying web application at '/Opportunity'
24-Jun-2019 17:48:58.951 INFO [http-nio-8080-exec-103] org.apache.catalina.core.ApplicationContext.log Manager: install: Installing context configuration at 'file:/C:/Users/PAULO~1.BEZ/AppData/Local/Temp/context3927375906800653547.xml'
24-Jun-2019 17:48:59.908 INFO [http-nio-8080-exec-97] org.apache.catalina.core.ApplicationContext.log Manager: start: Starting web application '/Opportunity'
24-Jun-2019 17:51:44.607 INFO [http-nio-8080-exec-107] org.apache.catalina.core.ApplicationContext.log Manager: list: Listing contexts for virtual host 'localhost'
24-Jun-2019 17:51:44.721 INFO [http-nio-8080-exec-106] org.apache.catalina.core.ApplicationContext.log Manager: list: Listing contexts for virtual host 'localhost'
24-Jun-2019 17:52:17.546 INFO [http-nio-8080-exec-112] org.apache.catalina.core.ApplicationContext.log Manager: list: Listing contexts for virtual host 'localhost'
24-Jun-2019 17:54:28.785 INFO [http-nio-8080-exec-105] org.apache.catalina.core.ApplicationContext.log Manager: list: Listing contexts for virtual host 'localhost'
24-Jun-2019 17:54:29.003 INFO [http-nio-8080-exec-106] org.apache.catalina.core.ApplicationContext.log Manager: restart: Reloading web application '/Opportunity'
24-Jun-2019 17:54:50.657 INFO [http-nio-8080-exec-113] org.apache.catalina.core.ApplicationContext.log Manager: list: Listing contexts for virtual host 'localhost'
24-Jun-2019 17:54:50.659 INFO [http-nio-8080-exec-110] org.apache.catalina.core.ApplicationContext.log Manager: list: Listing contexts for virtual host 'localhost'
24-Jun-2019 17:54:50.670 INFO [http-nio-8080-exec-109] org.apache.catalina.core.ApplicationContext.log Manager: undeploy: Undeploying web application at '/Opportunity'
24-Jun-2019 17:54:51.340 INFO [http-nio-8080-exec-113] org.apache.catalina.core.ApplicationContext.log Manager: install: Installing context configuration at 'file:/C:/Users/PAULO~1.BEZ/AppData/Local/Temp/context369586448666661121.xml'
24-Jun-2019 17:54:52.366 INFO [http-nio-8080-exec-117] org.apache.catalina.core.ApplicationContext.log Manager: start: Starting web application '/Opportunity'
24-Jun-2019 17:56:13.469 INFO [http-nio-8080-exec-121] org.apache.catalina.core.ApplicationContext.log Manager: list: Listing contexts for virtual host 'localhost'
24-Jun-2019 17:56:13.676 INFO [http-nio-8080-exec-123] org.apache.catalina.core.ApplicationContext.log Manager: restart: Reloading web application '/Opportunity'
24-Jun-2019 17:58:01.628 INFO [http-nio-8080-exec-6] org.apache.catalina.core.ApplicationContext.log Manager: init: Associated with Deployer 'Catalina:type=Deployer,host=localhost'
24-Jun-2019 17:58:01.628 INFO [http-nio-8080-exec-6] org.apache.catalina.core.ApplicationContext.log Manager: init: Global resources are available
24-Jun-2019 17:58:01.628 INFO [http-nio-8080-exec-6] org.apache.catalina.core.ApplicationContext.log Manager: list: Listing contexts for virtual host 'localhost'
24-Jun-2019 17:58:01.628 INFO [http-nio-8080-exec-7] org.apache.catalina.core.ApplicationContext.log Manager: list: Listing contexts for virtual host 'localhost'
24-Jun-2019 17:58:01.643 INFO [http-nio-8080-exec-8] org.apache.catalina.core.ApplicationContext.log Manager: undeploy: Undeploying web application at '/Opportunity'
24-Jun-2019 17:58:02.329 INFO [http-nio-8080-exec-10] org.apache.catalina.core.ApplicationContext.log Manager: install: Installing context configuration at 'file:/C:/Users/PAULO~1.BEZ/AppData/Local/Temp/context4022260759005479614.xml'
24-Jun-2019 17:58:03.565 INFO [http-nio-8080-exec-3] org.apache.catalina.core.ApplicationContext.log Manager: start: Starting web application '/Opportunity'
24-Jun-2019 18:00:20.677 INFO [http-nio-8080-exec-16] org.apache.catalina.core.ApplicationContext.log Manager: list: Listing contexts for virtual host 'localhost'
24-Jun-2019 18:00:25.676 INFO [http-nio-8080-exec-20] org.apache.catalina.core.ApplicationContext.log Manager: list: Listing contexts for virtual host 'localhost'
24-Jun-2019 18:00:25.678 INFO [http-nio-8080-exec-14] org.apache.catalina.core.ApplicationContext.log Manager: list: Listing contexts for virtual host 'localhost'
24-Jun-2019 18:00:25.690 INFO [http-nio-8080-exec-11] org.apache.catalina.core.ApplicationContext.log Manager: undeploy: Undeploying web application at '/Opportunity'
24-Jun-2019 18:00:26.409 INFO [http-nio-8080-exec-18] org.apache.catalina.core.ApplicationContext.log Manager: install: Installing context configuration at 'file:/C:/Users/PAULO~1.BEZ/AppData/Local/Temp/context7202346542158604704.xml'
24-Jun-2019 18:00:27.549 INFO [http-nio-8080-exec-19] org.apache.catalina.core.ApplicationContext.log Manager: start: Starting web application '/Opportunity'
24-Jun-2019 18:01:01.750 INFO [http-nio-8080-exec-24] org.apache.catalina.core.ApplicationContext.log Manager: list: Listing contexts for virtual host 'localhost'
24-Jun-2019 18:01:20.142 INFO [http-nio-8080-exec-27] org.apache.catalina.core.ApplicationContext.log Manager: list: Listing contexts for virtual host 'localhost'
24-Jun-2019 18:01:25.337 INFO [http-nio-8080-exec-26] org.apache.catalina.core.ApplicationContext.log Manager: list: Listing contexts for virtual host 'localhost'
24-Jun-2019 18:01:25.339 INFO [http-nio-8080-exec-21] org.apache.catalina.core.ApplicationContext.log Manager: list: Listing contexts for virtual host 'localhost'
24-Jun-2019 18:01:25.351 INFO [http-nio-8080-exec-22] org.apache.catalina.core.ApplicationContext.log Manager: undeploy: Undeploying web application at '/Opportunity'
24-Jun-2019 18:01:26.071 INFO [http-nio-8080-exec-23] org.apache.catalina.core.ApplicationContext.log Manager: install: Installing context configuration at 'file:/C:/Users/PAULO~1.BEZ/AppData/Local/Temp/context690072433791015982.xml'
24-Jun-2019 18:01:27.382 INFO [http-nio-8080-exec-24] org.apache.catalina.core.ApplicationContext.log Manager: start: Starting web application '/Opportunity'
24-Jun-2019 18:01:45.962 INFO [http-nio-8080-exec-24] org.apache.catalina.core.ApplicationContext.log Manager: list: Listing contexts for virtual host 'localhost'
24-Jun-2019 18:02:54.831 INFO [http-nio-8080-exec-30] org.apache.catalina.core.ApplicationContext.log Manager: list: Listing contexts for virtual host 'localhost'
24-Jun-2019 18:03:36.895 INFO [http-nio-8080-exec-27] org.apache.catalina.core.ApplicationContext.log Manager: list: Listing contexts for virtual host 'localhost'
24-Jun-2019 18:04:13.333 INFO [http-nio-8080-exec-32] org.apache.catalina.core.ApplicationContext.log Manager: list: Listing contexts for virtual host 'localhost'
24-Jun-2019 18:04:13.333 INFO [http-nio-8080-exec-37] org.apache.catalina.core.ApplicationContext.log Manager: list: Listing contexts for virtual host 'localhost'
24-Jun-2019 18:04:13.348 INFO [http-nio-8080-exec-38] org.apache.catalina.core.ApplicationContext.log Manager: undeploy: Undeploying web application at '/Opportunity'
24-Jun-2019 18:04:14.039 INFO [http-nio-8080-exec-37] org.apache.catalina.core.ApplicationContext.log Manager: install: Installing context configuration at 'file:/C:/Users/PAULO~1.BEZ/AppData/Local/Temp/context6297844532448618342.xml'
24-Jun-2019 18:04:15.020 INFO [http-nio-8080-exec-33] org.apache.catalina.core.ApplicationContext.log Manager: start: Starting web application '/Opportunity'
24-Jun-2019 18:04:23.712 INFO [http-nio-8080-exec-31] org.apache.catalina.core.ApplicationContext.log Manager: list: Listing contexts for virtual host 'localhost'
24-Jun-2019 18:04:23.714 INFO [http-nio-8080-exec-39] org.apache.catalina.core.ApplicationContext.log Manager: list: Listing contexts for virtual host 'localhost'
24-Jun-2019 18:04:23.726 INFO [http-nio-8080-exec-40] org.apache.catalina.core.ApplicationContext.log Manager: undeploy: Undeploying web application at '/Opportunity'
24-Jun-2019 18:04:24.393 INFO [http-nio-8080-exec-33] org.apache.catalina.core.ApplicationContext.log Manager: install: Installing context configuration at 'file:/C:/Users/PAULO~1.BEZ/AppData/Local/Temp/context6235292437225330583.xml'
24-Jun-2019 18:04:25.472 INFO [http-nio-8080-exec-35] org.apache.catalina.core.ApplicationContext.log Manager: start: Starting web application '/Opportunity'
24-Jun-2019 18:06:05.725 INFO [http-nio-8080-exec-45] org.apache.catalina.core.ApplicationContext.log Manager: list: Listing contexts for virtual host 'localhost'
24-Jun-2019 18:08:05.486 INFO [http-nio-8080-exec-43] org.apache.catalina.core.ApplicationContext.log Manager: list: Listing contexts for virtual host 'localhost'
24-Jun-2019 18:08:17.883 INFO [http-nio-8080-exec-51] org.apache.catalina.core.ApplicationContext.log Manager: list: Listing contexts for virtual host 'localhost'
24-Jun-2019 18:09:45.065 INFO [http-nio-8080-exec-45] org.apache.catalina.core.ApplicationContext.log Manager: list: Listing contexts for virtual host 'localhost'
24-Jun-2019 18:09:47.645 INFO [http-nio-8080-exec-49] org.apache.catalina.core.ApplicationContext.log Manager: list: Listing contexts for virtual host 'localhost'
24-Jun-2019 18:09:47.647 INFO [http-nio-8080-exec-42] org.apache.catalina.core.ApplicationContext.log Manager: list: Listing contexts for virtual host 'localhost'
24-Jun-2019 18:09:47.660 INFO [http-nio-8080-exec-43] org.apache.catalina.core.ApplicationContext.log Manager: undeploy: Undeploying web application at '/Opportunity'
24-Jun-2019 18:09:48.432 INFO [http-nio-8080-exec-49] org.apache.catalina.core.ApplicationContext.log Manager: install: Installing context configuration at 'file:/C:/Users/PAULO~1.BEZ/AppData/Local/Temp/context7993654571808890560.xml'
24-Jun-2019 18:09:49.897 INFO [http-nio-8080-exec-44] org.apache.catalina.core.ApplicationContext.log Manager: start: Starting web application '/Opportunity'
24-Jun-2019 18:10:44.857 INFO [http-nio-8080-exec-52] org.apache.catalina.core.ApplicationContext.log Manager: list: Listing contexts for virtual host 'localhost'
24-Jun-2019 18:10:45.060 INFO [http-nio-8080-exec-53] org.apache.catalina.core.ApplicationContext.log Manager: restart: Reloading web application '/Opportunity'
24-Jun-2019 18:12:07.742 INFO [http-nio-8080-exec-64] org.apache.catalina.core.ApplicationContext.log Manager: list: Listing contexts for virtual host 'localhost'
24-Jun-2019 18:12:11.699 INFO [http-nio-8080-exec-68] org.apache.catalina.core.ApplicationContext.log Manager: list: Listing contexts for virtual host 'localhost'
24-Jun-2019 18:12:55.818 INFO [http-nio-8080-exec-69] org.apache.catalina.core.ApplicationContext.log Manager: list: Listing contexts for virtual host 'localhost'
24-Jun-2019 18:13:28.725 INFO [http-nio-8080-exec-65] org.apache.catalina.core.ApplicationContext.log Manager: list: Listing contexts for virtual host 'localhost'
24-Jun-2019 18:13:36.891 INFO [http-nio-8080-exec-62] org.apache.catalina.core.ApplicationContext.log Manager: list: Listing contexts for virtual host 'localhost'
24-Jun-2019 18:13:49.302 INFO [http-nio-8080-exec-69] org.apache.catalina.core.ApplicationContext.log Manager: list: Listing contexts for virtual host 'localhost'
24-Jun-2019 18:14:11.211 INFO [http-nio-8080-exec-68] org.apache.catalina.core.ApplicationContext.log Manager: list: Listing contexts for virtual host 'localhost'
24-Jun-2019 18:14:41.763 INFO [http-nio-8080-exec-68] org.apache.catalina.core.ApplicationContext.log Manager: list: Listing contexts for virtual host 'localhost'
24-Jun-2019 18:15:01.423 INFO [http-nio-8080-exec-66] org.apache.catalina.core.ApplicationContext.log Manager: list: Listing contexts for virtual host 'localhost'
24-Jun-2019 18:18:02.073 INFO [http-nio-8080-exec-60] org.apache.catalina.core.ApplicationContext.log Manager: list: Listing contexts for virtual host 'localhost'
24-Jun-2019 18:18:02.257 INFO [http-nio-8080-exec-65] org.apache.catalina.core.ApplicationContext.log Manager: restart: Reloading web application '/Opportunity'
24-Jun-2019 18:18:16.780 INFO [http-nio-8080-exec-68] org.apache.catalina.core.ApplicationContext.log Manager: list: Listing contexts for virtual host 'localhost'
24-Jun-2019 18:22:46.050 INFO [http-nio-8080-exec-74] org.apache.catalina.core.ApplicationContext.log Manager: list: Listing contexts for virtual host 'localhost'
24-Jun-2019 18:22:46.239 INFO [http-nio-8080-exec-70] org.apache.catalina.core.ApplicationContext.log Manager: restart: Reloading web application '/Opportunity'
24-Jun-2019 18:28:11.658 INFO [http-nio-8080-exec-84] org.apache.catalina.core.ApplicationContext.log Manager: list: Listing contexts for virtual host 'localhost'
24-Jun-2019 18:28:11.935 INFO [http-nio-8080-exec-79] org.apache.catalina.core.ApplicationContext.log Manager: restart: Reloading web application '/Opportunity'
24-Jun-2019 18:28:52.667 INFO [http-nio-8080-exec-90] org.apache.catalina.core.ApplicationContext.log Manager: list: Listing contexts for virtual host 'localhost'
24-Jun-2019 18:29:08.574 INFO [http-nio-8080-exec-94] org.apache.catalina.core.ApplicationContext.log Manager: list: Listing contexts for virtual host 'localhost'
24-Jun-2019 18:29:57.839 INFO [http-nio-8080-exec-92] org.apache.catalina.core.ApplicationContext.log Manager: list: Listing contexts for virtual host 'localhost'
24-Jun-2019 18:30:43.018 INFO [http-nio-8080-exec-96] org.apache.catalina.core.ApplicationContext.log Manager: list: Listing contexts for virtual host 'localhost'
24-Jun-2019 18:31:23.888 INFO [http-nio-8080-exec-93] org.apache.catalina.core.ApplicationContext.log Manager: list: Listing contexts for virtual host 'localhost'
24-Jun-2019 18:32:09.481 INFO [http-nio-8080-exec-93] org.apache.catalina.core.ApplicationContext.log Manager: list: Listing contexts for virtual host 'localhost'
24-Jun-2019 18:32:09.708 INFO [http-nio-8080-exec-94] org.apache.catalina.core.ApplicationContext.log Manager: restart: Reloading web application '/Opportunity'
24-Jun-2019 18:34:04.487 INFO [http-nio-8080-exec-102] org.apache.catalina.core.ApplicationContext.log Manager: list: Listing contexts for virtual host 'localhost'
24-Jun-2019 18:35:04.971 INFO [http-nio-8080-exec-102] org.apache.catalina.core.ApplicationContext.log Manager: list: Listing contexts for virtual host 'localhost'
24-Jun-2019 18:35:32.971 INFO [http-nio-8080-exec-104] org.apache.catalina.core.ApplicationContext.log Manager: list: Listing contexts for virtual host 'localhost'
24-Jun-2019 18:36:36.643 INFO [http-nio-8080-exec-106] org.apache.catalina.core.ApplicationContext.log Manager: list: Listing contexts for virtual host 'localhost'
24-Jun-2019 18:37:07.722 INFO [http-nio-8080-exec-106] org.apache.catalina.core.ApplicationContext.log Manager: list: Listing contexts for virtual host 'localhost'
24-Jun-2019 18:37:16.191 INFO [http-nio-8080-exec-106] org.apache.catalina.core.ApplicationContext.log Manager: list: Listing contexts for virtual host 'localhost'
24-Jun-2019 18:40:18.490 INFO [http-nio-8080-exec-105] org.apache.catalina.core.ApplicationContext.log Manager: list: Listing contexts for virtual host 'localhost'
24-Jun-2019 18:40:18.669 INFO [http-nio-8080-exec-106] org.apache.catalina.core.ApplicationContext.log Manager: restart: Reloading web application '/Opportunity'
24-Jun-2019 18:40:47.998 INFO [http-nio-8080-exec-111] org.apache.catalina.core.ApplicationContext.log Manager: list: Listing contexts for virtual host 'localhost'
24-Jun-2019 18:40:48.214 INFO [http-nio-8080-exec-100] org.apache.catalina.core.ApplicationContext.log Manager: restart: Reloading web application '/Opportunity'
24-Jun-2019 18:42:28.503 INFO [http-nio-8080-exec-120] org.apache.catalina.core.ApplicationContext.log Manager: list: Listing contexts for virtual host 'localhost'
24-Jun-2019 18:45:42.862 INFO [http-nio-8080-exec-122] org.apache.catalina.core.ApplicationContext.log Manager: list: Listing contexts for virtual host 'localhost'
24-Jun-2019 18:45:43.099 INFO [http-nio-8080-exec-123] org.apache.catalina.core.ApplicationContext.log Manager: restart: Reloading web application '/Opportunity'
24-Jun-2019 18:47:29.210 INFO [http-nio-8080-exec-119] org.apache.catalina.core.ApplicationContext.log Manager: list: Listing contexts for virtual host 'localhost'
24-Jun-2019 18:47:29.429 INFO [http-nio-8080-exec-121] org.apache.catalina.core.ApplicationContext.log Manager: restart: Reloading web application '/Opportunity'
24-Jun-2019 18:47:38.674 INFO [http-nio-8080-exec-117] org.apache.catalina.core.ApplicationContext.log Manager: list: Listing contexts for virtual host 'localhost'
24-Jun-2019 18:47:38.877 INFO [http-nio-8080-exec-129] org.apache.catalina.core.ApplicationContext.log Manager: restart: Reloading web application '/Opportunity'
24-Jun-2019 18:48:35.008 INFO [http-nio-8080-exec-139] org.apache.catalina.core.ApplicationContext.log Manager: list: Listing contexts for virtual host 'localhost'
24-Jun-2019 18:48:35.242 INFO [http-nio-8080-exec-140] org.apache.catalina.core.ApplicationContext.log Manager: restart: Reloading web application '/Opportunity'
24-Jun-2019 18:50:33.177 INFO [http-nio-8080-exec-149] org.apache.catalina.core.ApplicationContext.log Manager: list: Listing contexts for virtual host 'localhost'
24-Jun-2019 18:50:33.432 INFO [http-nio-8080-exec-143] org.apache.catalina.core.ApplicationContext.log Manager: restart: Reloading web application '/Opportunity'
24-Jun-2019 19:03:55.269 INFO [http-nio-8080-exec-156] org.apache.catalina.core.ApplicationContext.log Manager: list: Listing contexts for virtual host 'localhost'
24-Jun-2019 19:03:55.766 INFO [http-nio-8080-exec-160] org.apache.catalina.core.ApplicationContext.log Manager: restart: Reloading web application '/Opportunity'
24-Jun-2019 19:05:17.648 INFO [http-nio-8080-exec-161] org.apache.catalina.core.ApplicationContext.log Manager: list: Listing contexts for virtual host 'localhost'
24-Jun-2019 19:05:18.039 INFO [http-nio-8080-exec-156] org.apache.catalina.core.ApplicationContext.log Manager: restart: Reloading web application '/Opportunity'
24-Jun-2019 19:06:38.553 INFO [http-nio-8080-exec-163] org.apache.catalina.core.ApplicationContext.log Manager: list: Listing contexts for virtual host 'localhost'
24-Jun-2019 19:06:38.819 INFO [http-nio-8080-exec-169] org.apache.catalina.core.ApplicationContext.log Manager: restart: Reloading web application '/Opportunity'
24-Jun-2019 19:07:20.508 INFO [http-nio-8080-exec-177] org.apache.catalina.core.ApplicationContext.log Manager: list: Listing contexts for virtual host 'localhost'
24-Jun-2019 19:07:20.961 INFO [http-nio-8080-exec-178] org.apache.catalina.core.ApplicationContext.log Manager: restart: Reloading web application '/Opportunity'
24-Jun-2019 19:12:57.416 INFO [http-nio-8080-exec-190] org.apache.catalina.core.ApplicationContext.log Manager: list: Listing contexts for virtual host 'localhost'
24-Jun-2019 19:19:12.721 INFO [http-nio-8080-exec-183] org.apache.catalina.core.ApplicationContext.log Manager: list: Listing contexts for virtual host 'localhost'
24-Jun-2019 19:19:35.694 INFO [http-nio-8080-exec-191] org.apache.catalina.core.ApplicationContext.log Manager: list: Listing contexts for virtual host 'localhost'
24-Jun-2019 19:19:38.279 INFO [http-nio-8080-exec-185] org.apache.catalina.core.ApplicationContext.log Manager: list: Listing contexts for virtual host 'localhost'
24-Jun-2019 19:20:12.627 INFO [http-nio-8080-exec-185] org.apache.catalina.core.ApplicationContext.log Manager: list: Listing contexts for virtual host 'localhost'
24-Jun-2019 19:20:38.480 INFO [http-nio-8080-exec-192] org.apache.catalina.core.ApplicationContext.log Manager: list: Listing contexts for virtual host 'localhost'
24-Jun-2019 19:21:28.629 INFO [http-nio-8080-exec-186] org.apache.catalina.core.ApplicationContext.log Manager: list: Listing contexts for virtual host 'localhost'
24-Jun-2019 19:22:18.379 INFO [http-nio-8080-exec-186] org.apache.catalina.core.ApplicationContext.log Manager: list: Listing contexts for virtual host 'localhost'
24-Jun-2019 19:23:19.568 INFO [http-nio-8080-exec-186] org.apache.catalina.core.ApplicationContext.log Manager: list: Listing contexts for virtual host 'localhost'
24-Jun-2019 19:23:29.435 INFO [http-nio-8080-exec-189] org.apache.catalina.core.ApplicationContext.log Manager: list: Listing contexts for virtual host 'localhost'
24-Jun-2019 19:24:35.870 INFO [http-nio-8080-exec-185] org.apache.catalina.core.ApplicationContext.log Manager: list: Listing contexts for virtual host 'localhost'
24-Jun-2019 19:25:23.524 INFO [http-nio-8080-exec-190] org.apache.catalina.core.ApplicationContext.log Manager: list: Listing contexts for virtual host 'localhost'
24-Jun-2019 19:25:43.915 INFO [http-nio-8080-exec-189] org.apache.catalina.core.ApplicationContext.log Manager: list: Listing contexts for virtual host 'localhost'
24-Jun-2019 19:25:59.784 INFO [http-nio-8080-exec-189] org.apache.catalina.core.ApplicationContext.log Manager: list: Listing contexts for virtual host 'localhost'
24-Jun-2019 19:26:17.597 INFO [http-nio-8080-exec-185] org.apache.catalina.core.ApplicationContext.log Manager: list: Listing contexts for virtual host 'localhost'
24-Jun-2019 19:26:54.379 INFO [http-nio-8080-exec-186] org.apache.catalina.core.ApplicationContext.log Manager: list: Listing contexts for virtual host 'localhost'
24-Jun-2019 19:27:29.350 INFO [http-nio-8080-exec-186] org.apache.catalina.core.ApplicationContext.log Manager: list: Listing contexts for virtual host 'localhost'
24-Jun-2019 19:27:59.358 INFO [http-nio-8080-exec-187] org.apache.catalina.core.ApplicationContext.log Manager: list: Listing contexts for virtual host 'localhost'
24-Jun-2019 19:28:14.670 INFO [http-nio-8080-exec-187] org.apache.catalina.core.ApplicationContext.log Manager: list: Listing contexts for virtual host 'localhost'
24-Jun-2019 19:28:47.773 INFO [http-nio-8080-exec-191] org.apache.catalina.core.ApplicationContext.log Manager: list: Listing contexts for virtual host 'localhost'
24-Jun-2019 19:31:07.174 INFO [http-nio-8080-exec-185] org.apache.catalina.core.ApplicationContext.log Manager: list: Listing contexts for virtual host 'localhost'
24-Jun-2019 19:31:26.066 INFO [http-nio-8080-exec-190] org.apache.catalina.core.ApplicationContext.log Manager: list: Listing contexts for virtual host 'localhost'
24-Jun-2019 19:31:43.002 INFO [http-nio-8080-exec-186] org.apache.catalina.core.ApplicationContext.log Manager: list: Listing contexts for virtual host 'localhost'
24-Jun-2019 19:31:49.685 INFO [http-nio-8080-exec-185] org.apache.catalina.core.ApplicationContext.log Manager: list: Listing contexts for virtual host 'localhost'
24-Jun-2019 19:32:53.227 INFO [http-nio-8080-exec-187] org.apache.catalina.core.ApplicationContext.log Manager: list: Listing contexts for virtual host 'localhost'
24-Jun-2019 19:33:07.070 INFO [http-nio-8080-exec-184] org.apache.catalina.core.ApplicationContext.log Manager: list: Listing contexts for virtual host 'localhost'
24-Jun-2019 19:33:23.544 INFO [http-nio-8080-exec-184] org.apache.catalina.core.ApplicationContext.log Manager: list: Listing contexts for virtual host 'localhost'
24-Jun-2019 19:33:35.460 INFO [http-nio-8080-exec-185] org.apache.catalina.core.ApplicationContext.log Manager: list: Listing contexts for virtual host 'localhost'
24-Jun-2019 19:34:04.296 INFO [http-nio-8080-exec-184] org.apache.catalina.core.ApplicationContext.log Manager: list: Listing contexts for virtual host 'localhost'
24-Jun-2019 19:34:44.115 INFO [http-nio-8080-exec-184] org.apache.catalina.core.ApplicationContext.log Manager: list: Listing contexts for virtual host 'localhost'
24-Jun-2019 19:35:57.998 INFO [http-nio-8080-exec-190] org.apache.catalina.core.ApplicationContext.log Manager: list: Listing contexts for virtual host 'localhost'
24-Jun-2019 19:36:17.488 INFO [http-nio-8080-exec-187] org.apache.catalina.core.ApplicationContext.log Manager: list: Listing contexts for virtual host 'localhost'
24-Jun-2019 19:36:33.413 INFO [http-nio-8080-exec-190] org.apache.catalina.core.ApplicationContext.log Manager: list: Listing contexts for virtual host 'localhost'
24-Jun-2019 19:38:10.521 INFO [http-nio-8080-exec-191] org.apache.catalina.core.ApplicationContext.log Manager: list: Listing contexts for virtual host 'localhost'
24-Jun-2019 19:39:48.630 INFO [http-nio-8080-exec-185] org.apache.catalina.core.ApplicationContext.log Manager: list: Listing contexts for virtual host 'localhost'
24-Jun-2019 19:41:16.960 INFO [http-nio-8080-exec-185] org.apache.catalina.core.ApplicationContext.log Manager: list: Listing contexts for virtual host 'localhost'
24-Jun-2019 19:41:58.153 INFO [http-nio-8080-exec-183] org.apache.catalina.core.ApplicationContext.log Manager: list: Listing contexts for virtual host 'localhost'
24-Jun-2019 19:45:25.359 INFO [http-nio-8080-exec-184] org.apache.catalina.core.ApplicationContext.log Manager: list: Listing contexts for virtual host 'localhost'
24-Jun-2019 19:45:55.472 INFO [http-nio-8080-exec-192] org.apache.catalina.core.ApplicationContext.log Manager: list: Listing contexts for virtual host 'localhost'
24-Jun-2019 19:46:40.069 INFO [http-nio-8080-exec-188] org.apache.catalina.core.ApplicationContext.log Manager: list: Listing contexts for virtual host 'localhost'
24-Jun-2019 19:48:23.244 INFO [http-nio-8080-exec-188] org.apache.catalina.core.ApplicationContext.log Manager: list: Listing contexts for virtual host 'localhost'
24-Jun-2019 19:49:40.239 INFO [http-nio-8080-exec-188] org.apache.catalina.core.ApplicationContext.log Manager: list: Listing contexts for virtual host 'localhost'
24-Jun-2019 19:50:08.330 INFO [http-nio-8080-exec-183] org.apache.catalina.core.ApplicationContext.log Manager: list: Listing contexts for virtual host 'localhost'
24-Jun-2019 19:50:41.434 INFO [http-nio-8080-exec-184] org.apache.catalina.core.ApplicationContext.log Manager: list: Listing contexts for virtual host 'localhost'
