02-Aug-2019 12:47:26.486 INFO [http-nio-8080-exec-769] org.apache.catalina.core.ApplicationContext.log Manager: list: Listing contexts for virtual host 'localhost'
02-Aug-2019 12:47:58.948 INFO [http-nio-8080-exec-765] org.apache.catalina.core.ApplicationContext.log Manager: list: Listing contexts for virtual host 'localhost'
02-Aug-2019 12:54:44.977 INFO [http-nio-8080-exec-763] org.apache.catalina.core.ApplicationContext.log Manager: list: Listing contexts for virtual host 'localhost'
02-Aug-2019 12:54:53.233 INFO [http-nio-8080-exec-766] org.apache.catalina.core.ApplicationContext.log Manager: list: Listing contexts for virtual host 'localhost'
02-Aug-2019 12:54:53.241 INFO [http-nio-8080-exec-770] org.apache.catalina.core.ApplicationContext.log Manager: list: Listing contexts for virtual host 'localhost'
02-Aug-2019 12:54:55.349 INFO [http-nio-8080-exec-769] org.apache.catalina.core.ApplicationContext.log Manager: install: Installing context configuration at 'file:/C:/Users/PAULO~1.BEZ/AppData/Local/Temp/context4018732054427345284.xml'
02-Aug-2019 12:55:03.371 INFO [http-nio-8080-exec-771] org.apache.catalina.core.ApplicationContext.log Manager: start: Starting web application '/Opportunity'
02-Aug-2019 12:56:16.735 INFO [http-nio-8080-exec-768] org.apache.catalina.core.ApplicationContext.log Manager: list: Listing contexts for virtual host 'localhost'
02-Aug-2019 12:56:56.388 INFO [http-nio-8080-exec-767] org.apache.catalina.core.ApplicationContext.log Manager: list: Listing contexts for virtual host 'localhost'
02-Aug-2019 12:57:01.457 INFO [http-nio-8080-exec-762] org.apache.catalina.core.ApplicationContext.log Manager: list: Listing contexts for virtual host 'localhost'
02-Aug-2019 12:57:01.460 INFO [http-nio-8080-exec-763] org.apache.catalina.core.ApplicationContext.log Manager: list: Listing contexts for virtual host 'localhost'
02-Aug-2019 12:57:01.505 INFO [http-nio-8080-exec-769] org.apache.catalina.core.ApplicationContext.log Manager: undeploy: Undeploying web application at '/Opportunity'
02-Aug-2019 12:57:10.249 INFO [http-nio-8080-exec-764] org.apache.catalina.core.ApplicationContext.log Manager: install: Installing context configuration at 'file:/C:/Users/PAULO~1.BEZ/AppData/Local/Temp/context512686952278917712.xml'
02-Aug-2019 12:57:12.676 INFO [http-nio-8080-exec-771] org.apache.catalina.core.ApplicationContext.log Manager: start: Starting web application '/Opportunity'
02-Aug-2019 12:57:53.872 INFO [http-nio-8080-exec-778] org.apache.catalina.core.ApplicationContext.log Manager: list: Listing contexts for virtual host 'localhost'
02-Aug-2019 12:57:54.170 INFO [http-nio-8080-exec-773] org.apache.catalina.core.ApplicationContext.log Manager: restart: Reloading web application '/Opportunity'
02-Aug-2019 12:58:20.491 INFO [http-nio-8080-exec-779] org.apache.catalina.core.ApplicationContext.log Manager: list: Listing contexts for virtual host 'localhost'
02-Aug-2019 12:58:20.821 INFO [http-nio-8080-exec-780] org.apache.catalina.core.ApplicationContext.log Manager: restart: Reloading web application '/Opportunity'
02-Aug-2019 13:02:02.620 INFO [http-nio-8080-exec-792] org.apache.catalina.core.ApplicationContext.log Manager: list: Listing contexts for virtual host 'localhost'
02-Aug-2019 13:02:02.634 INFO [http-nio-8080-exec-786] org.apache.catalina.core.ApplicationContext.log Manager: list: Listing contexts for virtual host 'localhost'
02-Aug-2019 13:02:02.755 INFO [http-nio-8080-exec-787] org.apache.catalina.core.ApplicationContext.log Manager: undeploy: Undeploying web application at '/Opportunity'
02-Aug-2019 13:02:14.609 INFO [http-nio-8080-exec-794] org.apache.catalina.core.ApplicationContext.log Manager: install: Installing context configuration at 'file:/C:/Users/PAULO~1.BEZ/AppData/Local/Temp/context34081655435936427.xml'
02-Aug-2019 13:02:19.098 INFO [http-nio-8080-exec-789] org.apache.catalina.core.ApplicationContext.log Manager: start: Starting web application '/Opportunity'
02-Aug-2019 13:03:52.061 INFO [http-nio-8080-exec-795] org.apache.catalina.core.ApplicationContext.log Manager: list: Listing contexts for virtual host 'localhost'
02-Aug-2019 13:04:03.745 INFO [http-nio-8080-exec-791] org.apache.catalina.core.ApplicationContext.log Manager: list: Listing contexts for virtual host 'localhost'
02-Aug-2019 13:04:11.864 INFO [http-nio-8080-exec-798] org.apache.catalina.core.ApplicationContext.log Manager: list: Listing contexts for virtual host 'localhost'
02-Aug-2019 13:04:11.866 INFO [http-nio-8080-exec-803] org.apache.catalina.core.ApplicationContext.log Manager: list: Listing contexts for virtual host 'localhost'
02-Aug-2019 13:04:11.917 INFO [http-nio-8080-exec-802] org.apache.catalina.core.ApplicationContext.log Manager: undeploy: Undeploying web application at '/Opportunity'
02-Aug-2019 13:04:15.828 INFO [http-nio-8080-exec-797] org.apache.catalina.core.ApplicationContext.log Manager: install: Installing context configuration at 'file:/C:/Users/PAULO~1.BEZ/AppData/Local/Temp/context8344100024931816488.xml'
02-Aug-2019 13:04:24.412 INFO [http-nio-8080-exec-803] org.apache.catalina.core.ApplicationContext.log Manager: start: Starting web application '/Opportunity'
02-Aug-2019 13:06:28.214 INFO [http-nio-8080-exec-804] org.apache.catalina.core.ApplicationContext.log Manager: list: Listing contexts for virtual host 'localhost'
02-Aug-2019 13:06:33.075 INFO [http-nio-8080-exec-807] org.apache.catalina.core.ApplicationContext.log Manager: list: Listing contexts for virtual host 'localhost'
02-Aug-2019 13:06:33.077 INFO [http-nio-8080-exec-808] org.apache.catalina.core.ApplicationContext.log Manager: list: Listing contexts for virtual host 'localhost'
02-Aug-2019 13:06:33.098 INFO [http-nio-8080-exec-809] org.apache.catalina.core.ApplicationContext.log Manager: undeploy: Undeploying web application at '/Opportunity'
02-Aug-2019 13:06:34.752 INFO [http-nio-8080-exec-811] org.apache.catalina.core.ApplicationContext.log Manager: install: Installing context configuration at 'file:/C:/Users/PAULO~1.BEZ/AppData/Local/Temp/context2542308876257403909.xml'
02-Aug-2019 13:06:36.892 INFO [http-nio-8080-exec-806] org.apache.catalina.core.ApplicationContext.log Manager: start: Starting web application '/Opportunity'
02-Aug-2019 13:07:17.262 INFO [http-nio-8080-exec-816] org.apache.catalina.core.ApplicationContext.log Manager: list: Listing contexts for virtual host 'localhost'
02-Aug-2019 13:07:28.421 INFO [http-nio-8080-exec-815] org.apache.catalina.core.ApplicationContext.log Manager: list: Listing contexts for virtual host 'localhost'
02-Aug-2019 13:07:28.423 INFO [http-nio-8080-exec-821] org.apache.catalina.core.ApplicationContext.log Manager: list: Listing contexts for virtual host 'localhost'
02-Aug-2019 13:07:28.442 INFO [http-nio-8080-exec-805] org.apache.catalina.core.ApplicationContext.log Manager: undeploy: Undeploying web application at '/Opportunity'
02-Aug-2019 13:07:29.564 INFO [http-nio-8080-exec-815] org.apache.catalina.core.ApplicationContext.log Manager: install: Installing context configuration at 'file:/C:/Users/PAULO~1.BEZ/AppData/Local/Temp/context1172588838992795249.xml'
02-Aug-2019 13:07:31.559 INFO [http-nio-8080-exec-816] org.apache.catalina.core.ApplicationContext.log Manager: start: Starting web application '/Opportunity'
02-Aug-2019 13:08:03.980 INFO [http-nio-8080-exec-823] org.apache.catalina.core.ApplicationContext.log Manager: list: Listing contexts for virtual host 'localhost'
02-Aug-2019 13:08:04.271 INFO [http-nio-8080-exec-828] org.apache.catalina.core.ApplicationContext.log Manager: restart: Reloading web application '/Opportunity'
02-Aug-2019 15:09:15.440 INFO [http-nio-8080-exec-836] org.apache.catalina.core.ApplicationContext.log Manager: list: Listing contexts for virtual host 'localhost'
02-Aug-2019 15:09:15.967 INFO [http-nio-8080-exec-838] org.apache.catalina.core.ApplicationContext.log Manager: restart: Reloading web application '/Opportunity'
02-Aug-2019 15:12:05.997 INFO [http-nio-8080-exec-844] org.apache.catalina.core.ApplicationContext.log Manager: list: Listing contexts for virtual host 'localhost'
02-Aug-2019 15:12:06.271 INFO [http-nio-8080-exec-834] org.apache.catalina.core.ApplicationContext.log Manager: restart: Reloading web application '/Opportunity'
02-Aug-2019 15:13:39.448 INFO [http-nio-8080-exec-850] org.apache.catalina.core.ApplicationContext.log Manager: list: Listing contexts for virtual host 'localhost'
02-Aug-2019 15:13:39.658 INFO [http-nio-8080-exec-854] org.apache.catalina.core.ApplicationContext.log Manager: restart: Reloading web application '/Opportunity'
02-Aug-2019 15:15:53.028 INFO [http-nio-8080-exec-851] org.apache.catalina.core.ApplicationContext.log Manager: list: Listing contexts for virtual host 'localhost'
02-Aug-2019 15:15:53.347 INFO [http-nio-8080-exec-860] org.apache.catalina.core.ApplicationContext.log Manager: restart: Reloading web application '/Opportunity'
02-Aug-2019 15:52:00.472 INFO [http-nio-8080-exec-868] org.apache.catalina.core.ApplicationContext.log Manager: list: Listing contexts for virtual host 'localhost'
02-Aug-2019 15:52:00.846 INFO [http-nio-8080-exec-869] org.apache.catalina.core.ApplicationContext.log Manager: restart: Reloading web application '/Opportunity'
02-Aug-2019 15:52:26.883 INFO [http-nio-8080-exec-867] org.apache.catalina.core.ApplicationContext.log Manager: list: Listing contexts for virtual host 'localhost'
02-Aug-2019 15:52:27.197 INFO [http-nio-8080-exec-862] org.apache.catalina.core.ApplicationContext.log Manager: restart: Reloading web application '/Opportunity'
02-Aug-2019 15:52:55.530 INFO [http-nio-8080-exec-868] org.apache.catalina.core.ApplicationContext.log Manager: list: Listing contexts for virtual host 'localhost'
02-Aug-2019 15:52:55.535 INFO [http-nio-8080-exec-873] org.apache.catalina.core.ApplicationContext.log Manager: list: Listing contexts for virtual host 'localhost'
02-Aug-2019 15:52:55.586 INFO [http-nio-8080-exec-863] org.apache.catalina.core.ApplicationContext.log Manager: undeploy: Undeploying web application at '/Opportunity'
02-Aug-2019 15:52:56.644 INFO [http-nio-8080-exec-864] org.apache.catalina.core.ApplicationContext.log Manager: install: Installing context configuration at 'file:/C:/Users/PAULO~1.BEZ/AppData/Local/Temp/context6732693842827739039.xml'
02-Aug-2019 15:52:58.619 INFO [http-nio-8080-exec-871] org.apache.catalina.core.ApplicationContext.log Manager: start: Starting web application '/Opportunity'
02-Aug-2019 15:53:15.559 INFO [http-nio-8080-exec-877] org.apache.catalina.core.ApplicationContext.log Manager: list: Listing contexts for virtual host 'localhost'
02-Aug-2019 15:54:44.410 INFO [http-nio-8080-exec-883] org.apache.catalina.core.ApplicationContext.log Manager: list: Listing contexts for virtual host 'localhost'
02-Aug-2019 15:54:44.756 INFO [http-nio-8080-exec-877] org.apache.catalina.core.ApplicationContext.log Manager: restart: Reloading web application '/Opportunity'
02-Aug-2019 15:58:55.255 INFO [http-nio-8080-exec-886] org.apache.catalina.core.ApplicationContext.log Manager: list: Listing contexts for virtual host 'localhost'
02-Aug-2019 15:58:55.637 INFO [http-nio-8080-exec-891] org.apache.catalina.core.ApplicationContext.log Manager: restart: Reloading web application '/Opportunity'
02-Aug-2019 16:18:52.502 INFO [http-nio-8080-exec-900] org.apache.catalina.core.ApplicationContext.log Manager: list: Listing contexts for virtual host 'localhost'
02-Aug-2019 16:18:53.296 INFO [http-nio-8080-exec-898] org.apache.catalina.core.ApplicationContext.log Manager: restart: Reloading web application '/Opportunity'
02-Aug-2019 16:34:51.805 INFO [http-nio-8080-exec-908] org.apache.catalina.core.ApplicationContext.log Manager: list: Listing contexts for virtual host 'localhost'
02-Aug-2019 16:34:51.843 INFO [http-nio-8080-exec-909] org.apache.catalina.core.ApplicationContext.log Manager: undeploy: Undeploying web application at '/Opportunity'
02-Aug-2019 16:58:00.081 INFO [http-nio-8080-exec-921] org.apache.catalina.core.ApplicationContext.log Manager: list: Listing contexts for virtual host 'localhost'
02-Aug-2019 17:00:55.883 INFO [http-nio-8080-exec-917] org.apache.catalina.core.ApplicationContext.log Manager: list: Listing contexts for virtual host 'localhost'
02-Aug-2019 17:02:02.032 INFO [http-nio-8080-exec-922] org.apache.catalina.core.ApplicationContext.log Manager: list: Listing contexts for virtual host 'localhost'
02-Aug-2019 17:04:35.802 INFO [http-nio-8080-exec-918] org.apache.catalina.core.ApplicationContext.log Manager: list: Listing contexts for virtual host 'localhost'
02-Aug-2019 17:05:54.817 INFO [http-nio-8080-exec-923] org.apache.catalina.core.ApplicationContext.log Manager: list: Listing contexts for virtual host 'localhost'
02-Aug-2019 17:06:09.894 INFO [http-nio-8080-exec-918] org.apache.catalina.core.ApplicationContext.log Manager: list: Listing contexts for virtual host 'localhost'
02-Aug-2019 17:08:35.691 INFO [http-nio-8080-exec-923] org.apache.catalina.core.ApplicationContext.log Manager: list: Listing contexts for virtual host 'localhost'
02-Aug-2019 17:08:46.977 INFO [http-nio-8080-exec-920] org.apache.catalina.core.ApplicationContext.log Manager: list: Listing contexts for virtual host 'localhost'
02-Aug-2019 17:13:18.316 INFO [http-nio-8080-exec-918] org.apache.catalina.core.ApplicationContext.log Manager: list: Listing contexts for virtual host 'localhost'
02-Aug-2019 17:15:12.054 INFO [http-nio-8080-exec-923] org.apache.catalina.core.ApplicationContext.log Manager: list: Listing contexts for virtual host 'localhost'
02-Aug-2019 17:16:31.951 INFO [http-nio-8080-exec-921] org.apache.catalina.core.ApplicationContext.log Manager: list: Listing contexts for virtual host 'localhost'
02-Aug-2019 17:17:21.706 INFO [http-nio-8080-exec-919] org.apache.catalina.core.ApplicationContext.log Manager: list: Listing contexts for virtual host 'localhost'
02-Aug-2019 17:18:15.394 INFO [http-nio-8080-exec-924] org.apache.catalina.core.ApplicationContext.log Manager: list: Listing contexts for virtual host 'localhost'
02-Aug-2019 17:19:13.764 INFO [http-nio-8080-exec-921] org.apache.catalina.core.ApplicationContext.log Manager: list: Listing contexts for virtual host 'localhost'
02-Aug-2019 17:19:37.656 INFO [http-nio-8080-exec-919] org.apache.catalina.core.ApplicationContext.log Manager: list: Listing contexts for virtual host 'localhost'
02-Aug-2019 17:20:27.342 INFO [http-nio-8080-exec-917] org.apache.catalina.core.ApplicationContext.log Manager: list: Listing contexts for virtual host 'localhost'
02-Aug-2019 17:21:15.084 INFO [http-nio-8080-exec-922] org.apache.catalina.core.ApplicationContext.log Manager: list: Listing contexts for virtual host 'localhost'
02-Aug-2019 17:23:31.906 INFO [http-nio-8080-exec-919] org.apache.catalina.core.ApplicationContext.log Manager: list: Listing contexts for virtual host 'localhost'
02-Aug-2019 17:24:55.601 INFO [http-nio-8080-exec-917] org.apache.catalina.core.ApplicationContext.log Manager: list: Listing contexts for virtual host 'localhost'
02-Aug-2019 17:25:27.949 INFO [http-nio-8080-exec-921] org.apache.catalina.core.ApplicationContext.log Manager: list: Listing contexts for virtual host 'localhost'
02-Aug-2019 17:25:39.442 INFO [http-nio-8080-exec-916] org.apache.catalina.core.ApplicationContext.log Manager: list: Listing contexts for virtual host 'localhost'
02-Aug-2019 17:26:27.512 INFO [http-nio-8080-exec-924] org.apache.catalina.core.ApplicationContext.log Manager: list: Listing contexts for virtual host 'localhost'
02-Aug-2019 17:27:31.884 INFO [http-nio-8080-exec-921] org.apache.catalina.core.ApplicationContext.log Manager: list: Listing contexts for virtual host 'localhost'
02-Aug-2019 17:27:53.193 INFO [http-nio-8080-exec-916] org.apache.catalina.core.ApplicationContext.log Manager: list: Listing contexts for virtual host 'localhost'
02-Aug-2019 17:28:37.047 INFO [http-nio-8080-exec-925] org.apache.catalina.core.ApplicationContext.log Manager: list: Listing contexts for virtual host 'localhost'
02-Aug-2019 17:31:11.467 INFO [http-nio-8080-exec-919] org.apache.catalina.core.ApplicationContext.log Manager: list: Listing contexts for virtual host 'localhost'
02-Aug-2019 17:32:49.002 INFO [http-nio-8080-exec-925] org.apache.catalina.core.ApplicationContext.log Manager: list: Listing contexts for virtual host 'localhost'
02-Aug-2019 17:33:22.885 INFO [http-nio-8080-exec-921] org.apache.catalina.core.ApplicationContext.log Manager: list: Listing contexts for virtual host 'localhost'
02-Aug-2019 17:33:50.856 INFO [http-nio-8080-exec-916] org.apache.catalina.core.ApplicationContext.log Manager: list: Listing contexts for virtual host 'localhost'
02-Aug-2019 17:34:14.880 INFO [http-nio-8080-exec-924] org.apache.catalina.core.ApplicationContext.log Manager: list: Listing contexts for virtual host 'localhost'
02-Aug-2019 17:34:38.551 INFO [http-nio-8080-exec-922] org.apache.catalina.core.ApplicationContext.log Manager: list: Listing contexts for virtual host 'localhost'
02-Aug-2019 17:35:11.202 INFO [http-nio-8080-exec-919] org.apache.catalina.core.ApplicationContext.log Manager: list: Listing contexts for virtual host 'localhost'
02-Aug-2019 17:35:28.035 INFO [http-nio-8080-exec-924] org.apache.catalina.core.ApplicationContext.log Manager: list: Listing contexts for virtual host 'localhost'
02-Aug-2019 17:36:12.930 INFO [http-nio-8080-exec-922] org.apache.catalina.core.ApplicationContext.log Manager: list: Listing contexts for virtual host 'localhost'
02-Aug-2019 17:36:28.181 INFO [http-nio-8080-exec-919] org.apache.catalina.core.ApplicationContext.log Manager: list: Listing contexts for virtual host 'localhost'
02-Aug-2019 17:42:02.008 INFO [http-nio-8080-exec-925] org.apache.catalina.core.ApplicationContext.log Manager: list: Listing contexts for virtual host 'localhost'
02-Aug-2019 17:42:42.650 INFO [http-nio-8080-exec-919] org.apache.catalina.core.ApplicationContext.log Manager: list: Listing contexts for virtual host 'localhost'
02-Aug-2019 17:42:46.126 INFO [http-nio-8080-exec-923] org.apache.catalina.core.ApplicationContext.log Manager: list: Listing contexts for virtual host 'localhost'
02-Aug-2019 17:43:26.393 INFO [http-nio-8080-exec-916] org.apache.catalina.core.ApplicationContext.log Manager: list: Listing contexts for virtual host 'localhost'
02-Aug-2019 17:43:36.871 INFO [http-nio-8080-exec-923] org.apache.catalina.core.ApplicationContext.log Manager: list: Listing contexts for virtual host 'localhost'
02-Aug-2019 17:43:52.122 INFO [http-nio-8080-exec-919] org.apache.catalina.core.ApplicationContext.log Manager: list: Listing contexts for virtual host 'localhost'
02-Aug-2019 17:44:09.521 INFO [http-nio-8080-exec-925] org.apache.catalina.core.ApplicationContext.log Manager: list: Listing contexts for virtual host 'localhost'
02-Aug-2019 17:44:46.269 INFO [http-nio-8080-exec-919] org.apache.catalina.core.ApplicationContext.log Manager: list: Listing contexts for virtual host 'localhost'
02-Aug-2019 17:44:54.060 INFO [http-nio-8080-exec-925] org.apache.catalina.core.ApplicationContext.log Manager: list: Listing contexts for virtual host 'localhost'
02-Aug-2019 17:45:17.938 INFO [http-nio-8080-exec-920] org.apache.catalina.core.ApplicationContext.log Manager: list: Listing contexts for virtual host 'localhost'
02-Aug-2019 17:46:37.591 INFO [http-nio-8080-exec-917] org.apache.catalina.core.ApplicationContext.log Manager: list: Listing contexts for virtual host 'localhost'
02-Aug-2019 17:47:05.533 INFO [http-nio-8080-exec-923] org.apache.catalina.core.ApplicationContext.log Manager: list: Listing contexts for virtual host 'localhost'
02-Aug-2019 17:47:30.403 INFO [http-nio-8080-exec-916] org.apache.catalina.core.ApplicationContext.log Manager: list: Listing contexts for virtual host 'localhost'
02-Aug-2019 17:50:19.601 INFO [http-nio-8080-exec-923] org.apache.catalina.core.ApplicationContext.log Manager: list: Listing contexts for virtual host 'localhost'
02-Aug-2019 17:53:44.205 INFO [http-nio-8080-exec-916] org.apache.catalina.core.ApplicationContext.log Manager: list: Listing contexts for virtual host 'localhost'
02-Aug-2019 17:53:51.696 INFO [http-nio-8080-exec-925] org.apache.catalina.core.ApplicationContext.log Manager: list: Listing contexts for virtual host 'localhost'
02-Aug-2019 17:54:18.953 INFO [http-nio-8080-exec-919] org.apache.catalina.core.ApplicationContext.log Manager: list: Listing contexts for virtual host 'localhost'
02-Aug-2019 18:08:21.864 INFO [http-nio-8080-exec-925] org.apache.catalina.core.ApplicationContext.log Manager: list: Listing contexts for virtual host 'localhost'
02-Aug-2019 18:09:00.724 INFO [http-nio-8080-exec-916] org.apache.catalina.core.ApplicationContext.log Manager: list: Listing contexts for virtual host 'localhost'
02-Aug-2019 18:09:41.609 INFO [http-nio-8080-exec-922] org.apache.catalina.core.ApplicationContext.log Manager: list: Listing contexts for virtual host 'localhost'
02-Aug-2019 18:29:24.072 INFO [http-nio-8080-exec-918] org.apache.catalina.core.ApplicationContext.log Manager: list: Listing contexts for virtual host 'localhost'
02-Aug-2019 18:29:24.760 INFO [http-nio-8080-exec-920] org.apache.catalina.core.ApplicationContext.log Manager: list: Listing contexts for virtual host 'localhost'
02-Aug-2019 18:32:11.463 INFO [http-nio-8080-exec-917] org.apache.catalina.core.ApplicationContext.log Manager: list: Listing contexts for virtual host 'localhost'
02-Aug-2019 18:36:33.806 INFO [http-nio-8080-exec-922] org.apache.catalina.core.ApplicationContext.log Manager: list: Listing contexts for virtual host 'localhost'
02-Aug-2019 18:37:15.244 INFO [http-nio-8080-exec-921] org.apache.catalina.core.ApplicationContext.log Manager: list: Listing contexts for virtual host 'localhost'
02-Aug-2019 18:37:23.180 INFO [http-nio-8080-exec-918] org.apache.catalina.core.ApplicationContext.log Manager: list: Listing contexts for virtual host 'localhost'
02-Aug-2019 18:38:08.947 INFO [http-nio-8080-exec-921] org.apache.catalina.core.ApplicationContext.log Manager: list: Listing contexts for virtual host 'localhost'
02-Aug-2019 18:39:45.548 INFO [http-nio-8080-exec-918] org.apache.catalina.core.ApplicationContext.log Manager: list: Listing contexts for virtual host 'localhost'
02-Aug-2019 18:39:50.006 INFO [http-nio-8080-exec-923] org.apache.catalina.core.ApplicationContext.log Manager: list: Listing contexts for virtual host 'localhost'
02-Aug-2019 18:39:50.009 INFO [http-nio-8080-exec-922] org.apache.catalina.core.ApplicationContext.log Manager: list: Listing contexts for virtual host 'localhost'
02-Aug-2019 18:39:50.133 INFO [http-nio-8080-exec-924] org.apache.catalina.core.ApplicationContext.log Manager: install: Installing context configuration at 'file:/C:/Users/PAULO~1.BEZ/AppData/Local/Temp/context84056297162056066.xml'
02-Aug-2019 18:39:59.394 INFO [http-nio-8080-exec-925] org.apache.catalina.core.ApplicationContext.log Manager: start: Starting web application '/Opportunity'
02-Aug-2019 18:41:06.335 INFO [http-nio-8080-exec-922] org.apache.catalina.core.ApplicationContext.log Manager: list: Listing contexts for virtual host 'localhost'
02-Aug-2019 18:41:13.246 INFO [http-nio-8080-exec-921] org.apache.catalina.core.ApplicationContext.log Manager: list: Listing contexts for virtual host 'localhost'
02-Aug-2019 18:41:13.250 INFO [http-nio-8080-exec-923] org.apache.catalina.core.ApplicationContext.log Manager: list: Listing contexts for virtual host 'localhost'
02-Aug-2019 18:41:13.285 INFO [http-nio-8080-exec-922] org.apache.catalina.core.ApplicationContext.log Manager: undeploy: Undeploying web application at '/Opportunity'
02-Aug-2019 18:41:41.820 INFO [http-nio-8080-exec-923] org.apache.catalina.core.ApplicationContext.log Manager: install: Installing context configuration at 'file:/C:/Users/PAULO~1.BEZ/AppData/Local/Temp/context8861458998661735888.xml'
02-Aug-2019 18:41:44.959 INFO [http-nio-8080-exec-924] org.apache.catalina.core.ApplicationContext.log Manager: start: Starting web application '/Opportunity'
02-Aug-2019 18:43:15.683 INFO [http-nio-8080-exec-929] org.apache.catalina.core.ApplicationContext.log Manager: list: Listing contexts for virtual host 'localhost'
02-Aug-2019 18:43:37.235 INFO [http-nio-8080-exec-927] org.apache.catalina.core.ApplicationContext.log Manager: list: Listing contexts for virtual host 'localhost'
02-Aug-2019 18:43:41.097 INFO [http-nio-8080-exec-935] org.apache.catalina.core.ApplicationContext.log Manager: list: Listing contexts for virtual host 'localhost'
02-Aug-2019 18:43:41.099 INFO [http-nio-8080-exec-927] org.apache.catalina.core.ApplicationContext.log Manager: list: Listing contexts for virtual host 'localhost'
02-Aug-2019 18:43:41.130 INFO [http-nio-8080-exec-931] org.apache.catalina.core.ApplicationContext.log Manager: undeploy: Undeploying web application at '/Opportunity'
02-Aug-2019 18:43:57.659 INFO [http-nio-8080-exec-927] org.apache.catalina.core.ApplicationContext.log Manager: install: Installing context configuration at 'file:/C:/Users/PAULO~1.BEZ/AppData/Local/Temp/context8439961818687723942.xml'
02-Aug-2019 18:44:00.149 INFO [http-nio-8080-exec-926] org.apache.catalina.core.ApplicationContext.log Manager: start: Starting web application '/Opportunity'
02-Aug-2019 18:45:38.866 INFO [http-nio-8080-exec-943] org.apache.catalina.core.ApplicationContext.log Manager: list: Listing contexts for virtual host 'localhost'
02-Aug-2019 18:45:47.766 INFO [http-nio-8080-exec-936] org.apache.catalina.core.ApplicationContext.log Manager: list: Listing contexts for virtual host 'localhost'
02-Aug-2019 18:45:47.769 INFO [http-nio-8080-exec-937] org.apache.catalina.core.ApplicationContext.log Manager: list: Listing contexts for virtual host 'localhost'
02-Aug-2019 18:45:47.823 INFO [http-nio-8080-exec-943] org.apache.catalina.core.ApplicationContext.log Manager: undeploy: Undeploying web application at '/Opportunity'
02-Aug-2019 18:45:58.588 INFO [http-nio-8080-exec-939] org.apache.catalina.core.ApplicationContext.log Manager: install: Installing context configuration at 'file:/C:/Users/PAULO~1.BEZ/AppData/Local/Temp/context5969727163150600207.xml'
02-Aug-2019 18:46:05.954 INFO [http-nio-8080-exec-942] org.apache.catalina.core.ApplicationContext.log Manager: start: Starting web application '/Opportunity'
02-Aug-2019 18:47:23.061 INFO [http-nio-8080-exec-951] org.apache.catalina.core.ApplicationContext.log Manager: list: Listing contexts for virtual host 'localhost'
02-Aug-2019 18:47:36.659 INFO [http-nio-8080-exec-937] org.apache.catalina.core.ApplicationContext.log Manager: list: Listing contexts for virtual host 'localhost'
02-Aug-2019 18:47:36.673 INFO [http-nio-8080-exec-952] org.apache.catalina.core.ApplicationContext.log Manager: undeploy: Undeploying web application at '/Opportunity'
02-Aug-2019 18:50:04.357 INFO [http-nio-8080-exec-948] org.apache.catalina.core.ApplicationContext.log Manager: list: Listing contexts for virtual host 'localhost'
02-Aug-2019 18:50:07.697 INFO [http-nio-8080-exec-959] org.apache.catalina.core.ApplicationContext.log Manager: list: Listing contexts for virtual host 'localhost'
02-Aug-2019 18:50:07.698 INFO [http-nio-8080-exec-956] org.apache.catalina.core.ApplicationContext.log Manager: list: Listing contexts for virtual host 'localhost'
02-Aug-2019 18:50:07.799 INFO [http-nio-8080-exec-957] org.apache.catalina.core.ApplicationContext.log Manager: install: Installing context configuration at 'file:/C:/Users/PAULO~1.BEZ/AppData/Local/Temp/context1834378274022933694.xml'
02-Aug-2019 18:50:10.986 INFO [http-nio-8080-exec-958] org.apache.catalina.core.ApplicationContext.log Manager: start: Starting web application '/Opportunity'
02-Aug-2019 18:54:09.253 INFO [http-nio-8080-exec-965] org.apache.catalina.core.ApplicationContext.log Manager: list: Listing contexts for virtual host 'localhost'
02-Aug-2019 18:54:09.665 INFO [http-nio-8080-exec-959] org.apache.catalina.core.ApplicationContext.log Manager: restart: Reloading web application '/Opportunity'
02-Aug-2019 18:55:50.949 INFO [http-nio-8080-exec-966] org.apache.catalina.core.ApplicationContext.log Manager: list: Listing contexts for virtual host 'localhost'
02-Aug-2019 18:58:09.157 INFO [http-nio-8080-exec-972] org.apache.catalina.core.ApplicationContext.log Manager: list: Listing contexts for virtual host 'localhost'
02-Aug-2019 18:58:09.549 INFO [http-nio-8080-exec-967] org.apache.catalina.core.ApplicationContext.log Manager: restart: Reloading web application '/Opportunity'
02-Aug-2019 18:58:35.762 INFO [http-nio-8080-exec-973] org.apache.catalina.core.ApplicationContext.log Manager: list: Listing contexts for virtual host 'localhost'
02-Aug-2019 18:58:36.562 INFO [http-nio-8080-exec-968] org.apache.catalina.core.ApplicationContext.log Manager: restart: Reloading web application '/Opportunity'
02-Aug-2019 19:00:41.046 INFO [http-nio-8080-exec-980] org.apache.catalina.core.ApplicationContext.log Manager: list: Listing contexts for virtual host 'localhost'
02-Aug-2019 19:00:41.052 INFO [http-nio-8080-exec-983] org.apache.catalina.core.ApplicationContext.log Manager: list: Listing contexts for virtual host 'localhost'
02-Aug-2019 19:00:41.126 INFO [http-nio-8080-exec-987] org.apache.catalina.core.ApplicationContext.log Manager: undeploy: Undeploying web application at '/Opportunity'
02-Aug-2019 19:01:00.610 INFO [http-nio-8080-exec-980] org.apache.catalina.core.ApplicationContext.log Manager: install: Installing context configuration at 'file:/C:/Users/PAULO~1.BEZ/AppData/Local/Temp/context206728418986857763.xml'
02-Aug-2019 19:01:08.946 INFO [http-nio-8080-exec-981] org.apache.catalina.core.ApplicationContext.log Manager: start: Starting web application '/Opportunity'
02-Aug-2019 19:02:15.572 INFO [http-nio-8080-exec-9] org.apache.catalina.core.ApplicationContext.log Manager: init: Associated with Deployer 'Catalina:type=Deployer,host=localhost'
02-Aug-2019 19:02:15.572 INFO [http-nio-8080-exec-9] org.apache.catalina.core.ApplicationContext.log Manager: init: Global resources are available
02-Aug-2019 19:02:15.572 INFO [http-nio-8080-exec-9] org.apache.catalina.core.ApplicationContext.log Manager: list: Listing contexts for virtual host 'localhost'
02-Aug-2019 19:02:15.572 INFO [http-nio-8080-exec-10] org.apache.catalina.core.ApplicationContext.log Manager: list: Listing contexts for virtual host 'localhost'
02-Aug-2019 19:02:15.587 INFO [http-nio-8080-exec-4] org.apache.catalina.core.ApplicationContext.log Manager: undeploy: Undeploying web application at '/Opportunity'
02-Aug-2019 19:02:16.353 INFO [http-nio-8080-exec-1] org.apache.catalina.core.ApplicationContext.log Manager: install: Installing context configuration at 'file:/C:/Users/PAULO~1.BEZ/AppData/Local/Temp/context672402168821177049.xml'
02-Aug-2019 19:02:18.212 INFO [http-nio-8080-exec-10] org.apache.catalina.core.ApplicationContext.log Manager: start: Starting web application '/Opportunity'
02-Aug-2019 19:03:28.373 INFO [http-nio-8080-exec-11] org.apache.catalina.core.ApplicationContext.log Manager: list: Listing contexts for virtual host 'localhost'
02-Aug-2019 19:03:28.676 INFO [http-nio-8080-exec-12] org.apache.catalina.core.ApplicationContext.log Manager: restart: Reloading web application '/Opportunity'
02-Aug-2019 19:04:19.314 INFO [http-nio-8080-exec-22] org.apache.catalina.core.ApplicationContext.log Manager: list: Listing contexts for virtual host 'localhost'
02-Aug-2019 19:04:19.693 INFO [http-nio-8080-exec-23] org.apache.catalina.core.ApplicationContext.log Manager: restart: Reloading web application '/Opportunity'
02-Aug-2019 19:05:03.395 INFO [http-nio-8080-exec-31] org.apache.catalina.core.ApplicationContext.log Manager: list: Listing contexts for virtual host 'localhost'
02-Aug-2019 19:05:03.810 INFO [http-nio-8080-exec-32] org.apache.catalina.core.ApplicationContext.log Manager: restart: Reloading web application '/Opportunity'
02-Aug-2019 19:05:32.479 INFO [http-nio-8080-exec-30] org.apache.catalina.core.ApplicationContext.log Manager: list: Listing contexts for virtual host 'localhost'
02-Aug-2019 19:05:32.799 INFO [http-nio-8080-exec-31] org.apache.catalina.core.ApplicationContext.log Manager: restart: Reloading web application '/Opportunity'
02-Aug-2019 19:05:38.829 INFO [http-nio-8080-exec-21] org.apache.catalina.core.ApplicationContext.log Manager: list: Listing contexts for virtual host 'localhost'
02-Aug-2019 19:05:39.120 INFO [http-nio-8080-exec-20] org.apache.catalina.core.ApplicationContext.log Manager: restart: Reloading web application '/Opportunity'
02-Aug-2019 19:10:13.441 INFO [http-nio-8080-exec-46] org.apache.catalina.core.ApplicationContext.log Manager: list: Listing contexts for virtual host 'localhost'
02-Aug-2019 19:10:13.761 INFO [http-nio-8080-exec-41] org.apache.catalina.core.ApplicationContext.log Manager: restart: Reloading web application '/Opportunity'
02-Aug-2019 19:16:02.777 INFO [http-nio-8080-exec-54] org.apache.catalina.core.ApplicationContext.log Manager: list: Listing contexts for virtual host 'localhost'
02-Aug-2019 19:16:03.043 INFO [http-nio-8080-exec-55] org.apache.catalina.core.ApplicationContext.log Manager: restart: Reloading web application '/Opportunity'
02-Aug-2019 19:17:16.478 INFO [http-nio-8080-exec-58] org.apache.catalina.core.ApplicationContext.log Manager: list: Listing contexts for virtual host 'localhost'
02-Aug-2019 19:17:16.727 INFO [http-nio-8080-exec-56] org.apache.catalina.core.ApplicationContext.log Manager: restart: Reloading web application '/Opportunity'
02-Aug-2019 19:17:33.692 INFO [http-nio-8080-exec-51] org.apache.catalina.core.ApplicationContext.log Manager: list: Listing contexts for virtual host 'localhost'
02-Aug-2019 19:17:44.268 INFO [http-nio-8080-exec-67] org.apache.catalina.core.ApplicationContext.log Manager: list: Listing contexts for virtual host 'localhost'
02-Aug-2019 19:20:11.171 INFO [http-nio-8080-exec-67] org.apache.catalina.core.ApplicationContext.log Manager: list: Listing contexts for virtual host 'localhost'
02-Aug-2019 19:20:16.482 INFO [http-nio-8080-exec-69] org.apache.catalina.core.ApplicationContext.log Manager: list: Listing contexts for virtual host 'localhost'
02-Aug-2019 19:20:16.498 INFO [http-nio-8080-exec-70] org.apache.catalina.core.ApplicationContext.log Manager: list: Listing contexts for virtual host 'localhost'
02-Aug-2019 19:20:16.529 INFO [http-nio-8080-exec-66] org.apache.catalina.core.ApplicationContext.log Manager: undeploy: Undeploying web application at '/Opportunity'
02-Aug-2019 19:20:17.357 INFO [http-nio-8080-exec-74] org.apache.catalina.core.ApplicationContext.log Manager: install: Installing context configuration at 'file:/C:/Users/PAULO~1.BEZ/AppData/Local/Temp/context5956509745820405234.xml'
02-Aug-2019 19:20:19.122 INFO [http-nio-8080-exec-70] org.apache.catalina.core.ApplicationContext.log Manager: start: Starting web application '/Opportunity'
02-Aug-2019 19:22:25.170 INFO [http-nio-8080-exec-83] org.apache.catalina.core.ApplicationContext.log Manager: list: Listing contexts for virtual host 'localhost'
02-Aug-2019 19:22:25.701 INFO [http-nio-8080-exec-76] org.apache.catalina.core.ApplicationContext.log Manager: restart: Reloading web application '/Opportunity'
02-Aug-2019 19:32:38.374 INFO [http-nio-8080-exec-87] org.apache.catalina.core.ApplicationContext.log Manager: list: Listing contexts for virtual host 'localhost'
02-Aug-2019 19:32:38.770 INFO [http-nio-8080-exec-92] org.apache.catalina.core.ApplicationContext.log Manager: restart: Reloading web application '/Opportunity'
02-Aug-2019 19:33:23.688 INFO [http-nio-8080-exec-85] org.apache.catalina.core.ApplicationContext.log Manager: list: Listing contexts for virtual host 'localhost'
02-Aug-2019 19:33:55.453 INFO [http-nio-8080-exec-101] org.apache.catalina.core.ApplicationContext.log Manager: list: Listing contexts for virtual host 'localhost'
02-Aug-2019 19:34:02.951 INFO [http-nio-8080-exec-98] org.apache.catalina.core.ApplicationContext.log Manager: list: Listing contexts for virtual host 'localhost'
02-Aug-2019 19:34:02.951 INFO [http-nio-8080-exec-99] org.apache.catalina.core.ApplicationContext.log Manager: list: Listing contexts for virtual host 'localhost'
02-Aug-2019 19:34:02.982 INFO [http-nio-8080-exec-100] org.apache.catalina.core.ApplicationContext.log Manager: undeploy: Undeploying web application at '/Opportunity'
02-Aug-2019 19:34:03.810 INFO [http-nio-8080-exec-96] org.apache.catalina.core.ApplicationContext.log Manager: install: Installing context configuration at 'file:/C:/Users/PAULO~1.BEZ/AppData/Local/Temp/context6170118316305052536.xml'
02-Aug-2019 19:34:05.892 INFO [http-nio-8080-exec-99] org.apache.catalina.core.ApplicationContext.log Manager: start: Starting web application '/Opportunity'
02-Aug-2019 19:34:44.659 INFO [http-nio-8080-exec-106] org.apache.catalina.core.ApplicationContext.log Manager: list: Listing contexts for virtual host 'localhost'
02-Aug-2019 19:35:22.357 INFO [http-nio-8080-exec-95] org.apache.catalina.core.ApplicationContext.log Manager: list: Listing contexts for virtual host 'localhost'
02-Aug-2019 19:35:45.998 INFO [http-nio-8080-exec-105] org.apache.catalina.core.ApplicationContext.log Manager: list: Listing contexts for virtual host 'localhost'
02-Aug-2019 19:35:49.961 INFO [http-nio-8080-exec-110] org.apache.catalina.core.ApplicationContext.log Manager: list: Listing contexts for virtual host 'localhost'
02-Aug-2019 19:35:49.963 INFO [http-nio-8080-exec-112] org.apache.catalina.core.ApplicationContext.log Manager: list: Listing contexts for virtual host 'localhost'
02-Aug-2019 19:35:49.995 INFO [http-nio-8080-exec-100] org.apache.catalina.core.ApplicationContext.log Manager: undeploy: Undeploying web application at '/Opportunity'
02-Aug-2019 19:35:51.124 INFO [http-nio-8080-exec-105] org.apache.catalina.core.ApplicationContext.log Manager: install: Installing context configuration at 'file:/C:/Users/PAULO~1.BEZ/AppData/Local/Temp/context8841587506633712555.xml'
02-Aug-2019 19:35:53.701 INFO [http-nio-8080-exec-113] org.apache.catalina.core.ApplicationContext.log Manager: start: Starting web application '/Opportunity'
02-Aug-2019 19:39:04.109 INFO [http-nio-8080-exec-115] org.apache.catalina.core.ApplicationContext.log Manager: list: Listing contexts for virtual host 'localhost'
02-Aug-2019 19:39:04.317 INFO [http-nio-8080-exec-118] org.apache.catalina.core.ApplicationContext.log Manager: restart: Reloading web application '/Opportunity'
02-Aug-2019 19:39:52.729 INFO [http-nio-8080-exec-107] org.apache.catalina.core.ApplicationContext.log Manager: list: Listing contexts for virtual host 'localhost'
02-Aug-2019 19:39:53.038 INFO [http-nio-8080-exec-120] org.apache.catalina.core.ApplicationContext.log Manager: restart: Reloading web application '/Opportunity'
02-Aug-2019 19:41:29.425 INFO [http-nio-8080-exec-107] org.apache.catalina.core.ApplicationContext.log Manager: list: Listing contexts for virtual host 'localhost'
02-Aug-2019 19:41:32.816 INFO [http-nio-8080-exec-129] org.apache.catalina.core.ApplicationContext.log Manager: list: Listing contexts for virtual host 'localhost'
02-Aug-2019 19:41:32.818 INFO [http-nio-8080-exec-126] org.apache.catalina.core.ApplicationContext.log Manager: list: Listing contexts for virtual host 'localhost'
02-Aug-2019 19:41:32.842 INFO [http-nio-8080-exec-127] org.apache.catalina.core.ApplicationContext.log Manager: undeploy: Undeploying web application at '/Opportunity'
02-Aug-2019 19:41:33.663 INFO [http-nio-8080-exec-117] org.apache.catalina.core.ApplicationContext.log Manager: install: Installing context configuration at 'file:/C:/Users/PAULO~1.BEZ/AppData/Local/Temp/context1346360051068082667.xml'
02-Aug-2019 19:41:35.281 INFO [http-nio-8080-exec-130] org.apache.catalina.core.ApplicationContext.log Manager: start: Starting web application '/Opportunity'
02-Aug-2019 19:45:38.180 INFO [http-nio-8080-exec-134] org.apache.catalina.core.ApplicationContext.log Manager: list: Listing contexts for virtual host 'localhost'
02-Aug-2019 19:45:40.435 INFO [http-nio-8080-exec-132] org.apache.catalina.core.ApplicationContext.log Manager: list: Listing contexts for virtual host 'localhost'
02-Aug-2019 19:45:42.045 INFO [http-nio-8080-exec-135] org.apache.catalina.core.ApplicationContext.log Manager: list: Listing contexts for virtual host 'localhost'
02-Aug-2019 19:45:42.047 INFO [http-nio-8080-exec-139] org.apache.catalina.core.ApplicationContext.log Manager: list: Listing contexts for virtual host 'localhost'
02-Aug-2019 19:45:42.084 INFO [http-nio-8080-exec-133] org.apache.catalina.core.ApplicationContext.log Manager: undeploy: Undeploying web application at '/Opportunity'
02-Aug-2019 19:45:43.197 INFO [http-nio-8080-exec-141] org.apache.catalina.core.ApplicationContext.log Manager: install: Installing context configuration at 'file:/C:/Users/PAULO~1.BEZ/AppData/Local/Temp/context3841527873548187977.xml'
02-Aug-2019 19:45:51.033 INFO [http-nio-8080-exec-137] org.apache.catalina.core.ApplicationContext.log Manager: start: Starting web application '/Opportunity'
02-Aug-2019 19:46:27.987 INFO [http-nio-8080-exec-132] org.apache.catalina.core.ApplicationContext.log Manager: list: Listing contexts for virtual host 'localhost'
02-Aug-2019 19:47:17.483 INFO [http-nio-8080-exec-147] org.apache.catalina.core.ApplicationContext.log Manager: list: Listing contexts for virtual host 'localhost'
02-Aug-2019 19:47:17.858 INFO [http-nio-8080-exec-139] org.apache.catalina.core.ApplicationContext.log Manager: restart: Reloading web application '/Opportunity'
02-Aug-2019 19:49:09.215 INFO [http-nio-8080-exec-144] org.apache.catalina.core.ApplicationContext.log Manager: list: Listing contexts for virtual host 'localhost'
02-Aug-2019 19:49:09.465 INFO [http-nio-8080-exec-134] org.apache.catalina.core.ApplicationContext.log Manager: restart: Reloading web application '/Opportunity'
02-Aug-2019 19:50:25.791 INFO [http-nio-8080-exec-153] org.apache.catalina.core.ApplicationContext.log Manager: list: Listing contexts for virtual host 'localhost'
02-Aug-2019 19:50:26.119 INFO [http-nio-8080-exec-152] org.apache.catalina.core.ApplicationContext.log Manager: restart: Reloading web application '/Opportunity'
02-Aug-2019 19:50:35.349 INFO [http-nio-8080-exec-158] org.apache.catalina.core.ApplicationContext.log Manager: list: Listing contexts for virtual host 'localhost'
02-Aug-2019 19:50:35.693 INFO [http-nio-8080-exec-153] org.apache.catalina.core.ApplicationContext.log Manager: restart: Reloading web application '/Opportunity'
02-Aug-2019 19:51:06.733 INFO [http-nio-8080-exec-163] org.apache.catalina.core.ApplicationContext.log Manager: list: Listing contexts for virtual host 'localhost'
02-Aug-2019 19:51:07.145 INFO [http-nio-8080-exec-164] org.apache.catalina.core.ApplicationContext.log Manager: restart: Reloading web application '/Opportunity'
02-Aug-2019 19:53:46.097 INFO [http-nio-8080-exec-172] org.apache.catalina.core.ApplicationContext.log Manager: list: Listing contexts for virtual host 'localhost'
02-Aug-2019 19:53:46.457 INFO [http-nio-8080-exec-173] org.apache.catalina.core.ApplicationContext.log Manager: restart: Reloading web application '/Opportunity'
02-Aug-2019 19:53:56.147 INFO [http-nio-8080-exec-177] org.apache.catalina.core.ApplicationContext.log Manager: list: Listing contexts for virtual host 'localhost'
02-Aug-2019 19:53:56.491 INFO [http-nio-8080-exec-172] org.apache.catalina.core.ApplicationContext.log Manager: restart: Reloading web application '/Opportunity'
02-Aug-2019 19:55:57.102 INFO [http-nio-8080-exec-183] org.apache.catalina.core.ApplicationContext.log Manager: list: Listing contexts for virtual host 'localhost'
02-Aug-2019 19:55:57.442 INFO [http-nio-8080-exec-188] org.apache.catalina.core.ApplicationContext.log Manager: restart: Reloading web application '/Opportunity'
02-Aug-2019 19:56:25.173 INFO [http-nio-8080-exec-180] org.apache.catalina.core.ApplicationContext.log Manager: list: Listing contexts for virtual host 'localhost'
02-Aug-2019 19:56:25.536 INFO [http-nio-8080-exec-185] org.apache.catalina.core.ApplicationContext.log Manager: restart: Reloading web application '/Opportunity'
02-Aug-2019 19:56:49.609 INFO [http-nio-8080-exec-189] org.apache.catalina.core.ApplicationContext.log Manager: list: Listing contexts for virtual host 'localhost'
02-Aug-2019 19:56:49.909 INFO [http-nio-8080-exec-186] org.apache.catalina.core.ApplicationContext.log Manager: restart: Reloading web application '/Opportunity'
02-Aug-2019 19:57:09.055 INFO [http-nio-8080-exec-180] org.apache.catalina.core.ApplicationContext.log Manager: list: Listing contexts for virtual host 'localhost'
02-Aug-2019 19:57:09.440 INFO [http-nio-8080-exec-189] org.apache.catalina.core.ApplicationContext.log Manager: restart: Reloading web application '/Opportunity'
02-Aug-2019 19:58:06.171 INFO [http-nio-8080-exec-200] org.apache.catalina.core.ApplicationContext.log Manager: list: Listing contexts for virtual host 'localhost'
02-Aug-2019 19:58:06.483 INFO [http-nio-8080-exec-193] org.apache.catalina.core.ApplicationContext.log Manager: restart: Reloading web application '/Opportunity'
02-Aug-2019 19:59:52.682 INFO [http-nio-8080-exec-208] org.apache.catalina.core.ApplicationContext.log Manager: list: Listing contexts for virtual host 'localhost'
02-Aug-2019 20:01:49.865 INFO [http-nio-8080-exec-206] org.apache.catalina.core.ApplicationContext.log Manager: list: Listing contexts for virtual host 'localhost'
02-Aug-2019 20:01:50.189 INFO [http-nio-8080-exec-211] org.apache.catalina.core.ApplicationContext.log Manager: restart: Reloading web application '/Opportunity'
02-Aug-2019 20:02:30.711 INFO [http-nio-8080-exec-214] org.apache.catalina.core.ApplicationContext.log Manager: list: Listing contexts for virtual host 'localhost'
02-Aug-2019 20:02:34.842 INFO [http-nio-8080-exec-217] org.apache.catalina.core.ApplicationContext.log Manager: list: Listing contexts for virtual host 'localhost'
02-Aug-2019 20:02:34.844 INFO [http-nio-8080-exec-218] org.apache.catalina.core.ApplicationContext.log Manager: list: Listing contexts for virtual host 'localhost'
02-Aug-2019 20:02:34.887 INFO [http-nio-8080-exec-210] org.apache.catalina.core.ApplicationContext.log Manager: undeploy: Undeploying web application at '/Opportunity'
02-Aug-2019 20:02:35.762 INFO [http-nio-8080-exec-216] org.apache.catalina.core.ApplicationContext.log Manager: install: Installing context configuration at 'file:/C:/Users/PAULO~1.BEZ/AppData/Local/Temp/context7381557644769490898.xml'
02-Aug-2019 20:02:37.876 INFO [http-nio-8080-exec-208] org.apache.catalina.core.ApplicationContext.log Manager: start: Starting web application '/Opportunity'
02-Aug-2019 20:03:56.958 INFO [http-nio-8080-exec-224] org.apache.catalina.core.ApplicationContext.log Manager: list: Listing contexts for virtual host 'localhost'
02-Aug-2019 20:03:59.104 INFO [http-nio-8080-exec-227] org.apache.catalina.core.ApplicationContext.log Manager: list: Listing contexts for virtual host 'localhost'
02-Aug-2019 20:04:00.740 INFO [http-nio-8080-exec-225] org.apache.catalina.core.ApplicationContext.log Manager: list: Listing contexts for virtual host 'localhost'
02-Aug-2019 20:04:00.742 INFO [http-nio-8080-exec-229] org.apache.catalina.core.ApplicationContext.log Manager: list: Listing contexts for virtual host 'localhost'
02-Aug-2019 20:04:00.765 INFO [http-nio-8080-exec-220] org.apache.catalina.core.ApplicationContext.log Manager: undeploy: Undeploying web application at '/Opportunity'
02-Aug-2019 20:04:01.806 INFO [http-nio-8080-exec-225] org.apache.catalina.core.ApplicationContext.log Manager: install: Installing context configuration at 'file:/C:/Users/PAULO~1.BEZ/AppData/Local/Temp/context337553879892504954.xml'
02-Aug-2019 20:04:03.595 INFO [http-nio-8080-exec-221] org.apache.catalina.core.ApplicationContext.log Manager: start: Starting web application '/Opportunity'
02-Aug-2019 20:04:42.333 INFO [http-nio-8080-exec-223] org.apache.catalina.core.ApplicationContext.log Manager: list: Listing contexts for virtual host 'localhost'
02-Aug-2019 20:04:42.592 INFO [http-nio-8080-exec-230] org.apache.catalina.core.ApplicationContext.log Manager: restart: Reloading web application '/Opportunity'
02-Aug-2019 20:04:59.048 INFO [http-nio-8080-exec-233] org.apache.catalina.core.ApplicationContext.log Manager: list: Listing contexts for virtual host 'localhost'
02-Aug-2019 20:05:02.599 INFO [http-nio-8080-exec-240] org.apache.catalina.core.ApplicationContext.log Manager: list: Listing contexts for virtual host 'localhost'
02-Aug-2019 20:05:02.602 INFO [http-nio-8080-exec-241] org.apache.catalina.core.ApplicationContext.log Manager: list: Listing contexts for virtual host 'localhost'
02-Aug-2019 20:05:02.630 INFO [http-nio-8080-exec-234] org.apache.catalina.core.ApplicationContext.log Manager: undeploy: Undeploying web application at '/Opportunity'
02-Aug-2019 20:05:03.486 INFO [http-nio-8080-exec-235] org.apache.catalina.core.ApplicationContext.log Manager: install: Installing context configuration at 'file:/C:/Users/PAULO~1.BEZ/AppData/Local/Temp/context8856754843094455188.xml'
02-Aug-2019 20:05:06.240 INFO [http-nio-8080-exec-239] org.apache.catalina.core.ApplicationContext.log Manager: start: Starting web application '/Opportunity'
02-Aug-2019 20:06:02.702 INFO [http-nio-8080-exec-231] org.apache.catalina.core.ApplicationContext.log Manager: list: Listing contexts for virtual host 'localhost'
02-Aug-2019 20:06:10.658 INFO [http-nio-8080-exec-249] org.apache.catalina.core.ApplicationContext.log Manager: list: Listing contexts for virtual host 'localhost'
02-Aug-2019 20:06:10.660 INFO [http-nio-8080-exec-243] org.apache.catalina.core.ApplicationContext.log Manager: list: Listing contexts for virtual host 'localhost'
02-Aug-2019 20:06:10.684 INFO [http-nio-8080-exec-239] org.apache.catalina.core.ApplicationContext.log Manager: undeploy: Undeploying web application at '/Opportunity'
02-Aug-2019 20:06:11.691 INFO [http-nio-8080-exec-243] org.apache.catalina.core.ApplicationContext.log Manager: install: Installing context configuration at 'file:/C:/Users/PAULO~1.BEZ/AppData/Local/Temp/context553277533709029228.xml'
02-Aug-2019 20:06:13.627 INFO [http-nio-8080-exec-250] org.apache.catalina.core.ApplicationContext.log Manager: start: Starting web application '/Opportunity'
02-Aug-2019 20:07:40.801 INFO [http-nio-8080-exec-251] org.apache.catalina.core.ApplicationContext.log Manager: list: Listing contexts for virtual host 'localhost'
02-Aug-2019 20:07:41.088 INFO [http-nio-8080-exec-256] org.apache.catalina.core.ApplicationContext.log Manager: restart: Reloading web application '/Opportunity'
02-Aug-2019 20:08:11.531 INFO [http-nio-8080-exec-251] org.apache.catalina.core.ApplicationContext.log Manager: list: Listing contexts for virtual host 'localhost'
02-Aug-2019 20:08:11.546 INFO [http-nio-8080-exec-253] org.apache.catalina.core.ApplicationContext.log Manager: list: Listing contexts for virtual host 'localhost'
02-Aug-2019 20:08:11.562 INFO [http-nio-8080-exec-258] org.apache.catalina.core.ApplicationContext.log Manager: undeploy: Undeploying web application at '/Opportunity'
02-Aug-2019 20:08:12.546 INFO [http-nio-8080-exec-260] org.apache.catalina.core.ApplicationContext.log Manager: install: Installing context configuration at 'file:/C:/Users/PAULO~1.BEZ/AppData/Local/Temp/context4832731525605045811.xml'
02-Aug-2019 20:08:14.874 INFO [http-nio-8080-exec-259] org.apache.catalina.core.ApplicationContext.log Manager: start: Starting web application '/Opportunity'
02-Aug-2019 20:09:07.216 INFO [http-nio-8080-exec-251] org.apache.catalina.core.ApplicationContext.log Manager: list: Listing contexts for virtual host 'localhost'
02-Aug-2019 20:09:07.505 INFO [http-nio-8080-exec-264] org.apache.catalina.core.ApplicationContext.log Manager: restart: Reloading web application '/Opportunity'
02-Aug-2019 20:09:59.485 INFO [http-nio-8080-exec-266] org.apache.catalina.core.ApplicationContext.log Manager: list: Listing contexts for virtual host 'localhost'
02-Aug-2019 20:10:03.345 INFO [http-nio-8080-exec-268] org.apache.catalina.core.ApplicationContext.log Manager: list: Listing contexts for virtual host 'localhost'
02-Aug-2019 20:10:03.966 INFO [http-nio-8080-exec-273] org.apache.catalina.core.ApplicationContext.log Manager: restart: Reloading web application '/Opportunity'
02-Aug-2019 20:10:05.226 INFO [http-nio-8080-exec-270] org.apache.catalina.core.ApplicationContext.log Manager: list: Listing contexts for virtual host 'localhost'
02-Aug-2019 20:10:05.228 INFO [http-nio-8080-exec-272] org.apache.catalina.core.ApplicationContext.log Manager: list: Listing contexts for virtual host 'localhost'
02-Aug-2019 20:10:06.647 INFO [http-nio-8080-exec-274] org.apache.catalina.core.ApplicationContext.log Manager: undeploy: Undeploying web application at '/Opportunity'
02-Aug-2019 20:10:07.525 INFO [http-nio-8080-exec-266] org.apache.catalina.core.ApplicationContext.log Manager: install: Installing context configuration at 'file:/C:/Users/PAULO~1.BEZ/AppData/Local/Temp/context7619594537090355960.xml'
02-Aug-2019 20:10:09.895 INFO [http-nio-8080-exec-271] org.apache.catalina.core.ApplicationContext.log Manager: start: Starting web application '/Opportunity'
02-Aug-2019 20:11:03.939 INFO [http-nio-8080-exec-281] org.apache.catalina.core.ApplicationContext.log Manager: list: Listing contexts for virtual host 'localhost'
02-Aug-2019 20:11:09.377 INFO [http-nio-8080-exec-279] org.apache.catalina.core.ApplicationContext.log Manager: list: Listing contexts for virtual host 'localhost'
02-Aug-2019 20:11:09.380 INFO [http-nio-8080-exec-283] org.apache.catalina.core.ApplicationContext.log Manager: list: Listing contexts for virtual host 'localhost'
02-Aug-2019 20:11:09.400 INFO [http-nio-8080-exec-280] org.apache.catalina.core.ApplicationContext.log Manager: undeploy: Undeploying web application at '/Opportunity'
02-Aug-2019 20:11:10.413 INFO [http-nio-8080-exec-278] org.apache.catalina.core.ApplicationContext.log Manager: install: Installing context configuration at 'file:/C:/Users/PAULO~1.BEZ/AppData/Local/Temp/context6174039790979042762.xml'
02-Aug-2019 20:11:12.486 INFO [http-nio-8080-exec-282] org.apache.catalina.core.ApplicationContext.log Manager: start: Starting web application '/Opportunity'
