10-Oct-2019 10:14:28.032 INFO [http-nio-8080-exec-1047] org.apache.catalina.core.ApplicationContext.log Manager: list: Listing contexts for virtual host 'localhost'
10-Oct-2019 10:16:31.352 INFO [http-nio-8080-exec-1043] org.apache.catalina.core.ApplicationContext.log Manager: list: Listing contexts for virtual host 'localhost'
10-Oct-2019 10:16:40.415 INFO [http-nio-8080-exec-1049] org.apache.catalina.core.ApplicationContext.log Manager: list: Listing contexts for virtual host 'localhost'
10-Oct-2019 10:16:48.262 INFO [http-nio-8080-exec-1047] org.apache.catalina.core.ApplicationContext.log Manager: list: Listing contexts for virtual host 'localhost'
10-Oct-2019 10:16:58.717 INFO [http-nio-8080-exec-1045] org.apache.catalina.core.ApplicationContext.log Manager: list: Listing contexts for virtual host 'localhost'
10-Oct-2019 10:21:19.853 INFO [http-nio-8080-exec-1042] org.apache.catalina.core.ApplicationContext.log Manager: list: Listing contexts for virtual host 'localhost'
10-Oct-2019 10:21:19.853 INFO [http-nio-8080-exec-1043] org.apache.catalina.core.ApplicationContext.log Manager: list: Listing contexts for virtual host 'localhost'
10-Oct-2019 10:21:19.978 INFO [http-nio-8080-exec-1044] org.apache.catalina.core.ApplicationContext.log Manager: install: Installing context configuration at 'file:/C:/Users/PAULO~1.BEZ/AppData/Local/Temp/context602534411549182984.xml'
10-Oct-2019 10:21:29.494 INFO [http-nio-8080-exec-1045] org.apache.catalina.core.ApplicationContext.log Manager: start: Starting web application '/Opportunity'
10-Oct-2019 10:24:47.962 INFO [http-nio-8080-exec-1044] org.apache.catalina.core.ApplicationContext.log Manager: list: Listing contexts for virtual host 'localhost'
10-Oct-2019 10:24:48.429 INFO [http-nio-8080-exec-1046] org.apache.catalina.core.ApplicationContext.log Manager: restart: Reloading web application '/Opportunity'
10-Oct-2019 10:25:23.761 INFO [http-nio-8080-exec-1040] org.apache.catalina.core.ApplicationContext.log Manager: list: Listing contexts for virtual host 'localhost'
10-Oct-2019 10:25:24.156 INFO [http-nio-8080-exec-1047] org.apache.catalina.core.ApplicationContext.log Manager: restart: Reloading web application '/Opportunity'
10-Oct-2019 10:30:52.715 INFO [http-nio-8080-exec-1057] org.apache.catalina.core.ApplicationContext.log Manager: list: Listing contexts for virtual host 'localhost'
10-Oct-2019 10:30:53.321 INFO [http-nio-8080-exec-1058] org.apache.catalina.core.ApplicationContext.log Manager: restart: Reloading web application '/Opportunity'
10-Oct-2019 10:31:05.630 INFO [http-nio-8080-exec-1061] org.apache.catalina.core.ApplicationContext.log Manager: list: Listing contexts for virtual host 'localhost'
10-Oct-2019 10:31:05.883 INFO [http-nio-8080-exec-1056] org.apache.catalina.core.ApplicationContext.log Manager: restart: Reloading web application '/Opportunity'
10-Oct-2019 10:31:44.338 INFO [http-nio-8080-exec-1064] org.apache.catalina.core.ApplicationContext.log Manager: list: Listing contexts for virtual host 'localhost'
10-Oct-2019 10:31:44.592 INFO [http-nio-8080-exec-1062] org.apache.catalina.core.ApplicationContext.log Manager: restart: Reloading web application '/Opportunity'
10-Oct-2019 10:32:41.835 INFO [http-nio-8080-exec-1066] org.apache.catalina.core.ApplicationContext.log Manager: list: Listing contexts for virtual host 'localhost'
10-Oct-2019 10:32:42.131 INFO [http-nio-8080-exec-1044] org.apache.catalina.core.ApplicationContext.log Manager: restart: Reloading web application '/Opportunity'
10-Oct-2019 10:33:28.489 INFO [http-nio-8080-exec-1054] org.apache.catalina.core.ApplicationContext.log Manager: list: Listing contexts for virtual host 'localhost'
10-Oct-2019 10:33:28.753 INFO [http-nio-8080-exec-1069] org.apache.catalina.core.ApplicationContext.log Manager: restart: Reloading web application '/Opportunity'
10-Oct-2019 10:35:25.507 INFO [http-nio-8080-exec-1060] org.apache.catalina.core.ApplicationContext.log Manager: list: Listing contexts for virtual host 'localhost'
10-Oct-2019 10:35:25.810 INFO [http-nio-8080-exec-1061] org.apache.catalina.core.ApplicationContext.log Manager: restart: Reloading web application '/Opportunity'
10-Oct-2019 10:36:16.980 INFO [http-nio-8080-exec-1071] org.apache.catalina.core.ApplicationContext.log Manager: list: Listing contexts for virtual host 'localhost'
10-Oct-2019 10:36:17.335 INFO [http-nio-8080-exec-1076] org.apache.catalina.core.ApplicationContext.log Manager: restart: Reloading web application '/Opportunity'
10-Oct-2019 10:36:53.562 INFO [http-nio-8080-exec-1057] org.apache.catalina.core.ApplicationContext.log Manager: list: Listing contexts for virtual host 'localhost'
10-Oct-2019 10:36:53.899 INFO [http-nio-8080-exec-1081] org.apache.catalina.core.ApplicationContext.log Manager: restart: Reloading web application '/Opportunity'
10-Oct-2019 10:37:33.898 INFO [http-nio-8080-exec-1073] org.apache.catalina.core.ApplicationContext.log Manager: list: Listing contexts for virtual host 'localhost'
10-Oct-2019 10:37:34.185 INFO [http-nio-8080-exec-1084] org.apache.catalina.core.ApplicationContext.log Manager: restart: Reloading web application '/Opportunity'
10-Oct-2019 10:38:06.592 INFO [http-nio-8080-exec-1082] org.apache.catalina.core.ApplicationContext.log Manager: list: Listing contexts for virtual host 'localhost'
10-Oct-2019 10:38:06.913 INFO [http-nio-8080-exec-1073] org.apache.catalina.core.ApplicationContext.log Manager: restart: Reloading web application '/Opportunity'
10-Oct-2019 10:38:31.568 INFO [http-nio-8080-exec-1082] org.apache.catalina.core.ApplicationContext.log Manager: list: Listing contexts for virtual host 'localhost'
10-Oct-2019 10:38:31.869 INFO [http-nio-8080-exec-1088] org.apache.catalina.core.ApplicationContext.log Manager: restart: Reloading web application '/Opportunity'
10-Oct-2019 10:38:37.149 INFO [http-nio-8080-exec-1082] org.apache.catalina.core.ApplicationContext.log Manager: list: Listing contexts for virtual host 'localhost'
10-Oct-2019 10:38:37.412 INFO [http-nio-8080-exec-1089] org.apache.catalina.core.ApplicationContext.log Manager: restart: Reloading web application '/Opportunity'
10-Oct-2019 10:41:06.479 INFO [http-nio-8080-exec-1098] org.apache.catalina.core.ApplicationContext.log Manager: list: Listing contexts for virtual host 'localhost'
10-Oct-2019 10:41:06.791 INFO [http-nio-8080-exec-1082] org.apache.catalina.core.ApplicationContext.log Manager: restart: Reloading web application '/Opportunity'
10-Oct-2019 10:41:41.331 INFO [http-nio-8080-exec-1101] org.apache.catalina.core.ApplicationContext.log Manager: list: Listing contexts for virtual host 'localhost'
10-Oct-2019 10:41:41.604 INFO [http-nio-8080-exec-1085] org.apache.catalina.core.ApplicationContext.log Manager: restart: Reloading web application '/Opportunity'
10-Oct-2019 10:41:58.952 INFO [http-nio-8080-exec-1100] org.apache.catalina.core.ApplicationContext.log Manager: list: Listing contexts for virtual host 'localhost'
10-Oct-2019 10:41:59.266 INFO [http-nio-8080-exec-1104] org.apache.catalina.core.ApplicationContext.log Manager: restart: Reloading web application '/Opportunity'
10-Oct-2019 10:42:22.670 INFO [http-nio-8080-exec-1097] org.apache.catalina.core.ApplicationContext.log Manager: list: Listing contexts for virtual host 'localhost'
10-Oct-2019 10:42:23.224 INFO [http-nio-8080-exec-1100] org.apache.catalina.core.ApplicationContext.log Manager: restart: Reloading web application '/Opportunity'
10-Oct-2019 10:44:01.538 INFO [http-nio-8080-exec-1096] org.apache.catalina.core.ApplicationContext.log Manager: list: Listing contexts for virtual host 'localhost'
10-Oct-2019 10:44:01.807 INFO [http-nio-8080-exec-1106] org.apache.catalina.core.ApplicationContext.log Manager: restart: Reloading web application '/Opportunity'
10-Oct-2019 10:44:36.320 INFO [http-nio-8080-exec-1109] org.apache.catalina.core.ApplicationContext.log Manager: list: Listing contexts for virtual host 'localhost'
10-Oct-2019 10:44:36.583 INFO [http-nio-8080-exec-1108] org.apache.catalina.core.ApplicationContext.log Manager: restart: Reloading web application '/Opportunity'
10-Oct-2019 10:44:59.618 INFO [http-nio-8080-exec-1112] org.apache.catalina.core.ApplicationContext.log Manager: list: Listing contexts for virtual host 'localhost'
10-Oct-2019 10:44:59.867 INFO [http-nio-8080-exec-1118] org.apache.catalina.core.ApplicationContext.log Manager: restart: Reloading web application '/Opportunity'
10-Oct-2019 10:45:12.962 INFO [http-nio-8080-exec-1121] org.apache.catalina.core.ApplicationContext.log Manager: list: Listing contexts for virtual host 'localhost'
10-Oct-2019 10:45:13.258 INFO [http-nio-8080-exec-1107] org.apache.catalina.core.ApplicationContext.log Manager: restart: Reloading web application '/Opportunity'
10-Oct-2019 10:46:35.855 INFO [http-nio-8080-exec-1116] org.apache.catalina.core.ApplicationContext.log Manager: list: Listing contexts for virtual host 'localhost'
10-Oct-2019 10:46:36.162 INFO [http-nio-8080-exec-1112] org.apache.catalina.core.ApplicationContext.log Manager: restart: Reloading web application '/Opportunity'
10-Oct-2019 10:47:03.024 INFO [http-nio-8080-exec-1114] org.apache.catalina.core.ApplicationContext.log Manager: list: Listing contexts for virtual host 'localhost'
10-Oct-2019 10:47:03.270 INFO [http-nio-8080-exec-1125] org.apache.catalina.core.ApplicationContext.log Manager: restart: Reloading web application '/Opportunity'
10-Oct-2019 10:49:02.903 INFO [http-nio-8080-exec-1114] org.apache.catalina.core.ApplicationContext.log Manager: list: Listing contexts for virtual host 'localhost'
10-Oct-2019 10:49:03.197 INFO [http-nio-8080-exec-1131] org.apache.catalina.core.ApplicationContext.log Manager: restart: Reloading web application '/Opportunity'
10-Oct-2019 10:49:50.014 INFO [http-nio-8080-exec-1130] org.apache.catalina.core.ApplicationContext.log Manager: list: Listing contexts for virtual host 'localhost'
10-Oct-2019 10:49:50.294 INFO [http-nio-8080-exec-1132] org.apache.catalina.core.ApplicationContext.log Manager: restart: Reloading web application '/Opportunity'
10-Oct-2019 10:50:32.827 INFO [http-nio-8080-exec-1123] org.apache.catalina.core.ApplicationContext.log Manager: list: Listing contexts for virtual host 'localhost'
10-Oct-2019 10:50:33.064 INFO [http-nio-8080-exec-1139] org.apache.catalina.core.ApplicationContext.log Manager: restart: Reloading web application '/Opportunity'
10-Oct-2019 10:51:18.261 INFO [http-nio-8080-exec-1142] org.apache.catalina.core.ApplicationContext.log Manager: list: Listing contexts for virtual host 'localhost'
10-Oct-2019 10:51:18.509 INFO [http-nio-8080-exec-1136] org.apache.catalina.core.ApplicationContext.log Manager: restart: Reloading web application '/Opportunity'
10-Oct-2019 11:30:56.514 INFO [http-nio-8080-exec-1148] org.apache.catalina.core.ApplicationContext.log Manager: list: Listing contexts for virtual host 'localhost'
10-Oct-2019 11:30:56.862 INFO [http-nio-8080-exec-1149] org.apache.catalina.core.ApplicationContext.log Manager: restart: Reloading web application '/Opportunity'
10-Oct-2019 11:31:25.025 INFO [http-nio-8080-exec-1150] org.apache.catalina.core.ApplicationContext.log Manager: list: Listing contexts for virtual host 'localhost'
10-Oct-2019 11:31:25.367 INFO [http-nio-8080-exec-1153] org.apache.catalina.core.ApplicationContext.log Manager: restart: Reloading web application '/Opportunity'
10-Oct-2019 11:32:12.713 INFO [http-nio-8080-exec-1155] org.apache.catalina.core.ApplicationContext.log Manager: list: Listing contexts for virtual host 'localhost'
10-Oct-2019 11:32:12.973 INFO [http-nio-8080-exec-1146] org.apache.catalina.core.ApplicationContext.log Manager: restart: Reloading web application '/Opportunity'
10-Oct-2019 11:34:35.621 INFO [http-nio-8080-exec-1158] org.apache.catalina.core.ApplicationContext.log Manager: list: Listing contexts for virtual host 'localhost'
10-Oct-2019 11:34:35.973 INFO [http-nio-8080-exec-1157] org.apache.catalina.core.ApplicationContext.log Manager: restart: Reloading web application '/Opportunity'
10-Oct-2019 12:08:53.422 INFO [http-nio-8080-exec-1172] org.apache.catalina.core.ApplicationContext.log Manager: list: Listing contexts for virtual host 'localhost'
10-Oct-2019 12:08:53.757 INFO [http-nio-8080-exec-1173] org.apache.catalina.core.ApplicationContext.log Manager: restart: Reloading web application '/Opportunity'
10-Oct-2019 12:09:16.599 INFO [http-nio-8080-exec-1171] org.apache.catalina.core.ApplicationContext.log Manager: list: Listing contexts for virtual host 'localhost'
10-Oct-2019 12:09:16.902 INFO [http-nio-8080-exec-1170] org.apache.catalina.core.ApplicationContext.log Manager: restart: Reloading web application '/Opportunity'
10-Oct-2019 14:10:34.527 INFO [http-nio-8080-exec-1180] org.apache.catalina.core.ApplicationContext.log Manager: list: Listing contexts for virtual host 'localhost'
10-Oct-2019 14:10:34.862 INFO [http-nio-8080-exec-1181] org.apache.catalina.core.ApplicationContext.log Manager: restart: Reloading web application '/Opportunity'
10-Oct-2019 14:11:22.644 INFO [http-nio-8080-exec-1184] org.apache.catalina.core.ApplicationContext.log Manager: list: Listing contexts for virtual host 'localhost'
10-Oct-2019 14:11:22.934 INFO [http-nio-8080-exec-1183] org.apache.catalina.core.ApplicationContext.log Manager: restart: Reloading web application '/Opportunity'
10-Oct-2019 14:11:52.466 INFO [http-nio-8080-exec-1190] org.apache.catalina.core.ApplicationContext.log Manager: list: Listing contexts for virtual host 'localhost'
10-Oct-2019 14:11:52.748 INFO [http-nio-8080-exec-1185] org.apache.catalina.core.ApplicationContext.log Manager: restart: Reloading web application '/Opportunity'
10-Oct-2019 14:13:39.540 INFO [http-nio-8080-exec-1192] org.apache.catalina.core.ApplicationContext.log Manager: list: Listing contexts for virtual host 'localhost'
10-Oct-2019 14:13:39.875 INFO [http-nio-8080-exec-1187] org.apache.catalina.core.ApplicationContext.log Manager: restart: Reloading web application '/Opportunity'
10-Oct-2019 14:13:47.074 INFO [http-nio-8080-exec-1197] org.apache.catalina.core.ApplicationContext.log Manager: list: Listing contexts for virtual host 'localhost'
10-Oct-2019 14:13:47.388 INFO [http-nio-8080-exec-1198] org.apache.catalina.core.ApplicationContext.log Manager: restart: Reloading web application '/Opportunity'
10-Oct-2019 14:18:29.889 INFO [http-nio-8080-exec-1206] org.apache.catalina.core.ApplicationContext.log Manager: list: Listing contexts for virtual host 'localhost'
10-Oct-2019 14:18:30.223 INFO [http-nio-8080-exec-1204] org.apache.catalina.core.ApplicationContext.log Manager: restart: Reloading web application '/Opportunity'
10-Oct-2019 14:20:49.146 INFO [http-nio-8080-exec-1209] org.apache.catalina.core.ApplicationContext.log Manager: list: Listing contexts for virtual host 'localhost'
10-Oct-2019 14:20:49.420 INFO [http-nio-8080-exec-1201] org.apache.catalina.core.ApplicationContext.log Manager: restart: Reloading web application '/Opportunity'
10-Oct-2019 14:23:53.883 INFO [http-nio-8080-exec-1219] org.apache.catalina.core.ApplicationContext.log Manager: list: Listing contexts for virtual host 'localhost'
10-Oct-2019 14:23:54.184 INFO [http-nio-8080-exec-1220] org.apache.catalina.core.ApplicationContext.log Manager: restart: Reloading web application '/Opportunity'
10-Oct-2019 14:26:46.355 INFO [http-nio-8080-exec-1226] org.apache.catalina.core.ApplicationContext.log Manager: list: Listing contexts for virtual host 'localhost'
10-Oct-2019 14:26:46.820 INFO [http-nio-8080-exec-1206] org.apache.catalina.core.ApplicationContext.log Manager: restart: Reloading web application '/Opportunity'
10-Oct-2019 14:27:30.074 INFO [http-nio-8080-exec-1213] org.apache.catalina.core.ApplicationContext.log Manager: list: Listing contexts for virtual host 'localhost'
10-Oct-2019 14:27:30.355 INFO [http-nio-8080-exec-1227] org.apache.catalina.core.ApplicationContext.log Manager: restart: Reloading web application '/Opportunity'
10-Oct-2019 14:28:19.018 INFO [http-nio-8080-exec-1228] org.apache.catalina.core.ApplicationContext.log Manager: list: Listing contexts for virtual host 'localhost'
10-Oct-2019 14:28:19.276 INFO [http-nio-8080-exec-1231] org.apache.catalina.core.ApplicationContext.log Manager: restart: Reloading web application '/Opportunity'
10-Oct-2019 14:28:23.368 INFO [http-nio-8080-exec-1216] org.apache.catalina.core.ApplicationContext.log Manager: list: Listing contexts for virtual host 'localhost'
10-Oct-2019 14:28:23.607 INFO [http-nio-8080-exec-1213] org.apache.catalina.core.ApplicationContext.log Manager: restart: Reloading web application '/Opportunity'
10-Oct-2019 14:30:33.388 INFO [http-nio-8080-exec-1235] org.apache.catalina.core.ApplicationContext.log Manager: list: Listing contexts for virtual host 'localhost'
10-Oct-2019 14:30:34.186 INFO [http-nio-8080-exec-1210] org.apache.catalina.core.ApplicationContext.log Manager: restart: Reloading web application '/Opportunity'
10-Oct-2019 15:00:02.028 INFO [http-nio-8080-exec-1244] org.apache.catalina.core.ApplicationContext.log Manager: list: Listing contexts for virtual host 'localhost'
10-Oct-2019 15:00:02.874 INFO [http-nio-8080-exec-1245] org.apache.catalina.core.ApplicationContext.log Manager: restart: Reloading web application '/Opportunity'
10-Oct-2019 15:01:50.525 INFO [http-nio-8080-exec-1243] org.apache.catalina.core.ApplicationContext.log Manager: list: Listing contexts for virtual host 'localhost'
10-Oct-2019 15:01:51.127 INFO [http-nio-8080-exec-1253] org.apache.catalina.core.ApplicationContext.log Manager: restart: Reloading web application '/Opportunity'
10-Oct-2019 15:02:05.064 INFO [http-nio-8080-exec-1243] org.apache.catalina.core.ApplicationContext.log Manager: list: Listing contexts for virtual host 'localhost'
10-Oct-2019 15:02:05.320 INFO [http-nio-8080-exec-1256] org.apache.catalina.core.ApplicationContext.log Manager: restart: Reloading web application '/Opportunity'
10-Oct-2019 15:03:55.499 INFO [http-nio-8080-exec-1261] org.apache.catalina.core.ApplicationContext.log Manager: list: Listing contexts for virtual host 'localhost'
10-Oct-2019 15:03:55.779 INFO [http-nio-8080-exec-1243] org.apache.catalina.core.ApplicationContext.log Manager: restart: Reloading web application '/Opportunity'
10-Oct-2019 15:05:43.241 INFO [http-nio-8080-exec-1249] org.apache.catalina.core.ApplicationContext.log Manager: list: Listing contexts for virtual host 'localhost'
10-Oct-2019 15:05:43.543 INFO [http-nio-8080-exec-1255] org.apache.catalina.core.ApplicationContext.log Manager: restart: Reloading web application '/Opportunity'
10-Oct-2019 15:06:55.046 INFO [http-nio-8080-exec-1260] org.apache.catalina.core.ApplicationContext.log Manager: list: Listing contexts for virtual host 'localhost'
10-Oct-2019 15:06:55.774 INFO [http-nio-8080-exec-1266] org.apache.catalina.core.ApplicationContext.log Manager: restart: Reloading web application '/Opportunity'
10-Oct-2019 15:10:02.101 INFO [http-nio-8080-exec-1263] org.apache.catalina.core.ApplicationContext.log Manager: list: Listing contexts for virtual host 'localhost'
10-Oct-2019 15:10:02.388 INFO [http-nio-8080-exec-1260] org.apache.catalina.core.ApplicationContext.log Manager: restart: Reloading web application '/Opportunity'
10-Oct-2019 15:11:14.110 INFO [http-nio-8080-exec-1275] org.apache.catalina.core.ApplicationContext.log Manager: list: Listing contexts for virtual host 'localhost'
10-Oct-2019 15:11:14.371 INFO [http-nio-8080-exec-1278] org.apache.catalina.core.ApplicationContext.log Manager: restart: Reloading web application '/Opportunity'
10-Oct-2019 15:12:06.467 INFO [http-nio-8080-exec-1283] org.apache.catalina.core.ApplicationContext.log Manager: list: Listing contexts for virtual host 'localhost'
10-Oct-2019 15:12:06.773 INFO [http-nio-8080-exec-1276] org.apache.catalina.core.ApplicationContext.log Manager: restart: Reloading web application '/Opportunity'
10-Oct-2019 15:13:00.638 INFO [http-nio-8080-exec-1272] org.apache.catalina.core.ApplicationContext.log Manager: list: Listing contexts for virtual host 'localhost'
10-Oct-2019 15:13:00.915 INFO [http-nio-8080-exec-1286] org.apache.catalina.core.ApplicationContext.log Manager: restart: Reloading web application '/Opportunity'
10-Oct-2019 15:18:19.805 INFO [http-nio-8080-exec-1293] org.apache.catalina.core.ApplicationContext.log Manager: list: Listing contexts for virtual host 'localhost'
10-Oct-2019 15:18:20.097 INFO [http-nio-8080-exec-1294] org.apache.catalina.core.ApplicationContext.log Manager: restart: Reloading web application '/Opportunity'
10-Oct-2019 15:19:23.757 INFO [http-nio-8080-exec-1291] org.apache.catalina.core.ApplicationContext.log Manager: list: Listing contexts for virtual host 'localhost'
10-Oct-2019 15:19:24.045 INFO [http-nio-8080-exec-1293] org.apache.catalina.core.ApplicationContext.log Manager: restart: Reloading web application '/Opportunity'
10-Oct-2019 15:21:16.539 INFO [http-nio-8080-exec-1292] org.apache.catalina.core.ApplicationContext.log Manager: list: Listing contexts for virtual host 'localhost'
10-Oct-2019 15:21:16.856 INFO [http-nio-8080-exec-1290] org.apache.catalina.core.ApplicationContext.log Manager: restart: Reloading web application '/Opportunity'
10-Oct-2019 15:21:18.373 INFO [http-nio-8080-exec-1301] org.apache.catalina.core.ApplicationContext.log Manager: list: Listing contexts for virtual host 'localhost'
10-Oct-2019 15:21:18.775 INFO [http-nio-8080-exec-1292] org.apache.catalina.core.ApplicationContext.log Manager: restart: Reloading web application '/Opportunity'
10-Oct-2019 15:22:00.516 INFO [http-nio-8080-exec-1305] org.apache.catalina.core.ApplicationContext.log Manager: list: Listing contexts for virtual host 'localhost'
10-Oct-2019 15:22:00.781 INFO [http-nio-8080-exec-1300] org.apache.catalina.core.ApplicationContext.log Manager: restart: Reloading web application '/Opportunity'
10-Oct-2019 15:23:18.839 INFO [http-nio-8080-exec-1291] org.apache.catalina.core.ApplicationContext.log Manager: list: Listing contexts for virtual host 'localhost'
10-Oct-2019 15:23:19.449 INFO [http-nio-8080-exec-1304] org.apache.catalina.core.ApplicationContext.log Manager: restart: Reloading web application '/Opportunity'
10-Oct-2019 15:23:22.756 INFO [http-nio-8080-exec-1279] org.apache.catalina.core.ApplicationContext.log Manager: list: Listing contexts for virtual host 'localhost'
10-Oct-2019 15:23:23.030 INFO [http-nio-8080-exec-1301] org.apache.catalina.core.ApplicationContext.log Manager: restart: Reloading web application '/Opportunity'
10-Oct-2019 15:26:53.796 INFO [http-nio-8080-exec-1319] org.apache.catalina.core.ApplicationContext.log Manager: list: Listing contexts for virtual host 'localhost'
10-Oct-2019 15:26:54.158 INFO [http-nio-8080-exec-1311] org.apache.catalina.core.ApplicationContext.log Manager: restart: Reloading web application '/Opportunity'
10-Oct-2019 15:27:48.528 INFO [http-nio-8080-exec-1318] org.apache.catalina.core.ApplicationContext.log Manager: list: Listing contexts for virtual host 'localhost'
10-Oct-2019 15:27:48.807 INFO [http-nio-8080-exec-1320] org.apache.catalina.core.ApplicationContext.log Manager: restart: Reloading web application '/Opportunity'
10-Oct-2019 15:27:55.265 INFO [http-nio-8080-exec-1323] org.apache.catalina.core.ApplicationContext.log Manager: list: Listing contexts for virtual host 'localhost'
10-Oct-2019 15:27:55.509 INFO [http-nio-8080-exec-1324] org.apache.catalina.core.ApplicationContext.log Manager: restart: Reloading web application '/Opportunity'
10-Oct-2019 15:28:00.041 INFO [http-nio-8080-exec-1322] org.apache.catalina.core.ApplicationContext.log Manager: list: Listing contexts for virtual host 'localhost'
10-Oct-2019 15:28:00.338 INFO [http-nio-8080-exec-1321] org.apache.catalina.core.ApplicationContext.log Manager: restart: Reloading web application '/Opportunity'
10-Oct-2019 15:29:04.188 INFO [http-nio-8080-exec-1279] org.apache.catalina.core.ApplicationContext.log Manager: list: Listing contexts for virtual host 'localhost'
10-Oct-2019 15:29:04.476 INFO [http-nio-8080-exec-1322] org.apache.catalina.core.ApplicationContext.log Manager: restart: Reloading web application '/Opportunity'
10-Oct-2019 15:30:02.789 INFO [http-nio-8080-exec-1332] org.apache.catalina.core.ApplicationContext.log Manager: list: Listing contexts for virtual host 'localhost'
10-Oct-2019 15:30:03.027 INFO [http-nio-8080-exec-1331] org.apache.catalina.core.ApplicationContext.log Manager: restart: Reloading web application '/Opportunity'
10-Oct-2019 15:30:18.589 INFO [http-nio-8080-exec-1335] org.apache.catalina.core.ApplicationContext.log Manager: list: Listing contexts for virtual host 'localhost'
10-Oct-2019 15:30:18.838 INFO [http-nio-8080-exec-1333] org.apache.catalina.core.ApplicationContext.log Manager: restart: Reloading web application '/Opportunity'
10-Oct-2019 15:30:27.190 INFO [http-nio-8080-exec-1338] org.apache.catalina.core.ApplicationContext.log Manager: list: Listing contexts for virtual host 'localhost'
10-Oct-2019 15:30:27.422 INFO [http-nio-8080-exec-1334] org.apache.catalina.core.ApplicationContext.log Manager: restart: Reloading web application '/Opportunity'
10-Oct-2019 15:31:12.838 INFO [http-nio-8080-exec-1340] org.apache.catalina.core.ApplicationContext.log Manager: list: Listing contexts for virtual host 'localhost'
10-Oct-2019 15:31:13.148 INFO [http-nio-8080-exec-1325] org.apache.catalina.core.ApplicationContext.log Manager: restart: Reloading web application '/Opportunity'
10-Oct-2019 15:31:34.043 INFO [http-nio-8080-exec-1343] org.apache.catalina.core.ApplicationContext.log Manager: list: Listing contexts for virtual host 'localhost'
10-Oct-2019 15:31:34.306 INFO [http-nio-8080-exec-1342] org.apache.catalina.core.ApplicationContext.log Manager: restart: Reloading web application '/Opportunity'
10-Oct-2019 15:35:17.718 INFO [http-nio-8080-exec-1336] org.apache.catalina.core.ApplicationContext.log Manager: list: Listing contexts for virtual host 'localhost'
10-Oct-2019 15:35:18.012 INFO [http-nio-8080-exec-1350] org.apache.catalina.core.ApplicationContext.log Manager: restart: Reloading web application '/Opportunity'
10-Oct-2019 15:44:23.058 INFO [http-nio-8080-exec-1356] org.apache.catalina.core.ApplicationContext.log Manager: list: Listing contexts for virtual host 'localhost'
10-Oct-2019 15:44:23.387 INFO [http-nio-8080-exec-1357] org.apache.catalina.core.ApplicationContext.log Manager: restart: Reloading web application '/Opportunity'
10-Oct-2019 15:44:29.107 INFO [http-nio-8080-exec-1358] org.apache.catalina.core.ApplicationContext.log Manager: list: Listing contexts for virtual host 'localhost'
10-Oct-2019 15:44:29.352 INFO [http-nio-8080-exec-1354] org.apache.catalina.core.ApplicationContext.log Manager: restart: Reloading web application '/Opportunity'
10-Oct-2019 15:45:18.098 INFO [http-nio-8080-exec-1359] org.apache.catalina.core.ApplicationContext.log Manager: list: Listing contexts for virtual host 'localhost'
10-Oct-2019 15:45:18.337 INFO [http-nio-8080-exec-1363] org.apache.catalina.core.ApplicationContext.log Manager: restart: Reloading web application '/Opportunity'
10-Oct-2019 15:45:27.192 INFO [http-nio-8080-exec-1366] org.apache.catalina.core.ApplicationContext.log Manager: list: Listing contexts for virtual host 'localhost'
10-Oct-2019 15:45:27.449 INFO [http-nio-8080-exec-1353] org.apache.catalina.core.ApplicationContext.log Manager: restart: Reloading web application '/Opportunity'
10-Oct-2019 16:04:41.861 INFO [http-nio-8080-exec-1371] org.apache.catalina.core.ApplicationContext.log Manager: list: Listing contexts for virtual host 'localhost'
10-Oct-2019 16:04:41.939 INFO [http-nio-8080-exec-1375] org.apache.catalina.core.ApplicationContext.log Manager: stop: Stopping web application '/Opportunity'
10-Oct-2019 16:04:52.775 INFO [http-nio-8080-exec-1374] org.apache.catalina.core.ApplicationContext.log Manager: start: Starting web application '/Opportunity'
10-Oct-2019 16:05:00.385 INFO [http-nio-8080-exec-1377] org.apache.catalina.core.ApplicationContext.log Manager: list: Listing contexts for virtual host 'localhost'
10-Oct-2019 16:05:00.448 INFO [http-nio-8080-exec-1371] org.apache.catalina.core.ApplicationContext.log Manager: stop: Stopping web application '/Opportunity'
10-Oct-2019 16:05:01.030 INFO [http-nio-8080-exec-1377] org.apache.catalina.core.ApplicationContext.log Manager: start: Starting web application '/Opportunity'
10-Oct-2019 16:05:01.093 SEVERE [http-nio-8080-exec-1377] org.apache.catalina.core.ApplicationContext.log FAIL - Application at context path [/Opportunity] could not be started
 org.apache.catalina.LifecycleException: Failed to start component [StandardEngine[Catalina].StandardHost[localhost].StandardContext[/Opportunity]]
	at org.apache.catalina.util.LifecycleBase.start(LifecycleBase.java:167)
	at org.apache.catalina.manager.ManagerServlet.start(ManagerServlet.java:1349)
	at org.apache.catalina.manager.ManagerServlet.doGet(ManagerServlet.java:369)
	at javax.servlet.http.HttpServlet.service(HttpServlet.java:635)
	at javax.servlet.http.HttpServlet.service(HttpServlet.java:742)
	at org.apache.catalina.core.ApplicationFilterChain.internalDoFilter(ApplicationFilterChain.java:231)
	at org.apache.catalina.core.ApplicationFilterChain.doFilter(ApplicationFilterChain.java:166)
	at org.apache.tomcat.websocket.server.WsFilter.doFilter(WsFilter.java:52)
	at org.apache.catalina.core.ApplicationFilterChain.internalDoFilter(ApplicationFilterChain.java:193)
	at org.apache.catalina.core.ApplicationFilterChain.doFilter(ApplicationFilterChain.java:166)
	at org.apache.catalina.filters.SetCharacterEncodingFilter.doFilter(SetCharacterEncodingFilter.java:109)
	at org.apache.catalina.core.ApplicationFilterChain.internalDoFilter(ApplicationFilterChain.java:193)
	at org.apache.catalina.core.ApplicationFilterChain.doFilter(ApplicationFilterChain.java:166)
	at org.apache.catalina.core.StandardWrapperValve.invoke(StandardWrapperValve.java:198)
	at org.apache.catalina.core.StandardContextValve.invoke(StandardContextValve.java:96)
	at org.apache.tomee.catalina.OpenEJBValve.invoke(OpenEJBValve.java:44)
	at org.apache.catalina.authenticator.AuthenticatorBase.invoke(AuthenticatorBase.java:610)
	at org.apache.catalina.valves.RequestFilterValve.process(RequestFilterValve.java:348)
	at org.apache.catalina.valves.RemoteAddrValve.invoke(RemoteAddrValve.java:52)
	at org.apache.catalina.core.StandardHostValve.invoke(StandardHostValve.java:140)
	at org.apache.catalina.valves.ErrorReportValve.invoke(ErrorReportValve.java:81)
	at org.apache.tomee.catalina.OpenEJBSecurityListener$RequestCapturer.invoke(OpenEJBSecurityListener.java:97)
	at org.apache.catalina.valves.AbstractAccessLogValve.invoke(AbstractAccessLogValve.java:650)
	at org.apache.catalina.core.StandardEngineValve.invoke(StandardEngineValve.java:87)
	at org.apache.catalina.connector.CoyoteAdapter.service(CoyoteAdapter.java:342)
	at org.apache.coyote.http11.Http11Processor.service(Http11Processor.java:800)
	at org.apache.coyote.AbstractProcessorLight.process(AbstractProcessorLight.java:66)
	at org.apache.coyote.AbstractProtocol$ConnectionHandler.process(AbstractProtocol.java:800)
	at org.apache.tomcat.util.net.NioEndpoint$SocketProcessor.doRun(NioEndpoint.java:1471)
	at org.apache.tomcat.util.net.SocketProcessorBase.run(SocketProcessorBase.java:49)
	at java.util.concurrent.ThreadPoolExecutor.runWorker(ThreadPoolExecutor.java:1149)
	at java.util.concurrent.ThreadPoolExecutor$Worker.run(ThreadPoolExecutor.java:624)
	at org.apache.tomcat.util.threads.TaskThread$WrappingRunnable.run(TaskThread.java:61)
	at java.lang.Thread.run(Thread.java:748)
Caused by: org.apache.tomee.catalina.TomEERuntimeException: org.apache.openejb.OpenEJBException: Encountered unknown error parsing the web.xml file: file:/C:/Users/paulo.bezerra/Documents/NetBeansProjects/Opportunity/target/Opportunity-1.0/WEB-INF/web.xml: javax.xml.stream.XMLStreamException: ParseError at [row,col]:[19,6]
Message: The content of elements must consist of well-formed character data or markup.
	at org.apache.tomee.catalina.TomcatWebAppBuilder.loadApplication(TomcatWebAppBuilder.java:2336)
	at org.apache.tomee.catalina.TomcatWebAppBuilder.startInternal(TomcatWebAppBuilder.java:1192)
	at org.apache.tomee.catalina.TomcatWebAppBuilder.configureStart(TomcatWebAppBuilder.java:1125)
	at org.apache.tomee.catalina.GlobalListenerSupport.lifecycleEvent(GlobalListenerSupport.java:133)
	at org.apache.catalina.util.LifecycleBase.fireLifecycleEvent(LifecycleBase.java:94)
	at org.apache.catalina.core.StandardContext.startInternal(StandardContext.java:5154)
	at org.apache.catalina.util.LifecycleBase.start(LifecycleBase.java:150)
	... 33 more
Caused by: org.apache.openejb.OpenEJBException: Encountered unknown error parsing the web.xml file: file:/C:/Users/paulo.bezerra/Documents/NetBeansProjects/Opportunity/target/Opportunity-1.0/WEB-INF/web.xml: javax.xml.stream.XMLStreamException: ParseError at [row,col]:[19,6]
Message: The content of elements must consist of well-formed character data or markup.
	at org.apache.openejb.config.ReadDescriptors.readWebApp(ReadDescriptors.java:836)
	at org.apache.openejb.config.DeploymentLoader.createWebModule(DeploymentLoader.java:960)
	at org.apache.openejb.config.DeploymentLoader.createWebModule(DeploymentLoader.java:823)
	at org.apache.openejb.config.DeploymentLoader.load(DeploymentLoader.java:234)
	at org.apache.tomee.catalina.TomcatWebAppBuilder.loadApplication(TomcatWebAppBuilder.java:2334)
	... 39 more
Caused by: org.metatype.sxc.util.RuntimeXMLStreamException: javax.xml.stream.XMLStreamException: ParseError at [row,col]:[19,6]
Message: The content of elements must consist of well-formed character data or markup.
	at org.metatype.sxc.util.XoXMLStreamReaderImpl$ChildElementsIterator.advanceToNext(XoXMLStreamReaderImpl.java:461)
	at org.metatype.sxc.util.XoXMLStreamReaderImpl$ChildElementsIterator.hasNext(XoXMLStreamReaderImpl.java:430)
	at org.apache.openejb.jee.WebApp$JAXB._read(WebApp$JAXB.java:200)
	at org.apache.openejb.jee.WebApp$JAXB.read(WebApp$JAXB.java:728)
	at org.apache.openejb.jee.WebApp$JAXB.read(WebApp$JAXB.java:97)
	at org.apache.openejb.sxc.Sxc.unmarshall(Sxc.java:168)
	at org.apache.openejb.sxc.Sxc.unmarhsal(Sxc.java:159)
	at org.apache.openejb.sxc.Sxc.unmarshalJavaee(Sxc.java:144)
	at org.apache.openejb.sxc.WebXml.unmarshal(WebXml.java:40)
	at org.apache.openejb.config.ReadDescriptors.readWebApp(ReadDescriptors.java:828)
	... 43 more
Caused by: javax.xml.stream.XMLStreamException: ParseError at [row,col]:[19,6]
Message: The content of elements must consist of well-formed character data or markup.
	at com.sun.org.apache.xerces.internal.impl.XMLStreamReaderImpl.next(XMLStreamReaderImpl.java:604)
	at javax.xml.stream.util.StreamReaderDelegate.next(StreamReaderDelegate.java:88)
	at org.metatype.sxc.util.XoXMLStreamReaderImpl.next(XoXMLStreamReaderImpl.java:360)
	at org.metatype.sxc.util.XoXMLStreamReaderImpl$ChildElementsIterator.advanceToNext(XoXMLStreamReaderImpl.java:459)
	... 52 more

10-Oct-2019 16:07:29.869 INFO [http-nio-8080-exec-1376] org.apache.catalina.core.ApplicationContext.log Manager: list: Listing contexts for virtual host 'localhost'
10-Oct-2019 16:07:29.869 INFO [http-nio-8080-exec-1381] org.apache.catalina.core.ApplicationContext.log Manager: list: Listing contexts for virtual host 'localhost'
10-Oct-2019 16:07:29.915 INFO [http-nio-8080-exec-1372] org.apache.catalina.core.ApplicationContext.log Manager: undeploy: Undeploying web application at '/Opportunity'
10-Oct-2019 16:07:30.514 INFO [http-nio-8080-exec-1379] org.apache.catalina.core.ApplicationContext.log Manager: install: Installing context configuration at 'file:/C:/Users/PAULO~1.BEZ/AppData/Local/Temp/context6617478918557927428.xml'
10-Oct-2019 16:07:39.207 INFO [http-nio-8080-exec-1377] org.apache.catalina.core.ApplicationContext.log Manager: list: Listing contexts for virtual host 'localhost'
10-Oct-2019 16:07:39.208 INFO [http-nio-8080-exec-1381] org.apache.catalina.core.ApplicationContext.log Manager: list: Listing contexts for virtual host 'localhost'
10-Oct-2019 16:07:39.222 INFO [http-nio-8080-exec-1384] org.apache.catalina.core.ApplicationContext.log Manager: undeploy: Undeploying web application at '/Opportunity'
10-Oct-2019 16:07:39.273 INFO [http-nio-8080-exec-1376] org.apache.catalina.core.ApplicationContext.log Manager: install: Installing context configuration at 'file:/C:/Users/PAULO~1.BEZ/AppData/Local/Temp/context8859705026152721386.xml'
10-Oct-2019 16:07:59.558 INFO [http-nio-8080-exec-1385] org.apache.catalina.core.ApplicationContext.log Manager: list: Listing contexts for virtual host 'localhost'
10-Oct-2019 16:07:59.558 INFO [http-nio-8080-exec-1382] org.apache.catalina.core.ApplicationContext.log Manager: list: Listing contexts for virtual host 'localhost'
10-Oct-2019 16:07:59.594 INFO [http-nio-8080-exec-1384] org.apache.catalina.core.ApplicationContext.log Manager: undeploy: Undeploying web application at '/Opportunity'
10-Oct-2019 16:08:01.190 INFO [http-nio-8080-exec-1386] org.apache.catalina.core.ApplicationContext.log Manager: install: Installing context configuration at 'file:/C:/Users/PAULO~1.BEZ/AppData/Local/Temp/context6601085782350952884.xml'
10-Oct-2019 16:08:02.274 INFO [http-nio-8080-exec-1369] org.apache.catalina.core.ApplicationContext.log Manager: start: Starting web application '/Opportunity'
10-Oct-2019 16:08:02.321 INFO [http-nio-8080-exec-1388] org.apache.catalina.core.ApplicationContext.log Manager: list: Listing contexts for virtual host 'localhost'
10-Oct-2019 16:08:02.732 INFO [http-nio-8080-exec-1372] org.apache.catalina.core.ApplicationContext.log Manager: restart: Reloading web application '/Opportunity'
10-Oct-2019 16:08:29.275 INFO [http-nio-8080-exec-1381] org.apache.catalina.core.ApplicationContext.log Manager: list: Listing contexts for virtual host 'localhost'
10-Oct-2019 16:08:29.773 INFO [http-nio-8080-exec-1391] org.apache.catalina.core.ApplicationContext.log Manager: restart: Reloading web application '/Opportunity'
10-Oct-2019 16:08:31.492 INFO [http-nio-8080-exec-1390] org.apache.catalina.core.ApplicationContext.log Manager: list: Listing contexts for virtual host 'localhost'
10-Oct-2019 16:08:31.855 INFO [http-nio-8080-exec-1376] org.apache.catalina.core.ApplicationContext.log Manager: restart: Reloading web application '/Opportunity'
10-Oct-2019 16:09:01.887 INFO [http-nio-8080-exec-1388] org.apache.catalina.core.ApplicationContext.log Manager: list: Listing contexts for virtual host 'localhost'
10-Oct-2019 16:09:02.390 INFO [http-nio-8080-exec-1381] org.apache.catalina.core.ApplicationContext.log Manager: restart: Reloading web application '/Opportunity'
10-Oct-2019 16:09:04.573 INFO [http-nio-8080-exec-1393] org.apache.catalina.core.ApplicationContext.log Manager: list: Listing contexts for virtual host 'localhost'
10-Oct-2019 16:09:04.741 INFO [http-nio-8080-exec-1388] org.apache.catalina.core.ApplicationContext.log Manager: list: Listing contexts for virtual host 'localhost'
10-Oct-2019 16:09:05.057 INFO [http-nio-8080-exec-1394] org.apache.catalina.core.ApplicationContext.log Manager: restart: Reloading web application '/Opportunity'
10-Oct-2019 16:09:26.320 INFO [http-nio-8080-exec-1397] org.apache.catalina.core.ApplicationContext.log Manager: list: Listing contexts for virtual host 'localhost'
10-Oct-2019 16:09:26.748 INFO [http-nio-8080-exec-1388] org.apache.catalina.core.ApplicationContext.log Manager: restart: Reloading web application '/Opportunity'
10-Oct-2019 16:09:28.544 INFO [http-nio-8080-exec-1389] org.apache.catalina.core.ApplicationContext.log Manager: list: Listing contexts for virtual host 'localhost'
10-Oct-2019 16:09:28.924 INFO [http-nio-8080-exec-1390] org.apache.catalina.core.ApplicationContext.log Manager: restart: Reloading web application '/Opportunity'
10-Oct-2019 16:09:48.425 INFO [http-nio-8080-exec-1397] org.apache.catalina.core.ApplicationContext.log Manager: list: Listing contexts for virtual host 'localhost'
10-Oct-2019 16:09:48.876 INFO [http-nio-8080-exec-1403] org.apache.catalina.core.ApplicationContext.log Manager: restart: Reloading web application '/Opportunity'
10-Oct-2019 16:09:50.858 INFO [http-nio-8080-exec-1389] org.apache.catalina.core.ApplicationContext.log Manager: list: Listing contexts for virtual host 'localhost'
10-Oct-2019 16:09:51.061 INFO [http-nio-8080-exec-1404] org.apache.catalina.core.ApplicationContext.log Manager: list: Listing contexts for virtual host 'localhost'
10-Oct-2019 16:09:51.355 INFO [http-nio-8080-exec-1406] org.apache.catalina.core.ApplicationContext.log Manager: restart: Reloading web application '/Opportunity'
10-Oct-2019 16:10:12.661 INFO [http-nio-8080-exec-1401] org.apache.catalina.core.ApplicationContext.log Manager: list: Listing contexts for virtual host 'localhost'
10-Oct-2019 16:10:13.013 INFO [http-nio-8080-exec-1392] org.apache.catalina.core.ApplicationContext.log Manager: restart: Reloading web application '/Opportunity'
10-Oct-2019 16:10:14.555 INFO [http-nio-8080-exec-1407] org.apache.catalina.core.ApplicationContext.log Manager: list: Listing contexts for virtual host 'localhost'
10-Oct-2019 16:10:14.921 INFO [http-nio-8080-exec-1400] org.apache.catalina.core.ApplicationContext.log Manager: restart: Reloading web application '/Opportunity'
10-Oct-2019 16:10:55.179 INFO [http-nio-8080-exec-1401] org.apache.catalina.core.ApplicationContext.log Manager: list: Listing contexts for virtual host 'localhost'
10-Oct-2019 16:10:55.594 INFO [http-nio-8080-exec-1410] org.apache.catalina.core.ApplicationContext.log Manager: restart: Reloading web application '/Opportunity'
10-Oct-2019 16:10:57.197 INFO [http-nio-8080-exec-1411] org.apache.catalina.core.ApplicationContext.log Manager: list: Listing contexts for virtual host 'localhost'
10-Oct-2019 16:10:57.513 INFO [http-nio-8080-exec-1412] org.apache.catalina.core.ApplicationContext.log Manager: restart: Reloading web application '/Opportunity'
10-Oct-2019 16:11:07.790 INFO [http-nio-8080-exec-1405] org.apache.catalina.core.ApplicationContext.log Manager: list: Listing contexts for virtual host 'localhost'
10-Oct-2019 16:11:08.170 INFO [http-nio-8080-exec-1415] org.apache.catalina.core.ApplicationContext.log Manager: restart: Reloading web application '/Opportunity'
10-Oct-2019 16:11:09.746 INFO [http-nio-8080-exec-1417] org.apache.catalina.core.ApplicationContext.log Manager: list: Listing contexts for virtual host 'localhost'
10-Oct-2019 16:11:10.040 INFO [http-nio-8080-exec-1405] org.apache.catalina.core.ApplicationContext.log Manager: restart: Reloading web application '/Opportunity'
10-Oct-2019 16:11:20.720 INFO [http-nio-8080-exec-1414] org.apache.catalina.core.ApplicationContext.log Manager: list: Listing contexts for virtual host 'localhost'
10-Oct-2019 16:11:20.723 INFO [http-nio-8080-exec-1419] org.apache.catalina.core.ApplicationContext.log Manager: list: Listing contexts for virtual host 'localhost'
10-Oct-2019 16:11:20.775 INFO [http-nio-8080-exec-1413] org.apache.catalina.core.ApplicationContext.log Manager: undeploy: Undeploying web application at '/Opportunity'
10-Oct-2019 16:11:21.826 INFO [http-nio-8080-exec-1420] org.apache.catalina.core.ApplicationContext.log Manager: install: Installing context configuration at 'file:/C:/Users/PAULO~1.BEZ/AppData/Local/Temp/context4504684478626821114.xml'
10-Oct-2019 16:11:22.868 INFO [http-nio-8080-exec-1416] org.apache.catalina.core.ApplicationContext.log Manager: start: Starting web application '/Opportunity'
10-Oct-2019 16:13:17.039 INFO [http-nio-8080-exec-1422] org.apache.catalina.core.ApplicationContext.log Manager: list: Listing contexts for virtual host 'localhost'
10-Oct-2019 16:13:17.480 INFO [http-nio-8080-exec-1428] org.apache.catalina.core.ApplicationContext.log Manager: restart: Reloading web application '/Opportunity'
10-Oct-2019 16:13:22.484 INFO [http-nio-8080-exec-1431] org.apache.catalina.core.ApplicationContext.log Manager: list: Listing contexts for virtual host 'localhost'
10-Oct-2019 16:13:22.875 INFO [http-nio-8080-exec-1424] org.apache.catalina.core.ApplicationContext.log Manager: restart: Reloading web application '/Opportunity'
10-Oct-2019 16:13:59.638 INFO [http-nio-8080-exec-1430] org.apache.catalina.core.ApplicationContext.log Manager: list: Listing contexts for virtual host 'localhost'
10-Oct-2019 16:14:00.099 INFO [http-nio-8080-exec-1433] org.apache.catalina.core.ApplicationContext.log Manager: restart: Reloading web application '/Opportunity'
10-Oct-2019 16:14:02.160 INFO [http-nio-8080-exec-1435] org.apache.catalina.core.ApplicationContext.log Manager: list: Listing contexts for virtual host 'localhost'
10-Oct-2019 16:14:02.631 INFO [http-nio-8080-exec-1432] org.apache.catalina.core.ApplicationContext.log Manager: restart: Reloading web application '/Opportunity'
10-Oct-2019 16:14:20.472 INFO [http-nio-8080-exec-1436] org.apache.catalina.core.ApplicationContext.log Manager: list: Listing contexts for virtual host 'localhost'
10-Oct-2019 16:14:30.575 INFO [http-nio-8080-exec-1429] org.apache.catalina.core.ApplicationContext.log Manager: list: Listing contexts for virtual host 'localhost'
10-Oct-2019 16:14:30.857 INFO [http-nio-8080-exec-1423] org.apache.catalina.core.ApplicationContext.log Manager: restart: Reloading web application '/Opportunity'
10-Oct-2019 16:14:39.914 INFO [http-nio-8080-exec-1430] org.apache.catalina.core.ApplicationContext.log Manager: list: Listing contexts for virtual host 'localhost'
10-Oct-2019 16:14:40.165 INFO [http-nio-8080-exec-1442] org.apache.catalina.core.ApplicationContext.log Manager: restart: Reloading web application '/Opportunity'
10-Oct-2019 16:14:58.887 INFO [http-nio-8080-exec-1429] org.apache.catalina.core.ApplicationContext.log Manager: list: Listing contexts for virtual host 'localhost'
10-Oct-2019 16:14:59.168 INFO [http-nio-8080-exec-1441] org.apache.catalina.core.ApplicationContext.log Manager: restart: Reloading web application '/Opportunity'
10-Oct-2019 16:16:09.950 INFO [http-nio-8080-exec-1446] org.apache.catalina.core.ApplicationContext.log Manager: list: Listing contexts for virtual host 'localhost'
10-Oct-2019 16:16:53.367 INFO [http-nio-8080-exec-1445] org.apache.catalina.core.ApplicationContext.log Manager: list: Listing contexts for virtual host 'localhost'
10-Oct-2019 16:16:53.662 INFO [http-nio-8080-exec-1446] org.apache.catalina.core.ApplicationContext.log Manager: restart: Reloading web application '/Opportunity'
10-Oct-2019 16:16:59.680 INFO [http-nio-8080-exec-1447] org.apache.catalina.core.ApplicationContext.log Manager: list: Listing contexts for virtual host 'localhost'
10-Oct-2019 16:16:59.949 INFO [http-nio-8080-exec-1436] org.apache.catalina.core.ApplicationContext.log Manager: restart: Reloading web application '/Opportunity'
10-Oct-2019 16:17:07.028 INFO [http-nio-8080-exec-1449] org.apache.catalina.core.ApplicationContext.log Manager: list: Listing contexts for virtual host 'localhost'
10-Oct-2019 16:17:07.290 INFO [http-nio-8080-exec-1455] org.apache.catalina.core.ApplicationContext.log Manager: restart: Reloading web application '/Opportunity'
10-Oct-2019 16:17:46.291 INFO [http-nio-8080-exec-1457] org.apache.catalina.core.ApplicationContext.log Manager: list: Listing contexts for virtual host 'localhost'
10-Oct-2019 16:17:46.291 INFO [http-nio-8080-exec-1450] org.apache.catalina.core.ApplicationContext.log Manager: list: Listing contexts for virtual host 'localhost'
10-Oct-2019 16:17:46.340 INFO [http-nio-8080-exec-1454] org.apache.catalina.core.ApplicationContext.log Manager: undeploy: Undeploying web application at '/Opportunity'
10-Oct-2019 16:17:47.403 INFO [http-nio-8080-exec-1447] org.apache.catalina.core.ApplicationContext.log Manager: install: Installing context configuration at 'file:/C:/Users/PAULO~1.BEZ/AppData/Local/Temp/context6957780120839555385.xml'
10-Oct-2019 16:17:48.390 INFO [http-nio-8080-exec-1449] org.apache.catalina.core.ApplicationContext.log Manager: start: Starting web application '/Opportunity'
10-Oct-2019 16:24:56.257 INFO [http-nio-8080-exec-1466] org.apache.catalina.core.ApplicationContext.log Manager: list: Listing contexts for virtual host 'localhost'
10-Oct-2019 16:24:56.635 INFO [http-nio-8080-exec-1467] org.apache.catalina.core.ApplicationContext.log Manager: restart: Reloading web application '/Opportunity'
10-Oct-2019 16:25:14.982 INFO [http-nio-8080-exec-1466] org.apache.catalina.core.ApplicationContext.log Manager: list: Listing contexts for virtual host 'localhost'
10-Oct-2019 16:25:15.255 INFO [http-nio-8080-exec-1461] org.apache.catalina.core.ApplicationContext.log Manager: restart: Reloading web application '/Opportunity'
10-Oct-2019 16:25:40.693 INFO [http-nio-8080-exec-1471] org.apache.catalina.core.ApplicationContext.log Manager: list: Listing contexts for virtual host 'localhost'
10-Oct-2019 16:25:41.004 INFO [http-nio-8080-exec-1463] org.apache.catalina.core.ApplicationContext.log Manager: restart: Reloading web application '/Opportunity'
10-Oct-2019 16:26:52.005 INFO [http-nio-8080-exec-1462] org.apache.catalina.core.ApplicationContext.log Manager: list: Listing contexts for virtual host 'localhost'
10-Oct-2019 16:26:52.260 INFO [http-nio-8080-exec-1472] org.apache.catalina.core.ApplicationContext.log Manager: restart: Reloading web application '/Opportunity'
10-Oct-2019 16:27:19.122 INFO [http-nio-8080-exec-1468] org.apache.catalina.core.ApplicationContext.log Manager: list: Listing contexts for virtual host 'localhost'
10-Oct-2019 16:27:19.342 INFO [http-nio-8080-exec-1479] org.apache.catalina.core.ApplicationContext.log Manager: restart: Reloading web application '/Opportunity'
10-Oct-2019 16:27:51.915 INFO [http-nio-8080-exec-1475] org.apache.catalina.core.ApplicationContext.log Manager: list: Listing contexts for virtual host 'localhost'
10-Oct-2019 16:27:52.241 INFO [http-nio-8080-exec-1476] org.apache.catalina.core.ApplicationContext.log Manager: restart: Reloading web application '/Opportunity'
10-Oct-2019 16:31:19.107 INFO [http-nio-8080-exec-1483] org.apache.catalina.core.ApplicationContext.log Manager: list: Listing contexts for virtual host 'localhost'
10-Oct-2019 16:31:19.402 INFO [http-nio-8080-exec-1477] org.apache.catalina.core.ApplicationContext.log Manager: restart: Reloading web application '/Opportunity'
10-Oct-2019 16:34:29.773 INFO [http-nio-8080-exec-1495] org.apache.catalina.core.ApplicationContext.log Manager: list: Listing contexts for virtual host 'localhost'
10-Oct-2019 16:34:30.058 INFO [http-nio-8080-exec-1496] org.apache.catalina.core.ApplicationContext.log Manager: restart: Reloading web application '/Opportunity'
10-Oct-2019 16:34:55.962 INFO [http-nio-8080-exec-1499] org.apache.catalina.core.ApplicationContext.log Manager: list: Listing contexts for virtual host 'localhost'
10-Oct-2019 16:34:56.219 INFO [http-nio-8080-exec-1493] org.apache.catalina.core.ApplicationContext.log Manager: restart: Reloading web application '/Opportunity'
10-Oct-2019 16:35:13.932 INFO [http-nio-8080-exec-1492] org.apache.catalina.core.ApplicationContext.log Manager: list: Listing contexts for virtual host 'localhost'
10-Oct-2019 16:35:14.206 INFO [http-nio-8080-exec-1500] org.apache.catalina.core.ApplicationContext.log Manager: restart: Reloading web application '/Opportunity'
10-Oct-2019 16:35:26.730 INFO [http-nio-8080-exec-1492] org.apache.catalina.core.ApplicationContext.log Manager: list: Listing contexts for virtual host 'localhost'
10-Oct-2019 16:35:27.004 INFO [http-nio-8080-exec-1487] org.apache.catalina.core.ApplicationContext.log Manager: restart: Reloading web application '/Opportunity'
10-Oct-2019 16:36:15.680 INFO [http-nio-8080-exec-1507] org.apache.catalina.core.ApplicationContext.log Manager: list: Listing contexts for virtual host 'localhost'
10-Oct-2019 16:36:15.970 INFO [http-nio-8080-exec-1505] org.apache.catalina.core.ApplicationContext.log Manager: restart: Reloading web application '/Opportunity'
10-Oct-2019 16:42:22.806 INFO [http-nio-8080-exec-1515] org.apache.catalina.core.ApplicationContext.log Manager: list: Listing contexts for virtual host 'localhost'
10-Oct-2019 16:42:23.412 INFO [http-nio-8080-exec-1516] org.apache.catalina.core.ApplicationContext.log Manager: restart: Reloading web application '/Opportunity'
10-Oct-2019 16:44:53.774 INFO [http-nio-8080-exec-1514] org.apache.catalina.core.ApplicationContext.log Manager: list: Listing contexts for virtual host 'localhost'
10-Oct-2019 16:44:54.269 INFO [http-nio-8080-exec-1518] org.apache.catalina.core.ApplicationContext.log Manager: restart: Reloading web application '/Opportunity'
10-Oct-2019 16:48:06.341 INFO [http-nio-8080-exec-1530] org.apache.catalina.core.ApplicationContext.log Manager: list: Listing contexts for virtual host 'localhost'
10-Oct-2019 16:48:07.198 INFO [http-nio-8080-exec-1523] org.apache.catalina.core.ApplicationContext.log Manager: restart: Reloading web application '/Opportunity'
10-Oct-2019 16:48:59.575 INFO [http-nio-8080-exec-1526] org.apache.catalina.core.ApplicationContext.log Manager: list: Listing contexts for virtual host 'localhost'
10-Oct-2019 16:49:00.084 INFO [http-nio-8080-exec-1529] org.apache.catalina.core.ApplicationContext.log Manager: restart: Reloading web application '/Opportunity'
10-Oct-2019 16:52:03.291 INFO [http-nio-8080-exec-1538] org.apache.catalina.core.ApplicationContext.log Manager: list: Listing contexts for virtual host 'localhost'
10-Oct-2019 16:52:04.915 INFO [http-nio-8080-exec-1528] org.apache.catalina.core.ApplicationContext.log Manager: restart: Reloading web application '/Opportunity'
10-Oct-2019 16:52:28.838 INFO [http-nio-8080-exec-1535] org.apache.catalina.core.ApplicationContext.log Manager: list: Listing contexts for virtual host 'localhost'
10-Oct-2019 16:52:29.111 INFO [http-nio-8080-exec-1540] org.apache.catalina.core.ApplicationContext.log Manager: restart: Reloading web application '/Opportunity'
10-Oct-2019 16:52:51.001 INFO [http-nio-8080-exec-1544] org.apache.catalina.core.ApplicationContext.log Manager: list: Listing contexts for virtual host 'localhost'
10-Oct-2019 16:52:51.257 INFO [http-nio-8080-exec-1543] org.apache.catalina.core.ApplicationContext.log Manager: restart: Reloading web application '/Opportunity'
10-Oct-2019 17:14:31.529 INFO [http-nio-8080-exec-1551] org.apache.catalina.core.ApplicationContext.log Manager: list: Listing contexts for virtual host 'localhost'
10-Oct-2019 17:14:31.907 INFO [http-nio-8080-exec-1552] org.apache.catalina.core.ApplicationContext.log Manager: restart: Reloading web application '/Opportunity'
10-Oct-2019 17:19:16.368 INFO [http-nio-8080-exec-1561] org.apache.catalina.core.ApplicationContext.log Manager: list: Listing contexts for virtual host 'localhost'
10-Oct-2019 17:19:16.622 INFO [http-nio-8080-exec-1562] org.apache.catalina.core.ApplicationContext.log Manager: restart: Reloading web application '/Opportunity'
10-Oct-2019 17:19:22.134 INFO [http-nio-8080-exec-1550] org.apache.catalina.core.ApplicationContext.log Manager: list: Listing contexts for virtual host 'localhost'
10-Oct-2019 17:19:22.362 INFO [http-nio-8080-exec-1564] org.apache.catalina.core.ApplicationContext.log Manager: restart: Reloading web application '/Opportunity'
10-Oct-2019 17:19:45.199 INFO [http-nio-8080-exec-1560] org.apache.catalina.core.ApplicationContext.log Manager: list: Listing contexts for virtual host 'localhost'
10-Oct-2019 17:19:45.418 INFO [http-nio-8080-exec-1567] org.apache.catalina.core.ApplicationContext.log Manager: restart: Reloading web application '/Opportunity'
10-Oct-2019 17:40:50.276 INFO [http-nio-8080-exec-1574] org.apache.catalina.core.ApplicationContext.log Manager: list: Listing contexts for virtual host 'localhost'
10-Oct-2019 17:40:50.821 INFO [http-nio-8080-exec-1575] org.apache.catalina.core.ApplicationContext.log Manager: restart: Reloading web application '/Opportunity'
10-Oct-2019 17:41:58.872 INFO [http-nio-8080-exec-1576] org.apache.catalina.core.ApplicationContext.log Manager: list: Listing contexts for virtual host 'localhost'
10-Oct-2019 17:41:59.560 INFO [http-nio-8080-exec-1570] org.apache.catalina.core.ApplicationContext.log Manager: restart: Reloading web application '/Opportunity'
10-Oct-2019 17:52:38.441 INFO [http-nio-8080-exec-8] org.apache.catalina.core.ApplicationContext.log Manager: init: Associated with Deployer 'Catalina:type=Deployer,host=localhost'
10-Oct-2019 17:52:38.441 INFO [http-nio-8080-exec-8] org.apache.catalina.core.ApplicationContext.log Manager: init: Global resources are available
10-Oct-2019 17:52:38.457 INFO [http-nio-8080-exec-8] org.apache.catalina.core.ApplicationContext.log Manager: list: Listing contexts for virtual host 'localhost'
10-Oct-2019 17:52:38.457 INFO [http-nio-8080-exec-9] org.apache.catalina.core.ApplicationContext.log Manager: list: Listing contexts for virtual host 'localhost'
10-Oct-2019 17:52:38.503 INFO [http-nio-8080-exec-10] org.apache.catalina.core.ApplicationContext.log Manager: undeploy: Undeploying web application at '/Opportunity'
10-Oct-2019 17:52:39.242 INFO [http-nio-8080-exec-3] org.apache.catalina.core.ApplicationContext.log Manager: install: Installing context configuration at 'file:/C:/Users/PAULO~1.BEZ/AppData/Local/Temp/context3043708785373051885.xml'
10-Oct-2019 17:52:40.378 INFO [http-nio-8080-exec-9] org.apache.catalina.core.ApplicationContext.log Manager: start: Starting web application '/Opportunity'
10-Oct-2019 17:53:14.427 INFO [http-nio-8080-exec-12] org.apache.catalina.core.ApplicationContext.log Manager: list: Listing contexts for virtual host 'localhost'
10-Oct-2019 17:53:14.682 INFO [http-nio-8080-exec-9] org.apache.catalina.core.ApplicationContext.log Manager: restart: Reloading web application '/Opportunity'
10-Oct-2019 17:56:39.274 INFO [http-nio-8080-exec-26] org.apache.catalina.core.ApplicationContext.log Manager: list: Listing contexts for virtual host 'localhost'
10-Oct-2019 17:56:39.569 INFO [http-nio-8080-exec-25] org.apache.catalina.core.ApplicationContext.log Manager: restart: Reloading web application '/Opportunity'
10-Oct-2019 17:57:18.419 INFO [http-nio-8080-exec-20] org.apache.catalina.core.ApplicationContext.log Manager: list: Listing contexts for virtual host 'localhost'
10-Oct-2019 17:57:18.693 INFO [http-nio-8080-exec-26] org.apache.catalina.core.ApplicationContext.log Manager: restart: Reloading web application '/Opportunity'
10-Oct-2019 17:58:41.368 INFO [http-nio-8080-exec-28] org.apache.catalina.core.ApplicationContext.log Manager: list: Listing contexts for virtual host 'localhost'
10-Oct-2019 17:58:41.653 INFO [http-nio-8080-exec-17] org.apache.catalina.core.ApplicationContext.log Manager: restart: Reloading web application '/Opportunity'
10-Oct-2019 18:02:17.304 INFO [http-nio-8080-exec-38] org.apache.catalina.core.ApplicationContext.log Manager: list: Listing contexts for virtual host 'localhost'
10-Oct-2019 18:02:17.699 INFO [http-nio-8080-exec-39] org.apache.catalina.core.ApplicationContext.log Manager: restart: Reloading web application '/Opportunity'
10-Oct-2019 18:12:40.645 INFO [http-nio-8080-exec-44] org.apache.catalina.core.ApplicationContext.log Manager: list: Listing contexts for virtual host 'localhost'
10-Oct-2019 18:12:41.594 INFO [http-nio-8080-exec-45] org.apache.catalina.core.ApplicationContext.log Manager: restart: Reloading web application '/Opportunity'
10-Oct-2019 18:15:46.114 INFO [http-nio-8080-exec-54] org.apache.catalina.core.ApplicationContext.log Manager: list: Listing contexts for virtual host 'localhost'
10-Oct-2019 18:15:46.419 INFO [http-nio-8080-exec-55] org.apache.catalina.core.ApplicationContext.log Manager: restart: Reloading web application '/Opportunity'
10-Oct-2019 18:18:08.000 INFO [http-nio-8080-exec-54] org.apache.catalina.core.ApplicationContext.log Manager: list: Listing contexts for virtual host 'localhost'
10-Oct-2019 18:18:08.349 INFO [http-nio-8080-exec-61] org.apache.catalina.core.ApplicationContext.log Manager: restart: Reloading web application '/Opportunity'
10-Oct-2019 18:20:04.407 INFO [http-nio-8080-exec-53] org.apache.catalina.core.ApplicationContext.log Manager: list: Listing contexts for virtual host 'localhost'
10-Oct-2019 18:20:05.380 INFO [http-nio-8080-exec-60] org.apache.catalina.core.ApplicationContext.log Manager: restart: Reloading web application '/Opportunity'
10-Oct-2019 18:26:39.986 INFO [http-nio-8080-exec-71] org.apache.catalina.core.ApplicationContext.log Manager: list: Listing contexts for virtual host 'localhost'
10-Oct-2019 18:30:15.138 INFO [http-nio-8080-exec-68] org.apache.catalina.core.ApplicationContext.log Manager: list: Listing contexts for virtual host 'localhost'
10-Oct-2019 18:30:15.513 INFO [http-nio-8080-exec-69] org.apache.catalina.core.ApplicationContext.log Manager: restart: Reloading web application '/Opportunity'
10-Oct-2019 18:30:24.583 INFO [http-nio-8080-exec-75] org.apache.catalina.core.ApplicationContext.log Manager: list: Listing contexts for virtual host 'localhost'
10-Oct-2019 18:30:25.036 INFO [http-nio-8080-exec-70] org.apache.catalina.core.ApplicationContext.log Manager: restart: Reloading web application '/Opportunity'
10-Oct-2019 18:30:31.023 INFO [http-nio-8080-exec-73] org.apache.catalina.core.ApplicationContext.log Manager: list: Listing contexts for virtual host 'localhost'
10-Oct-2019 18:30:31.367 INFO [http-nio-8080-exec-77] org.apache.catalina.core.ApplicationContext.log Manager: restart: Reloading web application '/Opportunity'
10-Oct-2019 18:32:05.978 INFO [http-nio-8080-exec-81] org.apache.catalina.core.ApplicationContext.log Manager: list: Listing contexts for virtual host 'localhost'
10-Oct-2019 18:32:06.243 INFO [http-nio-8080-exec-73] org.apache.catalina.core.ApplicationContext.log Manager: restart: Reloading web application '/Opportunity'
10-Oct-2019 18:32:11.961 INFO [http-nio-8080-exec-86] org.apache.catalina.core.ApplicationContext.log Manager: list: Listing contexts for virtual host 'localhost'
10-Oct-2019 18:32:12.195 INFO [http-nio-8080-exec-81] org.apache.catalina.core.ApplicationContext.log Manager: restart: Reloading web application '/Opportunity'
10-Oct-2019 18:32:30.291 INFO [http-nio-8080-exec-88] org.apache.catalina.core.ApplicationContext.log Manager: list: Listing contexts for virtual host 'localhost'
10-Oct-2019 18:32:30.526 INFO [http-nio-8080-exec-84] org.apache.catalina.core.ApplicationContext.log Manager: restart: Reloading web application '/Opportunity'
10-Oct-2019 18:32:34.369 INFO [http-nio-8080-exec-91] org.apache.catalina.core.ApplicationContext.log Manager: list: Listing contexts for virtual host 'localhost'
10-Oct-2019 18:32:34.619 INFO [http-nio-8080-exec-87] org.apache.catalina.core.ApplicationContext.log Manager: restart: Reloading web application '/Opportunity'
10-Oct-2019 18:35:34.472 INFO [http-nio-8080-exec-89] org.apache.catalina.core.ApplicationContext.log Manager: list: Listing contexts for virtual host 'localhost'
10-Oct-2019 18:35:34.915 INFO [http-nio-8080-exec-97] org.apache.catalina.core.ApplicationContext.log Manager: restart: Reloading web application '/Opportunity'
10-Oct-2019 18:37:05.643 INFO [http-nio-8080-exec-98] org.apache.catalina.core.ApplicationContext.log Manager: list: Listing contexts for virtual host 'localhost'
10-Oct-2019 18:37:05.940 INFO [http-nio-8080-exec-95] org.apache.catalina.core.ApplicationContext.log Manager: restart: Reloading web application '/Opportunity'
10-Oct-2019 18:37:25.800 INFO [http-nio-8080-exec-98] org.apache.catalina.core.ApplicationContext.log Manager: list: Listing contexts for virtual host 'localhost'
10-Oct-2019 18:37:26.222 INFO [http-nio-8080-exec-100] org.apache.catalina.core.ApplicationContext.log Manager: restart: Reloading web application '/Opportunity'
10-Oct-2019 18:43:11.255 INFO [http-nio-8080-exec-113] org.apache.catalina.core.ApplicationContext.log Manager: list: Listing contexts for virtual host 'localhost'
10-Oct-2019 18:43:11.583 INFO [http-nio-8080-exec-93] org.apache.catalina.core.ApplicationContext.log Manager: restart: Reloading web application '/Opportunity'
10-Oct-2019 18:43:36.408 INFO [http-nio-8080-exec-111] org.apache.catalina.core.ApplicationContext.log Manager: list: Listing contexts for virtual host 'localhost'
10-Oct-2019 18:43:36.720 INFO [http-nio-8080-exec-114] org.apache.catalina.core.ApplicationContext.log Manager: restart: Reloading web application '/Opportunity'
10-Oct-2019 18:43:52.154 INFO [http-nio-8080-exec-111] org.apache.catalina.core.ApplicationContext.log Manager: list: Listing contexts for virtual host 'localhost'
10-Oct-2019 18:43:52.419 INFO [http-nio-8080-exec-117] org.apache.catalina.core.ApplicationContext.log Manager: restart: Reloading web application '/Opportunity'
10-Oct-2019 18:44:49.516 INFO [http-nio-8080-exec-115] org.apache.catalina.core.ApplicationContext.log Manager: list: Listing contexts for virtual host 'localhost'
10-Oct-2019 18:44:49.782 INFO [http-nio-8080-exec-121] org.apache.catalina.core.ApplicationContext.log Manager: restart: Reloading web application '/Opportunity'
10-Oct-2019 18:45:21.646 INFO [http-nio-8080-exec-123] org.apache.catalina.core.ApplicationContext.log Manager: list: Listing contexts for virtual host 'localhost'
10-Oct-2019 18:45:21.927 INFO [http-nio-8080-exec-112] org.apache.catalina.core.ApplicationContext.log Manager: restart: Reloading web application '/Opportunity'
10-Oct-2019 18:46:24.536 INFO [http-nio-8080-exec-116] org.apache.catalina.core.ApplicationContext.log Manager: list: Listing contexts for virtual host 'localhost'
10-Oct-2019 18:46:24.832 INFO [http-nio-8080-exec-115] org.apache.catalina.core.ApplicationContext.log Manager: restart: Reloading web application '/Opportunity'
10-Oct-2019 18:53:38.263 INFO [http-nio-8080-exec-136] org.apache.catalina.core.ApplicationContext.log Manager: list: Listing contexts for virtual host 'localhost'
10-Oct-2019 18:53:38.539 INFO [http-nio-8080-exec-137] org.apache.catalina.core.ApplicationContext.log Manager: restart: Reloading web application '/Opportunity'
10-Oct-2019 18:54:32.982 INFO [http-nio-8080-exec-134] org.apache.catalina.core.ApplicationContext.log Manager: list: Listing contexts for virtual host 'localhost'
10-Oct-2019 18:54:33.293 INFO [http-nio-8080-exec-141] org.apache.catalina.core.ApplicationContext.log Manager: restart: Reloading web application '/Opportunity'
10-Oct-2019 18:54:40.691 INFO [http-nio-8080-exec-142] org.apache.catalina.core.ApplicationContext.log Manager: list: Listing contexts for virtual host 'localhost'
10-Oct-2019 18:54:40.973 INFO [http-nio-8080-exec-138] org.apache.catalina.core.ApplicationContext.log Manager: restart: Reloading web application '/Opportunity'
10-Oct-2019 18:54:45.857 INFO [http-nio-8080-exec-132] org.apache.catalina.core.ApplicationContext.log Manager: list: Listing contexts for virtual host 'localhost'
10-Oct-2019 18:54:46.157 INFO [http-nio-8080-exec-142] org.apache.catalina.core.ApplicationContext.log Manager: restart: Reloading web application '/Opportunity'
10-Oct-2019 18:55:54.469 INFO [http-nio-8080-exec-147] org.apache.catalina.core.ApplicationContext.log Manager: list: Listing contexts for virtual host 'localhost'
10-Oct-2019 18:55:54.754 INFO [http-nio-8080-exec-132] org.apache.catalina.core.ApplicationContext.log Manager: restart: Reloading web application '/Opportunity'
10-Oct-2019 18:57:13.060 INFO [http-nio-8080-exec-151] org.apache.catalina.core.ApplicationContext.log Manager: list: Listing contexts for virtual host 'localhost'
10-Oct-2019 18:57:13.310 INFO [http-nio-8080-exec-149] org.apache.catalina.core.ApplicationContext.log Manager: restart: Reloading web application '/Opportunity'
10-Oct-2019 18:57:49.141 INFO [http-nio-8080-exec-151] org.apache.catalina.core.ApplicationContext.log Manager: list: Listing contexts for virtual host 'localhost'
10-Oct-2019 18:57:49.547 INFO [http-nio-8080-exec-153] org.apache.catalina.core.ApplicationContext.log Manager: restart: Reloading web application '/Opportunity'
10-Oct-2019 18:58:25.812 INFO [http-nio-8080-exec-154] org.apache.catalina.core.ApplicationContext.log Manager: list: Listing contexts for virtual host 'localhost'
10-Oct-2019 18:58:26.124 INFO [http-nio-8080-exec-151] org.apache.catalina.core.ApplicationContext.log Manager: restart: Reloading web application '/Opportunity'
10-Oct-2019 18:59:08.841 INFO [http-nio-8080-exec-154] org.apache.catalina.core.ApplicationContext.log Manager: list: Listing contexts for virtual host 'localhost'
10-Oct-2019 18:59:09.184 INFO [http-nio-8080-exec-155] org.apache.catalina.core.ApplicationContext.log Manager: restart: Reloading web application '/Opportunity'
10-Oct-2019 19:00:02.004 INFO [http-nio-8080-exec-154] org.apache.catalina.core.ApplicationContext.log Manager: list: Listing contexts for virtual host 'localhost'
10-Oct-2019 19:00:02.309 INFO [http-nio-8080-exec-160] org.apache.catalina.core.ApplicationContext.log Manager: restart: Reloading web application '/Opportunity'
10-Oct-2019 19:03:40.858 INFO [http-nio-8080-exec-171] org.apache.catalina.core.ApplicationContext.log Manager: list: Listing contexts for virtual host 'localhost'
10-Oct-2019 19:03:41.233 INFO [http-nio-8080-exec-164] org.apache.catalina.core.ApplicationContext.log Manager: restart: Reloading web application '/Opportunity'
10-Oct-2019 19:18:58.909 INFO [http-nio-8080-exec-178] org.apache.catalina.core.ApplicationContext.log Manager: list: Listing contexts for virtual host 'localhost'
10-Oct-2019 19:18:59.206 INFO [http-nio-8080-exec-179] org.apache.catalina.core.ApplicationContext.log Manager: restart: Reloading web application '/Opportunity'
10-Oct-2019 19:20:57.130 INFO [http-nio-8080-exec-173] org.apache.catalina.core.ApplicationContext.log Manager: list: Listing contexts for virtual host 'localhost'
10-Oct-2019 19:20:57.442 INFO [http-nio-8080-exec-174] org.apache.catalina.core.ApplicationContext.log Manager: restart: Reloading web application '/Opportunity'
10-Oct-2019 19:42:22.670 INFO [http-nio-8080-exec-191] org.apache.catalina.core.ApplicationContext.log Manager: list: Listing contexts for virtual host 'localhost'
10-Oct-2019 19:42:22.993 INFO [http-nio-8080-exec-192] org.apache.catalina.core.ApplicationContext.log Manager: restart: Reloading web application '/Opportunity'
10-Oct-2019 19:44:15.488 INFO [http-nio-8080-exec-188] org.apache.catalina.core.ApplicationContext.log Manager: list: Listing contexts for virtual host 'localhost'
10-Oct-2019 19:44:15.749 INFO [http-nio-8080-exec-193] org.apache.catalina.core.ApplicationContext.log Manager: restart: Reloading web application '/Opportunity'
10-Oct-2019 19:46:05.233 INFO [http-nio-8080-exec-188] org.apache.catalina.core.ApplicationContext.log Manager: list: Listing contexts for virtual host 'localhost'
10-Oct-2019 19:46:05.497 INFO [http-nio-8080-exec-198] org.apache.catalina.core.ApplicationContext.log Manager: restart: Reloading web application '/Opportunity'
10-Oct-2019 19:46:53.027 INFO [http-nio-8080-exec-203] org.apache.catalina.core.ApplicationContext.log Manager: list: Listing contexts for virtual host 'localhost'
10-Oct-2019 19:46:53.315 INFO [http-nio-8080-exec-208] org.apache.catalina.core.ApplicationContext.log Manager: restart: Reloading web application '/Opportunity'
10-Oct-2019 19:49:19.709 INFO [http-nio-8080-exec-190] org.apache.catalina.core.ApplicationContext.log Manager: list: Listing contexts for virtual host 'localhost'
10-Oct-2019 19:49:20.034 INFO [http-nio-8080-exec-210] org.apache.catalina.core.ApplicationContext.log Manager: restart: Reloading web application '/Opportunity'
