12-Oct-2019 00:00:46.424 INFO [http-nio-8080-exec-152] org.apache.catalina.core.ApplicationContext.log Manager: list: Listing contexts for virtual host 'localhost'
12-Oct-2019 00:00:47.231 INFO [http-nio-8080-exec-153] org.apache.catalina.core.ApplicationContext.log Manager: restart: Reloading web application '/Opportunity'
12-Oct-2019 09:02:51.384 INFO [http-nio-8080-exec-164] org.apache.catalina.core.ApplicationContext.log Manager: list: Listing contexts for virtual host 'localhost'
12-Oct-2019 09:02:51.714 INFO [http-nio-8080-exec-165] org.apache.catalina.core.ApplicationContext.log Manager: restart: Reloading web application '/Opportunity'
12-Oct-2019 09:03:57.673 INFO [http-nio-8080-exec-163] org.apache.catalina.core.ApplicationContext.log Manager: list: Listing contexts for virtual host 'localhost'
12-Oct-2019 09:03:57.675 INFO [http-nio-8080-exec-168] org.apache.catalina.core.ApplicationContext.log Manager: list: Listing contexts for virtual host 'localhost'
12-Oct-2019 09:03:57.778 INFO [http-nio-8080-exec-164] org.apache.catalina.core.ApplicationContext.log Manager: undeploy: Undeploying web application at '/Opportunity'
12-Oct-2019 09:03:58.754 INFO [http-nio-8080-exec-171] org.apache.catalina.core.ApplicationContext.log Manager: install: Installing context configuration at 'file:/C:/Users/PAULO~1.BEZ/AppData/Local/Temp/context1774736868604973122.xml'
12-Oct-2019 09:03:59.811 INFO [http-nio-8080-exec-169] org.apache.catalina.core.ApplicationContext.log Manager: start: Starting web application '/Opportunity'
12-Oct-2019 09:05:56.878 INFO [http-nio-8080-exec-179] org.apache.catalina.core.ApplicationContext.log Manager: list: Listing contexts for virtual host 'localhost'
12-Oct-2019 09:05:57.151 INFO [http-nio-8080-exec-174] org.apache.catalina.core.ApplicationContext.log Manager: restart: Reloading web application '/Opportunity'
12-Oct-2019 09:06:35.825 INFO [http-nio-8080-exec-173] org.apache.catalina.core.ApplicationContext.log Manager: list: Listing contexts for virtual host 'localhost'
12-Oct-2019 09:06:36.072 INFO [http-nio-8080-exec-179] org.apache.catalina.core.ApplicationContext.log Manager: restart: Reloading web application '/Opportunity'
12-Oct-2019 09:07:31.658 INFO [http-nio-8080-exec-186] org.apache.catalina.core.ApplicationContext.log Manager: list: Listing contexts for virtual host 'localhost'
12-Oct-2019 09:07:31.905 INFO [http-nio-8080-exec-184] org.apache.catalina.core.ApplicationContext.log Manager: restart: Reloading web application '/Opportunity'
12-Oct-2019 09:08:54.995 INFO [http-nio-8080-exec-182] org.apache.catalina.core.ApplicationContext.log Manager: list: Listing contexts for virtual host 'localhost'
12-Oct-2019 09:08:55.221 INFO [http-nio-8080-exec-188] org.apache.catalina.core.ApplicationContext.log Manager: restart: Reloading web application '/Opportunity'
12-Oct-2019 09:13:55.244 INFO [http-nio-8080-exec-197] org.apache.catalina.core.ApplicationContext.log Manager: list: Listing contexts for virtual host 'localhost'
12-Oct-2019 09:13:55.973 INFO [http-nio-8080-exec-198] org.apache.catalina.core.ApplicationContext.log Manager: restart: Reloading web application '/Opportunity'
12-Oct-2019 09:15:07.598 INFO [http-nio-8080-exec-194] org.apache.catalina.core.ApplicationContext.log Manager: list: Listing contexts for virtual host 'localhost'
12-Oct-2019 09:15:08.237 INFO [http-nio-8080-exec-200] org.apache.catalina.core.ApplicationContext.log Manager: restart: Reloading web application '/Opportunity'
12-Oct-2019 09:15:19.931 INFO [http-nio-8080-exec-207] org.apache.catalina.core.ApplicationContext.log Manager: list: Listing contexts for virtual host 'localhost'
12-Oct-2019 09:15:20.469 INFO [http-nio-8080-exec-190] org.apache.catalina.core.ApplicationContext.log Manager: restart: Reloading web application '/Opportunity'
12-Oct-2019 09:17:24.501 INFO [http-nio-8080-exec-203] org.apache.catalina.core.ApplicationContext.log Manager: list: Listing contexts for virtual host 'localhost'
12-Oct-2019 09:17:25.353 INFO [http-nio-8080-exec-213] org.apache.catalina.core.ApplicationContext.log Manager: restart: Reloading web application '/Opportunity'
12-Oct-2019 09:19:48.747 INFO [http-nio-8080-exec-210] org.apache.catalina.core.ApplicationContext.log Manager: list: Listing contexts for virtual host 'localhost'
12-Oct-2019 09:19:49.313 INFO [http-nio-8080-exec-205] org.apache.catalina.core.ApplicationContext.log Manager: restart: Reloading web application '/Opportunity'
12-Oct-2019 09:20:56.721 INFO [http-nio-8080-exec-212] org.apache.catalina.core.ApplicationContext.log Manager: list: Listing contexts for virtual host 'localhost'
12-Oct-2019 09:20:57.230 INFO [http-nio-8080-exec-215] org.apache.catalina.core.ApplicationContext.log Manager: restart: Reloading web application '/Opportunity'
12-Oct-2019 09:21:34.724 INFO [http-nio-8080-exec-212] org.apache.catalina.core.ApplicationContext.log Manager: list: Listing contexts for virtual host 'localhost'
12-Oct-2019 09:21:35.200 INFO [http-nio-8080-exec-220] org.apache.catalina.core.ApplicationContext.log Manager: restart: Reloading web application '/Opportunity'
12-Oct-2019 09:22:03.869 INFO [http-nio-8080-exec-225] org.apache.catalina.core.ApplicationContext.log Manager: list: Listing contexts for virtual host 'localhost'
12-Oct-2019 09:22:04.370 INFO [http-nio-8080-exec-212] org.apache.catalina.core.ApplicationContext.log Manager: restart: Reloading web application '/Opportunity'
12-Oct-2019 09:24:58.380 INFO [http-nio-8080-exec-227] org.apache.catalina.core.ApplicationContext.log Manager: list: Listing contexts for virtual host 'localhost'
12-Oct-2019 09:24:59.267 INFO [http-nio-8080-exec-225] org.apache.catalina.core.ApplicationContext.log Manager: restart: Reloading web application '/Opportunity'
12-Oct-2019 09:25:20.329 INFO [http-nio-8080-exec-222] org.apache.catalina.core.ApplicationContext.log Manager: list: Listing contexts for virtual host 'localhost'
12-Oct-2019 09:25:21.144 INFO [http-nio-8080-exec-235] org.apache.catalina.core.ApplicationContext.log Manager: restart: Reloading web application '/Opportunity'
12-Oct-2019 09:25:36.530 INFO [http-nio-8080-exec-236] org.apache.catalina.core.ApplicationContext.log Manager: list: Listing contexts for virtual host 'localhost'
12-Oct-2019 09:25:37.129 INFO [http-nio-8080-exec-234] org.apache.catalina.core.ApplicationContext.log Manager: restart: Reloading web application '/Opportunity'
12-Oct-2019 09:27:18.070 INFO [http-nio-8080-exec-231] org.apache.catalina.core.ApplicationContext.log Manager: list: Listing contexts for virtual host 'localhost'
12-Oct-2019 09:27:18.837 INFO [http-nio-8080-exec-238] org.apache.catalina.core.ApplicationContext.log Manager: restart: Reloading web application '/Opportunity'
12-Oct-2019 09:27:27.290 INFO [http-nio-8080-exec-242] org.apache.catalina.core.ApplicationContext.log Manager: list: Listing contexts for virtual host 'localhost'
12-Oct-2019 09:27:27.778 INFO [http-nio-8080-exec-244] org.apache.catalina.core.ApplicationContext.log Manager: restart: Reloading web application '/Opportunity'
12-Oct-2019 09:28:24.714 INFO [http-nio-8080-exec-249] org.apache.catalina.core.ApplicationContext.log Manager: list: Listing contexts for virtual host 'localhost'
12-Oct-2019 09:28:25.255 INFO [http-nio-8080-exec-250] org.apache.catalina.core.ApplicationContext.log Manager: restart: Reloading web application '/Opportunity'
12-Oct-2019 09:28:56.528 INFO [http-nio-8080-exec-251] org.apache.catalina.core.ApplicationContext.log Manager: list: Listing contexts for virtual host 'localhost'
12-Oct-2019 09:28:57.048 INFO [http-nio-8080-exec-254] org.apache.catalina.core.ApplicationContext.log Manager: restart: Reloading web application '/Opportunity'
12-Oct-2019 09:29:31.183 INFO [http-nio-8080-exec-242] org.apache.catalina.core.ApplicationContext.log Manager: list: Listing contexts for virtual host 'localhost'
12-Oct-2019 09:29:31.716 INFO [http-nio-8080-exec-257] org.apache.catalina.core.ApplicationContext.log Manager: restart: Reloading web application '/Opportunity'
12-Oct-2019 09:30:40.097 INFO [http-nio-8080-exec-236] org.apache.catalina.core.ApplicationContext.log Manager: list: Listing contexts for virtual host 'localhost'
12-Oct-2019 09:30:40.650 INFO [http-nio-8080-exec-255] org.apache.catalina.core.ApplicationContext.log Manager: restart: Reloading web application '/Opportunity'
12-Oct-2019 09:33:24.805 INFO [http-nio-8080-exec-262] org.apache.catalina.core.ApplicationContext.log Manager: list: Listing contexts for virtual host 'localhost'
12-Oct-2019 09:33:25.409 INFO [http-nio-8080-exec-261] org.apache.catalina.core.ApplicationContext.log Manager: restart: Reloading web application '/Opportunity'
12-Oct-2019 09:35:57.308 INFO [http-nio-8080-exec-242] org.apache.catalina.core.ApplicationContext.log Manager: list: Listing contexts for virtual host 'localhost'
12-Oct-2019 09:35:57.887 INFO [http-nio-8080-exec-267] org.apache.catalina.core.ApplicationContext.log Manager: restart: Reloading web application '/Opportunity'
12-Oct-2019 09:36:04.894 INFO [http-nio-8080-exec-274] org.apache.catalina.core.ApplicationContext.log Manager: list: Listing contexts for virtual host 'localhost'
12-Oct-2019 09:36:05.503 INFO [http-nio-8080-exec-271] org.apache.catalina.core.ApplicationContext.log Manager: restart: Reloading web application '/Opportunity'
12-Oct-2019 09:37:51.207 INFO [http-nio-8080-exec-277] org.apache.catalina.core.ApplicationContext.log Manager: list: Listing contexts for virtual host 'localhost'
12-Oct-2019 09:37:51.734 INFO [http-nio-8080-exec-269] org.apache.catalina.core.ApplicationContext.log Manager: restart: Reloading web application '/Opportunity'
12-Oct-2019 09:39:26.478 INFO [http-nio-8080-exec-279] org.apache.catalina.core.ApplicationContext.log Manager: list: Listing contexts for virtual host 'localhost'
12-Oct-2019 09:39:27.022 INFO [http-nio-8080-exec-251] org.apache.catalina.core.ApplicationContext.log Manager: restart: Reloading web application '/Opportunity'
12-Oct-2019 09:41:02.214 INFO [http-nio-8080-exec-276] org.apache.catalina.core.ApplicationContext.log Manager: list: Listing contexts for virtual host 'localhost'
12-Oct-2019 09:41:03.112 INFO [http-nio-8080-exec-285] org.apache.catalina.core.ApplicationContext.log Manager: restart: Reloading web application '/Opportunity'
12-Oct-2019 09:42:23.385 INFO [http-nio-8080-exec-281] org.apache.catalina.core.ApplicationContext.log Manager: list: Listing contexts for virtual host 'localhost'
12-Oct-2019 09:42:24.294 INFO [http-nio-8080-exec-286] org.apache.catalina.core.ApplicationContext.log Manager: restart: Reloading web application '/Opportunity'
12-Oct-2019 09:42:43.881 INFO [http-nio-8080-exec-292] org.apache.catalina.core.ApplicationContext.log Manager: list: Listing contexts for virtual host 'localhost'
12-Oct-2019 09:42:44.810 INFO [http-nio-8080-exec-290] org.apache.catalina.core.ApplicationContext.log Manager: restart: Reloading web application '/Opportunity'
12-Oct-2019 09:45:08.048 INFO [http-nio-8080-exec-295] org.apache.catalina.core.ApplicationContext.log Manager: list: Listing contexts for virtual host 'localhost'
12-Oct-2019 09:45:08.387 INFO [http-nio-8080-exec-297] org.apache.catalina.core.ApplicationContext.log Manager: restart: Reloading web application '/Opportunity'
12-Oct-2019 09:45:49.415 INFO [http-nio-8080-exec-298] org.apache.catalina.core.ApplicationContext.log Manager: list: Listing contexts for virtual host 'localhost'
12-Oct-2019 09:45:50.123 INFO [http-nio-8080-exec-303] org.apache.catalina.core.ApplicationContext.log Manager: restart: Reloading web application '/Opportunity'
12-Oct-2019 09:46:13.883 INFO [http-nio-8080-exec-300] org.apache.catalina.core.ApplicationContext.log Manager: list: Listing contexts for virtual host 'localhost'
12-Oct-2019 09:46:14.183 INFO [http-nio-8080-exec-306] org.apache.catalina.core.ApplicationContext.log Manager: restart: Reloading web application '/Opportunity'
12-Oct-2019 09:46:57.737 INFO [http-nio-8080-exec-308] org.apache.catalina.core.ApplicationContext.log Manager: list: Listing contexts for virtual host 'localhost'
12-Oct-2019 09:46:59.003 INFO [http-nio-8080-exec-299] org.apache.catalina.core.ApplicationContext.log Manager: restart: Reloading web application '/Opportunity'
12-Oct-2019 09:47:37.250 INFO [http-nio-8080-exec-308] org.apache.catalina.core.ApplicationContext.log Manager: list: Listing contexts for virtual host 'localhost'
12-Oct-2019 09:47:37.873 INFO [http-nio-8080-exec-313] org.apache.catalina.core.ApplicationContext.log Manager: restart: Reloading web application '/Opportunity'
12-Oct-2019 09:49:02.911 INFO [http-nio-8080-exec-311] org.apache.catalina.core.ApplicationContext.log Manager: list: Listing contexts for virtual host 'localhost'
12-Oct-2019 09:49:03.551 INFO [http-nio-8080-exec-314] org.apache.catalina.core.ApplicationContext.log Manager: restart: Reloading web application '/Opportunity'
12-Oct-2019 09:52:58.605 INFO [http-nio-8080-exec-326] org.apache.catalina.core.ApplicationContext.log Manager: list: Listing contexts for virtual host 'localhost'
12-Oct-2019 09:52:59.415 INFO [http-nio-8080-exec-300] org.apache.catalina.core.ApplicationContext.log Manager: restart: Reloading web application '/Opportunity'
12-Oct-2019 09:53:07.716 INFO [http-nio-8080-exec-321] org.apache.catalina.core.ApplicationContext.log Manager: list: Listing contexts for virtual host 'localhost'
12-Oct-2019 09:53:08.496 INFO [http-nio-8080-exec-319] org.apache.catalina.core.ApplicationContext.log Manager: restart: Reloading web application '/Opportunity'
12-Oct-2019 09:58:18.415 INFO [http-nio-8080-exec-333] org.apache.catalina.core.ApplicationContext.log Manager: list: Listing contexts for virtual host 'localhost'
12-Oct-2019 09:58:19.257 INFO [http-nio-8080-exec-334] org.apache.catalina.core.ApplicationContext.log Manager: restart: Reloading web application '/Opportunity'
12-Oct-2019 09:58:39.364 INFO [http-nio-8080-exec-330] org.apache.catalina.core.ApplicationContext.log Manager: list: Listing contexts for virtual host 'localhost'
12-Oct-2019 09:58:40.665 INFO [http-nio-8080-exec-327] org.apache.catalina.core.ApplicationContext.log Manager: restart: Reloading web application '/Opportunity'
12-Oct-2019 09:58:51.244 INFO [http-nio-8080-exec-336] org.apache.catalina.core.ApplicationContext.log Manager: list: Listing contexts for virtual host 'localhost'
12-Oct-2019 09:58:52.063 INFO [http-nio-8080-exec-338] org.apache.catalina.core.ApplicationContext.log Manager: restart: Reloading web application '/Opportunity'
12-Oct-2019 10:00:58.893 INFO [http-nio-8080-exec-344] org.apache.catalina.core.ApplicationContext.log Manager: list: Listing contexts for virtual host 'localhost'
12-Oct-2019 10:00:59.718 INFO [http-nio-8080-exec-336] org.apache.catalina.core.ApplicationContext.log Manager: restart: Reloading web application '/Opportunity'
12-Oct-2019 10:01:22.867 INFO [http-nio-8080-exec-340] org.apache.catalina.core.ApplicationContext.log Manager: list: Listing contexts for virtual host 'localhost'
12-Oct-2019 10:01:23.853 INFO [http-nio-8080-exec-343] org.apache.catalina.core.ApplicationContext.log Manager: restart: Reloading web application '/Opportunity'
12-Oct-2019 10:01:28.939 INFO [http-nio-8080-exec-347] org.apache.catalina.core.ApplicationContext.log Manager: list: Listing contexts for virtual host 'localhost'
12-Oct-2019 10:01:29.776 INFO [http-nio-8080-exec-353] org.apache.catalina.core.ApplicationContext.log Manager: restart: Reloading web application '/Opportunity'
12-Oct-2019 13:08:45.163 INFO [http-nio-8080-exec-345] org.apache.catalina.core.ApplicationContext.log Manager: list: Listing contexts for virtual host 'localhost'
12-Oct-2019 13:08:45.167 INFO [http-nio-8080-exec-350] org.apache.catalina.core.ApplicationContext.log Manager: list: Listing contexts for virtual host 'localhost'
12-Oct-2019 13:08:45.275 INFO [http-nio-8080-exec-356] org.apache.catalina.core.ApplicationContext.log Manager: undeploy: Undeploying web application at '/Opportunity'
12-Oct-2019 13:08:46.505 INFO [http-nio-8080-exec-350] org.apache.catalina.core.ApplicationContext.log Manager: install: Installing context configuration at 'file:/C:/Users/PAULO~1.BEZ/AppData/Local/Temp/context7709109726556049538.xml'
12-Oct-2019 13:08:52.984 INFO [http-nio-8080-exec-358] org.apache.catalina.core.ApplicationContext.log Manager: start: Starting web application '/Opportunity'
12-Oct-2019 13:11:58.835 INFO [http-nio-8080-exec-365] org.apache.catalina.core.ApplicationContext.log Manager: list: Listing contexts for virtual host 'localhost'
12-Oct-2019 13:12:00.183 INFO [http-nio-8080-exec-364] org.apache.catalina.core.ApplicationContext.log Manager: restart: Reloading web application '/Opportunity'
12-Oct-2019 13:13:06.898 INFO [http-nio-8080-exec-370] org.apache.catalina.core.ApplicationContext.log Manager: list: Listing contexts for virtual host 'localhost'
12-Oct-2019 13:13:07.595 INFO [http-nio-8080-exec-376] org.apache.catalina.core.ApplicationContext.log Manager: restart: Reloading web application '/Opportunity'
12-Oct-2019 13:15:21.956 INFO [http-nio-8080-exec-375] org.apache.catalina.core.ApplicationContext.log Manager: list: Listing contexts for virtual host 'localhost'
12-Oct-2019 13:15:22.812 INFO [http-nio-8080-exec-367] org.apache.catalina.core.ApplicationContext.log Manager: restart: Reloading web application '/Opportunity'
12-Oct-2019 13:16:34.913 INFO [http-nio-8080-exec-380] org.apache.catalina.core.ApplicationContext.log Manager: list: Listing contexts for virtual host 'localhost'
12-Oct-2019 13:16:35.791 INFO [http-nio-8080-exec-377] org.apache.catalina.core.ApplicationContext.log Manager: restart: Reloading web application '/Opportunity'
12-Oct-2019 13:17:56.100 INFO [http-nio-8080-exec-375] org.apache.catalina.core.ApplicationContext.log Manager: list: Listing contexts for virtual host 'localhost'
12-Oct-2019 13:17:56.871 INFO [http-nio-8080-exec-390] org.apache.catalina.core.ApplicationContext.log Manager: restart: Reloading web application '/Opportunity'
12-Oct-2019 13:28:38.406 INFO [http-nio-8080-exec-401] org.apache.catalina.core.ApplicationContext.log Manager: list: Listing contexts for virtual host 'localhost'
12-Oct-2019 13:28:39.068 INFO [http-nio-8080-exec-402] org.apache.catalina.core.ApplicationContext.log Manager: restart: Reloading web application '/Opportunity'
12-Oct-2019 13:29:17.251 INFO [http-nio-8080-exec-405] org.apache.catalina.core.ApplicationContext.log Manager: list: Listing contexts for virtual host 'localhost'
12-Oct-2019 13:29:18.023 INFO [http-nio-8080-exec-397] org.apache.catalina.core.ApplicationContext.log Manager: restart: Reloading web application '/Opportunity'
12-Oct-2019 13:29:37.765 INFO [http-nio-8080-exec-401] org.apache.catalina.core.ApplicationContext.log Manager: list: Listing contexts for virtual host 'localhost'
12-Oct-2019 13:29:38.582 INFO [http-nio-8080-exec-409] org.apache.catalina.core.ApplicationContext.log Manager: restart: Reloading web application '/Opportunity'
12-Oct-2019 13:31:01.240 INFO [http-nio-8080-exec-408] org.apache.catalina.core.ApplicationContext.log Manager: list: Listing contexts for virtual host 'localhost'
12-Oct-2019 13:31:02.011 INFO [http-nio-8080-exec-411] org.apache.catalina.core.ApplicationContext.log Manager: restart: Reloading web application '/Opportunity'
12-Oct-2019 13:31:38.066 INFO [http-nio-8080-exec-417] org.apache.catalina.core.ApplicationContext.log Manager: list: Listing contexts for virtual host 'localhost'
12-Oct-2019 13:31:38.644 INFO [http-nio-8080-exec-415] org.apache.catalina.core.ApplicationContext.log Manager: restart: Reloading web application '/Opportunity'
12-Oct-2019 13:33:20.952 INFO [http-nio-8080-exec-412] org.apache.catalina.core.ApplicationContext.log Manager: list: Listing contexts for virtual host 'localhost'
12-Oct-2019 13:33:22.155 INFO [http-nio-8080-exec-422] org.apache.catalina.core.ApplicationContext.log Manager: restart: Reloading web application '/Opportunity'
12-Oct-2019 13:34:29.637 INFO [http-nio-8080-exec-418] org.apache.catalina.core.ApplicationContext.log Manager: list: Listing contexts for virtual host 'localhost'
12-Oct-2019 13:34:30.990 INFO [http-nio-8080-exec-423] org.apache.catalina.core.ApplicationContext.log Manager: restart: Reloading web application '/Opportunity'
12-Oct-2019 13:35:06.870 INFO [http-nio-8080-exec-429] org.apache.catalina.core.ApplicationContext.log Manager: list: Listing contexts for virtual host 'localhost'
12-Oct-2019 13:35:07.991 INFO [http-nio-8080-exec-428] org.apache.catalina.core.ApplicationContext.log Manager: restart: Reloading web application '/Opportunity'
12-Oct-2019 13:35:37.989 INFO [http-nio-8080-exec-425] org.apache.catalina.core.ApplicationContext.log Manager: list: Listing contexts for virtual host 'localhost'
12-Oct-2019 13:35:39.150 INFO [http-nio-8080-exec-428] org.apache.catalina.core.ApplicationContext.log Manager: restart: Reloading web application '/Opportunity'
12-Oct-2019 13:38:12.538 INFO [http-nio-8080-exec-426] org.apache.catalina.core.ApplicationContext.log Manager: list: Listing contexts for virtual host 'localhost'
12-Oct-2019 13:38:13.821 INFO [http-nio-8080-exec-429] org.apache.catalina.core.ApplicationContext.log Manager: restart: Reloading web application '/Opportunity'
12-Oct-2019 13:38:48.674 INFO [http-nio-8080-exec-440] org.apache.catalina.core.ApplicationContext.log Manager: list: Listing contexts for virtual host 'localhost'
12-Oct-2019 13:38:49.925 INFO [http-nio-8080-exec-439] org.apache.catalina.core.ApplicationContext.log Manager: restart: Reloading web application '/Opportunity'
12-Oct-2019 13:39:26.906 INFO [http-nio-8080-exec-445] org.apache.catalina.core.ApplicationContext.log Manager: list: Listing contexts for virtual host 'localhost'
12-Oct-2019 13:39:28.045 INFO [http-nio-8080-exec-442] org.apache.catalina.core.ApplicationContext.log Manager: restart: Reloading web application '/Opportunity'
12-Oct-2019 13:41:10.400 INFO [http-nio-8080-exec-433] org.apache.catalina.core.ApplicationContext.log Manager: list: Listing contexts for virtual host 'localhost'
12-Oct-2019 13:41:11.685 INFO [http-nio-8080-exec-441] org.apache.catalina.core.ApplicationContext.log Manager: restart: Reloading web application '/Opportunity'
12-Oct-2019 13:42:07.465 INFO [http-nio-8080-exec-453] org.apache.catalina.core.ApplicationContext.log Manager: list: Listing contexts for virtual host 'localhost'
12-Oct-2019 13:42:07.944 INFO [http-nio-8080-exec-452] org.apache.catalina.core.ApplicationContext.log Manager: restart: Reloading web application '/Opportunity'
12-Oct-2019 13:43:29.498 INFO [http-nio-8080-exec-440] org.apache.catalina.core.ApplicationContext.log Manager: list: Listing contexts for virtual host 'localhost'
12-Oct-2019 13:43:30.019 INFO [http-nio-8080-exec-433] org.apache.catalina.core.ApplicationContext.log Manager: restart: Reloading web application '/Opportunity'
12-Oct-2019 13:44:05.195 INFO [http-nio-8080-exec-454] org.apache.catalina.core.ApplicationContext.log Manager: list: Listing contexts for virtual host 'localhost'
12-Oct-2019 13:44:05.692 INFO [http-nio-8080-exec-458] org.apache.catalina.core.ApplicationContext.log Manager: restart: Reloading web application '/Opportunity'
12-Oct-2019 13:44:54.223 INFO [http-nio-8080-exec-451] org.apache.catalina.core.ApplicationContext.log Manager: list: Listing contexts for virtual host 'localhost'
12-Oct-2019 13:44:54.774 INFO [http-nio-8080-exec-440] org.apache.catalina.core.ApplicationContext.log Manager: restart: Reloading web application '/Opportunity'
12-Oct-2019 13:45:28.795 INFO [http-nio-8080-exec-467] org.apache.catalina.core.ApplicationContext.log Manager: list: Listing contexts for virtual host 'localhost'
12-Oct-2019 13:45:29.226 INFO [http-nio-8080-exec-454] org.apache.catalina.core.ApplicationContext.log Manager: restart: Reloading web application '/Opportunity'
12-Oct-2019 13:45:45.192 INFO [http-nio-8080-exec-468] org.apache.catalina.core.ApplicationContext.log Manager: list: Listing contexts for virtual host 'localhost'
12-Oct-2019 13:45:45.696 INFO [http-nio-8080-exec-470] org.apache.catalina.core.ApplicationContext.log Manager: restart: Reloading web application '/Opportunity'
12-Oct-2019 13:47:30.590 INFO [http-nio-8080-exec-451] org.apache.catalina.core.ApplicationContext.log Manager: list: Listing contexts for virtual host 'localhost'
12-Oct-2019 13:47:31.643 INFO [http-nio-8080-exec-466] org.apache.catalina.core.ApplicationContext.log Manager: restart: Reloading web application '/Opportunity'
12-Oct-2019 13:48:16.345 INFO [http-nio-8080-exec-478] org.apache.catalina.core.ApplicationContext.log Manager: list: Listing contexts for virtual host 'localhost'
12-Oct-2019 13:48:16.891 INFO [http-nio-8080-exec-475] org.apache.catalina.core.ApplicationContext.log Manager: restart: Reloading web application '/Opportunity'
12-Oct-2019 13:48:37.687 INFO [http-nio-8080-exec-481] org.apache.catalina.core.ApplicationContext.log Manager: list: Listing contexts for virtual host 'localhost'
12-Oct-2019 13:48:38.291 INFO [http-nio-8080-exec-476] org.apache.catalina.core.ApplicationContext.log Manager: restart: Reloading web application '/Opportunity'
12-Oct-2019 14:00:22.041 INFO [http-nio-8080-exec-10] org.apache.catalina.core.ApplicationContext.log Manager: init: Associated with Deployer 'Catalina:type=Deployer,host=localhost'
12-Oct-2019 14:00:22.041 INFO [http-nio-8080-exec-10] org.apache.catalina.core.ApplicationContext.log Manager: init: Global resources are available
12-Oct-2019 14:00:22.056 INFO [http-nio-8080-exec-10] org.apache.catalina.core.ApplicationContext.log Manager: list: Listing contexts for virtual host 'localhost'
12-Oct-2019 14:00:22.056 INFO [http-nio-8080-exec-3] org.apache.catalina.core.ApplicationContext.log Manager: list: Listing contexts for virtual host 'localhost'
12-Oct-2019 14:00:22.103 INFO [http-nio-8080-exec-2] org.apache.catalina.core.ApplicationContext.log Manager: undeploy: Undeploying web application at '/Opportunity'
12-Oct-2019 14:00:22.853 INFO [http-nio-8080-exec-5] org.apache.catalina.core.ApplicationContext.log Manager: install: Installing context configuration at 'file:/C:/Users/PAULO~1.BEZ/AppData/Local/Temp/context7304656175765710518.xml'
12-Oct-2019 14:00:23.978 INFO [http-nio-8080-exec-8] org.apache.catalina.core.ApplicationContext.log Manager: start: Starting web application '/Opportunity'
12-Oct-2019 14:01:10.216 INFO [http-nio-8080-exec-16] org.apache.catalina.core.ApplicationContext.log Manager: list: Listing contexts for virtual host 'localhost'
12-Oct-2019 14:01:11.278 INFO [http-nio-8080-exec-12] org.apache.catalina.core.ApplicationContext.log Manager: restart: Reloading web application '/Opportunity'
12-Oct-2019 14:01:59.016 INFO [http-nio-8080-exec-13] org.apache.catalina.core.ApplicationContext.log Manager: list: Listing contexts for virtual host 'localhost'
12-Oct-2019 14:01:59.609 INFO [http-nio-8080-exec-16] org.apache.catalina.core.ApplicationContext.log Manager: restart: Reloading web application '/Opportunity'
12-Oct-2019 14:02:33.552 INFO [http-nio-8080-exec-20] org.apache.catalina.core.ApplicationContext.log Manager: list: Listing contexts for virtual host 'localhost'
12-Oct-2019 14:02:34.083 INFO [http-nio-8080-exec-17] org.apache.catalina.core.ApplicationContext.log Manager: restart: Reloading web application '/Opportunity'
12-Oct-2019 14:30:13.341 INFO [http-nio-8080-exec-27] org.apache.catalina.core.ApplicationContext.log Manager: list: Listing contexts for virtual host 'localhost'
12-Oct-2019 14:30:14.075 INFO [http-nio-8080-exec-28] org.apache.catalina.core.ApplicationContext.log Manager: restart: Reloading web application '/Opportunity'
12-Oct-2019 14:30:59.511 INFO [http-nio-8080-exec-25] org.apache.catalina.core.ApplicationContext.log Manager: list: Listing contexts for virtual host 'localhost'
12-Oct-2019 14:30:59.980 INFO [http-nio-8080-exec-27] org.apache.catalina.core.ApplicationContext.log Manager: restart: Reloading web application '/Opportunity'
12-Oct-2019 14:31:01.887 INFO [http-nio-8080-exec-33] org.apache.catalina.core.ApplicationContext.log Manager: list: Listing contexts for virtual host 'localhost'
12-Oct-2019 14:31:02.309 INFO [http-nio-8080-exec-29] org.apache.catalina.core.ApplicationContext.log Manager: restart: Reloading web application '/Opportunity'
12-Oct-2019 14:31:33.304 INFO [http-nio-8080-exec-34] org.apache.catalina.core.ApplicationContext.log Manager: list: Listing contexts for virtual host 'localhost'
12-Oct-2019 14:31:33.793 INFO [http-nio-8080-exec-36] org.apache.catalina.core.ApplicationContext.log Manager: restart: Reloading web application '/Opportunity'
12-Oct-2019 14:32:17.537 INFO [http-nio-8080-exec-33] org.apache.catalina.core.ApplicationContext.log Manager: list: Listing contexts for virtual host 'localhost'
12-Oct-2019 14:32:18.002 INFO [http-nio-8080-exec-41] org.apache.catalina.core.ApplicationContext.log Manager: restart: Reloading web application '/Opportunity'
12-Oct-2019 14:35:53.495 INFO [http-nio-8080-exec-47] org.apache.catalina.core.ApplicationContext.log Manager: list: Listing contexts for virtual host 'localhost'
12-Oct-2019 14:35:54.012 INFO [http-nio-8080-exec-33] org.apache.catalina.core.ApplicationContext.log Manager: restart: Reloading web application '/Opportunity'
12-Oct-2019 14:38:14.998 INFO [http-nio-8080-exec-38] org.apache.catalina.core.ApplicationContext.log Manager: list: Listing contexts for virtual host 'localhost'
12-Oct-2019 14:38:15.503 INFO [http-nio-8080-exec-44] org.apache.catalina.core.ApplicationContext.log Manager: restart: Reloading web application '/Opportunity'
12-Oct-2019 14:39:01.298 INFO [http-nio-8080-exec-38] org.apache.catalina.core.ApplicationContext.log Manager: list: Listing contexts for virtual host 'localhost'
12-Oct-2019 14:39:01.801 INFO [http-nio-8080-exec-57] org.apache.catalina.core.ApplicationContext.log Manager: restart: Reloading web application '/Opportunity'
12-Oct-2019 14:40:58.297 INFO [http-nio-8080-exec-62] org.apache.catalina.core.ApplicationContext.log Manager: list: Listing contexts for virtual host 'localhost'
12-Oct-2019 14:40:58.774 INFO [http-nio-8080-exec-60] org.apache.catalina.core.ApplicationContext.log Manager: restart: Reloading web application '/Opportunity'
12-Oct-2019 14:41:45.806 INFO [http-nio-8080-exec-64] org.apache.catalina.core.ApplicationContext.log Manager: list: Listing contexts for virtual host 'localhost'
12-Oct-2019 14:41:46.296 INFO [http-nio-8080-exec-55] org.apache.catalina.core.ApplicationContext.log Manager: restart: Reloading web application '/Opportunity'
12-Oct-2019 17:13:55.211 INFO [http-nio-8080-exec-71] org.apache.catalina.core.ApplicationContext.log Manager: list: Listing contexts for virtual host 'localhost'
12-Oct-2019 17:13:55.214 INFO [http-nio-8080-exec-72] org.apache.catalina.core.ApplicationContext.log Manager: list: Listing contexts for virtual host 'localhost'
12-Oct-2019 17:13:55.272 INFO [http-nio-8080-exec-73] org.apache.catalina.core.ApplicationContext.log Manager: undeploy: Undeploying web application at '/Opportunity'
12-Oct-2019 17:13:56.186 INFO [http-nio-8080-exec-70] org.apache.catalina.core.ApplicationContext.log Manager: install: Installing context configuration at 'file:/C:/Users/PAULO~1.BEZ/AppData/Local/Temp/context1535915438462448287.xml'
12-Oct-2019 17:14:06.392 INFO [http-nio-8080-exec-68] org.apache.catalina.core.ApplicationContext.log Manager: start: Starting web application '/Opportunity'
12-Oct-2019 17:14:47.279 INFO [http-nio-8080-exec-69] org.apache.catalina.core.ApplicationContext.log Manager: list: Listing contexts for virtual host 'localhost'
12-Oct-2019 17:14:48.703 INFO [http-nio-8080-exec-82] org.apache.catalina.core.ApplicationContext.log Manager: restart: Reloading web application '/Opportunity'
12-Oct-2019 17:15:09.891 INFO [http-nio-8080-exec-69] org.apache.catalina.core.ApplicationContext.log Manager: list: Listing contexts for virtual host 'localhost'
12-Oct-2019 17:15:10.426 INFO [http-nio-8080-exec-84] org.apache.catalina.core.ApplicationContext.log Manager: restart: Reloading web application '/Opportunity'
12-Oct-2019 17:16:50.393 INFO [http-nio-8080-exec-69] org.apache.catalina.core.ApplicationContext.log Manager: list: Listing contexts for virtual host 'localhost'
12-Oct-2019 17:16:50.943 INFO [http-nio-8080-exec-77] org.apache.catalina.core.ApplicationContext.log Manager: restart: Reloading web application '/Opportunity'
12-Oct-2019 17:17:05.386 INFO [http-nio-8080-exec-90] org.apache.catalina.core.ApplicationContext.log Manager: list: Listing contexts for virtual host 'localhost'
12-Oct-2019 17:17:06.015 INFO [http-nio-8080-exec-89] org.apache.catalina.core.ApplicationContext.log Manager: restart: Reloading web application '/Opportunity'
12-Oct-2019 17:17:48.070 INFO [http-nio-8080-exec-80] org.apache.catalina.core.ApplicationContext.log Manager: list: Listing contexts for virtual host 'localhost'
12-Oct-2019 17:17:48.685 INFO [http-nio-8080-exec-92] org.apache.catalina.core.ApplicationContext.log Manager: restart: Reloading web application '/Opportunity'
12-Oct-2019 17:18:33.164 INFO [http-nio-8080-exec-95] org.apache.catalina.core.ApplicationContext.log Manager: list: Listing contexts for virtual host 'localhost'
12-Oct-2019 17:18:33.771 INFO [http-nio-8080-exec-80] org.apache.catalina.core.ApplicationContext.log Manager: restart: Reloading web application '/Opportunity'
12-Oct-2019 17:19:51.459 INFO [http-nio-8080-exec-100] org.apache.catalina.core.ApplicationContext.log Manager: list: Listing contexts for virtual host 'localhost'
12-Oct-2019 17:19:52.021 INFO [http-nio-8080-exec-87] org.apache.catalina.core.ApplicationContext.log Manager: restart: Reloading web application '/Opportunity'
12-Oct-2019 17:21:22.562 INFO [http-nio-8080-exec-100] org.apache.catalina.core.ApplicationContext.log Manager: list: Listing contexts for virtual host 'localhost'
12-Oct-2019 17:21:22.919 INFO [http-nio-8080-exec-69] org.apache.catalina.core.ApplicationContext.log Manager: restart: Reloading web application '/Opportunity'
12-Oct-2019 17:21:24.284 INFO [http-nio-8080-exec-103] org.apache.catalina.core.ApplicationContext.log Manager: list: Listing contexts for virtual host 'localhost'
12-Oct-2019 17:21:25.177 INFO [http-nio-8080-exec-105] org.apache.catalina.core.ApplicationContext.log Manager: list: Listing contexts for virtual host 'localhost'
12-Oct-2019 17:21:25.409 INFO [http-nio-8080-exec-109] org.apache.catalina.core.ApplicationContext.log Manager: restart: Reloading web application '/Opportunity'
12-Oct-2019 17:22:16.125 INFO [http-nio-8080-exec-103] org.apache.catalina.core.ApplicationContext.log Manager: list: Listing contexts for virtual host 'localhost'
12-Oct-2019 17:22:16.442 INFO [http-nio-8080-exec-106] org.apache.catalina.core.ApplicationContext.log Manager: restart: Reloading web application '/Opportunity'
12-Oct-2019 17:22:17.918 INFO [http-nio-8080-exec-112] org.apache.catalina.core.ApplicationContext.log Manager: list: Listing contexts for virtual host 'localhost'
12-Oct-2019 17:22:18.182 INFO [http-nio-8080-exec-111] org.apache.catalina.core.ApplicationContext.log Manager: restart: Reloading web application '/Opportunity'
12-Oct-2019 17:23:03.408 INFO [http-nio-8080-exec-107] org.apache.catalina.core.ApplicationContext.log Manager: list: Listing contexts for virtual host 'localhost'
12-Oct-2019 17:23:03.661 INFO [http-nio-8080-exec-115] org.apache.catalina.core.ApplicationContext.log Manager: restart: Reloading web application '/Opportunity'
12-Oct-2019 17:23:11.713 INFO [http-nio-8080-exec-113] org.apache.catalina.core.ApplicationContext.log Manager: list: Listing contexts for virtual host 'localhost'
12-Oct-2019 17:23:11.951 INFO [http-nio-8080-exec-118] org.apache.catalina.core.ApplicationContext.log Manager: restart: Reloading web application '/Opportunity'
12-Oct-2019 17:23:34.114 INFO [http-nio-8080-exec-107] org.apache.catalina.core.ApplicationContext.log Manager: list: Listing contexts for virtual host 'localhost'
12-Oct-2019 17:23:34.376 INFO [http-nio-8080-exec-119] org.apache.catalina.core.ApplicationContext.log Manager: restart: Reloading web application '/Opportunity'
12-Oct-2019 17:24:05.549 INFO [http-nio-8080-exec-123] org.apache.catalina.core.ApplicationContext.log Manager: list: Listing contexts for virtual host 'localhost'
12-Oct-2019 17:24:05.852 INFO [http-nio-8080-exec-116] org.apache.catalina.core.ApplicationContext.log Manager: restart: Reloading web application '/Opportunity'
12-Oct-2019 17:25:19.591 INFO [http-nio-8080-exec-121] org.apache.catalina.core.ApplicationContext.log Manager: list: Listing contexts for virtual host 'localhost'
12-Oct-2019 17:25:19.869 INFO [http-nio-8080-exec-100] org.apache.catalina.core.ApplicationContext.log Manager: restart: Reloading web application '/Opportunity'
12-Oct-2019 17:25:55.134 INFO [http-nio-8080-exec-130] org.apache.catalina.core.ApplicationContext.log Manager: list: Listing contexts for virtual host 'localhost'
12-Oct-2019 17:25:55.436 INFO [http-nio-8080-exec-127] org.apache.catalina.core.ApplicationContext.log Manager: restart: Reloading web application '/Opportunity'
12-Oct-2019 17:26:32.162 INFO [http-nio-8080-exec-121] org.apache.catalina.core.ApplicationContext.log Manager: list: Listing contexts for virtual host 'localhost'
12-Oct-2019 17:26:32.402 INFO [http-nio-8080-exec-132] org.apache.catalina.core.ApplicationContext.log Manager: restart: Reloading web application '/Opportunity'
12-Oct-2019 17:27:38.966 INFO [http-nio-8080-exec-128] org.apache.catalina.core.ApplicationContext.log Manager: list: Listing contexts for virtual host 'localhost'
12-Oct-2019 17:27:39.204 INFO [http-nio-8080-exec-121] org.apache.catalina.core.ApplicationContext.log Manager: restart: Reloading web application '/Opportunity'
12-Oct-2019 17:28:00.250 INFO [http-nio-8080-exec-128] org.apache.catalina.core.ApplicationContext.log Manager: list: Listing contexts for virtual host 'localhost'
12-Oct-2019 17:28:00.501 INFO [http-nio-8080-exec-140] org.apache.catalina.core.ApplicationContext.log Manager: restart: Reloading web application '/Opportunity'
12-Oct-2019 17:35:15.955 INFO [http-nio-8080-exec-148] org.apache.catalina.core.ApplicationContext.log Manager: list: Listing contexts for virtual host 'localhost'
12-Oct-2019 17:35:16.298 INFO [http-nio-8080-exec-149] org.apache.catalina.core.ApplicationContext.log Manager: restart: Reloading web application '/Opportunity'
12-Oct-2019 17:38:49.682 INFO [http-nio-8080-exec-151] org.apache.catalina.core.ApplicationContext.log Manager: list: Listing contexts for virtual host 'localhost'
12-Oct-2019 17:38:49.958 INFO [http-nio-8080-exec-144] org.apache.catalina.core.ApplicationContext.log Manager: restart: Reloading web application '/Opportunity'
12-Oct-2019 17:40:11.855 INFO [http-nio-8080-exec-147] org.apache.catalina.core.ApplicationContext.log Manager: list: Listing contexts for virtual host 'localhost'
12-Oct-2019 17:40:12.110 INFO [http-nio-8080-exec-154] org.apache.catalina.core.ApplicationContext.log Manager: restart: Reloading web application '/Opportunity'
12-Oct-2019 17:43:18.162 INFO [http-nio-8080-exec-168] org.apache.catalina.core.ApplicationContext.log Manager: list: Listing contexts for virtual host 'localhost'
12-Oct-2019 17:43:18.422 INFO [http-nio-8080-exec-147] org.apache.catalina.core.ApplicationContext.log Manager: restart: Reloading web application '/Opportunity'
12-Oct-2019 17:44:51.079 INFO [http-nio-8080-exec-165] org.apache.catalina.core.ApplicationContext.log Manager: list: Listing contexts for virtual host 'localhost'
12-Oct-2019 17:44:51.332 INFO [http-nio-8080-exec-163] org.apache.catalina.core.ApplicationContext.log Manager: restart: Reloading web application '/Opportunity'
12-Oct-2019 17:46:22.690 INFO [http-nio-8080-exec-170] org.apache.catalina.core.ApplicationContext.log Manager: list: Listing contexts for virtual host 'localhost'
12-Oct-2019 17:46:23.048 INFO [http-nio-8080-exec-169] org.apache.catalina.core.ApplicationContext.log Manager: restart: Reloading web application '/Opportunity'
12-Oct-2019 17:46:34.243 INFO [http-nio-8080-exec-172] org.apache.catalina.core.ApplicationContext.log Manager: list: Listing contexts for virtual host 'localhost'
12-Oct-2019 17:46:34.566 INFO [http-nio-8080-exec-178] org.apache.catalina.core.ApplicationContext.log Manager: restart: Reloading web application '/Opportunity'
12-Oct-2019 17:46:40.299 INFO [http-nio-8080-exec-170] org.apache.catalina.core.ApplicationContext.log Manager: list: Listing contexts for virtual host 'localhost'
12-Oct-2019 17:46:40.735 INFO [http-nio-8080-exec-177] org.apache.catalina.core.ApplicationContext.log Manager: restart: Reloading web application '/Opportunity'
12-Oct-2019 17:46:47.074 INFO [http-nio-8080-exec-164] org.apache.catalina.core.ApplicationContext.log Manager: list: Listing contexts for virtual host 'localhost'
12-Oct-2019 17:46:47.486 INFO [http-nio-8080-exec-180] org.apache.catalina.core.ApplicationContext.log Manager: restart: Reloading web application '/Opportunity'
12-Oct-2019 17:49:05.762 INFO [http-nio-8080-exec-170] org.apache.catalina.core.ApplicationContext.log Manager: list: Listing contexts for virtual host 'localhost'
12-Oct-2019 17:49:06.140 INFO [http-nio-8080-exec-181] org.apache.catalina.core.ApplicationContext.log Manager: restart: Reloading web application '/Opportunity'
12-Oct-2019 17:55:30.769 INFO [http-nio-8080-exec-195] org.apache.catalina.core.ApplicationContext.log Manager: list: Listing contexts for virtual host 'localhost'
12-Oct-2019 17:55:31.198 INFO [http-nio-8080-exec-196] org.apache.catalina.core.ApplicationContext.log Manager: restart: Reloading web application '/Opportunity'
12-Oct-2019 17:57:07.318 INFO [http-nio-8080-exec-197] org.apache.catalina.core.ApplicationContext.log Manager: list: Listing contexts for virtual host 'localhost'
12-Oct-2019 17:57:07.618 INFO [http-nio-8080-exec-200] org.apache.catalina.core.ApplicationContext.log Manager: restart: Reloading web application '/Opportunity'
12-Oct-2019 17:57:36.608 INFO [http-nio-8080-exec-201] org.apache.catalina.core.ApplicationContext.log Manager: list: Listing contexts for virtual host 'localhost'
12-Oct-2019 17:57:51.796 INFO [http-nio-8080-exec-205] org.apache.catalina.core.ApplicationContext.log Manager: list: Listing contexts for virtual host 'localhost'
12-Oct-2019 17:57:52.089 INFO [http-nio-8080-exec-201] org.apache.catalina.core.ApplicationContext.log Manager: restart: Reloading web application '/Opportunity'
12-Oct-2019 17:57:53.295 INFO [http-nio-8080-exec-205] org.apache.catalina.core.ApplicationContext.log Manager: list: Listing contexts for virtual host 'localhost'
12-Oct-2019 17:57:53.657 INFO [http-nio-8080-exec-194] org.apache.catalina.core.ApplicationContext.log Manager: restart: Reloading web application '/Opportunity'
12-Oct-2019 17:58:36.177 INFO [http-nio-8080-exec-202] org.apache.catalina.core.ApplicationContext.log Manager: list: Listing contexts for virtual host 'localhost'
12-Oct-2019 17:58:36.490 INFO [http-nio-8080-exec-210] org.apache.catalina.core.ApplicationContext.log Manager: restart: Reloading web application '/Opportunity'
12-Oct-2019 17:58:59.958 INFO [http-nio-8080-exec-202] org.apache.catalina.core.ApplicationContext.log Manager: list: Listing contexts for virtual host 'localhost'
12-Oct-2019 17:59:00.215 INFO [http-nio-8080-exec-205] org.apache.catalina.core.ApplicationContext.log Manager: restart: Reloading web application '/Opportunity'
12-Oct-2019 18:00:24.374 INFO [http-nio-8080-exec-214] org.apache.catalina.core.ApplicationContext.log Manager: list: Listing contexts for virtual host 'localhost'
12-Oct-2019 18:00:24.676 INFO [http-nio-8080-exec-206] org.apache.catalina.core.ApplicationContext.log Manager: restart: Reloading web application '/Opportunity'
12-Oct-2019 18:01:14.923 INFO [http-nio-8080-exec-220] org.apache.catalina.core.ApplicationContext.log Manager: list: Listing contexts for virtual host 'localhost'
12-Oct-2019 18:01:15.187 INFO [http-nio-8080-exec-222] org.apache.catalina.core.ApplicationContext.log Manager: restart: Reloading web application '/Opportunity'
12-Oct-2019 18:01:48.281 INFO [http-nio-8080-exec-221] org.apache.catalina.core.ApplicationContext.log Manager: list: Listing contexts for virtual host 'localhost'
12-Oct-2019 18:01:48.560 INFO [http-nio-8080-exec-215] org.apache.catalina.core.ApplicationContext.log Manager: restart: Reloading web application '/Opportunity'
12-Oct-2019 18:02:49.333 INFO [http-nio-8080-exec-225] org.apache.catalina.core.ApplicationContext.log Manager: list: Listing contexts for virtual host 'localhost'
12-Oct-2019 18:02:49.591 INFO [http-nio-8080-exec-221] org.apache.catalina.core.ApplicationContext.log Manager: restart: Reloading web application '/Opportunity'
12-Oct-2019 18:08:20.493 INFO [http-nio-8080-exec-234] org.apache.catalina.core.ApplicationContext.log Manager: list: Listing contexts for virtual host 'localhost'
12-Oct-2019 18:08:20.743 INFO [http-nio-8080-exec-235] org.apache.catalina.core.ApplicationContext.log Manager: restart: Reloading web application '/Opportunity'
12-Oct-2019 18:08:48.121 INFO [http-nio-8080-exec-237] org.apache.catalina.core.ApplicationContext.log Manager: list: Listing contexts for virtual host 'localhost'
12-Oct-2019 18:08:48.415 INFO [http-nio-8080-exec-238] org.apache.catalina.core.ApplicationContext.log Manager: restart: Reloading web application '/Opportunity'
12-Oct-2019 18:26:17.707 INFO [http-nio-8080-exec-244] org.apache.catalina.core.ApplicationContext.log Manager: list: Listing contexts for virtual host 'localhost'
12-Oct-2019 18:26:17.955 INFO [http-nio-8080-exec-245] org.apache.catalina.core.ApplicationContext.log Manager: restart: Reloading web application '/Opportunity'
12-Oct-2019 18:51:40.459 INFO [http-nio-8080-exec-256] org.apache.catalina.core.ApplicationContext.log Manager: list: Listing contexts for virtual host 'localhost'
12-Oct-2019 18:51:40.803 INFO [http-nio-8080-exec-257] org.apache.catalina.core.ApplicationContext.log Manager: restart: Reloading web application '/Opportunity'
12-Oct-2019 19:04:17.703 INFO [http-nio-8080-exec-265] org.apache.catalina.core.ApplicationContext.log Manager: list: Listing contexts for virtual host 'localhost'
12-Oct-2019 19:04:18.429 INFO [http-nio-8080-exec-266] org.apache.catalina.core.ApplicationContext.log Manager: restart: Reloading web application '/Opportunity'
12-Oct-2019 19:05:08.361 INFO [http-nio-8080-exec-269] org.apache.catalina.core.ApplicationContext.log Manager: list: Listing contexts for virtual host 'localhost'
12-Oct-2019 19:05:08.597 INFO [http-nio-8080-exec-265] org.apache.catalina.core.ApplicationContext.log Manager: restart: Reloading web application '/Opportunity'
12-Oct-2019 19:05:48.394 INFO [http-nio-8080-exec-264] org.apache.catalina.core.ApplicationContext.log Manager: list: Listing contexts for virtual host 'localhost'
12-Oct-2019 19:05:48.637 INFO [http-nio-8080-exec-269] org.apache.catalina.core.ApplicationContext.log Manager: restart: Reloading web application '/Opportunity'
12-Oct-2019 19:06:37.214 INFO [http-nio-8080-exec-275] org.apache.catalina.core.ApplicationContext.log Manager: list: Listing contexts for virtual host 'localhost'
12-Oct-2019 19:06:37.733 INFO [http-nio-8080-exec-264] org.apache.catalina.core.ApplicationContext.log Manager: restart: Reloading web application '/Opportunity'
12-Oct-2019 19:10:27.638 INFO [http-nio-8080-exec-283] org.apache.catalina.core.ApplicationContext.log Manager: list: Listing contexts for virtual host 'localhost'
12-Oct-2019 19:10:27.889 INFO [http-nio-8080-exec-284] org.apache.catalina.core.ApplicationContext.log Manager: restart: Reloading web application '/Opportunity'
12-Oct-2019 19:10:36.183 INFO [http-nio-8080-exec-272] org.apache.catalina.core.ApplicationContext.log Manager: list: Listing contexts for virtual host 'localhost'
12-Oct-2019 19:10:36.441 INFO [http-nio-8080-exec-270] org.apache.catalina.core.ApplicationContext.log Manager: restart: Reloading web application '/Opportunity'
12-Oct-2019 19:11:00.015 INFO [http-nio-8080-exec-289] org.apache.catalina.core.ApplicationContext.log Manager: list: Listing contexts for virtual host 'localhost'
12-Oct-2019 19:11:00.276 INFO [http-nio-8080-exec-285] org.apache.catalina.core.ApplicationContext.log Manager: restart: Reloading web application '/Opportunity'
12-Oct-2019 19:11:48.176 INFO [http-nio-8080-exec-272] org.apache.catalina.core.ApplicationContext.log Manager: list: Listing contexts for virtual host 'localhost'
12-Oct-2019 19:11:48.434 INFO [http-nio-8080-exec-281] org.apache.catalina.core.ApplicationContext.log Manager: restart: Reloading web application '/Opportunity'
12-Oct-2019 19:13:06.636 INFO [http-nio-8080-exec-288] org.apache.catalina.core.ApplicationContext.log Manager: list: Listing contexts for virtual host 'localhost'
12-Oct-2019 19:13:06.900 INFO [http-nio-8080-exec-293] org.apache.catalina.core.ApplicationContext.log Manager: restart: Reloading web application '/Opportunity'
12-Oct-2019 19:13:13.961 INFO [http-nio-8080-exec-300] org.apache.catalina.core.ApplicationContext.log Manager: list: Listing contexts for virtual host 'localhost'
12-Oct-2019 19:13:14.215 INFO [http-nio-8080-exec-292] org.apache.catalina.core.ApplicationContext.log Manager: restart: Reloading web application '/Opportunity'
12-Oct-2019 19:15:06.914 INFO [http-nio-8080-exec-288] org.apache.catalina.core.ApplicationContext.log Manager: list: Listing contexts for virtual host 'localhost'
12-Oct-2019 19:15:07.188 INFO [http-nio-8080-exec-304] org.apache.catalina.core.ApplicationContext.log Manager: restart: Reloading web application '/Opportunity'
12-Oct-2019 19:15:35.007 INFO [http-nio-8080-exec-306] org.apache.catalina.core.ApplicationContext.log Manager: list: Listing contexts for virtual host 'localhost'
12-Oct-2019 19:15:35.251 INFO [http-nio-8080-exec-305] org.apache.catalina.core.ApplicationContext.log Manager: restart: Reloading web application '/Opportunity'
12-Oct-2019 19:16:16.247 INFO [http-nio-8080-exec-306] org.apache.catalina.core.ApplicationContext.log Manager: list: Listing contexts for virtual host 'localhost'
12-Oct-2019 19:16:16.478 INFO [http-nio-8080-exec-309] org.apache.catalina.core.ApplicationContext.log Manager: restart: Reloading web application '/Opportunity'
12-Oct-2019 19:19:17.491 INFO [http-nio-8080-exec-301] org.apache.catalina.core.ApplicationContext.log Manager: list: Listing contexts for virtual host 'localhost'
12-Oct-2019 19:19:17.783 INFO [http-nio-8080-exec-288] org.apache.catalina.core.ApplicationContext.log Manager: restart: Reloading web application '/Opportunity'
12-Oct-2019 19:21:42.298 INFO [http-nio-8080-exec-313] org.apache.catalina.core.ApplicationContext.log Manager: list: Listing contexts for virtual host 'localhost'
12-Oct-2019 19:21:42.532 INFO [http-nio-8080-exec-310] org.apache.catalina.core.ApplicationContext.log Manager: restart: Reloading web application '/Opportunity'
12-Oct-2019 19:31:48.056 INFO [http-nio-8080-exec-329] org.apache.catalina.core.ApplicationContext.log Manager: list: Listing contexts for virtual host 'localhost'
12-Oct-2019 19:31:48.436 INFO [http-nio-8080-exec-330] org.apache.catalina.core.ApplicationContext.log Manager: restart: Reloading web application '/Opportunity'
12-Oct-2019 19:33:18.345 INFO [http-nio-8080-exec-331] org.apache.catalina.core.ApplicationContext.log Manager: list: Listing contexts for virtual host 'localhost'
12-Oct-2019 19:33:18.602 INFO [http-nio-8080-exec-327] org.apache.catalina.core.ApplicationContext.log Manager: restart: Reloading web application '/Opportunity'
12-Oct-2019 19:34:17.920 INFO [http-nio-8080-exec-339] org.apache.catalina.core.ApplicationContext.log Manager: list: Listing contexts for virtual host 'localhost'
12-Oct-2019 19:34:18.170 INFO [http-nio-8080-exec-334] org.apache.catalina.core.ApplicationContext.log Manager: restart: Reloading web application '/Opportunity'
12-Oct-2019 19:34:34.985 INFO [http-nio-8080-exec-342] org.apache.catalina.core.ApplicationContext.log Manager: list: Listing contexts for virtual host 'localhost'
12-Oct-2019 19:34:35.221 INFO [http-nio-8080-exec-336] org.apache.catalina.core.ApplicationContext.log Manager: restart: Reloading web application '/Opportunity'
12-Oct-2019 19:35:12.433 INFO [http-nio-8080-exec-335] org.apache.catalina.core.ApplicationContext.log Manager: list: Listing contexts for virtual host 'localhost'
12-Oct-2019 19:35:12.670 INFO [http-nio-8080-exec-339] org.apache.catalina.core.ApplicationContext.log Manager: restart: Reloading web application '/Opportunity'
12-Oct-2019 19:35:21.295 INFO [http-nio-8080-exec-348] org.apache.catalina.core.ApplicationContext.log Manager: list: Listing contexts for virtual host 'localhost'
12-Oct-2019 19:35:21.537 INFO [http-nio-8080-exec-343] org.apache.catalina.core.ApplicationContext.log Manager: restart: Reloading web application '/Opportunity'
12-Oct-2019 19:36:49.528 INFO [http-nio-8080-exec-328] org.apache.catalina.core.ApplicationContext.log Manager: list: Listing contexts for virtual host 'localhost'
12-Oct-2019 19:36:49.801 INFO [http-nio-8080-exec-352] org.apache.catalina.core.ApplicationContext.log Manager: restart: Reloading web application '/Opportunity'
12-Oct-2019 19:37:34.822 INFO [http-nio-8080-exec-341] org.apache.catalina.core.ApplicationContext.log Manager: list: Listing contexts for virtual host 'localhost'
12-Oct-2019 19:37:35.071 INFO [http-nio-8080-exec-355] org.apache.catalina.core.ApplicationContext.log Manager: restart: Reloading web application '/Opportunity'
12-Oct-2019 19:41:38.996 INFO [http-nio-8080-exec-348] org.apache.catalina.core.ApplicationContext.log Manager: list: Listing contexts for virtual host 'localhost'
12-Oct-2019 19:41:39.339 INFO [http-nio-8080-exec-357] org.apache.catalina.core.ApplicationContext.log Manager: restart: Reloading web application '/Opportunity'
12-Oct-2019 19:43:32.098 INFO [http-nio-8080-exec-364] org.apache.catalina.core.ApplicationContext.log Manager: list: Listing contexts for virtual host 'localhost'
12-Oct-2019 19:43:32.362 INFO [http-nio-8080-exec-367] org.apache.catalina.core.ApplicationContext.log Manager: restart: Reloading web application '/Opportunity'
12-Oct-2019 19:43:45.162 INFO [http-nio-8080-exec-370] org.apache.catalina.core.ApplicationContext.log Manager: list: Listing contexts for virtual host 'localhost'
12-Oct-2019 19:43:45.377 INFO [http-nio-8080-exec-359] org.apache.catalina.core.ApplicationContext.log Manager: restart: Reloading web application '/Opportunity'
12-Oct-2019 19:43:52.319 INFO [http-nio-8080-exec-373] org.apache.catalina.core.ApplicationContext.log Manager: list: Listing contexts for virtual host 'localhost'
12-Oct-2019 19:43:52.517 INFO [http-nio-8080-exec-368] org.apache.catalina.core.ApplicationContext.log Manager: restart: Reloading web application '/Opportunity'
12-Oct-2019 19:44:23.320 INFO [http-nio-8080-exec-360] org.apache.catalina.core.ApplicationContext.log Manager: list: Listing contexts for virtual host 'localhost'
12-Oct-2019 19:44:23.531 INFO [http-nio-8080-exec-375] org.apache.catalina.core.ApplicationContext.log Manager: restart: Reloading web application '/Opportunity'
12-Oct-2019 19:44:39.218 INFO [http-nio-8080-exec-378] org.apache.catalina.core.ApplicationContext.log Manager: list: Listing contexts for virtual host 'localhost'
12-Oct-2019 19:44:39.475 INFO [http-nio-8080-exec-364] org.apache.catalina.core.ApplicationContext.log Manager: restart: Reloading web application '/Opportunity'
12-Oct-2019 19:45:14.177 INFO [http-nio-8080-exec-381] org.apache.catalina.core.ApplicationContext.log Manager: list: Listing contexts for virtual host 'localhost'
12-Oct-2019 19:45:14.423 INFO [http-nio-8080-exec-372] org.apache.catalina.core.ApplicationContext.log Manager: restart: Reloading web application '/Opportunity'
12-Oct-2019 19:45:25.810 INFO [http-nio-8080-exec-382] org.apache.catalina.core.ApplicationContext.log Manager: list: Listing contexts for virtual host 'localhost'
12-Oct-2019 19:45:26.048 INFO [http-nio-8080-exec-384] org.apache.catalina.core.ApplicationContext.log Manager: restart: Reloading web application '/Opportunity'
12-Oct-2019 19:47:31.725 INFO [http-nio-8080-exec-383] org.apache.catalina.core.ApplicationContext.log Manager: list: Listing contexts for virtual host 'localhost'
12-Oct-2019 19:47:32.268 INFO [http-nio-8080-exec-360] org.apache.catalina.core.ApplicationContext.log Manager: restart: Reloading web application '/Opportunity'
12-Oct-2019 19:51:07.071 INFO [http-nio-8080-exec-397] org.apache.catalina.core.ApplicationContext.log Manager: list: Listing contexts for virtual host 'localhost'
12-Oct-2019 19:51:07.308 INFO [http-nio-8080-exec-383] org.apache.catalina.core.ApplicationContext.log Manager: restart: Reloading web application '/Opportunity'
12-Oct-2019 19:51:44.849 INFO [http-nio-8080-exec-399] org.apache.catalina.core.ApplicationContext.log Manager: list: Listing contexts for virtual host 'localhost'
12-Oct-2019 19:51:45.119 INFO [http-nio-8080-exec-390] org.apache.catalina.core.ApplicationContext.log Manager: restart: Reloading web application '/Opportunity'
12-Oct-2019 19:52:44.106 INFO [http-nio-8080-exec-396] org.apache.catalina.core.ApplicationContext.log Manager: list: Listing contexts for virtual host 'localhost'
12-Oct-2019 19:52:44.380 INFO [http-nio-8080-exec-402] org.apache.catalina.core.ApplicationContext.log Manager: restart: Reloading web application '/Opportunity'
12-Oct-2019 19:54:08.178 INFO [http-nio-8080-exec-400] org.apache.catalina.core.ApplicationContext.log Manager: list: Listing contexts for virtual host 'localhost'
12-Oct-2019 19:54:08.425 INFO [http-nio-8080-exec-407] org.apache.catalina.core.ApplicationContext.log Manager: restart: Reloading web application '/Opportunity'
12-Oct-2019 19:54:55.404 INFO [http-nio-8080-exec-409] org.apache.catalina.core.ApplicationContext.log Manager: list: Listing contexts for virtual host 'localhost'
12-Oct-2019 19:54:55.633 INFO [http-nio-8080-exec-401] org.apache.catalina.core.ApplicationContext.log Manager: restart: Reloading web application '/Opportunity'
12-Oct-2019 19:56:57.569 INFO [http-nio-8080-exec-412] org.apache.catalina.core.ApplicationContext.log Manager: list: Listing contexts for virtual host 'localhost'
12-Oct-2019 19:56:57.818 INFO [http-nio-8080-exec-413] org.apache.catalina.core.ApplicationContext.log Manager: restart: Reloading web application '/Opportunity'
12-Oct-2019 19:57:38.382 INFO [http-nio-8080-exec-419] org.apache.catalina.core.ApplicationContext.log Manager: list: Listing contexts for virtual host 'localhost'
12-Oct-2019 19:57:38.671 INFO [http-nio-8080-exec-416] org.apache.catalina.core.ApplicationContext.log Manager: restart: Reloading web application '/Opportunity'
12-Oct-2019 19:58:09.692 INFO [http-nio-8080-exec-415] org.apache.catalina.core.ApplicationContext.log Manager: list: Listing contexts for virtual host 'localhost'
12-Oct-2019 19:58:10.011 INFO [http-nio-8080-exec-419] org.apache.catalina.core.ApplicationContext.log Manager: restart: Reloading web application '/Opportunity'
12-Oct-2019 19:58:19.512 INFO [http-nio-8080-exec-415] org.apache.catalina.core.ApplicationContext.log Manager: list: Listing contexts for virtual host 'localhost'
12-Oct-2019 19:58:19.787 INFO [http-nio-8080-exec-427] org.apache.catalina.core.ApplicationContext.log Manager: restart: Reloading web application '/Opportunity'
12-Oct-2019 19:59:22.270 INFO [http-nio-8080-exec-415] org.apache.catalina.core.ApplicationContext.log Manager: list: Listing contexts for virtual host 'localhost'
12-Oct-2019 19:59:22.514 INFO [http-nio-8080-exec-422] org.apache.catalina.core.ApplicationContext.log Manager: restart: Reloading web application '/Opportunity'
12-Oct-2019 21:46:00.687 INFO [http-nio-8080-exec-441] org.apache.catalina.core.ApplicationContext.log Manager: list: Listing contexts for virtual host 'localhost'
12-Oct-2019 21:46:00.687 INFO [http-nio-8080-exec-442] org.apache.catalina.core.ApplicationContext.log Manager: list: Listing contexts for virtual host 'localhost'
12-Oct-2019 21:46:00.731 INFO [http-nio-8080-exec-443] org.apache.catalina.core.ApplicationContext.log Manager: undeploy: Undeploying web application at '/Opportunity'
12-Oct-2019 21:46:01.562 INFO [http-nio-8080-exec-441] org.apache.catalina.core.ApplicationContext.log Manager: install: Installing context configuration at 'file:/C:/Users/PAULO~1.BEZ/AppData/Local/Temp/context4369947145806086491.xml'
12-Oct-2019 21:46:07.564 INFO [http-nio-8080-exec-436] org.apache.catalina.core.ApplicationContext.log Manager: start: Starting web application '/Opportunity'
12-Oct-2019 21:49:48.700 INFO [http-nio-8080-exec-450] org.apache.catalina.core.ApplicationContext.log Manager: list: Listing contexts for virtual host 'localhost'
12-Oct-2019 21:49:48.983 INFO [http-nio-8080-exec-451] org.apache.catalina.core.ApplicationContext.log Manager: restart: Reloading web application '/Opportunity'
12-Oct-2019 21:50:20.613 INFO [http-nio-8080-exec-455] org.apache.catalina.core.ApplicationContext.log Manager: list: Listing contexts for virtual host 'localhost'
12-Oct-2019 21:50:20.851 INFO [http-nio-8080-exec-450] org.apache.catalina.core.ApplicationContext.log Manager: restart: Reloading web application '/Opportunity'
12-Oct-2019 21:50:48.931 INFO [http-nio-8080-exec-458] org.apache.catalina.core.ApplicationContext.log Manager: list: Listing contexts for virtual host 'localhost'
12-Oct-2019 21:50:49.150 INFO [http-nio-8080-exec-456] org.apache.catalina.core.ApplicationContext.log Manager: restart: Reloading web application '/Opportunity'
12-Oct-2019 21:51:17.212 INFO [http-nio-8080-exec-454] org.apache.catalina.core.ApplicationContext.log Manager: list: Listing contexts for virtual host 'localhost'
12-Oct-2019 21:51:17.505 INFO [http-nio-8080-exec-445] org.apache.catalina.core.ApplicationContext.log Manager: restart: Reloading web application '/Opportunity'
12-Oct-2019 21:52:51.719 INFO [http-nio-8080-exec-449] org.apache.catalina.core.ApplicationContext.log Manager: list: Listing contexts for virtual host 'localhost'
12-Oct-2019 21:52:51.964 INFO [http-nio-8080-exec-466] org.apache.catalina.core.ApplicationContext.log Manager: restart: Reloading web application '/Opportunity'
12-Oct-2019 21:53:45.692 INFO [http-nio-8080-exec-469] org.apache.catalina.core.ApplicationContext.log Manager: list: Listing contexts for virtual host 'localhost'
12-Oct-2019 21:53:45.952 INFO [http-nio-8080-exec-468] org.apache.catalina.core.ApplicationContext.log Manager: restart: Reloading web application '/Opportunity'
12-Oct-2019 21:56:17.252 INFO [http-nio-8080-exec-452] org.apache.catalina.core.ApplicationContext.log Manager: list: Listing contexts for virtual host 'localhost'
12-Oct-2019 21:56:17.509 INFO [http-nio-8080-exec-475] org.apache.catalina.core.ApplicationContext.log Manager: restart: Reloading web application '/Opportunity'
12-Oct-2019 21:57:06.183 INFO [http-nio-8080-exec-477] org.apache.catalina.core.ApplicationContext.log Manager: list: Listing contexts for virtual host 'localhost'
12-Oct-2019 21:57:06.460 INFO [http-nio-8080-exec-472] org.apache.catalina.core.ApplicationContext.log Manager: restart: Reloading web application '/Opportunity'
12-Oct-2019 21:57:51.341 INFO [http-nio-8080-exec-480] org.apache.catalina.core.ApplicationContext.log Manager: list: Listing contexts for virtual host 'localhost'
12-Oct-2019 21:57:51.582 INFO [http-nio-8080-exec-477] org.apache.catalina.core.ApplicationContext.log Manager: restart: Reloading web application '/Opportunity'
12-Oct-2019 22:00:45.332 INFO [http-nio-8080-exec-474] org.apache.catalina.core.ApplicationContext.log Manager: list: Listing contexts for virtual host 'localhost'
12-Oct-2019 22:00:45.587 INFO [http-nio-8080-exec-473] org.apache.catalina.core.ApplicationContext.log Manager: restart: Reloading web application '/Opportunity'
12-Oct-2019 22:01:05.223 INFO [http-nio-8080-exec-490] org.apache.catalina.core.ApplicationContext.log Manager: list: Listing contexts for virtual host 'localhost'
12-Oct-2019 22:01:05.500 INFO [http-nio-8080-exec-487] org.apache.catalina.core.ApplicationContext.log Manager: restart: Reloading web application '/Opportunity'
12-Oct-2019 22:05:58.180 INFO [http-nio-8080-exec-482] org.apache.catalina.core.ApplicationContext.log Manager: list: Listing contexts for virtual host 'localhost'
12-Oct-2019 22:05:58.775 INFO [http-nio-8080-exec-498] org.apache.catalina.core.ApplicationContext.log Manager: restart: Reloading web application '/Opportunity'
12-Oct-2019 22:07:38.862 INFO [http-nio-8080-exec-495] org.apache.catalina.core.ApplicationContext.log Manager: list: Listing contexts for virtual host 'localhost'
12-Oct-2019 22:07:39.448 INFO [http-nio-8080-exec-482] org.apache.catalina.core.ApplicationContext.log Manager: restart: Reloading web application '/Opportunity'
12-Oct-2019 22:15:46.376 INFO [http-nio-8080-exec-508] org.apache.catalina.core.ApplicationContext.log Manager: list: Listing contexts for virtual host 'localhost'
12-Oct-2019 22:15:47.148 INFO [http-nio-8080-exec-509] org.apache.catalina.core.ApplicationContext.log Manager: restart: Reloading web application '/Opportunity'
12-Oct-2019 22:16:24.579 INFO [http-nio-8080-exec-508] org.apache.catalina.core.ApplicationContext.log Manager: list: Listing contexts for virtual host 'localhost'
12-Oct-2019 22:16:25.223 INFO [http-nio-8080-exec-511] org.apache.catalina.core.ApplicationContext.log Manager: restart: Reloading web application '/Opportunity'
12-Oct-2019 22:17:37.447 INFO [http-nio-8080-exec-505] org.apache.catalina.core.ApplicationContext.log Manager: list: Listing contexts for virtual host 'localhost'
12-Oct-2019 22:17:38.209 INFO [http-nio-8080-exec-516] org.apache.catalina.core.ApplicationContext.log Manager: restart: Reloading web application '/Opportunity'
