02-Jul-2019 12:12:56.098 INFO [http-nio-8080-exec-330] org.apache.catalina.core.ApplicationContext.log Manager: list: Listing contexts for virtual host 'localhost'
02-Jul-2019 12:12:56.644 INFO [http-nio-8080-exec-323] org.apache.catalina.core.ApplicationContext.log Manager: list: Listing contexts for virtual host 'localhost'
02-Jul-2019 12:12:56.724 INFO [http-nio-8080-exec-327] org.apache.catalina.core.ApplicationContext.log Manager: list: Listing contexts for virtual host 'localhost'
02-Jul-2019 12:12:59.030 INFO [http-nio-8080-exec-322] org.apache.catalina.core.ApplicationContext.log Manager: list: Listing contexts for virtual host 'localhost'
02-Jul-2019 12:15:20.870 INFO [http-nio-8080-exec-326] org.apache.catalina.core.ApplicationContext.log Manager: list: Listing contexts for virtual host 'localhost'
02-Jul-2019 12:15:44.235 INFO [http-nio-8080-exec-330] org.apache.catalina.core.ApplicationContext.log Manager: list: Listing contexts for virtual host 'localhost'
02-Jul-2019 12:15:47.626 INFO [http-nio-8080-exec-324] org.apache.catalina.core.ApplicationContext.log Manager: list: Listing contexts for virtual host 'localhost'
02-Jul-2019 12:18:01.485 INFO [http-nio-8080-exec-330] org.apache.catalina.core.ApplicationContext.log Manager: list: Listing contexts for virtual host 'localhost'
02-Jul-2019 12:18:01.490 INFO [http-nio-8080-exec-331] org.apache.catalina.core.ApplicationContext.log Manager: list: Listing contexts for virtual host 'localhost'
02-Jul-2019 12:18:01.630 INFO [http-nio-8080-exec-322] org.apache.catalina.core.ApplicationContext.log Manager: install: Installing context configuration at 'file:/C:/Users/PAULO~1.BEZ/AppData/Local/Temp/context4092230397616987905.xml'
02-Jul-2019 12:18:05.515 INFO [http-nio-8080-exec-323] org.apache.catalina.core.ApplicationContext.log Manager: start: Starting web application '/Opportunity'
02-Jul-2019 12:20:47.146 INFO [http-nio-8080-exec-328] org.apache.catalina.core.ApplicationContext.log Manager: list: Listing contexts for virtual host 'localhost'
02-Jul-2019 12:20:53.153 INFO [http-nio-8080-exec-327] org.apache.catalina.core.ApplicationContext.log Manager: list: Listing contexts for virtual host 'localhost'
02-Jul-2019 12:20:53.155 INFO [http-nio-8080-exec-331] org.apache.catalina.core.ApplicationContext.log Manager: list: Listing contexts for virtual host 'localhost'
02-Jul-2019 12:20:53.175 INFO [http-nio-8080-exec-326] org.apache.catalina.core.ApplicationContext.log Manager: undeploy: Undeploying web application at '/Opportunity'
02-Jul-2019 12:20:54.238 INFO [http-nio-8080-exec-329] org.apache.catalina.core.ApplicationContext.log Manager: install: Installing context configuration at 'file:/C:/Users/PAULO~1.BEZ/AppData/Local/Temp/context1034045216181934463.xml'
02-Jul-2019 12:20:56.585 INFO [http-nio-8080-exec-327] org.apache.catalina.core.ApplicationContext.log Manager: start: Starting web application '/Opportunity'
02-Jul-2019 12:21:46.565 INFO [http-nio-8080-exec-332] org.apache.catalina.core.ApplicationContext.log Manager: list: Listing contexts for virtual host 'localhost'
02-Jul-2019 12:21:56.033 INFO [http-nio-8080-exec-339] org.apache.catalina.core.ApplicationContext.log Manager: list: Listing contexts for virtual host 'localhost'
02-Jul-2019 12:22:00.656 INFO [http-nio-8080-exec-340] org.apache.catalina.core.ApplicationContext.log Manager: list: Listing contexts for virtual host 'localhost'
02-Jul-2019 12:22:09.156 INFO [http-nio-8080-exec-336] org.apache.catalina.core.ApplicationContext.log Manager: list: Listing contexts for virtual host 'localhost'
02-Jul-2019 12:22:09.172 INFO [http-nio-8080-exec-337] org.apache.catalina.core.ApplicationContext.log Manager: undeploy: Undeploying web application at '/Opportunity'
02-Jul-2019 14:50:58.774 INFO [http-nio-8080-exec-345] org.apache.catalina.core.ApplicationContext.log Manager: list: Listing contexts for virtual host 'localhost'
02-Jul-2019 14:51:21.922 INFO [http-nio-8080-exec-350] org.apache.catalina.core.ApplicationContext.log Manager: list: Listing contexts for virtual host 'localhost'
02-Jul-2019 14:51:35.628 INFO [http-nio-8080-exec-346] org.apache.catalina.core.ApplicationContext.log Manager: list: Listing contexts for virtual host 'localhost'
02-Jul-2019 14:51:44.222 INFO [http-nio-8080-exec-351] org.apache.catalina.core.ApplicationContext.log Manager: list: Listing contexts for virtual host 'localhost'
02-Jul-2019 14:52:14.852 INFO [http-nio-8080-exec-347] org.apache.catalina.core.ApplicationContext.log Manager: list: Listing contexts for virtual host 'localhost'
02-Jul-2019 14:52:24.024 INFO [http-nio-8080-exec-343] org.apache.catalina.core.ApplicationContext.log Manager: list: Listing contexts for virtual host 'localhost'
02-Jul-2019 14:53:11.892 INFO [http-nio-8080-exec-350] org.apache.catalina.core.ApplicationContext.log Manager: list: Listing contexts for virtual host 'localhost'
02-Jul-2019 14:55:25.808 INFO [http-nio-8080-exec-346] org.apache.catalina.core.ApplicationContext.log Manager: list: Listing contexts for virtual host 'localhost'
02-Jul-2019 14:56:05.484 INFO [http-nio-8080-exec-342] org.apache.catalina.core.ApplicationContext.log Manager: list: Listing contexts for virtual host 'localhost'
02-Jul-2019 14:56:24.128 INFO [http-nio-8080-exec-347] org.apache.catalina.core.ApplicationContext.log Manager: list: Listing contexts for virtual host 'localhost'
02-Jul-2019 14:57:07.400 INFO [http-nio-8080-exec-342] org.apache.catalina.core.ApplicationContext.log Manager: list: Listing contexts for virtual host 'localhost'
02-Jul-2019 14:57:35.968 INFO [http-nio-8080-exec-348] org.apache.catalina.core.ApplicationContext.log Manager: list: Listing contexts for virtual host 'localhost'
02-Jul-2019 14:57:35.974 INFO [http-nio-8080-exec-349] org.apache.catalina.core.ApplicationContext.log Manager: list: Listing contexts for virtual host 'localhost'
02-Jul-2019 14:57:36.618 INFO [http-nio-8080-exec-350] org.apache.catalina.core.ApplicationContext.log Manager: install: Installing context configuration at 'file:/C:/Users/PAULO~1.BEZ/AppData/Local/Temp/context459529849986151115.xml'
02-Jul-2019 14:57:40.025 INFO [http-nio-8080-exec-351] org.apache.catalina.core.ApplicationContext.log Manager: start: Starting web application '/Opportunity'
02-Jul-2019 14:58:36.302 INFO [http-nio-8080-exec-345] org.apache.catalina.core.ApplicationContext.log Manager: list: Listing contexts for virtual host 'localhost'
02-Jul-2019 14:58:49.627 INFO [http-nio-8080-exec-342] org.apache.catalina.core.ApplicationContext.log Manager: list: Listing contexts for virtual host 'localhost'
02-Jul-2019 14:58:49.629 INFO [http-nio-8080-exec-351] org.apache.catalina.core.ApplicationContext.log Manager: list: Listing contexts for virtual host 'localhost'
02-Jul-2019 14:58:49.646 INFO [http-nio-8080-exec-343] org.apache.catalina.core.ApplicationContext.log Manager: undeploy: Undeploying web application at '/Opportunity'
02-Jul-2019 14:58:52.339 INFO [http-nio-8080-exec-348] org.apache.catalina.core.ApplicationContext.log Manager: install: Installing context configuration at 'file:/C:/Users/PAULO~1.BEZ/AppData/Local/Temp/context3847589257190133315.xml'
02-Jul-2019 14:58:53.829 INFO [http-nio-8080-exec-351] org.apache.catalina.core.ApplicationContext.log Manager: list: Listing contexts for virtual host 'localhost'
02-Jul-2019 14:58:55.423 INFO [http-nio-8080-exec-344] org.apache.catalina.core.ApplicationContext.log Manager: start: Starting web application '/Opportunity'
02-Jul-2019 14:59:16.109 INFO [http-nio-8080-exec-347] org.apache.catalina.core.ApplicationContext.log Manager: list: Listing contexts for virtual host 'localhost'
02-Jul-2019 14:59:19.959 INFO [http-nio-8080-exec-358] org.apache.catalina.core.ApplicationContext.log Manager: list: Listing contexts for virtual host 'localhost'
02-Jul-2019 14:59:19.961 INFO [http-nio-8080-exec-353] org.apache.catalina.core.ApplicationContext.log Manager: list: Listing contexts for virtual host 'localhost'
02-Jul-2019 14:59:19.975 INFO [http-nio-8080-exec-352] org.apache.catalina.core.ApplicationContext.log Manager: undeploy: Undeploying web application at '/Opportunity'
02-Jul-2019 14:59:20.814 INFO [http-nio-8080-exec-357] org.apache.catalina.core.ApplicationContext.log Manager: install: Installing context configuration at 'file:/C:/Users/PAULO~1.BEZ/AppData/Local/Temp/context8141264294973571348.xml'
02-Jul-2019 14:59:22.162 INFO [http-nio-8080-exec-358] org.apache.catalina.core.ApplicationContext.log Manager: start: Starting web application '/Opportunity'
02-Jul-2019 15:00:43.067 INFO [http-nio-8080-exec-361] org.apache.catalina.core.ApplicationContext.log Manager: list: Listing contexts for virtual host 'localhost'
02-Jul-2019 15:00:46.148 INFO [http-nio-8080-exec-362] org.apache.catalina.core.ApplicationContext.log Manager: list: Listing contexts for virtual host 'localhost'
02-Jul-2019 15:00:46.150 INFO [http-nio-8080-exec-366] org.apache.catalina.core.ApplicationContext.log Manager: list: Listing contexts for virtual host 'localhost'
02-Jul-2019 15:00:46.165 INFO [http-nio-8080-exec-361] org.apache.catalina.core.ApplicationContext.log Manager: undeploy: Undeploying web application at '/Opportunity'
02-Jul-2019 15:00:47.210 INFO [http-nio-8080-exec-365] org.apache.catalina.core.ApplicationContext.log Manager: install: Installing context configuration at 'file:/C:/Users/PAULO~1.BEZ/AppData/Local/Temp/context6166159680934481086.xml'
02-Jul-2019 15:00:48.289 INFO [http-nio-8080-exec-369] org.apache.catalina.core.ApplicationContext.log Manager: start: Starting web application '/Opportunity'
02-Jul-2019 15:01:27.604 INFO [http-nio-8080-exec-371] org.apache.catalina.core.ApplicationContext.log Manager: list: Listing contexts for virtual host 'localhost'
02-Jul-2019 15:02:25.663 INFO [http-nio-8080-exec-379] org.apache.catalina.core.ApplicationContext.log Manager: list: Listing contexts for virtual host 'localhost'
02-Jul-2019 15:02:33.303 INFO [http-nio-8080-exec-378] org.apache.catalina.core.ApplicationContext.log Manager: list: Listing contexts for virtual host 'localhost'
02-Jul-2019 15:02:37.531 INFO [http-nio-8080-exec-377] org.apache.catalina.core.ApplicationContext.log Manager: list: Listing contexts for virtual host 'localhost'
02-Jul-2019 15:02:37.533 INFO [http-nio-8080-exec-373] org.apache.catalina.core.ApplicationContext.log Manager: list: Listing contexts for virtual host 'localhost'
02-Jul-2019 15:02:37.544 INFO [http-nio-8080-exec-378] org.apache.catalina.core.ApplicationContext.log Manager: undeploy: Undeploying web application at '/Opportunity'
02-Jul-2019 15:02:38.364 INFO [http-nio-8080-exec-379] org.apache.catalina.core.ApplicationContext.log Manager: install: Installing context configuration at 'file:/C:/Users/PAULO~1.BEZ/AppData/Local/Temp/context8252147465031405609.xml'
02-Jul-2019 15:02:39.408 INFO [http-nio-8080-exec-377] org.apache.catalina.core.ApplicationContext.log Manager: start: Starting web application '/Opportunity'
02-Jul-2019 15:03:06.237 INFO [http-nio-8080-exec-386] org.apache.catalina.core.ApplicationContext.log Manager: list: Listing contexts for virtual host 'localhost'
02-Jul-2019 15:05:08.495 INFO [http-nio-8080-exec-385] org.apache.catalina.core.ApplicationContext.log Manager: list: Listing contexts for virtual host 'localhost'
02-Jul-2019 15:05:12.321 INFO [http-nio-8080-exec-388] org.apache.catalina.core.ApplicationContext.log Manager: list: Listing contexts for virtual host 'localhost'
02-Jul-2019 15:05:12.323 INFO [http-nio-8080-exec-385] org.apache.catalina.core.ApplicationContext.log Manager: list: Listing contexts for virtual host 'localhost'
02-Jul-2019 15:05:12.333 INFO [http-nio-8080-exec-386] org.apache.catalina.core.ApplicationContext.log Manager: undeploy: Undeploying web application at '/Opportunity'
02-Jul-2019 15:05:13.217 INFO [http-nio-8080-exec-387] org.apache.catalina.core.ApplicationContext.log Manager: install: Installing context configuration at 'file:/C:/Users/PAULO~1.BEZ/AppData/Local/Temp/context4045957650260203748.xml'
02-Jul-2019 15:05:14.278 INFO [http-nio-8080-exec-388] org.apache.catalina.core.ApplicationContext.log Manager: start: Starting web application '/Opportunity'
02-Jul-2019 15:05:51.358 INFO [http-nio-8080-exec-395] org.apache.catalina.core.ApplicationContext.log Manager: list: Listing contexts for virtual host 'localhost'
02-Jul-2019 15:05:59.154 INFO [http-nio-8080-exec-393] org.apache.catalina.core.ApplicationContext.log Manager: list: Listing contexts for virtual host 'localhost'
02-Jul-2019 15:06:02.592 INFO [http-nio-8080-exec-396] org.apache.catalina.core.ApplicationContext.log Manager: list: Listing contexts for virtual host 'localhost'
02-Jul-2019 15:06:02.593 INFO [http-nio-8080-exec-397] org.apache.catalina.core.ApplicationContext.log Manager: list: Listing contexts for virtual host 'localhost'
02-Jul-2019 15:06:02.605 INFO [http-nio-8080-exec-398] org.apache.catalina.core.ApplicationContext.log Manager: undeploy: Undeploying web application at '/Opportunity'
02-Jul-2019 15:06:03.349 INFO [http-nio-8080-exec-391] org.apache.catalina.core.ApplicationContext.log Manager: install: Installing context configuration at 'file:/C:/Users/PAULO~1.BEZ/AppData/Local/Temp/context2112977866034245444.xml'
02-Jul-2019 15:06:04.500 INFO [http-nio-8080-exec-396] org.apache.catalina.core.ApplicationContext.log Manager: start: Starting web application '/Opportunity'
02-Jul-2019 15:06:31.842 INFO [http-nio-8080-exec-397] org.apache.catalina.core.ApplicationContext.log Manager: list: Listing contexts for virtual host 'localhost'
02-Jul-2019 15:07:00.103 INFO [http-nio-8080-exec-406] org.apache.catalina.core.ApplicationContext.log Manager: list: Listing contexts for virtual host 'localhost'
02-Jul-2019 15:07:29.587 INFO [http-nio-8080-exec-405] org.apache.catalina.core.ApplicationContext.log Manager: list: Listing contexts for virtual host 'localhost'
02-Jul-2019 15:07:33.072 INFO [http-nio-8080-exec-403] org.apache.catalina.core.ApplicationContext.log Manager: list: Listing contexts for virtual host 'localhost'
02-Jul-2019 15:07:33.075 INFO [http-nio-8080-exec-409] org.apache.catalina.core.ApplicationContext.log Manager: list: Listing contexts for virtual host 'localhost'
02-Jul-2019 15:07:33.089 INFO [http-nio-8080-exec-397] org.apache.catalina.core.ApplicationContext.log Manager: undeploy: Undeploying web application at '/Opportunity'
02-Jul-2019 15:07:33.955 INFO [http-nio-8080-exec-404] org.apache.catalina.core.ApplicationContext.log Manager: install: Installing context configuration at 'file:/C:/Users/PAULO~1.BEZ/AppData/Local/Temp/context1423710886067310121.xml'
02-Jul-2019 15:07:35.119 INFO [http-nio-8080-exec-405] org.apache.catalina.core.ApplicationContext.log Manager: start: Starting web application '/Opportunity'
02-Jul-2019 15:08:20.978 INFO [http-nio-8080-exec-407] org.apache.catalina.core.ApplicationContext.log Manager: list: Listing contexts for virtual host 'localhost'
02-Jul-2019 15:08:24.652 INFO [http-nio-8080-exec-416] org.apache.catalina.core.ApplicationContext.log Manager: list: Listing contexts for virtual host 'localhost'
02-Jul-2019 15:08:24.654 INFO [http-nio-8080-exec-412] org.apache.catalina.core.ApplicationContext.log Manager: list: Listing contexts for virtual host 'localhost'
02-Jul-2019 15:08:24.665 INFO [http-nio-8080-exec-417] org.apache.catalina.core.ApplicationContext.log Manager: undeploy: Undeploying web application at '/Opportunity'
02-Jul-2019 15:08:25.454 INFO [http-nio-8080-exec-414] org.apache.catalina.core.ApplicationContext.log Manager: install: Installing context configuration at 'file:/C:/Users/PAULO~1.BEZ/AppData/Local/Temp/context8769670316218171552.xml'
02-Jul-2019 15:08:29.848 INFO [http-nio-8080-exec-412] org.apache.catalina.core.ApplicationContext.log Manager: start: Starting web application '/Opportunity'
02-Jul-2019 15:09:08.252 INFO [http-nio-8080-exec-410] org.apache.catalina.core.ApplicationContext.log Manager: list: Listing contexts for virtual host 'localhost'
02-Jul-2019 15:10:09.475 INFO [http-nio-8080-exec-407] org.apache.catalina.core.ApplicationContext.log Manager: list: Listing contexts for virtual host 'localhost'
02-Jul-2019 15:10:12.826 INFO [http-nio-8080-exec-420] org.apache.catalina.core.ApplicationContext.log Manager: list: Listing contexts for virtual host 'localhost'
02-Jul-2019 15:10:12.827 INFO [http-nio-8080-exec-421] org.apache.catalina.core.ApplicationContext.log Manager: list: Listing contexts for virtual host 'localhost'
02-Jul-2019 15:10:12.844 INFO [http-nio-8080-exec-423] org.apache.catalina.core.ApplicationContext.log Manager: undeploy: Undeploying web application at '/Opportunity'
02-Jul-2019 15:10:13.123 INFO [http-nio-8080-exec-420] org.apache.catalina.core.ApplicationContext.log Manager: install: Installing context configuration at 'file:/C:/Users/PAULO~1.BEZ/AppData/Local/Temp/context1584020907232624891.xml'
02-Jul-2019 15:11:21.544 INFO [http-nio-8080-exec-421] org.apache.catalina.core.ApplicationContext.log Manager: list: Listing contexts for virtual host 'localhost'
02-Jul-2019 15:11:21.875 INFO [http-nio-8080-exec-428] org.apache.catalina.core.ApplicationContext.log Manager: list: Listing contexts for virtual host 'localhost'
02-Jul-2019 15:11:21.877 INFO [http-nio-8080-exec-430] org.apache.catalina.core.ApplicationContext.log Manager: list: Listing contexts for virtual host 'localhost'
02-Jul-2019 15:11:21.895 INFO [http-nio-8080-exec-422] org.apache.catalina.core.ApplicationContext.log Manager: undeploy: Undeploying web application at '/Opportunity'
02-Jul-2019 15:11:22.454 INFO [http-nio-8080-exec-421] org.apache.catalina.core.ApplicationContext.log Manager: install: Installing context configuration at 'file:/C:/Users/PAULO~1.BEZ/AppData/Local/Temp/context8089134087140960202.xml'
02-Jul-2019 15:11:23.899 INFO [http-nio-8080-exec-424] org.apache.catalina.core.ApplicationContext.log Manager: start: Starting web application '/Opportunity'
02-Jul-2019 15:12:40.709 INFO [http-nio-8080-exec-433] org.apache.catalina.core.ApplicationContext.log Manager: list: Listing contexts for virtual host 'localhost'
02-Jul-2019 15:12:40.719 INFO [http-nio-8080-exec-434] org.apache.catalina.core.ApplicationContext.log Manager: undeploy: Undeploying web application at '/Opportunity'
02-Jul-2019 15:12:57.108 INFO [http-nio-8080-exec-430] org.apache.catalina.core.ApplicationContext.log Manager: list: Listing contexts for virtual host 'localhost'
02-Jul-2019 15:14:49.770 INFO [http-nio-8080-exec-442] org.apache.catalina.core.ApplicationContext.log Manager: list: Listing contexts for virtual host 'localhost'
02-Jul-2019 15:14:49.773 INFO [http-nio-8080-exec-435] org.apache.catalina.core.ApplicationContext.log Manager: list: Listing contexts for virtual host 'localhost'
02-Jul-2019 15:15:15.170 INFO [http-nio-8080-exec-444] org.apache.catalina.core.ApplicationContext.log Manager: list: Listing contexts for virtual host 'localhost'
02-Jul-2019 15:16:37.457 INFO [http-nio-8080-exec-440] org.apache.catalina.core.ApplicationContext.log Manager: list: Listing contexts for virtual host 'localhost'
02-Jul-2019 15:16:37.460 INFO [http-nio-8080-exec-441] org.apache.catalina.core.ApplicationContext.log Manager: list: Listing contexts for virtual host 'localhost'
02-Jul-2019 15:16:37.523 INFO [http-nio-8080-exec-442] org.apache.catalina.core.ApplicationContext.log Manager: install: Installing context configuration at 'file:/C:/Users/PAULO~1.BEZ/AppData/Local/Temp/context490717787344150199.xml'
02-Jul-2019 15:16:39.611 INFO [http-nio-8080-exec-444] org.apache.catalina.core.ApplicationContext.log Manager: start: Starting web application '/Opportunity'
02-Jul-2019 15:19:57.239 INFO [http-nio-8080-exec-447] org.apache.catalina.core.ApplicationContext.log Manager: list: Listing contexts for virtual host 'localhost'
02-Jul-2019 15:20:00.873 INFO [http-nio-8080-exec-443] org.apache.catalina.core.ApplicationContext.log Manager: list: Listing contexts for virtual host 'localhost'
02-Jul-2019 15:20:00.874 INFO [http-nio-8080-exec-444] org.apache.catalina.core.ApplicationContext.log Manager: list: Listing contexts for virtual host 'localhost'
02-Jul-2019 15:20:00.900 INFO [http-nio-8080-exec-440] org.apache.catalina.core.ApplicationContext.log Manager: undeploy: Undeploying web application at '/Opportunity'
02-Jul-2019 15:20:05.652 INFO [http-nio-8080-exec-447] org.apache.catalina.core.ApplicationContext.log Manager: install: Installing context configuration at 'file:/C:/Users/PAULO~1.BEZ/AppData/Local/Temp/context341094011281562913.xml'
02-Jul-2019 15:20:08.098 INFO [http-nio-8080-exec-443] org.apache.catalina.core.ApplicationContext.log Manager: start: Starting web application '/Opportunity'
02-Jul-2019 15:23:32.034 INFO [http-nio-8080-exec-453] org.apache.catalina.core.ApplicationContext.log Manager: list: Listing contexts for virtual host 'localhost'
02-Jul-2019 15:24:10.462 INFO [http-nio-8080-exec-451] org.apache.catalina.core.ApplicationContext.log Manager: list: Listing contexts for virtual host 'localhost'
02-Jul-2019 15:24:32.444 INFO [http-nio-8080-exec-455] org.apache.catalina.core.ApplicationContext.log Manager: list: Listing contexts for virtual host 'localhost'
02-Jul-2019 15:24:36.505 INFO [http-nio-8080-exec-449] org.apache.catalina.core.ApplicationContext.log Manager: list: Listing contexts for virtual host 'localhost'
02-Jul-2019 15:24:36.507 INFO [http-nio-8080-exec-453] org.apache.catalina.core.ApplicationContext.log Manager: list: Listing contexts for virtual host 'localhost'
02-Jul-2019 15:24:36.531 INFO [http-nio-8080-exec-454] org.apache.catalina.core.ApplicationContext.log Manager: undeploy: Undeploying web application at '/Opportunity'
02-Jul-2019 15:24:37.505 INFO [http-nio-8080-exec-450] org.apache.catalina.core.ApplicationContext.log Manager: install: Installing context configuration at 'file:/C:/Users/PAULO~1.BEZ/AppData/Local/Temp/context1017786808991314347.xml'
02-Jul-2019 15:24:41.931 INFO [http-nio-8080-exec-457] org.apache.catalina.core.ApplicationContext.log Manager: start: Starting web application '/Opportunity'
02-Jul-2019 15:25:24.511 INFO [http-nio-8080-exec-448] org.apache.catalina.core.ApplicationContext.log Manager: list: Listing contexts for virtual host 'localhost'
02-Jul-2019 15:25:28.544 INFO [http-nio-8080-exec-463] org.apache.catalina.core.ApplicationContext.log Manager: list: Listing contexts for virtual host 'localhost'
02-Jul-2019 15:25:28.546 INFO [http-nio-8080-exec-464] org.apache.catalina.core.ApplicationContext.log Manager: list: Listing contexts for virtual host 'localhost'
02-Jul-2019 15:25:28.556 INFO [http-nio-8080-exec-461] org.apache.catalina.core.ApplicationContext.log Manager: undeploy: Undeploying web application at '/Opportunity'
02-Jul-2019 15:25:29.460 INFO [http-nio-8080-exec-455] org.apache.catalina.core.ApplicationContext.log Manager: install: Installing context configuration at 'file:/C:/Users/PAULO~1.BEZ/AppData/Local/Temp/context4823828212905195526.xml'
02-Jul-2019 15:25:30.666 INFO [http-nio-8080-exec-458] org.apache.catalina.core.ApplicationContext.log Manager: start: Starting web application '/Opportunity'
02-Jul-2019 15:25:55.167 INFO [http-nio-8080-exec-465] org.apache.catalina.core.ApplicationContext.log Manager: list: Listing contexts for virtual host 'localhost'
02-Jul-2019 15:25:59.286 INFO [http-nio-8080-exec-470] org.apache.catalina.core.ApplicationContext.log Manager: list: Listing contexts for virtual host 'localhost'
02-Jul-2019 15:25:59.288 INFO [http-nio-8080-exec-471] org.apache.catalina.core.ApplicationContext.log Manager: list: Listing contexts for virtual host 'localhost'
02-Jul-2019 15:25:59.303 INFO [http-nio-8080-exec-462] org.apache.catalina.core.ApplicationContext.log Manager: undeploy: Undeploying web application at '/Opportunity'
02-Jul-2019 15:26:00.180 INFO [http-nio-8080-exec-467] org.apache.catalina.core.ApplicationContext.log Manager: install: Installing context configuration at 'file:/C:/Users/PAULO~1.BEZ/AppData/Local/Temp/context8427004832972978707.xml'
02-Jul-2019 15:26:02.936 INFO [http-nio-8080-exec-468] org.apache.catalina.core.ApplicationContext.log Manager: start: Starting web application '/Opportunity'
02-Jul-2019 15:26:38.292 INFO [http-nio-8080-exec-475] org.apache.catalina.core.ApplicationContext.log Manager: list: Listing contexts for virtual host 'localhost'
02-Jul-2019 15:26:46.262 INFO [http-nio-8080-exec-480] org.apache.catalina.core.ApplicationContext.log Manager: list: Listing contexts for virtual host 'localhost'
02-Jul-2019 15:27:03.056 INFO [http-nio-8080-exec-473] org.apache.catalina.core.ApplicationContext.log Manager: list: Listing contexts for virtual host 'localhost'
02-Jul-2019 15:27:03.059 INFO [http-nio-8080-exec-478] org.apache.catalina.core.ApplicationContext.log Manager: list: Listing contexts for virtual host 'localhost'
02-Jul-2019 15:27:03.078 INFO [http-nio-8080-exec-479] org.apache.catalina.core.ApplicationContext.log Manager: undeploy: Undeploying web application at '/Opportunity'
02-Jul-2019 15:27:04.160 INFO [http-nio-8080-exec-481] org.apache.catalina.core.ApplicationContext.log Manager: install: Installing context configuration at 'file:/C:/Users/PAULO~1.BEZ/AppData/Local/Temp/context3684269588355509542.xml'
02-Jul-2019 15:27:05.884 INFO [http-nio-8080-exec-482] org.apache.catalina.core.ApplicationContext.log Manager: start: Starting web application '/Opportunity'
02-Jul-2019 15:27:39.923 INFO [http-nio-8080-exec-480] org.apache.catalina.core.ApplicationContext.log Manager: list: Listing contexts for virtual host 'localhost'
02-Jul-2019 15:28:01.036 INFO [http-nio-8080-exec-487] org.apache.catalina.core.ApplicationContext.log Manager: list: Listing contexts for virtual host 'localhost'
02-Jul-2019 15:28:06.927 INFO [http-nio-8080-exec-489] org.apache.catalina.core.ApplicationContext.log Manager: list: Listing contexts for virtual host 'localhost'
02-Jul-2019 15:28:06.929 INFO [http-nio-8080-exec-483] org.apache.catalina.core.ApplicationContext.log Manager: list: Listing contexts for virtual host 'localhost'
02-Jul-2019 15:28:06.945 INFO [http-nio-8080-exec-484] org.apache.catalina.core.ApplicationContext.log Manager: undeploy: Undeploying web application at '/Opportunity'
02-Jul-2019 15:28:07.897 INFO [http-nio-8080-exec-480] org.apache.catalina.core.ApplicationContext.log Manager: install: Installing context configuration at 'file:/C:/Users/PAULO~1.BEZ/AppData/Local/Temp/context2328651487719741641.xml'
02-Jul-2019 15:28:09.502 INFO [http-nio-8080-exec-490] org.apache.catalina.core.ApplicationContext.log Manager: start: Starting web application '/Opportunity'
02-Jul-2019 15:28:51.086 INFO [http-nio-8080-exec-483] org.apache.catalina.core.ApplicationContext.log Manager: list: Listing contexts for virtual host 'localhost'
02-Jul-2019 15:29:26.410 INFO [http-nio-8080-exec-496] org.apache.catalina.core.ApplicationContext.log Manager: list: Listing contexts for virtual host 'localhost'
02-Jul-2019 15:29:39.628 INFO [http-nio-8080-exec-497] org.apache.catalina.core.ApplicationContext.log Manager: list: Listing contexts for virtual host 'localhost'
02-Jul-2019 15:29:59.469 INFO [http-nio-8080-exec-498] org.apache.catalina.core.ApplicationContext.log Manager: list: Listing contexts for virtual host 'localhost'
02-Jul-2019 15:30:03.835 INFO [http-nio-8080-exec-491] org.apache.catalina.core.ApplicationContext.log Manager: list: Listing contexts for virtual host 'localhost'
02-Jul-2019 15:30:03.837 INFO [http-nio-8080-exec-495] org.apache.catalina.core.ApplicationContext.log Manager: list: Listing contexts for virtual host 'localhost'
02-Jul-2019 15:30:03.854 INFO [http-nio-8080-exec-496] org.apache.catalina.core.ApplicationContext.log Manager: undeploy: Undeploying web application at '/Opportunity'
02-Jul-2019 15:30:04.949 INFO [http-nio-8080-exec-495] org.apache.catalina.core.ApplicationContext.log Manager: install: Installing context configuration at 'file:/C:/Users/PAULO~1.BEZ/AppData/Local/Temp/context8887271317119554476.xml'
02-Jul-2019 15:30:06.356 INFO [http-nio-8080-exec-493] org.apache.catalina.core.ApplicationContext.log Manager: start: Starting web application '/Opportunity'
02-Jul-2019 15:31:27.748 INFO [http-nio-8080-exec-506] org.apache.catalina.core.ApplicationContext.log Manager: list: Listing contexts for virtual host 'localhost'
02-Jul-2019 15:31:31.523 INFO [http-nio-8080-exec-503] org.apache.catalina.core.ApplicationContext.log Manager: list: Listing contexts for virtual host 'localhost'
02-Jul-2019 15:31:31.525 INFO [http-nio-8080-exec-504] org.apache.catalina.core.ApplicationContext.log Manager: list: Listing contexts for virtual host 'localhost'
02-Jul-2019 15:31:31.538 INFO [http-nio-8080-exec-505] org.apache.catalina.core.ApplicationContext.log Manager: undeploy: Undeploying web application at '/Opportunity'
02-Jul-2019 15:31:32.407 INFO [http-nio-8080-exec-503] org.apache.catalina.core.ApplicationContext.log Manager: install: Installing context configuration at 'file:/C:/Users/PAULO~1.BEZ/AppData/Local/Temp/context6971939337461003602.xml'
02-Jul-2019 15:31:34.204 INFO [http-nio-8080-exec-506] org.apache.catalina.core.ApplicationContext.log Manager: start: Starting web application '/Opportunity'
02-Jul-2019 15:34:08.944 INFO [http-nio-8080-exec-512] org.apache.catalina.core.ApplicationContext.log Manager: list: Listing contexts for virtual host 'localhost'
02-Jul-2019 15:34:13.496 INFO [http-nio-8080-exec-513] org.apache.catalina.core.ApplicationContext.log Manager: list: Listing contexts for virtual host 'localhost'
02-Jul-2019 15:34:13.497 INFO [http-nio-8080-exec-514] org.apache.catalina.core.ApplicationContext.log Manager: list: Listing contexts for virtual host 'localhost'
02-Jul-2019 15:34:13.509 INFO [http-nio-8080-exec-515] org.apache.catalina.core.ApplicationContext.log Manager: undeploy: Undeploying web application at '/Opportunity'
02-Jul-2019 15:34:14.245 INFO [http-nio-8080-exec-516] org.apache.catalina.core.ApplicationContext.log Manager: install: Installing context configuration at 'file:/C:/Users/PAULO~1.BEZ/AppData/Local/Temp/context5412977248066348498.xml'
02-Jul-2019 15:35:51.377 INFO [http-nio-8080-exec-514] org.apache.catalina.core.ApplicationContext.log Manager: list: Listing contexts for virtual host 'localhost'
02-Jul-2019 15:35:51.380 INFO [http-nio-8080-exec-517] org.apache.catalina.core.ApplicationContext.log Manager: list: Listing contexts for virtual host 'localhost'
02-Jul-2019 15:35:51.409 INFO [http-nio-8080-exec-512] org.apache.catalina.core.ApplicationContext.log Manager: undeploy: Undeploying web application at '/Opportunity'
02-Jul-2019 15:35:51.980 INFO [http-nio-8080-exec-513] org.apache.catalina.core.ApplicationContext.log Manager: install: Installing context configuration at 'file:/C:/Users/PAULO~1.BEZ/AppData/Local/Temp/context3448178688747890999.xml'
02-Jul-2019 15:35:54.080 INFO [http-nio-8080-exec-523] org.apache.catalina.core.ApplicationContext.log Manager: start: Starting web application '/Opportunity'
02-Jul-2019 15:36:47.833 INFO [http-nio-8080-exec-525] org.apache.catalina.core.ApplicationContext.log Manager: list: Listing contexts for virtual host 'localhost'
02-Jul-2019 15:36:52.212 INFO [http-nio-8080-exec-526] org.apache.catalina.core.ApplicationContext.log Manager: list: Listing contexts for virtual host 'localhost'
02-Jul-2019 15:36:52.214 INFO [http-nio-8080-exec-529] org.apache.catalina.core.ApplicationContext.log Manager: list: Listing contexts for virtual host 'localhost'
02-Jul-2019 15:36:52.236 INFO [http-nio-8080-exec-517] org.apache.catalina.core.ApplicationContext.log Manager: undeploy: Undeploying web application at '/Opportunity'
02-Jul-2019 15:36:53.434 INFO [http-nio-8080-exec-525] org.apache.catalina.core.ApplicationContext.log Manager: install: Installing context configuration at 'file:/C:/Users/PAULO~1.BEZ/AppData/Local/Temp/context5292046048866089046.xml'
02-Jul-2019 15:36:55.241 INFO [http-nio-8080-exec-529] org.apache.catalina.core.ApplicationContext.log Manager: start: Starting web application '/Opportunity'
02-Jul-2019 15:37:25.081 INFO [http-nio-8080-exec-524] org.apache.catalina.core.ApplicationContext.log Manager: list: Listing contexts for virtual host 'localhost'
02-Jul-2019 15:37:56.420 INFO [http-nio-8080-exec-527] org.apache.catalina.core.ApplicationContext.log Manager: list: Listing contexts for virtual host 'localhost'
02-Jul-2019 15:38:13.174 INFO [http-nio-8080-exec-530] org.apache.catalina.core.ApplicationContext.log Manager: list: Listing contexts for virtual host 'localhost'
02-Jul-2019 15:38:17.432 INFO [http-nio-8080-exec-532] org.apache.catalina.core.ApplicationContext.log Manager: list: Listing contexts for virtual host 'localhost'
02-Jul-2019 15:38:17.433 INFO [http-nio-8080-exec-537] org.apache.catalina.core.ApplicationContext.log Manager: list: Listing contexts for virtual host 'localhost'
02-Jul-2019 15:38:17.447 INFO [http-nio-8080-exec-524] org.apache.catalina.core.ApplicationContext.log Manager: undeploy: Undeploying web application at '/Opportunity'
02-Jul-2019 15:38:18.522 INFO [http-nio-8080-exec-531] org.apache.catalina.core.ApplicationContext.log Manager: install: Installing context configuration at 'file:/C:/Users/PAULO~1.BEZ/AppData/Local/Temp/context5048805357584883519.xml'
02-Jul-2019 15:38:20.006 INFO [http-nio-8080-exec-533] org.apache.catalina.core.ApplicationContext.log Manager: start: Starting web application '/Opportunity'
02-Jul-2019 15:38:58.844 INFO [http-nio-8080-exec-541] org.apache.catalina.core.ApplicationContext.log Manager: list: Listing contexts for virtual host 'localhost'
02-Jul-2019 15:39:03.032 INFO [http-nio-8080-exec-544] org.apache.catalina.core.ApplicationContext.log Manager: list: Listing contexts for virtual host 'localhost'
02-Jul-2019 15:39:03.034 INFO [http-nio-8080-exec-532] org.apache.catalina.core.ApplicationContext.log Manager: list: Listing contexts for virtual host 'localhost'
02-Jul-2019 15:39:03.052 INFO [http-nio-8080-exec-537] org.apache.catalina.core.ApplicationContext.log Manager: undeploy: Undeploying web application at '/Opportunity'
02-Jul-2019 15:39:04.098 INFO [http-nio-8080-exec-543] org.apache.catalina.core.ApplicationContext.log Manager: install: Installing context configuration at 'file:/C:/Users/PAULO~1.BEZ/AppData/Local/Temp/context8591188775027469510.xml'
02-Jul-2019 15:39:09.793 INFO [http-nio-8080-exec-541] org.apache.catalina.core.ApplicationContext.log Manager: start: Starting web application '/Opportunity'
02-Jul-2019 15:39:40.176 INFO [http-nio-8080-exec-548] org.apache.catalina.core.ApplicationContext.log Manager: list: Listing contexts for virtual host 'localhost'
02-Jul-2019 15:39:47.281 INFO [http-nio-8080-exec-550] org.apache.catalina.core.ApplicationContext.log Manager: list: Listing contexts for virtual host 'localhost'
02-Jul-2019 15:39:47.283 INFO [http-nio-8080-exec-544] org.apache.catalina.core.ApplicationContext.log Manager: list: Listing contexts for virtual host 'localhost'
02-Jul-2019 15:39:47.301 INFO [http-nio-8080-exec-532] org.apache.catalina.core.ApplicationContext.log Manager: undeploy: Undeploying web application at '/Opportunity'
02-Jul-2019 15:39:48.400 INFO [http-nio-8080-exec-550] org.apache.catalina.core.ApplicationContext.log Manager: install: Installing context configuration at 'file:/C:/Users/PAULO~1.BEZ/AppData/Local/Temp/context2878802220258707672.xml'
02-Jul-2019 15:39:51.128 INFO [http-nio-8080-exec-542] org.apache.catalina.core.ApplicationContext.log Manager: start: Starting web application '/Opportunity'
02-Jul-2019 15:40:40.893 INFO [http-nio-8080-exec-551] org.apache.catalina.core.ApplicationContext.log Manager: list: Listing contexts for virtual host 'localhost'
02-Jul-2019 15:40:45.834 INFO [http-nio-8080-exec-558] org.apache.catalina.core.ApplicationContext.log Manager: list: Listing contexts for virtual host 'localhost'
02-Jul-2019 15:40:45.836 INFO [http-nio-8080-exec-559] org.apache.catalina.core.ApplicationContext.log Manager: list: Listing contexts for virtual host 'localhost'
02-Jul-2019 15:40:45.850 INFO [http-nio-8080-exec-554] org.apache.catalina.core.ApplicationContext.log Manager: undeploy: Undeploying web application at '/Opportunity'
02-Jul-2019 15:40:46.805 INFO [http-nio-8080-exec-553] org.apache.catalina.core.ApplicationContext.log Manager: install: Installing context configuration at 'file:/C:/Users/PAULO~1.BEZ/AppData/Local/Temp/context3105537954809132347.xml'
02-Jul-2019 15:40:49.506 INFO [http-nio-8080-exec-556] org.apache.catalina.core.ApplicationContext.log Manager: start: Starting web application '/Opportunity'
02-Jul-2019 15:41:12.876 INFO [http-nio-8080-exec-562] org.apache.catalina.core.ApplicationContext.log Manager: list: Listing contexts for virtual host 'localhost'
02-Jul-2019 15:41:17.357 INFO [http-nio-8080-exec-561] org.apache.catalina.core.ApplicationContext.log Manager: list: Listing contexts for virtual host 'localhost'
02-Jul-2019 15:41:17.359 INFO [http-nio-8080-exec-565] org.apache.catalina.core.ApplicationContext.log Manager: list: Listing contexts for virtual host 'localhost'
02-Jul-2019 15:41:17.377 INFO [http-nio-8080-exec-560] org.apache.catalina.core.ApplicationContext.log Manager: undeploy: Undeploying web application at '/Opportunity'
02-Jul-2019 15:41:19.499 INFO [http-nio-8080-exec-564] org.apache.catalina.core.ApplicationContext.log Manager: install: Installing context configuration at 'file:/C:/Users/PAULO~1.BEZ/AppData/Local/Temp/context6033937281562139066.xml'
02-Jul-2019 15:41:22.714 INFO [http-nio-8080-exec-551] org.apache.catalina.core.ApplicationContext.log Manager: start: Starting web application '/Opportunity'
02-Jul-2019 15:42:37.819 INFO [http-nio-8080-exec-571] org.apache.catalina.core.ApplicationContext.log Manager: list: Listing contexts for virtual host 'localhost'
02-Jul-2019 15:42:46.276 INFO [http-nio-8080-exec-569] org.apache.catalina.core.ApplicationContext.log Manager: list: Listing contexts for virtual host 'localhost'
02-Jul-2019 15:42:51.522 INFO [http-nio-8080-exec-574] org.apache.catalina.core.ApplicationContext.log Manager: list: Listing contexts for virtual host 'localhost'
02-Jul-2019 15:42:51.524 INFO [http-nio-8080-exec-575] org.apache.catalina.core.ApplicationContext.log Manager: list: Listing contexts for virtual host 'localhost'
02-Jul-2019 15:42:51.544 INFO [http-nio-8080-exec-569] org.apache.catalina.core.ApplicationContext.log Manager: undeploy: Undeploying web application at '/Opportunity'
02-Jul-2019 15:42:52.675 INFO [http-nio-8080-exec-568] org.apache.catalina.core.ApplicationContext.log Manager: install: Installing context configuration at 'file:/C:/Users/PAULO~1.BEZ/AppData/Local/Temp/context6908553369009346450.xml'
02-Jul-2019 15:42:55.953 INFO [http-nio-8080-exec-570] org.apache.catalina.core.ApplicationContext.log Manager: start: Starting web application '/Opportunity'
02-Jul-2019 15:43:30.022 INFO [http-nio-8080-exec-574] org.apache.catalina.core.ApplicationContext.log Manager: list: Listing contexts for virtual host 'localhost'
02-Jul-2019 15:43:34.267 INFO [http-nio-8080-exec-583] org.apache.catalina.core.ApplicationContext.log Manager: list: Listing contexts for virtual host 'localhost'
02-Jul-2019 15:43:34.269 INFO [http-nio-8080-exec-584] org.apache.catalina.core.ApplicationContext.log Manager: list: Listing contexts for virtual host 'localhost'
02-Jul-2019 15:43:34.291 INFO [http-nio-8080-exec-576] org.apache.catalina.core.ApplicationContext.log Manager: undeploy: Undeploying web application at '/Opportunity'
02-Jul-2019 15:43:35.416 INFO [http-nio-8080-exec-584] org.apache.catalina.core.ApplicationContext.log Manager: install: Installing context configuration at 'file:/C:/Users/PAULO~1.BEZ/AppData/Local/Temp/context3424307840697494598.xml'
02-Jul-2019 15:43:37.585 INFO [http-nio-8080-exec-580] org.apache.catalina.core.ApplicationContext.log Manager: start: Starting web application '/Opportunity'
02-Jul-2019 15:44:02.615 INFO [http-nio-8080-exec-585] org.apache.catalina.core.ApplicationContext.log Manager: list: Listing contexts for virtual host 'localhost'
02-Jul-2019 15:44:12.749 INFO [http-nio-8080-exec-591] org.apache.catalina.core.ApplicationContext.log Manager: list: Listing contexts for virtual host 'localhost'
02-Jul-2019 15:44:16.139 INFO [http-nio-8080-exec-586] org.apache.catalina.core.ApplicationContext.log Manager: list: Listing contexts for virtual host 'localhost'
02-Jul-2019 15:44:16.145 INFO [http-nio-8080-exec-589] org.apache.catalina.core.ApplicationContext.log Manager: list: Listing contexts for virtual host 'localhost'
02-Jul-2019 15:44:16.192 INFO [http-nio-8080-exec-590] org.apache.catalina.core.ApplicationContext.log Manager: undeploy: Undeploying web application at '/Opportunity'
02-Jul-2019 15:44:17.351 INFO [http-nio-8080-exec-594] org.apache.catalina.core.ApplicationContext.log Manager: install: Installing context configuration at 'file:/C:/Users/PAULO~1.BEZ/AppData/Local/Temp/context1460105563627266015.xml'
02-Jul-2019 15:44:19.152 INFO [http-nio-8080-exec-587] org.apache.catalina.core.ApplicationContext.log Manager: start: Starting web application '/Opportunity'
02-Jul-2019 15:44:35.448 INFO [http-nio-8080-exec-593] org.apache.catalina.core.ApplicationContext.log Manager: list: Listing contexts for virtual host 'localhost'
02-Jul-2019 15:44:40.034 INFO [http-nio-8080-exec-599] org.apache.catalina.core.ApplicationContext.log Manager: list: Listing contexts for virtual host 'localhost'
02-Jul-2019 15:44:40.037 INFO [http-nio-8080-exec-592] org.apache.catalina.core.ApplicationContext.log Manager: list: Listing contexts for virtual host 'localhost'
02-Jul-2019 15:44:40.050 INFO [http-nio-8080-exec-600] org.apache.catalina.core.ApplicationContext.log Manager: undeploy: Undeploying web application at '/Opportunity'
02-Jul-2019 15:44:42.598 INFO [http-nio-8080-exec-601] org.apache.catalina.core.ApplicationContext.log Manager: install: Installing context configuration at 'file:/C:/Users/PAULO~1.BEZ/AppData/Local/Temp/context3467237115077775832.xml'
02-Jul-2019 15:44:44.693 INFO [http-nio-8080-exec-598] org.apache.catalina.core.ApplicationContext.log Manager: start: Starting web application '/Opportunity'
02-Jul-2019 15:45:06.824 INFO [http-nio-8080-exec-603] org.apache.catalina.core.ApplicationContext.log Manager: list: Listing contexts for virtual host 'localhost'
02-Jul-2019 15:45:12.381 INFO [http-nio-8080-exec-605] org.apache.catalina.core.ApplicationContext.log Manager: list: Listing contexts for virtual host 'localhost'
02-Jul-2019 15:45:12.384 INFO [http-nio-8080-exec-592] org.apache.catalina.core.ApplicationContext.log Manager: list: Listing contexts for virtual host 'localhost'
02-Jul-2019 15:45:12.401 INFO [http-nio-8080-exec-602] org.apache.catalina.core.ApplicationContext.log Manager: undeploy: Undeploying web application at '/Opportunity'
02-Jul-2019 15:45:13.378 INFO [http-nio-8080-exec-606] org.apache.catalina.core.ApplicationContext.log Manager: install: Installing context configuration at 'file:/C:/Users/PAULO~1.BEZ/AppData/Local/Temp/context7514615175381101048.xml'
02-Jul-2019 15:45:14.491 INFO [http-nio-8080-exec-595] org.apache.catalina.core.ApplicationContext.log Manager: start: Starting web application '/Opportunity'
02-Jul-2019 15:45:52.763 INFO [http-nio-8080-exec-593] org.apache.catalina.core.ApplicationContext.log Manager: list: Listing contexts for virtual host 'localhost'
02-Jul-2019 15:45:56.573 INFO [http-nio-8080-exec-613] org.apache.catalina.core.ApplicationContext.log Manager: list: Listing contexts for virtual host 'localhost'
02-Jul-2019 15:45:56.575 INFO [http-nio-8080-exec-608] org.apache.catalina.core.ApplicationContext.log Manager: list: Listing contexts for virtual host 'localhost'
02-Jul-2019 15:45:56.588 INFO [http-nio-8080-exec-605] org.apache.catalina.core.ApplicationContext.log Manager: undeploy: Undeploying web application at '/Opportunity'
02-Jul-2019 15:45:56.975 INFO [http-nio-8080-exec-608] org.apache.catalina.core.ApplicationContext.log Manager: install: Installing context configuration at 'file:/C:/Users/PAULO~1.BEZ/AppData/Local/Temp/context1530483526567770063.xml'
02-Jul-2019 15:47:44.844 INFO [http-nio-8080-exec-609] org.apache.catalina.core.ApplicationContext.log Manager: list: Listing contexts for virtual host 'localhost'
02-Jul-2019 15:47:44.847 INFO [http-nio-8080-exec-605] org.apache.catalina.core.ApplicationContext.log Manager: list: Listing contexts for virtual host 'localhost'
02-Jul-2019 15:47:44.868 INFO [http-nio-8080-exec-616] org.apache.catalina.core.ApplicationContext.log Manager: undeploy: Undeploying web application at '/Opportunity'
02-Jul-2019 15:47:45.429 INFO [http-nio-8080-exec-608] org.apache.catalina.core.ApplicationContext.log Manager: install: Installing context configuration at 'file:/C:/Users/PAULO~1.BEZ/AppData/Local/Temp/context8709294388282363084.xml'
02-Jul-2019 15:47:46.850 INFO [http-nio-8080-exec-615] org.apache.catalina.core.ApplicationContext.log Manager: start: Starting web application '/Opportunity'
02-Jul-2019 15:48:31.104 INFO [http-nio-8080-exec-613] org.apache.catalina.core.ApplicationContext.log Manager: list: Listing contexts for virtual host 'localhost'
02-Jul-2019 15:48:35.024 INFO [http-nio-8080-exec-615] org.apache.catalina.core.ApplicationContext.log Manager: list: Listing contexts for virtual host 'localhost'
02-Jul-2019 15:48:35.026 INFO [http-nio-8080-exec-622] org.apache.catalina.core.ApplicationContext.log Manager: list: Listing contexts for virtual host 'localhost'
02-Jul-2019 15:48:35.042 INFO [http-nio-8080-exec-619] org.apache.catalina.core.ApplicationContext.log Manager: undeploy: Undeploying web application at '/Opportunity'
02-Jul-2019 15:48:36.300 INFO [http-nio-8080-exec-615] org.apache.catalina.core.ApplicationContext.log Manager: install: Installing context configuration at 'file:/C:/Users/PAULO~1.BEZ/AppData/Local/Temp/context3971404593197525072.xml'
02-Jul-2019 15:48:38.180 INFO [http-nio-8080-exec-620] org.apache.catalina.core.ApplicationContext.log Manager: start: Starting web application '/Opportunity'
02-Jul-2019 15:48:58.865 INFO [http-nio-8080-exec-625] org.apache.catalina.core.ApplicationContext.log Manager: list: Listing contexts for virtual host 'localhost'
02-Jul-2019 15:49:09.716 INFO [http-nio-8080-exec-628] org.apache.catalina.core.ApplicationContext.log Manager: list: Listing contexts for virtual host 'localhost'
02-Jul-2019 15:49:09.718 INFO [http-nio-8080-exec-622] org.apache.catalina.core.ApplicationContext.log Manager: list: Listing contexts for virtual host 'localhost'
02-Jul-2019 15:49:09.746 INFO [http-nio-8080-exec-613] org.apache.catalina.core.ApplicationContext.log Manager: undeploy: Undeploying web application at '/Opportunity'
02-Jul-2019 15:49:10.978 INFO [http-nio-8080-exec-624] org.apache.catalina.core.ApplicationContext.log Manager: install: Installing context configuration at 'file:/C:/Users/PAULO~1.BEZ/AppData/Local/Temp/context3587176417502273987.xml'
02-Jul-2019 15:49:12.522 INFO [http-nio-8080-exec-622] org.apache.catalina.core.ApplicationContext.log Manager: start: Starting web application '/Opportunity'
02-Jul-2019 15:49:32.091 INFO [http-nio-8080-exec-633] org.apache.catalina.core.ApplicationContext.log Manager: list: Listing contexts for virtual host 'localhost'
02-Jul-2019 15:49:45.111 INFO [http-nio-8080-exec-635] org.apache.catalina.core.ApplicationContext.log Manager: list: Listing contexts for virtual host 'localhost'
02-Jul-2019 15:49:48.819 INFO [http-nio-8080-exec-634] org.apache.catalina.core.ApplicationContext.log Manager: list: Listing contexts for virtual host 'localhost'
02-Jul-2019 15:49:48.820 INFO [http-nio-8080-exec-630] org.apache.catalina.core.ApplicationContext.log Manager: list: Listing contexts for virtual host 'localhost'
02-Jul-2019 15:49:48.834 INFO [http-nio-8080-exec-631] org.apache.catalina.core.ApplicationContext.log Manager: undeploy: Undeploying web application at '/Opportunity'
02-Jul-2019 15:49:49.958 INFO [http-nio-8080-exec-633] org.apache.catalina.core.ApplicationContext.log Manager: install: Installing context configuration at 'file:/C:/Users/PAULO~1.BEZ/AppData/Local/Temp/context8614229395857046594.xml'
02-Jul-2019 15:49:51.835 INFO [http-nio-8080-exec-638] org.apache.catalina.core.ApplicationContext.log Manager: start: Starting web application '/Opportunity'
02-Jul-2019 15:50:08.086 INFO [http-nio-8080-exec-642] org.apache.catalina.core.ApplicationContext.log Manager: list: Listing contexts for virtual host 'localhost'
02-Jul-2019 15:50:12.217 INFO [http-nio-8080-exec-645] org.apache.catalina.core.ApplicationContext.log Manager: list: Listing contexts for virtual host 'localhost'
02-Jul-2019 15:50:12.219 INFO [http-nio-8080-exec-636] org.apache.catalina.core.ApplicationContext.log Manager: list: Listing contexts for virtual host 'localhost'
02-Jul-2019 15:50:12.241 INFO [http-nio-8080-exec-641] org.apache.catalina.core.ApplicationContext.log Manager: undeploy: Undeploying web application at '/Opportunity'
02-Jul-2019 15:50:13.364 INFO [http-nio-8080-exec-639] org.apache.catalina.core.ApplicationContext.log Manager: install: Installing context configuration at 'file:/C:/Users/PAULO~1.BEZ/AppData/Local/Temp/context2745841954302031350.xml'
02-Jul-2019 15:50:15.007 INFO [http-nio-8080-exec-640] org.apache.catalina.core.ApplicationContext.log Manager: start: Starting web application '/Opportunity'
02-Jul-2019 15:50:31.855 INFO [http-nio-8080-exec-649] org.apache.catalina.core.ApplicationContext.log Manager: list: Listing contexts for virtual host 'localhost'
02-Jul-2019 15:50:35.559 INFO [http-nio-8080-exec-647] org.apache.catalina.core.ApplicationContext.log Manager: list: Listing contexts for virtual host 'localhost'
02-Jul-2019 15:50:35.561 INFO [http-nio-8080-exec-652] org.apache.catalina.core.ApplicationContext.log Manager: list: Listing contexts for virtual host 'localhost'
02-Jul-2019 15:50:35.576 INFO [http-nio-8080-exec-636] org.apache.catalina.core.ApplicationContext.log Manager: undeploy: Undeploying web application at '/Opportunity'
02-Jul-2019 15:50:36.203 INFO [http-nio-8080-exec-652] org.apache.catalina.core.ApplicationContext.log Manager: install: Installing context configuration at 'file:/C:/Users/PAULO~1.BEZ/AppData/Local/Temp/context1611178899784149944.xml'
02-Jul-2019 15:52:00.522 INFO [http-nio-8080-exec-648] org.apache.catalina.core.ApplicationContext.log Manager: list: Listing contexts for virtual host 'localhost'
02-Jul-2019 15:52:00.524 INFO [http-nio-8080-exec-644] org.apache.catalina.core.ApplicationContext.log Manager: list: Listing contexts for virtual host 'localhost'
02-Jul-2019 15:52:00.551 INFO [http-nio-8080-exec-651] org.apache.catalina.core.ApplicationContext.log Manager: undeploy: Undeploying web application at '/Opportunity'
02-Jul-2019 15:52:01.124 INFO [http-nio-8080-exec-649] org.apache.catalina.core.ApplicationContext.log Manager: install: Installing context configuration at 'file:/C:/Users/PAULO~1.BEZ/AppData/Local/Temp/context109420140734135445.xml'
02-Jul-2019 15:52:02.807 INFO [http-nio-8080-exec-636] org.apache.catalina.core.ApplicationContext.log Manager: start: Starting web application '/Opportunity'
02-Jul-2019 15:52:52.361 INFO [http-nio-8080-exec-658] org.apache.catalina.core.ApplicationContext.log Manager: list: Listing contexts for virtual host 'localhost'
02-Jul-2019 15:53:30.474 INFO [http-nio-8080-exec-656] org.apache.catalina.core.ApplicationContext.log Manager: list: Listing contexts for virtual host 'localhost'
02-Jul-2019 15:54:17.337 INFO [http-nio-8080-exec-657] org.apache.catalina.core.ApplicationContext.log Manager: list: Listing contexts for virtual host 'localhost'
02-Jul-2019 15:54:22.682 INFO [http-nio-8080-exec-659] org.apache.catalina.core.ApplicationContext.log Manager: list: Listing contexts for virtual host 'localhost'
02-Jul-2019 15:54:22.685 INFO [http-nio-8080-exec-660] org.apache.catalina.core.ApplicationContext.log Manager: list: Listing contexts for virtual host 'localhost'
02-Jul-2019 15:54:22.713 INFO [http-nio-8080-exec-662] org.apache.catalina.core.ApplicationContext.log Manager: undeploy: Undeploying web application at '/Opportunity'
02-Jul-2019 15:54:27.765 INFO [http-nio-8080-exec-659] org.apache.catalina.core.ApplicationContext.log Manager: install: Installing context configuration at 'file:/C:/Users/PAULO~1.BEZ/AppData/Local/Temp/context5397197097137041830.xml'
02-Jul-2019 15:54:27.788 INFO [http-nio-8080-exec-656] org.apache.catalina.core.ApplicationContext.log Manager: list: Listing contexts for virtual host 'localhost'
02-Jul-2019 15:54:35.884 INFO [http-nio-8080-exec-657] org.apache.catalina.core.ApplicationContext.log Manager: start: Starting web application '/Opportunity'
02-Jul-2019 15:57:05.674 INFO [http-nio-8080-exec-668] org.apache.catalina.core.ApplicationContext.log Manager: list: Listing contexts for virtual host 'localhost'
02-Jul-2019 15:57:05.705 INFO [http-nio-8080-exec-669] org.apache.catalina.core.ApplicationContext.log Manager: undeploy: Undeploying web application at '/Opportunity'
02-Jul-2019 15:57:38.918 INFO [http-nio-8080-exec-666] org.apache.catalina.core.ApplicationContext.log Manager: list: Listing contexts for virtual host 'localhost'
02-Jul-2019 15:57:41.200 INFO [http-nio-8080-exec-668] org.apache.catalina.core.ApplicationContext.log Manager: list: Listing contexts for virtual host 'localhost'
02-Jul-2019 16:01:40.529 INFO [http-nio-8080-exec-676] org.apache.catalina.core.ApplicationContext.log Manager: list: Listing contexts for virtual host 'localhost'
02-Jul-2019 16:24:01.527 INFO [http-nio-8080-exec-681] org.apache.catalina.core.ApplicationContext.log Manager: list: Listing contexts for virtual host 'localhost'
02-Jul-2019 16:24:06.449 INFO [http-nio-8080-exec-676] org.apache.catalina.core.ApplicationContext.log Manager: list: Listing contexts for virtual host 'localhost'
02-Jul-2019 16:24:06.450 INFO [http-nio-8080-exec-677] org.apache.catalina.core.ApplicationContext.log Manager: list: Listing contexts for virtual host 'localhost'
02-Jul-2019 16:24:07.050 INFO [http-nio-8080-exec-678] org.apache.catalina.core.ApplicationContext.log Manager: install: Installing context configuration at 'file:/C:/Users/PAULO~1.BEZ/AppData/Local/Temp/context2797550083552564333.xml'
02-Jul-2019 16:24:14.297 INFO [http-nio-8080-exec-679] org.apache.catalina.core.ApplicationContext.log Manager: start: Starting web application '/Opportunity'
02-Jul-2019 16:25:45.583 INFO [http-nio-8080-exec-678] org.apache.catalina.core.ApplicationContext.log Manager: list: Listing contexts for virtual host 'localhost'
02-Jul-2019 16:25:45.597 INFO [http-nio-8080-exec-680] org.apache.catalina.core.ApplicationContext.log Manager: undeploy: Undeploying web application at '/Opportunity'
02-Jul-2019 16:39:02.160 INFO [http-nio-8080-exec-687] org.apache.catalina.core.ApplicationContext.log Manager: list: Listing contexts for virtual host 'localhost'
02-Jul-2019 16:39:02.596 INFO [http-nio-8080-exec-690] org.apache.catalina.core.ApplicationContext.log Manager: list: Listing contexts for virtual host 'localhost'
02-Jul-2019 16:39:54.092 INFO [http-nio-8080-exec-686] org.apache.catalina.core.ApplicationContext.log Manager: list: Listing contexts for virtual host 'localhost'
02-Jul-2019 16:42:27.783 INFO [http-nio-8080-exec-692] org.apache.catalina.core.ApplicationContext.log Manager: list: Listing contexts for virtual host 'localhost'
02-Jul-2019 16:45:26.529 INFO [http-nio-8080-exec-688] org.apache.catalina.core.ApplicationContext.log Manager: list: Listing contexts for virtual host 'localhost'
02-Jul-2019 16:47:08.643 INFO [http-nio-8080-exec-684] org.apache.catalina.core.ApplicationContext.log Manager: list: Listing contexts for virtual host 'localhost'
02-Jul-2019 16:47:50.680 INFO [http-nio-8080-exec-689] org.apache.catalina.core.ApplicationContext.log Manager: list: Listing contexts for virtual host 'localhost'
02-Jul-2019 16:48:30.524 INFO [http-nio-8080-exec-685] org.apache.catalina.core.ApplicationContext.log Manager: list: Listing contexts for virtual host 'localhost'
02-Jul-2019 16:49:17.822 INFO [http-nio-8080-exec-692] org.apache.catalina.core.ApplicationContext.log Manager: list: Listing contexts for virtual host 'localhost'
02-Jul-2019 17:25:39.847 INFO [http-nio-8080-exec-688] org.apache.catalina.core.ApplicationContext.log Manager: list: Listing contexts for virtual host 'localhost'
02-Jul-2019 18:37:38.467 INFO [http-nio-8080-exec-684] org.apache.catalina.core.ApplicationContext.log Manager: list: Listing contexts for virtual host 'localhost'
02-Jul-2019 18:37:55.667 INFO [http-nio-8080-exec-689] org.apache.catalina.core.ApplicationContext.log Manager: list: Listing contexts for virtual host 'localhost'
02-Jul-2019 18:38:38.938 INFO [http-nio-8080-exec-687] org.apache.catalina.core.ApplicationContext.log Manager: list: Listing contexts for virtual host 'localhost'
02-Jul-2019 18:38:52.469 INFO [http-nio-8080-exec-684] org.apache.catalina.core.ApplicationContext.log Manager: list: Listing contexts for virtual host 'localhost'
02-Jul-2019 18:38:55.714 INFO [http-nio-8080-exec-689] org.apache.catalina.core.ApplicationContext.log Manager: list: Listing contexts for virtual host 'localhost'
02-Jul-2019 18:39:02.553 INFO [http-nio-8080-exec-684] org.apache.catalina.core.ApplicationContext.log Manager: list: Listing contexts for virtual host 'localhost'
02-Jul-2019 18:39:05.557 INFO [http-nio-8080-exec-690] org.apache.catalina.core.ApplicationContext.log Manager: list: Listing contexts for virtual host 'localhost'
02-Jul-2019 18:39:05.559 INFO [http-nio-8080-exec-691] org.apache.catalina.core.ApplicationContext.log Manager: list: Listing contexts for virtual host 'localhost'
02-Jul-2019 18:39:06.099 INFO [http-nio-8080-exec-693] org.apache.catalina.core.ApplicationContext.log Manager: install: Installing context configuration at 'file:/C:/Users/PAULO~1.BEZ/AppData/Local/Temp/context5047386979462385314.xml'
02-Jul-2019 18:39:14.642 INFO [http-nio-8080-exec-692] org.apache.catalina.core.ApplicationContext.log Manager: start: Starting web application '/Opportunity'
02-Jul-2019 18:39:58.704 INFO [http-nio-8080-exec-685] org.apache.catalina.core.ApplicationContext.log Manager: list: Listing contexts for virtual host 'localhost'
02-Jul-2019 18:40:42.486 INFO [http-nio-8080-exec-691] org.apache.catalina.core.ApplicationContext.log Manager: list: Listing contexts for virtual host 'localhost'
02-Jul-2019 18:42:06.912 INFO [http-nio-8080-exec-688] org.apache.catalina.core.ApplicationContext.log Manager: list: Listing contexts for virtual host 'localhost'
02-Jul-2019 18:42:07.153 INFO [http-nio-8080-exec-689] org.apache.catalina.core.ApplicationContext.log Manager: restart: Reloading web application '/Opportunity'
02-Jul-2019 18:42:37.167 INFO [http-nio-8080-exec-685] org.apache.catalina.core.ApplicationContext.log Manager: list: Listing contexts for virtual host 'localhost'
02-Jul-2019 18:42:37.371 INFO [http-nio-8080-exec-694] org.apache.catalina.core.ApplicationContext.log Manager: restart: Reloading web application '/Opportunity'
02-Jul-2019 18:42:44.632 INFO [http-nio-8080-exec-690] org.apache.catalina.core.ApplicationContext.log Manager: list: Listing contexts for virtual host 'localhost'
02-Jul-2019 18:42:44.634 INFO [http-nio-8080-exec-685] org.apache.catalina.core.ApplicationContext.log Manager: list: Listing contexts for virtual host 'localhost'
02-Jul-2019 18:42:44.657 INFO [http-nio-8080-exec-697] org.apache.catalina.core.ApplicationContext.log Manager: undeploy: Undeploying web application at '/Opportunity'
02-Jul-2019 18:42:45.528 INFO [http-nio-8080-exec-695] org.apache.catalina.core.ApplicationContext.log Manager: install: Installing context configuration at 'file:/C:/Users/PAULO~1.BEZ/AppData/Local/Temp/context4352694774933920349.xml'
02-Jul-2019 18:42:46.522 INFO [http-nio-8080-exec-698] org.apache.catalina.core.ApplicationContext.log Manager: start: Starting web application '/Opportunity'
02-Jul-2019 18:44:24.496 INFO [http-nio-8080-exec-701] org.apache.catalina.core.ApplicationContext.log Manager: list: Listing contexts for virtual host 'localhost'
02-Jul-2019 18:44:53.282 INFO [http-nio-8080-exec-700] org.apache.catalina.core.ApplicationContext.log Manager: list: Listing contexts for virtual host 'localhost'
02-Jul-2019 18:45:45.899 INFO [http-nio-8080-exec-705] org.apache.catalina.core.ApplicationContext.log Manager: list: Listing contexts for virtual host 'localhost'
02-Jul-2019 18:45:52.116 INFO [http-nio-8080-exec-708] org.apache.catalina.core.ApplicationContext.log Manager: list: Listing contexts for virtual host 'localhost'
02-Jul-2019 18:45:52.117 INFO [http-nio-8080-exec-701] org.apache.catalina.core.ApplicationContext.log Manager: list: Listing contexts for virtual host 'localhost'
02-Jul-2019 18:45:52.138 INFO [http-nio-8080-exec-702] org.apache.catalina.core.ApplicationContext.log Manager: undeploy: Undeploying web application at '/Opportunity'
02-Jul-2019 18:45:54.774 INFO [http-nio-8080-exec-705] org.apache.catalina.core.ApplicationContext.log Manager: install: Installing context configuration at 'file:/C:/Users/PAULO~1.BEZ/AppData/Local/Temp/context3338895381616022439.xml'
02-Jul-2019 18:45:57.757 INFO [http-nio-8080-exec-700] org.apache.catalina.core.ApplicationContext.log Manager: start: Starting web application '/Opportunity'
02-Jul-2019 18:46:28.340 INFO [http-nio-8080-exec-709] org.apache.catalina.core.ApplicationContext.log Manager: list: Listing contexts for virtual host 'localhost'
02-Jul-2019 18:46:33.099 INFO [http-nio-8080-exec-715] org.apache.catalina.core.ApplicationContext.log Manager: list: Listing contexts for virtual host 'localhost'
02-Jul-2019 18:46:33.101 INFO [http-nio-8080-exec-712] org.apache.catalina.core.ApplicationContext.log Manager: list: Listing contexts for virtual host 'localhost'
02-Jul-2019 18:46:33.115 INFO [http-nio-8080-exec-716] org.apache.catalina.core.ApplicationContext.log Manager: undeploy: Undeploying web application at '/Opportunity'
02-Jul-2019 18:46:34.210 INFO [http-nio-8080-exec-714] org.apache.catalina.core.ApplicationContext.log Manager: install: Installing context configuration at 'file:/C:/Users/PAULO~1.BEZ/AppData/Local/Temp/context9005756703153203927.xml'
02-Jul-2019 18:46:35.555 INFO [http-nio-8080-exec-712] org.apache.catalina.core.ApplicationContext.log Manager: start: Starting web application '/Opportunity'
02-Jul-2019 18:48:50.696 INFO [http-nio-8080-exec-720] org.apache.catalina.core.ApplicationContext.log Manager: list: Listing contexts for virtual host 'localhost'
02-Jul-2019 18:48:54.905 INFO [http-nio-8080-exec-727] org.apache.catalina.core.ApplicationContext.log Manager: list: Listing contexts for virtual host 'localhost'
02-Jul-2019 18:48:54.907 INFO [http-nio-8080-exec-719] org.apache.catalina.core.ApplicationContext.log Manager: list: Listing contexts for virtual host 'localhost'
02-Jul-2019 18:48:54.924 INFO [http-nio-8080-exec-722] org.apache.catalina.core.ApplicationContext.log Manager: undeploy: Undeploying web application at '/Opportunity'
02-Jul-2019 18:48:59.762 INFO [http-nio-8080-exec-720] org.apache.catalina.core.ApplicationContext.log Manager: install: Installing context configuration at 'file:/C:/Users/PAULO~1.BEZ/AppData/Local/Temp/context7265373882138406911.xml'
02-Jul-2019 18:49:05.898 INFO [http-nio-8080-exec-719] org.apache.catalina.core.ApplicationContext.log Manager: start: Starting web application '/Opportunity'
02-Jul-2019 18:49:55.398 INFO [http-nio-8080-exec-721] org.apache.catalina.core.ApplicationContext.log Manager: list: Listing contexts for virtual host 'localhost'
02-Jul-2019 18:49:55.670 INFO [http-nio-8080-exec-728] org.apache.catalina.core.ApplicationContext.log Manager: restart: Reloading web application '/Opportunity'
02-Jul-2019 18:49:57.527 INFO [http-nio-8080-exec-731] org.apache.catalina.core.ApplicationContext.log Manager: list: Listing contexts for virtual host 'localhost'
02-Jul-2019 18:49:57.784 INFO [http-nio-8080-exec-729] org.apache.catalina.core.ApplicationContext.log Manager: restart: Reloading web application '/Opportunity'
02-Jul-2019 18:51:09.860 INFO [http-nio-8080-exec-721] org.apache.catalina.core.ApplicationContext.log Manager: list: Listing contexts for virtual host 'localhost'
02-Jul-2019 18:51:10.080 INFO [http-nio-8080-exec-732] org.apache.catalina.core.ApplicationContext.log Manager: restart: Reloading web application '/Opportunity'
02-Jul-2019 18:52:57.626 INFO [http-nio-8080-exec-735] org.apache.catalina.core.ApplicationContext.log Manager: list: Listing contexts for virtual host 'localhost'
02-Jul-2019 18:52:57.879 INFO [http-nio-8080-exec-733] org.apache.catalina.core.ApplicationContext.log Manager: restart: Reloading web application '/Opportunity'
02-Jul-2019 18:53:03.655 INFO [http-nio-8080-exec-735] org.apache.catalina.core.ApplicationContext.log Manager: list: Listing contexts for virtual host 'localhost'
02-Jul-2019 18:53:03.657 INFO [http-nio-8080-exec-747] org.apache.catalina.core.ApplicationContext.log Manager: list: Listing contexts for virtual host 'localhost'
02-Jul-2019 18:53:03.712 INFO [http-nio-8080-exec-743] org.apache.catalina.core.ApplicationContext.log Manager: undeploy: Undeploying web application at '/Opportunity'
02-Jul-2019 18:53:04.677 INFO [http-nio-8080-exec-745] org.apache.catalina.core.ApplicationContext.log Manager: install: Installing context configuration at 'file:/C:/Users/PAULO~1.BEZ/AppData/Local/Temp/context2572190217210754001.xml'
02-Jul-2019 18:53:05.810 INFO [http-nio-8080-exec-721] org.apache.catalina.core.ApplicationContext.log Manager: start: Starting web application '/Opportunity'
02-Jul-2019 18:54:59.587 INFO [http-nio-8080-exec-753] org.apache.catalina.core.ApplicationContext.log Manager: list: Listing contexts for virtual host 'localhost'
02-Jul-2019 18:54:59.865 INFO [http-nio-8080-exec-754] org.apache.catalina.core.ApplicationContext.log Manager: restart: Reloading web application '/Opportunity'
02-Jul-2019 18:55:08.552 INFO [http-nio-8080-exec-752] org.apache.catalina.core.ApplicationContext.log Manager: list: Listing contexts for virtual host 'localhost'
02-Jul-2019 18:55:08.556 INFO [http-nio-8080-exec-751] org.apache.catalina.core.ApplicationContext.log Manager: list: Listing contexts for virtual host 'localhost'
02-Jul-2019 18:55:08.595 INFO [http-nio-8080-exec-753] org.apache.catalina.core.ApplicationContext.log Manager: undeploy: Undeploying web application at '/Opportunity'
02-Jul-2019 18:55:09.584 INFO [http-nio-8080-exec-758] org.apache.catalina.core.ApplicationContext.log Manager: install: Installing context configuration at 'file:/C:/Users/PAULO~1.BEZ/AppData/Local/Temp/context7223764679626872616.xml'
02-Jul-2019 18:55:10.817 INFO [http-nio-8080-exec-759] org.apache.catalina.core.ApplicationContext.log Manager: start: Starting web application '/Opportunity'
02-Jul-2019 18:55:11.946 INFO [http-nio-8080-exec-761] org.apache.catalina.core.ApplicationContext.log Manager: list: Listing contexts for virtual host 'localhost'
02-Jul-2019 18:55:12.236 INFO [http-nio-8080-exec-759] org.apache.catalina.core.ApplicationContext.log Manager: restart: Reloading web application '/Opportunity'
02-Jul-2019 18:56:25.990 INFO [http-nio-8080-exec-769] org.apache.catalina.core.ApplicationContext.log Manager: list: Listing contexts for virtual host 'localhost'
02-Jul-2019 18:56:25.998 INFO [http-nio-8080-exec-764] org.apache.catalina.core.ApplicationContext.log Manager: undeploy: Undeploying web application at '/Opportunity'
02-Jul-2019 19:26:07.689 INFO [http-nio-8080-exec-777] org.apache.catalina.core.ApplicationContext.log Manager: list: Listing contexts for virtual host 'localhost'
02-Jul-2019 19:26:07.705 INFO [http-nio-8080-exec-778] org.apache.catalina.core.ApplicationContext.log Manager: list: Listing contexts for virtual host 'localhost'
02-Jul-2019 19:26:07.844 INFO [http-nio-8080-exec-779] org.apache.catalina.core.ApplicationContext.log Manager: install: Installing context configuration at 'file:/C:/Users/PAULO~1.BEZ/AppData/Local/Temp/context7767650708269901378.xml'
02-Jul-2019 19:26:15.612 INFO [http-nio-8080-exec-780] org.apache.catalina.core.ApplicationContext.log Manager: start: Starting web application '/Opportunity'
02-Jul-2019 19:39:44.598 INFO [http-nio-8080-exec-780] org.apache.catalina.core.ApplicationContext.log Manager: list: Listing contexts for virtual host 'localhost'
02-Jul-2019 19:39:45.567 INFO [http-nio-8080-exec-773] org.apache.catalina.core.ApplicationContext.log Manager: restart: Reloading web application '/Opportunity'
02-Jul-2019 19:40:10.806 INFO [http-nio-8080-exec-778] org.apache.catalina.core.ApplicationContext.log Manager: list: Listing contexts for virtual host 'localhost'
02-Jul-2019 19:40:11.071 INFO [http-nio-8080-exec-779] org.apache.catalina.core.ApplicationContext.log Manager: restart: Reloading web application '/Opportunity'
02-Jul-2019 19:40:12.888 INFO [http-nio-8080-exec-783] org.apache.catalina.core.ApplicationContext.log Manager: list: Listing contexts for virtual host 'localhost'
02-Jul-2019 19:40:13.481 INFO [http-nio-8080-exec-780] org.apache.catalina.core.ApplicationContext.log Manager: restart: Reloading web application '/Opportunity'
02-Jul-2019 19:40:33.634 INFO [http-nio-8080-exec-774] org.apache.catalina.core.ApplicationContext.log Manager: list: Listing contexts for virtual host 'localhost'
02-Jul-2019 19:40:33.829 INFO [http-nio-8080-exec-781] org.apache.catalina.core.ApplicationContext.log Manager: restart: Reloading web application '/Opportunity'
02-Jul-2019 19:42:00.896 INFO [http-nio-8080-exec-788] org.apache.catalina.core.ApplicationContext.log Manager: list: Listing contexts for virtual host 'localhost'
02-Jul-2019 19:42:01.109 INFO [http-nio-8080-exec-786] org.apache.catalina.core.ApplicationContext.log Manager: restart: Reloading web application '/Opportunity'
02-Jul-2019 19:42:50.289 INFO [http-nio-8080-exec-791] org.apache.catalina.core.ApplicationContext.log Manager: list: Listing contexts for virtual host 'localhost'
02-Jul-2019 19:42:50.486 INFO [http-nio-8080-exec-792] org.apache.catalina.core.ApplicationContext.log Manager: restart: Reloading web application '/Opportunity'
02-Jul-2019 19:45:17.703 INFO [http-nio-8080-exec-800] org.apache.catalina.core.ApplicationContext.log Manager: list: Listing contexts for virtual host 'localhost'
02-Jul-2019 19:45:35.792 INFO [http-nio-8080-exec-797] org.apache.catalina.core.ApplicationContext.log Manager: list: Listing contexts for virtual host 'localhost'
02-Jul-2019 19:45:45.502 INFO [http-nio-8080-exec-791] org.apache.catalina.core.ApplicationContext.log Manager: list: Listing contexts for virtual host 'localhost'
02-Jul-2019 19:45:45.506 INFO [http-nio-8080-exec-796] org.apache.catalina.core.ApplicationContext.log Manager: list: Listing contexts for virtual host 'localhost'
02-Jul-2019 19:45:45.537 INFO [http-nio-8080-exec-801] org.apache.catalina.core.ApplicationContext.log Manager: undeploy: Undeploying web application at '/Opportunity'
02-Jul-2019 19:45:46.562 INFO [http-nio-8080-exec-797] org.apache.catalina.core.ApplicationContext.log Manager: install: Installing context configuration at 'file:/C:/Users/PAULO~1.BEZ/AppData/Local/Temp/context1624610009973388901.xml'
02-Jul-2019 19:45:47.666 INFO [http-nio-8080-exec-796] org.apache.catalina.core.ApplicationContext.log Manager: start: Starting web application '/Opportunity'
02-Jul-2019 19:47:45.750 INFO [http-nio-8080-exec-810] org.apache.catalina.core.ApplicationContext.log Manager: list: Listing contexts for virtual host 'localhost'
02-Jul-2019 19:47:52.807 INFO [http-nio-8080-exec-806] org.apache.catalina.core.ApplicationContext.log Manager: list: Listing contexts for virtual host 'localhost'
02-Jul-2019 19:47:52.810 INFO [http-nio-8080-exec-809] org.apache.catalina.core.ApplicationContext.log Manager: list: Listing contexts for virtual host 'localhost'
02-Jul-2019 19:47:52.835 INFO [http-nio-8080-exec-810] org.apache.catalina.core.ApplicationContext.log Manager: undeploy: Undeploying web application at '/Opportunity'
02-Jul-2019 19:47:53.943 INFO [http-nio-8080-exec-811] org.apache.catalina.core.ApplicationContext.log Manager: install: Installing context configuration at 'file:/C:/Users/PAULO~1.BEZ/AppData/Local/Temp/context3032300604011602067.xml'
02-Jul-2019 19:47:56.057 INFO [http-nio-8080-exec-812] org.apache.catalina.core.ApplicationContext.log Manager: start: Starting web application '/Opportunity'
02-Jul-2019 19:52:52.312 INFO [http-nio-8080-exec-823] org.apache.catalina.core.ApplicationContext.log Manager: list: Listing contexts for virtual host 'localhost'
02-Jul-2019 19:52:52.531 INFO [http-nio-8080-exec-816] org.apache.catalina.core.ApplicationContext.log Manager: restart: Reloading web application '/Opportunity'
02-Jul-2019 19:53:31.862 INFO [http-nio-8080-exec-823] org.apache.catalina.core.ApplicationContext.log Manager: list: Listing contexts for virtual host 'localhost'
02-Jul-2019 19:53:32.113 INFO [http-nio-8080-exec-819] org.apache.catalina.core.ApplicationContext.log Manager: restart: Reloading web application '/Opportunity'
02-Jul-2019 19:53:38.468 INFO [http-nio-8080-exec-828] org.apache.catalina.core.ApplicationContext.log Manager: list: Listing contexts for virtual host 'localhost'
02-Jul-2019 19:53:38.470 INFO [http-nio-8080-exec-825] org.apache.catalina.core.ApplicationContext.log Manager: list: Listing contexts for virtual host 'localhost'
02-Jul-2019 19:53:38.490 INFO [http-nio-8080-exec-826] org.apache.catalina.core.ApplicationContext.log Manager: undeploy: Undeploying web application at '/Opportunity'
02-Jul-2019 19:53:39.502 INFO [http-nio-8080-exec-827] org.apache.catalina.core.ApplicationContext.log Manager: install: Installing context configuration at 'file:/C:/Users/PAULO~1.BEZ/AppData/Local/Temp/context9160469731824863293.xml'
02-Jul-2019 19:53:40.669 INFO [http-nio-8080-exec-817] org.apache.catalina.core.ApplicationContext.log Manager: start: Starting web application '/Opportunity'
02-Jul-2019 19:55:09.087 INFO [http-nio-8080-exec-836] org.apache.catalina.core.ApplicationContext.log Manager: list: Listing contexts for virtual host 'localhost'
02-Jul-2019 19:56:18.608 INFO [http-nio-8080-exec-833] org.apache.catalina.core.ApplicationContext.log Manager: list: Listing contexts for virtual host 'localhost'
02-Jul-2019 19:58:09.678 INFO [http-nio-8080-exec-839] org.apache.catalina.core.ApplicationContext.log Manager: list: Listing contexts for virtual host 'localhost'
02-Jul-2019 19:58:17.157 INFO [http-nio-8080-exec-836] org.apache.catalina.core.ApplicationContext.log Manager: list: Listing contexts for virtual host 'localhost'
02-Jul-2019 19:58:17.159 INFO [http-nio-8080-exec-838] org.apache.catalina.core.ApplicationContext.log Manager: list: Listing contexts for virtual host 'localhost'
02-Jul-2019 19:58:17.175 INFO [http-nio-8080-exec-837] org.apache.catalina.core.ApplicationContext.log Manager: undeploy: Undeploying web application at '/Opportunity'
02-Jul-2019 19:58:22.036 INFO [http-nio-8080-exec-832] org.apache.catalina.core.ApplicationContext.log Manager: install: Installing context configuration at 'file:/C:/Users/PAULO~1.BEZ/AppData/Local/Temp/context2112879037066044396.xml'
02-Jul-2019 19:58:24.363 INFO [http-nio-8080-exec-836] org.apache.catalina.core.ApplicationContext.log Manager: start: Starting web application '/Opportunity'
02-Jul-2019 19:59:14.701 INFO [http-nio-8080-exec-834] org.apache.catalina.core.ApplicationContext.log Manager: list: Listing contexts for virtual host 'localhost'
02-Jul-2019 19:59:21.664 INFO [http-nio-8080-exec-844] org.apache.catalina.core.ApplicationContext.log Manager: list: Listing contexts for virtual host 'localhost'
02-Jul-2019 19:59:28.742 INFO [http-nio-8080-exec-847] org.apache.catalina.core.ApplicationContext.log Manager: list: Listing contexts for virtual host 'localhost'
02-Jul-2019 19:59:28.751 INFO [http-nio-8080-exec-849] org.apache.catalina.core.ApplicationContext.log Manager: undeploy: Undeploying web application at '/Opportunity'
02-Jul-2019 19:59:51.090 INFO [http-nio-8080-exec-841] org.apache.catalina.core.ApplicationContext.log Manager: list: Listing contexts for virtual host 'localhost'
02-Jul-2019 19:59:59.158 INFO [http-nio-8080-exec-842] org.apache.catalina.core.ApplicationContext.log Manager: list: Listing contexts for virtual host 'localhost'
02-Jul-2019 20:02:09.441 INFO [http-nio-8080-exec-856] org.apache.catalina.core.ApplicationContext.log Manager: list: Listing contexts for virtual host 'localhost'
02-Jul-2019 20:02:09.452 INFO [http-nio-8080-exec-857] org.apache.catalina.core.ApplicationContext.log Manager: list: Listing contexts for virtual host 'localhost'
02-Jul-2019 20:02:09.633 INFO [http-nio-8080-exec-858] org.apache.catalina.core.ApplicationContext.log Manager: install: Installing context configuration at 'file:/C:/Users/PAULO~1.BEZ/AppData/Local/Temp/context6206782948737528205.xml'
02-Jul-2019 20:02:14.775 INFO [http-nio-8080-exec-841] org.apache.catalina.core.ApplicationContext.log Manager: start: Starting web application '/Opportunity'
02-Jul-2019 20:03:52.636 INFO [http-nio-8080-exec-858] org.apache.catalina.core.ApplicationContext.log Manager: list: Listing contexts for virtual host 'localhost'
02-Jul-2019 20:05:20.861 INFO [http-nio-8080-exec-853] org.apache.catalina.core.ApplicationContext.log Manager: list: Listing contexts for virtual host 'localhost'
02-Jul-2019 20:05:20.882 INFO [http-nio-8080-exec-859] org.apache.catalina.core.ApplicationContext.log Manager: list: Listing contexts for virtual host 'localhost'
02-Jul-2019 20:05:20.925 INFO [http-nio-8080-exec-858] org.apache.catalina.core.ApplicationContext.log Manager: undeploy: Undeploying web application at '/Opportunity'
02-Jul-2019 20:05:29.877 INFO [http-nio-8080-exec-853] org.apache.catalina.core.ApplicationContext.log Manager: install: Installing context configuration at 'file:/C:/Users/PAULO~1.BEZ/AppData/Local/Temp/context368001834115239243.xml'
02-Jul-2019 20:05:35.615 INFO [http-nio-8080-exec-856] org.apache.catalina.core.ApplicationContext.log Manager: start: Starting web application '/Opportunity'
