13-Oct-2019 09:11:35.709 INFO [http-nio-8080-exec-528] org.apache.catalina.core.ApplicationContext.log Manager: list: Listing contexts for virtual host 'localhost'
13-Oct-2019 09:11:36.191 INFO [http-nio-8080-exec-529] org.apache.catalina.core.ApplicationContext.log Manager: restart: Reloading web application '/Opportunity'
13-Oct-2019 09:11:50.775 INFO [http-nio-8080-exec-533] org.apache.catalina.core.ApplicationContext.log Manager: list: Listing contexts for virtual host 'localhost'
13-Oct-2019 09:11:51.050 INFO [http-nio-8080-exec-523] org.apache.catalina.core.ApplicationContext.log Manager: restart: Reloading web application '/Opportunity'
13-Oct-2019 09:15:35.787 INFO [http-nio-8080-exec-532] org.apache.catalina.core.ApplicationContext.log Manager: list: Listing contexts for virtual host 'localhost'
13-Oct-2019 09:15:35.790 INFO [http-nio-8080-exec-528] org.apache.catalina.core.ApplicationContext.log Manager: list: Listing contexts for virtual host 'localhost'
13-Oct-2019 09:15:35.859 INFO [http-nio-8080-exec-540] org.apache.catalina.core.ApplicationContext.log Manager: undeploy: Undeploying web application at '/Opportunity'
13-Oct-2019 09:15:36.714 INFO [http-nio-8080-exec-534] org.apache.catalina.core.ApplicationContext.log Manager: install: Installing context configuration at 'file:/C:/Users/PAULO~1.BEZ/AppData/Local/Temp/context1323415187243009053.xml'
13-Oct-2019 09:15:37.719 INFO [http-nio-8080-exec-537] org.apache.catalina.core.ApplicationContext.log Manager: start: Starting web application '/Opportunity'
13-Oct-2019 09:17:27.459 INFO [http-nio-8080-exec-547] org.apache.catalina.core.ApplicationContext.log Manager: list: Listing contexts for virtual host 'localhost'
13-Oct-2019 09:17:27.888 INFO [http-nio-8080-exec-532] org.apache.catalina.core.ApplicationContext.log Manager: restart: Reloading web application '/Opportunity'
13-Oct-2019 09:18:32.606 INFO [http-nio-8080-exec-541] org.apache.catalina.core.ApplicationContext.log Manager: list: Listing contexts for virtual host 'localhost'
13-Oct-2019 09:18:32.932 INFO [http-nio-8080-exec-546] org.apache.catalina.core.ApplicationContext.log Manager: restart: Reloading web application '/Opportunity'
13-Oct-2019 09:19:28.453 INFO [http-nio-8080-exec-544] org.apache.catalina.core.ApplicationContext.log Manager: list: Listing contexts for virtual host 'localhost'
13-Oct-2019 09:19:28.817 INFO [http-nio-8080-exec-539] org.apache.catalina.core.ApplicationContext.log Manager: restart: Reloading web application '/Opportunity'
13-Oct-2019 09:19:54.464 INFO [http-nio-8080-exec-554] org.apache.catalina.core.ApplicationContext.log Manager: list: Listing contexts for virtual host 'localhost'
13-Oct-2019 09:19:54.844 INFO [http-nio-8080-exec-556] org.apache.catalina.core.ApplicationContext.log Manager: restart: Reloading web application '/Opportunity'
13-Oct-2019 09:20:16.348 INFO [http-nio-8080-exec-559] org.apache.catalina.core.ApplicationContext.log Manager: list: Listing contexts for virtual host 'localhost'
13-Oct-2019 09:20:16.638 INFO [http-nio-8080-exec-554] org.apache.catalina.core.ApplicationContext.log Manager: restart: Reloading web application '/Opportunity'
13-Oct-2019 09:20:32.508 INFO [http-nio-8080-exec-551] org.apache.catalina.core.ApplicationContext.log Manager: list: Listing contexts for virtual host 'localhost'
13-Oct-2019 09:20:32.837 INFO [http-nio-8080-exec-545] org.apache.catalina.core.ApplicationContext.log Manager: restart: Reloading web application '/Opportunity'
13-Oct-2019 09:21:43.122 INFO [http-nio-8080-exec-544] org.apache.catalina.core.ApplicationContext.log Manager: list: Listing contexts for virtual host 'localhost'
13-Oct-2019 09:21:43.482 INFO [http-nio-8080-exec-563] org.apache.catalina.core.ApplicationContext.log Manager: restart: Reloading web application '/Opportunity'
13-Oct-2019 09:21:44.676 INFO [http-nio-8080-exec-567] org.apache.catalina.core.ApplicationContext.log Manager: list: Listing contexts for virtual host 'localhost'
13-Oct-2019 09:21:45.001 INFO [http-nio-8080-exec-544] org.apache.catalina.core.ApplicationContext.log Manager: restart: Reloading web application '/Opportunity'
13-Oct-2019 09:22:30.545 INFO [http-nio-8080-exec-551] org.apache.catalina.core.ApplicationContext.log Manager: list: Listing contexts for virtual host 'localhost'
13-Oct-2019 09:22:30.794 INFO [http-nio-8080-exec-570] org.apache.catalina.core.ApplicationContext.log Manager: restart: Reloading web application '/Opportunity'
13-Oct-2019 09:23:19.957 INFO [http-nio-8080-exec-573] org.apache.catalina.core.ApplicationContext.log Manager: list: Listing contexts for virtual host 'localhost'
13-Oct-2019 09:23:20.233 INFO [http-nio-8080-exec-557] org.apache.catalina.core.ApplicationContext.log Manager: restart: Reloading web application '/Opportunity'
13-Oct-2019 09:23:26.215 INFO [http-nio-8080-exec-576] org.apache.catalina.core.ApplicationContext.log Manager: list: Listing contexts for virtual host 'localhost'
13-Oct-2019 09:23:26.217 INFO [http-nio-8080-exec-575] org.apache.catalina.core.ApplicationContext.log Manager: list: Listing contexts for virtual host 'localhost'
13-Oct-2019 09:23:26.254 INFO [http-nio-8080-exec-574] org.apache.catalina.core.ApplicationContext.log Manager: undeploy: Undeploying web application at '/Opportunity'
13-Oct-2019 09:23:27.031 INFO [http-nio-8080-exec-569] org.apache.catalina.core.ApplicationContext.log Manager: install: Installing context configuration at 'file:/C:/Users/PAULO~1.BEZ/AppData/Local/Temp/context3685929812047013972.xml'
13-Oct-2019 09:23:27.948 INFO [http-nio-8080-exec-576] org.apache.catalina.core.ApplicationContext.log Manager: start: Starting web application '/Opportunity'
13-Oct-2019 09:28:41.759 INFO [http-nio-8080-exec-579] org.apache.catalina.core.ApplicationContext.log Manager: list: Listing contexts for virtual host 'localhost'
13-Oct-2019 09:28:42.042 INFO [http-nio-8080-exec-584] org.apache.catalina.core.ApplicationContext.log Manager: restart: Reloading web application '/Opportunity'
13-Oct-2019 09:28:51.647 INFO [http-nio-8080-exec-579] org.apache.catalina.core.ApplicationContext.log Manager: list: Listing contexts for virtual host 'localhost'
13-Oct-2019 09:28:51.890 INFO [http-nio-8080-exec-588] org.apache.catalina.core.ApplicationContext.log Manager: restart: Reloading web application '/Opportunity'
13-Oct-2019 09:29:10.649 INFO [http-nio-8080-exec-589] org.apache.catalina.core.ApplicationContext.log Manager: list: Listing contexts for virtual host 'localhost'
13-Oct-2019 09:29:10.952 INFO [http-nio-8080-exec-579] org.apache.catalina.core.ApplicationContext.log Manager: restart: Reloading web application '/Opportunity'
13-Oct-2019 09:32:11.129 INFO [http-nio-8080-exec-595] org.apache.catalina.core.ApplicationContext.log Manager: list: Listing contexts for virtual host 'localhost'
13-Oct-2019 09:32:11.379 INFO [http-nio-8080-exec-599] org.apache.catalina.core.ApplicationContext.log Manager: restart: Reloading web application '/Opportunity'
13-Oct-2019 09:32:24.589 INFO [http-nio-8080-exec-598] org.apache.catalina.core.ApplicationContext.log Manager: list: Listing contexts for virtual host 'localhost'
13-Oct-2019 09:32:24.592 INFO [http-nio-8080-exec-604] org.apache.catalina.core.ApplicationContext.log Manager: list: Listing contexts for virtual host 'localhost'
13-Oct-2019 09:32:24.681 INFO [http-nio-8080-exec-605] org.apache.catalina.core.ApplicationContext.log Manager: undeploy: Undeploying web application at '/Opportunity'
13-Oct-2019 09:32:25.472 INFO [http-nio-8080-exec-602] org.apache.catalina.core.ApplicationContext.log Manager: install: Installing context configuration at 'file:/C:/Users/PAULO~1.BEZ/AppData/Local/Temp/context5745320123246333356.xml'
13-Oct-2019 09:32:36.699 INFO [http-nio-8080-exec-603] org.apache.catalina.core.ApplicationContext.log Manager: start: Starting web application '/Opportunity'
13-Oct-2019 09:38:04.986 INFO [http-nio-8080-exec-608] org.apache.catalina.core.ApplicationContext.log Manager: list: Listing contexts for virtual host 'localhost'
13-Oct-2019 09:38:05.327 INFO [http-nio-8080-exec-612] org.apache.catalina.core.ApplicationContext.log Manager: restart: Reloading web application '/Opportunity'
13-Oct-2019 09:39:06.558 INFO [http-nio-8080-exec-609] org.apache.catalina.core.ApplicationContext.log Manager: list: Listing contexts for virtual host 'localhost'
13-Oct-2019 09:39:06.842 INFO [http-nio-8080-exec-610] org.apache.catalina.core.ApplicationContext.log Manager: restart: Reloading web application '/Opportunity'
13-Oct-2019 09:39:53.404 INFO [http-nio-8080-exec-609] org.apache.catalina.core.ApplicationContext.log Manager: list: Listing contexts for virtual host 'localhost'
13-Oct-2019 09:39:53.660 INFO [http-nio-8080-exec-619] org.apache.catalina.core.ApplicationContext.log Manager: restart: Reloading web application '/Opportunity'
13-Oct-2019 09:43:29.916 INFO [http-nio-8080-exec-608] org.apache.catalina.core.ApplicationContext.log Manager: list: Listing contexts for virtual host 'localhost'
13-Oct-2019 09:43:30.259 INFO [http-nio-8080-exec-609] org.apache.catalina.core.ApplicationContext.log Manager: restart: Reloading web application '/Opportunity'
13-Oct-2019 09:44:04.587 INFO [http-nio-8080-exec-630] org.apache.catalina.core.ApplicationContext.log Manager: list: Listing contexts for virtual host 'localhost'
13-Oct-2019 09:44:04.833 INFO [http-nio-8080-exec-623] org.apache.catalina.core.ApplicationContext.log Manager: restart: Reloading web application '/Opportunity'
13-Oct-2019 09:44:47.319 INFO [http-nio-8080-exec-633] org.apache.catalina.core.ApplicationContext.log Manager: list: Listing contexts for virtual host 'localhost'
13-Oct-2019 09:44:47.572 INFO [http-nio-8080-exec-622] org.apache.catalina.core.ApplicationContext.log Manager: restart: Reloading web application '/Opportunity'
13-Oct-2019 09:45:07.905 INFO [http-nio-8080-exec-631] org.apache.catalina.core.ApplicationContext.log Manager: list: Listing contexts for virtual host 'localhost'
13-Oct-2019 09:45:08.157 INFO [http-nio-8080-exec-636] org.apache.catalina.core.ApplicationContext.log Manager: restart: Reloading web application '/Opportunity'
13-Oct-2019 18:52:05.636 INFO [http-nio-8080-exec-643] org.apache.catalina.core.ApplicationContext.log Manager: list: Listing contexts for virtual host 'localhost'
13-Oct-2019 18:55:33.715 INFO [http-nio-8080-exec-641] org.apache.catalina.core.ApplicationContext.log Manager: list: Listing contexts for virtual host 'localhost'
13-Oct-2019 18:55:38.286 INFO [http-nio-8080-exec-641] org.apache.catalina.core.ApplicationContext.log Manager: list: Listing contexts for virtual host 'localhost'
13-Oct-2019 18:55:38.288 INFO [http-nio-8080-exec-642] org.apache.catalina.core.ApplicationContext.log Manager: list: Listing contexts for virtual host 'localhost'
13-Oct-2019 18:55:38.918 INFO [http-nio-8080-exec-643] org.apache.catalina.core.ApplicationContext.log Manager: undeploy: Undeploying web application at '/Opportunity'
13-Oct-2019 18:55:39.789 INFO [http-nio-8080-exec-641] org.apache.catalina.core.ApplicationContext.log Manager: install: Installing context configuration at 'file:/C:/Users/PAULO~1.BEZ/AppData/Local/Temp/context3415313657770537582.xml'
13-Oct-2019 18:55:43.740 INFO [http-nio-8080-exec-648] org.apache.catalina.core.ApplicationContext.log Manager: start: Starting web application '/Opportunity'
13-Oct-2019 18:57:25.907 INFO [http-nio-8080-exec-645] org.apache.catalina.core.ApplicationContext.log Manager: list: Listing contexts for virtual host 'localhost'
13-Oct-2019 18:58:25.984 INFO [http-nio-8080-exec-650] org.apache.catalina.core.ApplicationContext.log Manager: list: Listing contexts for virtual host 'localhost'
13-Oct-2019 18:58:57.074 INFO [http-nio-8080-exec-654] org.apache.catalina.core.ApplicationContext.log Manager: list: Listing contexts for virtual host 'localhost'
13-Oct-2019 18:58:57.445 INFO [http-nio-8080-exec-656] org.apache.catalina.core.ApplicationContext.log Manager: restart: Reloading web application '/Opportunity'
13-Oct-2019 19:01:56.408 INFO [http-nio-8080-exec-662] org.apache.catalina.core.ApplicationContext.log Manager: list: Listing contexts for virtual host 'localhost'
13-Oct-2019 19:04:44.592 INFO [http-nio-8080-exec-663] org.apache.catalina.core.ApplicationContext.log Manager: list: Listing contexts for virtual host 'localhost'
13-Oct-2019 19:04:44.948 INFO [http-nio-8080-exec-666] org.apache.catalina.core.ApplicationContext.log Manager: restart: Reloading web application '/Opportunity'
13-Oct-2019 19:04:54.174 INFO [http-nio-8080-exec-660] org.apache.catalina.core.ApplicationContext.log Manager: list: Listing contexts for virtual host 'localhost'
13-Oct-2019 19:04:54.538 INFO [http-nio-8080-exec-665] org.apache.catalina.core.ApplicationContext.log Manager: restart: Reloading web application '/Opportunity'
13-Oct-2019 19:06:06.160 INFO [http-nio-8080-exec-661] org.apache.catalina.core.ApplicationContext.log Manager: list: Listing contexts for virtual host 'localhost'
13-Oct-2019 19:06:06.539 INFO [http-nio-8080-exec-671] org.apache.catalina.core.ApplicationContext.log Manager: restart: Reloading web application '/Opportunity'
13-Oct-2019 19:07:07.004 INFO [http-nio-8080-exec-672] org.apache.catalina.core.ApplicationContext.log Manager: list: Listing contexts for virtual host 'localhost'
13-Oct-2019 19:07:32.184 INFO [http-nio-8080-exec-659] org.apache.catalina.core.ApplicationContext.log Manager: restart: Reloading web application '/Opportunity'
13-Oct-2019 19:07:33.688 INFO [http-nio-8080-exec-677] org.apache.catalina.core.ApplicationContext.log Manager: list: Listing contexts for virtual host 'localhost'
13-Oct-2019 19:07:34.052 INFO [http-nio-8080-exec-663] org.apache.catalina.core.ApplicationContext.log Manager: restart: Reloading web application '/Opportunity'
13-Oct-2019 19:07:43.993 INFO [http-nio-8080-exec-679] org.apache.catalina.core.ApplicationContext.log Manager: list: Listing contexts for virtual host 'localhost'
13-Oct-2019 19:07:44.533 INFO [http-nio-8080-exec-669] org.apache.catalina.core.ApplicationContext.log Manager: restart: Reloading web application '/Opportunity'
13-Oct-2019 19:07:54.199 INFO [http-nio-8080-exec-681] org.apache.catalina.core.ApplicationContext.log Manager: list: Listing contexts for virtual host 'localhost'
13-Oct-2019 19:07:54.473 INFO [http-nio-8080-exec-670] org.apache.catalina.core.ApplicationContext.log Manager: restart: Reloading web application '/Opportunity'
13-Oct-2019 19:08:07.483 INFO [http-nio-8080-exec-683] org.apache.catalina.core.ApplicationContext.log Manager: list: Listing contexts for virtual host 'localhost'
13-Oct-2019 19:08:07.746 INFO [http-nio-8080-exec-677] org.apache.catalina.core.ApplicationContext.log Manager: restart: Reloading web application '/Opportunity'
13-Oct-2019 19:08:28.262 INFO [http-nio-8080-exec-674] org.apache.catalina.core.ApplicationContext.log Manager: list: Listing contexts for virtual host 'localhost'
13-Oct-2019 19:08:28.577 INFO [http-nio-8080-exec-686] org.apache.catalina.core.ApplicationContext.log Manager: restart: Reloading web application '/Opportunity'
13-Oct-2019 19:08:29.824 INFO [http-nio-8080-exec-676] org.apache.catalina.core.ApplicationContext.log Manager: list: Listing contexts for virtual host 'localhost'
13-Oct-2019 19:08:30.150 INFO [http-nio-8080-exec-685] org.apache.catalina.core.ApplicationContext.log Manager: restart: Reloading web application '/Opportunity'
13-Oct-2019 19:08:45.201 INFO [http-nio-8080-exec-689] org.apache.catalina.core.ApplicationContext.log Manager: list: Listing contexts for virtual host 'localhost'
13-Oct-2019 19:08:45.461 INFO [http-nio-8080-exec-683] org.apache.catalina.core.ApplicationContext.log Manager: restart: Reloading web application '/Opportunity'
13-Oct-2019 19:08:57.024 INFO [http-nio-8080-exec-693] org.apache.catalina.core.ApplicationContext.log Manager: list: Listing contexts for virtual host 'localhost'
13-Oct-2019 19:08:57.290 INFO [http-nio-8080-exec-690] org.apache.catalina.core.ApplicationContext.log Manager: restart: Reloading web application '/Opportunity'
13-Oct-2019 19:09:46.869 INFO [http-nio-8080-exec-696] org.apache.catalina.core.ApplicationContext.log Manager: list: Listing contexts for virtual host 'localhost'
13-Oct-2019 19:09:47.121 INFO [http-nio-8080-exec-694] org.apache.catalina.core.ApplicationContext.log Manager: restart: Reloading web application '/Opportunity'
13-Oct-2019 19:09:56.358 INFO [http-nio-8080-exec-699] org.apache.catalina.core.ApplicationContext.log Manager: list: Listing contexts for virtual host 'localhost'
13-Oct-2019 19:09:56.622 INFO [http-nio-8080-exec-689] org.apache.catalina.core.ApplicationContext.log Manager: restart: Reloading web application '/Opportunity'
13-Oct-2019 19:10:09.895 INFO [http-nio-8080-exec-693] org.apache.catalina.core.ApplicationContext.log Manager: list: Listing contexts for virtual host 'localhost'
13-Oct-2019 19:10:10.159 INFO [http-nio-8080-exec-674] org.apache.catalina.core.ApplicationContext.log Manager: restart: Reloading web application '/Opportunity'
13-Oct-2019 19:10:13.851 INFO [http-nio-8080-exec-702] org.apache.catalina.core.ApplicationContext.log Manager: list: Listing contexts for virtual host 'localhost'
13-Oct-2019 19:10:14.164 INFO [http-nio-8080-exec-698] org.apache.catalina.core.ApplicationContext.log Manager: restart: Reloading web application '/Opportunity'
13-Oct-2019 19:14:38.300 INFO [http-nio-8080-exec-710] org.apache.catalina.core.ApplicationContext.log Manager: list: Listing contexts for virtual host 'localhost'
13-Oct-2019 19:14:38.668 INFO [http-nio-8080-exec-711] org.apache.catalina.core.ApplicationContext.log Manager: restart: Reloading web application '/Opportunity'
13-Oct-2019 19:19:13.624 INFO [http-nio-8080-exec-718] org.apache.catalina.core.ApplicationContext.log Manager: list: Listing contexts for virtual host 'localhost'
13-Oct-2019 19:19:14.227 INFO [http-nio-8080-exec-700] org.apache.catalina.core.ApplicationContext.log Manager: restart: Reloading web application '/Opportunity'
13-Oct-2019 19:19:17.764 INFO [http-nio-8080-exec-718] org.apache.catalina.core.ApplicationContext.log Manager: list: Listing contexts for virtual host 'localhost'
13-Oct-2019 19:19:18.072 INFO [http-nio-8080-exec-693] org.apache.catalina.core.ApplicationContext.log Manager: restart: Reloading web application '/Opportunity'
13-Oct-2019 19:20:52.314 INFO [http-nio-8080-exec-718] org.apache.catalina.core.ApplicationContext.log Manager: list: Listing contexts for virtual host 'localhost'
13-Oct-2019 19:20:52.608 INFO [http-nio-8080-exec-713] org.apache.catalina.core.ApplicationContext.log Manager: restart: Reloading web application '/Opportunity'
13-Oct-2019 19:21:04.933 INFO [http-nio-8080-exec-726] org.apache.catalina.core.ApplicationContext.log Manager: list: Listing contexts for virtual host 'localhost'
13-Oct-2019 19:21:05.212 INFO [http-nio-8080-exec-722] org.apache.catalina.core.ApplicationContext.log Manager: restart: Reloading web application '/Opportunity'
13-Oct-2019 19:22:56.358 INFO [http-nio-8080-exec-724] org.apache.catalina.core.ApplicationContext.log Manager: list: Listing contexts for virtual host 'localhost'
13-Oct-2019 19:22:56.730 INFO [http-nio-8080-exec-732] org.apache.catalina.core.ApplicationContext.log Manager: restart: Reloading web application '/Opportunity'
13-Oct-2019 19:23:40.414 INFO [http-nio-8080-exec-733] org.apache.catalina.core.ApplicationContext.log Manager: list: Listing contexts for virtual host 'localhost'
13-Oct-2019 19:23:40.685 INFO [http-nio-8080-exec-734] org.apache.catalina.core.ApplicationContext.log Manager: restart: Reloading web application '/Opportunity'
13-Oct-2019 19:24:33.432 INFO [http-nio-8080-exec-737] org.apache.catalina.core.ApplicationContext.log Manager: list: Listing contexts for virtual host 'localhost'
13-Oct-2019 19:24:33.691 INFO [http-nio-8080-exec-725] org.apache.catalina.core.ApplicationContext.log Manager: restart: Reloading web application '/Opportunity'
13-Oct-2019 19:25:38.536 INFO [http-nio-8080-exec-738] org.apache.catalina.core.ApplicationContext.log Manager: list: Listing contexts for virtual host 'localhost'
13-Oct-2019 19:25:38.803 INFO [http-nio-8080-exec-733] org.apache.catalina.core.ApplicationContext.log Manager: restart: Reloading web application '/Opportunity'
13-Oct-2019 19:26:05.606 INFO [http-nio-8080-exec-744] org.apache.catalina.core.ApplicationContext.log Manager: list: Listing contexts for virtual host 'localhost'
13-Oct-2019 19:26:05.929 INFO [http-nio-8080-exec-731] org.apache.catalina.core.ApplicationContext.log Manager: restart: Reloading web application '/Opportunity'
13-Oct-2019 19:26:17.283 INFO [http-nio-8080-exec-747] org.apache.catalina.core.ApplicationContext.log Manager: list: Listing contexts for virtual host 'localhost'
13-Oct-2019 19:26:17.569 INFO [http-nio-8080-exec-744] org.apache.catalina.core.ApplicationContext.log Manager: restart: Reloading web application '/Opportunity'
13-Oct-2019 19:26:53.501 INFO [http-nio-8080-exec-749] org.apache.catalina.core.ApplicationContext.log Manager: list: Listing contexts for virtual host 'localhost'
13-Oct-2019 19:26:53.771 INFO [http-nio-8080-exec-750] org.apache.catalina.core.ApplicationContext.log Manager: restart: Reloading web application '/Opportunity'
13-Oct-2019 19:28:30.453 INFO [http-nio-8080-exec-747] org.apache.catalina.core.ApplicationContext.log Manager: list: Listing contexts for virtual host 'localhost'
13-Oct-2019 19:28:30.797 INFO [http-nio-8080-exec-755] org.apache.catalina.core.ApplicationContext.log Manager: restart: Reloading web application '/Opportunity'
13-Oct-2019 19:33:04.081 INFO [http-nio-8080-exec-763] org.apache.catalina.core.ApplicationContext.log Manager: list: Listing contexts for virtual host 'localhost'
13-Oct-2019 19:33:04.352 INFO [http-nio-8080-exec-737] org.apache.catalina.core.ApplicationContext.log Manager: restart: Reloading web application '/Opportunity'
13-Oct-2019 19:34:08.524 INFO [http-nio-8080-exec-757] org.apache.catalina.core.ApplicationContext.log Manager: list: Listing contexts for virtual host 'localhost'
13-Oct-2019 19:34:08.854 INFO [http-nio-8080-exec-758] org.apache.catalina.core.ApplicationContext.log Manager: restart: Reloading web application '/Opportunity'
