23-Jul-2019 11:15:08.558 INFO [http-nio-8080-exec-7] org.apache.catalina.core.ApplicationContext.log Manager: init: Associated with Deployer 'Catalina:type=Deployer,host=localhost'
23-Jul-2019 11:15:08.558 INFO [http-nio-8080-exec-7] org.apache.catalina.core.ApplicationContext.log Manager: init: Global resources are available
23-Jul-2019 11:15:08.558 INFO [http-nio-8080-exec-7] org.apache.catalina.core.ApplicationContext.log Manager: list: Listing contexts for virtual host 'localhost'
23-Jul-2019 11:15:08.558 INFO [http-nio-8080-exec-9] org.apache.catalina.core.ApplicationContext.log Manager: list: Listing contexts for virtual host 'localhost'
23-Jul-2019 11:15:08.621 INFO [http-nio-8080-exec-8] org.apache.catalina.core.ApplicationContext.log Manager: undeploy: Undeploying web application at '/Opportunity'
23-Jul-2019 11:15:09.480 INFO [http-nio-8080-exec-6] org.apache.catalina.core.ApplicationContext.log Manager: install: Installing context configuration at 'file:/C:/Users/PAULO~1.BEZ/AppData/Local/Temp/context4178044405257782662.xml'
23-Jul-2019 11:15:16.945 INFO [http-nio-8080-exec-10] org.apache.catalina.core.ApplicationContext.log Manager: start: Starting web application '/Opportunity'
23-Jul-2019 11:21:54.599 INFO [http-nio-8080-exec-14] org.apache.catalina.core.ApplicationContext.log Manager: list: Listing contexts for virtual host 'localhost'
23-Jul-2019 11:22:37.386 INFO [http-nio-8080-exec-20] org.apache.catalina.core.ApplicationContext.log Manager: list: Listing contexts for virtual host 'localhost'
23-Jul-2019 11:22:48.477 INFO [http-nio-8080-exec-16] org.apache.catalina.core.ApplicationContext.log Manager: list: Listing contexts for virtual host 'localhost'
23-Jul-2019 11:22:53.851 INFO [http-nio-8080-exec-12] org.apache.catalina.core.ApplicationContext.log Manager: list: Listing contexts for virtual host 'localhost'
23-Jul-2019 11:24:04.931 INFO [http-nio-8080-exec-19] org.apache.catalina.core.ApplicationContext.log Manager: list: Listing contexts for virtual host 'localhost'
23-Jul-2019 11:24:04.931 INFO [http-nio-8080-exec-20] org.apache.catalina.core.ApplicationContext.log Manager: list: Listing contexts for virtual host 'localhost'
23-Jul-2019 11:24:04.947 INFO [http-nio-8080-exec-11] org.apache.catalina.core.ApplicationContext.log Manager: undeploy: Undeploying web application at '/Opportunity'
23-Jul-2019 11:24:05.728 INFO [http-nio-8080-exec-15] org.apache.catalina.core.ApplicationContext.log Manager: install: Installing context configuration at 'file:/C:/Users/PAULO~1.BEZ/AppData/Local/Temp/context2324411957641591510.xml'
23-Jul-2019 11:24:07.274 INFO [http-nio-8080-exec-18] org.apache.catalina.core.ApplicationContext.log Manager: start: Starting web application '/Opportunity'
23-Jul-2019 11:25:26.943 INFO [http-nio-8080-exec-21] org.apache.catalina.core.ApplicationContext.log Manager: list: Listing contexts for virtual host 'localhost'
23-Jul-2019 11:26:24.327 INFO [http-nio-8080-exec-27] org.apache.catalina.core.ApplicationContext.log Manager: list: Listing contexts for virtual host 'localhost'
23-Jul-2019 11:26:24.330 INFO [http-nio-8080-exec-30] org.apache.catalina.core.ApplicationContext.log Manager: list: Listing contexts for virtual host 'localhost'
23-Jul-2019 11:26:24.374 INFO [http-nio-8080-exec-22] org.apache.catalina.core.ApplicationContext.log Manager: undeploy: Undeploying web application at '/Opportunity'
23-Jul-2019 11:26:25.311 INFO [http-nio-8080-exec-30] org.apache.catalina.core.ApplicationContext.log Manager: install: Installing context configuration at 'file:/C:/Users/PAULO~1.BEZ/AppData/Local/Temp/context3959131363285623383.xml'
23-Jul-2019 11:26:27.335 INFO [http-nio-8080-exec-28] org.apache.catalina.core.ApplicationContext.log Manager: start: Starting web application '/Opportunity'
23-Jul-2019 11:26:57.160 INFO [http-nio-8080-exec-26] org.apache.catalina.core.ApplicationContext.log Manager: list: Listing contexts for virtual host 'localhost'
23-Jul-2019 11:27:54.153 INFO [http-nio-8080-exec-34] org.apache.catalina.core.ApplicationContext.log Manager: list: Listing contexts for virtual host 'localhost'
23-Jul-2019 11:27:54.153 INFO [http-nio-8080-exec-35] org.apache.catalina.core.ApplicationContext.log Manager: list: Listing contexts for virtual host 'localhost'
23-Jul-2019 11:27:54.184 INFO [http-nio-8080-exec-26] org.apache.catalina.core.ApplicationContext.log Manager: undeploy: Undeploying web application at '/Opportunity'
23-Jul-2019 11:27:55.075 INFO [http-nio-8080-exec-34] org.apache.catalina.core.ApplicationContext.log Manager: install: Installing context configuration at 'file:/C:/Users/PAULO~1.BEZ/AppData/Local/Temp/context3581273677267682707.xml'
23-Jul-2019 11:27:57.199 INFO [http-nio-8080-exec-32] org.apache.catalina.core.ApplicationContext.log Manager: start: Starting web application '/Opportunity'
23-Jul-2019 11:30:43.096 INFO [http-nio-8080-exec-46] org.apache.catalina.core.ApplicationContext.log Manager: list: Listing contexts for virtual host 'localhost'
23-Jul-2019 11:30:43.106 INFO [http-nio-8080-exec-48] org.apache.catalina.core.ApplicationContext.log Manager: undeploy: Undeploying web application at '/Opportunity'
23-Jul-2019 11:35:44.786 INFO [http-nio-8080-exec-56] org.apache.catalina.core.ApplicationContext.log Manager: list: Listing contexts for virtual host 'localhost'
23-Jul-2019 11:35:44.789 INFO [http-nio-8080-exec-52] org.apache.catalina.core.ApplicationContext.log Manager: list: Listing contexts for virtual host 'localhost'
23-Jul-2019 11:35:44.961 INFO [http-nio-8080-exec-54] org.apache.catalina.core.ApplicationContext.log Manager: install: Installing context configuration at 'file:/C:/Users/PAULO~1.BEZ/AppData/Local/Temp/context8242875046295358224.xml'
23-Jul-2019 11:35:46.961 INFO [http-nio-8080-exec-53] org.apache.catalina.core.ApplicationContext.log Manager: start: Starting web application '/Opportunity'
23-Jul-2019 11:39:32.963 INFO [http-nio-8080-exec-51] org.apache.catalina.core.ApplicationContext.log Manager: list: Listing contexts for virtual host 'localhost'
23-Jul-2019 11:40:31.230 INFO [http-nio-8080-exec-49] org.apache.catalina.core.ApplicationContext.log Manager: list: Listing contexts for virtual host 'localhost'
23-Jul-2019 11:40:31.233 INFO [http-nio-8080-exec-50] org.apache.catalina.core.ApplicationContext.log Manager: list: Listing contexts for virtual host 'localhost'
23-Jul-2019 11:40:31.268 INFO [http-nio-8080-exec-51] org.apache.catalina.core.ApplicationContext.log Manager: undeploy: Undeploying web application at '/Opportunity'
23-Jul-2019 11:40:32.360 INFO [http-nio-8080-exec-53] org.apache.catalina.core.ApplicationContext.log Manager: install: Installing context configuration at 'file:/C:/Users/PAULO~1.BEZ/AppData/Local/Temp/context3109280713562129962.xml'
23-Jul-2019 11:40:34.401 INFO [http-nio-8080-exec-57] org.apache.catalina.core.ApplicationContext.log Manager: start: Starting web application '/Opportunity'
23-Jul-2019 11:41:25.976 INFO [http-nio-8080-exec-55] org.apache.catalina.core.ApplicationContext.log Manager: list: Listing contexts for virtual host 'localhost'
23-Jul-2019 11:42:37.365 INFO [http-nio-8080-exec-63] org.apache.catalina.core.ApplicationContext.log Manager: list: Listing contexts for virtual host 'localhost'
23-Jul-2019 11:42:37.370 INFO [http-nio-8080-exec-65] org.apache.catalina.core.ApplicationContext.log Manager: list: Listing contexts for virtual host 'localhost'
23-Jul-2019 11:42:37.417 INFO [http-nio-8080-exec-59] org.apache.catalina.core.ApplicationContext.log Manager: undeploy: Undeploying web application at '/Opportunity'
23-Jul-2019 11:42:38.439 INFO [http-nio-8080-exec-60] org.apache.catalina.core.ApplicationContext.log Manager: install: Installing context configuration at 'file:/C:/Users/PAULO~1.BEZ/AppData/Local/Temp/context2337899146536515699.xml'
23-Jul-2019 11:42:40.443 INFO [http-nio-8080-exec-63] org.apache.catalina.core.ApplicationContext.log Manager: start: Starting web application '/Opportunity'
23-Jul-2019 11:43:17.346 INFO [http-nio-8080-exec-71] org.apache.catalina.core.ApplicationContext.log Manager: list: Listing contexts for virtual host 'localhost'
23-Jul-2019 11:44:21.279 INFO [http-nio-8080-exec-71] org.apache.catalina.core.ApplicationContext.log Manager: list: Listing contexts for virtual host 'localhost'
23-Jul-2019 11:44:21.282 INFO [http-nio-8080-exec-72] org.apache.catalina.core.ApplicationContext.log Manager: list: Listing contexts for virtual host 'localhost'
23-Jul-2019 11:44:21.314 INFO [http-nio-8080-exec-73] org.apache.catalina.core.ApplicationContext.log Manager: undeploy: Undeploying web application at '/Opportunity'
23-Jul-2019 11:44:22.286 INFO [http-nio-8080-exec-70] org.apache.catalina.core.ApplicationContext.log Manager: install: Installing context configuration at 'file:/C:/Users/PAULO~1.BEZ/AppData/Local/Temp/context1115685121924809755.xml'
23-Jul-2019 11:44:24.491 INFO [http-nio-8080-exec-71] org.apache.catalina.core.ApplicationContext.log Manager: start: Starting web application '/Opportunity'
23-Jul-2019 11:48:08.395 INFO [http-nio-8080-exec-87] org.apache.catalina.core.ApplicationContext.log Manager: list: Listing contexts for virtual host 'localhost'
23-Jul-2019 11:48:08.408 INFO [http-nio-8080-exec-83] org.apache.catalina.core.ApplicationContext.log Manager: undeploy: Undeploying web application at '/Opportunity'
23-Jul-2019 11:49:40.190 INFO [http-nio-8080-exec-87] org.apache.catalina.core.ApplicationContext.log Manager: list: Listing contexts for virtual host 'localhost'
23-Jul-2019 11:49:56.490 INFO [http-nio-8080-exec-85] org.apache.catalina.core.ApplicationContext.log Manager: list: Listing contexts for virtual host 'localhost'
23-Jul-2019 11:50:34.772 INFO [http-nio-8080-exec-92] org.apache.catalina.core.ApplicationContext.log Manager: list: Listing contexts for virtual host 'localhost'
23-Jul-2019 11:51:08.010 INFO [http-nio-8080-exec-91] org.apache.catalina.core.ApplicationContext.log Manager: list: Listing contexts for virtual host 'localhost'
23-Jul-2019 11:51:08.012 INFO [http-nio-8080-exec-92] org.apache.catalina.core.ApplicationContext.log Manager: list: Listing contexts for virtual host 'localhost'
23-Jul-2019 11:51:08.148 INFO [http-nio-8080-exec-93] org.apache.catalina.core.ApplicationContext.log Manager: install: Installing context configuration at 'file:/C:/Users/PAULO~1.BEZ/AppData/Local/Temp/context754942925808421280.xml'
23-Jul-2019 11:51:09.736 INFO [http-nio-8080-exec-95] org.apache.catalina.core.ApplicationContext.log Manager: start: Starting web application '/Opportunity'
23-Jul-2019 11:54:13.445 INFO [http-nio-8080-exec-90] org.apache.catalina.core.ApplicationContext.log Manager: list: Listing contexts for virtual host 'localhost'
23-Jul-2019 11:54:13.453 INFO [http-nio-8080-exec-91] org.apache.catalina.core.ApplicationContext.log Manager: undeploy: Undeploying web application at '/Opportunity'
23-Jul-2019 12:01:10.594 INFO [http-nio-8080-exec-101] org.apache.catalina.core.ApplicationContext.log Manager: list: Listing contexts for virtual host 'localhost'
23-Jul-2019 12:02:38.967 INFO [http-nio-8080-exec-98] org.apache.catalina.core.ApplicationContext.log Manager: list: Listing contexts for virtual host 'localhost'
23-Jul-2019 12:04:02.945 INFO [http-nio-8080-exec-105] org.apache.catalina.core.ApplicationContext.log Manager: list: Listing contexts for virtual host 'localhost'
23-Jul-2019 12:04:02.947 INFO [http-nio-8080-exec-98] org.apache.catalina.core.ApplicationContext.log Manager: list: Listing contexts for virtual host 'localhost'
23-Jul-2019 12:04:03.053 INFO [http-nio-8080-exec-99] org.apache.catalina.core.ApplicationContext.log Manager: install: Installing context configuration at 'file:/C:/Users/PAULO~1.BEZ/AppData/Local/Temp/context1427969420217528181.xml'
23-Jul-2019 12:04:04.864 INFO [http-nio-8080-exec-100] org.apache.catalina.core.ApplicationContext.log Manager: start: Starting web application '/Opportunity'
23-Jul-2019 12:05:44.976 INFO [http-nio-8080-exec-102] org.apache.catalina.core.ApplicationContext.log Manager: list: Listing contexts for virtual host 'localhost'
23-Jul-2019 12:05:44.989 INFO [http-nio-8080-exec-107] org.apache.catalina.core.ApplicationContext.log Manager: undeploy: Undeploying web application at '/Opportunity'
23-Jul-2019 12:25:32.051 INFO [http-nio-8080-exec-111] org.apache.catalina.core.ApplicationContext.log Manager: list: Listing contexts for virtual host 'localhost'
23-Jul-2019 12:25:49.969 INFO [http-nio-8080-exec-116] org.apache.catalina.core.ApplicationContext.log Manager: list: Listing contexts for virtual host 'localhost'
23-Jul-2019 12:27:01.723 INFO [http-nio-8080-exec-112] org.apache.catalina.core.ApplicationContext.log Manager: list: Listing contexts for virtual host 'localhost'
23-Jul-2019 12:27:01.760 INFO [http-nio-8080-exec-113] org.apache.catalina.core.ApplicationContext.log Manager: list: Listing contexts for virtual host 'localhost'
23-Jul-2019 12:27:01.909 INFO [http-nio-8080-exec-114] org.apache.catalina.core.ApplicationContext.log Manager: install: Installing context configuration at 'file:/C:/Users/PAULO~1.BEZ/AppData/Local/Temp/context4383452844510282861.xml'
23-Jul-2019 12:27:04.000 INFO [http-nio-8080-exec-115] org.apache.catalina.core.ApplicationContext.log Manager: start: Starting web application '/Opportunity'
23-Jul-2019 12:28:14.125 INFO [http-nio-8080-exec-111] org.apache.catalina.core.ApplicationContext.log Manager: list: Listing contexts for virtual host 'localhost'
23-Jul-2019 12:29:18.331 INFO [http-nio-8080-exec-114] org.apache.catalina.core.ApplicationContext.log Manager: list: Listing contexts for virtual host 'localhost'
23-Jul-2019 12:29:18.333 INFO [http-nio-8080-exec-115] org.apache.catalina.core.ApplicationContext.log Manager: list: Listing contexts for virtual host 'localhost'
23-Jul-2019 12:29:18.358 INFO [http-nio-8080-exec-117] org.apache.catalina.core.ApplicationContext.log Manager: undeploy: Undeploying web application at '/Opportunity'
23-Jul-2019 12:29:19.901 INFO [http-nio-8080-exec-112] org.apache.catalina.core.ApplicationContext.log Manager: install: Installing context configuration at 'file:/C:/Users/PAULO~1.BEZ/AppData/Local/Temp/context4212843297463604745.xml'
23-Jul-2019 12:29:21.485 INFO [http-nio-8080-exec-115] org.apache.catalina.core.ApplicationContext.log Manager: start: Starting web application '/Opportunity'
23-Jul-2019 13:14:53.258 INFO [http-nio-8080-exec-118] org.apache.catalina.core.ApplicationContext.log Manager: list: Listing contexts for virtual host 'localhost'
23-Jul-2019 13:14:53.266 INFO [http-nio-8080-exec-123] org.apache.catalina.core.ApplicationContext.log Manager: list: Listing contexts for virtual host 'localhost'
23-Jul-2019 13:14:53.392 INFO [http-nio-8080-exec-124] org.apache.catalina.core.ApplicationContext.log Manager: install: Installing context configuration at 'file:/C:/Users/PAULO~1.BEZ/AppData/Local/Temp/context6431809899839861007.xml'
23-Jul-2019 13:15:06.956 INFO [http-nio-8080-exec-125] org.apache.catalina.core.ApplicationContext.log Manager: start: Starting web application '/OpportunityComercial'
23-Jul-2019 13:16:20.816 INFO [http-nio-8080-exec-124] org.apache.catalina.core.ApplicationContext.log Manager: list: Listing contexts for virtual host 'localhost'
23-Jul-2019 15:00:37.392 INFO [http-nio-8080-exec-119] org.apache.catalina.core.ApplicationContext.log Manager: list: Listing contexts for virtual host 'localhost'
23-Jul-2019 15:00:38.498 INFO [http-nio-8080-exec-125] org.apache.catalina.core.ApplicationContext.log Manager: restart: Reloading web application '/OpportunityComercial'
23-Jul-2019 15:01:26.598 INFO [http-nio-8080-exec-118] org.apache.catalina.core.ApplicationContext.log Manager: list: Listing contexts for virtual host 'localhost'
23-Jul-2019 15:01:27.060 INFO [http-nio-8080-exec-121] org.apache.catalina.core.ApplicationContext.log Manager: restart: Reloading web application '/OpportunityComercial'
23-Jul-2019 15:14:43.616 INFO [http-nio-8080-exec-137] org.apache.catalina.core.ApplicationContext.log Manager: list: Listing contexts for virtual host 'localhost'
23-Jul-2019 16:08:55.534 INFO [http-nio-8080-exec-136] org.apache.catalina.core.ApplicationContext.log Manager: list: Listing contexts for virtual host 'localhost'
23-Jul-2019 16:19:44.767 INFO [http-nio-8080-exec-139] org.apache.catalina.core.ApplicationContext.log Manager: list: Listing contexts for virtual host 'localhost'
23-Jul-2019 16:21:41.174 INFO [http-nio-8080-exec-131] org.apache.catalina.core.ApplicationContext.log Manager: list: Listing contexts for virtual host 'localhost'
23-Jul-2019 16:43:11.253 INFO [http-nio-8080-exec-134] org.apache.catalina.core.ApplicationContext.log Manager: list: Listing contexts for virtual host 'localhost'
23-Jul-2019 16:43:25.753 INFO [http-nio-8080-exec-139] org.apache.catalina.core.ApplicationContext.log Manager: list: Listing contexts for virtual host 'localhost'
23-Jul-2019 16:45:28.611 INFO [http-nio-8080-exec-132] org.apache.catalina.core.ApplicationContext.log Manager: list: Listing contexts for virtual host 'localhost'
23-Jul-2019 16:45:28.611 INFO [http-nio-8080-exec-133] org.apache.catalina.core.ApplicationContext.log Manager: list: Listing contexts for virtual host 'localhost'
23-Jul-2019 16:45:28.658 INFO [http-nio-8080-exec-138] org.apache.catalina.core.ApplicationContext.log Manager: undeploy: Undeploying web application at '/Opportunity'
23-Jul-2019 16:45:30.287 INFO [http-nio-8080-exec-131] org.apache.catalina.core.ApplicationContext.log Manager: install: Installing context configuration at 'file:/C:/Users/PAULO~1.BEZ/AppData/Local/Temp/context6679751193645637167.xml'
23-Jul-2019 16:45:32.300 INFO [http-nio-8080-exec-137] org.apache.catalina.core.ApplicationContext.log Manager: start: Starting web application '/Opportunity'
23-Jul-2019 16:48:20.434 INFO [http-nio-8080-exec-144] org.apache.catalina.core.ApplicationContext.log Manager: list: Listing contexts for virtual host 'localhost'
23-Jul-2019 16:54:52.467 INFO [http-nio-8080-exec-145] org.apache.catalina.core.ApplicationContext.log Manager: list: Listing contexts for virtual host 'localhost'
23-Jul-2019 16:54:52.480 INFO [http-nio-8080-exec-146] org.apache.catalina.core.ApplicationContext.log Manager: undeploy: Undeploying web application at '/Opportunity'
23-Jul-2019 17:04:03.914 INFO [http-nio-8080-exec-154] org.apache.catalina.core.ApplicationContext.log Manager: list: Listing contexts for virtual host 'localhost'
23-Jul-2019 17:04:53.565 INFO [http-nio-8080-exec-151] org.apache.catalina.core.ApplicationContext.log Manager: list: Listing contexts for virtual host 'localhost'
23-Jul-2019 17:04:53.565 INFO [http-nio-8080-exec-152] org.apache.catalina.core.ApplicationContext.log Manager: list: Listing contexts for virtual host 'localhost'
23-Jul-2019 17:04:53.987 INFO [http-nio-8080-exec-153] org.apache.catalina.core.ApplicationContext.log Manager: install: Installing context configuration at 'file:/C:/Users/PAULO~1.BEZ/AppData/Local/Temp/context5313873526377026313.xml'
23-Jul-2019 17:04:55.623 INFO [http-nio-8080-exec-154] org.apache.catalina.core.ApplicationContext.log Manager: start: Starting web application '/Opportunity'
23-Jul-2019 17:06:33.574 INFO [http-nio-8080-exec-153] org.apache.catalina.core.ApplicationContext.log Manager: list: Listing contexts for virtual host 'localhost'
23-Jul-2019 17:06:53.407 INFO [http-nio-8080-exec-159] org.apache.catalina.core.ApplicationContext.log Manager: list: Listing contexts for virtual host 'localhost'
23-Jul-2019 17:07:19.577 INFO [http-nio-8080-exec-155] org.apache.catalina.core.ApplicationContext.log Manager: list: Listing contexts for virtual host 'localhost'
23-Jul-2019 17:07:44.188 INFO [http-nio-8080-exec-153] org.apache.catalina.core.ApplicationContext.log Manager: list: Listing contexts for virtual host 'localhost'
23-Jul-2019 17:07:44.212 INFO [http-nio-8080-exec-154] org.apache.catalina.core.ApplicationContext.log Manager: list: Listing contexts for virtual host 'localhost'
23-Jul-2019 17:07:44.316 INFO [http-nio-8080-exec-155] org.apache.catalina.core.ApplicationContext.log Manager: undeploy: Undeploying web application at '/Opportunity'
23-Jul-2019 17:07:45.731 INFO [http-nio-8080-exec-159] org.apache.catalina.core.ApplicationContext.log Manager: install: Installing context configuration at 'file:/C:/Users/PAULO~1.BEZ/AppData/Local/Temp/context136936717415183190.xml'
23-Jul-2019 17:07:47.437 INFO [http-nio-8080-exec-156] org.apache.catalina.core.ApplicationContext.log Manager: start: Starting web application '/Opportunity'
23-Jul-2019 17:07:53.466 INFO [http-nio-8080-exec-160] org.apache.catalina.core.ApplicationContext.log Manager: list: Listing contexts for virtual host 'localhost'
23-Jul-2019 17:09:19.579 INFO [http-nio-8080-exec-165] org.apache.catalina.core.ApplicationContext.log Manager: list: Listing contexts for virtual host 'localhost'
23-Jul-2019 17:09:22.796 INFO [http-nio-8080-exec-168] org.apache.catalina.core.ApplicationContext.log Manager: list: Listing contexts for virtual host 'localhost'
23-Jul-2019 17:10:25.735 INFO [http-nio-8080-exec-167] org.apache.catalina.core.ApplicationContext.log Manager: list: Listing contexts for virtual host 'localhost'
23-Jul-2019 17:10:25.735 INFO [http-nio-8080-exec-169] org.apache.catalina.core.ApplicationContext.log Manager: list: Listing contexts for virtual host 'localhost'
23-Jul-2019 17:10:25.751 INFO [http-nio-8080-exec-168] org.apache.catalina.core.ApplicationContext.log Manager: undeploy: Undeploying web application at '/Opportunity'
23-Jul-2019 17:10:26.687 INFO [http-nio-8080-exec-170] org.apache.catalina.core.ApplicationContext.log Manager: install: Installing context configuration at 'file:/C:/Users/PAULO~1.BEZ/AppData/Local/Temp/context8343592990609420953.xml'
23-Jul-2019 17:10:28.233 INFO [http-nio-8080-exec-164] org.apache.catalina.core.ApplicationContext.log Manager: start: Starting web application '/Opportunity'
23-Jul-2019 17:11:04.191 INFO [http-nio-8080-exec-172] org.apache.catalina.core.ApplicationContext.log Manager: list: Listing contexts for virtual host 'localhost'
23-Jul-2019 17:12:16.112 INFO [http-nio-8080-exec-171] org.apache.catalina.core.ApplicationContext.log Manager: list: Listing contexts for virtual host 'localhost'
23-Jul-2019 17:12:16.114 INFO [http-nio-8080-exec-172] org.apache.catalina.core.ApplicationContext.log Manager: list: Listing contexts for virtual host 'localhost'
23-Jul-2019 17:12:16.135 INFO [http-nio-8080-exec-177] org.apache.catalina.core.ApplicationContext.log Manager: undeploy: Undeploying web application at '/Opportunity'
23-Jul-2019 17:12:17.113 INFO [http-nio-8080-exec-179] org.apache.catalina.core.ApplicationContext.log Manager: install: Installing context configuration at 'file:/C:/Users/PAULO~1.BEZ/AppData/Local/Temp/context8352996317358581554.xml'
23-Jul-2019 17:12:19.138 INFO [http-nio-8080-exec-164] org.apache.catalina.core.ApplicationContext.log Manager: start: Starting web application '/Opportunity'
23-Jul-2019 17:13:39.563 INFO [http-nio-8080-exec-183] org.apache.catalina.core.ApplicationContext.log Manager: list: Listing contexts for virtual host 'localhost'
23-Jul-2019 17:13:52.485 INFO [http-nio-8080-exec-176] org.apache.catalina.core.ApplicationContext.log Manager: list: Listing contexts for virtual host 'localhost'
23-Jul-2019 17:14:41.903 INFO [http-nio-8080-exec-186] org.apache.catalina.core.ApplicationContext.log Manager: list: Listing contexts for virtual host 'localhost'
23-Jul-2019 17:14:41.903 INFO [http-nio-8080-exec-187] org.apache.catalina.core.ApplicationContext.log Manager: list: Listing contexts for virtual host 'localhost'
23-Jul-2019 17:14:41.918 INFO [http-nio-8080-exec-176] org.apache.catalina.core.ApplicationContext.log Manager: undeploy: Undeploying web application at '/Opportunity'
23-Jul-2019 17:14:43.012 INFO [http-nio-8080-exec-183] org.apache.catalina.core.ApplicationContext.log Manager: install: Installing context configuration at 'file:/C:/Users/PAULO~1.BEZ/AppData/Local/Temp/context7360780085260480478.xml'
23-Jul-2019 17:14:44.808 INFO [http-nio-8080-exec-185] org.apache.catalina.core.ApplicationContext.log Manager: start: Starting web application '/Opportunity'
23-Jul-2019 17:14:59.212 INFO [http-nio-8080-exec-186] org.apache.catalina.core.ApplicationContext.log Manager: list: Listing contexts for virtual host 'localhost'
23-Jul-2019 17:15:44.383 INFO [http-nio-8080-exec-186] org.apache.catalina.core.ApplicationContext.log Manager: list: Listing contexts for virtual host 'localhost'
23-Jul-2019 17:15:44.383 INFO [http-nio-8080-exec-189] org.apache.catalina.core.ApplicationContext.log Manager: list: Listing contexts for virtual host 'localhost'
23-Jul-2019 17:15:44.399 INFO [http-nio-8080-exec-190] org.apache.catalina.core.ApplicationContext.log Manager: undeploy: Undeploying web application at '/Opportunity'
23-Jul-2019 17:15:45.227 INFO [http-nio-8080-exec-194] org.apache.catalina.core.ApplicationContext.log Manager: install: Installing context configuration at 'file:/C:/Users/PAULO~1.BEZ/AppData/Local/Temp/context7714645624670264325.xml'
23-Jul-2019 17:15:46.758 INFO [http-nio-8080-exec-196] org.apache.catalina.core.ApplicationContext.log Manager: start: Starting web application '/Opportunity'
23-Jul-2019 17:16:03.574 INFO [http-nio-8080-exec-190] org.apache.catalina.core.ApplicationContext.log Manager: list: Listing contexts for virtual host 'localhost'
23-Jul-2019 17:21:14.516 INFO [http-nio-8080-exec-201] org.apache.catalina.core.ApplicationContext.log Manager: list: Listing contexts for virtual host 'localhost'
23-Jul-2019 17:21:53.973 INFO [http-nio-8080-exec-199] org.apache.catalina.core.ApplicationContext.log Manager: list: Listing contexts for virtual host 'localhost'
23-Jul-2019 17:21:53.973 INFO [http-nio-8080-exec-200] org.apache.catalina.core.ApplicationContext.log Manager: list: Listing contexts for virtual host 'localhost'
23-Jul-2019 17:21:53.989 INFO [http-nio-8080-exec-197] org.apache.catalina.core.ApplicationContext.log Manager: undeploy: Undeploying web application at '/Opportunity'
23-Jul-2019 17:21:54.801 INFO [http-nio-8080-exec-202] org.apache.catalina.core.ApplicationContext.log Manager: install: Installing context configuration at 'file:/C:/Users/PAULO~1.BEZ/AppData/Local/Temp/context5883578749041852804.xml'
23-Jul-2019 17:21:56.129 INFO [http-nio-8080-exec-203] org.apache.catalina.core.ApplicationContext.log Manager: start: Starting web application '/Opportunity'
23-Jul-2019 17:22:40.571 INFO [http-nio-8080-exec-204] org.apache.catalina.core.ApplicationContext.log Manager: list: Listing contexts for virtual host 'localhost'
23-Jul-2019 17:24:07.828 INFO [http-nio-8080-exec-210] org.apache.catalina.core.ApplicationContext.log Manager: list: Listing contexts for virtual host 'localhost'
23-Jul-2019 17:24:07.828 INFO [http-nio-8080-exec-211] org.apache.catalina.core.ApplicationContext.log Manager: list: Listing contexts for virtual host 'localhost'
23-Jul-2019 17:24:07.875 INFO [http-nio-8080-exec-212] org.apache.catalina.core.ApplicationContext.log Manager: undeploy: Undeploying web application at '/Opportunity'
23-Jul-2019 17:24:08.828 INFO [http-nio-8080-exec-209] org.apache.catalina.core.ApplicationContext.log Manager: install: Installing context configuration at 'file:/C:/Users/PAULO~1.BEZ/AppData/Local/Temp/context459471148238037167.xml'
23-Jul-2019 17:24:10.609 INFO [http-nio-8080-exec-211] org.apache.catalina.core.ApplicationContext.log Manager: start: Starting web application '/Opportunity'
23-Jul-2019 17:24:44.007 INFO [http-nio-8080-exec-218] org.apache.catalina.core.ApplicationContext.log Manager: list: Listing contexts for virtual host 'localhost'
23-Jul-2019 17:25:40.400 INFO [http-nio-8080-exec-221] org.apache.catalina.core.ApplicationContext.log Manager: list: Listing contexts for virtual host 'localhost'
23-Jul-2019 17:25:40.400 INFO [http-nio-8080-exec-222] org.apache.catalina.core.ApplicationContext.log Manager: list: Listing contexts for virtual host 'localhost'
23-Jul-2019 17:25:40.416 INFO [http-nio-8080-exec-216] org.apache.catalina.core.ApplicationContext.log Manager: undeploy: Undeploying web application at '/Opportunity'
23-Jul-2019 17:25:41.213 INFO [http-nio-8080-exec-207] org.apache.catalina.core.ApplicationContext.log Manager: install: Installing context configuration at 'file:/C:/Users/PAULO~1.BEZ/AppData/Local/Temp/context2290363046732106651.xml'
23-Jul-2019 17:25:42.603 INFO [http-nio-8080-exec-224] org.apache.catalina.core.ApplicationContext.log Manager: start: Starting web application '/Opportunity'
23-Jul-2019 17:27:35.181 INFO [http-nio-8080-exec-229] org.apache.catalina.core.ApplicationContext.log Manager: list: Listing contexts for virtual host 'localhost'
23-Jul-2019 17:28:35.960 INFO [http-nio-8080-exec-227] org.apache.catalina.core.ApplicationContext.log Manager: list: Listing contexts for virtual host 'localhost'
23-Jul-2019 17:28:35.963 INFO [http-nio-8080-exec-228] org.apache.catalina.core.ApplicationContext.log Manager: list: Listing contexts for virtual host 'localhost'
23-Jul-2019 17:28:35.991 INFO [http-nio-8080-exec-229] org.apache.catalina.core.ApplicationContext.log Manager: undeploy: Undeploying web application at '/Opportunity'
23-Jul-2019 17:28:37.010 INFO [http-nio-8080-exec-228] org.apache.catalina.core.ApplicationContext.log Manager: install: Installing context configuration at 'file:/C:/Users/PAULO~1.BEZ/AppData/Local/Temp/context4980011020854326584.xml'
23-Jul-2019 17:28:38.930 INFO [http-nio-8080-exec-233] org.apache.catalina.core.ApplicationContext.log Manager: start: Starting web application '/Opportunity'
23-Jul-2019 17:28:59.496 INFO [http-nio-8080-exec-233] org.apache.catalina.core.ApplicationContext.log Manager: list: Listing contexts for virtual host 'localhost'
23-Jul-2019 17:29:44.490 INFO [http-nio-8080-exec-230] org.apache.catalina.core.ApplicationContext.log Manager: list: Listing contexts for virtual host 'localhost'
23-Jul-2019 17:29:44.490 INFO [http-nio-8080-exec-237] org.apache.catalina.core.ApplicationContext.log Manager: list: Listing contexts for virtual host 'localhost'
23-Jul-2019 17:29:44.506 INFO [http-nio-8080-exec-238] org.apache.catalina.core.ApplicationContext.log Manager: undeploy: Undeploying web application at '/Opportunity'
23-Jul-2019 17:29:45.365 INFO [http-nio-8080-exec-233] org.apache.catalina.core.ApplicationContext.log Manager: install: Installing context configuration at 'file:/C:/Users/PAULO~1.BEZ/AppData/Local/Temp/context1636435621772329869.xml'
23-Jul-2019 17:29:47.068 INFO [http-nio-8080-exec-237] org.apache.catalina.core.ApplicationContext.log Manager: start: Starting web application '/Opportunity'
23-Jul-2019 17:32:47.725 INFO [http-nio-8080-exec-248] org.apache.catalina.core.ApplicationContext.log Manager: list: Listing contexts for virtual host 'localhost'
23-Jul-2019 17:33:27.770 INFO [http-nio-8080-exec-246] org.apache.catalina.core.ApplicationContext.log Manager: list: Listing contexts for virtual host 'localhost'
23-Jul-2019 17:33:27.786 INFO [http-nio-8080-exec-247] org.apache.catalina.core.ApplicationContext.log Manager: list: Listing contexts for virtual host 'localhost'
23-Jul-2019 17:33:27.786 INFO [http-nio-8080-exec-251] org.apache.catalina.core.ApplicationContext.log Manager: undeploy: Undeploying web application at '/Opportunity'
23-Jul-2019 17:33:28.629 INFO [http-nio-8080-exec-247] org.apache.catalina.core.ApplicationContext.log Manager: install: Installing context configuration at 'file:/C:/Users/PAULO~1.BEZ/AppData/Local/Temp/context413432691177756359.xml'
23-Jul-2019 17:33:29.973 INFO [http-nio-8080-exec-249] org.apache.catalina.core.ApplicationContext.log Manager: start: Starting web application '/Opportunity'
23-Jul-2019 17:34:39.552 INFO [http-nio-8080-exec-257] org.apache.catalina.core.ApplicationContext.log Manager: list: Listing contexts for virtual host 'localhost'
23-Jul-2019 17:34:39.567 INFO [http-nio-8080-exec-258] org.apache.catalina.core.ApplicationContext.log Manager: undeploy: Undeploying web application at '/Opportunity'
23-Jul-2019 17:36:43.838 INFO [http-nio-8080-exec-253] org.apache.catalina.core.ApplicationContext.log Manager: list: Listing contexts for virtual host 'localhost'
23-Jul-2019 17:36:43.838 INFO [http-nio-8080-exec-259] org.apache.catalina.core.ApplicationContext.log Manager: list: Listing contexts for virtual host 'localhost'
23-Jul-2019 17:36:43.963 INFO [http-nio-8080-exec-257] org.apache.catalina.core.ApplicationContext.log Manager: install: Installing context configuration at 'file:/C:/Users/PAULO~1.BEZ/AppData/Local/Temp/context1357585953267732732.xml'
23-Jul-2019 17:36:45.322 INFO [http-nio-8080-exec-268] org.apache.catalina.core.ApplicationContext.log Manager: start: Starting web application '/Opportunity'
23-Jul-2019 17:37:45.600 INFO [http-nio-8080-exec-268] org.apache.catalina.core.ApplicationContext.log Manager: list: Listing contexts for virtual host 'localhost'
23-Jul-2019 17:39:05.668 INFO [http-nio-8080-exec-267] org.apache.catalina.core.ApplicationContext.log Manager: list: Listing contexts for virtual host 'localhost'
23-Jul-2019 17:39:05.668 INFO [http-nio-8080-exec-269] org.apache.catalina.core.ApplicationContext.log Manager: list: Listing contexts for virtual host 'localhost'
23-Jul-2019 17:39:05.715 INFO [http-nio-8080-exec-270] org.apache.catalina.core.ApplicationContext.log Manager: undeploy: Undeploying web application at '/Opportunity'
23-Jul-2019 17:39:06.780 INFO [http-nio-8080-exec-269] org.apache.catalina.core.ApplicationContext.log Manager: install: Installing context configuration at 'file:/C:/Users/PAULO~1.BEZ/AppData/Local/Temp/context8309637323527463173.xml'
23-Jul-2019 17:39:09.870 INFO [http-nio-8080-exec-263] org.apache.catalina.core.ApplicationContext.log Manager: start: Starting web application '/Opportunity'
23-Jul-2019 17:39:31.955 INFO [http-nio-8080-exec-272] org.apache.catalina.core.ApplicationContext.log Manager: list: Listing contexts for virtual host 'localhost'
23-Jul-2019 17:40:31.161 INFO [http-nio-8080-exec-277] org.apache.catalina.core.ApplicationContext.log Manager: list: Listing contexts for virtual host 'localhost'
23-Jul-2019 17:40:31.161 INFO [http-nio-8080-exec-278] org.apache.catalina.core.ApplicationContext.log Manager: list: Listing contexts for virtual host 'localhost'
23-Jul-2019 17:40:31.177 INFO [http-nio-8080-exec-279] org.apache.catalina.core.ApplicationContext.log Manager: undeploy: Undeploying web application at '/Opportunity'
23-Jul-2019 17:40:32.052 INFO [http-nio-8080-exec-280] org.apache.catalina.core.ApplicationContext.log Manager: install: Installing context configuration at 'file:/C:/Users/PAULO~1.BEZ/AppData/Local/Temp/context1562733497867033281.xml'
23-Jul-2019 17:40:32.380 INFO [http-nio-8080-exec-272] org.apache.catalina.core.ApplicationContext.log Manager: list: Listing contexts for virtual host 'localhost'
23-Jul-2019 17:40:33.661 INFO [http-nio-8080-exec-275] org.apache.catalina.core.ApplicationContext.log Manager: restart: Reloading web application '/Opportunity'
23-Jul-2019 17:40:35.488 INFO [http-nio-8080-exec-273] org.apache.catalina.core.ApplicationContext.log Manager: start: Starting web application '/Opportunity'
23-Jul-2019 17:40:42.022 INFO [http-nio-8080-exec-274] org.apache.catalina.core.ApplicationContext.log Manager: list: Listing contexts for virtual host 'localhost'
23-Jul-2019 17:40:42.098 INFO [http-nio-8080-exec-283] org.apache.catalina.core.ApplicationContext.log Manager: restart: Reloading web application '/Opportunity'
23-Jul-2019 17:41:01.939 INFO [http-nio-8080-exec-281] org.apache.catalina.core.ApplicationContext.log Manager: list: Listing contexts for virtual host 'localhost'
23-Jul-2019 17:43:21.929 INFO [http-nio-8080-exec-288] org.apache.catalina.core.ApplicationContext.log Manager: list: Listing contexts for virtual host 'localhost'
23-Jul-2019 17:43:21.929 INFO [http-nio-8080-exec-289] org.apache.catalina.core.ApplicationContext.log Manager: list: Listing contexts for virtual host 'localhost'
23-Jul-2019 17:43:21.961 INFO [http-nio-8080-exec-285] org.apache.catalina.core.ApplicationContext.log Manager: undeploy: Undeploying web application at '/Opportunity'
23-Jul-2019 17:43:23.023 INFO [http-nio-8080-exec-289] org.apache.catalina.core.ApplicationContext.log Manager: install: Installing context configuration at 'file:/C:/Users/PAULO~1.BEZ/AppData/Local/Temp/context245892489451533998.xml'
23-Jul-2019 17:43:24.960 INFO [http-nio-8080-exec-288] org.apache.catalina.core.ApplicationContext.log Manager: start: Starting web application '/Opportunity'
23-Jul-2019 17:44:23.641 INFO [http-nio-8080-exec-287] org.apache.catalina.core.ApplicationContext.log Manager: list: Listing contexts for virtual host 'localhost'
23-Jul-2019 17:45:20.437 INFO [http-nio-8080-exec-293] org.apache.catalina.core.ApplicationContext.log Manager: list: Listing contexts for virtual host 'localhost'
23-Jul-2019 17:45:20.437 INFO [http-nio-8080-exec-294] org.apache.catalina.core.ApplicationContext.log Manager: list: Listing contexts for virtual host 'localhost'
23-Jul-2019 17:45:20.453 INFO [http-nio-8080-exec-301] org.apache.catalina.core.ApplicationContext.log Manager: undeploy: Undeploying web application at '/Opportunity'
23-Jul-2019 17:45:21.399 INFO [http-nio-8080-exec-293] org.apache.catalina.core.ApplicationContext.log Manager: install: Installing context configuration at 'file:/C:/Users/PAULO~1.BEZ/AppData/Local/Temp/context307193348408645668.xml'
23-Jul-2019 17:45:23.336 INFO [http-nio-8080-exec-297] org.apache.catalina.core.ApplicationContext.log Manager: start: Starting web application '/Opportunity'
23-Jul-2019 17:46:16.388 INFO [http-nio-8080-exec-297] org.apache.catalina.core.ApplicationContext.log Manager: list: Listing contexts for virtual host 'localhost'
23-Jul-2019 17:46:51.651 INFO [http-nio-8080-exec-301] org.apache.catalina.core.ApplicationContext.log Manager: list: Listing contexts for virtual host 'localhost'
23-Jul-2019 17:47:22.112 INFO [http-nio-8080-exec-311] org.apache.catalina.core.ApplicationContext.log Manager: list: Listing contexts for virtual host 'localhost'
23-Jul-2019 17:47:48.615 INFO [http-nio-8080-exec-307] org.apache.catalina.core.ApplicationContext.log Manager: list: Listing contexts for virtual host 'localhost'
23-Jul-2019 17:47:50.522 INFO [http-nio-8080-exec-306] org.apache.catalina.core.ApplicationContext.log Manager: list: Listing contexts for virtual host 'localhost'
23-Jul-2019 17:47:50.568 INFO [http-nio-8080-exec-307] org.apache.catalina.core.ApplicationContext.log Manager: list: Listing contexts for virtual host 'localhost'
23-Jul-2019 17:47:50.631 INFO [http-nio-8080-exec-308] org.apache.catalina.core.ApplicationContext.log Manager: undeploy: Undeploying web application at '/Opportunity'
23-Jul-2019 17:47:51.881 INFO [http-nio-8080-exec-304] org.apache.catalina.core.ApplicationContext.log Manager: install: Installing context configuration at 'file:/C:/Users/PAULO~1.BEZ/AppData/Local/Temp/context6332583356232110301.xml'
23-Jul-2019 17:47:56.481 INFO [http-nio-8080-exec-307] org.apache.catalina.core.ApplicationContext.log Manager: start: Starting web application '/Opportunity'
23-Jul-2019 17:48:17.167 INFO [http-nio-8080-exec-314] org.apache.catalina.core.ApplicationContext.log Manager: list: Listing contexts for virtual host 'localhost'
23-Jul-2019 17:48:34.197 INFO [http-nio-8080-exec-319] org.apache.catalina.core.ApplicationContext.log Manager: list: Listing contexts for virtual host 'localhost'
23-Jul-2019 17:49:34.123 INFO [http-nio-8080-exec-318] org.apache.catalina.core.ApplicationContext.log Manager: list: Listing contexts for virtual host 'localhost'
23-Jul-2019 17:49:34.123 INFO [http-nio-8080-exec-319] org.apache.catalina.core.ApplicationContext.log Manager: list: Listing contexts for virtual host 'localhost'
23-Jul-2019 17:49:34.139 INFO [http-nio-8080-exec-322] org.apache.catalina.core.ApplicationContext.log Manager: undeploy: Undeploying web application at '/Opportunity'
23-Jul-2019 17:49:35.029 INFO [http-nio-8080-exec-317] org.apache.catalina.core.ApplicationContext.log Manager: install: Installing context configuration at 'file:/C:/Users/PAULO~1.BEZ/AppData/Local/Temp/context212480747042251988.xml'
23-Jul-2019 17:49:36.763 INFO [http-nio-8080-exec-323] org.apache.catalina.core.ApplicationContext.log Manager: start: Starting web application '/Opportunity'
23-Jul-2019 17:50:40.295 INFO [http-nio-8080-exec-327] org.apache.catalina.core.ApplicationContext.log Manager: list: Listing contexts for virtual host 'localhost'
23-Jul-2019 17:51:29.486 INFO [http-nio-8080-exec-325] org.apache.catalina.core.ApplicationContext.log Manager: list: Listing contexts for virtual host 'localhost'
23-Jul-2019 17:51:29.488 INFO [http-nio-8080-exec-326] org.apache.catalina.core.ApplicationContext.log Manager: list: Listing contexts for virtual host 'localhost'
23-Jul-2019 17:51:29.502 INFO [http-nio-8080-exec-327] org.apache.catalina.core.ApplicationContext.log Manager: undeploy: Undeploying web application at '/Opportunity'
23-Jul-2019 17:51:29.806 INFO [http-nio-8080-exec-324] org.apache.catalina.core.ApplicationContext.log Manager: install: Installing context configuration at 'file:/C:/Users/PAULO~1.BEZ/AppData/Local/Temp/context9195097878836999165.xml'
23-Jul-2019 17:53:01.450 INFO [http-nio-8080-exec-332] org.apache.catalina.core.ApplicationContext.log Manager: list: Listing contexts for virtual host 'localhost'
23-Jul-2019 17:53:01.453 INFO [http-nio-8080-exec-334] org.apache.catalina.core.ApplicationContext.log Manager: list: Listing contexts for virtual host 'localhost'
23-Jul-2019 17:53:01.512 INFO [http-nio-8080-exec-330] org.apache.catalina.core.ApplicationContext.log Manager: undeploy: Undeploying web application at '/Opportunity'
23-Jul-2019 17:53:02.100 INFO [http-nio-8080-exec-327] org.apache.catalina.core.ApplicationContext.log Manager: install: Installing context configuration at 'file:/C:/Users/PAULO~1.BEZ/AppData/Local/Temp/context374850254619481465.xml'
23-Jul-2019 17:53:04.997 INFO [http-nio-8080-exec-324] org.apache.catalina.core.ApplicationContext.log Manager: start: Starting web application '/Opportunity'
23-Jul-2019 17:54:35.188 INFO [http-nio-8080-exec-335] org.apache.catalina.core.ApplicationContext.log Manager: list: Listing contexts for virtual host 'localhost'
23-Jul-2019 17:56:20.314 INFO [http-nio-8080-exec-336] org.apache.catalina.core.ApplicationContext.log Manager: list: Listing contexts for virtual host 'localhost'
23-Jul-2019 17:56:20.317 INFO [http-nio-8080-exec-333] org.apache.catalina.core.ApplicationContext.log Manager: list: Listing contexts for virtual host 'localhost'
23-Jul-2019 17:56:20.369 INFO [http-nio-8080-exec-335] org.apache.catalina.core.ApplicationContext.log Manager: undeploy: Undeploying web application at '/Opportunity'
23-Jul-2019 17:56:21.381 INFO [http-nio-8080-exec-342] org.apache.catalina.core.ApplicationContext.log Manager: install: Installing context configuration at 'file:/C:/Users/PAULO~1.BEZ/AppData/Local/Temp/context1940690099707288189.xml'
23-Jul-2019 17:56:23.592 INFO [http-nio-8080-exec-339] org.apache.catalina.core.ApplicationContext.log Manager: start: Starting web application '/Opportunity'
23-Jul-2019 17:57:42.276 INFO [http-nio-8080-exec-346] org.apache.catalina.core.ApplicationContext.log Manager: list: Listing contexts for virtual host 'localhost'
23-Jul-2019 17:58:02.230 INFO [http-nio-8080-exec-349] org.apache.catalina.core.ApplicationContext.log Manager: list: Listing contexts for virtual host 'localhost'
23-Jul-2019 17:59:00.967 INFO [http-nio-8080-exec-348] org.apache.catalina.core.ApplicationContext.log Manager: list: Listing contexts for virtual host 'localhost'
23-Jul-2019 17:59:00.969 INFO [http-nio-8080-exec-351] org.apache.catalina.core.ApplicationContext.log Manager: list: Listing contexts for virtual host 'localhost'
23-Jul-2019 17:59:00.991 INFO [http-nio-8080-exec-341] org.apache.catalina.core.ApplicationContext.log Manager: undeploy: Undeploying web application at '/Opportunity'
23-Jul-2019 17:59:01.574 INFO [http-nio-8080-exec-348] org.apache.catalina.core.ApplicationContext.log Manager: install: Installing context configuration at 'file:/C:/Users/PAULO~1.BEZ/AppData/Local/Temp/context1388427029779523420.xml'
23-Jul-2019 18:00:08.688 INFO [http-nio-8080-exec-343] org.apache.catalina.core.ApplicationContext.log Manager: list: Listing contexts for virtual host 'localhost'
23-Jul-2019 18:00:08.690 INFO [http-nio-8080-exec-354] org.apache.catalina.core.ApplicationContext.log Manager: list: Listing contexts for virtual host 'localhost'
23-Jul-2019 18:00:08.706 INFO [http-nio-8080-exec-348] org.apache.catalina.core.ApplicationContext.log Manager: undeploy: Undeploying web application at '/Opportunity'
23-Jul-2019 18:00:09.275 INFO [http-nio-8080-exec-352] org.apache.catalina.core.ApplicationContext.log Manager: install: Installing context configuration at 'file:/C:/Users/PAULO~1.BEZ/AppData/Local/Temp/context1686424434672829513.xml'
23-Jul-2019 18:00:10.696 INFO [http-nio-8080-exec-353] org.apache.catalina.core.ApplicationContext.log Manager: start: Starting web application '/Opportunity'
23-Jul-2019 18:01:51.338 INFO [http-nio-8080-exec-358] org.apache.catalina.core.ApplicationContext.log Manager: list: Listing contexts for virtual host 'localhost'
23-Jul-2019 18:02:47.788 INFO [http-nio-8080-exec-353] org.apache.catalina.core.ApplicationContext.log Manager: list: Listing contexts for virtual host 'localhost'
23-Jul-2019 18:03:46.785 INFO [http-nio-8080-exec-354] org.apache.catalina.core.ApplicationContext.log Manager: list: Listing contexts for virtual host 'localhost'
23-Jul-2019 18:04:02.899 INFO [http-nio-8080-exec-357] org.apache.catalina.core.ApplicationContext.log Manager: list: Listing contexts for virtual host 'localhost'
23-Jul-2019 18:04:17.600 INFO [http-nio-8080-exec-353] org.apache.catalina.core.ApplicationContext.log Manager: list: Listing contexts for virtual host 'localhost'
23-Jul-2019 18:04:17.602 INFO [http-nio-8080-exec-355] org.apache.catalina.core.ApplicationContext.log Manager: list: Listing contexts for virtual host 'localhost'
23-Jul-2019 18:04:17.634 INFO [http-nio-8080-exec-356] org.apache.catalina.core.ApplicationContext.log Manager: undeploy: Undeploying web application at '/Opportunity'
23-Jul-2019 18:04:18.748 INFO [http-nio-8080-exec-355] org.apache.catalina.core.ApplicationContext.log Manager: install: Installing context configuration at 'file:/C:/Users/PAULO~1.BEZ/AppData/Local/Temp/context7664452948482041217.xml'
23-Jul-2019 18:04:21.501 INFO [http-nio-8080-exec-354] org.apache.catalina.core.ApplicationContext.log Manager: start: Starting web application '/Opportunity'
23-Jul-2019 18:05:14.923 INFO [http-nio-8080-exec-354] org.apache.catalina.core.ApplicationContext.log Manager: list: Listing contexts for virtual host 'localhost'
23-Jul-2019 18:05:48.092 INFO [http-nio-8080-exec-362] org.apache.catalina.core.ApplicationContext.log Manager: list: Listing contexts for virtual host 'localhost'
23-Jul-2019 18:07:19.499 INFO [http-nio-8080-exec-366] org.apache.catalina.core.ApplicationContext.log Manager: list: Listing contexts for virtual host 'localhost'
23-Jul-2019 18:07:19.504 INFO [http-nio-8080-exec-367] org.apache.catalina.core.ApplicationContext.log Manager: list: Listing contexts for virtual host 'localhost'
23-Jul-2019 18:07:19.555 INFO [http-nio-8080-exec-362] org.apache.catalina.core.ApplicationContext.log Manager: undeploy: Undeploying web application at '/Opportunity'
23-Jul-2019 18:07:20.737 INFO [http-nio-8080-exec-365] org.apache.catalina.core.ApplicationContext.log Manager: install: Installing context configuration at 'file:/C:/Users/PAULO~1.BEZ/AppData/Local/Temp/context1761910875320668962.xml'
23-Jul-2019 18:07:31.881 INFO [http-nio-8080-exec-368] org.apache.catalina.core.ApplicationContext.log Manager: start: Starting web application '/Opportunity'
23-Jul-2019 18:08:26.205 INFO [http-nio-8080-exec-374] org.apache.catalina.core.ApplicationContext.log Manager: list: Listing contexts for virtual host 'localhost'
23-Jul-2019 18:08:48.789 INFO [http-nio-8080-exec-378] org.apache.catalina.core.ApplicationContext.log Manager: list: Listing contexts for virtual host 'localhost'
23-Jul-2019 18:10:13.716 INFO [http-nio-8080-exec-376] org.apache.catalina.core.ApplicationContext.log Manager: list: Listing contexts for virtual host 'localhost'
23-Jul-2019 18:10:13.718 INFO [http-nio-8080-exec-377] org.apache.catalina.core.ApplicationContext.log Manager: list: Listing contexts for virtual host 'localhost'
23-Jul-2019 18:10:13.738 INFO [http-nio-8080-exec-381] org.apache.catalina.core.ApplicationContext.log Manager: undeploy: Undeploying web application at '/Opportunity'
23-Jul-2019 18:10:14.662 INFO [http-nio-8080-exec-373] org.apache.catalina.core.ApplicationContext.log Manager: install: Installing context configuration at 'file:/C:/Users/PAULO~1.BEZ/AppData/Local/Temp/context1146889923993603013.xml'
23-Jul-2019 18:10:16.517 INFO [http-nio-8080-exec-375] org.apache.catalina.core.ApplicationContext.log Manager: start: Starting web application '/Opportunity'
23-Jul-2019 18:11:21.726 INFO [http-nio-8080-exec-385] org.apache.catalina.core.ApplicationContext.log Manager: list: Listing contexts for virtual host 'localhost'
23-Jul-2019 18:11:54.825 INFO [http-nio-8080-exec-374] org.apache.catalina.core.ApplicationContext.log Manager: list: Listing contexts for virtual host 'localhost'
23-Jul-2019 18:12:33.571 INFO [http-nio-8080-exec-387] org.apache.catalina.core.ApplicationContext.log Manager: list: Listing contexts for virtual host 'localhost'
23-Jul-2019 18:13:13.766 INFO [http-nio-8080-exec-384] org.apache.catalina.core.ApplicationContext.log Manager: list: Listing contexts for virtual host 'localhost'
23-Jul-2019 18:13:36.076 INFO [http-nio-8080-exec-388] org.apache.catalina.core.ApplicationContext.log Manager: list: Listing contexts for virtual host 'localhost'
23-Jul-2019 18:13:36.078 INFO [http-nio-8080-exec-382] org.apache.catalina.core.ApplicationContext.log Manager: list: Listing contexts for virtual host 'localhost'
23-Jul-2019 18:13:36.100 INFO [http-nio-8080-exec-383] org.apache.catalina.core.ApplicationContext.log Manager: undeploy: Undeploying web application at '/Opportunity'
23-Jul-2019 18:13:37.292 INFO [http-nio-8080-exec-387] org.apache.catalina.core.ApplicationContext.log Manager: install: Installing context configuration at 'file:/C:/Users/PAULO~1.BEZ/AppData/Local/Temp/context8459434594809821337.xml'
23-Jul-2019 18:13:39.457 INFO [http-nio-8080-exec-384] org.apache.catalina.core.ApplicationContext.log Manager: start: Starting web application '/Opportunity'
23-Jul-2019 18:14:32.105 INFO [http-nio-8080-exec-393] org.apache.catalina.core.ApplicationContext.log Manager: list: Listing contexts for virtual host 'localhost'
23-Jul-2019 18:15:26.850 INFO [http-nio-8080-exec-390] org.apache.catalina.core.ApplicationContext.log Manager: list: Listing contexts for virtual host 'localhost'
23-Jul-2019 18:15:26.852 INFO [http-nio-8080-exec-392] org.apache.catalina.core.ApplicationContext.log Manager: list: Listing contexts for virtual host 'localhost'
23-Jul-2019 18:15:26.870 INFO [http-nio-8080-exec-393] org.apache.catalina.core.ApplicationContext.log Manager: undeploy: Undeploying web application at '/Opportunity'
23-Jul-2019 18:15:27.644 INFO [http-nio-8080-exec-384] org.apache.catalina.core.ApplicationContext.log Manager: install: Installing context configuration at 'file:/C:/Users/PAULO~1.BEZ/AppData/Local/Temp/context7516200981341301620.xml'
23-Jul-2019 18:16:07.868 INFO [http-nio-8080-exec-401] org.apache.catalina.core.ApplicationContext.log Manager: list: Listing contexts for virtual host 'localhost'
23-Jul-2019 18:16:07.876 INFO [http-nio-8080-exec-402] org.apache.catalina.core.ApplicationContext.log Manager: undeploy: Undeploying web application at '/Opportunity'
23-Jul-2019 18:20:34.291 INFO [http-nio-8080-exec-10] org.apache.catalina.core.ApplicationContext.log Manager: init: Associated with Deployer 'Catalina:type=Deployer,host=localhost'
23-Jul-2019 18:20:34.291 INFO [http-nio-8080-exec-10] org.apache.catalina.core.ApplicationContext.log Manager: init: Global resources are available
23-Jul-2019 18:20:34.292 INFO [http-nio-8080-exec-10] org.apache.catalina.core.ApplicationContext.log Manager: list: Listing contexts for virtual host 'localhost'
23-Jul-2019 18:20:34.295 INFO [http-nio-8080-exec-1] org.apache.catalina.core.ApplicationContext.log Manager: list: Listing contexts for virtual host 'localhost'
23-Jul-2019 18:20:34.368 INFO [http-nio-8080-exec-8] org.apache.catalina.core.ApplicationContext.log Manager: install: Installing context configuration at 'file:/C:/Users/PAULO~1.BEZ/AppData/Local/Temp/context2387922118790911964.xml'
23-Jul-2019 18:20:35.851 INFO [http-nio-8080-exec-9] org.apache.catalina.core.ApplicationContext.log Manager: start: Starting web application '/Opportunity'
23-Jul-2019 18:21:11.381 INFO [http-nio-8080-exec-2] org.apache.catalina.core.ApplicationContext.log Manager: list: Listing contexts for virtual host 'localhost'
23-Jul-2019 18:21:11.449 INFO [http-nio-8080-exec-4] org.apache.catalina.core.ApplicationContext.log Manager: restart: Reloading web application '/Opportunity'
23-Jul-2019 18:21:43.143 INFO [http-nio-8080-exec-3] org.apache.catalina.core.ApplicationContext.log Manager: list: Listing contexts for virtual host 'localhost'
23-Jul-2019 18:21:43.236 INFO [http-nio-8080-exec-13] org.apache.catalina.core.ApplicationContext.log Manager: restart: Reloading web application '/Opportunity'
23-Jul-2019 18:22:20.926 INFO [http-nio-8080-exec-17] org.apache.catalina.core.ApplicationContext.log Manager: list: Listing contexts for virtual host 'localhost'
23-Jul-2019 18:22:20.941 INFO [http-nio-8080-exec-6] org.apache.catalina.core.ApplicationContext.log Manager: undeploy: Undeploying web application at '/Opportunity'
23-Jul-2019 18:50:04.333 INFO [http-nio-8080-exec-27] org.apache.catalina.core.ApplicationContext.log Manager: list: Listing contexts for virtual host 'localhost'
23-Jul-2019 18:51:20.782 INFO [http-nio-8080-exec-33] org.apache.catalina.core.ApplicationContext.log Manager: list: Listing contexts for virtual host 'localhost'
23-Jul-2019 18:51:20.786 INFO [http-nio-8080-exec-25] org.apache.catalina.core.ApplicationContext.log Manager: list: Listing contexts for virtual host 'localhost'
23-Jul-2019 18:51:20.914 INFO [http-nio-8080-exec-24] org.apache.catalina.core.ApplicationContext.log Manager: install: Installing context configuration at 'file:/C:/Users/PAULO~1.BEZ/AppData/Local/Temp/context8812501537715609902.xml'
23-Jul-2019 18:51:22.734 INFO [http-nio-8080-exec-26] org.apache.catalina.core.ApplicationContext.log Manager: start: Starting web application '/Opportunity'
23-Jul-2019 18:51:47.321 INFO [http-nio-8080-exec-26] org.apache.catalina.core.ApplicationContext.log Manager: list: Listing contexts for virtual host 'localhost'
23-Jul-2019 18:53:31.992 INFO [http-nio-8080-exec-26] org.apache.catalina.core.ApplicationContext.log Manager: list: Listing contexts for virtual host 'localhost'
23-Jul-2019 18:53:31.995 INFO [http-nio-8080-exec-27] org.apache.catalina.core.ApplicationContext.log Manager: list: Listing contexts for virtual host 'localhost'
23-Jul-2019 18:53:32.067 INFO [http-nio-8080-exec-28] org.apache.catalina.core.ApplicationContext.log Manager: undeploy: Undeploying web application at '/Opportunity'
23-Jul-2019 18:53:32.923 INFO [http-nio-8080-exec-24] org.apache.catalina.core.ApplicationContext.log Manager: install: Installing context configuration at 'file:/C:/Users/PAULO~1.BEZ/AppData/Local/Temp/context4101827679427031225.xml'
23-Jul-2019 18:53:34.580 INFO [http-nio-8080-exec-25] org.apache.catalina.core.ApplicationContext.log Manager: start: Starting web application '/Opportunity'
23-Jul-2019 18:54:06.631 INFO [http-nio-8080-exec-29] org.apache.catalina.core.ApplicationContext.log Manager: list: Listing contexts for virtual host 'localhost'
23-Jul-2019 18:55:20.035 INFO [http-nio-8080-exec-35] org.apache.catalina.core.ApplicationContext.log Manager: list: Listing contexts for virtual host 'localhost'
23-Jul-2019 18:55:20.037 INFO [http-nio-8080-exec-41] org.apache.catalina.core.ApplicationContext.log Manager: list: Listing contexts for virtual host 'localhost'
23-Jul-2019 18:55:20.071 INFO [http-nio-8080-exec-43] org.apache.catalina.core.ApplicationContext.log Manager: undeploy: Undeploying web application at '/Opportunity'
23-Jul-2019 18:55:20.963 INFO [http-nio-8080-exec-35] org.apache.catalina.core.ApplicationContext.log Manager: install: Installing context configuration at 'file:/C:/Users/PAULO~1.BEZ/AppData/Local/Temp/context729212500605765886.xml'
23-Jul-2019 18:55:22.684 INFO [http-nio-8080-exec-34] org.apache.catalina.core.ApplicationContext.log Manager: start: Starting web application '/Opportunity'
23-Jul-2019 18:55:55.166 INFO [http-nio-8080-exec-54] org.apache.catalina.core.ApplicationContext.log Manager: list: Listing contexts for virtual host 'localhost'
