25-Oct-2019 16:23:45.850 INFO [http-nio-8080-exec-320] org.apache.catalina.core.ApplicationContext.log Manager: list: Listing contexts for virtual host 'localhost'
25-Oct-2019 16:23:46.634 INFO [http-nio-8080-exec-313] org.apache.catalina.core.ApplicationContext.log Manager: list: Listing contexts for virtual host 'localhost'
25-Oct-2019 16:24:15.295 INFO [http-nio-8080-exec-320] org.apache.catalina.core.ApplicationContext.log Manager: list: Listing contexts for virtual host 'localhost'
25-Oct-2019 16:24:23.373 INFO [http-nio-8080-exec-319] org.apache.catalina.core.ApplicationContext.log Manager: list: Listing contexts for virtual host 'localhost'
25-Oct-2019 16:26:01.718 INFO [http-nio-8080-exec-315] org.apache.catalina.core.ApplicationContext.log Manager: list: Listing contexts for virtual host 'localhost'
25-Oct-2019 16:26:14.451 INFO [http-nio-8080-exec-317] org.apache.catalina.core.ApplicationContext.log Manager: list: Listing contexts for virtual host 'localhost'
25-Oct-2019 16:29:45.873 INFO [http-nio-8080-exec-315] org.apache.catalina.core.ApplicationContext.log Manager: list: Listing contexts for virtual host 'localhost'
25-Oct-2019 16:31:18.513 INFO [http-nio-8080-exec-317] org.apache.catalina.core.ApplicationContext.log Manager: list: Listing contexts for virtual host 'localhost'
25-Oct-2019 16:31:27.778 INFO [http-nio-8080-exec-316] org.apache.catalina.core.ApplicationContext.log Manager: list: Listing contexts for virtual host 'localhost'
25-Oct-2019 16:31:27.782 INFO [http-nio-8080-exec-317] org.apache.catalina.core.ApplicationContext.log Manager: list: Listing contexts for virtual host 'localhost'
25-Oct-2019 16:31:27.931 INFO [http-nio-8080-exec-320] org.apache.catalina.core.ApplicationContext.log Manager: install: Installing context configuration at 'file:/C:/Users/PAULO~1.BEZ/AppData/Local/Temp/context3925528493145165110.xml'
25-Oct-2019 16:31:43.494 INFO [http-nio-8080-exec-321] org.apache.catalina.core.ApplicationContext.log Manager: start: Starting web application '/Opportunity'
25-Oct-2019 16:33:35.021 INFO [http-nio-8080-exec-322] org.apache.catalina.core.ApplicationContext.log Manager: list: Listing contexts for virtual host 'localhost'
25-Oct-2019 16:33:35.652 INFO [http-nio-8080-exec-313] org.apache.catalina.core.ApplicationContext.log Manager: restart: Reloading web application '/Opportunity'
25-Oct-2019 16:34:31.003 INFO [http-nio-8080-exec-321] org.apache.catalina.core.ApplicationContext.log Manager: list: Listing contexts for virtual host 'localhost'
25-Oct-2019 16:34:31.135 INFO [http-nio-8080-exec-320] org.apache.catalina.core.ApplicationContext.log Manager: stop: Stopping web application '/Opportunity'
25-Oct-2019 16:34:31.555 INFO [http-nio-8080-exec-316] org.apache.catalina.core.ApplicationContext.log Manager: start: Starting web application '/Opportunity'
25-Oct-2019 16:34:42.839 INFO [http-nio-8080-exec-315] org.apache.catalina.core.ApplicationContext.log Manager: list: Listing contexts for virtual host 'localhost'
25-Oct-2019 16:34:42.844 INFO [http-nio-8080-exec-327] org.apache.catalina.core.ApplicationContext.log Manager: list: Listing contexts for virtual host 'localhost'
25-Oct-2019 16:34:42.997 INFO [http-nio-8080-exec-328] org.apache.catalina.core.ApplicationContext.log Manager: undeploy: Undeploying web application at '/Opportunity'
25-Oct-2019 16:34:44.333 INFO [http-nio-8080-exec-324] org.apache.catalina.core.ApplicationContext.log Manager: install: Installing context configuration at 'file:/C:/Users/PAULO~1.BEZ/AppData/Local/Temp/context68721135480385931.xml'
25-Oct-2019 16:34:46.609 INFO [http-nio-8080-exec-325] org.apache.catalina.core.ApplicationContext.log Manager: start: Starting web application '/Opportunity'
25-Oct-2019 16:37:39.381 INFO [http-nio-8080-exec-330] org.apache.catalina.core.ApplicationContext.log Manager: list: Listing contexts for virtual host 'localhost'
25-Oct-2019 16:37:39.394 INFO [http-nio-8080-exec-331] org.apache.catalina.core.ApplicationContext.log Manager: undeploy: Undeploying web application at '/Opportunity'
25-Oct-2019 16:38:02.639 INFO [http-nio-8080-exec-340] org.apache.catalina.core.ApplicationContext.log Manager: list: Listing contexts for virtual host 'localhost'
25-Oct-2019 16:38:02.658 INFO [http-nio-8080-exec-330] org.apache.catalina.core.ApplicationContext.log Manager: undeploy: Undeploying web application at '/Opportunity'
25-Oct-2019 16:43:16.613 INFO [http-nio-8080-exec-340] org.apache.catalina.core.ApplicationContext.log Manager: list: Listing contexts for virtual host 'localhost'
25-Oct-2019 16:43:16.616 INFO [http-nio-8080-exec-336] org.apache.catalina.core.ApplicationContext.log Manager: list: Listing contexts for virtual host 'localhost'
25-Oct-2019 16:43:16.944 INFO [http-nio-8080-exec-347] org.apache.catalina.core.ApplicationContext.log Manager: install: Installing context configuration at 'file:/C:/Users/PAULO~1.BEZ/AppData/Local/Temp/context8337151684386286773.xml'
25-Oct-2019 16:43:18.402 INFO [http-nio-8080-exec-330] org.apache.catalina.core.ApplicationContext.log Manager: start: Starting web application '/Opportunity'
25-Oct-2019 16:45:44.678 INFO [http-nio-8080-exec-342] org.apache.catalina.core.ApplicationContext.log Manager: list: Listing contexts for virtual host 'localhost'
25-Oct-2019 16:45:45.106 INFO [http-nio-8080-exec-349] org.apache.catalina.core.ApplicationContext.log Manager: restart: Reloading web application '/Opportunity'
25-Oct-2019 16:47:49.328 INFO [http-nio-8080-exec-358] org.apache.catalina.core.ApplicationContext.log Manager: list: Listing contexts for virtual host 'localhost'
25-Oct-2019 16:47:54.902 INFO [http-nio-8080-exec-358] org.apache.catalina.core.ApplicationContext.log Manager: list: Listing contexts for virtual host 'localhost'
25-Oct-2019 16:47:54.904 INFO [http-nio-8080-exec-360] org.apache.catalina.core.ApplicationContext.log Manager: list: Listing contexts for virtual host 'localhost'
25-Oct-2019 16:47:54.947 INFO [http-nio-8080-exec-361] org.apache.catalina.core.ApplicationContext.log Manager: undeploy: Undeploying web application at '/Opportunity'
25-Oct-2019 16:47:56.048 INFO [http-nio-8080-exec-357] org.apache.catalina.core.ApplicationContext.log Manager: install: Installing context configuration at 'file:/C:/Users/PAULO~1.BEZ/AppData/Local/Temp/context8644302413026477988.xml'
25-Oct-2019 16:47:57.249 INFO [http-nio-8080-exec-354] org.apache.catalina.core.ApplicationContext.log Manager: start: Starting web application '/Opportunity'
25-Oct-2019 16:52:29.623 INFO [http-nio-8080-exec-365] org.apache.catalina.core.ApplicationContext.log Manager: list: Listing contexts for virtual host 'localhost'
25-Oct-2019 16:52:38.136 INFO [http-nio-8080-exec-366] org.apache.catalina.core.ApplicationContext.log Manager: list: Listing contexts for virtual host 'localhost'
25-Oct-2019 16:52:38.138 INFO [http-nio-8080-exec-367] org.apache.catalina.core.ApplicationContext.log Manager: list: Listing contexts for virtual host 'localhost'
25-Oct-2019 16:52:38.189 INFO [http-nio-8080-exec-368] org.apache.catalina.core.ApplicationContext.log Manager: undeploy: Undeploying web application at '/Opportunity'
25-Oct-2019 16:52:39.272 INFO [http-nio-8080-exec-366] org.apache.catalina.core.ApplicationContext.log Manager: install: Installing context configuration at 'file:/C:/Users/PAULO~1.BEZ/AppData/Local/Temp/context1143494646349233302.xml'
25-Oct-2019 16:54:21.706 INFO [http-nio-8080-exec-374] org.apache.catalina.core.ApplicationContext.log Manager: list: Listing contexts for virtual host 'localhost'
25-Oct-2019 16:54:21.711 INFO [http-nio-8080-exec-366] org.apache.catalina.core.ApplicationContext.log Manager: list: Listing contexts for virtual host 'localhost'
25-Oct-2019 16:54:21.747 INFO [http-nio-8080-exec-372] org.apache.catalina.core.ApplicationContext.log Manager: undeploy: Undeploying web application at '/Opportunity'
25-Oct-2019 16:54:22.387 INFO [http-nio-8080-exec-373] org.apache.catalina.core.ApplicationContext.log Manager: install: Installing context configuration at 'file:/C:/Users/PAULO~1.BEZ/AppData/Local/Temp/context4828352219798123232.xml'
25-Oct-2019 16:54:23.668 INFO [http-nio-8080-exec-375] org.apache.catalina.core.ApplicationContext.log Manager: start: Starting web application '/Opportunity'
25-Oct-2019 16:55:25.502 INFO [http-nio-8080-exec-377] org.apache.catalina.core.ApplicationContext.log Manager: list: Listing contexts for virtual host 'localhost'
25-Oct-2019 16:55:32.544 INFO [http-nio-8080-exec-377] org.apache.catalina.core.ApplicationContext.log Manager: list: Listing contexts for virtual host 'localhost'
25-Oct-2019 16:55:32.610 INFO [http-nio-8080-exec-380] org.apache.catalina.core.ApplicationContext.log Manager: list: Listing contexts for virtual host 'localhost'
25-Oct-2019 16:55:32.691 INFO [http-nio-8080-exec-365] org.apache.catalina.core.ApplicationContext.log Manager: undeploy: Undeploying web application at '/Opportunity'
25-Oct-2019 16:55:33.909 INFO [http-nio-8080-exec-377] org.apache.catalina.core.ApplicationContext.log Manager: install: Installing context configuration at 'file:/C:/Users/PAULO~1.BEZ/AppData/Local/Temp/context354078929502158310.xml'
25-Oct-2019 16:55:36.130 INFO [http-nio-8080-exec-376] org.apache.catalina.core.ApplicationContext.log Manager: start: Starting web application '/Opportunity'
25-Oct-2019 16:56:57.837 INFO [http-nio-8080-exec-381] org.apache.catalina.core.ApplicationContext.log Manager: list: Listing contexts for virtual host 'localhost'
25-Oct-2019 16:56:57.923 INFO [http-nio-8080-exec-386] org.apache.catalina.core.ApplicationContext.log Manager: stop: Stopping web application '/Opportunity'
25-Oct-2019 16:56:58.306 INFO [http-nio-8080-exec-382] org.apache.catalina.core.ApplicationContext.log Manager: start: Starting web application '/Opportunity'
25-Oct-2019 16:57:03.584 INFO [http-nio-8080-exec-378] org.apache.catalina.core.ApplicationContext.log Manager: list: Listing contexts for virtual host 'localhost'
25-Oct-2019 16:57:06.652 INFO [http-nio-8080-exec-388] org.apache.catalina.core.ApplicationContext.log Manager: undeploy: Undeploying web application at '/Opportunity'
25-Oct-2019 17:32:21.298 INFO [http-nio-8080-exec-397] org.apache.catalina.core.ApplicationContext.log Manager: list: Listing contexts for virtual host 'localhost'
25-Oct-2019 17:32:24.607 INFO [http-nio-8080-exec-400] org.apache.catalina.core.ApplicationContext.log Manager: list: Listing contexts for virtual host 'localhost'
25-Oct-2019 17:32:32.907 INFO [http-nio-8080-exec-400] org.apache.catalina.core.ApplicationContext.log Manager: list: Listing contexts for virtual host 'localhost'
25-Oct-2019 17:32:32.910 INFO [http-nio-8080-exec-394] org.apache.catalina.core.ApplicationContext.log Manager: list: Listing contexts for virtual host 'localhost'
25-Oct-2019 17:32:33.079 INFO [http-nio-8080-exec-395] org.apache.catalina.core.ApplicationContext.log Manager: install: Installing context configuration at 'file:/C:/Users/PAULO~1.BEZ/AppData/Local/Temp/context1966244695679361450.xml'
25-Oct-2019 17:32:41.441 INFO [http-nio-8080-exec-396] org.apache.catalina.core.ApplicationContext.log Manager: start: Starting web application '/Opportunity'
25-Oct-2019 17:33:15.855 INFO [http-nio-8080-exec-392] org.apache.catalina.core.ApplicationContext.log Manager: list: Listing contexts for virtual host 'localhost'
25-Oct-2019 17:33:22.611 INFO [http-nio-8080-exec-399] org.apache.catalina.core.ApplicationContext.log Manager: list: Listing contexts for virtual host 'localhost'
25-Oct-2019 17:33:22.613 INFO [http-nio-8080-exec-398] org.apache.catalina.core.ApplicationContext.log Manager: list: Listing contexts for virtual host 'localhost'
25-Oct-2019 17:33:22.648 INFO [http-nio-8080-exec-400] org.apache.catalina.core.ApplicationContext.log Manager: undeploy: Undeploying web application at '/Opportunity'
25-Oct-2019 17:33:23.567 INFO [http-nio-8080-exec-394] org.apache.catalina.core.ApplicationContext.log Manager: install: Installing context configuration at 'file:/C:/Users/PAULO~1.BEZ/AppData/Local/Temp/context3416800923540981968.xml'
25-Oct-2019 17:35:25.436 INFO [http-nio-8080-exec-391] org.apache.catalina.core.ApplicationContext.log Manager: list: Listing contexts for virtual host 'localhost'
25-Oct-2019 17:35:25.438 INFO [http-nio-8080-exec-398] org.apache.catalina.core.ApplicationContext.log Manager: list: Listing contexts for virtual host 'localhost'
25-Oct-2019 17:35:25.482 INFO [http-nio-8080-exec-404] org.apache.catalina.core.ApplicationContext.log Manager: undeploy: Undeploying web application at '/Opportunity'
25-Oct-2019 17:35:26.533 INFO [http-nio-8080-exec-394] org.apache.catalina.core.ApplicationContext.log Manager: install: Installing context configuration at 'file:/C:/Users/PAULO~1.BEZ/AppData/Local/Temp/context8342571672434464756.xml'
25-Oct-2019 17:35:27.931 INFO [http-nio-8080-exec-402] org.apache.catalina.core.ApplicationContext.log Manager: start: Starting web application '/Opportunity'
25-Oct-2019 17:36:16.469 INFO [http-nio-8080-exec-391] org.apache.catalina.core.ApplicationContext.log Manager: list: Listing contexts for virtual host 'localhost'
25-Oct-2019 17:36:24.796 INFO [http-nio-8080-exec-407] org.apache.catalina.core.ApplicationContext.log Manager: list: Listing contexts for virtual host 'localhost'
25-Oct-2019 17:36:24.799 INFO [http-nio-8080-exec-410] org.apache.catalina.core.ApplicationContext.log Manager: list: Listing contexts for virtual host 'localhost'
25-Oct-2019 17:36:24.831 INFO [http-nio-8080-exec-396] org.apache.catalina.core.ApplicationContext.log Manager: undeploy: Undeploying web application at '/Opportunity'
25-Oct-2019 17:36:25.880 INFO [http-nio-8080-exec-391] org.apache.catalina.core.ApplicationContext.log Manager: install: Installing context configuration at 'file:/C:/Users/PAULO~1.BEZ/AppData/Local/Temp/context8913801077246137937.xml'
25-Oct-2019 17:36:27.300 INFO [http-nio-8080-exec-412] org.apache.catalina.core.ApplicationContext.log Manager: start: Starting web application '/Opportunity'
