14-Oct-2019 11:19:50.396 INFO [http-nio-8080-exec-776] org.apache.catalina.core.ApplicationContext.log Manager: list: Listing contexts for virtual host 'localhost'
14-Oct-2019 11:19:50.396 INFO [http-nio-8080-exec-777] org.apache.catalina.core.ApplicationContext.log Manager: list: Listing contexts for virtual host 'localhost'
14-Oct-2019 11:19:51.268 INFO [http-nio-8080-exec-778] org.apache.catalina.core.ApplicationContext.log Manager: undeploy: Undeploying web application at '/Opportunity'
14-Oct-2019 11:19:52.316 INFO [http-nio-8080-exec-775] org.apache.catalina.core.ApplicationContext.log Manager: install: Installing context configuration at 'file:/C:/Users/PAULO~1.BEZ/AppData/Local/Temp/context4406696159361413193.xml'
14-Oct-2019 11:19:59.432 INFO [http-nio-8080-exec-776] org.apache.catalina.core.ApplicationContext.log Manager: start: Starting web application '/Opportunity'
14-Oct-2019 11:22:14.958 INFO [http-nio-8080-exec-779] org.apache.catalina.core.ApplicationContext.log Manager: list: Listing contexts for virtual host 'localhost'
14-Oct-2019 11:22:15.332 INFO [http-nio-8080-exec-780] org.apache.catalina.core.ApplicationContext.log Manager: restart: Reloading web application '/Opportunity'
14-Oct-2019 11:42:40.149 INFO [http-nio-8080-exec-795] org.apache.catalina.core.ApplicationContext.log Manager: list: Listing contexts for virtual host 'localhost'
14-Oct-2019 11:42:40.414 INFO [http-nio-8080-exec-796] org.apache.catalina.core.ApplicationContext.log Manager: restart: Reloading web application '/Opportunity'
14-Oct-2019 11:43:34.606 INFO [http-nio-8080-exec-797] org.apache.catalina.core.ApplicationContext.log Manager: list: Listing contexts for virtual host 'localhost'
14-Oct-2019 11:43:34.896 INFO [http-nio-8080-exec-799] org.apache.catalina.core.ApplicationContext.log Manager: restart: Reloading web application '/Opportunity'
14-Oct-2019 11:44:02.966 INFO [http-nio-8080-exec-802] org.apache.catalina.core.ApplicationContext.log Manager: list: Listing contexts for virtual host 'localhost'
14-Oct-2019 11:44:03.230 INFO [http-nio-8080-exec-795] org.apache.catalina.core.ApplicationContext.log Manager: restart: Reloading web application '/Opportunity'
14-Oct-2019 12:19:59.019 INFO [http-nio-8080-exec-809] org.apache.catalina.core.ApplicationContext.log Manager: list: Listing contexts for virtual host 'localhost'
14-Oct-2019 12:19:59.513 INFO [http-nio-8080-exec-810] org.apache.catalina.core.ApplicationContext.log Manager: restart: Reloading web application '/Opportunity'
14-Oct-2019 12:24:45.548 INFO [http-nio-8080-exec-820] org.apache.catalina.core.ApplicationContext.log Manager: list: Listing contexts for virtual host 'localhost'
14-Oct-2019 12:24:46.189 INFO [http-nio-8080-exec-813] org.apache.catalina.core.ApplicationContext.log Manager: restart: Reloading web application '/Opportunity'
14-Oct-2019 12:25:02.155 INFO [http-nio-8080-exec-822] org.apache.catalina.core.ApplicationContext.log Manager: list: Listing contexts for virtual host 'localhost'
14-Oct-2019 12:25:02.791 INFO [http-nio-8080-exec-818] org.apache.catalina.core.ApplicationContext.log Manager: restart: Reloading web application '/Opportunity'
14-Oct-2019 12:27:20.270 INFO [http-nio-8080-exec-822] org.apache.catalina.core.ApplicationContext.log Manager: list: Listing contexts for virtual host 'localhost'
14-Oct-2019 12:27:21.081 INFO [http-nio-8080-exec-817] org.apache.catalina.core.ApplicationContext.log Manager: restart: Reloading web application '/Opportunity'
14-Oct-2019 12:27:23.894 INFO [http-nio-8080-exec-826] org.apache.catalina.core.ApplicationContext.log Manager: list: Listing contexts for virtual host 'localhost'
14-Oct-2019 12:27:24.389 INFO [http-nio-8080-exec-830] org.apache.catalina.core.ApplicationContext.log Manager: list: Listing contexts for virtual host 'localhost'
14-Oct-2019 12:27:25.081 INFO [http-nio-8080-exec-819] org.apache.catalina.core.ApplicationContext.log Manager: restart: Reloading web application '/Opportunity'
14-Oct-2019 12:34:41.788 INFO [http-nio-8080-exec-838] org.apache.catalina.core.ApplicationContext.log Manager: list: Listing contexts for virtual host 'localhost'
14-Oct-2019 12:34:42.449 INFO [http-nio-8080-exec-839] org.apache.catalina.core.ApplicationContext.log Manager: restart: Reloading web application '/Opportunity'
14-Oct-2019 13:41:14.176 INFO [http-nio-8080-exec-848] org.apache.catalina.core.ApplicationContext.log Manager: list: Listing contexts for virtual host 'localhost'
14-Oct-2019 13:41:15.771 INFO [http-nio-8080-exec-849] org.apache.catalina.core.ApplicationContext.log Manager: restart: Reloading web application '/Opportunity'
14-Oct-2019 13:41:22.773 INFO [http-nio-8080-exec-846] org.apache.catalina.core.ApplicationContext.log Manager: list: Listing contexts for virtual host 'localhost'
14-Oct-2019 13:41:23.045 INFO [http-nio-8080-exec-843] org.apache.catalina.core.ApplicationContext.log Manager: restart: Reloading web application '/Opportunity'
14-Oct-2019 13:41:40.284 INFO [http-nio-8080-exec-854] org.apache.catalina.core.ApplicationContext.log Manager: list: Listing contexts for virtual host 'localhost'
14-Oct-2019 13:41:40.529 INFO [http-nio-8080-exec-846] org.apache.catalina.core.ApplicationContext.log Manager: restart: Reloading web application '/Opportunity'
14-Oct-2019 13:41:46.331 INFO [http-nio-8080-exec-851] org.apache.catalina.core.ApplicationContext.log Manager: list: Listing contexts for virtual host 'localhost'
14-Oct-2019 13:41:46.585 INFO [http-nio-8080-exec-857] org.apache.catalina.core.ApplicationContext.log Manager: restart: Reloading web application '/Opportunity'
14-Oct-2019 13:42:27.240 INFO [http-nio-8080-exec-859] org.apache.catalina.core.ApplicationContext.log Manager: list: Listing contexts for virtual host 'localhost'
14-Oct-2019 13:42:27.517 INFO [http-nio-8080-exec-856] org.apache.catalina.core.ApplicationContext.log Manager: restart: Reloading web application '/Opportunity'
14-Oct-2019 13:44:41.066 INFO [http-nio-8080-exec-859] org.apache.catalina.core.ApplicationContext.log Manager: list: Listing contexts for virtual host 'localhost'
14-Oct-2019 13:44:41.356 INFO [http-nio-8080-exec-865] org.apache.catalina.core.ApplicationContext.log Manager: restart: Reloading web application '/Opportunity'
14-Oct-2019 13:46:02.152 INFO [http-nio-8080-exec-870] org.apache.catalina.core.ApplicationContext.log Manager: list: Listing contexts for virtual host 'localhost'
14-Oct-2019 13:46:02.155 INFO [http-nio-8080-exec-861] org.apache.catalina.core.ApplicationContext.log Manager: list: Listing contexts for virtual host 'localhost'
14-Oct-2019 13:46:02.213 INFO [http-nio-8080-exec-867] org.apache.catalina.core.ApplicationContext.log Manager: undeploy: Undeploying web application at '/Opportunity'
14-Oct-2019 13:46:03.060 INFO [http-nio-8080-exec-861] org.apache.catalina.core.ApplicationContext.log Manager: install: Installing context configuration at 'file:/C:/Users/PAULO~1.BEZ/AppData/Local/Temp/context4682506782439203738.xml'
14-Oct-2019 13:46:04.040 INFO [http-nio-8080-exec-868] org.apache.catalina.core.ApplicationContext.log Manager: start: Starting web application '/Opportunity'
14-Oct-2019 13:46:13.690 INFO [http-nio-8080-exec-872] org.apache.catalina.core.ApplicationContext.log Manager: list: Listing contexts for virtual host 'localhost'
14-Oct-2019 13:46:14.063 INFO [http-nio-8080-exec-868] org.apache.catalina.core.ApplicationContext.log Manager: restart: Reloading web application '/Opportunity'
14-Oct-2019 13:47:15.590 INFO [http-nio-8080-exec-876] org.apache.catalina.core.ApplicationContext.log Manager: list: Listing contexts for virtual host 'localhost'
14-Oct-2019 13:47:16.254 INFO [http-nio-8080-exec-877] org.apache.catalina.core.ApplicationContext.log Manager: restart: Reloading web application '/Opportunity'
14-Oct-2019 13:51:52.839 INFO [http-nio-8080-exec-886] org.apache.catalina.core.ApplicationContext.log Manager: list: Listing contexts for virtual host 'localhost'
14-Oct-2019 13:51:58.005 INFO [http-nio-8080-exec-886] org.apache.catalina.core.ApplicationContext.log Manager: list: Listing contexts for virtual host 'localhost'
14-Oct-2019 13:51:58.008 INFO [http-nio-8080-exec-890] org.apache.catalina.core.ApplicationContext.log Manager: list: Listing contexts for virtual host 'localhost'
14-Oct-2019 13:51:58.065 INFO [http-nio-8080-exec-885] org.apache.catalina.core.ApplicationContext.log Manager: undeploy: Undeploying web application at '/Opportunity'
14-Oct-2019 13:51:59.238 INFO [http-nio-8080-exec-888] org.apache.catalina.core.ApplicationContext.log Manager: install: Installing context configuration at 'file:/C:/Users/PAULO~1.BEZ/AppData/Local/Temp/context6227786401441840584.xml'
14-Oct-2019 13:52:06.438 INFO [http-nio-8080-exec-890] org.apache.catalina.core.ApplicationContext.log Manager: start: Starting web application '/Opportunity'
14-Oct-2019 13:56:34.696 INFO [http-nio-8080-exec-896] org.apache.catalina.core.ApplicationContext.log Manager: list: Listing contexts for virtual host 'localhost'
14-Oct-2019 13:56:35.034 INFO [http-nio-8080-exec-892] org.apache.catalina.core.ApplicationContext.log Manager: restart: Reloading web application '/Opportunity'
14-Oct-2019 13:57:36.501 INFO [http-nio-8080-exec-905] org.apache.catalina.core.ApplicationContext.log Manager: list: Listing contexts for virtual host 'localhost'
14-Oct-2019 13:57:36.792 INFO [http-nio-8080-exec-906] org.apache.catalina.core.ApplicationContext.log Manager: restart: Reloading web application '/Opportunity'
14-Oct-2019 13:57:53.338 INFO [http-nio-8080-exec-909] org.apache.catalina.core.ApplicationContext.log Manager: list: Listing contexts for virtual host 'localhost'
14-Oct-2019 13:57:53.720 INFO [http-nio-8080-exec-895] org.apache.catalina.core.ApplicationContext.log Manager: restart: Reloading web application '/Opportunity'
14-Oct-2019 13:58:20.930 INFO [http-nio-8080-exec-913] org.apache.catalina.core.ApplicationContext.log Manager: list: Listing contexts for virtual host 'localhost'
14-Oct-2019 13:58:21.272 INFO [http-nio-8080-exec-902] org.apache.catalina.core.ApplicationContext.log Manager: restart: Reloading web application '/Opportunity'
14-Oct-2019 13:58:26.552 INFO [http-nio-8080-exec-907] org.apache.catalina.core.ApplicationContext.log Manager: list: Listing contexts for virtual host 'localhost'
14-Oct-2019 13:58:26.838 INFO [http-nio-8080-exec-916] org.apache.catalina.core.ApplicationContext.log Manager: restart: Reloading web application '/Opportunity'
14-Oct-2019 14:24:49.802 INFO [http-nio-8080-exec-920] org.apache.catalina.core.ApplicationContext.log Manager: list: Listing contexts for virtual host 'localhost'
14-Oct-2019 14:24:50.150 INFO [http-nio-8080-exec-919] org.apache.catalina.core.ApplicationContext.log Manager: restart: Reloading web application '/Opportunity'
14-Oct-2019 14:25:45.737 INFO [http-nio-8080-exec-925] org.apache.catalina.core.ApplicationContext.log Manager: list: Listing contexts for virtual host 'localhost'
14-Oct-2019 14:25:46.036 INFO [http-nio-8080-exec-924] org.apache.catalina.core.ApplicationContext.log Manager: restart: Reloading web application '/Opportunity'
14-Oct-2019 14:27:23.210 INFO [http-nio-8080-exec-939] org.apache.catalina.core.ApplicationContext.log Manager: list: Listing contexts for virtual host 'localhost'
14-Oct-2019 14:27:23.492 INFO [http-nio-8080-exec-925] org.apache.catalina.core.ApplicationContext.log Manager: restart: Reloading web application '/Opportunity'
14-Oct-2019 14:27:29.708 INFO [http-nio-8080-exec-934] org.apache.catalina.core.ApplicationContext.log Manager: list: Listing contexts for virtual host 'localhost'
14-Oct-2019 14:27:30.072 INFO [http-nio-8080-exec-938] org.apache.catalina.core.ApplicationContext.log Manager: restart: Reloading web application '/Opportunity'
14-Oct-2019 14:30:04.092 INFO [http-nio-8080-exec-944] org.apache.catalina.core.ApplicationContext.log Manager: list: Listing contexts for virtual host 'localhost'
14-Oct-2019 14:30:08.509 INFO [http-nio-8080-exec-944] org.apache.catalina.core.ApplicationContext.log Manager: list: Listing contexts for virtual host 'localhost'
14-Oct-2019 14:30:08.512 INFO [http-nio-8080-exec-953] org.apache.catalina.core.ApplicationContext.log Manager: list: Listing contexts for virtual host 'localhost'
14-Oct-2019 14:30:08.559 INFO [http-nio-8080-exec-950] org.apache.catalina.core.ApplicationContext.log Manager: undeploy: Undeploying web application at '/Opportunity'
14-Oct-2019 14:30:09.575 INFO [http-nio-8080-exec-953] org.apache.catalina.core.ApplicationContext.log Manager: install: Installing context configuration at 'file:/C:/Users/PAULO~1.BEZ/AppData/Local/Temp/context5323835481833742595.xml'
14-Oct-2019 14:30:10.530 INFO [http-nio-8080-exec-949] org.apache.catalina.core.ApplicationContext.log Manager: start: Starting web application '/Opportunity'
14-Oct-2019 14:36:55.852 INFO [http-nio-8080-exec-956] org.apache.catalina.core.ApplicationContext.log Manager: list: Listing contexts for virtual host 'localhost'
14-Oct-2019 14:36:56.266 INFO [http-nio-8080-exec-957] org.apache.catalina.core.ApplicationContext.log Manager: restart: Reloading web application '/Opportunity'
14-Oct-2019 14:37:32.543 INFO [http-nio-8080-exec-965] org.apache.catalina.core.ApplicationContext.log Manager: list: Listing contexts for virtual host 'localhost'
14-Oct-2019 14:37:33.092 INFO [http-nio-8080-exec-956] org.apache.catalina.core.ApplicationContext.log Manager: restart: Reloading web application '/Opportunity'
14-Oct-2019 14:38:08.603 INFO [http-nio-8080-exec-974] org.apache.catalina.core.ApplicationContext.log Manager: list: Listing contexts for virtual host 'localhost'
14-Oct-2019 14:38:08.603 INFO [http-nio-8080-exec-975] org.apache.catalina.core.ApplicationContext.log Manager: list: Listing contexts for virtual host 'localhost'
14-Oct-2019 14:38:08.621 INFO [http-nio-8080-exec-965] org.apache.catalina.core.ApplicationContext.log Manager: undeploy: Undeploying web application at '/Opportunity'
14-Oct-2019 14:38:09.603 INFO [http-nio-8080-exec-974] org.apache.catalina.core.ApplicationContext.log Manager: restart: Reloading web application '/Opportunity'
14-Oct-2019 14:44:47.910 INFO [http-nio-8080-exec-980] org.apache.catalina.core.ApplicationContext.log Manager: list: Listing contexts for virtual host 'localhost'
14-Oct-2019 14:44:47.919 INFO [http-nio-8080-exec-981] org.apache.catalina.core.ApplicationContext.log Manager: list: Listing contexts for virtual host 'localhost'
14-Oct-2019 14:44:48.130 INFO [http-nio-8080-exec-982] org.apache.catalina.core.ApplicationContext.log Manager: install: Installing context configuration at 'file:/C:/Users/PAULO~1.BEZ/AppData/Local/Temp/context4988001208833605497.xml'
14-Oct-2019 14:44:49.784 INFO [http-nio-8080-exec-983] org.apache.catalina.core.ApplicationContext.log Manager: start: Starting web application '/Opportunity'
14-Oct-2019 14:44:51.614 INFO [http-nio-8080-exec-982] org.apache.catalina.core.ApplicationContext.log Manager: list: Listing contexts for virtual host 'localhost'
14-Oct-2019 14:44:51.616 INFO [http-nio-8080-exec-983] org.apache.catalina.core.ApplicationContext.log Manager: list: Listing contexts for virtual host 'localhost'
14-Oct-2019 14:44:51.640 INFO [http-nio-8080-exec-984] org.apache.catalina.core.ApplicationContext.log Manager: undeploy: Undeploying web application at '/Opportunity'
14-Oct-2019 14:44:52.699 INFO [http-nio-8080-exec-985] org.apache.catalina.core.ApplicationContext.log Manager: install: Installing context configuration at 'file:/C:/Users/PAULO~1.BEZ/AppData/Local/Temp/context4082004532814278153.xml'
14-Oct-2019 14:44:53.764 INFO [http-nio-8080-exec-978] org.apache.catalina.core.ApplicationContext.log Manager: start: Starting web application '/Opportunity'
14-Oct-2019 14:49:02.535 INFO [http-nio-8080-exec-7] org.apache.catalina.core.ApplicationContext.log Manager: init: Associated with Deployer 'Catalina:type=Deployer,host=localhost'
14-Oct-2019 14:49:02.535 INFO [http-nio-8080-exec-7] org.apache.catalina.core.ApplicationContext.log Manager: init: Global resources are available
14-Oct-2019 14:49:02.539 INFO [http-nio-8080-exec-7] org.apache.catalina.core.ApplicationContext.log Manager: list: Listing contexts for virtual host 'localhost'
14-Oct-2019 14:49:02.544 INFO [http-nio-8080-exec-8] org.apache.catalina.core.ApplicationContext.log Manager: list: Listing contexts for virtual host 'localhost'
14-Oct-2019 14:49:02.563 INFO [http-nio-8080-exec-9] org.apache.catalina.core.ApplicationContext.log Manager: undeploy: Undeploying web application at '/Opportunity'
14-Oct-2019 14:49:03.347 INFO [http-nio-8080-exec-4] org.apache.catalina.core.ApplicationContext.log Manager: install: Installing context configuration at 'file:/C:/Users/PAULO~1.BEZ/AppData/Local/Temp/context1214677284161403375.xml'
14-Oct-2019 14:49:04.581 INFO [http-nio-8080-exec-6] org.apache.catalina.core.ApplicationContext.log Manager: start: Starting web application '/Opportunity'
14-Oct-2019 14:57:08.425 INFO [http-nio-8080-exec-8] org.apache.catalina.core.ApplicationContext.log Manager: init: Associated with Deployer 'Catalina:type=Deployer,host=localhost'
14-Oct-2019 14:57:08.425 INFO [http-nio-8080-exec-8] org.apache.catalina.core.ApplicationContext.log Manager: init: Global resources are available
14-Oct-2019 14:57:08.429 INFO [http-nio-8080-exec-8] org.apache.catalina.core.ApplicationContext.log Manager: list: Listing contexts for virtual host 'localhost'
14-Oct-2019 14:57:08.439 INFO [http-nio-8080-exec-9] org.apache.catalina.core.ApplicationContext.log Manager: list: Listing contexts for virtual host 'localhost'
14-Oct-2019 14:57:08.525 INFO [http-nio-8080-exec-10] org.apache.catalina.core.ApplicationContext.log Manager: undeploy: Undeploying web application at '/Opportunity'
14-Oct-2019 14:57:09.493 INFO [http-nio-8080-exec-2] org.apache.catalina.core.ApplicationContext.log Manager: install: Installing context configuration at 'file:/C:/Users/PAULO~1.BEZ/AppData/Local/Temp/context5042983496235973524.xml'
14-Oct-2019 14:57:12.488 INFO [http-nio-8080-exec-8] org.apache.catalina.core.ApplicationContext.log Manager: start: Starting web application '/Opportunity'
14-Oct-2019 15:07:06.527 INFO [http-nio-8080-exec-13] org.apache.catalina.core.ApplicationContext.log Manager: list: Listing contexts for virtual host 'localhost'
14-Oct-2019 15:07:07.110 INFO [http-nio-8080-exec-14] org.apache.catalina.core.ApplicationContext.log Manager: restart: Reloading web application '/Opportunity'
14-Oct-2019 15:20:52.278 INFO [http-nio-8080-exec-28] org.apache.catalina.core.ApplicationContext.log Manager: list: Listing contexts for virtual host 'localhost'
14-Oct-2019 15:20:52.555 INFO [http-nio-8080-exec-26] org.apache.catalina.core.ApplicationContext.log Manager: restart: Reloading web application '/Opportunity'
14-Oct-2019 15:24:07.741 INFO [http-nio-8080-exec-38] org.apache.catalina.core.ApplicationContext.log Manager: list: Listing contexts for virtual host 'localhost'
14-Oct-2019 15:24:08.390 INFO [http-nio-8080-exec-39] org.apache.catalina.core.ApplicationContext.log Manager: restart: Reloading web application '/Opportunity'
14-Oct-2019 16:20:24.225 INFO [http-nio-8080-exec-49] org.apache.catalina.core.ApplicationContext.log Manager: list: Listing contexts for virtual host 'localhost'
14-Oct-2019 16:20:24.524 INFO [http-nio-8080-exec-50] org.apache.catalina.core.ApplicationContext.log Manager: restart: Reloading web application '/Opportunity'
14-Oct-2019 17:50:29.978 INFO [http-nio-8080-exec-59] org.apache.catalina.core.ApplicationContext.log Manager: list: Listing contexts for virtual host 'localhost'
14-Oct-2019 17:50:30.946 INFO [http-nio-8080-exec-51] org.apache.catalina.core.ApplicationContext.log Manager: restart: Reloading web application '/Opportunity'
14-Oct-2019 17:51:23.345 INFO [http-nio-8080-exec-54] org.apache.catalina.core.ApplicationContext.log Manager: list: Listing contexts for virtual host 'localhost'
14-Oct-2019 17:51:23.409 INFO [http-nio-8080-exec-55] org.apache.catalina.core.ApplicationContext.log Manager: stop: Stopping web application '/Opportunity'
14-Oct-2019 17:51:23.714 INFO [http-nio-8080-exec-55] org.apache.catalina.core.ApplicationContext.log Manager: start: Starting web application '/Opportunity'
14-Oct-2019 17:51:43.865 INFO [http-nio-8080-exec-57] org.apache.catalina.core.ApplicationContext.log Manager: list: Listing contexts for virtual host 'localhost'
14-Oct-2019 17:51:44.168 INFO [http-nio-8080-exec-60] org.apache.catalina.core.ApplicationContext.log Manager: restart: Reloading web application '/Opportunity'
14-Oct-2019 17:51:57.088 INFO [http-nio-8080-exec-54] org.apache.catalina.core.ApplicationContext.log Manager: list: Listing contexts for virtual host 'localhost'
14-Oct-2019 17:51:57.375 INFO [http-nio-8080-exec-67] org.apache.catalina.core.ApplicationContext.log Manager: restart: Reloading web application '/Opportunity'
14-Oct-2019 17:52:05.797 INFO [http-nio-8080-exec-66] org.apache.catalina.core.ApplicationContext.log Manager: list: Listing contexts for virtual host 'localhost'
14-Oct-2019 17:52:06.045 INFO [http-nio-8080-exec-61] org.apache.catalina.core.ApplicationContext.log Manager: restart: Reloading web application '/Opportunity'
14-Oct-2019 17:52:40.383 INFO [http-nio-8080-exec-71] org.apache.catalina.core.ApplicationContext.log Manager: list: Listing contexts for virtual host 'localhost'
14-Oct-2019 17:52:40.757 INFO [http-nio-8080-exec-68] org.apache.catalina.core.ApplicationContext.log Manager: restart: Reloading web application '/Opportunity'
14-Oct-2019 17:52:51.181 INFO [http-nio-8080-exec-65] org.apache.catalina.core.ApplicationContext.log Manager: list: Listing contexts for virtual host 'localhost'
14-Oct-2019 17:52:51.508 INFO [http-nio-8080-exec-52] org.apache.catalina.core.ApplicationContext.log Manager: restart: Reloading web application '/Opportunity'
14-Oct-2019 17:53:03.492 INFO [http-nio-8080-exec-72] org.apache.catalina.core.ApplicationContext.log Manager: list: Listing contexts for virtual host 'localhost'
14-Oct-2019 17:53:03.507 INFO [http-nio-8080-exec-57] org.apache.catalina.core.ApplicationContext.log Manager: undeploy: Undeploying web application at '/Opportunity'
14-Oct-2019 18:00:49.763 INFO [http-nio-8080-exec-83] org.apache.catalina.core.ApplicationContext.log Manager: list: Listing contexts for virtual host 'localhost'
14-Oct-2019 22:36:52.905 INFO [http-nio-8080-exec-80] org.apache.catalina.core.ApplicationContext.log Manager: list: Listing contexts for virtual host 'localhost'
14-Oct-2019 22:37:39.664 INFO [http-nio-8080-exec-84] org.apache.catalina.core.ApplicationContext.log Manager: list: Listing contexts for virtual host 'localhost'
14-Oct-2019 22:38:05.453 INFO [http-nio-8080-exec-85] org.apache.catalina.core.ApplicationContext.log Manager: list: Listing contexts for virtual host 'localhost'
14-Oct-2019 23:11:42.155 INFO [http-nio-8080-exec-83] org.apache.catalina.core.ApplicationContext.log Manager: list: Listing contexts for virtual host 'localhost'
14-Oct-2019 23:12:58.794 INFO [http-nio-8080-exec-87] org.apache.catalina.core.ApplicationContext.log Manager: list: Listing contexts for virtual host 'localhost'
14-Oct-2019 23:14:38.941 INFO [http-nio-8080-exec-88] org.apache.catalina.core.ApplicationContext.log Manager: list: Listing contexts for virtual host 'localhost'
14-Oct-2019 23:16:21.935 INFO [http-nio-8080-exec-82] org.apache.catalina.core.ApplicationContext.log Manager: list: Listing contexts for virtual host 'localhost'
14-Oct-2019 23:16:55.258 INFO [http-nio-8080-exec-85] org.apache.catalina.core.ApplicationContext.log Manager: list: Listing contexts for virtual host 'localhost'
