12-Nov-2019 12:38:20.147 INFO [http-nio-8080-exec-310] org.apache.catalina.core.ApplicationContext.log Manager: list: Listing contexts for virtual host 'localhost'
12-Nov-2019 12:38:27.430 INFO [http-nio-8080-exec-306] org.apache.catalina.core.ApplicationContext.log Manager: list: Listing contexts for virtual host 'localhost'
12-Nov-2019 12:38:27.439 INFO [http-nio-8080-exec-309] org.apache.catalina.core.ApplicationContext.log Manager: list: Listing contexts for virtual host 'localhost'
12-Nov-2019 12:38:27.590 INFO [http-nio-8080-exec-310] org.apache.catalina.core.ApplicationContext.log Manager: install: Installing context configuration at 'file:/C:/Users/PAULO~1.BEZ/AppData/Local/Temp/context9154803112499412015.xml'
12-Nov-2019 12:38:44.802 INFO [http-nio-8080-exec-311] org.apache.catalina.core.ApplicationContext.log Manager: start: Starting web application '/Opportunity'
12-Nov-2019 12:42:30.653 INFO [http-nio-8080-exec-315] org.apache.catalina.core.ApplicationContext.log Manager: list: Listing contexts for virtual host 'localhost'
12-Nov-2019 12:48:07.405 INFO [http-nio-8080-exec-308] org.apache.catalina.core.ApplicationContext.log Manager: list: Listing contexts for virtual host 'localhost'
12-Nov-2019 12:48:19.871 INFO [http-nio-8080-exec-312] org.apache.catalina.core.ApplicationContext.log Manager: list: Listing contexts for virtual host 'localhost'
12-Nov-2019 12:48:25.950 INFO [http-nio-8080-exec-310] org.apache.catalina.core.ApplicationContext.log Manager: list: Listing contexts for virtual host 'localhost'
12-Nov-2019 12:48:25.960 INFO [http-nio-8080-exec-311] org.apache.catalina.core.ApplicationContext.log Manager: list: Listing contexts for virtual host 'localhost'
12-Nov-2019 12:48:26.015 INFO [http-nio-8080-exec-312] org.apache.catalina.core.ApplicationContext.log Manager: undeploy: Undeploying web application at '/Opportunity'
12-Nov-2019 12:48:31.583 INFO [http-nio-8080-exec-306] org.apache.catalina.core.ApplicationContext.log Manager: install: Installing context configuration at 'file:/C:/Users/PAULO~1.BEZ/AppData/Local/Temp/context5694453044062325140.xml'
12-Nov-2019 12:48:36.858 INFO [http-nio-8080-exec-308] org.apache.catalina.core.ApplicationContext.log Manager: start: Starting web application '/Opportunity'
12-Nov-2019 12:49:52.920 INFO [http-nio-8080-exec-316] org.apache.catalina.core.ApplicationContext.log Manager: list: Listing contexts for virtual host 'localhost'
12-Nov-2019 12:49:58.071 INFO [http-nio-8080-exec-320] org.apache.catalina.core.ApplicationContext.log Manager: list: Listing contexts for virtual host 'localhost'
12-Nov-2019 12:49:58.071 INFO [http-nio-8080-exec-321] org.apache.catalina.core.ApplicationContext.log Manager: list: Listing contexts for virtual host 'localhost'
12-Nov-2019 12:49:58.111 INFO [http-nio-8080-exec-322] org.apache.catalina.core.ApplicationContext.log Manager: undeploy: Undeploying web application at '/Opportunity'
12-Nov-2019 12:49:59.035 INFO [http-nio-8080-exec-321] org.apache.catalina.core.ApplicationContext.log Manager: install: Installing context configuration at 'file:/C:/Users/PAULO~1.BEZ/AppData/Local/Temp/context418892119294994567.xml'
12-Nov-2019 12:50:02.676 INFO [http-nio-8080-exec-319] org.apache.catalina.core.ApplicationContext.log Manager: start: Starting web application '/Opportunity'
12-Nov-2019 12:54:35.714 INFO [http-nio-8080-exec-329] org.apache.catalina.core.ApplicationContext.log Manager: list: Listing contexts for virtual host 'localhost'
12-Nov-2019 12:54:48.750 INFO [http-nio-8080-exec-327] org.apache.catalina.core.ApplicationContext.log Manager: list: Listing contexts for virtual host 'localhost'
12-Nov-2019 12:54:53.366 INFO [http-nio-8080-exec-334] org.apache.catalina.core.ApplicationContext.log Manager: list: Listing contexts for virtual host 'localhost'
12-Nov-2019 12:54:53.368 INFO [http-nio-8080-exec-330] org.apache.catalina.core.ApplicationContext.log Manager: list: Listing contexts for virtual host 'localhost'
12-Nov-2019 12:54:53.405 INFO [http-nio-8080-exec-335] org.apache.catalina.core.ApplicationContext.log Manager: undeploy: Undeploying web application at '/Opportunity'
12-Nov-2019 12:54:54.358 INFO [http-nio-8080-exec-327] org.apache.catalina.core.ApplicationContext.log Manager: install: Installing context configuration at 'file:/C:/Users/PAULO~1.BEZ/AppData/Local/Temp/context4310683450908403505.xml'
12-Nov-2019 12:54:57.101 INFO [http-nio-8080-exec-333] org.apache.catalina.core.ApplicationContext.log Manager: start: Starting web application '/Opportunity'
12-Nov-2019 12:55:52.257 INFO [http-nio-8080-exec-340] org.apache.catalina.core.ApplicationContext.log Manager: list: Listing contexts for virtual host 'localhost'
12-Nov-2019 12:56:24.614 INFO [http-nio-8080-exec-339] org.apache.catalina.core.ApplicationContext.log Manager: list: Listing contexts for virtual host 'localhost'
12-Nov-2019 12:56:29.248 INFO [http-nio-8080-exec-341] org.apache.catalina.core.ApplicationContext.log Manager: list: Listing contexts for virtual host 'localhost'
12-Nov-2019 12:56:29.250 INFO [http-nio-8080-exec-342] org.apache.catalina.core.ApplicationContext.log Manager: list: Listing contexts for virtual host 'localhost'
12-Nov-2019 12:56:29.269 INFO [http-nio-8080-exec-338] org.apache.catalina.core.ApplicationContext.log Manager: undeploy: Undeploying web application at '/Opportunity'
12-Nov-2019 12:56:30.502 INFO [http-nio-8080-exec-344] org.apache.catalina.core.ApplicationContext.log Manager: install: Installing context configuration at 'file:/C:/Users/PAULO~1.BEZ/AppData/Local/Temp/context2116268829730904850.xml'
12-Nov-2019 12:56:32.039 INFO [http-nio-8080-exec-339] org.apache.catalina.core.ApplicationContext.log Manager: start: Starting web application '/Opportunity'
12-Nov-2019 12:57:25.823 INFO [http-nio-8080-exec-345] org.apache.catalina.core.ApplicationContext.log Manager: list: Listing contexts for virtual host 'localhost'
12-Nov-2019 12:59:01.587 INFO [http-nio-8080-exec-349] org.apache.catalina.core.ApplicationContext.log Manager: list: Listing contexts for virtual host 'localhost'
12-Nov-2019 12:59:03.945 INFO [http-nio-8080-exec-346] org.apache.catalina.core.ApplicationContext.log Manager: list: Listing contexts for virtual host 'localhost'
12-Nov-2019 12:59:06.330 INFO [http-nio-8080-exec-355] org.apache.catalina.core.ApplicationContext.log Manager: list: Listing contexts for virtual host 'localhost'
12-Nov-2019 12:59:06.332 INFO [http-nio-8080-exec-347] org.apache.catalina.core.ApplicationContext.log Manager: list: Listing contexts for virtual host 'localhost'
12-Nov-2019 12:59:06.351 INFO [http-nio-8080-exec-351] org.apache.catalina.core.ApplicationContext.log Manager: undeploy: Undeploying web application at '/Opportunity'
12-Nov-2019 12:59:07.288 INFO [http-nio-8080-exec-346] org.apache.catalina.core.ApplicationContext.log Manager: install: Installing context configuration at 'file:/C:/Users/PAULO~1.BEZ/AppData/Local/Temp/context5966792861775942368.xml'
12-Nov-2019 12:59:08.268 INFO [http-nio-8080-exec-353] org.apache.catalina.core.ApplicationContext.log Manager: start: Starting web application '/Opportunity'
12-Nov-2019 12:59:26.790 INFO [http-nio-8080-exec-345] org.apache.catalina.core.ApplicationContext.log Manager: list: Listing contexts for virtual host 'localhost'
12-Nov-2019 13:00:36.315 INFO [http-nio-8080-exec-358] org.apache.catalina.core.ApplicationContext.log Manager: list: Listing contexts for virtual host 'localhost'
12-Nov-2019 13:00:41.879 INFO [http-nio-8080-exec-345] org.apache.catalina.core.ApplicationContext.log Manager: list: Listing contexts for virtual host 'localhost'
12-Nov-2019 13:00:41.882 INFO [http-nio-8080-exec-365] org.apache.catalina.core.ApplicationContext.log Manager: list: Listing contexts for virtual host 'localhost'
12-Nov-2019 13:00:41.899 INFO [http-nio-8080-exec-359] org.apache.catalina.core.ApplicationContext.log Manager: undeploy: Undeploying web application at '/Opportunity'
12-Nov-2019 13:00:42.853 INFO [http-nio-8080-exec-365] org.apache.catalina.core.ApplicationContext.log Manager: install: Installing context configuration at 'file:/C:/Users/PAULO~1.BEZ/AppData/Local/Temp/context252026256030310568.xml'
12-Nov-2019 13:00:43.799 INFO [http-nio-8080-exec-362] org.apache.catalina.core.ApplicationContext.log Manager: start: Starting web application '/Opportunity'
12-Nov-2019 13:01:03.424 INFO [http-nio-8080-exec-362] org.apache.catalina.core.ApplicationContext.log Manager: list: Listing contexts for virtual host 'localhost'
12-Nov-2019 13:03:12.223 INFO [http-nio-8080-exec-370] org.apache.catalina.core.ApplicationContext.log Manager: list: Listing contexts for virtual host 'localhost'
12-Nov-2019 13:03:28.172 INFO [http-nio-8080-exec-371] org.apache.catalina.core.ApplicationContext.log Manager: list: Listing contexts for virtual host 'localhost'
12-Nov-2019 13:03:37.293 INFO [http-nio-8080-exec-370] org.apache.catalina.core.ApplicationContext.log Manager: list: Listing contexts for virtual host 'localhost'
12-Nov-2019 13:03:37.295 INFO [http-nio-8080-exec-367] org.apache.catalina.core.ApplicationContext.log Manager: list: Listing contexts for virtual host 'localhost'
12-Nov-2019 13:03:37.313 INFO [http-nio-8080-exec-369] org.apache.catalina.core.ApplicationContext.log Manager: undeploy: Undeploying web application at '/Opportunity'
12-Nov-2019 13:03:38.240 INFO [http-nio-8080-exec-370] org.apache.catalina.core.ApplicationContext.log Manager: install: Installing context configuration at 'file:/C:/Users/PAULO~1.BEZ/AppData/Local/Temp/context8782676675495961134.xml'
12-Nov-2019 13:03:39.191 INFO [http-nio-8080-exec-371] org.apache.catalina.core.ApplicationContext.log Manager: start: Starting web application '/Opportunity'
12-Nov-2019 13:04:32.661 INFO [http-nio-8080-exec-380] org.apache.catalina.core.ApplicationContext.log Manager: list: Listing contexts for virtual host 'localhost'
12-Nov-2019 13:05:51.494 INFO [http-nio-8080-exec-380] org.apache.catalina.core.ApplicationContext.log Manager: list: Listing contexts for virtual host 'localhost'
12-Nov-2019 13:05:57.614 INFO [http-nio-8080-exec-379] org.apache.catalina.core.ApplicationContext.log Manager: list: Listing contexts for virtual host 'localhost'
12-Nov-2019 13:05:57.616 INFO [http-nio-8080-exec-380] org.apache.catalina.core.ApplicationContext.log Manager: list: Listing contexts for virtual host 'localhost'
12-Nov-2019 13:05:57.682 INFO [http-nio-8080-exec-376] org.apache.catalina.core.ApplicationContext.log Manager: undeploy: Undeploying web application at '/Opportunity'
12-Nov-2019 13:05:58.701 INFO [http-nio-8080-exec-383] org.apache.catalina.core.ApplicationContext.log Manager: install: Installing context configuration at 'file:/C:/Users/PAULO~1.BEZ/AppData/Local/Temp/context1201219370525844203.xml'
12-Nov-2019 13:06:05.350 INFO [http-nio-8080-exec-377] org.apache.catalina.core.ApplicationContext.log Manager: start: Starting web application '/Opportunity'
12-Nov-2019 13:06:55.179 INFO [http-nio-8080-exec-390] org.apache.catalina.core.ApplicationContext.log Manager: list: Listing contexts for virtual host 'localhost'
12-Nov-2019 13:09:24.298 INFO [http-nio-8080-exec-386] org.apache.catalina.core.ApplicationContext.log Manager: list: Listing contexts for virtual host 'localhost'
12-Nov-2019 13:09:44.831 INFO [http-nio-8080-exec-392] org.apache.catalina.core.ApplicationContext.log Manager: list: Listing contexts for virtual host 'localhost'
12-Nov-2019 13:09:49.829 INFO [http-nio-8080-exec-395] org.apache.catalina.core.ApplicationContext.log Manager: list: Listing contexts for virtual host 'localhost'
12-Nov-2019 13:09:49.831 INFO [http-nio-8080-exec-391] org.apache.catalina.core.ApplicationContext.log Manager: list: Listing contexts for virtual host 'localhost'
12-Nov-2019 13:09:49.851 INFO [http-nio-8080-exec-392] org.apache.catalina.core.ApplicationContext.log Manager: undeploy: Undeploying web application at '/Opportunity'
12-Nov-2019 13:09:50.921 INFO [http-nio-8080-exec-389] org.apache.catalina.core.ApplicationContext.log Manager: install: Installing context configuration at 'file:/C:/Users/PAULO~1.BEZ/AppData/Local/Temp/context3714836822278433130.xml'
12-Nov-2019 13:09:52.334 INFO [http-nio-8080-exec-391] org.apache.catalina.core.ApplicationContext.log Manager: start: Starting web application '/Opportunity'
12-Nov-2019 13:10:56.240 INFO [http-nio-8080-exec-400] org.apache.catalina.core.ApplicationContext.log Manager: list: Listing contexts for virtual host 'localhost'
12-Nov-2019 13:20:50.098 INFO [http-nio-8080-exec-404] org.apache.catalina.core.ApplicationContext.log Manager: list: Listing contexts for virtual host 'localhost'
12-Nov-2019 13:20:50.100 INFO [http-nio-8080-exec-396] org.apache.catalina.core.ApplicationContext.log Manager: list: Listing contexts for virtual host 'localhost'
12-Nov-2019 13:20:50.157 INFO [http-nio-8080-exec-397] org.apache.catalina.core.ApplicationContext.log Manager: undeploy: Undeploying web application at '/Opportunity'
12-Nov-2019 13:20:53.181 INFO [http-nio-8080-exec-400] org.apache.catalina.core.ApplicationContext.log Manager: install: Installing context configuration at 'file:/C:/Users/PAULO~1.BEZ/AppData/Local/Temp/context3831705171839998589.xml'
12-Nov-2019 13:20:58.909 INFO [http-nio-8080-exec-402] org.apache.catalina.core.ApplicationContext.log Manager: start: Starting web application '/Opportunity'
12-Nov-2019 13:22:42.492 INFO [http-nio-8080-exec-409] org.apache.catalina.core.ApplicationContext.log Manager: list: Listing contexts for virtual host 'localhost'
12-Nov-2019 13:23:07.251 INFO [http-nio-8080-exec-411] org.apache.catalina.core.ApplicationContext.log Manager: list: Listing contexts for virtual host 'localhost'
12-Nov-2019 13:23:12.267 INFO [http-nio-8080-exec-409] org.apache.catalina.core.ApplicationContext.log Manager: list: Listing contexts for virtual host 'localhost'
12-Nov-2019 13:23:12.269 INFO [http-nio-8080-exec-406] org.apache.catalina.core.ApplicationContext.log Manager: list: Listing contexts for virtual host 'localhost'
12-Nov-2019 13:23:12.290 INFO [http-nio-8080-exec-410] org.apache.catalina.core.ApplicationContext.log Manager: undeploy: Undeploying web application at '/Opportunity'
12-Nov-2019 13:23:13.314 INFO [http-nio-8080-exec-411] org.apache.catalina.core.ApplicationContext.log Manager: install: Installing context configuration at 'file:/C:/Users/PAULO~1.BEZ/AppData/Local/Temp/context795792794635352535.xml'
12-Nov-2019 13:23:15.826 INFO [http-nio-8080-exec-415] org.apache.catalina.core.ApplicationContext.log Manager: start: Starting web application '/Opportunity'
12-Nov-2019 13:24:18.290 INFO [http-nio-8080-exec-417] org.apache.catalina.core.ApplicationContext.log Manager: list: Listing contexts for virtual host 'localhost'
12-Nov-2019 13:24:28.536 INFO [http-nio-8080-exec-416] org.apache.catalina.core.ApplicationContext.log Manager: list: Listing contexts for virtual host 'localhost'
12-Nov-2019 13:24:32.054 INFO [http-nio-8080-exec-416] org.apache.catalina.core.ApplicationContext.log Manager: list: Listing contexts for virtual host 'localhost'
12-Nov-2019 13:24:32.056 INFO [http-nio-8080-exec-417] org.apache.catalina.core.ApplicationContext.log Manager: list: Listing contexts for virtual host 'localhost'
12-Nov-2019 13:24:32.072 INFO [http-nio-8080-exec-422] org.apache.catalina.core.ApplicationContext.log Manager: undeploy: Undeploying web application at '/Opportunity'
12-Nov-2019 13:24:33.148 INFO [http-nio-8080-exec-424] org.apache.catalina.core.ApplicationContext.log Manager: install: Installing context configuration at 'file:/C:/Users/PAULO~1.BEZ/AppData/Local/Temp/context5439460845481616691.xml'
12-Nov-2019 13:24:34.298 INFO [http-nio-8080-exec-419] org.apache.catalina.core.ApplicationContext.log Manager: start: Starting web application '/Opportunity'
12-Nov-2019 13:25:24.911 INFO [http-nio-8080-exec-425] org.apache.catalina.core.ApplicationContext.log Manager: list: Listing contexts for virtual host 'localhost'
12-Nov-2019 13:25:58.830 INFO [http-nio-8080-exec-428] org.apache.catalina.core.ApplicationContext.log Manager: list: Listing contexts for virtual host 'localhost'
12-Nov-2019 13:26:02.698 INFO [http-nio-8080-exec-428] org.apache.catalina.core.ApplicationContext.log Manager: list: Listing contexts for virtual host 'localhost'
12-Nov-2019 13:26:02.700 INFO [http-nio-8080-exec-435] org.apache.catalina.core.ApplicationContext.log Manager: list: Listing contexts for virtual host 'localhost'
12-Nov-2019 13:26:02.717 INFO [http-nio-8080-exec-429] org.apache.catalina.core.ApplicationContext.log Manager: undeploy: Undeploying web application at '/Opportunity'
12-Nov-2019 13:26:03.973 INFO [http-nio-8080-exec-431] org.apache.catalina.core.ApplicationContext.log Manager: install: Installing context configuration at 'file:/C:/Users/PAULO~1.BEZ/AppData/Local/Temp/context4418269454281131622.xml'
12-Nov-2019 13:26:05.229 INFO [http-nio-8080-exec-428] org.apache.catalina.core.ApplicationContext.log Manager: start: Starting web application '/Opportunity'
12-Nov-2019 13:27:43.638 INFO [http-nio-8080-exec-440] org.apache.catalina.core.ApplicationContext.log Manager: list: Listing contexts for virtual host 'localhost'
12-Nov-2019 13:27:48.154 INFO [http-nio-8080-exec-439] org.apache.catalina.core.ApplicationContext.log Manager: list: Listing contexts for virtual host 'localhost'
12-Nov-2019 13:27:48.157 INFO [http-nio-8080-exec-440] org.apache.catalina.core.ApplicationContext.log Manager: list: Listing contexts for virtual host 'localhost'
12-Nov-2019 13:27:48.188 INFO [http-nio-8080-exec-443] org.apache.catalina.core.ApplicationContext.log Manager: undeploy: Undeploying web application at '/Opportunity'
12-Nov-2019 13:27:48.837 INFO [http-nio-8080-exec-438] org.apache.catalina.core.ApplicationContext.log Manager: install: Installing context configuration at 'file:/C:/Users/PAULO~1.BEZ/AppData/Local/Temp/context3547821992447376917.xml'
12-Nov-2019 13:29:36.063 INFO [http-nio-8080-exec-436] org.apache.catalina.core.ApplicationContext.log Manager: list: Listing contexts for virtual host 'localhost'
12-Nov-2019 13:29:55.885 INFO [http-nio-8080-exec-452] org.apache.catalina.core.ApplicationContext.log Manager: list: Listing contexts for virtual host 'localhost'
12-Nov-2019 13:29:55.887 INFO [http-nio-8080-exec-453] org.apache.catalina.core.ApplicationContext.log Manager: list: Listing contexts for virtual host 'localhost'
12-Nov-2019 13:29:55.931 INFO [http-nio-8080-exec-449] org.apache.catalina.core.ApplicationContext.log Manager: undeploy: Undeploying web application at '/Opportunity'
12-Nov-2019 13:29:56.521 INFO [http-nio-8080-exec-450] org.apache.catalina.core.ApplicationContext.log Manager: install: Installing context configuration at 'file:/C:/Users/PAULO~1.BEZ/AppData/Local/Temp/context8244555473282343247.xml'
12-Nov-2019 13:29:57.601 INFO [http-nio-8080-exec-446] org.apache.catalina.core.ApplicationContext.log Manager: start: Starting web application '/Opportunity'
12-Nov-2019 13:30:47.893 INFO [http-nio-8080-exec-448] org.apache.catalina.core.ApplicationContext.log Manager: list: Listing contexts for virtual host 'localhost'
12-Nov-2019 13:31:01.426 INFO [http-nio-8080-exec-450] org.apache.catalina.core.ApplicationContext.log Manager: list: Listing contexts for virtual host 'localhost'
12-Nov-2019 13:31:05.092 INFO [http-nio-8080-exec-449] org.apache.catalina.core.ApplicationContext.log Manager: list: Listing contexts for virtual host 'localhost'
12-Nov-2019 13:31:05.094 INFO [http-nio-8080-exec-450] org.apache.catalina.core.ApplicationContext.log Manager: list: Listing contexts for virtual host 'localhost'
12-Nov-2019 13:31:05.117 INFO [http-nio-8080-exec-446] org.apache.catalina.core.ApplicationContext.log Manager: undeploy: Undeploying web application at '/Opportunity'
12-Nov-2019 13:31:06.344 INFO [http-nio-8080-exec-452] org.apache.catalina.core.ApplicationContext.log Manager: install: Installing context configuration at 'file:/C:/Users/PAULO~1.BEZ/AppData/Local/Temp/context3546794354989775618.xml'
12-Nov-2019 13:31:07.514 INFO [http-nio-8080-exec-447] org.apache.catalina.core.ApplicationContext.log Manager: start: Starting web application '/Opportunity'
12-Nov-2019 13:34:18.023 INFO [http-nio-8080-exec-464] org.apache.catalina.core.ApplicationContext.log Manager: list: Listing contexts for virtual host 'localhost'
12-Nov-2019 13:34:23.683 INFO [http-nio-8080-exec-465] org.apache.catalina.core.ApplicationContext.log Manager: list: Listing contexts for virtual host 'localhost'
12-Nov-2019 13:34:23.685 INFO [http-nio-8080-exec-464] org.apache.catalina.core.ApplicationContext.log Manager: list: Listing contexts for virtual host 'localhost'
12-Nov-2019 13:34:23.738 INFO [http-nio-8080-exec-463] org.apache.catalina.core.ApplicationContext.log Manager: undeploy: Undeploying web application at '/Opportunity'
12-Nov-2019 13:34:25.500 INFO [http-nio-8080-exec-459] org.apache.catalina.core.ApplicationContext.log Manager: install: Installing context configuration at 'file:/C:/Users/PAULO~1.BEZ/AppData/Local/Temp/context4911364686398027109.xml'
12-Nov-2019 13:34:30.384 INFO [http-nio-8080-exec-461] org.apache.catalina.core.ApplicationContext.log Manager: start: Starting web application '/Opportunity'
12-Nov-2019 13:36:09.384 INFO [http-nio-8080-exec-472] org.apache.catalina.core.ApplicationContext.log Manager: list: Listing contexts for virtual host 'localhost'
12-Nov-2019 13:36:28.239 INFO [http-nio-8080-exec-466] org.apache.catalina.core.ApplicationContext.log Manager: list: Listing contexts for virtual host 'localhost'
12-Nov-2019 13:38:20.765 INFO [http-nio-8080-exec-468] org.apache.catalina.core.ApplicationContext.log Manager: list: Listing contexts for virtual host 'localhost'
12-Nov-2019 13:38:25.975 INFO [http-nio-8080-exec-475] org.apache.catalina.core.ApplicationContext.log Manager: list: Listing contexts for virtual host 'localhost'
12-Nov-2019 13:38:26.007 INFO [http-nio-8080-exec-473] org.apache.catalina.core.ApplicationContext.log Manager: list: Listing contexts for virtual host 'localhost'
12-Nov-2019 13:38:26.064 INFO [http-nio-8080-exec-474] org.apache.catalina.core.ApplicationContext.log Manager: undeploy: Undeploying web application at '/Opportunity'
12-Nov-2019 13:38:27.652 INFO [http-nio-8080-exec-471] org.apache.catalina.core.ApplicationContext.log Manager: install: Installing context configuration at 'file:/C:/Users/PAULO~1.BEZ/AppData/Local/Temp/context8370403868368357915.xml'
12-Nov-2019 13:38:32.307 INFO [http-nio-8080-exec-472] org.apache.catalina.core.ApplicationContext.log Manager: start: Starting web application '/Opportunity'
12-Nov-2019 13:39:34.982 INFO [http-nio-8080-exec-477] org.apache.catalina.core.ApplicationContext.log Manager: list: Listing contexts for virtual host 'localhost'
12-Nov-2019 13:39:40.146 INFO [http-nio-8080-exec-477] org.apache.catalina.core.ApplicationContext.log Manager: list: Listing contexts for virtual host 'localhost'
12-Nov-2019 13:39:40.150 INFO [http-nio-8080-exec-481] org.apache.catalina.core.ApplicationContext.log Manager: list: Listing contexts for virtual host 'localhost'
12-Nov-2019 13:39:40.251 INFO [http-nio-8080-exec-482] org.apache.catalina.core.ApplicationContext.log Manager: undeploy: Undeploying web application at '/Opportunity'
12-Nov-2019 13:39:41.498 INFO [http-nio-8080-exec-477] org.apache.catalina.core.ApplicationContext.log Manager: install: Installing context configuration at 'file:/C:/Users/PAULO~1.BEZ/AppData/Local/Temp/context5805513516816668706.xml'
12-Nov-2019 13:39:42.852 INFO [http-nio-8080-exec-476] org.apache.catalina.core.ApplicationContext.log Manager: start: Starting web application '/Opportunity'
12-Nov-2019 13:41:17.202 INFO [http-nio-8080-exec-488] org.apache.catalina.core.ApplicationContext.log Manager: list: Listing contexts for virtual host 'localhost'
12-Nov-2019 13:41:21.526 INFO [http-nio-8080-exec-486] org.apache.catalina.core.ApplicationContext.log Manager: list: Listing contexts for virtual host 'localhost'
12-Nov-2019 13:41:21.528 INFO [http-nio-8080-exec-490] org.apache.catalina.core.ApplicationContext.log Manager: list: Listing contexts for virtual host 'localhost'
12-Nov-2019 13:41:21.554 INFO [http-nio-8080-exec-491] org.apache.catalina.core.ApplicationContext.log Manager: undeploy: Undeploying web application at '/Opportunity'
12-Nov-2019 13:41:22.754 INFO [http-nio-8080-exec-486] org.apache.catalina.core.ApplicationContext.log Manager: install: Installing context configuration at 'file:/C:/Users/PAULO~1.BEZ/AppData/Local/Temp/context1915658916289575294.xml'
12-Nov-2019 13:41:24.106 INFO [http-nio-8080-exec-488] org.apache.catalina.core.ApplicationContext.log Manager: start: Starting web application '/Opportunity'
12-Nov-2019 13:42:26.860 INFO [http-nio-8080-exec-488] org.apache.catalina.core.ApplicationContext.log Manager: list: Listing contexts for virtual host 'localhost'
12-Nov-2019 13:42:34.033 INFO [http-nio-8080-exec-495] org.apache.catalina.core.ApplicationContext.log Manager: list: Listing contexts for virtual host 'localhost'
12-Nov-2019 13:42:38.798 INFO [http-nio-8080-exec-500] org.apache.catalina.core.ApplicationContext.log Manager: list: Listing contexts for virtual host 'localhost'
12-Nov-2019 13:42:38.801 INFO [http-nio-8080-exec-503] org.apache.catalina.core.ApplicationContext.log Manager: list: Listing contexts for virtual host 'localhost'
12-Nov-2019 13:42:38.824 INFO [http-nio-8080-exec-495] org.apache.catalina.core.ApplicationContext.log Manager: undeploy: Undeploying web application at '/Opportunity'
12-Nov-2019 13:42:39.852 INFO [http-nio-8080-exec-502] org.apache.catalina.core.ApplicationContext.log Manager: install: Installing context configuration at 'file:/C:/Users/PAULO~1.BEZ/AppData/Local/Temp/context7782863900653223162.xml'
12-Nov-2019 13:42:41.154 INFO [http-nio-8080-exec-496] org.apache.catalina.core.ApplicationContext.log Manager: start: Starting web application '/Opportunity'
12-Nov-2019 13:43:29.686 INFO [http-nio-8080-exec-511] org.apache.catalina.core.ApplicationContext.log Manager: list: Listing contexts for virtual host 'localhost'
12-Nov-2019 13:44:10.980 INFO [http-nio-8080-exec-510] org.apache.catalina.core.ApplicationContext.log Manager: list: Listing contexts for virtual host 'localhost'
12-Nov-2019 13:44:10.983 INFO [http-nio-8080-exec-509] org.apache.catalina.core.ApplicationContext.log Manager: list: Listing contexts for virtual host 'localhost'
12-Nov-2019 13:44:11.009 INFO [http-nio-8080-exec-505] org.apache.catalina.core.ApplicationContext.log Manager: undeploy: Undeploying web application at '/Opportunity'
12-Nov-2019 13:44:12.113 INFO [http-nio-8080-exec-508] org.apache.catalina.core.ApplicationContext.log Manager: install: Installing context configuration at 'file:/C:/Users/PAULO~1.BEZ/AppData/Local/Temp/context110591554705606872.xml'
12-Nov-2019 13:44:13.427 INFO [http-nio-8080-exec-506] org.apache.catalina.core.ApplicationContext.log Manager: start: Starting web application '/Opportunity'
12-Nov-2019 13:45:10.891 INFO [http-nio-8080-exec-514] org.apache.catalina.core.ApplicationContext.log Manager: list: Listing contexts for virtual host 'localhost'
12-Nov-2019 13:49:07.484 INFO [http-nio-8080-exec-514] org.apache.catalina.core.ApplicationContext.log Manager: list: Listing contexts for virtual host 'localhost'
12-Nov-2019 13:49:21.737 INFO [http-nio-8080-exec-519] org.apache.catalina.core.ApplicationContext.log Manager: list: Listing contexts for virtual host 'localhost'
12-Nov-2019 13:49:26.505 INFO [http-nio-8080-exec-518] org.apache.catalina.core.ApplicationContext.log Manager: list: Listing contexts for virtual host 'localhost'
12-Nov-2019 13:49:26.507 INFO [http-nio-8080-exec-519] org.apache.catalina.core.ApplicationContext.log Manager: list: Listing contexts for virtual host 'localhost'
12-Nov-2019 13:49:26.560 INFO [http-nio-8080-exec-516] org.apache.catalina.core.ApplicationContext.log Manager: undeploy: Undeploying web application at '/Opportunity'
12-Nov-2019 13:49:27.656 INFO [http-nio-8080-exec-522] org.apache.catalina.core.ApplicationContext.log Manager: install: Installing context configuration at 'file:/C:/Users/PAULO~1.BEZ/AppData/Local/Temp/context2025321101006820469.xml'
12-Nov-2019 13:49:31.180 INFO [http-nio-8080-exec-521] org.apache.catalina.core.ApplicationContext.log Manager: start: Starting web application '/Opportunity'
12-Nov-2019 13:49:59.951 INFO [http-nio-8080-exec-517] org.apache.catalina.core.ApplicationContext.log Manager: list: Listing contexts for virtual host 'localhost'
12-Nov-2019 13:50:04.472 INFO [http-nio-8080-exec-527] org.apache.catalina.core.ApplicationContext.log Manager: list: Listing contexts for virtual host 'localhost'
12-Nov-2019 13:50:04.476 INFO [http-nio-8080-exec-528] org.apache.catalina.core.ApplicationContext.log Manager: list: Listing contexts for virtual host 'localhost'
12-Nov-2019 13:50:04.507 INFO [http-nio-8080-exec-517] org.apache.catalina.core.ApplicationContext.log Manager: undeploy: Undeploying web application at '/Opportunity'
12-Nov-2019 13:50:05.542 INFO [http-nio-8080-exec-525] org.apache.catalina.core.ApplicationContext.log Manager: install: Installing context configuration at 'file:/C:/Users/PAULO~1.BEZ/AppData/Local/Temp/context3318190841007198546.xml'
12-Nov-2019 13:50:06.872 INFO [http-nio-8080-exec-529] org.apache.catalina.core.ApplicationContext.log Manager: start: Starting web application '/Opportunity'
12-Nov-2019 13:51:20.110 INFO [http-nio-8080-exec-529] org.apache.catalina.core.ApplicationContext.log Manager: list: Listing contexts for virtual host 'localhost'
12-Nov-2019 13:52:32.177 INFO [http-nio-8080-exec-533] org.apache.catalina.core.ApplicationContext.log Manager: list: Listing contexts for virtual host 'localhost'
12-Nov-2019 13:52:48.197 INFO [http-nio-8080-exec-536] org.apache.catalina.core.ApplicationContext.log Manager: list: Listing contexts for virtual host 'localhost'
12-Nov-2019 13:52:57.236 INFO [http-nio-8080-exec-541] org.apache.catalina.core.ApplicationContext.log Manager: list: Listing contexts for virtual host 'localhost'
12-Nov-2019 13:52:59.175 INFO [http-nio-8080-exec-533] org.apache.catalina.core.ApplicationContext.log Manager: list: Listing contexts for virtual host 'localhost'
12-Nov-2019 13:53:10.158 INFO [http-nio-8080-exec-536] org.apache.catalina.core.ApplicationContext.log Manager: list: Listing contexts for virtual host 'localhost'
12-Nov-2019 13:53:24.952 INFO [http-nio-8080-exec-536] org.apache.catalina.core.ApplicationContext.log Manager: list: Listing contexts for virtual host 'localhost'
12-Nov-2019 13:53:40.298 INFO [http-nio-8080-exec-539] org.apache.catalina.core.ApplicationContext.log Manager: list: Listing contexts for virtual host 'localhost'
12-Nov-2019 13:53:50.776 INFO [http-nio-8080-exec-541] org.apache.catalina.core.ApplicationContext.log Manager: list: Listing contexts for virtual host 'localhost'
12-Nov-2019 13:53:50.780 INFO [http-nio-8080-exec-534] org.apache.catalina.core.ApplicationContext.log Manager: list: Listing contexts for virtual host 'localhost'
12-Nov-2019 13:53:50.824 INFO [http-nio-8080-exec-535] org.apache.catalina.core.ApplicationContext.log Manager: undeploy: Undeploying web application at '/Opportunity'
12-Nov-2019 13:53:51.797 INFO [http-nio-8080-exec-536] org.apache.catalina.core.ApplicationContext.log Manager: install: Installing context configuration at 'file:/C:/Users/PAULO~1.BEZ/AppData/Local/Temp/context8056440571921258286.xml'
12-Nov-2019 13:53:55.570 INFO [http-nio-8080-exec-532] org.apache.catalina.core.ApplicationContext.log Manager: start: Starting web application '/Opportunity'
12-Nov-2019 13:54:45.170 INFO [http-nio-8080-exec-546] org.apache.catalina.core.ApplicationContext.log Manager: list: Listing contexts for virtual host 'localhost'
12-Nov-2019 13:54:49.173 INFO [http-nio-8080-exec-540] org.apache.catalina.core.ApplicationContext.log Manager: list: Listing contexts for virtual host 'localhost'
12-Nov-2019 13:54:49.176 INFO [http-nio-8080-exec-544] org.apache.catalina.core.ApplicationContext.log Manager: list: Listing contexts for virtual host 'localhost'
12-Nov-2019 13:54:49.204 INFO [http-nio-8080-exec-545] org.apache.catalina.core.ApplicationContext.log Manager: undeploy: Undeploying web application at '/Opportunity'
12-Nov-2019 13:54:50.294 INFO [http-nio-8080-exec-543] org.apache.catalina.core.ApplicationContext.log Manager: install: Installing context configuration at 'file:/C:/Users/PAULO~1.BEZ/AppData/Local/Temp/context4135971584163569394.xml'
12-Nov-2019 13:54:51.779 INFO [http-nio-8080-exec-548] org.apache.catalina.core.ApplicationContext.log Manager: start: Starting web application '/Opportunity'
12-Nov-2019 13:55:48.310 INFO [http-nio-8080-exec-553] org.apache.catalina.core.ApplicationContext.log Manager: list: Listing contexts for virtual host 'localhost'
12-Nov-2019 13:56:05.533 INFO [http-nio-8080-exec-552] org.apache.catalina.core.ApplicationContext.log Manager: list: Listing contexts for virtual host 'localhost'
12-Nov-2019 13:56:09.995 INFO [http-nio-8080-exec-552] org.apache.catalina.core.ApplicationContext.log Manager: list: Listing contexts for virtual host 'localhost'
12-Nov-2019 13:56:09.997 INFO [http-nio-8080-exec-553] org.apache.catalina.core.ApplicationContext.log Manager: list: Listing contexts for virtual host 'localhost'
12-Nov-2019 13:56:10.018 INFO [http-nio-8080-exec-554] org.apache.catalina.core.ApplicationContext.log Manager: undeploy: Undeploying web application at '/Opportunity'
12-Nov-2019 13:56:11.117 INFO [http-nio-8080-exec-550] org.apache.catalina.core.ApplicationContext.log Manager: install: Installing context configuration at 'file:/C:/Users/PAULO~1.BEZ/AppData/Local/Temp/context682614878072429500.xml'
12-Nov-2019 13:56:12.424 INFO [http-nio-8080-exec-555] org.apache.catalina.core.ApplicationContext.log Manager: start: Starting web application '/Opportunity'
12-Nov-2019 13:56:53.350 INFO [http-nio-8080-exec-555] org.apache.catalina.core.ApplicationContext.log Manager: list: Listing contexts for virtual host 'localhost'
12-Nov-2019 13:57:35.292 INFO [http-nio-8080-exec-565] org.apache.catalina.core.ApplicationContext.log Manager: list: Listing contexts for virtual host 'localhost'
12-Nov-2019 13:57:48.368 INFO [http-nio-8080-exec-563] org.apache.catalina.core.ApplicationContext.log Manager: list: Listing contexts for virtual host 'localhost'
12-Nov-2019 13:57:52.666 INFO [http-nio-8080-exec-563] org.apache.catalina.core.ApplicationContext.log Manager: list: Listing contexts for virtual host 'localhost'
12-Nov-2019 13:57:52.668 INFO [http-nio-8080-exec-564] org.apache.catalina.core.ApplicationContext.log Manager: list: Listing contexts for virtual host 'localhost'
12-Nov-2019 13:57:52.692 INFO [http-nio-8080-exec-568] org.apache.catalina.core.ApplicationContext.log Manager: undeploy: Undeploying web application at '/Opportunity'
12-Nov-2019 13:57:53.828 INFO [http-nio-8080-exec-562] org.apache.catalina.core.ApplicationContext.log Manager: install: Installing context configuration at 'file:/C:/Users/PAULO~1.BEZ/AppData/Local/Temp/context4716762353993819561.xml'
12-Nov-2019 13:57:55.118 INFO [http-nio-8080-exec-564] org.apache.catalina.core.ApplicationContext.log Manager: start: Starting web application '/Opportunity'
12-Nov-2019 13:59:03.159 INFO [http-nio-8080-exec-564] org.apache.catalina.core.ApplicationContext.log Manager: list: Listing contexts for virtual host 'localhost'
12-Nov-2019 13:59:07.884 INFO [http-nio-8080-exec-576] org.apache.catalina.core.ApplicationContext.log Manager: list: Listing contexts for virtual host 'localhost'
12-Nov-2019 13:59:07.887 INFO [http-nio-8080-exec-571] org.apache.catalina.core.ApplicationContext.log Manager: list: Listing contexts for virtual host 'localhost'
12-Nov-2019 13:59:07.914 INFO [http-nio-8080-exec-564] org.apache.catalina.core.ApplicationContext.log Manager: undeploy: Undeploying web application at '/Opportunity'
12-Nov-2019 13:59:09.077 INFO [http-nio-8080-exec-575] org.apache.catalina.core.ApplicationContext.log Manager: install: Installing context configuration at 'file:/C:/Users/PAULO~1.BEZ/AppData/Local/Temp/context9159440295324909167.xml'
12-Nov-2019 13:59:10.402 INFO [http-nio-8080-exec-570] org.apache.catalina.core.ApplicationContext.log Manager: start: Starting web application '/Opportunity'
12-Nov-2019 13:59:42.132 INFO [http-nio-8080-exec-576] org.apache.catalina.core.ApplicationContext.log Manager: list: Listing contexts for virtual host 'localhost'
12-Nov-2019 13:59:47.141 INFO [http-nio-8080-exec-574] org.apache.catalina.core.ApplicationContext.log Manager: list: Listing contexts for virtual host 'localhost'
12-Nov-2019 13:59:47.144 INFO [http-nio-8080-exec-576] org.apache.catalina.core.ApplicationContext.log Manager: list: Listing contexts for virtual host 'localhost'
12-Nov-2019 13:59:47.164 INFO [http-nio-8080-exec-582] org.apache.catalina.core.ApplicationContext.log Manager: undeploy: Undeploying web application at '/Opportunity'
12-Nov-2019 13:59:48.279 INFO [http-nio-8080-exec-581] org.apache.catalina.core.ApplicationContext.log Manager: install: Installing context configuration at 'file:/C:/Users/PAULO~1.BEZ/AppData/Local/Temp/context1572481955842543134.xml'
12-Nov-2019 13:59:49.610 INFO [http-nio-8080-exec-578] org.apache.catalina.core.ApplicationContext.log Manager: start: Starting web application '/Opportunity'
12-Nov-2019 14:00:33.426 INFO [http-nio-8080-exec-590] org.apache.catalina.core.ApplicationContext.log Manager: list: Listing contexts for virtual host 'localhost'
12-Nov-2019 14:00:38.733 INFO [http-nio-8080-exec-583] org.apache.catalina.core.ApplicationContext.log Manager: list: Listing contexts for virtual host 'localhost'
12-Nov-2019 14:00:38.735 INFO [http-nio-8080-exec-586] org.apache.catalina.core.ApplicationContext.log Manager: list: Listing contexts for virtual host 'localhost'
12-Nov-2019 14:00:38.755 INFO [http-nio-8080-exec-587] org.apache.catalina.core.ApplicationContext.log Manager: undeploy: Undeploying web application at '/Opportunity'
12-Nov-2019 14:00:39.776 INFO [http-nio-8080-exec-593] org.apache.catalina.core.ApplicationContext.log Manager: install: Installing context configuration at 'file:/C:/Users/PAULO~1.BEZ/AppData/Local/Temp/context531885659797418203.xml'
12-Nov-2019 14:00:41.064 INFO [http-nio-8080-exec-588] org.apache.catalina.core.ApplicationContext.log Manager: start: Starting web application '/Opportunity'
12-Nov-2019 14:01:03.248 INFO [http-nio-8080-exec-591] org.apache.catalina.core.ApplicationContext.log Manager: list: Listing contexts for virtual host 'localhost'
12-Nov-2019 14:01:12.406 INFO [http-nio-8080-exec-598] org.apache.catalina.core.ApplicationContext.log Manager: list: Listing contexts for virtual host 'localhost'
12-Nov-2019 14:01:12.408 INFO [http-nio-8080-exec-591] org.apache.catalina.core.ApplicationContext.log Manager: list: Listing contexts for virtual host 'localhost'
12-Nov-2019 14:01:12.429 INFO [http-nio-8080-exec-587] org.apache.catalina.core.ApplicationContext.log Manager: undeploy: Undeploying web application at '/Opportunity'
12-Nov-2019 14:01:13.578 INFO [http-nio-8080-exec-599] org.apache.catalina.core.ApplicationContext.log Manager: install: Installing context configuration at 'file:/C:/Users/PAULO~1.BEZ/AppData/Local/Temp/context4915713308143643016.xml'
12-Nov-2019 14:01:14.854 INFO [http-nio-8080-exec-594] org.apache.catalina.core.ApplicationContext.log Manager: start: Starting web application '/Opportunity'
12-Nov-2019 14:02:44.448 INFO [http-nio-8080-exec-606] org.apache.catalina.core.ApplicationContext.log Manager: list: Listing contexts for virtual host 'localhost'
12-Nov-2019 14:02:48.849 INFO [http-nio-8080-exec-611] org.apache.catalina.core.ApplicationContext.log Manager: list: Listing contexts for virtual host 'localhost'
12-Nov-2019 14:02:48.851 INFO [http-nio-8080-exec-606] org.apache.catalina.core.ApplicationContext.log Manager: list: Listing contexts for virtual host 'localhost'
12-Nov-2019 14:02:48.876 INFO [http-nio-8080-exec-608] org.apache.catalina.core.ApplicationContext.log Manager: undeploy: Undeploying web application at '/Opportunity'
12-Nov-2019 14:02:50.205 INFO [http-nio-8080-exec-603] org.apache.catalina.core.ApplicationContext.log Manager: install: Installing context configuration at 'file:/C:/Users/PAULO~1.BEZ/AppData/Local/Temp/context6456699617138343217.xml'
12-Nov-2019 14:02:51.660 INFO [http-nio-8080-exec-604] org.apache.catalina.core.ApplicationContext.log Manager: start: Starting web application '/Opportunity'
12-Nov-2019 14:03:45.323 INFO [http-nio-8080-exec-615] org.apache.catalina.core.ApplicationContext.log Manager: list: Listing contexts for virtual host 'localhost'
12-Nov-2019 14:03:45.442 INFO [http-nio-8080-exec-616] org.apache.catalina.core.ApplicationContext.log Manager: stop: Stopping web application '/Opportunity'
12-Nov-2019 14:03:46.025 INFO [http-nio-8080-exec-614] org.apache.catalina.core.ApplicationContext.log Manager: start: Starting web application '/Opportunity'
12-Nov-2019 14:03:50.694 INFO [http-nio-8080-exec-615] org.apache.catalina.core.ApplicationContext.log Manager: list: Listing contexts for virtual host 'localhost'
12-Nov-2019 14:03:51.404 INFO [http-nio-8080-exec-618] org.apache.catalina.core.ApplicationContext.log Manager: undeploy: Undeploying web application at '/Opportunity'
12-Nov-2019 15:31:10.343 INFO [http-nio-8080-exec-621] org.apache.catalina.core.ApplicationContext.log Manager: list: Listing contexts for virtual host 'localhost'
12-Nov-2019 15:31:19.463 INFO [http-nio-8080-exec-624] org.apache.catalina.core.ApplicationContext.log Manager: list: Listing contexts for virtual host 'localhost'
12-Nov-2019 15:32:19.593 INFO [http-nio-8080-exec-629] org.apache.catalina.core.ApplicationContext.log Manager: list: Listing contexts for virtual host 'localhost'
12-Nov-2019 16:05:27.627 INFO [http-nio-8080-exec-626] org.apache.catalina.core.ApplicationContext.log Manager: list: Listing contexts for virtual host 'localhost'
12-Nov-2019 16:05:50.560 INFO [http-nio-8080-exec-624] org.apache.catalina.core.ApplicationContext.log Manager: list: Listing contexts for virtual host 'localhost'
12-Nov-2019 16:05:50.564 INFO [http-nio-8080-exec-621] org.apache.catalina.core.ApplicationContext.log Manager: list: Listing contexts for virtual host 'localhost'
12-Nov-2019 16:05:50.700 INFO [http-nio-8080-exec-626] org.apache.catalina.core.ApplicationContext.log Manager: install: Installing context configuration at 'file:/C:/Users/PAULO~1.BEZ/AppData/Local/Temp/context5398914013322456434.xml'
12-Nov-2019 16:05:58.634 INFO [http-nio-8080-exec-627] org.apache.catalina.core.ApplicationContext.log Manager: start: Starting web application '/Opportunity'
12-Nov-2019 16:15:00.720 INFO [http-nio-8080-exec-627] org.apache.catalina.core.ApplicationContext.log Manager: list: Listing contexts for virtual host 'localhost'
12-Nov-2019 16:16:10.234 INFO [http-nio-8080-exec-626] org.apache.catalina.core.ApplicationContext.log Manager: list: Listing contexts for virtual host 'localhost'
12-Nov-2019 16:17:24.923 INFO [http-nio-8080-exec-623] org.apache.catalina.core.ApplicationContext.log Manager: list: Listing contexts for virtual host 'localhost'
12-Nov-2019 16:20:17.913 INFO [http-nio-8080-exec-622] org.apache.catalina.core.ApplicationContext.log Manager: list: Listing contexts for virtual host 'localhost'
12-Nov-2019 16:20:21.356 INFO [http-nio-8080-exec-630] org.apache.catalina.core.ApplicationContext.log Manager: list: Listing contexts for virtual host 'localhost'
12-Nov-2019 16:21:33.685 INFO [http-nio-8080-exec-629] org.apache.catalina.core.ApplicationContext.log Manager: list: Listing contexts for virtual host 'localhost'
12-Nov-2019 16:21:33.687 INFO [http-nio-8080-exec-630] org.apache.catalina.core.ApplicationContext.log Manager: list: Listing contexts for virtual host 'localhost'
12-Nov-2019 16:21:33.750 INFO [http-nio-8080-exec-625] org.apache.catalina.core.ApplicationContext.log Manager: undeploy: Undeploying web application at '/Opportunity'
12-Nov-2019 16:21:45.465 INFO [http-nio-8080-exec-622] org.apache.catalina.core.ApplicationContext.log Manager: install: Installing context configuration at 'file:/C:/Users/PAULO~1.BEZ/AppData/Local/Temp/context929588174035565443.xml'
12-Nov-2019 16:21:51.010 INFO [http-nio-8080-exec-628] org.apache.catalina.core.ApplicationContext.log Manager: start: Starting web application '/Opportunity'
12-Nov-2019 16:23:29.969 INFO [http-nio-8080-exec-636] org.apache.catalina.core.ApplicationContext.log Manager: list: Listing contexts for virtual host 'localhost'
12-Nov-2019 16:23:34.775 INFO [http-nio-8080-exec-639] org.apache.catalina.core.ApplicationContext.log Manager: list: Listing contexts for virtual host 'localhost'
12-Nov-2019 16:23:42.887 INFO [http-nio-8080-exec-640] org.apache.catalina.core.ApplicationContext.log Manager: list: Listing contexts for virtual host 'localhost'
12-Nov-2019 16:23:42.889 INFO [http-nio-8080-exec-639] org.apache.catalina.core.ApplicationContext.log Manager: list: Listing contexts for virtual host 'localhost'
12-Nov-2019 16:23:42.927 INFO [http-nio-8080-exec-633] org.apache.catalina.core.ApplicationContext.log Manager: undeploy: Undeploying web application at '/Opportunity'
12-Nov-2019 16:23:51.536 INFO [http-nio-8080-exec-636] org.apache.catalina.core.ApplicationContext.log Manager: install: Installing context configuration at 'file:/C:/Users/PAULO~1.BEZ/AppData/Local/Temp/context2656190676433104160.xml'
12-Nov-2019 16:23:57.612 INFO [http-nio-8080-exec-639] org.apache.catalina.core.ApplicationContext.log Manager: start: Starting web application '/Opportunity'
12-Nov-2019 16:26:53.963 INFO [http-nio-8080-exec-646] org.apache.catalina.core.ApplicationContext.log Manager: list: Listing contexts for virtual host 'localhost'
12-Nov-2019 16:28:13.630 INFO [http-nio-8080-exec-646] org.apache.catalina.core.ApplicationContext.log Manager: list: Listing contexts for virtual host 'localhost'
12-Nov-2019 16:28:22.001 INFO [http-nio-8080-exec-642] org.apache.catalina.core.ApplicationContext.log Manager: list: Listing contexts for virtual host 'localhost'
12-Nov-2019 16:28:22.003 INFO [http-nio-8080-exec-646] org.apache.catalina.core.ApplicationContext.log Manager: list: Listing contexts for virtual host 'localhost'
12-Nov-2019 16:28:22.072 INFO [http-nio-8080-exec-643] org.apache.catalina.core.ApplicationContext.log Manager: undeploy: Undeploying web application at '/Opportunity'
12-Nov-2019 16:28:29.941 INFO [http-nio-8080-exec-641] org.apache.catalina.core.ApplicationContext.log Manager: install: Installing context configuration at 'file:/C:/Users/PAULO~1.BEZ/AppData/Local/Temp/context4942739473093786260.xml'
12-Nov-2019 16:28:34.667 INFO [http-nio-8080-exec-649] org.apache.catalina.core.ApplicationContext.log Manager: start: Starting web application '/Opportunity'
12-Nov-2019 16:29:06.773 INFO [http-nio-8080-exec-642] org.apache.catalina.core.ApplicationContext.log Manager: list: Listing contexts for virtual host 'localhost'
12-Nov-2019 16:29:32.943 INFO [http-nio-8080-exec-642] org.apache.catalina.core.ApplicationContext.log Manager: list: Listing contexts for virtual host 'localhost'
12-Nov-2019 16:29:53.077 INFO [http-nio-8080-exec-644] org.apache.catalina.core.ApplicationContext.log Manager: list: Listing contexts for virtual host 'localhost'
12-Nov-2019 16:29:53.079 INFO [http-nio-8080-exec-642] org.apache.catalina.core.ApplicationContext.log Manager: list: Listing contexts for virtual host 'localhost'
12-Nov-2019 16:29:53.117 INFO [http-nio-8080-exec-646] org.apache.catalina.core.ApplicationContext.log Manager: undeploy: Undeploying web application at '/Opportunity'
12-Nov-2019 16:29:54.361 INFO [http-nio-8080-exec-656] org.apache.catalina.core.ApplicationContext.log Manager: install: Installing context configuration at 'file:/C:/Users/PAULO~1.BEZ/AppData/Local/Temp/context5284863649986168284.xml'
12-Nov-2019 16:29:57.804 INFO [http-nio-8080-exec-657] org.apache.catalina.core.ApplicationContext.log Manager: start: Starting web application '/Opportunity'
12-Nov-2019 16:33:19.561 INFO [http-nio-8080-exec-663] org.apache.catalina.core.ApplicationContext.log Manager: list: Listing contexts for virtual host 'localhost'
12-Nov-2019 16:33:29.138 INFO [http-nio-8080-exec-661] org.apache.catalina.core.ApplicationContext.log Manager: list: Listing contexts for virtual host 'localhost'
12-Nov-2019 16:33:38.214 INFO [http-nio-8080-exec-667] org.apache.catalina.core.ApplicationContext.log Manager: list: Listing contexts for virtual host 'localhost'
12-Nov-2019 16:33:38.217 INFO [http-nio-8080-exec-660] org.apache.catalina.core.ApplicationContext.log Manager: list: Listing contexts for virtual host 'localhost'
12-Nov-2019 16:33:38.256 INFO [http-nio-8080-exec-661] org.apache.catalina.core.ApplicationContext.log Manager: undeploy: Undeploying web application at '/Opportunity'
12-Nov-2019 16:33:44.326 INFO [http-nio-8080-exec-659] org.apache.catalina.core.ApplicationContext.log Manager: install: Installing context configuration at 'file:/C:/Users/PAULO~1.BEZ/AppData/Local/Temp/context6239513078611860904.xml'
12-Nov-2019 16:33:48.590 INFO [http-nio-8080-exec-660] org.apache.catalina.core.ApplicationContext.log Manager: start: Starting web application '/Opportunity'
12-Nov-2019 16:35:59.184 INFO [http-nio-8080-exec-674] org.apache.catalina.core.ApplicationContext.log Manager: list: Listing contexts for virtual host 'localhost'
12-Nov-2019 16:39:52.158 INFO [http-nio-8080-exec-675] org.apache.catalina.core.ApplicationContext.log Manager: list: Listing contexts for virtual host 'localhost'
12-Nov-2019 16:40:02.486 INFO [http-nio-8080-exec-670] org.apache.catalina.core.ApplicationContext.log Manager: list: Listing contexts for virtual host 'localhost'
12-Nov-2019 16:40:02.508 INFO [http-nio-8080-exec-671] org.apache.catalina.core.ApplicationContext.log Manager: list: Listing contexts for virtual host 'localhost'
12-Nov-2019 16:40:02.760 INFO [http-nio-8080-exec-676] org.apache.catalina.core.ApplicationContext.log Manager: undeploy: Undeploying web application at '/Opportunity'
12-Nov-2019 16:40:10.072 INFO [http-nio-8080-exec-668] org.apache.catalina.core.ApplicationContext.log Manager: install: Installing context configuration at 'file:/C:/Users/PAULO~1.BEZ/AppData/Local/Temp/context9046458213476268683.xml'
12-Nov-2019 16:40:16.554 INFO [http-nio-8080-exec-671] org.apache.catalina.core.ApplicationContext.log Manager: start: Starting web application '/Opportunity'
12-Nov-2019 16:41:27.171 INFO [http-nio-8080-exec-679] org.apache.catalina.core.ApplicationContext.log Manager: list: Listing contexts for virtual host 'localhost'
12-Nov-2019 16:43:03.806 INFO [http-nio-8080-exec-678] org.apache.catalina.core.ApplicationContext.log Manager: list: Listing contexts for virtual host 'localhost'
12-Nov-2019 16:43:12.381 INFO [http-nio-8080-exec-679] org.apache.catalina.core.ApplicationContext.log Manager: list: Listing contexts for virtual host 'localhost'
12-Nov-2019 16:43:12.386 INFO [http-nio-8080-exec-684] org.apache.catalina.core.ApplicationContext.log Manager: list: Listing contexts for virtual host 'localhost'
12-Nov-2019 16:43:12.433 INFO [http-nio-8080-exec-680] org.apache.catalina.core.ApplicationContext.log Manager: undeploy: Undeploying web application at '/Opportunity'
12-Nov-2019 16:43:19.119 INFO [http-nio-8080-exec-678] org.apache.catalina.core.ApplicationContext.log Manager: install: Installing context configuration at 'file:/C:/Users/PAULO~1.BEZ/AppData/Local/Temp/context332889771796049699.xml'
12-Nov-2019 16:43:22.727 INFO [http-nio-8080-exec-687] org.apache.catalina.core.ApplicationContext.log Manager: start: Starting web application '/Opportunity'
12-Nov-2019 16:44:09.901 INFO [http-nio-8080-exec-691] org.apache.catalina.core.ApplicationContext.log Manager: list: Listing contexts for virtual host 'localhost'
12-Nov-2019 16:45:23.296 INFO [http-nio-8080-exec-690] org.apache.catalina.core.ApplicationContext.log Manager: list: Listing contexts for virtual host 'localhost'
12-Nov-2019 16:45:48.734 INFO [http-nio-8080-exec-690] org.apache.catalina.core.ApplicationContext.log Manager: list: Listing contexts for virtual host 'localhost'
12-Nov-2019 16:46:21.134 INFO [http-nio-8080-exec-688] org.apache.catalina.core.ApplicationContext.log Manager: list: Listing contexts for virtual host 'localhost'
12-Nov-2019 16:46:54.398 INFO [http-nio-8080-exec-691] org.apache.catalina.core.ApplicationContext.log Manager: list: Listing contexts for virtual host 'localhost'
12-Nov-2019 16:48:15.056 INFO [http-nio-8080-exec-696] org.apache.catalina.core.ApplicationContext.log Manager: list: Listing contexts for virtual host 'localhost'
12-Nov-2019 16:48:42.077 INFO [http-nio-8080-exec-690] org.apache.catalina.core.ApplicationContext.log Manager: list: Listing contexts for virtual host 'localhost'
12-Nov-2019 16:48:49.934 INFO [http-nio-8080-exec-690] org.apache.catalina.core.ApplicationContext.log Manager: list: Listing contexts for virtual host 'localhost'
12-Nov-2019 16:48:49.936 INFO [http-nio-8080-exec-695] org.apache.catalina.core.ApplicationContext.log Manager: list: Listing contexts for virtual host 'localhost'
12-Nov-2019 16:48:49.977 INFO [http-nio-8080-exec-696] org.apache.catalina.core.ApplicationContext.log Manager: undeploy: Undeploying web application at '/Opportunity'
12-Nov-2019 16:48:56.609 INFO [http-nio-8080-exec-691] org.apache.catalina.core.ApplicationContext.log Manager: install: Installing context configuration at 'file:/C:/Users/PAULO~1.BEZ/AppData/Local/Temp/context8185119156990588139.xml'
12-Nov-2019 16:49:00.158 INFO [http-nio-8080-exec-697] org.apache.catalina.core.ApplicationContext.log Manager: start: Starting web application '/Opportunity'
12-Nov-2019 16:49:59.501 INFO [http-nio-8080-exec-702] org.apache.catalina.core.ApplicationContext.log Manager: list: Listing contexts for virtual host 'localhost'
12-Nov-2019 16:53:20.475 INFO [http-nio-8080-exec-707] org.apache.catalina.core.ApplicationContext.log Manager: list: Listing contexts for virtual host 'localhost'
12-Nov-2019 16:53:45.597 INFO [http-nio-8080-exec-703] org.apache.catalina.core.ApplicationContext.log Manager: list: Listing contexts for virtual host 'localhost'
12-Nov-2019 16:53:45.968 INFO [http-nio-8080-exec-707] org.apache.catalina.core.ApplicationContext.log Manager: restart: Reloading web application '/Opportunity'
12-Nov-2019 16:53:52.745 INFO [http-nio-8080-exec-703] org.apache.catalina.core.ApplicationContext.log Manager: list: Listing contexts for virtual host 'localhost'
12-Nov-2019 16:53:53.046 INFO [http-nio-8080-exec-705] org.apache.catalina.core.ApplicationContext.log Manager: restart: Reloading web application '/Opportunity'
12-Nov-2019 16:54:12.639 INFO [http-nio-8080-exec-710] org.apache.catalina.core.ApplicationContext.log Manager: list: Listing contexts for virtual host 'localhost'
12-Nov-2019 16:54:12.960 INFO [http-nio-8080-exec-704] org.apache.catalina.core.ApplicationContext.log Manager: restart: Reloading web application '/Opportunity'
12-Nov-2019 16:54:18.474 INFO [http-nio-8080-exec-706] org.apache.catalina.core.ApplicationContext.log Manager: list: Listing contexts for virtual host 'localhost'
12-Nov-2019 16:54:18.767 INFO [http-nio-8080-exec-709] org.apache.catalina.core.ApplicationContext.log Manager: restart: Reloading web application '/Opportunity'
12-Nov-2019 16:55:03.576 INFO [http-nio-8080-exec-712] org.apache.catalina.core.ApplicationContext.log Manager: list: Listing contexts for virtual host 'localhost'
12-Nov-2019 16:58:15.773 INFO [http-nio-8080-exec-717] org.apache.catalina.core.ApplicationContext.log Manager: list: Listing contexts for virtual host 'localhost'
12-Nov-2019 16:58:33.908 INFO [http-nio-8080-exec-714] org.apache.catalina.core.ApplicationContext.log Manager: list: Listing contexts for virtual host 'localhost'
12-Nov-2019 16:58:40.983 INFO [http-nio-8080-exec-714] org.apache.catalina.core.ApplicationContext.log Manager: list: Listing contexts for virtual host 'localhost'
12-Nov-2019 16:58:40.985 INFO [http-nio-8080-exec-715] org.apache.catalina.core.ApplicationContext.log Manager: list: Listing contexts for virtual host 'localhost'
12-Nov-2019 16:58:41.045 INFO [http-nio-8080-exec-716] org.apache.catalina.core.ApplicationContext.log Manager: undeploy: Undeploying web application at '/Opportunity'
12-Nov-2019 16:58:42.131 INFO [http-nio-8080-exec-715] org.apache.catalina.core.ApplicationContext.log Manager: install: Installing context configuration at 'file:/C:/Users/PAULO~1.BEZ/AppData/Local/Temp/context3853804998174887528.xml'
12-Nov-2019 16:58:45.609 INFO [http-nio-8080-exec-717] org.apache.catalina.core.ApplicationContext.log Manager: start: Starting web application '/Opportunity'
12-Nov-2019 17:00:48.229 INFO [http-nio-8080-exec-730] org.apache.catalina.core.ApplicationContext.log Manager: list: Listing contexts for virtual host 'localhost'
12-Nov-2019 17:01:00.072 INFO [http-nio-8080-exec-725] org.apache.catalina.core.ApplicationContext.log Manager: list: Listing contexts for virtual host 'localhost'
12-Nov-2019 17:01:05.884 INFO [http-nio-8080-exec-728] org.apache.catalina.core.ApplicationContext.log Manager: list: Listing contexts for virtual host 'localhost'
12-Nov-2019 17:01:05.886 INFO [http-nio-8080-exec-724] org.apache.catalina.core.ApplicationContext.log Manager: list: Listing contexts for virtual host 'localhost'
12-Nov-2019 17:01:05.925 INFO [http-nio-8080-exec-733] org.apache.catalina.core.ApplicationContext.log Manager: undeploy: Undeploying web application at '/Opportunity'
12-Nov-2019 17:01:10.328 INFO [http-nio-8080-exec-729] org.apache.catalina.core.ApplicationContext.log Manager: install: Installing context configuration at 'file:/C:/Users/PAULO~1.BEZ/AppData/Local/Temp/context8064289309896562923.xml'
12-Nov-2019 17:01:14.079 INFO [http-nio-8080-exec-731] org.apache.catalina.core.ApplicationContext.log Manager: start: Starting web application '/Opportunity'
12-Nov-2019 17:04:10.488 INFO [http-nio-8080-exec-735] org.apache.catalina.core.ApplicationContext.log Manager: list: Listing contexts for virtual host 'localhost'
12-Nov-2019 17:04:26.898 INFO [http-nio-8080-exec-738] org.apache.catalina.core.ApplicationContext.log Manager: list: Listing contexts for virtual host 'localhost'
12-Nov-2019 17:04:32.380 INFO [http-nio-8080-exec-737] org.apache.catalina.core.ApplicationContext.log Manager: list: Listing contexts for virtual host 'localhost'
12-Nov-2019 17:04:35.103 INFO [http-nio-8080-exec-736] org.apache.catalina.core.ApplicationContext.log Manager: list: Listing contexts for virtual host 'localhost'
12-Nov-2019 17:04:35.105 INFO [http-nio-8080-exec-737] org.apache.catalina.core.ApplicationContext.log Manager: list: Listing contexts for virtual host 'localhost'
12-Nov-2019 17:04:35.149 INFO [http-nio-8080-exec-738] org.apache.catalina.core.ApplicationContext.log Manager: undeploy: Undeploying web application at '/Opportunity'
12-Nov-2019 17:04:37.499 INFO [http-nio-8080-exec-740] org.apache.catalina.core.ApplicationContext.log Manager: install: Installing context configuration at 'file:/C:/Users/PAULO~1.BEZ/AppData/Local/Temp/context1578542501798703703.xml'
12-Nov-2019 17:04:40.370 INFO [http-nio-8080-exec-736] org.apache.catalina.core.ApplicationContext.log Manager: start: Starting web application '/Opportunity'
12-Nov-2019 17:04:47.617 INFO [http-nio-8080-exec-736] org.apache.catalina.core.ApplicationContext.log Manager: list: Listing contexts for virtual host 'localhost'
12-Nov-2019 17:06:41.488 INFO [http-nio-8080-exec-747] org.apache.catalina.core.ApplicationContext.log Manager: list: Listing contexts for virtual host 'localhost'
12-Nov-2019 17:06:46.399 INFO [http-nio-8080-exec-747] org.apache.catalina.core.ApplicationContext.log Manager: list: Listing contexts for virtual host 'localhost'
12-Nov-2019 17:06:46.401 INFO [http-nio-8080-exec-753] org.apache.catalina.core.ApplicationContext.log Manager: list: Listing contexts for virtual host 'localhost'
12-Nov-2019 17:06:46.432 INFO [http-nio-8080-exec-751] org.apache.catalina.core.ApplicationContext.log Manager: undeploy: Undeploying web application at '/Opportunity'
12-Nov-2019 17:06:47.452 INFO [http-nio-8080-exec-744] org.apache.catalina.core.ApplicationContext.log Manager: install: Installing context configuration at 'file:/C:/Users/PAULO~1.BEZ/AppData/Local/Temp/context6583618734909627312.xml'
12-Nov-2019 17:06:49.949 INFO [http-nio-8080-exec-747] org.apache.catalina.core.ApplicationContext.log Manager: start: Starting web application '/Opportunity'
12-Nov-2019 17:07:54.245 INFO [http-nio-8080-exec-747] org.apache.catalina.core.ApplicationContext.log Manager: list: Listing contexts for virtual host 'localhost'
12-Nov-2019 17:07:58.494 INFO [http-nio-8080-exec-762] org.apache.catalina.core.ApplicationContext.log Manager: list: Listing contexts for virtual host 'localhost'
12-Nov-2019 17:07:58.496 INFO [http-nio-8080-exec-752] org.apache.catalina.core.ApplicationContext.log Manager: list: Listing contexts for virtual host 'localhost'
12-Nov-2019 17:07:58.529 INFO [http-nio-8080-exec-755] org.apache.catalina.core.ApplicationContext.log Manager: undeploy: Undeploying web application at '/Opportunity'
12-Nov-2019 17:07:59.619 INFO [http-nio-8080-exec-761] org.apache.catalina.core.ApplicationContext.log Manager: install: Installing context configuration at 'file:/C:/Users/PAULO~1.BEZ/AppData/Local/Temp/context3118718348853425166.xml'
12-Nov-2019 17:08:01.523 INFO [http-nio-8080-exec-757] org.apache.catalina.core.ApplicationContext.log Manager: start: Starting web application '/Opportunity'
12-Nov-2019 17:09:04.032 INFO [http-nio-8080-exec-765] org.apache.catalina.core.ApplicationContext.log Manager: list: Listing contexts for virtual host 'localhost'
12-Nov-2019 17:09:09.771 INFO [http-nio-8080-exec-757] org.apache.catalina.core.ApplicationContext.log Manager: list: Listing contexts for virtual host 'localhost'
12-Nov-2019 17:09:09.774 INFO [http-nio-8080-exec-758] org.apache.catalina.core.ApplicationContext.log Manager: list: Listing contexts for virtual host 'localhost'
12-Nov-2019 17:09:09.832 INFO [http-nio-8080-exec-765] org.apache.catalina.core.ApplicationContext.log Manager: undeploy: Undeploying web application at '/Opportunity'
12-Nov-2019 17:09:11.416 INFO [http-nio-8080-exec-767] org.apache.catalina.core.ApplicationContext.log Manager: install: Installing context configuration at 'file:/C:/Users/PAULO~1.BEZ/AppData/Local/Temp/context3348195779535009123.xml'
12-Nov-2019 17:09:16.452 INFO [http-nio-8080-exec-758] org.apache.catalina.core.ApplicationContext.log Manager: start: Starting web application '/Opportunity'
12-Nov-2019 17:12:00.052 INFO [http-nio-8080-exec-776] org.apache.catalina.core.ApplicationContext.log Manager: list: Listing contexts for virtual host 'localhost'
12-Nov-2019 17:12:03.924 INFO [http-nio-8080-exec-773] org.apache.catalina.core.ApplicationContext.log Manager: list: Listing contexts for virtual host 'localhost'
12-Nov-2019 17:12:03.934 INFO [http-nio-8080-exec-777] org.apache.catalina.core.ApplicationContext.log Manager: undeploy: Undeploying web application at '/Opportunity'
12-Nov-2019 17:12:27.660 INFO [http-nio-8080-exec-776] org.apache.catalina.core.ApplicationContext.log Manager: list: Listing contexts for virtual host 'localhost'
12-Nov-2019 17:14:08.127 INFO [http-nio-8080-exec-786] org.apache.catalina.core.ApplicationContext.log Manager: list: Listing contexts for virtual host 'localhost'
12-Nov-2019 17:15:23.855 INFO [http-nio-8080-exec-789] org.apache.catalina.core.ApplicationContext.log Manager: list: Listing contexts for virtual host 'localhost'
12-Nov-2019 17:15:23.863 INFO [http-nio-8080-exec-789] org.apache.catalina.core.ApplicationContext.log Manager: list: Listing contexts for virtual host 'localhost'
12-Nov-2019 17:15:23.972 INFO [http-nio-8080-exec-776] org.apache.catalina.core.ApplicationContext.log Manager: install: Installing context configuration at 'file:/C:/Users/PAULO~1.BEZ/AppData/Local/Temp/context8932291459250048744.xml'
12-Nov-2019 17:15:25.647 INFO [http-nio-8080-exec-790] org.apache.catalina.core.ApplicationContext.log Manager: start: Starting web application '/Opportunity'
12-Nov-2019 17:16:32.019 INFO [http-nio-8080-exec-789] org.apache.catalina.core.ApplicationContext.log Manager: list: Listing contexts for virtual host 'localhost'
12-Nov-2019 17:16:32.407 INFO [http-nio-8080-exec-791] org.apache.catalina.core.ApplicationContext.log Manager: restart: Reloading web application '/Opportunity'
12-Nov-2019 17:17:09.194 INFO [http-nio-8080-exec-784] org.apache.catalina.core.ApplicationContext.log Manager: list: Listing contexts for virtual host 'localhost'
12-Nov-2019 17:17:22.550 INFO [http-nio-8080-exec-786] org.apache.catalina.core.ApplicationContext.log Manager: list: Listing contexts for virtual host 'localhost'
12-Nov-2019 17:17:22.553 INFO [http-nio-8080-exec-788] org.apache.catalina.core.ApplicationContext.log Manager: list: Listing contexts for virtual host 'localhost'
12-Nov-2019 17:17:22.608 INFO [http-nio-8080-exec-784] org.apache.catalina.core.ApplicationContext.log Manager: undeploy: Undeploying web application at '/Opportunity'
12-Nov-2019 17:17:24.906 INFO [http-nio-8080-exec-794] org.apache.catalina.core.ApplicationContext.log Manager: install: Installing context configuration at 'file:/C:/Users/PAULO~1.BEZ/AppData/Local/Temp/context3311750683094412607.xml'
12-Nov-2019 17:17:28.634 INFO [http-nio-8080-exec-792] org.apache.catalina.core.ApplicationContext.log Manager: start: Starting web application '/Opportunity'
12-Nov-2019 17:20:28.643 INFO [http-nio-8080-exec-801] org.apache.catalina.core.ApplicationContext.log Manager: list: Listing contexts for virtual host 'localhost'
12-Nov-2019 17:20:36.761 INFO [http-nio-8080-exec-800] org.apache.catalina.core.ApplicationContext.log Manager: list: Listing contexts for virtual host 'localhost'
12-Nov-2019 17:20:36.763 INFO [http-nio-8080-exec-801] org.apache.catalina.core.ApplicationContext.log Manager: list: Listing contexts for virtual host 'localhost'
12-Nov-2019 17:20:36.814 INFO [http-nio-8080-exec-796] org.apache.catalina.core.ApplicationContext.log Manager: undeploy: Undeploying web application at '/Opportunity'
12-Nov-2019 17:20:37.975 INFO [http-nio-8080-exec-798] org.apache.catalina.core.ApplicationContext.log Manager: install: Installing context configuration at 'file:/C:/Users/PAULO~1.BEZ/AppData/Local/Temp/context8726516713666626057.xml'
12-Nov-2019 17:20:41.220 INFO [http-nio-8080-exec-803] org.apache.catalina.core.ApplicationContext.log Manager: start: Starting web application '/Opportunity'
12-Nov-2019 17:22:09.376 INFO [http-nio-8080-exec-809] org.apache.catalina.core.ApplicationContext.log Manager: list: Listing contexts for virtual host 'localhost'
12-Nov-2019 17:22:50.791 INFO [http-nio-8080-exec-813] org.apache.catalina.core.ApplicationContext.log Manager: list: Listing contexts for virtual host 'localhost'
12-Nov-2019 17:22:58.020 INFO [http-nio-8080-exec-808] org.apache.catalina.core.ApplicationContext.log Manager: list: Listing contexts for virtual host 'localhost'
12-Nov-2019 17:22:58.023 INFO [http-nio-8080-exec-809] org.apache.catalina.core.ApplicationContext.log Manager: list: Listing contexts for virtual host 'localhost'
12-Nov-2019 17:22:58.066 INFO [http-nio-8080-exec-815] org.apache.catalina.core.ApplicationContext.log Manager: undeploy: Undeploying web application at '/Opportunity'
12-Nov-2019 17:23:05.944 INFO [http-nio-8080-exec-807] org.apache.catalina.core.ApplicationContext.log Manager: install: Installing context configuration at 'file:/C:/Users/PAULO~1.BEZ/AppData/Local/Temp/context1984190196567997914.xml'
12-Nov-2019 17:23:11.108 INFO [http-nio-8080-exec-812] org.apache.catalina.core.ApplicationContext.log Manager: start: Starting web application '/Opportunity'
12-Nov-2019 17:24:37.698 INFO [http-nio-8080-exec-816] org.apache.catalina.core.ApplicationContext.log Manager: list: Listing contexts for virtual host 'localhost'
12-Nov-2019 17:24:43.805 INFO [http-nio-8080-exec-816] org.apache.catalina.core.ApplicationContext.log Manager: list: Listing contexts for virtual host 'localhost'
12-Nov-2019 17:24:43.808 INFO [http-nio-8080-exec-820] org.apache.catalina.core.ApplicationContext.log Manager: list: Listing contexts for virtual host 'localhost'
12-Nov-2019 17:24:43.869 INFO [http-nio-8080-exec-824] org.apache.catalina.core.ApplicationContext.log Manager: undeploy: Undeploying web application at '/Opportunity'
12-Nov-2019 17:25:01.226 INFO [http-nio-8080-exec-819] org.apache.catalina.core.ApplicationContext.log Manager: install: Installing context configuration at 'file:/C:/Users/PAULO~1.BEZ/AppData/Local/Temp/context8245256139433007325.xml'
12-Nov-2019 17:25:01.691 INFO [http-nio-8080-exec-821] org.apache.catalina.core.ApplicationContext.log Manager: list: Listing contexts for virtual host 'localhost'
12-Nov-2019 17:25:06.728 INFO [http-nio-8080-exec-825] org.apache.catalina.core.ApplicationContext.log Manager: start: Starting web application '/Opportunity'
12-Nov-2019 17:26:17.178 INFO [http-nio-8080-exec-828] org.apache.catalina.core.ApplicationContext.log Manager: list: Listing contexts for virtual host 'localhost'
12-Nov-2019 17:26:26.758 INFO [http-nio-8080-exec-832] org.apache.catalina.core.ApplicationContext.log Manager: list: Listing contexts for virtual host 'localhost'
12-Nov-2019 17:26:31.409 INFO [http-nio-8080-exec-831] org.apache.catalina.core.ApplicationContext.log Manager: list: Listing contexts for virtual host 'localhost'
12-Nov-2019 17:26:31.415 INFO [http-nio-8080-exec-827] org.apache.catalina.core.ApplicationContext.log Manager: undeploy: Undeploying web application at '/Opportunity'
12-Nov-2019 17:26:35.614 INFO [http-nio-8080-exec-828] org.apache.catalina.core.ApplicationContext.log Manager: list: Listing contexts for virtual host 'localhost'
12-Nov-2019 17:36:47.694 INFO [http-nio-8080-exec-840] org.apache.catalina.core.ApplicationContext.log Manager: list: Listing contexts for virtual host 'localhost'
12-Nov-2019 17:37:23.910 INFO [http-nio-8080-exec-836] org.apache.catalina.core.ApplicationContext.log Manager: list: Listing contexts for virtual host 'localhost'
12-Nov-2019 17:37:31.074 INFO [http-nio-8080-exec-842] org.apache.catalina.core.ApplicationContext.log Manager: list: Listing contexts for virtual host 'localhost'
12-Nov-2019 20:03:32.936 INFO [http-nio-8080-exec-6] org.apache.catalina.core.ApplicationContext.log Manager: init: Associated with Deployer 'Catalina:type=Deployer,host=localhost'
12-Nov-2019 20:03:32.936 INFO [http-nio-8080-exec-6] org.apache.catalina.core.ApplicationContext.log Manager: init: Global resources are available
12-Nov-2019 20:03:32.940 INFO [http-nio-8080-exec-6] org.apache.catalina.core.ApplicationContext.log Manager: list: Listing contexts for virtual host 'localhost'
12-Nov-2019 20:03:32.945 INFO [http-nio-8080-exec-7] org.apache.catalina.core.ApplicationContext.log Manager: list: Listing contexts for virtual host 'localhost'
12-Nov-2019 20:03:33.084 INFO [http-nio-8080-exec-10] org.apache.catalina.core.ApplicationContext.log Manager: install: Installing context configuration at 'file:/C:/Users/PAULO~1.BEZ/AppData/Local/Temp/context4027346899090327942.xml'
12-Nov-2019 20:03:39.941 INFO [http-nio-8080-exec-5] org.apache.catalina.core.ApplicationContext.log Manager: start: Starting web application '/Opportunity'
12-Nov-2019 20:04:36.882 INFO [http-nio-8080-exec-10] org.apache.catalina.core.ApplicationContext.log Manager: list: Listing contexts for virtual host 'localhost'
12-Nov-2019 20:04:45.946 INFO [http-nio-8080-exec-4] org.apache.catalina.core.ApplicationContext.log Manager: list: Listing contexts for virtual host 'localhost'
12-Nov-2019 20:04:45.950 INFO [http-nio-8080-exec-6] org.apache.catalina.core.ApplicationContext.log Manager: list: Listing contexts for virtual host 'localhost'
12-Nov-2019 20:04:46.024 INFO [http-nio-8080-exec-7] org.apache.catalina.core.ApplicationContext.log Manager: undeploy: Undeploying web application at '/Opportunity'
12-Nov-2019 20:04:47.062 INFO [http-nio-8080-exec-6] org.apache.catalina.core.ApplicationContext.log Manager: install: Installing context configuration at 'file:/C:/Users/PAULO~1.BEZ/AppData/Local/Temp/context6303323897942483054.xml'
12-Nov-2019 20:04:51.391 INFO [http-nio-8080-exec-9] org.apache.catalina.core.ApplicationContext.log Manager: start: Starting web application '/Opportunity'
12-Nov-2019 20:06:14.500 INFO [http-nio-8080-exec-16] org.apache.catalina.core.ApplicationContext.log Manager: list: Listing contexts for virtual host 'localhost'
12-Nov-2019 20:06:20.384 INFO [http-nio-8080-exec-19] org.apache.catalina.core.ApplicationContext.log Manager: list: Listing contexts for virtual host 'localhost'
12-Nov-2019 20:06:20.388 INFO [http-nio-8080-exec-16] org.apache.catalina.core.ApplicationContext.log Manager: list: Listing contexts for virtual host 'localhost'
12-Nov-2019 20:06:20.411 INFO [http-nio-8080-exec-17] org.apache.catalina.core.ApplicationContext.log Manager: undeploy: Undeploying web application at '/Opportunity'
12-Nov-2019 20:06:21.390 INFO [http-nio-8080-exec-13] org.apache.catalina.core.ApplicationContext.log Manager: install: Installing context configuration at 'file:/C:/Users/PAULO~1.BEZ/AppData/Local/Temp/context1299650790818175375.xml'
12-Nov-2019 20:06:22.707 INFO [http-nio-8080-exec-18] org.apache.catalina.core.ApplicationContext.log Manager: start: Starting web application '/Opportunity'
12-Nov-2019 20:07:34.967 INFO [http-nio-8080-exec-21] org.apache.catalina.core.ApplicationContext.log Manager: list: Listing contexts for virtual host 'localhost'
12-Nov-2019 20:07:49.678 INFO [http-nio-8080-exec-31] org.apache.catalina.core.ApplicationContext.log Manager: list: Listing contexts for virtual host 'localhost'
12-Nov-2019 20:07:54.673 INFO [http-nio-8080-exec-27] org.apache.catalina.core.ApplicationContext.log Manager: list: Listing contexts for virtual host 'localhost'
12-Nov-2019 20:07:54.676 INFO [http-nio-8080-exec-28] org.apache.catalina.core.ApplicationContext.log Manager: list: Listing contexts for virtual host 'localhost'
12-Nov-2019 20:07:54.694 INFO [http-nio-8080-exec-24] org.apache.catalina.core.ApplicationContext.log Manager: undeploy: Undeploying web application at '/Opportunity'
12-Nov-2019 20:07:55.508 INFO [http-nio-8080-exec-26] org.apache.catalina.core.ApplicationContext.log Manager: install: Installing context configuration at 'file:/C:/Users/PAULO~1.BEZ/AppData/Local/Temp/context1641350691931412423.xml'
12-Nov-2019 20:07:56.449 INFO [http-nio-8080-exec-29] org.apache.catalina.core.ApplicationContext.log Manager: start: Starting web application '/Opportunity'
12-Nov-2019 20:10:41.466 INFO [http-nio-8080-exec-32] org.apache.catalina.core.ApplicationContext.log Manager: list: Listing contexts for virtual host 'localhost'
12-Nov-2019 20:10:49.119 INFO [http-nio-8080-exec-39] org.apache.catalina.core.ApplicationContext.log Manager: list: Listing contexts for virtual host 'localhost'
12-Nov-2019 20:10:49.122 INFO [http-nio-8080-exec-32] org.apache.catalina.core.ApplicationContext.log Manager: list: Listing contexts for virtual host 'localhost'
12-Nov-2019 20:10:49.164 INFO [http-nio-8080-exec-37] org.apache.catalina.core.ApplicationContext.log Manager: undeploy: Undeploying web application at '/Opportunity'
12-Nov-2019 20:10:49.925 INFO [http-nio-8080-exec-33] org.apache.catalina.core.ApplicationContext.log Manager: install: Installing context configuration at 'file:/C:/Users/PAULO~1.BEZ/AppData/Local/Temp/context2572512359760771138.xml'
12-Nov-2019 20:10:53.477 INFO [http-nio-8080-exec-36] org.apache.catalina.core.ApplicationContext.log Manager: start: Starting web application '/Opportunity'
12-Nov-2019 20:11:51.536 INFO [http-nio-8080-exec-45] org.apache.catalina.core.ApplicationContext.log Manager: list: Listing contexts for virtual host 'localhost'
12-Nov-2019 20:12:00.561 INFO [http-nio-8080-exec-35] org.apache.catalina.core.ApplicationContext.log Manager: list: Listing contexts for virtual host 'localhost'
12-Nov-2019 20:12:00.565 INFO [http-nio-8080-exec-45] org.apache.catalina.core.ApplicationContext.log Manager: list: Listing contexts for virtual host 'localhost'
12-Nov-2019 20:12:00.585 INFO [http-nio-8080-exec-41] org.apache.catalina.core.ApplicationContext.log Manager: undeploy: Undeploying web application at '/Opportunity'
12-Nov-2019 20:12:01.340 INFO [http-nio-8080-exec-48] org.apache.catalina.core.ApplicationContext.log Manager: install: Installing context configuration at 'file:/C:/Users/PAULO~1.BEZ/AppData/Local/Temp/context4736350445944247358.xml'
12-Nov-2019 20:12:02.322 INFO [http-nio-8080-exec-44] org.apache.catalina.core.ApplicationContext.log Manager: start: Starting web application '/Opportunity'
12-Nov-2019 20:13:06.163 INFO [http-nio-8080-exec-41] org.apache.catalina.core.ApplicationContext.log Manager: list: Listing contexts for virtual host 'localhost'
12-Nov-2019 20:13:08.488 INFO [http-nio-8080-exec-50] org.apache.catalina.core.ApplicationContext.log Manager: list: Listing contexts for virtual host 'localhost'
12-Nov-2019 20:13:08.493 INFO [http-nio-8080-exec-52] org.apache.catalina.core.ApplicationContext.log Manager: undeploy: Undeploying web application at '/Opportunity'
12-Nov-2019 20:13:31.192 INFO [http-nio-8080-exec-41] org.apache.catalina.core.ApplicationContext.log Manager: list: Listing contexts for virtual host 'localhost'
12-Nov-2019 20:13:31.461 INFO [http-nio-8080-exec-55] org.apache.catalina.core.ApplicationContext.log Manager: list: Listing contexts for virtual host 'localhost'
12-Nov-2019 20:15:22.454 INFO [http-nio-8080-exec-53] org.apache.catalina.core.ApplicationContext.log Manager: list: Listing contexts for virtual host 'localhost'
12-Nov-2019 20:15:26.653 INFO [http-nio-8080-exec-59] org.apache.catalina.core.ApplicationContext.log Manager: list: Listing contexts for virtual host 'localhost'
12-Nov-2019 20:16:45.672 INFO [http-nio-8080-exec-61] org.apache.catalina.core.ApplicationContext.log Manager: list: Listing contexts for virtual host 'localhost'
12-Nov-2019 20:16:45.675 INFO [http-nio-8080-exec-66] org.apache.catalina.core.ApplicationContext.log Manager: list: Listing contexts for virtual host 'localhost'
12-Nov-2019 20:16:45.812 INFO [http-nio-8080-exec-53] org.apache.catalina.core.ApplicationContext.log Manager: install: Installing context configuration at 'file:/C:/Users/PAULO~1.BEZ/AppData/Local/Temp/context1102295734046665643.xml'
12-Nov-2019 20:16:47.043 INFO [http-nio-8080-exec-62] org.apache.catalina.core.ApplicationContext.log Manager: start: Starting web application '/Opportunity'
12-Nov-2019 20:17:25.058 INFO [http-nio-8080-exec-63] org.apache.catalina.core.ApplicationContext.log Manager: list: Listing contexts for virtual host 'localhost'
12-Nov-2019 20:17:29.768 INFO [http-nio-8080-exec-67] org.apache.catalina.core.ApplicationContext.log Manager: list: Listing contexts for virtual host 'localhost'
12-Nov-2019 20:17:29.770 INFO [http-nio-8080-exec-62] org.apache.catalina.core.ApplicationContext.log Manager: list: Listing contexts for virtual host 'localhost'
12-Nov-2019 20:17:29.803 INFO [http-nio-8080-exec-63] org.apache.catalina.core.ApplicationContext.log Manager: undeploy: Undeploying web application at '/Opportunity'
12-Nov-2019 20:17:30.635 INFO [http-nio-8080-exec-67] org.apache.catalina.core.ApplicationContext.log Manager: install: Installing context configuration at 'file:/C:/Users/PAULO~1.BEZ/AppData/Local/Temp/context4367846861102480975.xml'
12-Nov-2019 20:17:31.597 INFO [http-nio-8080-exec-66] org.apache.catalina.core.ApplicationContext.log Manager: start: Starting web application '/Opportunity'
12-Nov-2019 20:18:17.395 INFO [http-nio-8080-exec-74] org.apache.catalina.core.ApplicationContext.log Manager: list: Listing contexts for virtual host 'localhost'
12-Nov-2019 20:18:25.671 INFO [http-nio-8080-exec-74] org.apache.catalina.core.ApplicationContext.log Manager: list: Listing contexts for virtual host 'localhost'
12-Nov-2019 20:18:25.674 INFO [http-nio-8080-exec-64] org.apache.catalina.core.ApplicationContext.log Manager: list: Listing contexts for virtual host 'localhost'
12-Nov-2019 20:18:25.701 INFO [http-nio-8080-exec-71] org.apache.catalina.core.ApplicationContext.log Manager: undeploy: Undeploying web application at '/Opportunity'
12-Nov-2019 20:18:26.535 INFO [http-nio-8080-exec-70] org.apache.catalina.core.ApplicationContext.log Manager: install: Installing context configuration at 'file:/C:/Users/PAULO~1.BEZ/AppData/Local/Temp/context7921622011065496699.xml'
12-Nov-2019 20:18:27.581 INFO [http-nio-8080-exec-72] org.apache.catalina.core.ApplicationContext.log Manager: start: Starting web application '/Opportunity'
12-Nov-2019 20:20:54.507 INFO [http-nio-8080-exec-85] org.apache.catalina.core.ApplicationContext.log Manager: list: Listing contexts for virtual host 'localhost'
12-Nov-2019 20:21:19.317 INFO [http-nio-8080-exec-81] org.apache.catalina.core.ApplicationContext.log Manager: list: Listing contexts for virtual host 'localhost'
12-Nov-2019 20:21:57.947 INFO [http-nio-8080-exec-78] org.apache.catalina.core.ApplicationContext.log Manager: list: Listing contexts for virtual host 'localhost'
12-Nov-2019 20:22:35.415 INFO [http-nio-8080-exec-81] org.apache.catalina.core.ApplicationContext.log Manager: list: Listing contexts for virtual host 'localhost'
12-Nov-2019 20:22:35.531 INFO [http-nio-8080-exec-85] org.apache.catalina.core.ApplicationContext.log Manager: stop: Stopping web application '/Opportunity'
12-Nov-2019 20:22:37.065 INFO [http-nio-8080-exec-84] org.apache.catalina.core.ApplicationContext.log Manager: start: Starting web application '/Opportunity'
12-Nov-2019 20:22:40.228 INFO [http-nio-8080-exec-81] org.apache.catalina.core.ApplicationContext.log Manager: list: Listing contexts for virtual host 'localhost'
12-Nov-2019 20:22:41.397 INFO [http-nio-8080-exec-78] org.apache.catalina.core.ApplicationContext.log Manager: undeploy: Undeploying web application at '/Opportunity'
12-Nov-2019 20:29:29.001 INFO [http-nio-8080-exec-95] org.apache.catalina.core.ApplicationContext.log Manager: list: Listing contexts for virtual host 'localhost'
12-Nov-2019 20:29:52.943 INFO [http-nio-8080-exec-92] org.apache.catalina.core.ApplicationContext.log Manager: list: Listing contexts for virtual host 'localhost'
12-Nov-2019 20:30:18.380 INFO [http-nio-8080-exec-98] org.apache.catalina.core.ApplicationContext.log Manager: list: Listing contexts for virtual host 'localhost'
12-Nov-2019 20:30:19.853 INFO [http-nio-8080-exec-92] org.apache.catalina.core.ApplicationContext.log Manager: list: Listing contexts for virtual host 'localhost'
12-Nov-2019 20:32:13.772 INFO [http-nio-8080-exec-99] org.apache.catalina.core.ApplicationContext.log Manager: list: Listing contexts for virtual host 'localhost'
12-Nov-2019 20:34:10.978 INFO [http-nio-8080-exec-96] org.apache.catalina.core.ApplicationContext.log Manager: list: Listing contexts for virtual host 'localhost'
12-Nov-2019 20:34:14.911 INFO [http-nio-8080-exec-93] org.apache.catalina.core.ApplicationContext.log Manager: list: Listing contexts for virtual host 'localhost'
12-Nov-2019 20:34:14.915 INFO [http-nio-8080-exec-94] org.apache.catalina.core.ApplicationContext.log Manager: list: Listing contexts for virtual host 'localhost'
12-Nov-2019 20:34:15.099 INFO [http-nio-8080-exec-95] org.apache.catalina.core.ApplicationContext.log Manager: install: Installing context configuration at 'file:/C:/Users/PAULO~1.BEZ/AppData/Local/Temp/context5866585417126561658.xml'
12-Nov-2019 20:34:17.293 INFO [http-nio-8080-exec-96] org.apache.catalina.core.ApplicationContext.log Manager: start: Starting web application '/Opportunity'
12-Nov-2019 20:36:19.868 INFO [http-nio-8080-exec-99] org.apache.catalina.core.ApplicationContext.log Manager: list: Listing contexts for virtual host 'localhost'
12-Nov-2019 20:36:48.810 INFO [http-nio-8080-exec-94] org.apache.catalina.core.ApplicationContext.log Manager: list: Listing contexts for virtual host 'localhost'
12-Nov-2019 20:40:35.282 INFO [http-nio-8080-exec-93] org.apache.catalina.core.ApplicationContext.log Manager: list: Listing contexts for virtual host 'localhost'
12-Nov-2019 20:42:35.556 INFO [http-nio-8080-exec-100] org.apache.catalina.core.ApplicationContext.log Manager: list: Listing contexts for virtual host 'localhost'
12-Nov-2019 20:42:35.656 INFO [http-nio-8080-exec-91] org.apache.catalina.core.ApplicationContext.log Manager: stop: Stopping web application '/Opportunity'
12-Nov-2019 20:42:35.964 INFO [http-nio-8080-exec-97] org.apache.catalina.core.ApplicationContext.log Manager: start: Starting web application '/Opportunity'
12-Nov-2019 20:42:43.899 INFO [http-nio-8080-exec-99] org.apache.catalina.core.ApplicationContext.log Manager: list: Listing contexts for virtual host 'localhost'
12-Nov-2019 20:42:43.916 INFO [http-nio-8080-exec-93] org.apache.catalina.core.ApplicationContext.log Manager: undeploy: Undeploying web application at '/Opportunity'
