07-Aug-2019 11:17:51.257 INFO [http-nio-8080-exec-1114] org.apache.catalina.core.ApplicationContext.log Manager: list: Listing contexts for virtual host 'localhost'
07-Aug-2019 11:17:51.533 INFO [http-nio-8080-exec-1117] org.apache.catalina.core.ApplicationContext.log Manager: list: Listing contexts for virtual host 'localhost'
07-Aug-2019 11:17:52.208 INFO [http-nio-8080-exec-1120] org.apache.catalina.core.ApplicationContext.log Manager: list: Listing contexts for virtual host 'localhost'
07-Aug-2019 11:17:52.367 INFO [http-nio-8080-exec-1113] org.apache.catalina.core.ApplicationContext.log Manager: list: Listing contexts for virtual host 'localhost'
07-Aug-2019 11:17:52.867 INFO [http-nio-8080-exec-1116] org.apache.catalina.core.ApplicationContext.log Manager: list: Listing contexts for virtual host 'localhost'
07-Aug-2019 11:17:53.530 INFO [http-nio-8080-exec-1120] org.apache.catalina.core.ApplicationContext.log Manager: list: Listing contexts for virtual host 'localhost'
07-Aug-2019 11:17:58.317 INFO [http-nio-8080-exec-1113] org.apache.catalina.core.ApplicationContext.log Manager: list: Listing contexts for virtual host 'localhost'
07-Aug-2019 11:18:00.338 INFO [http-nio-8080-exec-1117] org.apache.catalina.core.ApplicationContext.log Manager: list: Listing contexts for virtual host 'localhost'
07-Aug-2019 11:18:17.668 INFO [http-nio-8080-exec-1111] org.apache.catalina.core.ApplicationContext.log Manager: list: Listing contexts for virtual host 'localhost'
07-Aug-2019 11:18:25.908 INFO [http-nio-8080-exec-1117] org.apache.catalina.core.ApplicationContext.log Manager: list: Listing contexts for virtual host 'localhost'
07-Aug-2019 11:18:27.163 INFO [http-nio-8080-exec-1119] org.apache.catalina.core.ApplicationContext.log Manager: list: Listing contexts for virtual host 'localhost'
07-Aug-2019 11:20:23.726 INFO [http-nio-8080-exec-1113] org.apache.catalina.core.ApplicationContext.log Manager: list: Listing contexts for virtual host 'localhost'
07-Aug-2019 11:24:30.451 INFO [http-nio-8080-exec-1118] org.apache.catalina.core.ApplicationContext.log Manager: list: Listing contexts for virtual host 'localhost'
07-Aug-2019 11:24:34.496 INFO [http-nio-8080-exec-1112] org.apache.catalina.core.ApplicationContext.log Manager: list: Listing contexts for virtual host 'localhost'
07-Aug-2019 11:27:32.042 INFO [http-nio-8080-exec-1117] org.apache.catalina.core.ApplicationContext.log Manager: list: Listing contexts for virtual host 'localhost'
07-Aug-2019 11:27:32.050 INFO [http-nio-8080-exec-1118] org.apache.catalina.core.ApplicationContext.log Manager: list: Listing contexts for virtual host 'localhost'
07-Aug-2019 11:27:33.858 INFO [http-nio-8080-exec-1119] org.apache.catalina.core.ApplicationContext.log Manager: install: Installing context configuration at 'file:/C:/Users/PAULO~1.BEZ/AppData/Local/Temp/context4774803852645364431.xml'
07-Aug-2019 11:28:01.204 INFO [http-nio-8080-exec-1119] org.apache.catalina.core.ApplicationContext.log Manager: start: Starting web application '/Opportunity'
07-Aug-2019 11:29:54.451 INFO [http-nio-8080-exec-1115] org.apache.catalina.core.ApplicationContext.log Manager: list: Listing contexts for virtual host 'localhost'
07-Aug-2019 11:29:54.908 INFO [http-nio-8080-exec-1118] org.apache.catalina.core.ApplicationContext.log Manager: restart: Reloading web application '/Opportunity'
07-Aug-2019 11:30:38.058 INFO [http-nio-8080-exec-1114] org.apache.catalina.core.ApplicationContext.log Manager: list: Listing contexts for virtual host 'localhost'
07-Aug-2019 11:30:38.337 INFO [http-nio-8080-exec-1115] org.apache.catalina.core.ApplicationContext.log Manager: restart: Reloading web application '/Opportunity'
07-Aug-2019 11:34:12.419 INFO [http-nio-8080-exec-1124] org.apache.catalina.core.ApplicationContext.log Manager: list: Listing contexts for virtual host 'localhost'
07-Aug-2019 11:34:12.722 INFO [http-nio-8080-exec-1123] org.apache.catalina.core.ApplicationContext.log Manager: restart: Reloading web application '/Opportunity'
07-Aug-2019 11:34:55.042 INFO [http-nio-8080-exec-1125] org.apache.catalina.core.ApplicationContext.log Manager: list: Listing contexts for virtual host 'localhost'
07-Aug-2019 11:34:55.084 INFO [http-nio-8080-exec-1130] org.apache.catalina.core.ApplicationContext.log Manager: undeploy: Undeploying web application at '/Opportunity'
07-Aug-2019 11:41:26.617 INFO [http-nio-8080-exec-1140] org.apache.catalina.core.ApplicationContext.log Manager: list: Listing contexts for virtual host 'localhost'
07-Aug-2019 11:41:26.636 INFO [http-nio-8080-exec-1140] org.apache.catalina.core.ApplicationContext.log Manager: list: Listing contexts for virtual host 'localhost'
07-Aug-2019 11:41:27.115 INFO [http-nio-8080-exec-1141] org.apache.catalina.core.ApplicationContext.log Manager: install: Installing context configuration at 'file:/C:/Users/PAULO~1.BEZ/AppData/Local/Temp/context7775958790156801050.xml'
07-Aug-2019 11:41:30.829 INFO [http-nio-8080-exec-1142] org.apache.catalina.core.ApplicationContext.log Manager: start: Starting web application '/Opportunity'
07-Aug-2019 11:41:46.694 INFO [http-nio-8080-exec-1139] org.apache.catalina.core.ApplicationContext.log Manager: list: Listing contexts for virtual host 'localhost'
07-Aug-2019 11:41:47.181 INFO [http-nio-8080-exec-1140] org.apache.catalina.core.ApplicationContext.log Manager: restart: Reloading web application '/Opportunity'
07-Aug-2019 11:44:37.429 INFO [http-nio-8080-exec-1155] org.apache.catalina.core.ApplicationContext.log Manager: list: Listing contexts for virtual host 'localhost'
07-Aug-2019 11:44:37.704 INFO [http-nio-8080-exec-1148] org.apache.catalina.core.ApplicationContext.log Manager: restart: Reloading web application '/Opportunity'
07-Aug-2019 11:44:55.375 INFO [http-nio-8080-exec-1150] org.apache.catalina.core.ApplicationContext.log Manager: list: Listing contexts for virtual host 'localhost'
07-Aug-2019 11:44:55.601 INFO [http-nio-8080-exec-1149] org.apache.catalina.core.ApplicationContext.log Manager: restart: Reloading web application '/Opportunity'
07-Aug-2019 11:46:04.254 INFO [http-nio-8080-exec-1159] org.apache.catalina.core.ApplicationContext.log Manager: list: Listing contexts for virtual host 'localhost'
07-Aug-2019 11:46:04.571 INFO [http-nio-8080-exec-1163] org.apache.catalina.core.ApplicationContext.log Manager: restart: Reloading web application '/Opportunity'
07-Aug-2019 11:46:26.354 INFO [http-nio-8080-exec-1167] org.apache.catalina.core.ApplicationContext.log Manager: list: Listing contexts for virtual host 'localhost'
07-Aug-2019 11:46:26.379 INFO [http-nio-8080-exec-1162] org.apache.catalina.core.ApplicationContext.log Manager: undeploy: Undeploying web application at '/Opportunity'
07-Aug-2019 12:03:00.613 INFO [http-nio-8080-exec-1174] org.apache.catalina.core.ApplicationContext.log Manager: list: Listing contexts for virtual host 'localhost'
07-Aug-2019 12:03:09.520 INFO [http-nio-8080-exec-1180] org.apache.catalina.core.ApplicationContext.log Manager: list: Listing contexts for virtual host 'localhost'
07-Aug-2019 12:03:09.523 INFO [http-nio-8080-exec-1171] org.apache.catalina.core.ApplicationContext.log Manager: list: Listing contexts for virtual host 'localhost'
07-Aug-2019 12:03:09.694 INFO [http-nio-8080-exec-1172] org.apache.catalina.core.ApplicationContext.log Manager: install: Installing context configuration at 'file:/C:/Users/PAULO~1.BEZ/AppData/Local/Temp/context5696814677049150146.xml'
07-Aug-2019 12:03:17.657 INFO [http-nio-8080-exec-1173] org.apache.catalina.core.ApplicationContext.log Manager: start: Starting web application '/Opportunity'
07-Aug-2019 12:09:48.787 INFO [http-nio-8080-exec-1174] org.apache.catalina.core.ApplicationContext.log Manager: list: Listing contexts for virtual host 'localhost'
07-Aug-2019 12:09:59.617 INFO [http-nio-8080-exec-1171] org.apache.catalina.core.ApplicationContext.log Manager: list: Listing contexts for virtual host 'localhost'
07-Aug-2019 12:11:00.657 INFO [http-nio-8080-exec-1178] org.apache.catalina.core.ApplicationContext.log Manager: list: Listing contexts for virtual host 'localhost'
07-Aug-2019 12:11:00.989 INFO [http-nio-8080-exec-1179] org.apache.catalina.core.ApplicationContext.log Manager: restart: Reloading web application '/Opportunity'
07-Aug-2019 12:11:42.009 INFO [http-nio-8080-exec-1178] org.apache.catalina.core.ApplicationContext.log Manager: list: Listing contexts for virtual host 'localhost'
07-Aug-2019 12:11:42.259 INFO [http-nio-8080-exec-1173] org.apache.catalina.core.ApplicationContext.log Manager: restart: Reloading web application '/Opportunity'
07-Aug-2019 12:12:08.828 INFO [http-nio-8080-exec-1174] org.apache.catalina.core.ApplicationContext.log Manager: list: Listing contexts for virtual host 'localhost'
07-Aug-2019 12:12:09.106 INFO [http-nio-8080-exec-1175] org.apache.catalina.core.ApplicationContext.log Manager: restart: Reloading web application '/Opportunity'
07-Aug-2019 12:12:17.496 INFO [http-nio-8080-exec-1177] org.apache.catalina.core.ApplicationContext.log Manager: list: Listing contexts for virtual host 'localhost'
07-Aug-2019 12:12:17.795 INFO [http-nio-8080-exec-1184] org.apache.catalina.core.ApplicationContext.log Manager: restart: Reloading web application '/Opportunity'
07-Aug-2019 12:12:24.918 INFO [http-nio-8080-exec-1182] org.apache.catalina.core.ApplicationContext.log Manager: list: Listing contexts for virtual host 'localhost'
07-Aug-2019 12:12:25.239 INFO [http-nio-8080-exec-1183] org.apache.catalina.core.ApplicationContext.log Manager: restart: Reloading web application '/Opportunity'
07-Aug-2019 12:12:27.579 INFO [http-nio-8080-exec-1182] org.apache.catalina.core.ApplicationContext.log Manager: list: Listing contexts for virtual host 'localhost'
07-Aug-2019 12:12:27.831 INFO [http-nio-8080-exec-1188] org.apache.catalina.core.ApplicationContext.log Manager: restart: Reloading web application '/Opportunity'
07-Aug-2019 12:25:02.129 INFO [http-nio-8080-exec-1193] org.apache.catalina.core.ApplicationContext.log Manager: list: Listing contexts for virtual host 'localhost'
07-Aug-2019 12:25:02.613 INFO [http-nio-8080-exec-1194] org.apache.catalina.core.ApplicationContext.log Manager: restart: Reloading web application '/Opportunity'
07-Aug-2019 12:27:06.568 INFO [http-nio-8080-exec-1196] org.apache.catalina.core.ApplicationContext.log Manager: list: Listing contexts for virtual host 'localhost'
07-Aug-2019 12:27:06.857 INFO [http-nio-8080-exec-1197] org.apache.catalina.core.ApplicationContext.log Manager: restart: Reloading web application '/Opportunity'
07-Aug-2019 12:27:16.976 INFO [http-nio-8080-exec-1203] org.apache.catalina.core.ApplicationContext.log Manager: list: Listing contexts for virtual host 'localhost'
07-Aug-2019 12:27:17.194 INFO [http-nio-8080-exec-1205] org.apache.catalina.core.ApplicationContext.log Manager: restart: Reloading web application '/Opportunity'
07-Aug-2019 12:28:10.990 INFO [http-nio-8080-exec-1196] org.apache.catalina.core.ApplicationContext.log Manager: list: Listing contexts for virtual host 'localhost'
07-Aug-2019 12:30:13.018 INFO [http-nio-8080-exec-1210] org.apache.catalina.core.ApplicationContext.log Manager: list: Listing contexts for virtual host 'localhost'
07-Aug-2019 12:30:13.299 INFO [http-nio-8080-exec-1211] org.apache.catalina.core.ApplicationContext.log Manager: restart: Reloading web application '/Opportunity'
07-Aug-2019 12:30:19.431 INFO [http-nio-8080-exec-1208] org.apache.catalina.core.ApplicationContext.log Manager: list: Listing contexts for virtual host 'localhost'
07-Aug-2019 12:30:19.681 INFO [http-nio-8080-exec-1214] org.apache.catalina.core.ApplicationContext.log Manager: restart: Reloading web application '/Opportunity'
07-Aug-2019 12:30:31.181 INFO [http-nio-8080-exec-1209] org.apache.catalina.core.ApplicationContext.log Manager: list: Listing contexts for virtual host 'localhost'
07-Aug-2019 12:31:08.137 INFO [http-nio-8080-exec-1196] org.apache.catalina.core.ApplicationContext.log Manager: list: Listing contexts for virtual host 'localhost'
07-Aug-2019 12:31:08.403 INFO [http-nio-8080-exec-1209] org.apache.catalina.core.ApplicationContext.log Manager: restart: Reloading web application '/Opportunity'
07-Aug-2019 12:34:38.249 INFO [http-nio-8080-exec-1225] org.apache.catalina.core.ApplicationContext.log Manager: list: Listing contexts for virtual host 'localhost'
07-Aug-2019 12:34:38.471 INFO [http-nio-8080-exec-1226] org.apache.catalina.core.ApplicationContext.log Manager: restart: Reloading web application '/Opportunity'
07-Aug-2019 12:35:39.304 INFO [http-nio-8080-exec-1223] org.apache.catalina.core.ApplicationContext.log Manager: list: Listing contexts for virtual host 'localhost'
07-Aug-2019 12:35:39.554 INFO [http-nio-8080-exec-1215] org.apache.catalina.core.ApplicationContext.log Manager: restart: Reloading web application '/Opportunity'
07-Aug-2019 12:35:41.600 INFO [http-nio-8080-exec-1224] org.apache.catalina.core.ApplicationContext.log Manager: list: Listing contexts for virtual host 'localhost'
07-Aug-2019 12:35:41.819 INFO [http-nio-8080-exec-1223] org.apache.catalina.core.ApplicationContext.log Manager: restart: Reloading web application '/Opportunity'
07-Aug-2019 12:37:02.479 INFO [http-nio-8080-exec-1228] org.apache.catalina.core.ApplicationContext.log Manager: list: Listing contexts for virtual host 'localhost'
07-Aug-2019 12:37:45.880 INFO [http-nio-8080-exec-1230] org.apache.catalina.core.ApplicationContext.log Manager: list: Listing contexts for virtual host 'localhost'
07-Aug-2019 12:41:18.889 INFO [http-nio-8080-exec-1235] org.apache.catalina.core.ApplicationContext.log Manager: list: Listing contexts for virtual host 'localhost'
07-Aug-2019 12:42:28.861 INFO [http-nio-8080-exec-1241] org.apache.catalina.core.ApplicationContext.log Manager: list: Listing contexts for virtual host 'localhost'
07-Aug-2019 12:43:23.966 INFO [http-nio-8080-exec-1233] org.apache.catalina.core.ApplicationContext.log Manager: list: Listing contexts for virtual host 'localhost'
07-Aug-2019 12:44:32.142 INFO [http-nio-8080-exec-1234] org.apache.catalina.core.ApplicationContext.log Manager: list: Listing contexts for virtual host 'localhost'
07-Aug-2019 12:45:48.117 INFO [http-nio-8080-exec-1240] org.apache.catalina.core.ApplicationContext.log Manager: list: Listing contexts for virtual host 'localhost'
07-Aug-2019 12:46:50.453 INFO [http-nio-8080-exec-1232] org.apache.catalina.core.ApplicationContext.log Manager: list: Listing contexts for virtual host 'localhost'
07-Aug-2019 12:47:03.439 INFO [http-nio-8080-exec-1237] org.apache.catalina.core.ApplicationContext.log Manager: list: Listing contexts for virtual host 'localhost'
07-Aug-2019 12:49:07.954 INFO [http-nio-8080-exec-1236] org.apache.catalina.core.ApplicationContext.log Manager: list: Listing contexts for virtual host 'localhost'
07-Aug-2019 12:49:08.169 INFO [http-nio-8080-exec-1239] org.apache.catalina.core.ApplicationContext.log Manager: restart: Reloading web application '/Opportunity'
07-Aug-2019 12:49:18.205 INFO [http-nio-8080-exec-1240] org.apache.catalina.core.ApplicationContext.log Manager: list: Listing contexts for virtual host 'localhost'
07-Aug-2019 12:49:18.489 INFO [http-nio-8080-exec-1237] org.apache.catalina.core.ApplicationContext.log Manager: restart: Reloading web application '/Opportunity'
07-Aug-2019 12:50:18.632 INFO [http-nio-8080-exec-1234] org.apache.catalina.core.ApplicationContext.log Manager: list: Listing contexts for virtual host 'localhost'
07-Aug-2019 12:50:18.852 INFO [http-nio-8080-exec-1236] org.apache.catalina.core.ApplicationContext.log Manager: restart: Reloading web application '/Opportunity'
07-Aug-2019 12:52:00.563 INFO [http-nio-8080-exec-1234] org.apache.catalina.core.ApplicationContext.log Manager: list: Listing contexts for virtual host 'localhost'
07-Aug-2019 12:52:56.070 INFO [http-nio-8080-exec-1244] org.apache.catalina.core.ApplicationContext.log Manager: list: Listing contexts for virtual host 'localhost'
07-Aug-2019 12:53:09.551 INFO [http-nio-8080-exec-1250] org.apache.catalina.core.ApplicationContext.log Manager: list: Listing contexts for virtual host 'localhost'
07-Aug-2019 12:53:24.209 INFO [http-nio-8080-exec-1251] org.apache.catalina.core.ApplicationContext.log Manager: list: Listing contexts for virtual host 'localhost'
07-Aug-2019 12:53:45.431 INFO [http-nio-8080-exec-1248] org.apache.catalina.core.ApplicationContext.log Manager: list: Listing contexts for virtual host 'localhost'
07-Aug-2019 12:54:58.767 INFO [http-nio-8080-exec-1254] org.apache.catalina.core.ApplicationContext.log Manager: list: Listing contexts for virtual host 'localhost'
07-Aug-2019 12:57:10.207 INFO [http-nio-8080-exec-1250] org.apache.catalina.core.ApplicationContext.log Manager: list: Listing contexts for virtual host 'localhost'
07-Aug-2019 12:57:16.862 INFO [http-nio-8080-exec-1246] org.apache.catalina.core.ApplicationContext.log Manager: list: Listing contexts for virtual host 'localhost'
07-Aug-2019 12:57:16.867 INFO [http-nio-8080-exec-1255] org.apache.catalina.core.ApplicationContext.log Manager: list: Listing contexts for virtual host 'localhost'
07-Aug-2019 12:57:17.342 INFO [http-nio-8080-exec-1247] org.apache.catalina.core.ApplicationContext.log Manager: undeploy: Undeploying web application at '/Opportunity'
07-Aug-2019 12:57:18.585 INFO [http-nio-8080-exec-1248] org.apache.catalina.core.ApplicationContext.log Manager: install: Installing context configuration at 'file:/C:/Users/PAULO~1.BEZ/AppData/Local/Temp/context8300462657253220971.xml'
07-Aug-2019 12:57:20.054 INFO [http-nio-8080-exec-1250] org.apache.catalina.core.ApplicationContext.log Manager: start: Starting web application '/Opportunity'
07-Aug-2019 12:58:24.915 INFO [http-nio-8080-exec-1257] org.apache.catalina.core.ApplicationContext.log Manager: list: Listing contexts for virtual host 'localhost'
07-Aug-2019 13:00:03.580 INFO [http-nio-8080-exec-1260] org.apache.catalina.core.ApplicationContext.log Manager: list: Listing contexts for virtual host 'localhost'
07-Aug-2019 13:00:03.819 INFO [http-nio-8080-exec-1261] org.apache.catalina.core.ApplicationContext.log Manager: restart: Reloading web application '/Opportunity'
07-Aug-2019 13:00:51.156 INFO [http-nio-8080-exec-1258] org.apache.catalina.core.ApplicationContext.log Manager: list: Listing contexts for virtual host 'localhost'
07-Aug-2019 13:00:51.475 INFO [http-nio-8080-exec-1260] org.apache.catalina.core.ApplicationContext.log Manager: restart: Reloading web application '/Opportunity'
07-Aug-2019 13:02:12.540 INFO [http-nio-8080-exec-1268] org.apache.catalina.core.ApplicationContext.log Manager: list: Listing contexts for virtual host 'localhost'
07-Aug-2019 13:02:12.852 INFO [http-nio-8080-exec-1270] org.apache.catalina.core.ApplicationContext.log Manager: restart: Reloading web application '/Opportunity'
07-Aug-2019 13:04:21.444 INFO [http-nio-8080-exec-1279] org.apache.catalina.core.ApplicationContext.log Manager: list: Listing contexts for virtual host 'localhost'
07-Aug-2019 13:04:26.822 INFO [http-nio-8080-exec-1282] org.apache.catalina.core.ApplicationContext.log Manager: list: Listing contexts for virtual host 'localhost'
07-Aug-2019 13:04:26.825 INFO [http-nio-8080-exec-1287] org.apache.catalina.core.ApplicationContext.log Manager: list: Listing contexts for virtual host 'localhost'
07-Aug-2019 13:04:26.930 INFO [http-nio-8080-exec-1279] org.apache.catalina.core.ApplicationContext.log Manager: undeploy: Undeploying web application at '/Opportunity'
07-Aug-2019 13:04:30.175 INFO [http-nio-8080-exec-1282] org.apache.catalina.core.ApplicationContext.log Manager: install: Installing context configuration at 'file:/C:/Users/PAULO~1.BEZ/AppData/Local/Temp/context5059274918567856588.xml'
07-Aug-2019 13:04:31.894 INFO [http-nio-8080-exec-1280] org.apache.catalina.core.ApplicationContext.log Manager: start: Starting web application '/Opportunity'
07-Aug-2019 13:05:53.305 INFO [http-nio-8080-exec-1293] org.apache.catalina.core.ApplicationContext.log Manager: list: Listing contexts for virtual host 'localhost'
07-Aug-2019 13:05:57.413 INFO [http-nio-8080-exec-1296] org.apache.catalina.core.ApplicationContext.log Manager: list: Listing contexts for virtual host 'localhost'
07-Aug-2019 13:05:57.414 INFO [http-nio-8080-exec-1291] org.apache.catalina.core.ApplicationContext.log Manager: list: Listing contexts for virtual host 'localhost'
07-Aug-2019 13:05:57.445 INFO [http-nio-8080-exec-1292] org.apache.catalina.core.ApplicationContext.log Manager: undeploy: Undeploying web application at '/Opportunity'
07-Aug-2019 13:06:00.136 INFO [http-nio-8080-exec-1294] org.apache.catalina.core.ApplicationContext.log Manager: install: Installing context configuration at 'file:/C:/Users/PAULO~1.BEZ/AppData/Local/Temp/context5059080481090972810.xml'
07-Aug-2019 13:06:04.585 INFO [http-nio-8080-exec-1293] org.apache.catalina.core.ApplicationContext.log Manager: start: Starting web application '/Opportunity'
07-Aug-2019 13:07:30.480 INFO [http-nio-8080-exec-1301] org.apache.catalina.core.ApplicationContext.log Manager: list: Listing contexts for virtual host 'localhost'
07-Aug-2019 13:07:43.581 INFO [http-nio-8080-exec-1306] org.apache.catalina.core.ApplicationContext.log Manager: list: Listing contexts for virtual host 'localhost'
07-Aug-2019 13:07:48.121 INFO [http-nio-8080-exec-1303] org.apache.catalina.core.ApplicationContext.log Manager: list: Listing contexts for virtual host 'localhost'
07-Aug-2019 13:07:48.123 INFO [http-nio-8080-exec-1304] org.apache.catalina.core.ApplicationContext.log Manager: list: Listing contexts for virtual host 'localhost'
07-Aug-2019 13:07:48.158 INFO [http-nio-8080-exec-1305] org.apache.catalina.core.ApplicationContext.log Manager: undeploy: Undeploying web application at '/Opportunity'
07-Aug-2019 13:07:49.811 INFO [http-nio-8080-exec-1301] org.apache.catalina.core.ApplicationContext.log Manager: install: Installing context configuration at 'file:/C:/Users/PAULO~1.BEZ/AppData/Local/Temp/context8210184181266674126.xml'
07-Aug-2019 13:07:51.983 INFO [http-nio-8080-exec-1306] org.apache.catalina.core.ApplicationContext.log Manager: start: Starting web application '/Opportunity'
07-Aug-2019 13:09:55.324 INFO [http-nio-8080-exec-1312] org.apache.catalina.core.ApplicationContext.log Manager: list: Listing contexts for virtual host 'localhost'
07-Aug-2019 13:09:55.911 INFO [http-nio-8080-exec-1313] org.apache.catalina.core.ApplicationContext.log Manager: restart: Reloading web application '/Opportunity'
07-Aug-2019 13:10:47.369 INFO [http-nio-8080-exec-1309] org.apache.catalina.core.ApplicationContext.log Manager: list: Listing contexts for virtual host 'localhost'
07-Aug-2019 13:10:47.383 INFO [http-nio-8080-exec-1310] org.apache.catalina.core.ApplicationContext.log Manager: undeploy: Undeploying web application at '/Opportunity'
07-Aug-2019 13:20:02.825 INFO [http-nio-8080-exec-1324] org.apache.catalina.core.ApplicationContext.log Manager: list: Listing contexts for virtual host 'localhost'
07-Aug-2019 13:20:07.776 INFO [http-nio-8080-exec-1329] org.apache.catalina.core.ApplicationContext.log Manager: list: Listing contexts for virtual host 'localhost'
07-Aug-2019 13:20:07.778 INFO [http-nio-8080-exec-1330] org.apache.catalina.core.ApplicationContext.log Manager: list: Listing contexts for virtual host 'localhost'
07-Aug-2019 13:20:07.885 INFO [http-nio-8080-exec-1322] org.apache.catalina.core.ApplicationContext.log Manager: install: Installing context configuration at 'file:/C:/Users/PAULO~1.BEZ/AppData/Local/Temp/context8762770420134441330.xml'
07-Aug-2019 13:20:14.036 INFO [http-nio-8080-exec-1321] org.apache.catalina.core.ApplicationContext.log Manager: start: Starting web application '/Opportunity'
07-Aug-2019 13:21:37.233 INFO [http-nio-8080-exec-1322] org.apache.catalina.core.ApplicationContext.log Manager: list: Listing contexts for virtual host 'localhost'
07-Aug-2019 13:21:42.290 INFO [http-nio-8080-exec-1325] org.apache.catalina.core.ApplicationContext.log Manager: list: Listing contexts for virtual host 'localhost'
07-Aug-2019 13:21:42.292 INFO [http-nio-8080-exec-1328] org.apache.catalina.core.ApplicationContext.log Manager: list: Listing contexts for virtual host 'localhost'
07-Aug-2019 13:21:42.319 INFO [http-nio-8080-exec-1324] org.apache.catalina.core.ApplicationContext.log Manager: undeploy: Undeploying web application at '/Opportunity'
07-Aug-2019 13:21:54.147 INFO [http-nio-8080-exec-1326] org.apache.catalina.core.ApplicationContext.log Manager: install: Installing context configuration at 'file:/C:/Users/PAULO~1.BEZ/AppData/Local/Temp/context8733099239586076993.xml'
07-Aug-2019 13:21:56.686 INFO [http-nio-8080-exec-1323] org.apache.catalina.core.ApplicationContext.log Manager: start: Starting web application '/Opportunity'
07-Aug-2019 13:22:53.878 INFO [http-nio-8080-exec-1321] org.apache.catalina.core.ApplicationContext.log Manager: list: Listing contexts for virtual host 'localhost'
07-Aug-2019 13:23:02.989 INFO [http-nio-8080-exec-1323] org.apache.catalina.core.ApplicationContext.log Manager: list: Listing contexts for virtual host 'localhost'
07-Aug-2019 13:23:02.992 INFO [http-nio-8080-exec-1322] org.apache.catalina.core.ApplicationContext.log Manager: list: Listing contexts for virtual host 'localhost'
07-Aug-2019 13:23:03.023 INFO [http-nio-8080-exec-1333] org.apache.catalina.core.ApplicationContext.log Manager: undeploy: Undeploying web application at '/Opportunity'
07-Aug-2019 13:23:04.843 INFO [http-nio-8080-exec-1322] org.apache.catalina.core.ApplicationContext.log Manager: install: Installing context configuration at 'file:/C:/Users/PAULO~1.BEZ/AppData/Local/Temp/context2200528599345774367.xml'
07-Aug-2019 13:23:07.293 INFO [http-nio-8080-exec-1337] org.apache.catalina.core.ApplicationContext.log Manager: start: Starting web application '/Opportunity'
07-Aug-2019 13:25:17.109 INFO [http-nio-8080-exec-1343] org.apache.catalina.core.ApplicationContext.log Manager: list: Listing contexts for virtual host 'localhost'
07-Aug-2019 13:25:42.187 INFO [http-nio-8080-exec-1347] org.apache.catalina.core.ApplicationContext.log Manager: list: Listing contexts for virtual host 'localhost'
07-Aug-2019 13:25:47.312 INFO [http-nio-8080-exec-1344] org.apache.catalina.core.ApplicationContext.log Manager: list: Listing contexts for virtual host 'localhost'
07-Aug-2019 13:25:47.312 INFO [http-nio-8080-exec-1345] org.apache.catalina.core.ApplicationContext.log Manager: list: Listing contexts for virtual host 'localhost'
07-Aug-2019 13:25:47.328 INFO [http-nio-8080-exec-1346] org.apache.catalina.core.ApplicationContext.log Manager: undeploy: Undeploying web application at '/Opportunity'
07-Aug-2019 13:25:50.656 INFO [http-nio-8080-exec-1339] org.apache.catalina.core.ApplicationContext.log Manager: install: Installing context configuration at 'file:/C:/Users/PAULO~1.BEZ/AppData/Local/Temp/context2434433449643075566.xml'
07-Aug-2019 13:25:55.834 INFO [http-nio-8080-exec-1342] org.apache.catalina.core.ApplicationContext.log Manager: start: Starting web application '/Opportunity'
07-Aug-2019 13:26:13.522 INFO [http-nio-8080-exec-1350] org.apache.catalina.core.ApplicationContext.log Manager: list: Listing contexts for virtual host 'localhost'
07-Aug-2019 13:26:18.750 INFO [http-nio-8080-exec-1343] org.apache.catalina.core.ApplicationContext.log Manager: list: Listing contexts for virtual host 'localhost'
07-Aug-2019 13:26:18.753 INFO [http-nio-8080-exec-1338] org.apache.catalina.core.ApplicationContext.log Manager: list: Listing contexts for virtual host 'localhost'
07-Aug-2019 13:26:18.782 INFO [http-nio-8080-exec-1350] org.apache.catalina.core.ApplicationContext.log Manager: undeploy: Undeploying web application at '/Opportunity'
07-Aug-2019 13:26:20.354 INFO [http-nio-8080-exec-1353] org.apache.catalina.core.ApplicationContext.log Manager: install: Installing context configuration at 'file:/C:/Users/PAULO~1.BEZ/AppData/Local/Temp/context5664310106895538361.xml'
07-Aug-2019 13:26:22.374 INFO [http-nio-8080-exec-1354] org.apache.catalina.core.ApplicationContext.log Manager: start: Starting web application '/Opportunity'
07-Aug-2019 13:26:42.904 INFO [http-nio-8080-exec-1343] org.apache.catalina.core.ApplicationContext.log Manager: list: Listing contexts for virtual host 'localhost'
07-Aug-2019 13:26:48.201 INFO [http-nio-8080-exec-1355] org.apache.catalina.core.ApplicationContext.log Manager: list: Listing contexts for virtual host 'localhost'
07-Aug-2019 13:26:48.201 INFO [http-nio-8080-exec-1356] org.apache.catalina.core.ApplicationContext.log Manager: list: Listing contexts for virtual host 'localhost'
07-Aug-2019 13:26:48.217 INFO [http-nio-8080-exec-1359] org.apache.catalina.core.ApplicationContext.log Manager: undeploy: Undeploying web application at '/Opportunity'
07-Aug-2019 13:26:49.639 INFO [http-nio-8080-exec-1348] org.apache.catalina.core.ApplicationContext.log Manager: install: Installing context configuration at 'file:/C:/Users/PAULO~1.BEZ/AppData/Local/Temp/context8875187387396923344.xml'
07-Aug-2019 13:26:51.499 INFO [http-nio-8080-exec-1358] org.apache.catalina.core.ApplicationContext.log Manager: start: Starting web application '/Opportunity'
07-Aug-2019 13:27:41.152 INFO [http-nio-8080-exec-1364] org.apache.catalina.core.ApplicationContext.log Manager: list: Listing contexts for virtual host 'localhost'
07-Aug-2019 13:27:41.164 INFO [http-nio-8080-exec-1355] org.apache.catalina.core.ApplicationContext.log Manager: undeploy: Undeploying web application at '/Opportunity'
07-Aug-2019 13:28:25.113 INFO [http-nio-8080-exec-1351] org.apache.catalina.core.ApplicationContext.log Manager: list: Listing contexts for virtual host 'localhost'
07-Aug-2019 13:28:35.560 INFO [http-nio-8080-exec-1366] org.apache.catalina.core.ApplicationContext.log Manager: list: Listing contexts for virtual host 'localhost'
07-Aug-2019 13:28:45.534 INFO [http-nio-8080-exec-1371] org.apache.catalina.core.ApplicationContext.log Manager: list: Listing contexts for virtual host 'localhost'
07-Aug-2019 16:53:14.607 INFO [http-nio-8080-exec-1372] org.apache.catalina.core.ApplicationContext.log Manager: list: Listing contexts for virtual host 'localhost'
07-Aug-2019 16:53:51.416 INFO [http-nio-8080-exec-1373] org.apache.catalina.core.ApplicationContext.log Manager: list: Listing contexts for virtual host 'localhost'
07-Aug-2019 16:54:11.494 INFO [http-nio-8080-exec-1375] org.apache.catalina.core.ApplicationContext.log Manager: list: Listing contexts for virtual host 'localhost'
07-Aug-2019 16:54:46.462 INFO [http-nio-8080-exec-1372] org.apache.catalina.core.ApplicationContext.log Manager: list: Listing contexts for virtual host 'localhost'
07-Aug-2019 16:55:07.244 INFO [http-nio-8080-exec-1377] org.apache.catalina.core.ApplicationContext.log Manager: list: Listing contexts for virtual host 'localhost'
07-Aug-2019 16:55:07.244 INFO [http-nio-8080-exec-1373] org.apache.catalina.core.ApplicationContext.log Manager: list: Listing contexts for virtual host 'localhost'
07-Aug-2019 16:55:07.400 INFO [http-nio-8080-exec-1370] org.apache.catalina.core.ApplicationContext.log Manager: install: Installing context configuration at 'file:/C:/Users/PAULO~1.BEZ/AppData/Local/Temp/context6062812492040142683.xml'
07-Aug-2019 16:55:14.738 INFO [http-nio-8080-exec-1371] org.apache.catalina.core.ApplicationContext.log Manager: start: Starting web application '/Opportunity'
07-Aug-2019 16:56:01.115 INFO [http-nio-8080-exec-1370] org.apache.catalina.core.ApplicationContext.log Manager: list: Listing contexts for virtual host 'localhost'
07-Aug-2019 16:56:01.460 INFO [http-nio-8080-exec-1371] org.apache.catalina.core.ApplicationContext.log Manager: restart: Reloading web application '/Opportunity'
07-Aug-2019 16:56:43.395 INFO [http-nio-8080-exec-1369] org.apache.catalina.core.ApplicationContext.log Manager: list: Listing contexts for virtual host 'localhost'
07-Aug-2019 16:56:43.791 INFO [http-nio-8080-exec-1368] org.apache.catalina.core.ApplicationContext.log Manager: restart: Reloading web application '/Opportunity'
07-Aug-2019 16:59:05.064 INFO [http-nio-8080-exec-1380] org.apache.catalina.core.ApplicationContext.log Manager: list: Listing contexts for virtual host 'localhost'
07-Aug-2019 16:59:05.754 INFO [http-nio-8080-exec-1389] org.apache.catalina.core.ApplicationContext.log Manager: restart: Reloading web application '/Opportunity'
07-Aug-2019 16:59:29.214 INFO [http-nio-8080-exec-1387] org.apache.catalina.core.ApplicationContext.log Manager: list: Listing contexts for virtual host 'localhost'
07-Aug-2019 16:59:29.241 INFO [http-nio-8080-exec-1388] org.apache.catalina.core.ApplicationContext.log Manager: undeploy: Undeploying web application at '/Opportunity'
07-Aug-2019 17:03:30.508 INFO [http-nio-8080-exec-1395] org.apache.catalina.core.ApplicationContext.log Manager: list: Listing contexts for virtual host 'localhost'
07-Aug-2019 17:03:34.234 INFO [http-nio-8080-exec-1383] org.apache.catalina.core.ApplicationContext.log Manager: list: Listing contexts for virtual host 'localhost'
07-Aug-2019 17:03:34.236 INFO [http-nio-8080-exec-1382] org.apache.catalina.core.ApplicationContext.log Manager: list: Listing contexts for virtual host 'localhost'
07-Aug-2019 17:03:34.381 INFO [http-nio-8080-exec-1387] org.apache.catalina.core.ApplicationContext.log Manager: install: Installing context configuration at 'file:/C:/Users/PAULO~1.BEZ/AppData/Local/Temp/context7592739009006332629.xml'
07-Aug-2019 17:03:36.655 INFO [http-nio-8080-exec-1397] org.apache.catalina.core.ApplicationContext.log Manager: start: Starting web application '/Opportunity'
07-Aug-2019 17:05:26.294 INFO [http-nio-8080-exec-1399] org.apache.catalina.core.ApplicationContext.log Manager: list: Listing contexts for virtual host 'localhost'
07-Aug-2019 17:05:26.587 INFO [http-nio-8080-exec-1400] org.apache.catalina.core.ApplicationContext.log Manager: restart: Reloading web application '/Opportunity'
07-Aug-2019 17:06:40.718 INFO [http-nio-8080-exec-9] org.apache.catalina.core.ApplicationContext.log Manager: init: Associated with Deployer 'Catalina:type=Deployer,host=localhost'
07-Aug-2019 17:06:40.718 INFO [http-nio-8080-exec-9] org.apache.catalina.core.ApplicationContext.log Manager: init: Global resources are available
07-Aug-2019 17:06:40.718 INFO [http-nio-8080-exec-9] org.apache.catalina.core.ApplicationContext.log Manager: list: Listing contexts for virtual host 'localhost'
07-Aug-2019 17:06:40.721 INFO [http-nio-8080-exec-10] org.apache.catalina.core.ApplicationContext.log Manager: list: Listing contexts for virtual host 'localhost'
07-Aug-2019 17:06:40.744 INFO [http-nio-8080-exec-1] org.apache.catalina.core.ApplicationContext.log Manager: undeploy: Undeploying web application at '/Opportunity'
07-Aug-2019 17:06:41.483 INFO [http-nio-8080-exec-6] org.apache.catalina.core.ApplicationContext.log Manager: install: Installing context configuration at 'file:/C:/Users/PAULO~1.BEZ/AppData/Local/Temp/context3675070688758368790.xml'
07-Aug-2019 17:06:43.485 INFO [http-nio-8080-exec-10] org.apache.catalina.core.ApplicationContext.log Manager: start: Starting web application '/Opportunity'
07-Aug-2019 17:07:58.101 INFO [http-nio-8080-exec-12] org.apache.catalina.core.ApplicationContext.log Manager: list: Listing contexts for virtual host 'localhost'
07-Aug-2019 17:07:58.384 INFO [http-nio-8080-exec-17] org.apache.catalina.core.ApplicationContext.log Manager: restart: Reloading web application '/Opportunity'
07-Aug-2019 18:11:00.110 INFO [http-nio-8080-exec-27] org.apache.catalina.core.ApplicationContext.log Manager: list: Listing contexts for virtual host 'localhost'
07-Aug-2019 18:11:53.472 INFO [http-nio-8080-exec-23] org.apache.catalina.core.ApplicationContext.log Manager: list: Listing contexts for virtual host 'localhost'
07-Aug-2019 18:12:01.922 INFO [http-nio-8080-exec-29] org.apache.catalina.core.ApplicationContext.log Manager: list: Listing contexts for virtual host 'localhost'
07-Aug-2019 18:12:02.172 INFO [http-nio-8080-exec-20] org.apache.catalina.core.ApplicationContext.log Manager: restart: Reloading web application '/Opportunity'
07-Aug-2019 18:17:47.805 INFO [http-nio-8080-exec-35] org.apache.catalina.core.ApplicationContext.log Manager: list: Listing contexts for virtual host 'localhost'
07-Aug-2019 18:17:48.110 INFO [http-nio-8080-exec-36] org.apache.catalina.core.ApplicationContext.log Manager: restart: Reloading web application '/Opportunity'
07-Aug-2019 18:20:56.389 INFO [http-nio-8080-exec-41] org.apache.catalina.core.ApplicationContext.log Manager: list: Listing contexts for virtual host 'localhost'
07-Aug-2019 18:21:02.133 INFO [http-nio-8080-exec-38] org.apache.catalina.core.ApplicationContext.log Manager: list: Listing contexts for virtual host 'localhost'
07-Aug-2019 18:21:02.135 INFO [http-nio-8080-exec-39] org.apache.catalina.core.ApplicationContext.log Manager: list: Listing contexts for virtual host 'localhost'
07-Aug-2019 18:21:02.183 INFO [http-nio-8080-exec-40] org.apache.catalina.core.ApplicationContext.log Manager: undeploy: Undeploying web application at '/Opportunity'
07-Aug-2019 18:21:03.087 INFO [http-nio-8080-exec-25] org.apache.catalina.core.ApplicationContext.log Manager: install: Installing context configuration at 'file:/C:/Users/PAULO~1.BEZ/AppData/Local/Temp/context3903133883950695659.xml'
07-Aug-2019 18:21:04.980 INFO [http-nio-8080-exec-39] org.apache.catalina.core.ApplicationContext.log Manager: start: Starting web application '/Opportunity'
07-Aug-2019 18:21:56.524 INFO [http-nio-8080-exec-51] org.apache.catalina.core.ApplicationContext.log Manager: list: Listing contexts for virtual host 'localhost'
07-Aug-2019 18:21:56.759 INFO [http-nio-8080-exec-45] org.apache.catalina.core.ApplicationContext.log Manager: restart: Reloading web application '/Opportunity'
07-Aug-2019 18:24:14.576 INFO [http-nio-8080-exec-59] org.apache.catalina.core.ApplicationContext.log Manager: list: Listing contexts for virtual host 'localhost'
07-Aug-2019 18:24:14.842 INFO [http-nio-8080-exec-63] org.apache.catalina.core.ApplicationContext.log Manager: restart: Reloading web application '/Opportunity'
07-Aug-2019 18:24:26.073 INFO [http-nio-8080-exec-56] org.apache.catalina.core.ApplicationContext.log Manager: list: Listing contexts for virtual host 'localhost'
07-Aug-2019 18:24:26.088 INFO [http-nio-8080-exec-58] org.apache.catalina.core.ApplicationContext.log Manager: undeploy: Undeploying web application at '/Opportunity'
07-Aug-2019 18:31:17.015 INFO [http-nio-8080-exec-69] org.apache.catalina.core.ApplicationContext.log Manager: list: Listing contexts for virtual host 'localhost'
07-Aug-2019 20:00:33.027 INFO [http-nio-8080-exec-67] org.apache.catalina.core.ApplicationContext.log Manager: list: Listing contexts for virtual host 'localhost'
07-Aug-2019 20:01:01.110 INFO [http-nio-8080-exec-75] org.apache.catalina.core.ApplicationContext.log Manager: list: Listing contexts for virtual host 'localhost'
07-Aug-2019 20:01:11.360 INFO [http-nio-8080-exec-67] org.apache.catalina.core.ApplicationContext.log Manager: list: Listing contexts for virtual host 'localhost'
07-Aug-2019 20:01:56.196 INFO [http-nio-8080-exec-75] org.apache.catalina.core.ApplicationContext.log Manager: list: Listing contexts for virtual host 'localhost'
07-Aug-2019 20:02:19.749 INFO [http-nio-8080-exec-73] org.apache.catalina.core.ApplicationContext.log Manager: list: Listing contexts for virtual host 'localhost'
07-Aug-2019 20:02:19.876 INFO [http-nio-8080-exec-69] org.apache.catalina.core.ApplicationContext.log Manager: list: Listing contexts for virtual host 'localhost'
07-Aug-2019 20:02:49.709 INFO [http-nio-8080-exec-71] org.apache.catalina.core.ApplicationContext.log Manager: list: Listing contexts for virtual host 'localhost'
07-Aug-2019 20:02:52.107 INFO [http-nio-8080-exec-67] org.apache.catalina.core.ApplicationContext.log Manager: list: Listing contexts for virtual host 'localhost'
