29-Jul-2019 12:44:34.735 INFO [http-nio-8080-exec-1141] org.apache.catalina.core.ApplicationContext.log Manager: list: Listing contexts for virtual host 'localhost'
29-Jul-2019 12:44:40.786 INFO [http-nio-8080-exec-1147] org.apache.catalina.core.ApplicationContext.log Manager: list: Listing contexts for virtual host 'localhost'
29-Jul-2019 12:44:40.791 INFO [http-nio-8080-exec-1140] org.apache.catalina.core.ApplicationContext.log Manager: list: Listing contexts for virtual host 'localhost'
29-Jul-2019 12:44:40.964 INFO [http-nio-8080-exec-1138] org.apache.catalina.core.ApplicationContext.log Manager: install: Installing context configuration at 'file:/C:/Users/PAULO~1.BEZ/AppData/Local/Temp/context9177899698591881781.xml'
29-Jul-2019 12:44:49.086 INFO [http-nio-8080-exec-1139] org.apache.catalina.core.ApplicationContext.log Manager: start: Starting web application '/Opportunity'
29-Jul-2019 12:45:40.064 INFO [http-nio-8080-exec-1146] org.apache.catalina.core.ApplicationContext.log Manager: list: Listing contexts for virtual host 'localhost'
29-Jul-2019 12:46:05.889 INFO [http-nio-8080-exec-1138] org.apache.catalina.core.ApplicationContext.log Manager: list: Listing contexts for virtual host 'localhost'
29-Jul-2019 12:46:50.233 INFO [http-nio-8080-exec-1144] org.apache.catalina.core.ApplicationContext.log Manager: list: Listing contexts for virtual host 'localhost'
29-Jul-2019 12:47:20.450 INFO [http-nio-8080-exec-1140] org.apache.catalina.core.ApplicationContext.log Manager: list: Listing contexts for virtual host 'localhost'
29-Jul-2019 12:47:33.410 INFO [http-nio-8080-exec-1142] org.apache.catalina.core.ApplicationContext.log Manager: list: Listing contexts for virtual host 'localhost'
29-Jul-2019 12:47:41.988 INFO [http-nio-8080-exec-1142] org.apache.catalina.core.ApplicationContext.log Manager: list: Listing contexts for virtual host 'localhost'
29-Jul-2019 12:47:47.328 INFO [http-nio-8080-exec-1142] org.apache.catalina.core.ApplicationContext.log Manager: list: Listing contexts for virtual host 'localhost'
29-Jul-2019 12:47:57.377 INFO [http-nio-8080-exec-1138] org.apache.catalina.core.ApplicationContext.log Manager: list: Listing contexts for virtual host 'localhost'
29-Jul-2019 12:48:24.825 INFO [http-nio-8080-exec-1144] org.apache.catalina.core.ApplicationContext.log Manager: list: Listing contexts for virtual host 'localhost'
29-Jul-2019 12:48:40.722 INFO [http-nio-8080-exec-1144] org.apache.catalina.core.ApplicationContext.log Manager: list: Listing contexts for virtual host 'localhost'
29-Jul-2019 12:49:06.192 INFO [http-nio-8080-exec-1144] org.apache.catalina.core.ApplicationContext.log Manager: list: Listing contexts for virtual host 'localhost'
29-Jul-2019 12:49:19.542 INFO [http-nio-8080-exec-1143] org.apache.catalina.core.ApplicationContext.log Manager: list: Listing contexts for virtual host 'localhost'
29-Jul-2019 12:49:25.462 INFO [http-nio-8080-exec-1146] org.apache.catalina.core.ApplicationContext.log Manager: list: Listing contexts for virtual host 'localhost'
29-Jul-2019 12:49:33.414 INFO [http-nio-8080-exec-1138] org.apache.catalina.core.ApplicationContext.log Manager: list: Listing contexts for virtual host 'localhost'
29-Jul-2019 12:49:42.207 INFO [http-nio-8080-exec-1144] org.apache.catalina.core.ApplicationContext.log Manager: list: Listing contexts for virtual host 'localhost'
29-Jul-2019 18:21:07.930 INFO [http-nio-8080-exec-1140] org.apache.catalina.core.ApplicationContext.log Manager: list: Listing contexts for virtual host 'localhost'
29-Jul-2019 18:21:08.824 INFO [http-nio-8080-exec-1142] org.apache.catalina.core.ApplicationContext.log Manager: restart: Reloading web application '/Opportunity'
29-Jul-2019 18:21:46.435 INFO [http-nio-8080-exec-1141] org.apache.catalina.core.ApplicationContext.log Manager: list: Listing contexts for virtual host 'localhost'
29-Jul-2019 18:21:47.159 INFO [http-nio-8080-exec-1147] org.apache.catalina.core.ApplicationContext.log Manager: restart: Reloading web application '/Opportunity'
29-Jul-2019 18:21:51.848 INFO [http-nio-8080-exec-1138] org.apache.catalina.core.ApplicationContext.log Manager: list: Listing contexts for virtual host 'localhost'
29-Jul-2019 18:21:52.370 INFO [http-nio-8080-exec-1145] org.apache.catalina.core.ApplicationContext.log Manager: restart: Reloading web application '/Opportunity'
29-Jul-2019 18:21:54.330 INFO [http-nio-8080-exec-1138] org.apache.catalina.core.ApplicationContext.log Manager: list: Listing contexts for virtual host 'localhost'
29-Jul-2019 18:21:54.789 INFO [http-nio-8080-exec-1139] org.apache.catalina.core.ApplicationContext.log Manager: restart: Reloading web application '/Opportunity'
29-Jul-2019 18:22:41.149 INFO [http-nio-8080-exec-1148] org.apache.catalina.core.ApplicationContext.log Manager: list: Listing contexts for virtual host 'localhost'
29-Jul-2019 18:22:41.380 INFO [http-nio-8080-exec-1146] org.apache.catalina.core.ApplicationContext.log Manager: restart: Reloading web application '/Opportunity'
29-Jul-2019 18:22:43.378 INFO [http-nio-8080-exec-1149] org.apache.catalina.core.ApplicationContext.log Manager: list: Listing contexts for virtual host 'localhost'
29-Jul-2019 18:22:43.606 INFO [http-nio-8080-exec-1143] org.apache.catalina.core.ApplicationContext.log Manager: restart: Reloading web application '/Opportunity'
29-Jul-2019 18:23:04.803 INFO [http-nio-8080-exec-1153] org.apache.catalina.core.ApplicationContext.log Manager: list: Listing contexts for virtual host 'localhost'
29-Jul-2019 18:23:05.045 INFO [http-nio-8080-exec-1141] org.apache.catalina.core.ApplicationContext.log Manager: restart: Reloading web application '/Opportunity'
29-Jul-2019 18:23:07.228 INFO [http-nio-8080-exec-1157] org.apache.catalina.core.ApplicationContext.log Manager: list: Listing contexts for virtual host 'localhost'
29-Jul-2019 18:23:07.449 INFO [http-nio-8080-exec-1148] org.apache.catalina.core.ApplicationContext.log Manager: restart: Reloading web application '/Opportunity'
29-Jul-2019 18:23:24.552 INFO [http-nio-8080-exec-1157] org.apache.catalina.core.ApplicationContext.log Manager: list: Listing contexts for virtual host 'localhost'
29-Jul-2019 18:23:24.785 INFO [http-nio-8080-exec-1155] org.apache.catalina.core.ApplicationContext.log Manager: restart: Reloading web application '/Opportunity'
29-Jul-2019 18:23:26.840 INFO [http-nio-8080-exec-1160] org.apache.catalina.core.ApplicationContext.log Manager: list: Listing contexts for virtual host 'localhost'
29-Jul-2019 18:23:27.077 INFO [http-nio-8080-exec-1157] org.apache.catalina.core.ApplicationContext.log Manager: restart: Reloading web application '/Opportunity'
29-Jul-2019 18:23:41.505 INFO [http-nio-8080-exec-1160] org.apache.catalina.core.ApplicationContext.log Manager: list: Listing contexts for virtual host 'localhost'
29-Jul-2019 18:23:41.726 INFO [http-nio-8080-exec-1158] org.apache.catalina.core.ApplicationContext.log Manager: restart: Reloading web application '/Opportunity'
29-Jul-2019 18:23:43.685 INFO [http-nio-8080-exec-1166] org.apache.catalina.core.ApplicationContext.log Manager: list: Listing contexts for virtual host 'localhost'
29-Jul-2019 18:23:43.921 INFO [http-nio-8080-exec-1160] org.apache.catalina.core.ApplicationContext.log Manager: restart: Reloading web application '/Opportunity'
29-Jul-2019 18:24:02.283 INFO [http-nio-8080-exec-1156] org.apache.catalina.core.ApplicationContext.log Manager: list: Listing contexts for virtual host 'localhost'
29-Jul-2019 18:24:02.503 INFO [http-nio-8080-exec-1153] org.apache.catalina.core.ApplicationContext.log Manager: restart: Reloading web application '/Opportunity'
29-Jul-2019 18:24:04.329 INFO [http-nio-8080-exec-1156] org.apache.catalina.core.ApplicationContext.log Manager: list: Listing contexts for virtual host 'localhost'
29-Jul-2019 18:24:04.555 INFO [http-nio-8080-exec-1169] org.apache.catalina.core.ApplicationContext.log Manager: restart: Reloading web application '/Opportunity'
29-Jul-2019 18:26:16.104 INFO [http-nio-8080-exec-1175] org.apache.catalina.core.ApplicationContext.log Manager: list: Listing contexts for virtual host 'localhost'
29-Jul-2019 18:26:16.344 INFO [http-nio-8080-exec-1165] org.apache.catalina.core.ApplicationContext.log Manager: restart: Reloading web application '/Opportunity'
29-Jul-2019 18:26:18.635 INFO [http-nio-8080-exec-1172] org.apache.catalina.core.ApplicationContext.log Manager: list: Listing contexts for virtual host 'localhost'
29-Jul-2019 18:26:18.917 INFO [http-nio-8080-exec-1174] org.apache.catalina.core.ApplicationContext.log Manager: restart: Reloading web application '/Opportunity'
29-Jul-2019 18:26:29.869 INFO [http-nio-8080-exec-1177] org.apache.catalina.core.ApplicationContext.log Manager: list: Listing contexts for virtual host 'localhost'
29-Jul-2019 18:26:30.161 INFO [http-nio-8080-exec-1167] org.apache.catalina.core.ApplicationContext.log Manager: restart: Reloading web application '/Opportunity'
29-Jul-2019 18:26:32.019 INFO [http-nio-8080-exec-1172] org.apache.catalina.core.ApplicationContext.log Manager: list: Listing contexts for virtual host 'localhost'
29-Jul-2019 18:26:32.307 INFO [http-nio-8080-exec-1176] org.apache.catalina.core.ApplicationContext.log Manager: restart: Reloading web application '/Opportunity'
29-Jul-2019 18:26:54.021 INFO [http-nio-8080-exec-1181] org.apache.catalina.core.ApplicationContext.log Manager: list: Listing contexts for virtual host 'localhost'
29-Jul-2019 18:26:54.293 INFO [http-nio-8080-exec-1179] org.apache.catalina.core.ApplicationContext.log Manager: restart: Reloading web application '/Opportunity'
29-Jul-2019 18:26:56.200 INFO [http-nio-8080-exec-1185] org.apache.catalina.core.ApplicationContext.log Manager: list: Listing contexts for virtual host 'localhost'
29-Jul-2019 18:26:56.540 INFO [http-nio-8080-exec-1177] org.apache.catalina.core.ApplicationContext.log Manager: restart: Reloading web application '/Opportunity'
29-Jul-2019 18:27:18.926 INFO [http-nio-8080-exec-1187] org.apache.catalina.core.ApplicationContext.log Manager: list: Listing contexts for virtual host 'localhost'
29-Jul-2019 18:27:19.143 INFO [http-nio-8080-exec-1154] org.apache.catalina.core.ApplicationContext.log Manager: restart: Reloading web application '/Opportunity'
29-Jul-2019 18:27:21.147 INFO [http-nio-8080-exec-1186] org.apache.catalina.core.ApplicationContext.log Manager: list: Listing contexts for virtual host 'localhost'
29-Jul-2019 18:27:21.400 INFO [http-nio-8080-exec-1188] org.apache.catalina.core.ApplicationContext.log Manager: restart: Reloading web application '/Opportunity'
29-Jul-2019 18:27:31.742 INFO [http-nio-8080-exec-1181] org.apache.catalina.core.ApplicationContext.log Manager: list: Listing contexts for virtual host 'localhost'
29-Jul-2019 18:27:31.992 INFO [http-nio-8080-exec-1180] org.apache.catalina.core.ApplicationContext.log Manager: restart: Reloading web application '/Opportunity'
29-Jul-2019 18:27:34.069 INFO [http-nio-8080-exec-1191] org.apache.catalina.core.ApplicationContext.log Manager: list: Listing contexts for virtual host 'localhost'
29-Jul-2019 18:27:34.336 INFO [http-nio-8080-exec-1190] org.apache.catalina.core.ApplicationContext.log Manager: restart: Reloading web application '/Opportunity'
29-Jul-2019 18:27:43.939 INFO [http-nio-8080-exec-1193] org.apache.catalina.core.ApplicationContext.log Manager: list: Listing contexts for virtual host 'localhost'
29-Jul-2019 18:27:44.190 INFO [http-nio-8080-exec-1189] org.apache.catalina.core.ApplicationContext.log Manager: restart: Reloading web application '/Opportunity'
29-Jul-2019 18:27:46.158 INFO [http-nio-8080-exec-1172] org.apache.catalina.core.ApplicationContext.log Manager: list: Listing contexts for virtual host 'localhost'
29-Jul-2019 18:27:46.399 INFO [http-nio-8080-exec-1191] org.apache.catalina.core.ApplicationContext.log Manager: restart: Reloading web application '/Opportunity'
29-Jul-2019 18:27:57.805 INFO [http-nio-8080-exec-1185] org.apache.catalina.core.ApplicationContext.log Manager: list: Listing contexts for virtual host 'localhost'
29-Jul-2019 18:27:58.017 INFO [http-nio-8080-exec-1181] org.apache.catalina.core.ApplicationContext.log Manager: restart: Reloading web application '/Opportunity'
29-Jul-2019 18:27:59.972 INFO [http-nio-8080-exec-1199] org.apache.catalina.core.ApplicationContext.log Manager: list: Listing contexts for virtual host 'localhost'
29-Jul-2019 18:28:00.251 INFO [http-nio-8080-exec-1201] org.apache.catalina.core.ApplicationContext.log Manager: restart: Reloading web application '/Opportunity'
29-Jul-2019 18:28:16.005 INFO [http-nio-8080-exec-1203] org.apache.catalina.core.ApplicationContext.log Manager: list: Listing contexts for virtual host 'localhost'
29-Jul-2019 18:28:16.223 INFO [http-nio-8080-exec-1196] org.apache.catalina.core.ApplicationContext.log Manager: restart: Reloading web application '/Opportunity'
29-Jul-2019 18:28:18.381 INFO [http-nio-8080-exec-1172] org.apache.catalina.core.ApplicationContext.log Manager: list: Listing contexts for virtual host 'localhost'
29-Jul-2019 18:28:18.641 INFO [http-nio-8080-exec-1203] org.apache.catalina.core.ApplicationContext.log Manager: restart: Reloading web application '/Opportunity'
29-Jul-2019 18:28:54.772 INFO [http-nio-8080-exec-1185] org.apache.catalina.core.ApplicationContext.log Manager: list: Listing contexts for virtual host 'localhost'
29-Jul-2019 18:28:55.096 INFO [http-nio-8080-exec-1200] org.apache.catalina.core.ApplicationContext.log Manager: restart: Reloading web application '/Opportunity'
29-Jul-2019 18:28:57.202 INFO [http-nio-8080-exec-1206] org.apache.catalina.core.ApplicationContext.log Manager: list: Listing contexts for virtual host 'localhost'
29-Jul-2019 18:28:57.448 INFO [http-nio-8080-exec-1185] org.apache.catalina.core.ApplicationContext.log Manager: restart: Reloading web application '/Opportunity'
29-Jul-2019 18:29:08.377 INFO [http-nio-8080-exec-1198] org.apache.catalina.core.ApplicationContext.log Manager: list: Listing contexts for virtual host 'localhost'
29-Jul-2019 18:29:08.655 INFO [http-nio-8080-exec-1204] org.apache.catalina.core.ApplicationContext.log Manager: restart: Reloading web application '/Opportunity'
29-Jul-2019 18:29:10.481 INFO [http-nio-8080-exec-1213] org.apache.catalina.core.ApplicationContext.log Manager: list: Listing contexts for virtual host 'localhost'
29-Jul-2019 18:29:10.742 INFO [http-nio-8080-exec-1208] org.apache.catalina.core.ApplicationContext.log Manager: restart: Reloading web application '/Opportunity'
29-Jul-2019 18:29:16.972 INFO [http-nio-8080-exec-1212] org.apache.catalina.core.ApplicationContext.log Manager: list: Listing contexts for virtual host 'localhost'
29-Jul-2019 18:29:16.990 INFO [http-nio-8080-exec-1214] org.apache.catalina.core.ApplicationContext.log Manager: undeploy: Undeploying web application at '/Opportunity'
29-Jul-2019 18:29:44.949 INFO [http-nio-8080-exec-1213] org.apache.catalina.core.ApplicationContext.log Manager: list: Listing contexts for virtual host 'localhost'
29-Jul-2019 18:42:14.251 INFO [http-nio-8080-exec-1221] org.apache.catalina.core.ApplicationContext.log Manager: list: Listing contexts for virtual host 'localhost'
29-Jul-2019 18:42:14.254 INFO [http-nio-8080-exec-1222] org.apache.catalina.core.ApplicationContext.log Manager: list: Listing contexts for virtual host 'localhost'
29-Jul-2019 18:42:14.664 INFO [http-nio-8080-exec-1223] org.apache.catalina.core.ApplicationContext.log Manager: install: Installing context configuration at 'file:/C:/Users/PAULO~1.BEZ/AppData/Local/Temp/context1041938638818943770.xml'
29-Jul-2019 18:42:20.168 INFO [http-nio-8080-exec-1224] org.apache.catalina.core.ApplicationContext.log Manager: start: Starting web application '/Opportunity'
29-Jul-2019 18:45:17.718 INFO [http-nio-8080-exec-1220] org.apache.catalina.core.ApplicationContext.log Manager: list: Listing contexts for virtual host 'localhost'
29-Jul-2019 18:45:53.710 INFO [http-nio-8080-exec-1223] org.apache.catalina.core.ApplicationContext.log Manager: list: Listing contexts for virtual host 'localhost'
29-Jul-2019 18:45:53.713 INFO [http-nio-8080-exec-1226] org.apache.catalina.core.ApplicationContext.log Manager: list: Listing contexts for virtual host 'localhost'
29-Jul-2019 18:45:53.739 INFO [http-nio-8080-exec-1222] org.apache.catalina.core.ApplicationContext.log Manager: undeploy: Undeploying web application at '/Opportunity'
29-Jul-2019 18:46:04.422 INFO [http-nio-8080-exec-1221] org.apache.catalina.core.ApplicationContext.log Manager: install: Installing context configuration at 'file:/C:/Users/PAULO~1.BEZ/AppData/Local/Temp/context5141593623609676407.xml'
29-Jul-2019 18:46:06.102 INFO [http-nio-8080-exec-1226] org.apache.catalina.core.ApplicationContext.log Manager: start: Starting web application '/Opportunity'
29-Jul-2019 18:47:50.672 INFO [http-nio-8080-exec-1231] org.apache.catalina.core.ApplicationContext.log Manager: list: Listing contexts for virtual host 'localhost'
29-Jul-2019 18:47:50.686 INFO [http-nio-8080-exec-1227] org.apache.catalina.core.ApplicationContext.log Manager: undeploy: Undeploying web application at '/Opportunity'
29-Jul-2019 18:50:39.299 INFO [http-nio-8080-exec-1229] org.apache.catalina.core.ApplicationContext.log Manager: list: Listing contexts for virtual host 'localhost'
29-Jul-2019 18:50:39.312 INFO [http-nio-8080-exec-1230] org.apache.catalina.core.ApplicationContext.log Manager: list: Listing contexts for virtual host 'localhost'
29-Jul-2019 18:50:39.463 INFO [http-nio-8080-exec-1232] org.apache.catalina.core.ApplicationContext.log Manager: install: Installing context configuration at 'file:/C:/Users/PAULO~1.BEZ/AppData/Local/Temp/context1783426400408896148.xml'
29-Jul-2019 18:50:41.811 INFO [http-nio-8080-exec-1231] org.apache.catalina.core.ApplicationContext.log Manager: start: Starting web application '/Opportunity'
29-Jul-2019 18:53:00.272 INFO [http-nio-8080-exec-1238] org.apache.catalina.core.ApplicationContext.log Manager: list: Listing contexts for virtual host 'localhost'
