05-Jul-2019 11:02:15.703 INFO [http-nio-8080-exec-1226] org.apache.catalina.core.ApplicationContext.log Manager: list: Listing contexts for virtual host 'localhost'
05-Jul-2019 11:02:15.831 INFO [http-nio-8080-exec-1231] org.apache.catalina.core.ApplicationContext.log Manager: list: Listing contexts for virtual host 'localhost'
05-Jul-2019 11:02:16.303 INFO [http-nio-8080-exec-1225] org.apache.catalina.core.ApplicationContext.log Manager: list: Listing contexts for virtual host 'localhost'
05-Jul-2019 11:02:16.852 INFO [http-nio-8080-exec-1227] org.apache.catalina.core.ApplicationContext.log Manager: list: Listing contexts for virtual host 'localhost'
05-Jul-2019 11:02:17.346 INFO [http-nio-8080-exec-1230] org.apache.catalina.core.ApplicationContext.log Manager: list: Listing contexts for virtual host 'localhost'
05-Jul-2019 11:02:17.802 INFO [http-nio-8080-exec-1224] org.apache.catalina.core.ApplicationContext.log Manager: list: Listing contexts for virtual host 'localhost'
05-Jul-2019 11:02:18.334 INFO [http-nio-8080-exec-1226] org.apache.catalina.core.ApplicationContext.log Manager: list: Listing contexts for virtual host 'localhost'
05-Jul-2019 11:02:22.563 INFO [http-nio-8080-exec-1224] org.apache.catalina.core.ApplicationContext.log Manager: list: Listing contexts for virtual host 'localhost'
05-Jul-2019 11:02:40.842 INFO [http-nio-8080-exec-1228] org.apache.catalina.core.ApplicationContext.log Manager: list: Listing contexts for virtual host 'localhost'
05-Jul-2019 11:03:47.101 INFO [http-nio-8080-exec-1224] org.apache.catalina.core.ApplicationContext.log Manager: list: Listing contexts for virtual host 'localhost'
05-Jul-2019 11:06:48.748 INFO [http-nio-8080-exec-1231] org.apache.catalina.core.ApplicationContext.log Manager: list: Listing contexts for virtual host 'localhost'
05-Jul-2019 11:06:55.656 INFO [http-nio-8080-exec-1227] org.apache.catalina.core.ApplicationContext.log Manager: list: Listing contexts for virtual host 'localhost'
05-Jul-2019 11:06:55.660 INFO [http-nio-8080-exec-1228] org.apache.catalina.core.ApplicationContext.log Manager: list: Listing contexts for virtual host 'localhost'
05-Jul-2019 11:06:55.769 INFO [http-nio-8080-exec-1229] org.apache.catalina.core.ApplicationContext.log Manager: install: Installing context configuration at 'file:/C:/Users/PAULO~1.BEZ/AppData/Local/Temp/context8167636670783635557.xml'
05-Jul-2019 11:07:07.720 INFO [http-nio-8080-exec-1230] org.apache.catalina.core.ApplicationContext.log Manager: start: Starting web application '/Opportunity'
05-Jul-2019 11:37:09.358 INFO [http-nio-8080-exec-1226] org.apache.catalina.core.ApplicationContext.log Manager: list: Listing contexts for virtual host 'localhost'
05-Jul-2019 11:37:15.684 INFO [http-nio-8080-exec-1232] org.apache.catalina.core.ApplicationContext.log Manager: list: Listing contexts for virtual host 'localhost'
05-Jul-2019 11:39:07.256 INFO [http-nio-8080-exec-1229] org.apache.catalina.core.ApplicationContext.log Manager: list: Listing contexts for virtual host 'localhost'
05-Jul-2019 11:39:31.961 INFO [http-nio-8080-exec-1225] org.apache.catalina.core.ApplicationContext.log Manager: list: Listing contexts for virtual host 'localhost'
05-Jul-2019 11:39:59.413 INFO [http-nio-8080-exec-1230] org.apache.catalina.core.ApplicationContext.log Manager: list: Listing contexts for virtual host 'localhost'
05-Jul-2019 11:40:20.372 INFO [http-nio-8080-exec-1230] org.apache.catalina.core.ApplicationContext.log Manager: list: Listing contexts for virtual host 'localhost'
05-Jul-2019 11:40:51.559 INFO [http-nio-8080-exec-1227] org.apache.catalina.core.ApplicationContext.log Manager: list: Listing contexts for virtual host 'localhost'
05-Jul-2019 11:40:59.572 INFO [http-nio-8080-exec-1226] org.apache.catalina.core.ApplicationContext.log Manager: list: Listing contexts for virtual host 'localhost'
05-Jul-2019 11:40:59.582 INFO [http-nio-8080-exec-1227] org.apache.catalina.core.ApplicationContext.log Manager: list: Listing contexts for virtual host 'localhost'
05-Jul-2019 11:40:59.632 INFO [http-nio-8080-exec-1230] org.apache.catalina.core.ApplicationContext.log Manager: undeploy: Undeploying web application at '/Opportunity'
05-Jul-2019 11:41:23.971 INFO [http-nio-8080-exec-1226] org.apache.catalina.core.ApplicationContext.log Manager: install: Installing context configuration at 'file:/C:/Users/PAULO~1.BEZ/AppData/Local/Temp/context2551525117207472422.xml'
05-Jul-2019 11:41:32.987 INFO [http-nio-8080-exec-1232] org.apache.catalina.core.ApplicationContext.log Manager: start: Starting web application '/Opportunity'
05-Jul-2019 11:43:22.350 INFO [http-nio-8080-exec-1234] org.apache.catalina.core.ApplicationContext.log Manager: list: Listing contexts for virtual host 'localhost'
05-Jul-2019 11:43:59.343 INFO [http-nio-8080-exec-1237] org.apache.catalina.core.ApplicationContext.log Manager: list: Listing contexts for virtual host 'localhost'
05-Jul-2019 11:44:24.451 INFO [http-nio-8080-exec-1235] org.apache.catalina.core.ApplicationContext.log Manager: list: Listing contexts for virtual host 'localhost'
05-Jul-2019 11:44:30.252 INFO [http-nio-8080-exec-1235] org.apache.catalina.core.ApplicationContext.log Manager: list: Listing contexts for virtual host 'localhost'
05-Jul-2019 11:44:30.254 INFO [http-nio-8080-exec-1242] org.apache.catalina.core.ApplicationContext.log Manager: list: Listing contexts for virtual host 'localhost'
05-Jul-2019 11:44:30.280 INFO [http-nio-8080-exec-1237] org.apache.catalina.core.ApplicationContext.log Manager: undeploy: Undeploying web application at '/Opportunity'
05-Jul-2019 11:44:50.078 INFO [http-nio-8080-exec-1239] org.apache.catalina.core.ApplicationContext.log Manager: install: Installing context configuration at 'file:/C:/Users/PAULO~1.BEZ/AppData/Local/Temp/context8401307361401936500.xml'
05-Jul-2019 11:44:52.557 INFO [http-nio-8080-exec-1242] org.apache.catalina.core.ApplicationContext.log Manager: list: Listing contexts for virtual host 'localhost'
05-Jul-2019 11:44:55.191 INFO [http-nio-8080-exec-1234] org.apache.catalina.core.ApplicationContext.log Manager: start: Starting web application '/Opportunity'
05-Jul-2019 11:45:23.429 INFO [http-nio-8080-exec-1241] org.apache.catalina.core.ApplicationContext.log Manager: list: Listing contexts for virtual host 'localhost'
05-Jul-2019 11:45:32.816 INFO [http-nio-8080-exec-1245] org.apache.catalina.core.ApplicationContext.log Manager: list: Listing contexts for virtual host 'localhost'
05-Jul-2019 11:45:32.819 INFO [http-nio-8080-exec-1234] org.apache.catalina.core.ApplicationContext.log Manager: list: Listing contexts for virtual host 'localhost'
05-Jul-2019 11:45:32.841 INFO [http-nio-8080-exec-1241] org.apache.catalina.core.ApplicationContext.log Manager: undeploy: Undeploying web application at '/Opportunity'
05-Jul-2019 11:45:39.009 INFO [http-nio-8080-exec-1235] org.apache.catalina.core.ApplicationContext.log Manager: install: Installing context configuration at 'file:/C:/Users/PAULO~1.BEZ/AppData/Local/Temp/context6134259331325780032.xml'
05-Jul-2019 11:45:40.232 INFO [http-nio-8080-exec-1247] org.apache.catalina.core.ApplicationContext.log Manager: start: Starting web application '/Opportunity'
05-Jul-2019 11:46:04.776 INFO [http-nio-8080-exec-1243] org.apache.catalina.core.ApplicationContext.log Manager: list: Listing contexts for virtual host 'localhost'
05-Jul-2019 11:46:08.697 INFO [http-nio-8080-exec-1252] org.apache.catalina.core.ApplicationContext.log Manager: list: Listing contexts for virtual host 'localhost'
05-Jul-2019 11:46:08.699 INFO [http-nio-8080-exec-1246] org.apache.catalina.core.ApplicationContext.log Manager: list: Listing contexts for virtual host 'localhost'
05-Jul-2019 11:46:08.710 INFO [http-nio-8080-exec-1243] org.apache.catalina.core.ApplicationContext.log Manager: undeploy: Undeploying web application at '/Opportunity'
05-Jul-2019 11:46:09.851 INFO [http-nio-8080-exec-1252] org.apache.catalina.core.ApplicationContext.log Manager: install: Installing context configuration at 'file:/C:/Users/PAULO~1.BEZ/AppData/Local/Temp/context4504123721651898368.xml'
05-Jul-2019 11:46:11.055 INFO [http-nio-8080-exec-1256] org.apache.catalina.core.ApplicationContext.log Manager: start: Starting web application '/Opportunity'
05-Jul-2019 11:47:30.183 INFO [http-nio-8080-exec-1261] org.apache.catalina.core.ApplicationContext.log Manager: list: Listing contexts for virtual host 'localhost'
05-Jul-2019 11:49:14.796 INFO [http-nio-8080-exec-1258] org.apache.catalina.core.ApplicationContext.log Manager: list: Listing contexts for virtual host 'localhost'
05-Jul-2019 11:49:14.799 INFO [http-nio-8080-exec-1261] org.apache.catalina.core.ApplicationContext.log Manager: list: Listing contexts for virtual host 'localhost'
05-Jul-2019 11:49:14.843 INFO [http-nio-8080-exec-1262] org.apache.catalina.core.ApplicationContext.log Manager: undeploy: Undeploying web application at '/Opportunity'
05-Jul-2019 11:49:20.115 INFO [http-nio-8080-exec-1261] org.apache.catalina.core.ApplicationContext.log Manager: install: Installing context configuration at 'file:/C:/Users/PAULO~1.BEZ/AppData/Local/Temp/context9218765230356903850.xml'
05-Jul-2019 11:49:22.289 INFO [http-nio-8080-exec-1263] org.apache.catalina.core.ApplicationContext.log Manager: start: Starting web application '/Opportunity'
05-Jul-2019 11:50:55.791 INFO [http-nio-8080-exec-1274] org.apache.catalina.core.ApplicationContext.log Manager: list: Listing contexts for virtual host 'localhost'
05-Jul-2019 11:51:11.365 INFO [http-nio-8080-exec-1274] org.apache.catalina.core.ApplicationContext.log Manager: list: Listing contexts for virtual host 'localhost'
05-Jul-2019 11:51:17.784 INFO [http-nio-8080-exec-1274] org.apache.catalina.core.ApplicationContext.log Manager: list: Listing contexts for virtual host 'localhost'
05-Jul-2019 11:51:17.787 INFO [http-nio-8080-exec-1267] org.apache.catalina.core.ApplicationContext.log Manager: list: Listing contexts for virtual host 'localhost'
05-Jul-2019 11:51:17.798 INFO [http-nio-8080-exec-1268] org.apache.catalina.core.ApplicationContext.log Manager: undeploy: Undeploying web application at '/Opportunity'
05-Jul-2019 11:51:19.520 INFO [http-nio-8080-exec-1270] org.apache.catalina.core.ApplicationContext.log Manager: install: Installing context configuration at 'file:/C:/Users/PAULO~1.BEZ/AppData/Local/Temp/context2558728588169386702.xml'
05-Jul-2019 11:51:20.638 INFO [http-nio-8080-exec-1273] org.apache.catalina.core.ApplicationContext.log Manager: start: Starting web application '/Opportunity'
05-Jul-2019 11:51:45.856 INFO [http-nio-8080-exec-1281] org.apache.catalina.core.ApplicationContext.log Manager: list: Listing contexts for virtual host 'localhost'
05-Jul-2019 11:51:50.585 INFO [http-nio-8080-exec-1282] org.apache.catalina.core.ApplicationContext.log Manager: list: Listing contexts for virtual host 'localhost'
05-Jul-2019 11:51:50.586 INFO [http-nio-8080-exec-1280] org.apache.catalina.core.ApplicationContext.log Manager: list: Listing contexts for virtual host 'localhost'
05-Jul-2019 11:51:50.596 INFO [http-nio-8080-exec-1277] org.apache.catalina.core.ApplicationContext.log Manager: undeploy: Undeploying web application at '/Opportunity'
05-Jul-2019 11:51:51.809 INFO [http-nio-8080-exec-1279] org.apache.catalina.core.ApplicationContext.log Manager: install: Installing context configuration at 'file:/C:/Users/PAULO~1.BEZ/AppData/Local/Temp/context4074182552598882735.xml'
05-Jul-2019 11:51:52.909 INFO [http-nio-8080-exec-1278] org.apache.catalina.core.ApplicationContext.log Manager: start: Starting web application '/Opportunity'
05-Jul-2019 11:53:06.554 INFO [http-nio-8080-exec-1292] org.apache.catalina.core.ApplicationContext.log Manager: list: Listing contexts for virtual host 'localhost'
05-Jul-2019 11:54:30.945 INFO [http-nio-8080-exec-1288] org.apache.catalina.core.ApplicationContext.log Manager: list: Listing contexts for virtual host 'localhost'
05-Jul-2019 11:54:37.088 INFO [http-nio-8080-exec-1288] org.apache.catalina.core.ApplicationContext.log Manager: list: Listing contexts for virtual host 'localhost'
05-Jul-2019 11:54:37.090 INFO [http-nio-8080-exec-1292] org.apache.catalina.core.ApplicationContext.log Manager: list: Listing contexts for virtual host 'localhost'
05-Jul-2019 11:54:37.105 INFO [http-nio-8080-exec-1295] org.apache.catalina.core.ApplicationContext.log Manager: undeploy: Undeploying web application at '/Opportunity'
05-Jul-2019 11:54:38.397 INFO [http-nio-8080-exec-1294] org.apache.catalina.core.ApplicationContext.log Manager: install: Installing context configuration at 'file:/C:/Users/PAULO~1.BEZ/AppData/Local/Temp/context4141077771650491911.xml'
05-Jul-2019 11:54:39.478 INFO [http-nio-8080-exec-1296] org.apache.catalina.core.ApplicationContext.log Manager: start: Starting web application '/Opportunity'
05-Jul-2019 11:54:46.258 INFO [http-nio-8080-exec-1298] org.apache.catalina.core.ApplicationContext.log Manager: list: Listing contexts for virtual host 'localhost'
05-Jul-2019 11:54:50.624 INFO [http-nio-8080-exec-1297] org.apache.catalina.core.ApplicationContext.log Manager: list: Listing contexts for virtual host 'localhost'
05-Jul-2019 11:54:50.625 INFO [http-nio-8080-exec-1298] org.apache.catalina.core.ApplicationContext.log Manager: list: Listing contexts for virtual host 'localhost'
05-Jul-2019 11:54:50.637 INFO [http-nio-8080-exec-1296] org.apache.catalina.core.ApplicationContext.log Manager: undeploy: Undeploying web application at '/Opportunity'
05-Jul-2019 11:54:51.715 INFO [http-nio-8080-exec-1297] org.apache.catalina.core.ApplicationContext.log Manager: install: Installing context configuration at 'file:/C:/Users/PAULO~1.BEZ/AppData/Local/Temp/context4113533432538396139.xml'
05-Jul-2019 11:54:52.804 INFO [http-nio-8080-exec-1298] org.apache.catalina.core.ApplicationContext.log Manager: start: Starting web application '/Opportunity'
05-Jul-2019 11:58:25.757 INFO [http-nio-8080-exec-1308] org.apache.catalina.core.ApplicationContext.log Manager: list: Listing contexts for virtual host 'localhost'
05-Jul-2019 11:59:00.702 INFO [http-nio-8080-exec-1304] org.apache.catalina.core.ApplicationContext.log Manager: list: Listing contexts for virtual host 'localhost'
05-Jul-2019 12:01:04.071 INFO [http-nio-8080-exec-1303] org.apache.catalina.core.ApplicationContext.log Manager: list: Listing contexts for virtual host 'localhost'
05-Jul-2019 12:01:29.845 INFO [http-nio-8080-exec-1302] org.apache.catalina.core.ApplicationContext.log Manager: list: Listing contexts for virtual host 'localhost'
05-Jul-2019 12:01:43.457 INFO [http-nio-8080-exec-1306] org.apache.catalina.core.ApplicationContext.log Manager: list: Listing contexts for virtual host 'localhost'
05-Jul-2019 12:01:45.001 INFO [http-nio-8080-exec-1308] org.apache.catalina.core.ApplicationContext.log Manager: list: Listing contexts for virtual host 'localhost'
05-Jul-2019 12:01:59.253 INFO [http-nio-8080-exec-1306] org.apache.catalina.core.ApplicationContext.log Manager: list: Listing contexts for virtual host 'localhost'
05-Jul-2019 12:02:04.196 INFO [http-nio-8080-exec-1309] org.apache.catalina.core.ApplicationContext.log Manager: list: Listing contexts for virtual host 'localhost'
05-Jul-2019 12:02:04.198 INFO [http-nio-8080-exec-1303] org.apache.catalina.core.ApplicationContext.log Manager: list: Listing contexts for virtual host 'localhost'
05-Jul-2019 12:02:04.221 INFO [http-nio-8080-exec-1310] org.apache.catalina.core.ApplicationContext.log Manager: undeploy: Undeploying web application at '/Opportunity'
05-Jul-2019 12:02:08.329 INFO [http-nio-8080-exec-1303] org.apache.catalina.core.ApplicationContext.log Manager: install: Installing context configuration at 'file:/C:/Users/PAULO~1.BEZ/AppData/Local/Temp/context5979216240420722820.xml'
05-Jul-2019 12:03:54.200 INFO [http-nio-8080-exec-1307] org.apache.catalina.core.ApplicationContext.log Manager: list: Listing contexts for virtual host 'localhost'
05-Jul-2019 12:03:54.203 INFO [http-nio-8080-exec-1308] org.apache.catalina.core.ApplicationContext.log Manager: list: Listing contexts for virtual host 'localhost'
05-Jul-2019 12:03:54.234 INFO [http-nio-8080-exec-1306] org.apache.catalina.core.ApplicationContext.log Manager: undeploy: Undeploying web application at '/Opportunity'
05-Jul-2019 12:03:54.800 INFO [http-nio-8080-exec-1305] org.apache.catalina.core.ApplicationContext.log Manager: install: Installing context configuration at 'file:/C:/Users/PAULO~1.BEZ/AppData/Local/Temp/context1142035307149364201.xml'
05-Jul-2019 12:03:57.779 INFO [http-nio-8080-exec-1314] org.apache.catalina.core.ApplicationContext.log Manager: start: Starting web application '/Opportunity'
05-Jul-2019 12:04:27.827 INFO [http-nio-8080-exec-1313] org.apache.catalina.core.ApplicationContext.log Manager: list: Listing contexts for virtual host 'localhost'
05-Jul-2019 12:04:27.844 INFO [http-nio-8080-exec-1312] org.apache.catalina.core.ApplicationContext.log Manager: undeploy: Undeploying web application at '/Opportunity'
05-Jul-2019 12:04:51.615 INFO [http-nio-8080-exec-1313] org.apache.catalina.core.ApplicationContext.log Manager: list: Listing contexts for virtual host 'localhost'
05-Jul-2019 12:13:40.896 INFO [http-nio-8080-exec-1324] org.apache.catalina.core.ApplicationContext.log Manager: list: Listing contexts for virtual host 'localhost'
05-Jul-2019 12:14:42.819 INFO [http-nio-8080-exec-1323] org.apache.catalina.core.ApplicationContext.log Manager: list: Listing contexts for virtual host 'localhost'
05-Jul-2019 12:14:42.835 INFO [http-nio-8080-exec-1324] org.apache.catalina.core.ApplicationContext.log Manager: list: Listing contexts for virtual host 'localhost'
05-Jul-2019 12:14:42.944 INFO [http-nio-8080-exec-1325] org.apache.catalina.core.ApplicationContext.log Manager: install: Installing context configuration at 'file:/C:/Users/PAULO~1.BEZ/AppData/Local/Temp/context6000369787896167514.xml'
05-Jul-2019 12:14:46.127 INFO [http-nio-8080-exec-1326] org.apache.catalina.core.ApplicationContext.log Manager: start: Starting web application '/Opportunity'
05-Jul-2019 12:15:08.603 INFO [http-nio-8080-exec-1327] org.apache.catalina.core.ApplicationContext.log Manager: list: Listing contexts for virtual host 'localhost'
05-Jul-2019 12:15:26.531 INFO [http-nio-8080-exec-1325] org.apache.catalina.core.ApplicationContext.log Manager: list: Listing contexts for virtual host 'localhost'
05-Jul-2019 12:15:44.601 INFO [http-nio-8080-exec-1323] org.apache.catalina.core.ApplicationContext.log Manager: list: Listing contexts for virtual host 'localhost'
05-Jul-2019 12:15:55.196 INFO [http-nio-8080-exec-1329] org.apache.catalina.core.ApplicationContext.log Manager: list: Listing contexts for virtual host 'localhost'
05-Jul-2019 12:16:14.622 INFO [http-nio-8080-exec-1326] org.apache.catalina.core.ApplicationContext.log Manager: list: Listing contexts for virtual host 'localhost'
05-Jul-2019 12:16:23.124 INFO [http-nio-8080-exec-1323] org.apache.catalina.core.ApplicationContext.log Manager: list: Listing contexts for virtual host 'localhost'
05-Jul-2019 12:16:26.179 INFO [http-nio-8080-exec-1321] org.apache.catalina.core.ApplicationContext.log Manager: list: Listing contexts for virtual host 'localhost'
05-Jul-2019 12:16:35.892 INFO [http-nio-8080-exec-1322] org.apache.catalina.core.ApplicationContext.log Manager: list: Listing contexts for virtual host 'localhost'
05-Jul-2019 12:16:35.894 INFO [http-nio-8080-exec-1323] org.apache.catalina.core.ApplicationContext.log Manager: list: Listing contexts for virtual host 'localhost'
05-Jul-2019 12:16:35.921 INFO [http-nio-8080-exec-1324] org.apache.catalina.core.ApplicationContext.log Manager: undeploy: Undeploying web application at '/Opportunity'
05-Jul-2019 12:16:45.612 INFO [http-nio-8080-exec-1323] org.apache.catalina.core.ApplicationContext.log Manager: install: Installing context configuration at 'file:/C:/Users/PAULO~1.BEZ/AppData/Local/Temp/context3287035576802877664.xml'
05-Jul-2019 12:16:46.713 INFO [http-nio-8080-exec-1327] org.apache.catalina.core.ApplicationContext.log Manager: start: Starting web application '/Opportunity'
05-Jul-2019 12:18:45.028 INFO [http-nio-8080-exec-1337] org.apache.catalina.core.ApplicationContext.log Manager: list: Listing contexts for virtual host 'localhost'
05-Jul-2019 12:18:53.282 INFO [http-nio-8080-exec-1333] org.apache.catalina.core.ApplicationContext.log Manager: list: Listing contexts for virtual host 'localhost'
05-Jul-2019 12:19:15.491 INFO [http-nio-8080-exec-1334] org.apache.catalina.core.ApplicationContext.log Manager: list: Listing contexts for virtual host 'localhost'
05-Jul-2019 12:19:15.493 INFO [http-nio-8080-exec-1333] org.apache.catalina.core.ApplicationContext.log Manager: list: Listing contexts for virtual host 'localhost'
05-Jul-2019 12:19:15.538 INFO [http-nio-8080-exec-1331] org.apache.catalina.core.ApplicationContext.log Manager: undeploy: Undeploying web application at '/Opportunity'
05-Jul-2019 12:19:22.216 INFO [http-nio-8080-exec-1340] org.apache.catalina.core.ApplicationContext.log Manager: install: Installing context configuration at 'file:/C:/Users/PAULO~1.BEZ/AppData/Local/Temp/context2858805855339963390.xml'
05-Jul-2019 12:19:26.941 INFO [http-nio-8080-exec-1339] org.apache.catalina.core.ApplicationContext.log Manager: start: Starting web application '/Opportunity'
05-Jul-2019 12:20:01.486 INFO [http-nio-8080-exec-1345] org.apache.catalina.core.ApplicationContext.log Manager: list: Listing contexts for virtual host 'localhost'
05-Jul-2019 12:20:01.491 INFO [http-nio-8080-exec-1339] org.apache.catalina.core.ApplicationContext.log Manager: undeploy: Undeploying web application at '/Opportunity'
05-Jul-2019 16:31:14.006 INFO [http-nio-8080-exec-1351] org.apache.catalina.core.ApplicationContext.log Manager: list: Listing contexts for virtual host 'localhost'
05-Jul-2019 16:40:33.256 INFO [http-nio-8080-exec-1357] org.apache.catalina.core.ApplicationContext.log Manager: list: Listing contexts for virtual host 'localhost'
05-Jul-2019 16:40:33.259 INFO [http-nio-8080-exec-1350] org.apache.catalina.core.ApplicationContext.log Manager: list: Listing contexts for virtual host 'localhost'
05-Jul-2019 16:40:33.802 INFO [http-nio-8080-exec-1348] org.apache.catalina.core.ApplicationContext.log Manager: install: Installing context configuration at 'file:/C:/Users/PAULO~1.BEZ/AppData/Local/Temp/context6185380368758382841.xml'
05-Jul-2019 16:40:41.497 INFO [http-nio-8080-exec-1349] org.apache.catalina.core.ApplicationContext.log Manager: start: Starting web application '/Opportunity'
05-Jul-2019 16:43:26.775 INFO [http-nio-8080-exec-1356] org.apache.catalina.core.ApplicationContext.log Manager: list: Listing contexts for virtual host 'localhost'
05-Jul-2019 16:43:26.790 INFO [http-nio-8080-exec-1350] org.apache.catalina.core.ApplicationContext.log Manager: undeploy: Undeploying web application at '/Opportunity'
05-Jul-2019 17:28:25.093 INFO [http-nio-8080-exec-1360] org.apache.catalina.core.ApplicationContext.log Manager: list: Listing contexts for virtual host 'localhost'
05-Jul-2019 17:29:22.659 INFO [http-nio-8080-exec-1365] org.apache.catalina.core.ApplicationContext.log Manager: list: Listing contexts for virtual host 'localhost'
05-Jul-2019 17:48:58.172 INFO [http-nio-8080-exec-7] org.apache.catalina.core.ApplicationContext.log Manager: init: Associated with Deployer 'Catalina:type=Deployer,host=localhost'
05-Jul-2019 17:48:58.172 INFO [http-nio-8080-exec-7] org.apache.catalina.core.ApplicationContext.log Manager: init: Global resources are available
05-Jul-2019 17:48:58.172 INFO [http-nio-8080-exec-7] org.apache.catalina.core.ApplicationContext.log Manager: list: Listing contexts for virtual host 'localhost'
05-Jul-2019 17:48:58.183 INFO [http-nio-8080-exec-8] org.apache.catalina.core.ApplicationContext.log Manager: list: Listing contexts for virtual host 'localhost'
05-Jul-2019 17:48:59.006 INFO [http-nio-8080-exec-6] org.apache.catalina.core.ApplicationContext.log Manager: install: Installing context configuration at 'file:/C:/Users/PAULO~1.BEZ/AppData/Local/Temp/context6321618029111582871.xml'
05-Jul-2019 17:49:02.089 INFO [http-nio-8080-exec-9] org.apache.catalina.core.ApplicationContext.log Manager: start: Starting web application '/Opportunity'
05-Jul-2019 17:50:15.853 INFO [http-nio-8080-exec-1] org.apache.catalina.core.ApplicationContext.log Manager: list: Listing contexts for virtual host 'localhost'
05-Jul-2019 17:50:16.240 INFO [http-nio-8080-exec-9] org.apache.catalina.core.ApplicationContext.log Manager: restart: Reloading web application '/Opportunity'
05-Jul-2019 17:50:39.970 INFO [http-nio-8080-exec-6] org.apache.catalina.core.ApplicationContext.log Manager: list: Listing contexts for virtual host 'localhost'
05-Jul-2019 17:50:40.349 INFO [http-nio-8080-exec-1] org.apache.catalina.core.ApplicationContext.log Manager: restart: Reloading web application '/Opportunity'
05-Jul-2019 17:50:52.252 INFO [http-nio-8080-exec-13] org.apache.catalina.core.ApplicationContext.log Manager: list: Listing contexts for virtual host 'localhost'
05-Jul-2019 17:50:52.646 INFO [http-nio-8080-exec-12] org.apache.catalina.core.ApplicationContext.log Manager: restart: Reloading web application '/Opportunity'
05-Jul-2019 17:51:13.411 INFO [http-nio-8080-exec-2] org.apache.catalina.core.ApplicationContext.log Manager: list: Listing contexts for virtual host 'localhost'
05-Jul-2019 17:51:13.822 INFO [http-nio-8080-exec-8] org.apache.catalina.core.ApplicationContext.log Manager: restart: Reloading web application '/Opportunity'
05-Jul-2019 17:51:46.894 INFO [http-nio-8080-exec-15] org.apache.catalina.core.ApplicationContext.log Manager: list: Listing contexts for virtual host 'localhost'
05-Jul-2019 17:51:46.900 INFO [http-nio-8080-exec-13] org.apache.catalina.core.ApplicationContext.log Manager: undeploy: Undeploying web application at '/Opportunity'
05-Jul-2019 18:28:25.823 INFO [http-nio-8080-exec-26] org.apache.catalina.core.ApplicationContext.log Manager: list: Listing contexts for virtual host 'localhost'
05-Jul-2019 18:28:27.657 INFO [http-nio-8080-exec-32] org.apache.catalina.core.ApplicationContext.log Manager: list: Listing contexts for virtual host 'localhost'
05-Jul-2019 18:28:27.660 INFO [http-nio-8080-exec-23] org.apache.catalina.core.ApplicationContext.log Manager: list: Listing contexts for virtual host 'localhost'
05-Jul-2019 18:28:27.704 INFO [http-nio-8080-exec-24] org.apache.catalina.core.ApplicationContext.log Manager: install: Installing context configuration at 'file:/C:/Users/PAULO~1.BEZ/AppData/Local/Temp/context2028229228121000156.xml'
05-Jul-2019 18:28:31.563 INFO [http-nio-8080-exec-25] org.apache.catalina.core.ApplicationContext.log Manager: start: Starting web application '/Opportunity'
05-Jul-2019 18:41:31.951 INFO [http-nio-8080-exec-28] org.apache.catalina.core.ApplicationContext.log Manager: list: Listing contexts for virtual host 'localhost'
05-Jul-2019 18:41:31.962 INFO [http-nio-8080-exec-27] org.apache.catalina.core.ApplicationContext.log Manager: undeploy: Undeploying web application at '/Opportunity'
05-Jul-2019 19:07:58.910 INFO [http-nio-8080-exec-35] org.apache.catalina.core.ApplicationContext.log Manager: list: Listing contexts for virtual host 'localhost'
