25-Nov-2019 13:09:21.840 INFO [http-nio-8080-exec-3] org.apache.catalina.core.ApplicationContext.log Manager: init: Associated with Deployer 'Catalina:type=Deployer,host=localhost'
25-Nov-2019 13:09:21.840 INFO [http-nio-8080-exec-3] org.apache.catalina.core.ApplicationContext.log Manager: init: Global resources are available
25-Nov-2019 13:09:21.848 INFO [http-nio-8080-exec-3] org.apache.catalina.core.ApplicationContext.log Manager: list: Listing contexts for virtual host 'localhost'
25-Nov-2019 13:09:21.850 INFO [http-nio-8080-exec-7] org.apache.catalina.core.ApplicationContext.log Manager: list: Listing contexts for virtual host 'localhost'
25-Nov-2019 13:09:21.941 INFO [http-nio-8080-exec-1] org.apache.catalina.core.ApplicationContext.log Manager: undeploy: Undeploying web application at '/Opportunity'
25-Nov-2019 13:09:22.817 INFO [http-nio-8080-exec-4] org.apache.catalina.core.ApplicationContext.log Manager: install: Installing context configuration at 'file:/C:/Users/PAULO~1.BEZ/AppData/Local/Temp/context9083055967908129313.xml'
25-Nov-2019 13:09:25.232 INFO [http-nio-8080-exec-6] org.apache.catalina.core.ApplicationContext.log Manager: start: Starting web application '/Opportunity'
25-Nov-2019 13:14:31.981 INFO [http-nio-8080-exec-11] org.apache.catalina.core.ApplicationContext.log Manager: list: Listing contexts for virtual host 'localhost'
25-Nov-2019 13:14:33.083 INFO [http-nio-8080-exec-14] org.apache.catalina.core.ApplicationContext.log Manager: restart: Reloading web application '/Opportunity'
25-Nov-2019 13:14:43.385 INFO [http-nio-8080-exec-16] org.apache.catalina.core.ApplicationContext.log Manager: list: Listing contexts for virtual host 'localhost'
25-Nov-2019 13:14:44.839 INFO [http-nio-8080-exec-13] org.apache.catalina.core.ApplicationContext.log Manager: restart: Reloading web application '/Opportunity'
25-Nov-2019 13:16:06.854 INFO [http-nio-8080-exec-15] org.apache.catalina.core.ApplicationContext.log Manager: list: Listing contexts for virtual host 'localhost'
25-Nov-2019 13:16:07.496 INFO [http-nio-8080-exec-17] org.apache.catalina.core.ApplicationContext.log Manager: restart: Reloading web application '/Opportunity'
25-Nov-2019 13:19:51.729 INFO [http-nio-8080-exec-31] org.apache.catalina.core.ApplicationContext.log Manager: list: Listing contexts for virtual host 'localhost'
25-Nov-2019 13:19:52.528 INFO [http-nio-8080-exec-32] org.apache.catalina.core.ApplicationContext.log Manager: restart: Reloading web application '/Opportunity'
25-Nov-2019 13:22:04.358 INFO [http-nio-8080-exec-37] org.apache.catalina.core.ApplicationContext.log Manager: list: Listing contexts for virtual host 'localhost'
25-Nov-2019 13:22:05.105 INFO [http-nio-8080-exec-33] org.apache.catalina.core.ApplicationContext.log Manager: restart: Reloading web application '/Opportunity'
25-Nov-2019 13:22:34.053 INFO [http-nio-8080-exec-37] org.apache.catalina.core.ApplicationContext.log Manager: list: Listing contexts for virtual host 'localhost'
25-Nov-2019 13:22:34.738 INFO [http-nio-8080-exec-16] org.apache.catalina.core.ApplicationContext.log Manager: restart: Reloading web application '/Opportunity'
25-Nov-2019 13:52:23.456 INFO [http-nio-8080-exec-8] org.apache.catalina.core.ApplicationContext.log Manager: init: Associated with Deployer 'Catalina:type=Deployer,host=localhost'
25-Nov-2019 13:52:23.456 INFO [http-nio-8080-exec-8] org.apache.catalina.core.ApplicationContext.log Manager: init: Global resources are available
25-Nov-2019 13:52:23.466 INFO [http-nio-8080-exec-8] org.apache.catalina.core.ApplicationContext.log Manager: list: Listing contexts for virtual host 'localhost'
25-Nov-2019 13:52:23.476 INFO [http-nio-8080-exec-3] org.apache.catalina.core.ApplicationContext.log Manager: list: Listing contexts for virtual host 'localhost'
25-Nov-2019 13:52:23.587 INFO [http-nio-8080-exec-10] org.apache.catalina.core.ApplicationContext.log Manager: undeploy: Undeploying web application at '/Opportunity'
25-Nov-2019 13:52:24.536 INFO [http-nio-8080-exec-4] org.apache.catalina.core.ApplicationContext.log Manager: install: Installing context configuration at 'file:/C:/Users/PAULO~1.BEZ/AppData/Local/Temp/context6653379951256383035.xml'
25-Nov-2019 13:52:27.675 INFO [http-nio-8080-exec-7] org.apache.catalina.core.ApplicationContext.log Manager: start: Starting web application '/Opportunity'
25-Nov-2019 14:02:38.769 INFO [http-nio-8080-exec-14] org.apache.catalina.core.ApplicationContext.log Manager: list: Listing contexts for virtual host 'localhost'
25-Nov-2019 14:02:39.313 INFO [http-nio-8080-exec-15] org.apache.catalina.core.ApplicationContext.log Manager: restart: Reloading web application '/Opportunity'
25-Nov-2019 14:02:52.763 INFO [http-nio-8080-exec-12] org.apache.catalina.core.ApplicationContext.log Manager: list: Listing contexts for virtual host 'localhost'
25-Nov-2019 14:02:53.467 INFO [http-nio-8080-exec-24] org.apache.catalina.core.ApplicationContext.log Manager: restart: Reloading web application '/Opportunity'
25-Nov-2019 16:08:11.154 INFO [http-nio-8080-exec-4] org.apache.catalina.core.ApplicationContext.log Manager: init: Associated with Deployer 'Catalina:type=Deployer,host=localhost'
25-Nov-2019 16:08:11.156 INFO [http-nio-8080-exec-4] org.apache.catalina.core.ApplicationContext.log Manager: init: Global resources are available
25-Nov-2019 16:08:11.163 INFO [http-nio-8080-exec-4] org.apache.catalina.core.ApplicationContext.log Manager: list: Listing contexts for virtual host 'localhost'
25-Nov-2019 16:08:11.171 INFO [http-nio-8080-exec-10] org.apache.catalina.core.ApplicationContext.log Manager: list: Listing contexts for virtual host 'localhost'
25-Nov-2019 16:08:11.300 INFO [http-nio-8080-exec-11] org.apache.catalina.core.ApplicationContext.log Manager: undeploy: Undeploying web application at '/Opportunity'
25-Nov-2019 16:08:12.241 INFO [http-nio-8080-exec-3] org.apache.catalina.core.ApplicationContext.log Manager: install: Installing context configuration at 'file:/C:/Users/PAULO~1.BEZ/AppData/Local/Temp/context6052745641353850089.xml'
25-Nov-2019 16:08:15.034 INFO [http-nio-8080-exec-5] org.apache.catalina.core.ApplicationContext.log Manager: start: Starting web application '/Opportunity'
25-Nov-2019 16:10:40.159 INFO [http-nio-8080-exec-10] org.apache.catalina.core.ApplicationContext.log Manager: list: Listing contexts for virtual host 'localhost'
25-Nov-2019 16:11:08.615 INFO [http-nio-8080-exec-17] org.apache.catalina.core.ApplicationContext.log Manager: list: Listing contexts for virtual host 'localhost'
25-Nov-2019 16:11:23.081 INFO [http-nio-8080-exec-13] org.apache.catalina.core.ApplicationContext.log Manager: list: Listing contexts for virtual host 'localhost'
25-Nov-2019 16:11:31.118 INFO [http-nio-8080-exec-21] org.apache.catalina.core.ApplicationContext.log Manager: list: Listing contexts for virtual host 'localhost'
25-Nov-2019 16:11:31.122 INFO [http-nio-8080-exec-22] org.apache.catalina.core.ApplicationContext.log Manager: list: Listing contexts for virtual host 'localhost'
25-Nov-2019 16:11:31.157 INFO [http-nio-8080-exec-18] org.apache.catalina.core.ApplicationContext.log Manager: undeploy: Undeploying web application at '/Opportunity'
25-Nov-2019 16:11:32.200 INFO [http-nio-8080-exec-20] org.apache.catalina.core.ApplicationContext.log Manager: install: Installing context configuration at 'file:/C:/Users/PAULO~1.BEZ/AppData/Local/Temp/context229388990087364946.xml'
25-Nov-2019 16:11:34.780 INFO [http-nio-8080-exec-19] org.apache.catalina.core.ApplicationContext.log Manager: start: Starting web application '/Opportunity'
25-Nov-2019 16:12:36.176 INFO [http-nio-8080-exec-22] org.apache.catalina.core.ApplicationContext.log Manager: list: Listing contexts for virtual host 'localhost'
25-Nov-2019 16:12:43.000 INFO [http-nio-8080-exec-25] org.apache.catalina.core.ApplicationContext.log Manager: list: Listing contexts for virtual host 'localhost'
25-Nov-2019 16:12:43.004 INFO [http-nio-8080-exec-26] org.apache.catalina.core.ApplicationContext.log Manager: list: Listing contexts for virtual host 'localhost'
25-Nov-2019 16:12:43.040 INFO [http-nio-8080-exec-27] org.apache.catalina.core.ApplicationContext.log Manager: undeploy: Undeploying web application at '/Opportunity'
25-Nov-2019 16:12:44.089 INFO [http-nio-8080-exec-29] org.apache.catalina.core.ApplicationContext.log Manager: install: Installing context configuration at 'file:/C:/Users/PAULO~1.BEZ/AppData/Local/Temp/context728298512206534925.xml'
25-Nov-2019 16:12:46.506 INFO [http-nio-8080-exec-25] org.apache.catalina.core.ApplicationContext.log Manager: start: Starting web application '/Opportunity'
25-Nov-2019 16:12:59.331 INFO [http-nio-8080-exec-31] org.apache.catalina.core.ApplicationContext.log Manager: list: Listing contexts for virtual host 'localhost'
25-Nov-2019 16:13:38.253 INFO [http-nio-8080-exec-35] org.apache.catalina.core.ApplicationContext.log Manager: list: Listing contexts for virtual host 'localhost'
25-Nov-2019 16:13:45.705 INFO [http-nio-8080-exec-33] org.apache.catalina.core.ApplicationContext.log Manager: list: Listing contexts for virtual host 'localhost'
25-Nov-2019 16:13:45.709 INFO [http-nio-8080-exec-34] org.apache.catalina.core.ApplicationContext.log Manager: list: Listing contexts for virtual host 'localhost'
25-Nov-2019 16:13:45.746 INFO [http-nio-8080-exec-37] org.apache.catalina.core.ApplicationContext.log Manager: undeploy: Undeploying web application at '/Opportunity'
25-Nov-2019 16:13:46.863 INFO [http-nio-8080-exec-41] org.apache.catalina.core.ApplicationContext.log Manager: install: Installing context configuration at 'file:/C:/Users/PAULO~1.BEZ/AppData/Local/Temp/context2369149356102118626.xml'
25-Nov-2019 16:13:49.215 INFO [http-nio-8080-exec-33] org.apache.catalina.core.ApplicationContext.log Manager: start: Starting web application '/Opportunity'
25-Nov-2019 16:14:09.450 INFO [http-nio-8080-exec-44] org.apache.catalina.core.ApplicationContext.log Manager: list: Listing contexts for virtual host 'localhost'
25-Nov-2019 16:15:04.761 INFO [http-nio-8080-exec-48] org.apache.catalina.core.ApplicationContext.log Manager: list: Listing contexts for virtual host 'localhost'
25-Nov-2019 16:15:12.097 INFO [http-nio-8080-exec-42] org.apache.catalina.core.ApplicationContext.log Manager: list: Listing contexts for virtual host 'localhost'
25-Nov-2019 16:15:12.108 INFO [http-nio-8080-exec-47] org.apache.catalina.core.ApplicationContext.log Manager: list: Listing contexts for virtual host 'localhost'
25-Nov-2019 16:15:12.211 INFO [http-nio-8080-exec-43] org.apache.catalina.core.ApplicationContext.log Manager: undeploy: Undeploying web application at '/Opportunity'
25-Nov-2019 16:15:14.241 INFO [http-nio-8080-exec-49] org.apache.catalina.core.ApplicationContext.log Manager: install: Installing context configuration at 'file:/C:/Users/PAULO~1.BEZ/AppData/Local/Temp/context6311802155319458808.xml'
25-Nov-2019 16:15:17.050 INFO [http-nio-8080-exec-50] org.apache.catalina.core.ApplicationContext.log Manager: start: Starting web application '/Opportunity'
25-Nov-2019 16:15:36.983 INFO [http-nio-8080-exec-56] org.apache.catalina.core.ApplicationContext.log Manager: list: Listing contexts for virtual host 'localhost'
25-Nov-2019 16:16:02.385 INFO [http-nio-8080-exec-56] org.apache.catalina.core.ApplicationContext.log Manager: list: Listing contexts for virtual host 'localhost'
25-Nov-2019 16:16:02.390 INFO [http-nio-8080-exec-44] org.apache.catalina.core.ApplicationContext.log Manager: list: Listing contexts for virtual host 'localhost'
25-Nov-2019 16:16:02.440 INFO [http-nio-8080-exec-60] org.apache.catalina.core.ApplicationContext.log Manager: undeploy: Undeploying web application at '/Opportunity'
25-Nov-2019 16:16:03.728 INFO [http-nio-8080-exec-53] org.apache.catalina.core.ApplicationContext.log Manager: install: Installing context configuration at 'file:/C:/Users/PAULO~1.BEZ/AppData/Local/Temp/context467349163610918466.xml'
25-Nov-2019 16:16:07.547 INFO [http-nio-8080-exec-58] org.apache.catalina.core.ApplicationContext.log Manager: start: Starting web application '/Opportunity'
25-Nov-2019 16:16:28.481 INFO [http-nio-8080-exec-59] org.apache.catalina.core.ApplicationContext.log Manager: list: Listing contexts for virtual host 'localhost'
25-Nov-2019 16:16:37.334 INFO [http-nio-8080-exec-65] org.apache.catalina.core.ApplicationContext.log Manager: list: Listing contexts for virtual host 'localhost'
25-Nov-2019 16:16:37.338 INFO [http-nio-8080-exec-62] org.apache.catalina.core.ApplicationContext.log Manager: list: Listing contexts for virtual host 'localhost'
25-Nov-2019 16:16:37.381 INFO [http-nio-8080-exec-66] org.apache.catalina.core.ApplicationContext.log Manager: undeploy: Undeploying web application at '/Opportunity'
25-Nov-2019 16:16:38.482 INFO [http-nio-8080-exec-70] org.apache.catalina.core.ApplicationContext.log Manager: install: Installing context configuration at 'file:/C:/Users/PAULO~1.BEZ/AppData/Local/Temp/context7488950180036239297.xml'
25-Nov-2019 16:16:41.109 INFO [http-nio-8080-exec-62] org.apache.catalina.core.ApplicationContext.log Manager: start: Starting web application '/Opportunity'
25-Nov-2019 16:17:16.277 INFO [http-nio-8080-exec-68] org.apache.catalina.core.ApplicationContext.log Manager: list: Listing contexts for virtual host 'localhost'
25-Nov-2019 16:17:28.178 INFO [http-nio-8080-exec-74] org.apache.catalina.core.ApplicationContext.log Manager: list: Listing contexts for virtual host 'localhost'
25-Nov-2019 16:17:28.183 INFO [http-nio-8080-exec-75] org.apache.catalina.core.ApplicationContext.log Manager: list: Listing contexts for virtual host 'localhost'
25-Nov-2019 16:17:29.034 INFO [http-nio-8080-exec-76] org.apache.catalina.core.ApplicationContext.log Manager: undeploy: Undeploying web application at '/Opportunity'
25-Nov-2019 16:17:30.996 INFO [http-nio-8080-exec-72] org.apache.catalina.core.ApplicationContext.log Manager: install: Installing context configuration at 'file:/C:/Users/PAULO~1.BEZ/AppData/Local/Temp/context1278487856190617371.xml'
25-Nov-2019 16:17:42.983 INFO [http-nio-8080-exec-73] org.apache.catalina.core.ApplicationContext.log Manager: start: Starting web application '/Opportunity'
25-Nov-2019 16:18:08.638 INFO [http-nio-8080-exec-80] org.apache.catalina.core.ApplicationContext.log Manager: list: Listing contexts for virtual host 'localhost'
25-Nov-2019 16:18:12.325 INFO [http-nio-8080-exec-82] org.apache.catalina.core.ApplicationContext.log Manager: list: Listing contexts for virtual host 'localhost'
25-Nov-2019 16:18:19.131 INFO [http-nio-8080-exec-85] org.apache.catalina.core.ApplicationContext.log Manager: list: Listing contexts for virtual host 'localhost'
25-Nov-2019 16:18:19.135 INFO [http-nio-8080-exec-89] org.apache.catalina.core.ApplicationContext.log Manager: list: Listing contexts for virtual host 'localhost'
25-Nov-2019 16:18:19.173 INFO [http-nio-8080-exec-86] org.apache.catalina.core.ApplicationContext.log Manager: undeploy: Undeploying web application at '/Opportunity'
25-Nov-2019 16:18:20.327 INFO [http-nio-8080-exec-85] org.apache.catalina.core.ApplicationContext.log Manager: install: Installing context configuration at 'file:/C:/Users/PAULO~1.BEZ/AppData/Local/Temp/context5333302835068360661.xml'
25-Nov-2019 16:18:22.815 INFO [http-nio-8080-exec-82] org.apache.catalina.core.ApplicationContext.log Manager: start: Starting web application '/Opportunity'
25-Nov-2019 16:19:17.324 INFO [http-nio-8080-exec-91] org.apache.catalina.core.ApplicationContext.log Manager: list: Listing contexts for virtual host 'localhost'
25-Nov-2019 16:19:19.285 INFO [http-nio-8080-exec-95] org.apache.catalina.core.ApplicationContext.log Manager: list: Listing contexts for virtual host 'localhost'
25-Nov-2019 16:19:31.188 INFO [http-nio-8080-exec-92] org.apache.catalina.core.ApplicationContext.log Manager: list: Listing contexts for virtual host 'localhost'
25-Nov-2019 16:19:31.193 INFO [http-nio-8080-exec-84] org.apache.catalina.core.ApplicationContext.log Manager: list: Listing contexts for virtual host 'localhost'
25-Nov-2019 16:19:31.260 INFO [http-nio-8080-exec-97] org.apache.catalina.core.ApplicationContext.log Manager: undeploy: Undeploying web application at '/Opportunity'
25-Nov-2019 16:19:33.025 INFO [http-nio-8080-exec-98] org.apache.catalina.core.ApplicationContext.log Manager: install: Installing context configuration at 'file:/C:/Users/PAULO~1.BEZ/AppData/Local/Temp/context832621836845167981.xml'
25-Nov-2019 16:19:35.635 INFO [http-nio-8080-exec-98] org.apache.catalina.core.ApplicationContext.log Manager: start: Starting web application '/Opportunity'
25-Nov-2019 16:20:07.449 INFO [http-nio-8080-exec-93] org.apache.catalina.core.ApplicationContext.log Manager: list: Listing contexts for virtual host 'localhost'
25-Nov-2019 16:20:14.579 INFO [http-nio-8080-exec-103] org.apache.catalina.core.ApplicationContext.log Manager: list: Listing contexts for virtual host 'localhost'
25-Nov-2019 16:20:14.582 INFO [http-nio-8080-exec-104] org.apache.catalina.core.ApplicationContext.log Manager: list: Listing contexts for virtual host 'localhost'
25-Nov-2019 16:20:14.640 INFO [http-nio-8080-exec-107] org.apache.catalina.core.ApplicationContext.log Manager: undeploy: Undeploying web application at '/Opportunity'
25-Nov-2019 16:20:17.372 INFO [http-nio-8080-exec-105] org.apache.catalina.core.ApplicationContext.log Manager: install: Installing context configuration at 'file:/C:/Users/PAULO~1.BEZ/AppData/Local/Temp/context8275650541030086351.xml'
25-Nov-2019 16:20:21.082 INFO [http-nio-8080-exec-106] org.apache.catalina.core.ApplicationContext.log Manager: start: Starting web application '/Opportunity'
25-Nov-2019 16:22:02.019 INFO [http-nio-8080-exec-117] org.apache.catalina.core.ApplicationContext.log Manager: list: Listing contexts for virtual host 'localhost'
25-Nov-2019 16:22:19.090 INFO [http-nio-8080-exec-115] org.apache.catalina.core.ApplicationContext.log Manager: list: Listing contexts for virtual host 'localhost'
25-Nov-2019 16:22:29.589 INFO [http-nio-8080-exec-114] org.apache.catalina.core.ApplicationContext.log Manager: list: Listing contexts for virtual host 'localhost'
25-Nov-2019 16:22:29.594 INFO [http-nio-8080-exec-109] org.apache.catalina.core.ApplicationContext.log Manager: list: Listing contexts for virtual host 'localhost'
25-Nov-2019 16:22:29.639 INFO [http-nio-8080-exec-108] org.apache.catalina.core.ApplicationContext.log Manager: undeploy: Undeploying web application at '/Opportunity'
25-Nov-2019 16:22:30.892 INFO [http-nio-8080-exec-114] org.apache.catalina.core.ApplicationContext.log Manager: install: Installing context configuration at 'file:/C:/Users/PAULO~1.BEZ/AppData/Local/Temp/context3199858131048378530.xml'
25-Nov-2019 16:22:33.454 INFO [http-nio-8080-exec-116] org.apache.catalina.core.ApplicationContext.log Manager: start: Starting web application '/Opportunity'
25-Nov-2019 16:23:21.099 INFO [http-nio-8080-exec-122] org.apache.catalina.core.ApplicationContext.log Manager: list: Listing contexts for virtual host 'localhost'
25-Nov-2019 16:23:28.498 INFO [http-nio-8080-exec-124] org.apache.catalina.core.ApplicationContext.log Manager: list: Listing contexts for virtual host 'localhost'
25-Nov-2019 16:23:36.903 INFO [http-nio-8080-exec-123] org.apache.catalina.core.ApplicationContext.log Manager: list: Listing contexts for virtual host 'localhost'
25-Nov-2019 16:23:36.907 INFO [http-nio-8080-exec-118] org.apache.catalina.core.ApplicationContext.log Manager: list: Listing contexts for virtual host 'localhost'
25-Nov-2019 16:23:36.945 INFO [http-nio-8080-exec-119] org.apache.catalina.core.ApplicationContext.log Manager: undeploy: Undeploying web application at '/Opportunity'
25-Nov-2019 16:23:38.158 INFO [http-nio-8080-exec-118] org.apache.catalina.core.ApplicationContext.log Manager: install: Installing context configuration at 'file:/C:/Users/PAULO~1.BEZ/AppData/Local/Temp/context5278166350945340298.xml'
25-Nov-2019 16:23:40.731 INFO [http-nio-8080-exec-121] org.apache.catalina.core.ApplicationContext.log Manager: start: Starting web application '/Opportunity'
25-Nov-2019 16:25:07.318 INFO [http-nio-8080-exec-129] org.apache.catalina.core.ApplicationContext.log Manager: list: Listing contexts for virtual host 'localhost'
25-Nov-2019 16:26:57.769 INFO [http-nio-8080-exec-133] org.apache.catalina.core.ApplicationContext.log Manager: list: Listing contexts for virtual host 'localhost'
25-Nov-2019 16:27:00.421 INFO [http-nio-8080-exec-130] org.apache.catalina.core.ApplicationContext.log Manager: list: Listing contexts for virtual host 'localhost'
25-Nov-2019 16:27:05.521 INFO [http-nio-8080-exec-134] org.apache.catalina.core.ApplicationContext.log Manager: list: Listing contexts for virtual host 'localhost'
25-Nov-2019 16:27:05.524 INFO [http-nio-8080-exec-129] org.apache.catalina.core.ApplicationContext.log Manager: list: Listing contexts for virtual host 'localhost'
25-Nov-2019 16:27:05.558 INFO [http-nio-8080-exec-135] org.apache.catalina.core.ApplicationContext.log Manager: undeploy: Undeploying web application at '/Opportunity'
25-Nov-2019 16:27:06.653 INFO [http-nio-8080-exec-132] org.apache.catalina.core.ApplicationContext.log Manager: install: Installing context configuration at 'file:/C:/Users/PAULO~1.BEZ/AppData/Local/Temp/context3075435458426921757.xml'
25-Nov-2019 16:27:08.863 INFO [http-nio-8080-exec-137] org.apache.catalina.core.ApplicationContext.log Manager: start: Starting web application '/Opportunity'
25-Nov-2019 16:29:07.407 INFO [http-nio-8080-exec-139] org.apache.catalina.core.ApplicationContext.log Manager: list: Listing contexts for virtual host 'localhost'
25-Nov-2019 16:29:17.197 INFO [http-nio-8080-exec-143] org.apache.catalina.core.ApplicationContext.log Manager: list: Listing contexts for virtual host 'localhost'
25-Nov-2019 16:29:17.200 INFO [http-nio-8080-exec-146] org.apache.catalina.core.ApplicationContext.log Manager: list: Listing contexts for virtual host 'localhost'
25-Nov-2019 16:29:17.231 INFO [http-nio-8080-exec-138] org.apache.catalina.core.ApplicationContext.log Manager: undeploy: Undeploying web application at '/Opportunity'
25-Nov-2019 16:29:18.293 INFO [http-nio-8080-exec-139] org.apache.catalina.core.ApplicationContext.log Manager: install: Installing context configuration at 'file:/C:/Users/PAULO~1.BEZ/AppData/Local/Temp/context7060804864528621059.xml'
25-Nov-2019 16:29:20.253 INFO [http-nio-8080-exec-146] org.apache.catalina.core.ApplicationContext.log Manager: start: Starting web application '/Opportunity'
25-Nov-2019 16:29:58.318 INFO [http-nio-8080-exec-147] org.apache.catalina.core.ApplicationContext.log Manager: list: Listing contexts for virtual host 'localhost'
25-Nov-2019 16:30:12.685 INFO [http-nio-8080-exec-154] org.apache.catalina.core.ApplicationContext.log Manager: list: Listing contexts for virtual host 'localhost'
25-Nov-2019 16:30:12.690 INFO [http-nio-8080-exec-143] org.apache.catalina.core.ApplicationContext.log Manager: list: Listing contexts for virtual host 'localhost'
25-Nov-2019 16:30:12.730 INFO [http-nio-8080-exec-147] org.apache.catalina.core.ApplicationContext.log Manager: undeploy: Undeploying web application at '/Opportunity'
25-Nov-2019 16:30:14.130 INFO [http-nio-8080-exec-152] org.apache.catalina.core.ApplicationContext.log Manager: install: Installing context configuration at 'file:/C:/Users/PAULO~1.BEZ/AppData/Local/Temp/context4387174583309298955.xml'
25-Nov-2019 16:30:16.669 INFO [http-nio-8080-exec-153] org.apache.catalina.core.ApplicationContext.log Manager: start: Starting web application '/Opportunity'
25-Nov-2019 16:31:38.355 INFO [http-nio-8080-exec-159] org.apache.catalina.core.ApplicationContext.log Manager: list: Listing contexts for virtual host 'localhost'
25-Nov-2019 16:31:44.584 INFO [http-nio-8080-exec-157] org.apache.catalina.core.ApplicationContext.log Manager: list: Listing contexts for virtual host 'localhost'
25-Nov-2019 16:31:44.588 INFO [http-nio-8080-exec-158] org.apache.catalina.core.ApplicationContext.log Manager: list: Listing contexts for virtual host 'localhost'
25-Nov-2019 16:31:44.618 INFO [http-nio-8080-exec-159] org.apache.catalina.core.ApplicationContext.log Manager: undeploy: Undeploying web application at '/Opportunity'
25-Nov-2019 16:31:45.757 INFO [http-nio-8080-exec-157] org.apache.catalina.core.ApplicationContext.log Manager: install: Installing context configuration at 'file:/C:/Users/PAULO~1.BEZ/AppData/Local/Temp/context5942374561595544763.xml'
25-Nov-2019 16:31:48.045 INFO [http-nio-8080-exec-162] org.apache.catalina.core.ApplicationContext.log Manager: start: Starting web application '/Opportunity'
25-Nov-2019 16:33:39.256 INFO [http-nio-8080-exec-170] org.apache.catalina.core.ApplicationContext.log Manager: list: Listing contexts for virtual host 'localhost'
25-Nov-2019 16:33:47.306 INFO [http-nio-8080-exec-172] org.apache.catalina.core.ApplicationContext.log Manager: list: Listing contexts for virtual host 'localhost'
25-Nov-2019 16:33:47.310 INFO [http-nio-8080-exec-169] org.apache.catalina.core.ApplicationContext.log Manager: list: Listing contexts for virtual host 'localhost'
25-Nov-2019 16:33:47.399 INFO [http-nio-8080-exec-170] org.apache.catalina.core.ApplicationContext.log Manager: undeploy: Undeploying web application at '/Opportunity'
25-Nov-2019 16:33:48.693 INFO [http-nio-8080-exec-166] org.apache.catalina.core.ApplicationContext.log Manager: install: Installing context configuration at 'file:/C:/Users/PAULO~1.BEZ/AppData/Local/Temp/context5279964024601346735.xml'
25-Nov-2019 16:33:57.091 INFO [http-nio-8080-exec-168] org.apache.catalina.core.ApplicationContext.log Manager: start: Starting web application '/Opportunity'
25-Nov-2019 16:36:05.800 INFO [http-nio-8080-exec-184] org.apache.catalina.core.ApplicationContext.log Manager: list: Listing contexts for virtual host 'localhost'
25-Nov-2019 16:36:05.983 INFO [http-nio-8080-exec-182] org.apache.catalina.core.ApplicationContext.log Manager: stop: Stopping web application '/Opportunity'
25-Nov-2019 16:36:06.695 INFO [http-nio-8080-exec-181] org.apache.catalina.core.ApplicationContext.log Manager: start: Starting web application '/Opportunity'
25-Nov-2019 16:36:26.571 INFO [http-nio-8080-exec-190] org.apache.catalina.core.ApplicationContext.log Manager: list: Listing contexts for virtual host 'localhost'
25-Nov-2019 16:36:26.641 INFO [http-nio-8080-exec-179] org.apache.catalina.core.ApplicationContext.log Manager: undeploy: Undeploying web application at '/Opportunity'
