24-Oct-2019 00:07:23.383 INFO [http-nio-8080-exec-1265] org.apache.catalina.core.ApplicationContext.log Manager: list: Listing contexts for virtual host 'localhost'
24-Oct-2019 00:07:37.499 INFO [http-nio-8080-exec-1265] org.apache.catalina.core.ApplicationContext.log Manager: list: Listing contexts for virtual host 'localhost'
24-Oct-2019 00:07:37.505 INFO [http-nio-8080-exec-1266] org.apache.catalina.core.ApplicationContext.log Manager: list: Listing contexts for virtual host 'localhost'
24-Oct-2019 00:07:37.935 INFO [http-nio-8080-exec-1267] org.apache.catalina.core.ApplicationContext.log Manager: install: Installing context configuration at 'file:/C:/Users/PAULO~1.BEZ/AppData/Local/Temp/context1683042077129024344.xml'
24-Oct-2019 00:07:48.713 INFO [http-nio-8080-exec-1268] org.apache.catalina.core.ApplicationContext.log Manager: start: Starting web application '/Opportunity'
24-Oct-2019 00:13:44.010 INFO [http-nio-8080-exec-1267] org.apache.catalina.core.ApplicationContext.log Manager: list: Listing contexts for virtual host 'localhost'
24-Oct-2019 00:13:48.573 INFO [http-nio-8080-exec-1265] org.apache.catalina.core.ApplicationContext.log Manager: list: Listing contexts for virtual host 'localhost'
24-Oct-2019 00:13:48.575 INFO [http-nio-8080-exec-1263] org.apache.catalina.core.ApplicationContext.log Manager: list: Listing contexts for virtual host 'localhost'
24-Oct-2019 00:13:48.601 INFO [http-nio-8080-exec-1267] org.apache.catalina.core.ApplicationContext.log Manager: undeploy: Undeploying web application at '/Opportunity'
24-Oct-2019 00:14:03.163 INFO [http-nio-8080-exec-1263] org.apache.catalina.core.ApplicationContext.log Manager: install: Installing context configuration at 'file:/C:/Users/PAULO~1.BEZ/AppData/Local/Temp/context6934204713227717583.xml'
24-Oct-2019 00:14:13.637 INFO [http-nio-8080-exec-1268] org.apache.catalina.core.ApplicationContext.log Manager: start: Starting web application '/Opportunity'
24-Oct-2019 00:14:53.928 INFO [http-nio-8080-exec-1276] org.apache.catalina.core.ApplicationContext.log Manager: list: Listing contexts for virtual host 'localhost'
24-Oct-2019 00:14:59.947 INFO [http-nio-8080-exec-1274] org.apache.catalina.core.ApplicationContext.log Manager: list: Listing contexts for virtual host 'localhost'
24-Oct-2019 00:14:59.951 INFO [http-nio-8080-exec-1275] org.apache.catalina.core.ApplicationContext.log Manager: list: Listing contexts for virtual host 'localhost'
24-Oct-2019 00:15:00.064 INFO [http-nio-8080-exec-1276] org.apache.catalina.core.ApplicationContext.log Manager: undeploy: Undeploying web application at '/Opportunity'
24-Oct-2019 00:15:01.325 INFO [http-nio-8080-exec-1280] org.apache.catalina.core.ApplicationContext.log Manager: install: Installing context configuration at 'file:/C:/Users/PAULO~1.BEZ/AppData/Local/Temp/context316028425427878761.xml'
24-Oct-2019 00:15:59.110 INFO [http-nio-8080-exec-1278] org.apache.catalina.core.ApplicationContext.log Manager: list: Listing contexts for virtual host 'localhost'
24-Oct-2019 00:17:27.589 INFO [http-nio-8080-exec-1279] org.apache.catalina.core.ApplicationContext.log Manager: list: Listing contexts for virtual host 'localhost'
24-Oct-2019 00:17:27.592 INFO [http-nio-8080-exec-1285] org.apache.catalina.core.ApplicationContext.log Manager: list: Listing contexts for virtual host 'localhost'
24-Oct-2019 00:17:27.652 INFO [http-nio-8080-exec-1278] org.apache.catalina.core.ApplicationContext.log Manager: undeploy: Undeploying web application at '/Opportunity'
24-Oct-2019 00:17:28.331 INFO [http-nio-8080-exec-1282] org.apache.catalina.core.ApplicationContext.log Manager: install: Installing context configuration at 'file:/C:/Users/PAULO~1.BEZ/AppData/Local/Temp/context9042080591053634599.xml'
24-Oct-2019 00:17:30.010 INFO [http-nio-8080-exec-1287] org.apache.catalina.core.ApplicationContext.log Manager: start: Starting web application '/Opportunity'
24-Oct-2019 00:18:14.499 INFO [http-nio-8080-exec-1289] org.apache.catalina.core.ApplicationContext.log Manager: list: Listing contexts for virtual host 'localhost'
24-Oct-2019 00:18:15.173 INFO [http-nio-8080-exec-1288] org.apache.catalina.core.ApplicationContext.log Manager: list: Listing contexts for virtual host 'localhost'
24-Oct-2019 00:18:19.190 INFO [http-nio-8080-exec-1278] org.apache.catalina.core.ApplicationContext.log Manager: list: Listing contexts for virtual host 'localhost'
24-Oct-2019 00:18:19.192 INFO [http-nio-8080-exec-1292] org.apache.catalina.core.ApplicationContext.log Manager: list: Listing contexts for virtual host 'localhost'
24-Oct-2019 00:18:19.220 INFO [http-nio-8080-exec-1288] org.apache.catalina.core.ApplicationContext.log Manager: undeploy: Undeploying web application at '/Opportunity'
24-Oct-2019 00:18:24.131 INFO [http-nio-8080-exec-1283] org.apache.catalina.core.ApplicationContext.log Manager: install: Installing context configuration at 'file:/C:/Users/PAULO~1.BEZ/AppData/Local/Temp/context26772410257533189.xml'
24-Oct-2019 00:18:27.591 INFO [http-nio-8080-exec-1289] org.apache.catalina.core.ApplicationContext.log Manager: start: Starting web application '/Opportunity'
24-Oct-2019 00:19:18.845 INFO [http-nio-8080-exec-1297] org.apache.catalina.core.ApplicationContext.log Manager: list: Listing contexts for virtual host 'localhost'
24-Oct-2019 09:57:07.747 INFO [http-nio-8080-exec-1303] org.apache.catalina.core.ApplicationContext.log Manager: list: Listing contexts for virtual host 'localhost'
24-Oct-2019 09:57:08.153 INFO [http-nio-8080-exec-1299] org.apache.catalina.core.ApplicationContext.log Manager: list: Listing contexts for virtual host 'localhost'
24-Oct-2019 09:57:08.388 INFO [http-nio-8080-exec-1300] org.apache.catalina.core.ApplicationContext.log Manager: stop: Stopping web application '/Opportunity'
24-Oct-2019 09:57:25.279 INFO [http-nio-8080-exec-1303] org.apache.catalina.core.ApplicationContext.log Manager: start: Starting web application '/Opportunity'
24-Oct-2019 09:57:25.310 INFO [http-nio-8080-exec-1299] org.apache.catalina.core.ApplicationContext.log Manager: list: Listing contexts for virtual host 'localhost'
24-Oct-2019 09:57:31.325 INFO [http-nio-8080-exec-1296] org.apache.catalina.core.ApplicationContext.log Manager: undeploy: Undeploying web application at '/Opportunity'
24-Oct-2019 09:57:53.843 INFO [http-nio-8080-exec-1301] org.apache.catalina.core.ApplicationContext.log Manager: list: Listing contexts for virtual host 'localhost'
24-Oct-2019 10:05:16.701 INFO [http-nio-8080-exec-1310] org.apache.catalina.core.ApplicationContext.log Manager: list: Listing contexts for virtual host 'localhost'
24-Oct-2019 10:05:19.114 INFO [http-nio-8080-exec-1315] org.apache.catalina.core.ApplicationContext.log Manager: list: Listing contexts for virtual host 'localhost'
24-Oct-2019 10:07:05.798 INFO [http-nio-8080-exec-1313] org.apache.catalina.core.ApplicationContext.log Manager: list: Listing contexts for virtual host 'localhost'
24-Oct-2019 10:09:26.209 INFO [http-nio-8080-exec-1309] org.apache.catalina.core.ApplicationContext.log Manager: list: Listing contexts for virtual host 'localhost'
24-Oct-2019 10:11:52.470 INFO [http-nio-8080-exec-1315] org.apache.catalina.core.ApplicationContext.log Manager: list: Listing contexts for virtual host 'localhost'
24-Oct-2019 10:12:23.440 INFO [http-nio-8080-exec-1311] org.apache.catalina.core.ApplicationContext.log Manager: list: Listing contexts for virtual host 'localhost'
24-Oct-2019 10:13:10.149 INFO [http-nio-8080-exec-1309] org.apache.catalina.core.ApplicationContext.log Manager: list: Listing contexts for virtual host 'localhost'
24-Oct-2019 10:16:46.679 INFO [http-nio-8080-exec-1316] org.apache.catalina.core.ApplicationContext.log Manager: list: Listing contexts for virtual host 'localhost'
24-Oct-2019 10:18:11.665 INFO [http-nio-8080-exec-1314] org.apache.catalina.core.ApplicationContext.log Manager: list: Listing contexts for virtual host 'localhost'
24-Oct-2019 10:22:07.504 INFO [http-nio-8080-exec-1314] org.apache.catalina.core.ApplicationContext.log Manager: list: Listing contexts for virtual host 'localhost'
24-Oct-2019 10:22:07.508 INFO [http-nio-8080-exec-1315] org.apache.catalina.core.ApplicationContext.log Manager: list: Listing contexts for virtual host 'localhost'
24-Oct-2019 10:22:07.694 INFO [http-nio-8080-exec-1316] org.apache.catalina.core.ApplicationContext.log Manager: install: Installing context configuration at 'file:/C:/Users/PAULO~1.BEZ/AppData/Local/Temp/context8358258368438548737.xml'
24-Oct-2019 10:22:12.176 INFO [http-nio-8080-exec-1307] org.apache.catalina.core.ApplicationContext.log Manager: start: Starting web application '/Opportunity'
24-Oct-2019 10:25:06.064 INFO [http-nio-8080-exec-10] org.apache.catalina.core.ApplicationContext.log Manager: init: Associated with Deployer 'Catalina:type=Deployer,host=localhost'
24-Oct-2019 10:25:06.064 INFO [http-nio-8080-exec-10] org.apache.catalina.core.ApplicationContext.log Manager: init: Global resources are available
24-Oct-2019 10:25:06.079 INFO [http-nio-8080-exec-10] org.apache.catalina.core.ApplicationContext.log Manager: list: Listing contexts for virtual host 'localhost'
24-Oct-2019 10:25:06.092 INFO [http-nio-8080-exec-5] org.apache.catalina.core.ApplicationContext.log Manager: list: Listing contexts for virtual host 'localhost'
24-Oct-2019 10:25:06.194 INFO [http-nio-8080-exec-3] org.apache.catalina.core.ApplicationContext.log Manager: undeploy: Undeploying web application at '/Opportunity'
24-Oct-2019 10:25:07.461 INFO [http-nio-8080-exec-2] org.apache.catalina.core.ApplicationContext.log Manager: install: Installing context configuration at 'file:/C:/Users/PAULO~1.BEZ/AppData/Local/Temp/context4508989527485689343.xml'
24-Oct-2019 10:25:09.970 INFO [http-nio-8080-exec-7] org.apache.catalina.core.ApplicationContext.log Manager: start: Starting web application '/Opportunity'
24-Oct-2019 10:26:57.474 INFO [http-nio-8080-exec-1] org.apache.catalina.core.ApplicationContext.log Manager: list: Listing contexts for virtual host 'localhost'
24-Oct-2019 10:27:09.550 INFO [http-nio-8080-exec-11] org.apache.catalina.core.ApplicationContext.log Manager: list: Listing contexts for virtual host 'localhost'
24-Oct-2019 10:27:09.555 INFO [http-nio-8080-exec-12] org.apache.catalina.core.ApplicationContext.log Manager: list: Listing contexts for virtual host 'localhost'
24-Oct-2019 10:27:09.651 INFO [http-nio-8080-exec-17] org.apache.catalina.core.ApplicationContext.log Manager: undeploy: Undeploying web application at '/Opportunity'
24-Oct-2019 10:27:10.924 INFO [http-nio-8080-exec-14] org.apache.catalina.core.ApplicationContext.log Manager: install: Installing context configuration at 'file:/C:/Users/PAULO~1.BEZ/AppData/Local/Temp/context2007354429198812712.xml'
24-Oct-2019 10:27:22.012 INFO [http-nio-8080-exec-13] org.apache.catalina.core.ApplicationContext.log Manager: start: Starting web application '/Opportunity'
24-Oct-2019 10:28:40.754 INFO [http-nio-8080-exec-15] org.apache.catalina.core.ApplicationContext.log Manager: list: Listing contexts for virtual host 'localhost'
24-Oct-2019 10:28:53.189 INFO [http-nio-8080-exec-26] org.apache.catalina.core.ApplicationContext.log Manager: list: Listing contexts for virtual host 'localhost'
24-Oct-2019 10:28:53.193 INFO [http-nio-8080-exec-30] org.apache.catalina.core.ApplicationContext.log Manager: list: Listing contexts for virtual host 'localhost'
24-Oct-2019 10:28:53.232 INFO [http-nio-8080-exec-27] org.apache.catalina.core.ApplicationContext.log Manager: undeploy: Undeploying web application at '/Opportunity'
24-Oct-2019 10:28:54.289 INFO [http-nio-8080-exec-30] org.apache.catalina.core.ApplicationContext.log Manager: install: Installing context configuration at 'file:/C:/Users/PAULO~1.BEZ/AppData/Local/Temp/context8350000963972635161.xml'
24-Oct-2019 10:28:56.631 INFO [http-nio-8080-exec-24] org.apache.catalina.core.ApplicationContext.log Manager: start: Starting web application '/Opportunity'
24-Oct-2019 10:30:13.190 INFO [http-nio-8080-exec-28] org.apache.catalina.core.ApplicationContext.log Manager: list: Listing contexts for virtual host 'localhost'
24-Oct-2019 10:30:24.648 INFO [http-nio-8080-exec-32] org.apache.catalina.core.ApplicationContext.log Manager: list: Listing contexts for virtual host 'localhost'
24-Oct-2019 10:30:24.656 INFO [http-nio-8080-exec-35] org.apache.catalina.core.ApplicationContext.log Manager: list: Listing contexts for virtual host 'localhost'
24-Oct-2019 10:30:24.724 INFO [http-nio-8080-exec-36] org.apache.catalina.core.ApplicationContext.log Manager: undeploy: Undeploying web application at '/Opportunity'
24-Oct-2019 10:30:25.820 INFO [http-nio-8080-exec-32] org.apache.catalina.core.ApplicationContext.log Manager: install: Installing context configuration at 'file:/C:/Users/PAULO~1.BEZ/AppData/Local/Temp/context5701947978855473459.xml'
24-Oct-2019 10:30:28.452 INFO [http-nio-8080-exec-37] org.apache.catalina.core.ApplicationContext.log Manager: start: Starting web application '/Opportunity'
24-Oct-2019 10:32:39.520 INFO [http-nio-8080-exec-45] org.apache.catalina.core.ApplicationContext.log Manager: list: Listing contexts for virtual host 'localhost'
24-Oct-2019 10:32:51.133 INFO [http-nio-8080-exec-40] org.apache.catalina.core.ApplicationContext.log Manager: list: Listing contexts for virtual host 'localhost'
24-Oct-2019 10:32:51.138 INFO [http-nio-8080-exec-41] org.apache.catalina.core.ApplicationContext.log Manager: list: Listing contexts for virtual host 'localhost'
24-Oct-2019 10:32:51.175 INFO [http-nio-8080-exec-45] org.apache.catalina.core.ApplicationContext.log Manager: undeploy: Undeploying web application at '/Opportunity'
24-Oct-2019 10:32:52.210 INFO [http-nio-8080-exec-42] org.apache.catalina.core.ApplicationContext.log Manager: install: Installing context configuration at 'file:/C:/Users/PAULO~1.BEZ/AppData/Local/Temp/context5517862321426469459.xml'
24-Oct-2019 10:32:54.656 INFO [http-nio-8080-exec-48] org.apache.catalina.core.ApplicationContext.log Manager: start: Starting web application '/Opportunity'
24-Oct-2019 10:33:48.203 INFO [http-nio-8080-exec-43] org.apache.catalina.core.ApplicationContext.log Manager: list: Listing contexts for virtual host 'localhost'
24-Oct-2019 10:33:48.203 INFO [http-nio-8080-exec-52] org.apache.catalina.core.ApplicationContext.log Manager: list: Listing contexts for virtual host 'localhost'
24-Oct-2019 10:33:48.253 INFO [http-nio-8080-exec-53] org.apache.catalina.core.ApplicationContext.log Manager: undeploy: Undeploying web application at '/Opportunity'
24-Oct-2019 10:33:49.303 INFO [http-nio-8080-exec-50] org.apache.catalina.core.ApplicationContext.log Manager: install: Installing context configuration at 'file:/C:/Users/PAULO~1.BEZ/AppData/Local/Temp/context4240000573284742458.xml'
24-Oct-2019 10:33:51.998 INFO [http-nio-8080-exec-48] org.apache.catalina.core.ApplicationContext.log Manager: start: Starting web application '/Opportunity'
24-Oct-2019 10:34:53.760 INFO [http-nio-8080-exec-54] org.apache.catalina.core.ApplicationContext.log Manager: list: Listing contexts for virtual host 'localhost'
24-Oct-2019 10:34:54.340 INFO [http-nio-8080-exec-57] org.apache.catalina.core.ApplicationContext.log Manager: restart: Reloading web application '/Opportunity'
24-Oct-2019 10:37:04.972 INFO [http-nio-8080-exec-68] org.apache.catalina.core.ApplicationContext.log Manager: list: Listing contexts for virtual host 'localhost'
24-Oct-2019 10:37:05.757 INFO [http-nio-8080-exec-71] org.apache.catalina.core.ApplicationContext.log Manager: restart: Reloading web application '/Opportunity'
24-Oct-2019 10:40:18.435 INFO [http-nio-8080-exec-79] org.apache.catalina.core.ApplicationContext.log Manager: list: Listing contexts for virtual host 'localhost'
24-Oct-2019 10:40:30.070 INFO [http-nio-8080-exec-77] org.apache.catalina.core.ApplicationContext.log Manager: list: Listing contexts for virtual host 'localhost'
24-Oct-2019 10:40:30.074 INFO [http-nio-8080-exec-78] org.apache.catalina.core.ApplicationContext.log Manager: list: Listing contexts for virtual host 'localhost'
24-Oct-2019 10:40:30.108 INFO [http-nio-8080-exec-79] org.apache.catalina.core.ApplicationContext.log Manager: undeploy: Undeploying web application at '/Opportunity'
24-Oct-2019 10:40:31.238 INFO [http-nio-8080-exec-80] org.apache.catalina.core.ApplicationContext.log Manager: install: Installing context configuration at 'file:/C:/Users/PAULO~1.BEZ/AppData/Local/Temp/context4235826912786285949.xml'
24-Oct-2019 10:40:33.545 INFO [http-nio-8080-exec-81] org.apache.catalina.core.ApplicationContext.log Manager: start: Starting web application '/Opportunity'
24-Oct-2019 10:41:23.674 INFO [http-nio-8080-exec-90] org.apache.catalina.core.ApplicationContext.log Manager: list: Listing contexts for virtual host 'localhost'
24-Oct-2019 10:41:37.060 INFO [http-nio-8080-exec-90] org.apache.catalina.core.ApplicationContext.log Manager: list: Listing contexts for virtual host 'localhost'
24-Oct-2019 10:41:37.064 INFO [http-nio-8080-exec-92] org.apache.catalina.core.ApplicationContext.log Manager: list: Listing contexts for virtual host 'localhost'
24-Oct-2019 10:41:37.160 INFO [http-nio-8080-exec-85] org.apache.catalina.core.ApplicationContext.log Manager: undeploy: Undeploying web application at '/Opportunity'
24-Oct-2019 10:41:38.358 INFO [http-nio-8080-exec-90] org.apache.catalina.core.ApplicationContext.log Manager: install: Installing context configuration at 'file:/C:/Users/PAULO~1.BEZ/AppData/Local/Temp/context7609373718039070317.xml'
24-Oct-2019 10:41:47.477 INFO [http-nio-8080-exec-91] org.apache.catalina.core.ApplicationContext.log Manager: start: Starting web application '/Opportunity'
24-Oct-2019 10:42:27.114 INFO [http-nio-8080-exec-86] org.apache.catalina.core.ApplicationContext.log Manager: list: Listing contexts for virtual host 'localhost'
24-Oct-2019 10:42:27.295 INFO [http-nio-8080-exec-87] org.apache.catalina.core.ApplicationContext.log Manager: stop: Stopping web application '/Opportunity'
24-Oct-2019 10:42:27.776 INFO [http-nio-8080-exec-95] org.apache.catalina.core.ApplicationContext.log Manager: start: Starting web application '/Opportunity'
24-Oct-2019 10:42:46.754 INFO [http-nio-8080-exec-102] org.apache.catalina.core.ApplicationContext.log Manager: list: Listing contexts for virtual host 'localhost'
24-Oct-2019 10:42:46.769 INFO [http-nio-8080-exec-100] org.apache.catalina.core.ApplicationContext.log Manager: undeploy: Undeploying web application at '/Opportunity'
24-Oct-2019 10:50:31.590 INFO [http-nio-8080-exec-108] org.apache.catalina.core.ApplicationContext.log Manager: list: Listing contexts for virtual host 'localhost'
24-Oct-2019 10:50:33.216 INFO [http-nio-8080-exec-111] org.apache.catalina.core.ApplicationContext.log Manager: list: Listing contexts for virtual host 'localhost'
24-Oct-2019 10:50:39.987 INFO [http-nio-8080-exec-106] org.apache.catalina.core.ApplicationContext.log Manager: list: Listing contexts for virtual host 'localhost'
24-Oct-2019 10:54:50.469 INFO [http-nio-8080-exec-113] org.apache.catalina.core.ApplicationContext.log Manager: list: Listing contexts for virtual host 'localhost'
24-Oct-2019 10:54:56.689 INFO [http-nio-8080-exec-108] org.apache.catalina.core.ApplicationContext.log Manager: list: Listing contexts for virtual host 'localhost'
24-Oct-2019 10:55:39.368 INFO [http-nio-8080-exec-114] org.apache.catalina.core.ApplicationContext.log Manager: list: Listing contexts for virtual host 'localhost'
24-Oct-2019 10:58:13.001 INFO [http-nio-8080-exec-110] org.apache.catalina.core.ApplicationContext.log Manager: list: Listing contexts for virtual host 'localhost'
24-Oct-2019 10:58:13.006 INFO [http-nio-8080-exec-111] org.apache.catalina.core.ApplicationContext.log Manager: list: Listing contexts for virtual host 'localhost'
24-Oct-2019 10:58:13.250 INFO [http-nio-8080-exec-112] org.apache.catalina.core.ApplicationContext.log Manager: install: Installing context configuration at 'file:/C:/Users/PAULO~1.BEZ/AppData/Local/Temp/context2281119145652925422.xml'
24-Oct-2019 10:58:15.712 INFO [http-nio-8080-exec-113] org.apache.catalina.core.ApplicationContext.log Manager: start: Starting web application '/Opportunity'
24-Oct-2019 11:08:58.805 INFO [http-nio-8080-exec-114] org.apache.catalina.core.ApplicationContext.log Manager: list: Listing contexts for virtual host 'localhost'
24-Oct-2019 11:08:59.495 INFO [http-nio-8080-exec-105] org.apache.catalina.core.ApplicationContext.log Manager: restart: Reloading web application '/Opportunity'
24-Oct-2019 11:09:22.440 INFO [http-nio-8080-exec-108] org.apache.catalina.core.ApplicationContext.log Manager: list: Listing contexts for virtual host 'localhost'
24-Oct-2019 11:09:22.962 INFO [http-nio-8080-exec-112] org.apache.catalina.core.ApplicationContext.log Manager: restart: Reloading web application '/Opportunity'
24-Oct-2019 11:09:25.969 INFO [http-nio-8080-exec-108] org.apache.catalina.core.ApplicationContext.log Manager: list: Listing contexts for virtual host 'localhost'
24-Oct-2019 11:09:26.535 INFO [http-nio-8080-exec-110] org.apache.catalina.core.ApplicationContext.log Manager: restart: Reloading web application '/Opportunity'
24-Oct-2019 11:09:39.346 INFO [http-nio-8080-exec-113] org.apache.catalina.core.ApplicationContext.log Manager: list: Listing contexts for virtual host 'localhost'
24-Oct-2019 11:09:39.490 INFO [http-nio-8080-exec-119] org.apache.catalina.core.ApplicationContext.log Manager: stop: Stopping web application '/Opportunity'
24-Oct-2019 11:09:39.814 INFO [http-nio-8080-exec-115] org.apache.catalina.core.ApplicationContext.log Manager: start: Starting web application '/Opportunity'
24-Oct-2019 11:09:54.850 INFO [http-nio-8080-exec-119] org.apache.catalina.core.ApplicationContext.log Manager: list: Listing contexts for virtual host 'localhost'
24-Oct-2019 11:09:54.850 INFO [http-nio-8080-exec-122] org.apache.catalina.core.ApplicationContext.log Manager: list: Listing contexts for virtual host 'localhost'
24-Oct-2019 11:09:54.934 INFO [http-nio-8080-exec-116] org.apache.catalina.core.ApplicationContext.log Manager: undeploy: Undeploying web application at '/Opportunity'
24-Oct-2019 11:09:56.016 INFO [http-nio-8080-exec-123] org.apache.catalina.core.ApplicationContext.log Manager: install: Installing context configuration at 'file:/C:/Users/PAULO~1.BEZ/AppData/Local/Temp/context3995909567208703352.xml'
24-Oct-2019 11:09:58.336 INFO [http-nio-8080-exec-119] org.apache.catalina.core.ApplicationContext.log Manager: start: Starting web application '/Opportunity'
24-Oct-2019 11:20:09.833 INFO [http-nio-8080-exec-131] org.apache.catalina.core.ApplicationContext.log Manager: list: Listing contexts for virtual host 'localhost'
24-Oct-2019 11:20:09.842 INFO [http-nio-8080-exec-132] org.apache.catalina.core.ApplicationContext.log Manager: list: Listing contexts for virtual host 'localhost'
24-Oct-2019 11:20:09.981 INFO [http-nio-8080-exec-133] org.apache.catalina.core.ApplicationContext.log Manager: undeploy: Undeploying web application at '/Opportunity'
24-Oct-2019 11:20:11.028 INFO [http-nio-8080-exec-128] org.apache.catalina.core.ApplicationContext.log Manager: install: Installing context configuration at 'file:/C:/Users/PAULO~1.BEZ/AppData/Local/Temp/context991673349139476830.xml'
24-Oct-2019 11:20:20.369 INFO [http-nio-8080-exec-129] org.apache.catalina.core.ApplicationContext.log Manager: start: Starting web application '/Opportunity'
24-Oct-2019 11:21:56.014 INFO [http-nio-8080-exec-138] org.apache.catalina.core.ApplicationContext.log Manager: list: Listing contexts for virtual host 'localhost'
24-Oct-2019 11:21:56.016 INFO [http-nio-8080-exec-139] org.apache.catalina.core.ApplicationContext.log Manager: list: Listing contexts for virtual host 'localhost'
24-Oct-2019 11:21:56.050 INFO [http-nio-8080-exec-132] org.apache.catalina.core.ApplicationContext.log Manager: undeploy: Undeploying web application at '/Opportunity'
24-Oct-2019 11:21:56.783 INFO [http-nio-8080-exec-138] org.apache.catalina.core.ApplicationContext.log Manager: install: Installing context configuration at 'file:/C:/Users/PAULO~1.BEZ/AppData/Local/Temp/context3990382269552418887.xml'
24-Oct-2019 11:21:58.663 INFO [http-nio-8080-exec-137] org.apache.catalina.core.ApplicationContext.log Manager: start: Starting web application '/Opportunity'
24-Oct-2019 14:52:05.363 INFO [http-nio-8080-exec-144] org.apache.catalina.core.ApplicationContext.log Manager: list: Listing contexts for virtual host 'localhost'
24-Oct-2019 14:52:05.367 INFO [http-nio-8080-exec-145] org.apache.catalina.core.ApplicationContext.log Manager: list: Listing contexts for virtual host 'localhost'
24-Oct-2019 14:52:05.418 INFO [http-nio-8080-exec-146] org.apache.catalina.core.ApplicationContext.log Manager: undeploy: Undeploying web application at '/Opportunity'
24-Oct-2019 14:52:06.939 INFO [http-nio-8080-exec-143] org.apache.catalina.core.ApplicationContext.log Manager: install: Installing context configuration at 'file:/C:/Users/PAULO~1.BEZ/AppData/Local/Temp/context1620667439984083350.xml'
24-Oct-2019 14:52:10.822 INFO [http-nio-8080-exec-144] org.apache.catalina.core.ApplicationContext.log Manager: start: Starting web application '/Opportunity'
24-Oct-2019 14:58:04.537 INFO [http-nio-8080-exec-159] org.apache.catalina.core.ApplicationContext.log Manager: list: Listing contexts for virtual host 'localhost'
24-Oct-2019 14:58:04.859 INFO [http-nio-8080-exec-154] org.apache.catalina.core.ApplicationContext.log Manager: restart: Reloading web application '/Opportunity'
24-Oct-2019 14:58:49.978 INFO [http-nio-8080-exec-166] org.apache.catalina.core.ApplicationContext.log Manager: list: Listing contexts for virtual host 'localhost'
24-Oct-2019 14:58:50.216 INFO [http-nio-8080-exec-162] org.apache.catalina.core.ApplicationContext.log Manager: restart: Reloading web application '/Opportunity'
24-Oct-2019 15:02:05.480 INFO [http-nio-8080-exec-172] org.apache.catalina.core.ApplicationContext.log Manager: list: Listing contexts for virtual host 'localhost'
24-Oct-2019 15:02:17.632 INFO [http-nio-8080-exec-170] org.apache.catalina.core.ApplicationContext.log Manager: list: Listing contexts for virtual host 'localhost'
24-Oct-2019 15:02:17.636 INFO [http-nio-8080-exec-171] org.apache.catalina.core.ApplicationContext.log Manager: list: Listing contexts for virtual host 'localhost'
24-Oct-2019 15:02:17.719 INFO [http-nio-8080-exec-172] org.apache.catalina.core.ApplicationContext.log Manager: undeploy: Undeploying web application at '/Opportunity'
24-Oct-2019 15:02:18.502 INFO [http-nio-8080-exec-174] org.apache.catalina.core.ApplicationContext.log Manager: install: Installing context configuration at 'file:/C:/Users/PAULO~1.BEZ/AppData/Local/Temp/context7868299369391961550.xml'
24-Oct-2019 15:02:23.162 INFO [http-nio-8080-exec-171] org.apache.catalina.core.ApplicationContext.log Manager: start: Starting web application '/Opportunity'
24-Oct-2019 15:04:40.284 INFO [http-nio-8080-exec-177] org.apache.catalina.core.ApplicationContext.log Manager: list: Listing contexts for virtual host 'localhost'
24-Oct-2019 15:04:40.570 INFO [http-nio-8080-exec-182] org.apache.catalina.core.ApplicationContext.log Manager: restart: Reloading web application '/Opportunity'
24-Oct-2019 15:06:26.116 INFO [http-nio-8080-exec-187] org.apache.catalina.core.ApplicationContext.log Manager: list: Listing contexts for virtual host 'localhost'
24-Oct-2019 15:06:34.877 INFO [http-nio-8080-exec-186] org.apache.catalina.core.ApplicationContext.log Manager: list: Listing contexts for virtual host 'localhost'
24-Oct-2019 15:06:35.146 INFO [http-nio-8080-exec-187] org.apache.catalina.core.ApplicationContext.log Manager: restart: Reloading web application '/Opportunity'
24-Oct-2019 23:06:19.669 INFO [http-nio-8080-exec-200] org.apache.catalina.core.ApplicationContext.log Manager: list: Listing contexts for virtual host 'localhost'
24-Oct-2019 23:06:24.408 INFO [http-nio-8080-exec-203] org.apache.catalina.core.ApplicationContext.log Manager: list: Listing contexts for virtual host 'localhost'
24-Oct-2019 23:06:58.743 INFO [http-nio-8080-exec-198] org.apache.catalina.core.ApplicationContext.log Manager: list: Listing contexts for virtual host 'localhost'
24-Oct-2019 23:08:19.918 INFO [http-nio-8080-exec-204] org.apache.catalina.core.ApplicationContext.log Manager: list: Listing contexts for virtual host 'localhost'
24-Oct-2019 23:08:34.972 INFO [http-nio-8080-exec-197] org.apache.catalina.core.ApplicationContext.log Manager: list: Listing contexts for virtual host 'localhost'
24-Oct-2019 23:08:45.485 INFO [http-nio-8080-exec-202] org.apache.catalina.core.ApplicationContext.log Manager: list: Listing contexts for virtual host 'localhost'
24-Oct-2019 23:09:05.764 INFO [http-nio-8080-exec-205] org.apache.catalina.core.ApplicationContext.log Manager: list: Listing contexts for virtual host 'localhost'
24-Oct-2019 23:10:07.265 INFO [http-nio-8080-exec-198] org.apache.catalina.core.ApplicationContext.log Manager: list: Listing contexts for virtual host 'localhost'
24-Oct-2019 23:10:40.609 INFO [http-nio-8080-exec-204] org.apache.catalina.core.ApplicationContext.log Manager: list: Listing contexts for virtual host 'localhost'
24-Oct-2019 23:11:54.433 INFO [http-nio-8080-exec-196] org.apache.catalina.core.ApplicationContext.log Manager: list: Listing contexts for virtual host 'localhost'
24-Oct-2019 23:12:23.976 INFO [http-nio-8080-exec-200] org.apache.catalina.core.ApplicationContext.log Manager: list: Listing contexts for virtual host 'localhost'
24-Oct-2019 23:12:42.331 INFO [http-nio-8080-exec-203] org.apache.catalina.core.ApplicationContext.log Manager: list: Listing contexts for virtual host 'localhost'
24-Oct-2019 23:14:02.464 INFO [http-nio-8080-exec-199] org.apache.catalina.core.ApplicationContext.log Manager: list: Listing contexts for virtual host 'localhost'
24-Oct-2019 23:14:36.295 INFO [http-nio-8080-exec-197] org.apache.catalina.core.ApplicationContext.log Manager: list: Listing contexts for virtual host 'localhost'
24-Oct-2019 23:15:03.830 INFO [http-nio-8080-exec-200] org.apache.catalina.core.ApplicationContext.log Manager: list: Listing contexts for virtual host 'localhost'
24-Oct-2019 23:16:51.003 INFO [http-nio-8080-exec-205] org.apache.catalina.core.ApplicationContext.log Manager: list: Listing contexts for virtual host 'localhost'
24-Oct-2019 23:16:59.584 INFO [http-nio-8080-exec-200] org.apache.catalina.core.ApplicationContext.log Manager: list: Listing contexts for virtual host 'localhost'
24-Oct-2019 23:16:59.586 INFO [http-nio-8080-exec-201] org.apache.catalina.core.ApplicationContext.log Manager: list: Listing contexts for virtual host 'localhost'
24-Oct-2019 23:16:59.637 INFO [http-nio-8080-exec-197] org.apache.catalina.core.ApplicationContext.log Manager: undeploy: Undeploying web application at '/Opportunity'
24-Oct-2019 23:17:02.969 INFO [http-nio-8080-exec-198] org.apache.catalina.core.ApplicationContext.log Manager: install: Installing context configuration at 'file:/C:/Users/PAULO~1.BEZ/AppData/Local/Temp/context8427542327422262021.xml'
24-Oct-2019 23:17:11.035 INFO [http-nio-8080-exec-199] org.apache.catalina.core.ApplicationContext.log Manager: start: Starting web application '/Opportunity'
24-Oct-2019 23:20:02.998 INFO [http-nio-8080-exec-213] org.apache.catalina.core.ApplicationContext.log Manager: list: Listing contexts for virtual host 'localhost'
24-Oct-2019 23:20:08.070 INFO [http-nio-8080-exec-210] org.apache.catalina.core.ApplicationContext.log Manager: list: Listing contexts for virtual host 'localhost'
24-Oct-2019 23:20:08.072 INFO [http-nio-8080-exec-213] org.apache.catalina.core.ApplicationContext.log Manager: list: Listing contexts for virtual host 'localhost'
24-Oct-2019 23:20:08.121 INFO [http-nio-8080-exec-209] org.apache.catalina.core.ApplicationContext.log Manager: undeploy: Undeploying web application at '/Opportunity'
24-Oct-2019 23:20:09.076 INFO [http-nio-8080-exec-215] org.apache.catalina.core.ApplicationContext.log Manager: install: Installing context configuration at 'file:/C:/Users/PAULO~1.BEZ/AppData/Local/Temp/context4674857709287337157.xml'
24-Oct-2019 23:20:13.526 INFO [http-nio-8080-exec-211] org.apache.catalina.core.ApplicationContext.log Manager: start: Starting web application '/Opportunity'
24-Oct-2019 23:21:03.453 INFO [http-nio-8080-exec-221] org.apache.catalina.core.ApplicationContext.log Manager: list: Listing contexts for virtual host 'localhost'
24-Oct-2019 23:21:40.445 INFO [http-nio-8080-exec-216] org.apache.catalina.core.ApplicationContext.log Manager: list: Listing contexts for virtual host 'localhost'
24-Oct-2019 23:22:02.231 INFO [http-nio-8080-exec-225] org.apache.catalina.core.ApplicationContext.log Manager: list: Listing contexts for virtual host 'localhost'
24-Oct-2019 23:22:43.096 INFO [http-nio-8080-exec-220] org.apache.catalina.core.ApplicationContext.log Manager: list: Listing contexts for virtual host 'localhost'
24-Oct-2019 23:23:07.088 INFO [http-nio-8080-exec-219] org.apache.catalina.core.ApplicationContext.log Manager: list: Listing contexts for virtual host 'localhost'
24-Oct-2019 23:24:11.307 INFO [http-nio-8080-exec-223] org.apache.catalina.core.ApplicationContext.log Manager: list: Listing contexts for virtual host 'localhost'
24-Oct-2019 23:24:15.616 INFO [http-nio-8080-exec-222] org.apache.catalina.core.ApplicationContext.log Manager: list: Listing contexts for virtual host 'localhost'
24-Oct-2019 23:24:15.618 INFO [http-nio-8080-exec-223] org.apache.catalina.core.ApplicationContext.log Manager: list: Listing contexts for virtual host 'localhost'
24-Oct-2019 23:24:15.636 INFO [http-nio-8080-exec-218] org.apache.catalina.core.ApplicationContext.log Manager: undeploy: Undeploying web application at '/Opportunity'
24-Oct-2019 23:24:16.548 INFO [http-nio-8080-exec-216] org.apache.catalina.core.ApplicationContext.log Manager: install: Installing context configuration at 'file:/C:/Users/PAULO~1.BEZ/AppData/Local/Temp/context4870877102642969871.xml'
24-Oct-2019 23:24:17.570 INFO [http-nio-8080-exec-225] org.apache.catalina.core.ApplicationContext.log Manager: start: Starting web application '/Opportunity'
24-Oct-2019 23:26:54.388 INFO [http-nio-8080-exec-228] org.apache.catalina.core.ApplicationContext.log Manager: list: Listing contexts for virtual host 'localhost'
24-Oct-2019 23:26:59.272 INFO [http-nio-8080-exec-227] org.apache.catalina.core.ApplicationContext.log Manager: list: Listing contexts for virtual host 'localhost'
24-Oct-2019 23:26:59.274 INFO [http-nio-8080-exec-231] org.apache.catalina.core.ApplicationContext.log Manager: list: Listing contexts for virtual host 'localhost'
24-Oct-2019 23:26:59.300 INFO [http-nio-8080-exec-229] org.apache.catalina.core.ApplicationContext.log Manager: undeploy: Undeploying web application at '/Opportunity'
24-Oct-2019 23:27:00.205 INFO [http-nio-8080-exec-227] org.apache.catalina.core.ApplicationContext.log Manager: install: Installing context configuration at 'file:/C:/Users/PAULO~1.BEZ/AppData/Local/Temp/context3800831657021895353.xml'
24-Oct-2019 23:27:01.495 INFO [http-nio-8080-exec-231] org.apache.catalina.core.ApplicationContext.log Manager: start: Starting web application '/Opportunity'
24-Oct-2019 23:30:33.419 INFO [http-nio-8080-exec-238] org.apache.catalina.core.ApplicationContext.log Manager: list: Listing contexts for virtual host 'localhost'
24-Oct-2019 23:33:46.213 INFO [http-nio-8080-exec-245] org.apache.catalina.core.ApplicationContext.log Manager: list: Listing contexts for virtual host 'localhost'
24-Oct-2019 23:35:06.220 INFO [http-nio-8080-exec-243] org.apache.catalina.core.ApplicationContext.log Manager: list: Listing contexts for virtual host 'localhost'
24-Oct-2019 23:35:11.542 INFO [http-nio-8080-exec-244] org.apache.catalina.core.ApplicationContext.log Manager: list: Listing contexts for virtual host 'localhost'
24-Oct-2019 23:35:11.545 INFO [http-nio-8080-exec-245] org.apache.catalina.core.ApplicationContext.log Manager: list: Listing contexts for virtual host 'localhost'
24-Oct-2019 23:35:11.605 INFO [http-nio-8080-exec-236] org.apache.catalina.core.ApplicationContext.log Manager: undeploy: Undeploying web application at '/Opportunity'
24-Oct-2019 23:35:12.538 INFO [http-nio-8080-exec-241] org.apache.catalina.core.ApplicationContext.log Manager: install: Installing context configuration at 'file:/C:/Users/PAULO~1.BEZ/AppData/Local/Temp/context8388129472728083664.xml'
24-Oct-2019 23:35:17.193 INFO [http-nio-8080-exec-242] org.apache.catalina.core.ApplicationContext.log Manager: start: Starting web application '/Opportunity'
24-Oct-2019 23:36:44.859 INFO [http-nio-8080-exec-254] org.apache.catalina.core.ApplicationContext.log Manager: list: Listing contexts for virtual host 'localhost'
24-Oct-2019 23:37:04.354 INFO [http-nio-8080-exec-252] org.apache.catalina.core.ApplicationContext.log Manager: list: Listing contexts for virtual host 'localhost'
24-Oct-2019 23:37:09.236 INFO [http-nio-8080-exec-251] org.apache.catalina.core.ApplicationContext.log Manager: list: Listing contexts for virtual host 'localhost'
24-Oct-2019 23:37:09.238 INFO [http-nio-8080-exec-255] org.apache.catalina.core.ApplicationContext.log Manager: list: Listing contexts for virtual host 'localhost'
24-Oct-2019 23:37:09.260 INFO [http-nio-8080-exec-252] org.apache.catalina.core.ApplicationContext.log Manager: undeploy: Undeploying web application at '/Opportunity'
24-Oct-2019 23:37:10.088 INFO [http-nio-8080-exec-255] org.apache.catalina.core.ApplicationContext.log Manager: install: Installing context configuration at 'file:/C:/Users/PAULO~1.BEZ/AppData/Local/Temp/context3932613449516238760.xml'
24-Oct-2019 23:37:11.295 INFO [http-nio-8080-exec-248] org.apache.catalina.core.ApplicationContext.log Manager: start: Starting web application '/Opportunity'
24-Oct-2019 23:38:11.394 INFO [http-nio-8080-exec-258] org.apache.catalina.core.ApplicationContext.log Manager: list: Listing contexts for virtual host 'localhost'
24-Oct-2019 23:38:15.890 INFO [http-nio-8080-exec-261] org.apache.catalina.core.ApplicationContext.log Manager: list: Listing contexts for virtual host 'localhost'
24-Oct-2019 23:38:15.893 INFO [http-nio-8080-exec-258] org.apache.catalina.core.ApplicationContext.log Manager: list: Listing contexts for virtual host 'localhost'
24-Oct-2019 23:38:15.930 INFO [http-nio-8080-exec-262] org.apache.catalina.core.ApplicationContext.log Manager: undeploy: Undeploying web application at '/Opportunity'
24-Oct-2019 23:38:16.814 INFO [http-nio-8080-exec-258] org.apache.catalina.core.ApplicationContext.log Manager: install: Installing context configuration at 'file:/C:/Users/PAULO~1.BEZ/AppData/Local/Temp/context2841955479276864757.xml'
24-Oct-2019 23:38:17.825 INFO [http-nio-8080-exec-259] org.apache.catalina.core.ApplicationContext.log Manager: start: Starting web application '/Opportunity'
24-Oct-2019 23:39:01.677 INFO [http-nio-8080-exec-268] org.apache.catalina.core.ApplicationContext.log Manager: list: Listing contexts for virtual host 'localhost'
24-Oct-2019 23:39:40.349 INFO [http-nio-8080-exec-269] org.apache.catalina.core.ApplicationContext.log Manager: list: Listing contexts for virtual host 'localhost'
24-Oct-2019 23:39:47.736 INFO [http-nio-8080-exec-269] org.apache.catalina.core.ApplicationContext.log Manager: list: Listing contexts for virtual host 'localhost'
24-Oct-2019 23:39:47.736 INFO [http-nio-8080-exec-265] org.apache.catalina.core.ApplicationContext.log Manager: list: Listing contexts for virtual host 'localhost'
24-Oct-2019 23:39:47.781 INFO [http-nio-8080-exec-274] org.apache.catalina.core.ApplicationContext.log Manager: undeploy: Undeploying web application at '/Opportunity'
24-Oct-2019 23:39:48.863 INFO [http-nio-8080-exec-269] org.apache.catalina.core.ApplicationContext.log Manager: install: Installing context configuration at 'file:/C:/Users/PAULO~1.BEZ/AppData/Local/Temp/context7383581619072768538.xml'
24-Oct-2019 23:39:50.818 INFO [http-nio-8080-exec-270] org.apache.catalina.core.ApplicationContext.log Manager: start: Starting web application '/Opportunity'
24-Oct-2019 23:42:00.751 INFO [http-nio-8080-exec-283] org.apache.catalina.core.ApplicationContext.log Manager: list: Listing contexts for virtual host 'localhost'
24-Oct-2019 23:42:36.375 INFO [http-nio-8080-exec-280] org.apache.catalina.core.ApplicationContext.log Manager: list: Listing contexts for virtual host 'localhost'
24-Oct-2019 23:42:36.465 INFO [http-nio-8080-exec-277] org.apache.catalina.core.ApplicationContext.log Manager: restart: Reloading web application '/Opportunity'
24-Oct-2019 23:43:11.926 INFO [http-nio-8080-exec-275] org.apache.catalina.core.ApplicationContext.log Manager: list: Listing contexts for virtual host 'localhost'
24-Oct-2019 23:43:11.993 INFO [http-nio-8080-exec-285] org.apache.catalina.core.ApplicationContext.log Manager: restart: Reloading web application '/Opportunity'
24-Oct-2019 23:43:19.265 INFO [http-nio-8080-exec-286] org.apache.catalina.core.ApplicationContext.log Manager: list: Listing contexts for virtual host 'localhost'
24-Oct-2019 23:43:19.265 INFO [http-nio-8080-exec-282] org.apache.catalina.core.ApplicationContext.log Manager: list: Listing contexts for virtual host 'localhost'
24-Oct-2019 23:43:19.319 INFO [http-nio-8080-exec-289] org.apache.catalina.core.ApplicationContext.log Manager: undeploy: Undeploying web application at '/Opportunity'
24-Oct-2019 23:43:20.573 INFO [http-nio-8080-exec-288] org.apache.catalina.core.ApplicationContext.log Manager: install: Installing context configuration at 'file:/C:/Users/PAULO~1.BEZ/AppData/Local/Temp/context7027217057752828404.xml'
24-Oct-2019 23:43:22.591 INFO [http-nio-8080-exec-283] org.apache.catalina.core.ApplicationContext.log Manager: start: Starting web application '/Opportunity'
24-Oct-2019 23:44:27.238 INFO [http-nio-8080-exec-290] org.apache.catalina.core.ApplicationContext.log Manager: list: Listing contexts for virtual host 'localhost'
24-Oct-2019 23:45:02.509 INFO [http-nio-8080-exec-290] org.apache.catalina.core.ApplicationContext.log Manager: list: Listing contexts for virtual host 'localhost'
24-Oct-2019 23:45:08.421 INFO [http-nio-8080-exec-295] org.apache.catalina.core.ApplicationContext.log Manager: list: Listing contexts for virtual host 'localhost'
24-Oct-2019 23:45:08.423 INFO [http-nio-8080-exec-298] org.apache.catalina.core.ApplicationContext.log Manager: list: Listing contexts for virtual host 'localhost'
24-Oct-2019 23:45:08.441 INFO [http-nio-8080-exec-290] org.apache.catalina.core.ApplicationContext.log Manager: undeploy: Undeploying web application at '/Opportunity'
24-Oct-2019 23:45:09.303 INFO [http-nio-8080-exec-294] org.apache.catalina.core.ApplicationContext.log Manager: install: Installing context configuration at 'file:/C:/Users/PAULO~1.BEZ/AppData/Local/Temp/context3730293212603182711.xml'
24-Oct-2019 23:45:10.292 INFO [http-nio-8080-exec-297] org.apache.catalina.core.ApplicationContext.log Manager: start: Starting web application '/Opportunity'
24-Oct-2019 23:46:38.345 INFO [http-nio-8080-exec-302] org.apache.catalina.core.ApplicationContext.log Manager: list: Listing contexts for virtual host 'localhost'
24-Oct-2019 23:46:38.411 INFO [http-nio-8080-exec-307] org.apache.catalina.core.ApplicationContext.log Manager: stop: Stopping web application '/Opportunity'
24-Oct-2019 23:46:38.664 INFO [http-nio-8080-exec-306] org.apache.catalina.core.ApplicationContext.log Manager: start: Starting web application '/Opportunity'
24-Oct-2019 23:47:05.909 INFO [http-nio-8080-exec-310] org.apache.catalina.core.ApplicationContext.log Manager: list: Listing contexts for virtual host 'localhost'
24-Oct-2019 23:47:05.916 INFO [http-nio-8080-exec-304] org.apache.catalina.core.ApplicationContext.log Manager: undeploy: Undeploying web application at '/Opportunity'
24-Oct-2019 23:47:28.725 INFO [http-nio-8080-exec-306] org.apache.catalina.core.ApplicationContext.log Manager: list: Listing contexts for virtual host 'localhost'
