03-Jul-2019 11:00:44.540 INFO [http-nio-8080-exec-866] org.apache.catalina.core.ApplicationContext.log Manager: list: Listing contexts for virtual host 'localhost'
03-Jul-2019 11:00:52.566 INFO [http-nio-8080-exec-862] org.apache.catalina.core.ApplicationContext.log Manager: list: Listing contexts for virtual host 'localhost'
03-Jul-2019 11:00:52.569 INFO [http-nio-8080-exec-864] org.apache.catalina.core.ApplicationContext.log Manager: list: Listing contexts for virtual host 'localhost'
03-Jul-2019 11:00:52.594 INFO [http-nio-8080-exec-865] org.apache.catalina.core.ApplicationContext.log Manager: undeploy: Undeploying web application at '/Opportunity'
03-Jul-2019 11:01:02.524 INFO [http-nio-8080-exec-869] org.apache.catalina.core.ApplicationContext.log Manager: install: Installing context configuration at 'file:/C:/Users/PAULO~1.BEZ/AppData/Local/Temp/context4641646728592672189.xml'
03-Jul-2019 11:01:08.247 INFO [http-nio-8080-exec-866] org.apache.catalina.core.ApplicationContext.log Manager: start: Starting web application '/Opportunity'
03-Jul-2019 11:04:12.571 INFO [http-nio-8080-exec-875] org.apache.catalina.core.ApplicationContext.log Manager: list: Listing contexts for virtual host 'localhost'
03-Jul-2019 11:04:12.584 INFO [http-nio-8080-exec-871] org.apache.catalina.core.ApplicationContext.log Manager: undeploy: Undeploying web application at '/Opportunity'
03-Jul-2019 11:07:33.363 INFO [http-nio-8080-exec-884] org.apache.catalina.core.ApplicationContext.log Manager: list: Listing contexts for virtual host 'localhost'
03-Jul-2019 11:07:37.723 INFO [http-nio-8080-exec-876] org.apache.catalina.core.ApplicationContext.log Manager: list: Listing contexts for virtual host 'localhost'
03-Jul-2019 11:07:39.412 INFO [http-nio-8080-exec-886] org.apache.catalina.core.ApplicationContext.log Manager: list: Listing contexts for virtual host 'localhost'
03-Jul-2019 11:07:39.413 INFO [http-nio-8080-exec-879] org.apache.catalina.core.ApplicationContext.log Manager: list: Listing contexts for virtual host 'localhost'
03-Jul-2019 11:07:39.477 INFO [http-nio-8080-exec-874] org.apache.catalina.core.ApplicationContext.log Manager: install: Installing context configuration at 'file:/C:/Users/PAULO~1.BEZ/AppData/Local/Temp/context1257706679901200047.xml'
03-Jul-2019 11:07:42.432 INFO [http-nio-8080-exec-876] org.apache.catalina.core.ApplicationContext.log Manager: start: Starting web application '/Opportunity'
03-Jul-2019 11:09:52.197 INFO [http-nio-8080-exec-887] org.apache.catalina.core.ApplicationContext.log Manager: list: Listing contexts for virtual host 'localhost'
03-Jul-2019 11:10:45.709 INFO [http-nio-8080-exec-881] org.apache.catalina.core.ApplicationContext.log Manager: list: Listing contexts for virtual host 'localhost'
03-Jul-2019 11:11:22.823 INFO [http-nio-8080-exec-884] org.apache.catalina.core.ApplicationContext.log Manager: list: Listing contexts for virtual host 'localhost'
03-Jul-2019 11:11:48.556 INFO [http-nio-8080-exec-890] org.apache.catalina.core.ApplicationContext.log Manager: list: Listing contexts for virtual host 'localhost'
03-Jul-2019 11:12:09.939 INFO [http-nio-8080-exec-884] org.apache.catalina.core.ApplicationContext.log Manager: list: Listing contexts for virtual host 'localhost'
03-Jul-2019 11:12:15.431 INFO [http-nio-8080-exec-883] org.apache.catalina.core.ApplicationContext.log Manager: list: Listing contexts for virtual host 'localhost'
03-Jul-2019 11:12:19.103 INFO [http-nio-8080-exec-885] org.apache.catalina.core.ApplicationContext.log Manager: list: Listing contexts for virtual host 'localhost'
03-Jul-2019 11:12:27.036 INFO [http-nio-8080-exec-887] org.apache.catalina.core.ApplicationContext.log Manager: list: Listing contexts for virtual host 'localhost'
03-Jul-2019 11:12:45.111 INFO [http-nio-8080-exec-884] org.apache.catalina.core.ApplicationContext.log Manager: list: Listing contexts for virtual host 'localhost'
03-Jul-2019 11:13:17.908 INFO [http-nio-8080-exec-888] org.apache.catalina.core.ApplicationContext.log Manager: list: Listing contexts for virtual host 'localhost'
03-Jul-2019 11:13:21.469 INFO [http-nio-8080-exec-882] org.apache.catalina.core.ApplicationContext.log Manager: list: Listing contexts for virtual host 'localhost'
03-Jul-2019 11:13:39.222 INFO [http-nio-8080-exec-887] org.apache.catalina.core.ApplicationContext.log Manager: list: Listing contexts for virtual host 'localhost'
03-Jul-2019 11:13:46.334 INFO [http-nio-8080-exec-889] org.apache.catalina.core.ApplicationContext.log Manager: list: Listing contexts for virtual host 'localhost'
03-Jul-2019 11:13:46.336 INFO [http-nio-8080-exec-883] org.apache.catalina.core.ApplicationContext.log Manager: list: Listing contexts for virtual host 'localhost'
03-Jul-2019 11:13:46.393 INFO [http-nio-8080-exec-887] org.apache.catalina.core.ApplicationContext.log Manager: undeploy: Undeploying web application at '/Opportunity'
03-Jul-2019 11:14:06.006 INFO [http-nio-8080-exec-881] org.apache.catalina.core.ApplicationContext.log Manager: install: Installing context configuration at 'file:/C:/Users/PAULO~1.BEZ/AppData/Local/Temp/context4082674400260331736.xml'
03-Jul-2019 11:14:11.388 INFO [http-nio-8080-exec-886] org.apache.catalina.core.ApplicationContext.log Manager: start: Starting web application '/Opportunity'
03-Jul-2019 11:18:19.523 INFO [http-nio-8080-exec-898] org.apache.catalina.core.ApplicationContext.log Manager: list: Listing contexts for virtual host 'localhost'
03-Jul-2019 11:18:41.503 INFO [http-nio-8080-exec-896] org.apache.catalina.core.ApplicationContext.log Manager: list: Listing contexts for virtual host 'localhost'
03-Jul-2019 11:18:52.007 INFO [http-nio-8080-exec-891] org.apache.catalina.core.ApplicationContext.log Manager: list: Listing contexts for virtual host 'localhost'
03-Jul-2019 11:18:52.010 INFO [http-nio-8080-exec-896] org.apache.catalina.core.ApplicationContext.log Manager: list: Listing contexts for virtual host 'localhost'
03-Jul-2019 11:18:52.048 INFO [http-nio-8080-exec-894] org.apache.catalina.core.ApplicationContext.log Manager: undeploy: Undeploying web application at '/Opportunity'
03-Jul-2019 11:19:05.935 INFO [http-nio-8080-exec-898] org.apache.catalina.core.ApplicationContext.log Manager: install: Installing context configuration at 'file:/C:/Users/PAULO~1.BEZ/AppData/Local/Temp/context964658172072494643.xml'
03-Jul-2019 11:19:08.989 INFO [http-nio-8080-exec-900] org.apache.catalina.core.ApplicationContext.log Manager: start: Starting web application '/Opportunity'
03-Jul-2019 11:19:13.687 INFO [http-nio-8080-exec-892] org.apache.catalina.core.ApplicationContext.log Manager: list: Listing contexts for virtual host 'localhost'
03-Jul-2019 11:19:21.280 INFO [http-nio-8080-exec-892] org.apache.catalina.core.ApplicationContext.log Manager: list: Listing contexts for virtual host 'localhost'
03-Jul-2019 11:19:21.282 INFO [http-nio-8080-exec-901] org.apache.catalina.core.ApplicationContext.log Manager: list: Listing contexts for virtual host 'localhost'
03-Jul-2019 11:19:21.298 INFO [http-nio-8080-exec-902] org.apache.catalina.core.ApplicationContext.log Manager: undeploy: Undeploying web application at '/Opportunity'
03-Jul-2019 11:19:22.246 INFO [http-nio-8080-exec-900] org.apache.catalina.core.ApplicationContext.log Manager: install: Installing context configuration at 'file:/C:/Users/PAULO~1.BEZ/AppData/Local/Temp/context7182971472990084842.xml'
03-Jul-2019 11:19:23.373 INFO [http-nio-8080-exec-893] org.apache.catalina.core.ApplicationContext.log Manager: start: Starting web application '/Opportunity'
03-Jul-2019 11:21:06.109 INFO [http-nio-8080-exec-906] org.apache.catalina.core.ApplicationContext.log Manager: list: Listing contexts for virtual host 'localhost'
03-Jul-2019 11:21:20.104 INFO [http-nio-8080-exec-907] org.apache.catalina.core.ApplicationContext.log Manager: list: Listing contexts for virtual host 'localhost'
03-Jul-2019 11:23:44.029 INFO [http-nio-8080-exec-911] org.apache.catalina.core.ApplicationContext.log Manager: list: Listing contexts for virtual host 'localhost'
03-Jul-2019 11:23:44.034 INFO [http-nio-8080-exec-907] org.apache.catalina.core.ApplicationContext.log Manager: list: Listing contexts for virtual host 'localhost'
03-Jul-2019 11:23:44.067 INFO [http-nio-8080-exec-913] org.apache.catalina.core.ApplicationContext.log Manager: undeploy: Undeploying web application at '/Opportunity'
03-Jul-2019 11:24:07.258 INFO [http-nio-8080-exec-907] org.apache.catalina.core.ApplicationContext.log Manager: install: Installing context configuration at 'file:/C:/Users/PAULO~1.BEZ/AppData/Local/Temp/context1446238275378725193.xml'
03-Jul-2019 11:24:09.777 INFO [http-nio-8080-exec-908] org.apache.catalina.core.ApplicationContext.log Manager: start: Starting web application '/Opportunity'
03-Jul-2019 11:26:29.054 INFO [http-nio-8080-exec-917] org.apache.catalina.core.ApplicationContext.log Manager: list: Listing contexts for virtual host 'localhost'
03-Jul-2019 11:26:34.199 INFO [http-nio-8080-exec-919] org.apache.catalina.core.ApplicationContext.log Manager: list: Listing contexts for virtual host 'localhost'
03-Jul-2019 11:26:34.222 INFO [http-nio-8080-exec-916] org.apache.catalina.core.ApplicationContext.log Manager: undeploy: Undeploying web application at '/Opportunity'
03-Jul-2019 11:28:31.827 INFO [http-nio-8080-exec-924] org.apache.catalina.core.ApplicationContext.log Manager: list: Listing contexts for virtual host 'localhost'
03-Jul-2019 11:57:58.184 INFO [http-nio-8080-exec-927] org.apache.catalina.core.ApplicationContext.log Manager: list: Listing contexts for virtual host 'localhost'
03-Jul-2019 11:57:58.190 INFO [http-nio-8080-exec-930] org.apache.catalina.core.ApplicationContext.log Manager: list: Listing contexts for virtual host 'localhost'
03-Jul-2019 11:57:58.311 INFO [http-nio-8080-exec-931] org.apache.catalina.core.ApplicationContext.log Manager: install: Installing context configuration at 'file:/C:/Users/PAULO~1.BEZ/AppData/Local/Temp/context3153488788236072813.xml'
03-Jul-2019 11:58:07.094 INFO [http-nio-8080-exec-932] org.apache.catalina.core.ApplicationContext.log Manager: start: Starting web application '/Opportunity'
03-Jul-2019 12:00:47.548 INFO [http-nio-8080-exec-929] org.apache.catalina.core.ApplicationContext.log Manager: list: Listing contexts for virtual host 'localhost'
03-Jul-2019 12:01:01.009 INFO [http-nio-8080-exec-928] org.apache.catalina.core.ApplicationContext.log Manager: list: Listing contexts for virtual host 'localhost'
03-Jul-2019 12:01:01.012 INFO [http-nio-8080-exec-927] org.apache.catalina.core.ApplicationContext.log Manager: list: Listing contexts for virtual host 'localhost'
03-Jul-2019 12:01:01.039 INFO [http-nio-8080-exec-929] org.apache.catalina.core.ApplicationContext.log Manager: undeploy: Undeploying web application at '/Opportunity'
03-Jul-2019 12:01:26.199 INFO [http-nio-8080-exec-926] org.apache.catalina.core.ApplicationContext.log Manager: install: Installing context configuration at 'file:/C:/Users/PAULO~1.BEZ/AppData/Local/Temp/context3582608242887518833.xml'
03-Jul-2019 12:01:30.297 INFO [http-nio-8080-exec-933] org.apache.catalina.core.ApplicationContext.log Manager: start: Starting web application '/Opportunity'
03-Jul-2019 12:02:35.030 INFO [http-nio-8080-exec-938] org.apache.catalina.core.ApplicationContext.log Manager: list: Listing contexts for virtual host 'localhost'
03-Jul-2019 12:02:41.501 INFO [http-nio-8080-exec-936] org.apache.catalina.core.ApplicationContext.log Manager: list: Listing contexts for virtual host 'localhost'
03-Jul-2019 12:02:41.503 INFO [http-nio-8080-exec-937] org.apache.catalina.core.ApplicationContext.log Manager: list: Listing contexts for virtual host 'localhost'
03-Jul-2019 12:02:41.535 INFO [http-nio-8080-exec-938] org.apache.catalina.core.ApplicationContext.log Manager: undeploy: Undeploying web application at '/Opportunity'
03-Jul-2019 12:02:46.842 INFO [http-nio-8080-exec-939] org.apache.catalina.core.ApplicationContext.log Manager: install: Installing context configuration at 'file:/C:/Users/PAULO~1.BEZ/AppData/Local/Temp/context8758342980815733589.xml'
03-Jul-2019 12:02:50.041 INFO [http-nio-8080-exec-935] org.apache.catalina.core.ApplicationContext.log Manager: start: Starting web application '/Opportunity'
03-Jul-2019 12:19:29.856 INFO [http-nio-8080-exec-946] org.apache.catalina.core.ApplicationContext.log Manager: list: Listing contexts for virtual host 'localhost'
03-Jul-2019 12:19:29.886 INFO [http-nio-8080-exec-945] org.apache.catalina.core.ApplicationContext.log Manager: undeploy: Undeploying web application at '/Opportunity'
03-Jul-2019 14:22:07.837 INFO [http-nio-8080-exec-960] org.apache.catalina.core.ApplicationContext.log Manager: list: Listing contexts for virtual host 'localhost'
03-Jul-2019 14:22:07.856 INFO [http-nio-8080-exec-961] org.apache.catalina.core.ApplicationContext.log Manager: list: Listing contexts for virtual host 'localhost'
03-Jul-2019 14:22:07.886 INFO [http-nio-8080-exec-962] org.apache.catalina.core.ApplicationContext.log Manager: install: Installing context configuration at 'file:/C:/Users/PAULO~1.BEZ/AppData/Local/Temp/context8136699590076644490.xml'
03-Jul-2019 14:22:08.687 INFO [http-nio-8080-exec-953] org.apache.catalina.core.ApplicationContext.log Manager: start: Starting web application '/Testes'
03-Jul-2019 14:22:21.671 INFO [http-nio-8080-exec-959] org.apache.catalina.core.ApplicationContext.log Manager: list: Listing contexts for virtual host 'localhost'
03-Jul-2019 14:22:21.673 INFO [http-nio-8080-exec-960] org.apache.catalina.core.ApplicationContext.log Manager: list: Listing contexts for virtual host 'localhost'
03-Jul-2019 14:22:48.352 INFO [http-nio-8080-exec-959] org.apache.catalina.core.ApplicationContext.log Manager: list: Listing contexts for virtual host 'localhost'
03-Jul-2019 14:22:53.851 INFO [http-nio-8080-exec-956] org.apache.catalina.core.ApplicationContext.log Manager: list: Listing contexts for virtual host 'localhost'
03-Jul-2019 14:22:53.854 INFO [http-nio-8080-exec-957] org.apache.catalina.core.ApplicationContext.log Manager: list: Listing contexts for virtual host 'localhost'
03-Jul-2019 14:24:04.251 INFO [http-nio-8080-exec-958] org.apache.catalina.core.ApplicationContext.log Manager: list: Listing contexts for virtual host 'localhost'
03-Jul-2019 14:24:25.356 INFO [http-nio-8080-exec-955] org.apache.catalina.core.ApplicationContext.log Manager: list: Listing contexts for virtual host 'localhost'
03-Jul-2019 14:25:14.451 INFO [http-nio-8080-exec-958] org.apache.catalina.core.ApplicationContext.log Manager: list: Listing contexts for virtual host 'localhost'
03-Jul-2019 14:25:30.195 INFO [http-nio-8080-exec-955] org.apache.catalina.core.ApplicationContext.log Manager: list: Listing contexts for virtual host 'localhost'
03-Jul-2019 14:25:38.072 INFO [http-nio-8080-exec-959] org.apache.catalina.core.ApplicationContext.log Manager: list: Listing contexts for virtual host 'localhost'
03-Jul-2019 14:26:00.702 INFO [http-nio-8080-exec-953] org.apache.catalina.core.ApplicationContext.log Manager: list: Listing contexts for virtual host 'localhost'
03-Jul-2019 14:26:06.077 INFO [http-nio-8080-exec-955] org.apache.catalina.core.ApplicationContext.log Manager: list: Listing contexts for virtual host 'localhost'
03-Jul-2019 14:26:06.079 INFO [http-nio-8080-exec-953] org.apache.catalina.core.ApplicationContext.log Manager: list: Listing contexts for virtual host 'localhost'
03-Jul-2019 14:26:06.137 INFO [http-nio-8080-exec-954] org.apache.catalina.core.ApplicationContext.log Manager: install: Installing context configuration at 'file:/C:/Users/PAULO~1.BEZ/AppData/Local/Temp/context6945182212063692710.xml'
03-Jul-2019 14:26:13.294 INFO [http-nio-8080-exec-956] org.apache.catalina.core.ApplicationContext.log Manager: start: Starting web application '/Opportunity'
03-Jul-2019 14:27:13.679 INFO [http-nio-8080-exec-959] org.apache.catalina.core.ApplicationContext.log Manager: list: Listing contexts for virtual host 'localhost'
03-Jul-2019 14:27:21.716 INFO [http-nio-8080-exec-955] org.apache.catalina.core.ApplicationContext.log Manager: list: Listing contexts for virtual host 'localhost'
03-Jul-2019 14:27:21.724 INFO [http-nio-8080-exec-953] org.apache.catalina.core.ApplicationContext.log Manager: list: Listing contexts for virtual host 'localhost'
03-Jul-2019 14:27:21.767 INFO [http-nio-8080-exec-961] org.apache.catalina.core.ApplicationContext.log Manager: undeploy: Undeploying web application at '/Opportunity'
03-Jul-2019 14:27:34.611 INFO [http-nio-8080-exec-957] org.apache.catalina.core.ApplicationContext.log Manager: install: Installing context configuration at 'file:/C:/Users/PAULO~1.BEZ/AppData/Local/Temp/context7872357941401143616.xml'
03-Jul-2019 14:27:37.216 INFO [http-nio-8080-exec-953] org.apache.catalina.core.ApplicationContext.log Manager: start: Starting web application '/Opportunity'
03-Jul-2019 14:28:28.213 INFO [http-nio-8080-exec-964] org.apache.catalina.core.ApplicationContext.log Manager: list: Listing contexts for virtual host 'localhost'
03-Jul-2019 14:28:37.899 INFO [http-nio-8080-exec-966] org.apache.catalina.core.ApplicationContext.log Manager: list: Listing contexts for virtual host 'localhost'
03-Jul-2019 14:28:46.088 INFO [http-nio-8080-exec-970] org.apache.catalina.core.ApplicationContext.log Manager: list: Listing contexts for virtual host 'localhost'
03-Jul-2019 14:29:02.515 INFO [http-nio-8080-exec-970] org.apache.catalina.core.ApplicationContext.log Manager: list: Listing contexts for virtual host 'localhost'
03-Jul-2019 14:29:02.519 INFO [http-nio-8080-exec-971] org.apache.catalina.core.ApplicationContext.log Manager: list: Listing contexts for virtual host 'localhost'
03-Jul-2019 14:29:02.543 INFO [http-nio-8080-exec-965] org.apache.catalina.core.ApplicationContext.log Manager: undeploy: Undeploying web application at '/Opportunity'
03-Jul-2019 14:29:16.066 INFO [http-nio-8080-exec-963] org.apache.catalina.core.ApplicationContext.log Manager: install: Installing context configuration at 'file:/C:/Users/PAULO~1.BEZ/AppData/Local/Temp/context5219894611943875504.xml'
03-Jul-2019 14:29:22.691 INFO [http-nio-8080-exec-969] org.apache.catalina.core.ApplicationContext.log Manager: start: Starting web application '/Opportunity'
03-Jul-2019 14:30:51.955 INFO [http-nio-8080-exec-974] org.apache.catalina.core.ApplicationContext.log Manager: list: Listing contexts for virtual host 'localhost'
03-Jul-2019 14:31:09.661 INFO [http-nio-8080-exec-978] org.apache.catalina.core.ApplicationContext.log Manager: list: Listing contexts for virtual host 'localhost'
03-Jul-2019 14:31:37.497 INFO [http-nio-8080-exec-982] org.apache.catalina.core.ApplicationContext.log Manager: list: Listing contexts for virtual host 'localhost'
03-Jul-2019 14:31:54.265 INFO [http-nio-8080-exec-981] org.apache.catalina.core.ApplicationContext.log Manager: list: Listing contexts for virtual host 'localhost'
03-Jul-2019 14:32:03.772 INFO [http-nio-8080-exec-980] org.apache.catalina.core.ApplicationContext.log Manager: list: Listing contexts for virtual host 'localhost'
03-Jul-2019 14:32:03.774 INFO [http-nio-8080-exec-981] org.apache.catalina.core.ApplicationContext.log Manager: list: Listing contexts for virtual host 'localhost'
03-Jul-2019 14:32:03.809 INFO [http-nio-8080-exec-982] org.apache.catalina.core.ApplicationContext.log Manager: undeploy: Undeploying web application at '/Opportunity'
03-Jul-2019 14:32:20.283 INFO [http-nio-8080-exec-981] org.apache.catalina.core.ApplicationContext.log Manager: install: Installing context configuration at 'file:/C:/Users/PAULO~1.BEZ/AppData/Local/Temp/context1484167607689808416.xml'
03-Jul-2019 14:32:26.394 INFO [http-nio-8080-exec-976] org.apache.catalina.core.ApplicationContext.log Manager: start: Starting web application '/Opportunity'
03-Jul-2019 14:33:26.944 INFO [http-nio-8080-exec-988] org.apache.catalina.core.ApplicationContext.log Manager: list: Listing contexts for virtual host 'localhost'
03-Jul-2019 14:33:26.978 INFO [http-nio-8080-exec-984] org.apache.catalina.core.ApplicationContext.log Manager: undeploy: Undeploying web application at '/Opportunity'
03-Jul-2019 14:36:08.535 INFO [http-nio-8080-exec-987] org.apache.catalina.core.ApplicationContext.log Manager: list: Listing contexts for virtual host 'localhost'
03-Jul-2019 14:36:08.547 INFO [http-nio-8080-exec-991] org.apache.catalina.core.ApplicationContext.log Manager: list: Listing contexts for virtual host 'localhost'
03-Jul-2019 14:36:08.671 INFO [http-nio-8080-exec-986] org.apache.catalina.core.ApplicationContext.log Manager: install: Installing context configuration at 'file:/C:/Users/PAULO~1.BEZ/AppData/Local/Temp/context8954979919916730609.xml'
03-Jul-2019 14:36:15.664 INFO [http-nio-8080-exec-992] org.apache.catalina.core.ApplicationContext.log Manager: start: Starting web application '/Opportunity'
03-Jul-2019 14:48:04.397 INFO [http-nio-8080-exec-999] org.apache.catalina.core.ApplicationContext.log Manager: list: Listing contexts for virtual host 'localhost'
03-Jul-2019 14:48:04.773 INFO [http-nio-8080-exec-1001] org.apache.catalina.core.ApplicationContext.log Manager: restart: Reloading web application '/Opportunity'
03-Jul-2019 14:48:23.270 INFO [http-nio-8080-exec-997] org.apache.catalina.core.ApplicationContext.log Manager: list: Listing contexts for virtual host 'localhost'
03-Jul-2019 14:48:23.635 INFO [http-nio-8080-exec-995] org.apache.catalina.core.ApplicationContext.log Manager: restart: Reloading web application '/Opportunity'
03-Jul-2019 14:49:05.126 INFO [http-nio-8080-exec-996] org.apache.catalina.core.ApplicationContext.log Manager: list: Listing contexts for virtual host 'localhost'
03-Jul-2019 14:49:05.383 INFO [http-nio-8080-exec-992] org.apache.catalina.core.ApplicationContext.log Manager: restart: Reloading web application '/Opportunity'
03-Jul-2019 14:49:13.093 INFO [http-nio-8080-exec-996] org.apache.catalina.core.ApplicationContext.log Manager: list: Listing contexts for virtual host 'localhost'
03-Jul-2019 14:49:13.096 INFO [http-nio-8080-exec-998] org.apache.catalina.core.ApplicationContext.log Manager: list: Listing contexts for virtual host 'localhost'
03-Jul-2019 14:49:13.132 INFO [http-nio-8080-exec-1006] org.apache.catalina.core.ApplicationContext.log Manager: undeploy: Undeploying web application at '/Opportunity'
03-Jul-2019 14:49:14.064 INFO [http-nio-8080-exec-1004] org.apache.catalina.core.ApplicationContext.log Manager: install: Installing context configuration at 'file:/C:/Users/PAULO~1.BEZ/AppData/Local/Temp/context1593633548641488449.xml'
03-Jul-2019 14:49:15.153 INFO [http-nio-8080-exec-999] org.apache.catalina.core.ApplicationContext.log Manager: start: Starting web application '/Opportunity'
03-Jul-2019 14:52:30.076 INFO [http-nio-8080-exec-1014] org.apache.catalina.core.ApplicationContext.log Manager: list: Listing contexts for virtual host 'localhost'
03-Jul-2019 14:52:30.405 INFO [http-nio-8080-exec-1015] org.apache.catalina.core.ApplicationContext.log Manager: restart: Reloading web application '/Opportunity'
03-Jul-2019 14:53:59.323 INFO [http-nio-8080-exec-1020] org.apache.catalina.core.ApplicationContext.log Manager: list: Listing contexts for virtual host 'localhost'
03-Jul-2019 14:53:59.562 INFO [http-nio-8080-exec-1016] org.apache.catalina.core.ApplicationContext.log Manager: restart: Reloading web application '/Opportunity'
03-Jul-2019 14:54:46.732 INFO [http-nio-8080-exec-1018] org.apache.catalina.core.ApplicationContext.log Manager: list: Listing contexts for virtual host 'localhost'
03-Jul-2019 14:54:47.029 INFO [http-nio-8080-exec-1020] org.apache.catalina.core.ApplicationContext.log Manager: restart: Reloading web application '/Opportunity'
03-Jul-2019 14:56:22.045 INFO [http-nio-8080-exec-1018] org.apache.catalina.core.ApplicationContext.log Manager: list: Listing contexts for virtual host 'localhost'
03-Jul-2019 14:56:22.271 INFO [http-nio-8080-exec-1025] org.apache.catalina.core.ApplicationContext.log Manager: restart: Reloading web application '/Opportunity'
03-Jul-2019 14:56:44.557 INFO [http-nio-8080-exec-1030] org.apache.catalina.core.ApplicationContext.log Manager: list: Listing contexts for virtual host 'localhost'
03-Jul-2019 14:56:44.560 INFO [http-nio-8080-exec-1018] org.apache.catalina.core.ApplicationContext.log Manager: list: Listing contexts for virtual host 'localhost'
03-Jul-2019 14:56:44.604 INFO [http-nio-8080-exec-1031] org.apache.catalina.core.ApplicationContext.log Manager: undeploy: Undeploying web application at '/Opportunity'
03-Jul-2019 14:56:45.546 INFO [http-nio-8080-exec-1029] org.apache.catalina.core.ApplicationContext.log Manager: install: Installing context configuration at 'file:/C:/Users/PAULO~1.BEZ/AppData/Local/Temp/context7546612848717004499.xml'
03-Jul-2019 14:56:46.619 INFO [http-nio-8080-exec-1027] org.apache.catalina.core.ApplicationContext.log Manager: start: Starting web application '/Opportunity'
03-Jul-2019 14:58:17.647 INFO [http-nio-8080-exec-1035] org.apache.catalina.core.ApplicationContext.log Manager: list: Listing contexts for virtual host 'localhost'
03-Jul-2019 14:58:17.930 INFO [http-nio-8080-exec-1036] org.apache.catalina.core.ApplicationContext.log Manager: restart: Reloading web application '/Opportunity'
03-Jul-2019 15:01:22.327 INFO [http-nio-8080-exec-1045] org.apache.catalina.core.ApplicationContext.log Manager: list: Listing contexts for virtual host 'localhost'
03-Jul-2019 15:01:22.698 INFO [http-nio-8080-exec-1051] org.apache.catalina.core.ApplicationContext.log Manager: restart: Reloading web application '/Opportunity'
03-Jul-2019 15:02:22.634 INFO [http-nio-8080-exec-1050] org.apache.catalina.core.ApplicationContext.log Manager: list: Listing contexts for virtual host 'localhost'
03-Jul-2019 15:02:22.871 INFO [http-nio-8080-exec-1052] org.apache.catalina.core.ApplicationContext.log Manager: restart: Reloading web application '/Opportunity'
03-Jul-2019 15:03:49.115 INFO [http-nio-8080-exec-1044] org.apache.catalina.core.ApplicationContext.log Manager: list: Listing contexts for virtual host 'localhost'
03-Jul-2019 15:03:49.350 INFO [http-nio-8080-exec-1054] org.apache.catalina.core.ApplicationContext.log Manager: restart: Reloading web application '/Opportunity'
03-Jul-2019 15:03:59.993 INFO [http-nio-8080-exec-1061] org.apache.catalina.core.ApplicationContext.log Manager: list: Listing contexts for virtual host 'localhost'
03-Jul-2019 15:04:00.203 INFO [http-nio-8080-exec-1050] org.apache.catalina.core.ApplicationContext.log Manager: restart: Reloading web application '/Opportunity'
03-Jul-2019 15:04:13.470 INFO [http-nio-8080-exec-1048] org.apache.catalina.core.ApplicationContext.log Manager: list: Listing contexts for virtual host 'localhost'
03-Jul-2019 15:04:13.680 INFO [http-nio-8080-exec-1063] org.apache.catalina.core.ApplicationContext.log Manager: restart: Reloading web application '/Opportunity'
03-Jul-2019 15:04:33.438 INFO [http-nio-8080-exec-1055] org.apache.catalina.core.ApplicationContext.log Manager: list: Listing contexts for virtual host 'localhost'
03-Jul-2019 15:04:33.675 INFO [http-nio-8080-exec-1064] org.apache.catalina.core.ApplicationContext.log Manager: restart: Reloading web application '/Opportunity'
03-Jul-2019 15:04:41.629 INFO [http-nio-8080-exec-1067] org.apache.catalina.core.ApplicationContext.log Manager: list: Listing contexts for virtual host 'localhost'
03-Jul-2019 15:04:41.631 INFO [http-nio-8080-exec-1059] org.apache.catalina.core.ApplicationContext.log Manager: list: Listing contexts for virtual host 'localhost'
03-Jul-2019 15:04:41.658 INFO [http-nio-8080-exec-1069] org.apache.catalina.core.ApplicationContext.log Manager: undeploy: Undeploying web application at '/Opportunity'
03-Jul-2019 15:04:42.611 INFO [http-nio-8080-exec-1067] org.apache.catalina.core.ApplicationContext.log Manager: install: Installing context configuration at 'file:/C:/Users/PAULO~1.BEZ/AppData/Local/Temp/context3935638683027643596.xml'
03-Jul-2019 15:04:43.670 INFO [http-nio-8080-exec-1044] org.apache.catalina.core.ApplicationContext.log Manager: start: Starting web application '/Opportunity'
03-Jul-2019 15:12:28.645 INFO [http-nio-8080-exec-1078] org.apache.catalina.core.ApplicationContext.log Manager: list: Listing contexts for virtual host 'localhost'
03-Jul-2019 15:12:28.960 INFO [http-nio-8080-exec-1076] org.apache.catalina.core.ApplicationContext.log Manager: restart: Reloading web application '/Opportunity'
03-Jul-2019 15:13:19.485 INFO [http-nio-8080-exec-1074] org.apache.catalina.core.ApplicationContext.log Manager: list: Listing contexts for virtual host 'localhost'
03-Jul-2019 15:13:19.756 INFO [http-nio-8080-exec-1080] org.apache.catalina.core.ApplicationContext.log Manager: restart: Reloading web application '/Opportunity'
03-Jul-2019 15:13:53.379 INFO [http-nio-8080-exec-1082] org.apache.catalina.core.ApplicationContext.log Manager: list: Listing contexts for virtual host 'localhost'
03-Jul-2019 15:13:53.642 INFO [http-nio-8080-exec-1074] org.apache.catalina.core.ApplicationContext.log Manager: restart: Reloading web application '/Opportunity'
03-Jul-2019 15:14:55.015 INFO [http-nio-8080-exec-1085] org.apache.catalina.core.ApplicationContext.log Manager: list: Listing contexts for virtual host 'localhost'
03-Jul-2019 15:14:55.541 INFO [http-nio-8080-exec-1082] org.apache.catalina.core.ApplicationContext.log Manager: restart: Reloading web application '/Opportunity'
03-Jul-2019 15:15:09.846 INFO [http-nio-8080-exec-1083] org.apache.catalina.core.ApplicationContext.log Manager: list: Listing contexts for virtual host 'localhost'
03-Jul-2019 15:15:09.850 INFO [http-nio-8080-exec-1086] org.apache.catalina.core.ApplicationContext.log Manager: list: Listing contexts for virtual host 'localhost'
03-Jul-2019 15:15:09.880 INFO [http-nio-8080-exec-1088] org.apache.catalina.core.ApplicationContext.log Manager: undeploy: Undeploying web application at '/Opportunity'
03-Jul-2019 15:15:11.106 INFO [http-nio-8080-exec-1089] org.apache.catalina.core.ApplicationContext.log Manager: install: Installing context configuration at 'file:/C:/Users/PAULO~1.BEZ/AppData/Local/Temp/context5113382328677685889.xml'
03-Jul-2019 15:15:12.241 INFO [http-nio-8080-exec-1085] org.apache.catalina.core.ApplicationContext.log Manager: start: Starting web application '/Opportunity'
03-Jul-2019 15:18:23.704 INFO [http-nio-8080-exec-1102] org.apache.catalina.core.ApplicationContext.log Manager: list: Listing contexts for virtual host 'localhost'
03-Jul-2019 15:18:24.030 INFO [http-nio-8080-exec-1098] org.apache.catalina.core.ApplicationContext.log Manager: restart: Reloading web application '/Opportunity'
03-Jul-2019 15:19:11.670 INFO [http-nio-8080-exec-1095] org.apache.catalina.core.ApplicationContext.log Manager: list: Listing contexts for virtual host 'localhost'
03-Jul-2019 15:19:11.704 INFO [http-nio-8080-exec-1100] org.apache.catalina.core.ApplicationContext.log Manager: undeploy: Undeploying web application at '/Opportunity'
03-Jul-2019 15:29:29.095 INFO [http-nio-8080-exec-1108] org.apache.catalina.core.ApplicationContext.log Manager: list: Listing contexts for virtual host 'localhost'
03-Jul-2019 15:35:13.138 INFO [http-nio-8080-exec-1113] org.apache.catalina.core.ApplicationContext.log Manager: list: Listing contexts for virtual host 'localhost'
03-Jul-2019 16:37:28.584 INFO [http-nio-8080-exec-1110] org.apache.catalina.core.ApplicationContext.log Manager: list: Listing contexts for virtual host 'localhost'
03-Jul-2019 17:15:56.159 INFO [http-nio-8080-exec-1106] org.apache.catalina.core.ApplicationContext.log Manager: list: Listing contexts for virtual host 'localhost'
03-Jul-2019 17:16:01.611 INFO [http-nio-8080-exec-1114] org.apache.catalina.core.ApplicationContext.log Manager: list: Listing contexts for virtual host 'localhost'
03-Jul-2019 18:14:39.002 INFO [http-nio-8080-exec-1111] org.apache.catalina.core.ApplicationContext.log Manager: list: Listing contexts for virtual host 'localhost'
03-Jul-2019 18:14:39.015 INFO [http-nio-8080-exec-1112] org.apache.catalina.core.ApplicationContext.log Manager: list: Listing contexts for virtual host 'localhost'
03-Jul-2019 18:14:39.623 INFO [http-nio-8080-exec-1113] org.apache.catalina.core.ApplicationContext.log Manager: install: Installing context configuration at 'file:/C:/Users/PAULO~1.BEZ/AppData/Local/Temp/context8224184647644756114.xml'
03-Jul-2019 18:14:49.521 INFO [http-nio-8080-exec-1114] org.apache.catalina.core.ApplicationContext.log Manager: start: Starting web application '/Opportunity'
03-Jul-2019 18:17:52.723 INFO [http-nio-8080-exec-1110] org.apache.catalina.core.ApplicationContext.log Manager: list: Listing contexts for virtual host 'localhost'
03-Jul-2019 18:17:59.357 INFO [http-nio-8080-exec-1107] org.apache.catalina.core.ApplicationContext.log Manager: list: Listing contexts for virtual host 'localhost'
03-Jul-2019 18:17:59.362 INFO [http-nio-8080-exec-1109] org.apache.catalina.core.ApplicationContext.log Manager: list: Listing contexts for virtual host 'localhost'
03-Jul-2019 18:17:59.405 INFO [http-nio-8080-exec-1108] org.apache.catalina.core.ApplicationContext.log Manager: undeploy: Undeploying web application at '/Opportunity'
03-Jul-2019 18:18:14.804 INFO [http-nio-8080-exec-1107] org.apache.catalina.core.ApplicationContext.log Manager: install: Installing context configuration at 'file:/C:/Users/PAULO~1.BEZ/AppData/Local/Temp/context7746928429197955775.xml'
03-Jul-2019 18:18:18.565 INFO [http-nio-8080-exec-1114] org.apache.catalina.core.ApplicationContext.log Manager: start: Starting web application '/Opportunity'
03-Jul-2019 18:20:20.189 INFO [http-nio-8080-exec-1116] org.apache.catalina.core.ApplicationContext.log Manager: list: Listing contexts for virtual host 'localhost'
03-Jul-2019 18:20:32.296 INFO [http-nio-8080-exec-1119] org.apache.catalina.core.ApplicationContext.log Manager: list: Listing contexts for virtual host 'localhost'
03-Jul-2019 18:20:40.632 INFO [http-nio-8080-exec-1122] org.apache.catalina.core.ApplicationContext.log Manager: list: Listing contexts for virtual host 'localhost'
03-Jul-2019 18:21:10.054 INFO [http-nio-8080-exec-1124] org.apache.catalina.core.ApplicationContext.log Manager: list: Listing contexts for virtual host 'localhost'
03-Jul-2019 18:21:29.538 INFO [http-nio-8080-exec-1120] org.apache.catalina.core.ApplicationContext.log Manager: list: Listing contexts for virtual host 'localhost'
03-Jul-2019 18:21:40.790 INFO [http-nio-8080-exec-1119] org.apache.catalina.core.ApplicationContext.log Manager: list: Listing contexts for virtual host 'localhost'
03-Jul-2019 18:21:40.792 INFO [http-nio-8080-exec-1120] org.apache.catalina.core.ApplicationContext.log Manager: list: Listing contexts for virtual host 'localhost'
03-Jul-2019 18:21:40.815 INFO [http-nio-8080-exec-1116] org.apache.catalina.core.ApplicationContext.log Manager: undeploy: Undeploying web application at '/Opportunity'
03-Jul-2019 18:21:54.859 INFO [http-nio-8080-exec-1120] org.apache.catalina.core.ApplicationContext.log Manager: install: Installing context configuration at 'file:/C:/Users/PAULO~1.BEZ/AppData/Local/Temp/context4944335835286229386.xml'
03-Jul-2019 18:21:58.155 INFO [http-nio-8080-exec-1124] org.apache.catalina.core.ApplicationContext.log Manager: start: Starting web application '/Opportunity'
03-Jul-2019 18:24:47.842 INFO [http-nio-8080-exec-1128] org.apache.catalina.core.ApplicationContext.log Manager: list: Listing contexts for virtual host 'localhost'
03-Jul-2019 18:26:26.950 INFO [http-nio-8080-exec-1127] org.apache.catalina.core.ApplicationContext.log Manager: list: Listing contexts for virtual host 'localhost'
03-Jul-2019 18:27:54.125 INFO [http-nio-8080-exec-1128] org.apache.catalina.core.ApplicationContext.log Manager: list: Listing contexts for virtual host 'localhost'
03-Jul-2019 18:28:02.629 INFO [http-nio-8080-exec-1133] org.apache.catalina.core.ApplicationContext.log Manager: list: Listing contexts for virtual host 'localhost'
03-Jul-2019 18:28:06.115 INFO [http-nio-8080-exec-1127] org.apache.catalina.core.ApplicationContext.log Manager: list: Listing contexts for virtual host 'localhost'
03-Jul-2019 18:28:16.215 INFO [http-nio-8080-exec-1138] org.apache.catalina.core.ApplicationContext.log Manager: list: Listing contexts for virtual host 'localhost'
03-Jul-2019 18:28:29.531 INFO [http-nio-8080-exec-1131] org.apache.catalina.core.ApplicationContext.log Manager: list: Listing contexts for virtual host 'localhost'
03-Jul-2019 18:28:42.348 INFO [http-nio-8080-exec-1127] org.apache.catalina.core.ApplicationContext.log Manager: list: Listing contexts for virtual host 'localhost'
03-Jul-2019 18:28:42.349 INFO [http-nio-8080-exec-1134] org.apache.catalina.core.ApplicationContext.log Manager: list: Listing contexts for virtual host 'localhost'
03-Jul-2019 18:28:42.381 INFO [http-nio-8080-exec-1130] org.apache.catalina.core.ApplicationContext.log Manager: undeploy: Undeploying web application at '/Opportunity'
03-Jul-2019 18:29:03.473 INFO [http-nio-8080-exec-1127] org.apache.catalina.core.ApplicationContext.log Manager: install: Installing context configuration at 'file:/C:/Users/PAULO~1.BEZ/AppData/Local/Temp/context4124828610199690621.xml'
03-Jul-2019 18:29:10.849 INFO [http-nio-8080-exec-1134] org.apache.catalina.core.ApplicationContext.log Manager: start: Starting web application '/Opportunity'
03-Jul-2019 18:29:14.039 INFO [http-nio-8080-exec-1139] org.apache.catalina.core.ApplicationContext.log Manager: list: Listing contexts for virtual host 'localhost'
03-Jul-2019 18:30:58.238 INFO [http-nio-8080-exec-1146] org.apache.catalina.core.ApplicationContext.log Manager: list: Listing contexts for virtual host 'localhost'
03-Jul-2019 18:31:40.958 INFO [http-nio-8080-exec-1140] org.apache.catalina.core.ApplicationContext.log Manager: list: Listing contexts for virtual host 'localhost'
03-Jul-2019 18:31:40.983 INFO [http-nio-8080-exec-1143] org.apache.catalina.core.ApplicationContext.log Manager: undeploy: Undeploying web application at '/Opportunity'
03-Jul-2019 18:34:25.809 INFO [http-nio-8080-exec-1147] org.apache.catalina.core.ApplicationContext.log Manager: list: Listing contexts for virtual host 'localhost'
03-Jul-2019 18:36:33.482 INFO [http-nio-8080-exec-1153] org.apache.catalina.core.ApplicationContext.log Manager: list: Listing contexts for virtual host 'localhost'
03-Jul-2019 18:36:33.524 INFO [http-nio-8080-exec-1154] org.apache.catalina.core.ApplicationContext.log Manager: list: Listing contexts for virtual host 'localhost'
03-Jul-2019 18:36:33.693 INFO [http-nio-8080-exec-1155] org.apache.catalina.core.ApplicationContext.log Manager: install: Installing context configuration at 'file:/C:/Users/PAULO~1.BEZ/AppData/Local/Temp/context8844230533344833873.xml'
03-Jul-2019 18:36:37.964 INFO [http-nio-8080-exec-1156] org.apache.catalina.core.ApplicationContext.log Manager: start: Starting web application '/Opportunity'
03-Jul-2019 18:39:35.711 INFO [http-nio-8080-exec-1154] org.apache.catalina.core.ApplicationContext.log Manager: list: Listing contexts for virtual host 'localhost'
03-Jul-2019 18:39:35.742 INFO [http-nio-8080-exec-1156] org.apache.catalina.core.ApplicationContext.log Manager: undeploy: Undeploying web application at '/Opportunity'
03-Jul-2019 18:43:36.042 INFO [http-nio-8080-exec-1152] org.apache.catalina.core.ApplicationContext.log Manager: list: Listing contexts for virtual host 'localhost'
03-Jul-2019 18:43:36.045 INFO [http-nio-8080-exec-1150] org.apache.catalina.core.ApplicationContext.log Manager: list: Listing contexts for virtual host 'localhost'
03-Jul-2019 18:43:36.180 INFO [http-nio-8080-exec-1155] org.apache.catalina.core.ApplicationContext.log Manager: install: Installing context configuration at 'file:/C:/Users/PAULO~1.BEZ/AppData/Local/Temp/context8525209102157633790.xml'
03-Jul-2019 18:43:38.449 INFO [http-nio-8080-exec-1149] org.apache.catalina.core.ApplicationContext.log Manager: start: Starting web application '/Opportunity'
03-Jul-2019 19:15:18.853 INFO [http-nio-8080-exec-1168] org.apache.catalina.core.ApplicationContext.log Manager: list: Listing contexts for virtual host 'localhost'
03-Jul-2019 19:15:19.227 INFO [http-nio-8080-exec-1162] org.apache.catalina.core.ApplicationContext.log Manager: restart: Reloading web application '/Opportunity'
03-Jul-2019 19:15:50.703 INFO [http-nio-8080-exec-1166] org.apache.catalina.core.ApplicationContext.log Manager: list: Listing contexts for virtual host 'localhost'
03-Jul-2019 19:15:50.916 INFO [http-nio-8080-exec-1159] org.apache.catalina.core.ApplicationContext.log Manager: restart: Reloading web application '/Opportunity'
03-Jul-2019 19:16:36.464 INFO [http-nio-8080-exec-1168] org.apache.catalina.core.ApplicationContext.log Manager: list: Listing contexts for virtual host 'localhost'
03-Jul-2019 19:16:36.747 INFO [http-nio-8080-exec-1160] org.apache.catalina.core.ApplicationContext.log Manager: restart: Reloading web application '/Opportunity'
03-Jul-2019 19:16:46.332 INFO [http-nio-8080-exec-1166] org.apache.catalina.core.ApplicationContext.log Manager: list: Listing contexts for virtual host 'localhost'
03-Jul-2019 19:16:46.553 INFO [http-nio-8080-exec-1168] org.apache.catalina.core.ApplicationContext.log Manager: restart: Reloading web application '/Opportunity'
03-Jul-2019 19:17:55.278 INFO [http-nio-8080-exec-1174] org.apache.catalina.core.ApplicationContext.log Manager: list: Listing contexts for virtual host 'localhost'
03-Jul-2019 19:18:05.976 INFO [http-nio-8080-exec-1177] org.apache.catalina.core.ApplicationContext.log Manager: list: Listing contexts for virtual host 'localhost'
03-Jul-2019 19:18:05.981 INFO [http-nio-8080-exec-1180] org.apache.catalina.core.ApplicationContext.log Manager: list: Listing contexts for virtual host 'localhost'
03-Jul-2019 19:18:06.072 INFO [http-nio-8080-exec-1174] org.apache.catalina.core.ApplicationContext.log Manager: undeploy: Undeploying web application at '/Opportunity'
03-Jul-2019 19:18:07.309 INFO [http-nio-8080-exec-1175] org.apache.catalina.core.ApplicationContext.log Manager: install: Installing context configuration at 'file:/C:/Users/PAULO~1.BEZ/AppData/Local/Temp/context2661298158887848570.xml'
03-Jul-2019 19:18:08.488 INFO [http-nio-8080-exec-1181] org.apache.catalina.core.ApplicationContext.log Manager: start: Starting web application '/Opportunity'
03-Jul-2019 19:20:14.549 INFO [http-nio-8080-exec-1184] org.apache.catalina.core.ApplicationContext.log Manager: list: Listing contexts for virtual host 'localhost'
03-Jul-2019 19:20:22.868 INFO [http-nio-8080-exec-1188] org.apache.catalina.core.ApplicationContext.log Manager: list: Listing contexts for virtual host 'localhost'
03-Jul-2019 19:20:22.870 INFO [http-nio-8080-exec-1184] org.apache.catalina.core.ApplicationContext.log Manager: list: Listing contexts for virtual host 'localhost'
03-Jul-2019 19:20:22.937 INFO [http-nio-8080-exec-1189] org.apache.catalina.core.ApplicationContext.log Manager: undeploy: Undeploying web application at '/Opportunity'
03-Jul-2019 19:20:43.677 INFO [http-nio-8080-exec-1186] org.apache.catalina.core.ApplicationContext.log Manager: install: Installing context configuration at 'file:/C:/Users/PAULO~1.BEZ/AppData/Local/Temp/context2228586170955758230.xml'
03-Jul-2019 19:20:48.686 INFO [http-nio-8080-exec-1190] org.apache.catalina.core.ApplicationContext.log Manager: start: Starting web application '/Opportunity'
03-Jul-2019 19:22:26.169 INFO [http-nio-8080-exec-1201] org.apache.catalina.core.ApplicationContext.log Manager: list: Listing contexts for virtual host 'localhost'
03-Jul-2019 19:22:36.029 INFO [http-nio-8080-exec-1196] org.apache.catalina.core.ApplicationContext.log Manager: list: Listing contexts for virtual host 'localhost'
03-Jul-2019 19:22:36.031 INFO [http-nio-8080-exec-1197] org.apache.catalina.core.ApplicationContext.log Manager: list: Listing contexts for virtual host 'localhost'
03-Jul-2019 19:22:36.062 INFO [http-nio-8080-exec-1201] org.apache.catalina.core.ApplicationContext.log Manager: undeploy: Undeploying web application at '/Opportunity'
03-Jul-2019 19:22:40.636 INFO [http-nio-8080-exec-1202] org.apache.catalina.core.ApplicationContext.log Manager: install: Installing context configuration at 'file:/C:/Users/PAULO~1.BEZ/AppData/Local/Temp/context423220446585723517.xml'
03-Jul-2019 19:25:06.171 INFO [http-nio-8080-exec-1199] org.apache.catalina.core.ApplicationContext.log Manager: list: Listing contexts for virtual host 'localhost'
03-Jul-2019 19:25:06.199 INFO [http-nio-8080-exec-1195] org.apache.catalina.core.ApplicationContext.log Manager: list: Listing contexts for virtual host 'localhost'
03-Jul-2019 19:25:06.237 INFO [http-nio-8080-exec-1197] org.apache.catalina.core.ApplicationContext.log Manager: undeploy: Undeploying web application at '/Opportunity'
03-Jul-2019 19:25:07.010 INFO [http-nio-8080-exec-1206] org.apache.catalina.core.ApplicationContext.log Manager: install: Installing context configuration at 'file:/C:/Users/PAULO~1.BEZ/AppData/Local/Temp/context5751832125091859888.xml'
03-Jul-2019 19:25:12.217 INFO [http-nio-8080-exec-1193] org.apache.catalina.core.ApplicationContext.log Manager: start: Starting web application '/Opportunity'
03-Jul-2019 19:26:23.586 INFO [http-nio-8080-exec-1205] org.apache.catalina.core.ApplicationContext.log Manager: list: Listing contexts for virtual host 'localhost'
03-Jul-2019 19:26:33.475 INFO [http-nio-8080-exec-1207] org.apache.catalina.core.ApplicationContext.log Manager: list: Listing contexts for virtual host 'localhost'
03-Jul-2019 19:26:33.478 INFO [http-nio-8080-exec-1204] org.apache.catalina.core.ApplicationContext.log Manager: list: Listing contexts for virtual host 'localhost'
03-Jul-2019 19:26:33.505 INFO [http-nio-8080-exec-1205] org.apache.catalina.core.ApplicationContext.log Manager: undeploy: Undeploying web application at '/Opportunity'
03-Jul-2019 19:26:58.384 INFO [http-nio-8080-exec-1208] org.apache.catalina.core.ApplicationContext.log Manager: install: Installing context configuration at 'file:/C:/Users/PAULO~1.BEZ/AppData/Local/Temp/context5332032201710915049.xml'
03-Jul-2019 19:28:58.533 INFO [http-nio-8080-exec-1209] org.apache.catalina.core.ApplicationContext.log Manager: list: Listing contexts for virtual host 'localhost'
03-Jul-2019 19:28:58.542 INFO [http-nio-8080-exec-1203] org.apache.catalina.core.ApplicationContext.log Manager: list: Listing contexts for virtual host 'localhost'
03-Jul-2019 19:28:58.580 INFO [http-nio-8080-exec-1211] org.apache.catalina.core.ApplicationContext.log Manager: undeploy: Undeploying web application at '/Opportunity'
03-Jul-2019 19:28:59.238 INFO [http-nio-8080-exec-1210] org.apache.catalina.core.ApplicationContext.log Manager: install: Installing context configuration at 'file:/C:/Users/PAULO~1.BEZ/AppData/Local/Temp/context1957325879117280792.xml'
03-Jul-2019 19:29:04.741 INFO [http-nio-8080-exec-1216] org.apache.catalina.core.ApplicationContext.log Manager: start: Starting web application '/Opportunity'
03-Jul-2019 19:31:31.190 INFO [http-nio-8080-exec-1218] org.apache.catalina.core.ApplicationContext.log Manager: list: Listing contexts for virtual host 'localhost'
03-Jul-2019 19:31:31.212 INFO [http-nio-8080-exec-1220] org.apache.catalina.core.ApplicationContext.log Manager: undeploy: Undeploying web application at '/Opportunity'
