12-Sep-2019 12:24:38.934 INFO [http-nio-8080-exec-9] org.apache.catalina.core.ApplicationContext.log Manager: init: Associated with Deployer 'Catalina:type=Deployer,host=localhost'
12-Sep-2019 12:24:38.934 INFO [http-nio-8080-exec-9] org.apache.catalina.core.ApplicationContext.log Manager: init: Global resources are available
12-Sep-2019 12:24:38.934 INFO [http-nio-8080-exec-9] org.apache.catalina.core.ApplicationContext.log Manager: list: Listing contexts for virtual host 'localhost'
12-Sep-2019 12:24:38.949 INFO [http-nio-8080-exec-10] org.apache.catalina.core.ApplicationContext.log Manager: list: Listing contexts for virtual host 'localhost'
12-Sep-2019 12:24:39.168 INFO [http-nio-8080-exec-1] org.apache.catalina.core.ApplicationContext.log Manager: install: Installing context configuration at 'file:/C:/Users/PAULO~1.BEZ/AppData/Local/Temp/context4827215192090898627.xml'
12-Sep-2019 12:24:46.854 INFO [http-nio-8080-exec-2] org.apache.catalina.core.ApplicationContext.log Manager: start: Starting web application '/Opportunity'
12-Sep-2019 14:52:13.471 INFO [http-nio-8080-exec-7] org.apache.catalina.core.ApplicationContext.log Manager: init: Associated with Deployer 'Catalina:type=Deployer,host=localhost'
12-Sep-2019 14:52:13.471 INFO [http-nio-8080-exec-7] org.apache.catalina.core.ApplicationContext.log Manager: init: Global resources are available
12-Sep-2019 14:52:13.471 INFO [http-nio-8080-exec-7] org.apache.catalina.core.ApplicationContext.log Manager: list: Listing contexts for virtual host 'localhost'
12-Sep-2019 14:52:13.534 INFO [http-nio-8080-exec-8] org.apache.catalina.core.ApplicationContext.log Manager: undeploy: Undeploying web application at '/OpportunityComercial'
12-Sep-2019 14:52:14.205 INFO [http-nio-8080-exec-4] org.apache.catalina.core.ApplicationContext.log Manager: install: Installing context configuration at 'file:/C:/Users/PAULO~1.BEZ/AppData/Local/Temp/context744135505837662362.xml'
12-Sep-2019 14:52:15.674 INFO [http-nio-8080-exec-9] org.apache.catalina.core.ApplicationContext.log Manager: start: Starting web application '/OpportunityComercial'
12-Sep-2019 14:52:30.887 INFO [http-nio-8080-exec-6] org.apache.catalina.core.ApplicationContext.log Manager: list: Listing contexts for virtual host 'localhost'
12-Sep-2019 14:52:35.542 INFO [http-nio-8080-exec-15] org.apache.catalina.core.ApplicationContext.log Manager: list: Listing contexts for virtual host 'localhost'
12-Sep-2019 14:52:35.542 INFO [http-nio-8080-exec-16] org.apache.catalina.core.ApplicationContext.log Manager: list: Listing contexts for virtual host 'localhost'
12-Sep-2019 14:52:35.589 INFO [http-nio-8080-exec-11] org.apache.catalina.core.ApplicationContext.log Manager: undeploy: Undeploying web application at '/OpportunityComercial'
12-Sep-2019 14:52:36.511 INFO [http-nio-8080-exec-6] org.apache.catalina.core.ApplicationContext.log Manager: install: Installing context configuration at 'file:/C:/Users/PAULO~1.BEZ/AppData/Local/Temp/context8775120829138789358.xml'
12-Sep-2019 14:52:38.885 INFO [http-nio-8080-exec-1] org.apache.catalina.core.ApplicationContext.log Manager: start: Starting web application '/OpportunityComercial'
12-Sep-2019 14:54:08.019 INFO [http-nio-8080-exec-13] org.apache.catalina.core.ApplicationContext.log Manager: list: Listing contexts for virtual host 'localhost'
12-Sep-2019 14:54:15.573 INFO [http-nio-8080-exec-18] org.apache.catalina.core.ApplicationContext.log Manager: list: Listing contexts for virtual host 'localhost'
12-Sep-2019 14:54:15.573 INFO [http-nio-8080-exec-19] org.apache.catalina.core.ApplicationContext.log Manager: list: Listing contexts for virtual host 'localhost'
12-Sep-2019 14:54:15.620 INFO [http-nio-8080-exec-22] org.apache.catalina.core.ApplicationContext.log Manager: undeploy: Undeploying web application at '/OpportunityComercial'
12-Sep-2019 14:54:16.432 INFO [http-nio-8080-exec-19] org.apache.catalina.core.ApplicationContext.log Manager: install: Installing context configuration at 'file:/C:/Users/PAULO~1.BEZ/AppData/Local/Temp/context3927016475899417901.xml'
12-Sep-2019 14:54:21.487 INFO [http-nio-8080-exec-23] org.apache.catalina.core.ApplicationContext.log Manager: start: Starting web application '/OpportunityComercial'
12-Sep-2019 14:56:31.794 INFO [http-nio-8080-exec-28] org.apache.catalina.core.ApplicationContext.log Manager: list: Listing contexts for virtual host 'localhost'
12-Sep-2019 14:57:56.816 INFO [http-nio-8080-exec-27] org.apache.catalina.core.ApplicationContext.log Manager: list: Listing contexts for virtual host 'localhost'
12-Sep-2019 14:58:41.313 INFO [http-nio-8080-exec-25] org.apache.catalina.core.ApplicationContext.log Manager: list: Listing contexts for virtual host 'localhost'
12-Sep-2019 14:58:55.844 INFO [http-nio-8080-exec-33] org.apache.catalina.core.ApplicationContext.log Manager: list: Listing contexts for virtual host 'localhost'
12-Sep-2019 14:58:55.846 INFO [http-nio-8080-exec-29] org.apache.catalina.core.ApplicationContext.log Manager: list: Listing contexts for virtual host 'localhost'
12-Sep-2019 14:58:55.879 INFO [http-nio-8080-exec-25] org.apache.catalina.core.ApplicationContext.log Manager: undeploy: Undeploying web application at '/OpportunityComercial'
12-Sep-2019 14:58:56.767 INFO [http-nio-8080-exec-29] org.apache.catalina.core.ApplicationContext.log Manager: install: Installing context configuration at 'file:/C:/Users/PAULO~1.BEZ/AppData/Local/Temp/context7982320796083889195.xml'
12-Sep-2019 14:58:57.806 INFO [http-nio-8080-exec-27] org.apache.catalina.core.ApplicationContext.log Manager: start: Starting web application '/OpportunityComercial'
12-Sep-2019 15:02:27.580 INFO [http-nio-8080-exec-39] org.apache.catalina.core.ApplicationContext.log Manager: list: Listing contexts for virtual host 'localhost'
12-Sep-2019 15:03:10.217 INFO [http-nio-8080-exec-41] org.apache.catalina.core.ApplicationContext.log Manager: list: Listing contexts for virtual host 'localhost'
12-Sep-2019 15:03:10.219 INFO [http-nio-8080-exec-36] org.apache.catalina.core.ApplicationContext.log Manager: list: Listing contexts for virtual host 'localhost'
12-Sep-2019 15:03:10.247 INFO [http-nio-8080-exec-42] org.apache.catalina.core.ApplicationContext.log Manager: undeploy: Undeploying web application at '/OpportunityComercial'
12-Sep-2019 15:03:11.108 INFO [http-nio-8080-exec-39] org.apache.catalina.core.ApplicationContext.log Manager: install: Installing context configuration at 'file:/C:/Users/PAULO~1.BEZ/AppData/Local/Temp/context5688962522877591519.xml'
12-Sep-2019 15:03:12.158 INFO [http-nio-8080-exec-37] org.apache.catalina.core.ApplicationContext.log Manager: start: Starting web application '/OpportunityComercial'
12-Sep-2019 15:04:34.473 INFO [http-nio-8080-exec-45] org.apache.catalina.core.ApplicationContext.log Manager: list: Listing contexts for virtual host 'localhost'
12-Sep-2019 15:05:12.354 INFO [http-nio-8080-exec-40] org.apache.catalina.core.ApplicationContext.log Manager: list: Listing contexts for virtual host 'localhost'
12-Sep-2019 15:05:16.253 INFO [http-nio-8080-exec-50] org.apache.catalina.core.ApplicationContext.log Manager: list: Listing contexts for virtual host 'localhost'
12-Sep-2019 15:05:16.255 INFO [http-nio-8080-exec-51] org.apache.catalina.core.ApplicationContext.log Manager: list: Listing contexts for virtual host 'localhost'
12-Sep-2019 15:05:16.283 INFO [http-nio-8080-exec-38] org.apache.catalina.core.ApplicationContext.log Manager: undeploy: Undeploying web application at '/OpportunityComercial'
12-Sep-2019 15:05:17.110 INFO [http-nio-8080-exec-48] org.apache.catalina.core.ApplicationContext.log Manager: install: Installing context configuration at 'file:/C:/Users/PAULO~1.BEZ/AppData/Local/Temp/context6018855103192083075.xml'
12-Sep-2019 15:05:18.110 INFO [http-nio-8080-exec-51] org.apache.catalina.core.ApplicationContext.log Manager: start: Starting web application '/OpportunityComercial'
12-Sep-2019 15:06:23.376 INFO [http-nio-8080-exec-55] org.apache.catalina.core.ApplicationContext.log Manager: list: Listing contexts for virtual host 'localhost'
12-Sep-2019 15:06:32.135 INFO [http-nio-8080-exec-58] org.apache.catalina.core.ApplicationContext.log Manager: list: Listing contexts for virtual host 'localhost'
12-Sep-2019 15:06:40.904 INFO [http-nio-8080-exec-56] org.apache.catalina.core.ApplicationContext.log Manager: list: Listing contexts for virtual host 'localhost'
12-Sep-2019 15:06:40.911 INFO [http-nio-8080-exec-57] org.apache.catalina.core.ApplicationContext.log Manager: undeploy: Undeploying web application at '/OpportunityComercial'
12-Sep-2019 15:07:45.513 INFO [http-nio-8080-exec-46] org.apache.catalina.core.ApplicationContext.log Manager: list: Listing contexts for virtual host 'localhost'
12-Sep-2019 15:12:23.812 INFO [http-nio-8080-exec-63] org.apache.catalina.core.ApplicationContext.log Manager: list: Listing contexts for virtual host 'localhost'
12-Sep-2019 15:12:41.806 INFO [http-nio-8080-exec-68] org.apache.catalina.core.ApplicationContext.log Manager: list: Listing contexts for virtual host 'localhost'
12-Sep-2019 15:12:48.799 INFO [http-nio-8080-exec-61] org.apache.catalina.core.ApplicationContext.log Manager: list: Listing contexts for virtual host 'localhost'
12-Sep-2019 15:16:55.599 INFO [http-nio-8080-exec-67] org.apache.catalina.core.ApplicationContext.log Manager: list: Listing contexts for virtual host 'localhost'
12-Sep-2019 15:17:08.757 INFO [http-nio-8080-exec-60] org.apache.catalina.core.ApplicationContext.log Manager: list: Listing contexts for virtual host 'localhost'
12-Sep-2019 15:48:07.986 INFO [http-nio-8080-exec-67] org.apache.catalina.core.ApplicationContext.log Manager: list: Listing contexts for virtual host 'localhost'
12-Sep-2019 15:48:18.052 INFO [http-nio-8080-exec-64] org.apache.catalina.core.ApplicationContext.log Manager: list: Listing contexts for virtual host 'localhost'
12-Sep-2019 15:48:18.055 INFO [http-nio-8080-exec-65] org.apache.catalina.core.ApplicationContext.log Manager: list: Listing contexts for virtual host 'localhost'
12-Sep-2019 15:48:18.482 INFO [http-nio-8080-exec-66] org.apache.catalina.core.ApplicationContext.log Manager: undeploy: Undeploying web application at '/Opportunity'
12-Sep-2019 15:48:20.697 INFO [http-nio-8080-exec-65] org.apache.catalina.core.ApplicationContext.log Manager: install: Installing context configuration at 'file:/C:/Users/PAULO~1.BEZ/AppData/Local/Temp/context5218168575869643634.xml'
12-Sep-2019 15:48:26.766 INFO [http-nio-8080-exec-68] org.apache.catalina.core.ApplicationContext.log Manager: start: Starting web application '/Opportunity'
12-Sep-2019 15:50:42.485 INFO [http-nio-8080-exec-70] org.apache.catalina.core.ApplicationContext.log Manager: list: Listing contexts for virtual host 'localhost'
12-Sep-2019 15:50:46.838 INFO [http-nio-8080-exec-79] org.apache.catalina.core.ApplicationContext.log Manager: list: Listing contexts for virtual host 'localhost'
12-Sep-2019 15:50:46.841 INFO [http-nio-8080-exec-72] org.apache.catalina.core.ApplicationContext.log Manager: list: Listing contexts for virtual host 'localhost'
12-Sep-2019 15:50:46.862 INFO [http-nio-8080-exec-73] org.apache.catalina.core.ApplicationContext.log Manager: undeploy: Undeploying web application at '/Opportunity'
12-Sep-2019 15:50:47.718 INFO [http-nio-8080-exec-74] org.apache.catalina.core.ApplicationContext.log Manager: install: Installing context configuration at 'file:/C:/Users/PAULO~1.BEZ/AppData/Local/Temp/context7770239581009683700.xml'
12-Sep-2019 15:50:48.576 INFO [http-nio-8080-exec-78] org.apache.catalina.core.ApplicationContext.log Manager: start: Starting web application '/Opportunity'
12-Sep-2019 15:52:57.386 INFO [http-nio-8080-exec-85] org.apache.catalina.core.ApplicationContext.log Manager: list: Listing contexts for virtual host 'localhost'
12-Sep-2019 15:53:01.852 INFO [http-nio-8080-exec-89] org.apache.catalina.core.ApplicationContext.log Manager: list: Listing contexts for virtual host 'localhost'
12-Sep-2019 15:53:01.854 INFO [http-nio-8080-exec-82] org.apache.catalina.core.ApplicationContext.log Manager: list: Listing contexts for virtual host 'localhost'
12-Sep-2019 15:53:01.872 INFO [http-nio-8080-exec-83] org.apache.catalina.core.ApplicationContext.log Manager: undeploy: Undeploying web application at '/Opportunity'
12-Sep-2019 15:53:02.700 INFO [http-nio-8080-exec-89] org.apache.catalina.core.ApplicationContext.log Manager: install: Installing context configuration at 'file:/C:/Users/PAULO~1.BEZ/AppData/Local/Temp/context1157591235668118332.xml'
12-Sep-2019 15:53:03.895 INFO [http-nio-8080-exec-81] org.apache.catalina.core.ApplicationContext.log Manager: start: Starting web application '/Opportunity'
12-Sep-2019 15:54:30.692 INFO [http-nio-8080-exec-95] org.apache.catalina.core.ApplicationContext.log Manager: list: Listing contexts for virtual host 'localhost'
12-Sep-2019 15:54:36.238 INFO [http-nio-8080-exec-92] org.apache.catalina.core.ApplicationContext.log Manager: list: Listing contexts for virtual host 'localhost'
12-Sep-2019 15:54:36.240 INFO [http-nio-8080-exec-93] org.apache.catalina.core.ApplicationContext.log Manager: list: Listing contexts for virtual host 'localhost'
12-Sep-2019 15:54:36.294 INFO [http-nio-8080-exec-94] org.apache.catalina.core.ApplicationContext.log Manager: undeploy: Undeploying web application at '/Opportunity'
12-Sep-2019 15:54:37.175 INFO [http-nio-8080-exec-93] org.apache.catalina.core.ApplicationContext.log Manager: install: Installing context configuration at 'file:/C:/Users/PAULO~1.BEZ/AppData/Local/Temp/context354710833289548632.xml'
12-Sep-2019 15:54:43.703 INFO [http-nio-8080-exec-96] org.apache.catalina.core.ApplicationContext.log Manager: start: Starting web application '/Opportunity'
12-Sep-2019 15:55:46.409 INFO [http-nio-8080-exec-92] org.apache.catalina.core.ApplicationContext.log Manager: list: Listing contexts for virtual host 'localhost'
12-Sep-2019 15:55:52.008 INFO [http-nio-8080-exec-99] org.apache.catalina.core.ApplicationContext.log Manager: list: Listing contexts for virtual host 'localhost'
12-Sep-2019 15:55:52.011 INFO [http-nio-8080-exec-100] org.apache.catalina.core.ApplicationContext.log Manager: list: Listing contexts for virtual host 'localhost'
12-Sep-2019 15:55:52.034 INFO [http-nio-8080-exec-101] org.apache.catalina.core.ApplicationContext.log Manager: undeploy: Undeploying web application at '/Opportunity'
12-Sep-2019 15:55:52.944 INFO [http-nio-8080-exec-104] org.apache.catalina.core.ApplicationContext.log Manager: install: Installing context configuration at 'file:/C:/Users/PAULO~1.BEZ/AppData/Local/Temp/context5991096136762922413.xml'
12-Sep-2019 15:55:54.092 INFO [http-nio-8080-exec-105] org.apache.catalina.core.ApplicationContext.log Manager: start: Starting web application '/Opportunity'
12-Sep-2019 15:56:39.268 INFO [http-nio-8080-exec-100] org.apache.catalina.core.ApplicationContext.log Manager: list: Listing contexts for virtual host 'localhost'
12-Sep-2019 15:56:50.159 INFO [http-nio-8080-exec-107] org.apache.catalina.core.ApplicationContext.log Manager: list: Listing contexts for virtual host 'localhost'
12-Sep-2019 15:56:50.162 INFO [http-nio-8080-exec-112] org.apache.catalina.core.ApplicationContext.log Manager: list: Listing contexts for virtual host 'localhost'
12-Sep-2019 15:56:50.182 INFO [http-nio-8080-exec-103] org.apache.catalina.core.ApplicationContext.log Manager: undeploy: Undeploying web application at '/Opportunity'
12-Sep-2019 15:56:51.079 INFO [http-nio-8080-exec-109] org.apache.catalina.core.ApplicationContext.log Manager: install: Installing context configuration at 'file:/C:/Users/PAULO~1.BEZ/AppData/Local/Temp/context6360128139336868098.xml'
12-Sep-2019 15:56:52.371 INFO [http-nio-8080-exec-111] org.apache.catalina.core.ApplicationContext.log Manager: start: Starting web application '/Opportunity'
12-Sep-2019 15:58:28.276 INFO [http-nio-8080-exec-118] org.apache.catalina.core.ApplicationContext.log Manager: list: Listing contexts for virtual host 'localhost'
12-Sep-2019 15:58:34.545 INFO [http-nio-8080-exec-113] org.apache.catalina.core.ApplicationContext.log Manager: list: Listing contexts for virtual host 'localhost'
12-Sep-2019 15:58:57.715 INFO [http-nio-8080-exec-116] org.apache.catalina.core.ApplicationContext.log Manager: list: Listing contexts for virtual host 'localhost'
12-Sep-2019 16:36:06.571 INFO [http-nio-8080-exec-120] org.apache.catalina.core.ApplicationContext.log Manager: list: Listing contexts for virtual host 'localhost'
12-Sep-2019 16:36:06.586 INFO [http-nio-8080-exec-121] org.apache.catalina.core.ApplicationContext.log Manager: undeploy: Undeploying web application at '/Opportunity'
12-Sep-2019 16:39:20.859 INFO [http-nio-8080-exec-128] org.apache.catalina.core.ApplicationContext.log Manager: list: Listing contexts for virtual host 'localhost'
12-Sep-2019 16:39:42.100 INFO [http-nio-8080-exec-120] org.apache.catalina.core.ApplicationContext.log Manager: list: Listing contexts for virtual host 'localhost'
12-Sep-2019 16:39:46.500 INFO [http-nio-8080-exec-128] org.apache.catalina.core.ApplicationContext.log Manager: list: Listing contexts for virtual host 'localhost'
12-Sep-2019 16:39:46.502 INFO [http-nio-8080-exec-130] org.apache.catalina.core.ApplicationContext.log Manager: list: Listing contexts for virtual host 'localhost'
12-Sep-2019 16:39:47.030 INFO [http-nio-8080-exec-129] org.apache.catalina.core.ApplicationContext.log Manager: install: Installing context configuration at 'file:/C:/Users/PAULO~1.BEZ/AppData/Local/Temp/context3896752975571918476.xml'
12-Sep-2019 16:39:53.378 INFO [http-nio-8080-exec-131] org.apache.catalina.core.ApplicationContext.log Manager: start: Starting web application '/Opportunity'
12-Sep-2019 16:42:46.569 INFO [http-nio-8080-exec-132] org.apache.catalina.core.ApplicationContext.log Manager: list: Listing contexts for virtual host 'localhost'
12-Sep-2019 16:42:50.261 INFO [http-nio-8080-exec-134] org.apache.catalina.core.ApplicationContext.log Manager: list: Listing contexts for virtual host 'localhost'
12-Sep-2019 16:42:50.263 INFO [http-nio-8080-exec-131] org.apache.catalina.core.ApplicationContext.log Manager: list: Listing contexts for virtual host 'localhost'
12-Sep-2019 16:42:50.289 INFO [http-nio-8080-exec-129] org.apache.catalina.core.ApplicationContext.log Manager: undeploy: Undeploying web application at '/Opportunity'
12-Sep-2019 16:42:51.271 INFO [http-nio-8080-exec-133] org.apache.catalina.core.ApplicationContext.log Manager: install: Installing context configuration at 'file:/C:/Users/PAULO~1.BEZ/AppData/Local/Temp/context6022761575294989217.xml'
12-Sep-2019 16:42:52.449 INFO [http-nio-8080-exec-128] org.apache.catalina.core.ApplicationContext.log Manager: start: Starting web application '/Opportunity'
12-Sep-2019 16:44:41.809 INFO [http-nio-8080-exec-136] org.apache.catalina.core.ApplicationContext.log Manager: list: Listing contexts for virtual host 'localhost'
12-Sep-2019 16:44:45.715 INFO [http-nio-8080-exec-126] org.apache.catalina.core.ApplicationContext.log Manager: list: Listing contexts for virtual host 'localhost'
12-Sep-2019 16:44:45.717 INFO [http-nio-8080-exec-137] org.apache.catalina.core.ApplicationContext.log Manager: list: Listing contexts for virtual host 'localhost'
12-Sep-2019 16:44:45.735 INFO [http-nio-8080-exec-138] org.apache.catalina.core.ApplicationContext.log Manager: undeploy: Undeploying web application at '/Opportunity'
12-Sep-2019 16:44:46.696 INFO [http-nio-8080-exec-142] org.apache.catalina.core.ApplicationContext.log Manager: install: Installing context configuration at 'file:/C:/Users/PAULO~1.BEZ/AppData/Local/Temp/context5955596542101861695.xml'
12-Sep-2019 16:44:47.744 INFO [http-nio-8080-exec-137] org.apache.catalina.core.ApplicationContext.log Manager: start: Starting web application '/Opportunity'
12-Sep-2019 16:46:35.749 INFO [http-nio-8080-exec-147] org.apache.catalina.core.ApplicationContext.log Manager: list: Listing contexts for virtual host 'localhost'
12-Sep-2019 16:46:41.210 INFO [http-nio-8080-exec-151] org.apache.catalina.core.ApplicationContext.log Manager: list: Listing contexts for virtual host 'localhost'
12-Sep-2019 16:46:41.212 INFO [http-nio-8080-exec-144] org.apache.catalina.core.ApplicationContext.log Manager: list: Listing contexts for virtual host 'localhost'
12-Sep-2019 16:46:41.293 INFO [http-nio-8080-exec-145] org.apache.catalina.core.ApplicationContext.log Manager: install: Installing context configuration at 'file:/C:/Users/PAULO~1.BEZ/AppData/Local/Temp/context7009753378198618918.xml'
12-Sep-2019 16:46:45.388 INFO [http-nio-8080-exec-146] org.apache.catalina.core.ApplicationContext.log Manager: start: Starting web application '/OpportunityComercial'
12-Sep-2019 16:47:26.651 INFO [http-nio-8080-exec-151] org.apache.catalina.core.ApplicationContext.log Manager: list: Listing contexts for virtual host 'localhost'
12-Sep-2019 16:47:26.653 INFO [http-nio-8080-exec-144] org.apache.catalina.core.ApplicationContext.log Manager: list: Listing contexts for virtual host 'localhost'
12-Sep-2019 16:47:26.669 INFO [http-nio-8080-exec-145] org.apache.catalina.core.ApplicationContext.log Manager: undeploy: Undeploying web application at '/Opportunity'
12-Sep-2019 16:47:27.548 INFO [http-nio-8080-exec-143] org.apache.catalina.core.ApplicationContext.log Manager: install: Installing context configuration at 'file:/C:/Users/PAULO~1.BEZ/AppData/Local/Temp/context6691987177770773649.xml'
12-Sep-2019 16:47:28.416 INFO [http-nio-8080-exec-149] org.apache.catalina.core.ApplicationContext.log Manager: start: Starting web application '/Opportunity'
12-Sep-2019 16:49:44.868 INFO [http-nio-8080-exec-157] org.apache.catalina.core.ApplicationContext.log Manager: list: Listing contexts for virtual host 'localhost'
12-Sep-2019 16:49:49.368 INFO [http-nio-8080-exec-162] org.apache.catalina.core.ApplicationContext.log Manager: list: Listing contexts for virtual host 'localhost'
12-Sep-2019 16:49:49.371 INFO [http-nio-8080-exec-155] org.apache.catalina.core.ApplicationContext.log Manager: list: Listing contexts for virtual host 'localhost'
12-Sep-2019 16:49:49.393 INFO [http-nio-8080-exec-156] org.apache.catalina.core.ApplicationContext.log Manager: undeploy: Undeploying web application at '/OpportunityComercial'
12-Sep-2019 16:49:50.450 INFO [http-nio-8080-exec-154] org.apache.catalina.core.ApplicationContext.log Manager: install: Installing context configuration at 'file:/C:/Users/PAULO~1.BEZ/AppData/Local/Temp/context5223419787694630137.xml'
12-Sep-2019 16:49:51.543 INFO [http-nio-8080-exec-153] org.apache.catalina.core.ApplicationContext.log Manager: start: Starting web application '/OpportunityComercial'
12-Sep-2019 16:50:00.749 INFO [http-nio-8080-exec-163] org.apache.catalina.core.ApplicationContext.log Manager: list: Listing contexts for virtual host 'localhost'
12-Sep-2019 16:50:00.752 INFO [http-nio-8080-exec-164] org.apache.catalina.core.ApplicationContext.log Manager: list: Listing contexts for virtual host 'localhost'
12-Sep-2019 16:50:00.781 INFO [http-nio-8080-exec-153] org.apache.catalina.core.ApplicationContext.log Manager: undeploy: Undeploying web application at '/Opportunity'
12-Sep-2019 16:50:01.689 INFO [http-nio-8080-exec-155] org.apache.catalina.core.ApplicationContext.log Manager: install: Installing context configuration at 'file:/C:/Users/PAULO~1.BEZ/AppData/Local/Temp/context7707033336534029238.xml'
12-Sep-2019 16:50:02.555 INFO [http-nio-8080-exec-164] org.apache.catalina.core.ApplicationContext.log Manager: start: Starting web application '/Opportunity'
12-Sep-2019 16:51:21.164 INFO [http-nio-8080-exec-169] org.apache.catalina.core.ApplicationContext.log Manager: list: Listing contexts for virtual host 'localhost'
12-Sep-2019 16:51:36.260 INFO [http-nio-8080-exec-171] org.apache.catalina.core.ApplicationContext.log Manager: list: Listing contexts for virtual host 'localhost'
12-Sep-2019 16:51:36.262 INFO [http-nio-8080-exec-168] org.apache.catalina.core.ApplicationContext.log Manager: list: Listing contexts for virtual host 'localhost'
12-Sep-2019 16:51:36.278 INFO [http-nio-8080-exec-173] org.apache.catalina.core.ApplicationContext.log Manager: undeploy: Undeploying web application at '/Opportunity'
12-Sep-2019 16:51:37.112 INFO [http-nio-8080-exec-170] org.apache.catalina.core.ApplicationContext.log Manager: install: Installing context configuration at 'file:/C:/Users/PAULO~1.BEZ/AppData/Local/Temp/context3640865199136459945.xml'
12-Sep-2019 16:51:38.023 INFO [http-nio-8080-exec-174] org.apache.catalina.core.ApplicationContext.log Manager: start: Starting web application '/Opportunity'
12-Sep-2019 16:58:09.460 INFO [http-nio-8080-exec-179] org.apache.catalina.core.ApplicationContext.log Manager: list: Listing contexts for virtual host 'localhost'
12-Sep-2019 16:58:09.469 INFO [http-nio-8080-exec-183] org.apache.catalina.core.ApplicationContext.log Manager: undeploy: Undeploying web application at '/Opportunity'
12-Sep-2019 17:04:45.243 INFO [http-nio-8080-exec-189] org.apache.catalina.core.ApplicationContext.log Manager: list: Listing contexts for virtual host 'localhost'
12-Sep-2019 17:04:55.560 INFO [http-nio-8080-exec-181] org.apache.catalina.core.ApplicationContext.log Manager: list: Listing contexts for virtual host 'localhost'
12-Sep-2019 17:05:02.448 INFO [http-nio-8080-exec-191] org.apache.catalina.core.ApplicationContext.log Manager: list: Listing contexts for virtual host 'localhost'
12-Sep-2019 17:05:02.450 INFO [http-nio-8080-exec-192] org.apache.catalina.core.ApplicationContext.log Manager: list: Listing contexts for virtual host 'localhost'
12-Sep-2019 17:05:02.863 INFO [http-nio-8080-exec-194] org.apache.catalina.core.ApplicationContext.log Manager: install: Installing context configuration at 'file:/C:/Users/PAULO~1.BEZ/AppData/Local/Temp/context5747379754033817621.xml'
12-Sep-2019 17:05:03.833 INFO [http-nio-8080-exec-181] org.apache.catalina.core.ApplicationContext.log Manager: start: Starting web application '/Opportunity'
12-Sep-2019 17:06:57.796 INFO [http-nio-8080-exec-188] org.apache.catalina.core.ApplicationContext.log Manager: list: Listing contexts for virtual host 'localhost'
12-Sep-2019 17:07:22.603 INFO [http-nio-8080-exec-195] org.apache.catalina.core.ApplicationContext.log Manager: list: Listing contexts for virtual host 'localhost'
12-Sep-2019 17:07:26.201 INFO [http-nio-8080-exec-191] org.apache.catalina.core.ApplicationContext.log Manager: list: Listing contexts for virtual host 'localhost'
12-Sep-2019 17:07:26.204 INFO [http-nio-8080-exec-192] org.apache.catalina.core.ApplicationContext.log Manager: list: Listing contexts for virtual host 'localhost'
12-Sep-2019 17:07:26.226 INFO [http-nio-8080-exec-194] org.apache.catalina.core.ApplicationContext.log Manager: undeploy: Undeploying web application at '/Opportunity'
12-Sep-2019 17:07:27.145 INFO [http-nio-8080-exec-192] org.apache.catalina.core.ApplicationContext.log Manager: install: Installing context configuration at 'file:/C:/Users/PAULO~1.BEZ/AppData/Local/Temp/context5290326900767302879.xml'
12-Sep-2019 17:07:28.086 INFO [http-nio-8080-exec-188] org.apache.catalina.core.ApplicationContext.log Manager: start: Starting web application '/Opportunity'
12-Sep-2019 17:09:31.129 INFO [http-nio-8080-exec-203] org.apache.catalina.core.ApplicationContext.log Manager: list: Listing contexts for virtual host 'localhost'
12-Sep-2019 17:09:34.444 INFO [http-nio-8080-exec-202] org.apache.catalina.core.ApplicationContext.log Manager: list: Listing contexts for virtual host 'localhost'
12-Sep-2019 17:09:34.445 INFO [http-nio-8080-exec-198] org.apache.catalina.core.ApplicationContext.log Manager: list: Listing contexts for virtual host 'localhost'
12-Sep-2019 17:09:34.482 INFO [http-nio-8080-exec-200] org.apache.catalina.core.ApplicationContext.log Manager: undeploy: Undeploying web application at '/Opportunity'
12-Sep-2019 17:09:35.333 INFO [http-nio-8080-exec-199] org.apache.catalina.core.ApplicationContext.log Manager: install: Installing context configuration at 'file:/C:/Users/PAULO~1.BEZ/AppData/Local/Temp/context1745513149996380282.xml'
12-Sep-2019 17:09:39.783 INFO [http-nio-8080-exec-201] org.apache.catalina.core.ApplicationContext.log Manager: start: Starting web application '/Opportunity'
12-Sep-2019 17:11:01.123 INFO [http-nio-8080-exec-213] org.apache.catalina.core.ApplicationContext.log Manager: list: Listing contexts for virtual host 'localhost'
12-Sep-2019 17:11:04.980 INFO [http-nio-8080-exec-215] org.apache.catalina.core.ApplicationContext.log Manager: list: Listing contexts for virtual host 'localhost'
12-Sep-2019 17:11:04.982 INFO [http-nio-8080-exec-211] org.apache.catalina.core.ApplicationContext.log Manager: list: Listing contexts for virtual host 'localhost'
12-Sep-2019 17:11:04.999 INFO [http-nio-8080-exec-212] org.apache.catalina.core.ApplicationContext.log Manager: undeploy: Undeploying web application at '/Opportunity'
12-Sep-2019 17:11:05.865 INFO [http-nio-8080-exec-214] org.apache.catalina.core.ApplicationContext.log Manager: install: Installing context configuration at 'file:/C:/Users/PAULO~1.BEZ/AppData/Local/Temp/context7312836335360362014.xml'
12-Sep-2019 17:11:06.932 INFO [http-nio-8080-exec-213] org.apache.catalina.core.ApplicationContext.log Manager: start: Starting web application '/Opportunity'
12-Sep-2019 17:12:15.647 INFO [http-nio-8080-exec-221] org.apache.catalina.core.ApplicationContext.log Manager: list: Listing contexts for virtual host 'localhost'
12-Sep-2019 17:12:27.833 INFO [http-nio-8080-exec-216] org.apache.catalina.core.ApplicationContext.log Manager: list: Listing contexts for virtual host 'localhost'
12-Sep-2019 17:12:48.001 INFO [http-nio-8080-exec-218] org.apache.catalina.core.ApplicationContext.log Manager: list: Listing contexts for virtual host 'localhost'
12-Sep-2019 17:12:51.233 INFO [http-nio-8080-exec-221] org.apache.catalina.core.ApplicationContext.log Manager: list: Listing contexts for virtual host 'localhost'
12-Sep-2019 17:12:51.234 INFO [http-nio-8080-exec-224] org.apache.catalina.core.ApplicationContext.log Manager: list: Listing contexts for virtual host 'localhost'
12-Sep-2019 17:12:51.249 INFO [http-nio-8080-exec-225] org.apache.catalina.core.ApplicationContext.log Manager: undeploy: Undeploying web application at '/Opportunity'
12-Sep-2019 17:12:52.087 INFO [http-nio-8080-exec-224] org.apache.catalina.core.ApplicationContext.log Manager: install: Installing context configuration at 'file:/C:/Users/PAULO~1.BEZ/AppData/Local/Temp/context7311776896648620171.xml'
12-Sep-2019 17:12:52.988 INFO [http-nio-8080-exec-217] org.apache.catalina.core.ApplicationContext.log Manager: start: Starting web application '/Opportunity'
12-Sep-2019 17:13:39.447 INFO [http-nio-8080-exec-220] org.apache.catalina.core.ApplicationContext.log Manager: list: Listing contexts for virtual host 'localhost'
12-Sep-2019 17:14:03.108 INFO [http-nio-8080-exec-232] org.apache.catalina.core.ApplicationContext.log Manager: list: Listing contexts for virtual host 'localhost'
12-Sep-2019 17:14:16.980 INFO [http-nio-8080-exec-234] org.apache.catalina.core.ApplicationContext.log Manager: list: Listing contexts for virtual host 'localhost'
12-Sep-2019 17:14:49.239 INFO [http-nio-8080-exec-235] org.apache.catalina.core.ApplicationContext.log Manager: list: Listing contexts for virtual host 'localhost'
12-Sep-2019 17:15:01.301 INFO [http-nio-8080-exec-228] org.apache.catalina.core.ApplicationContext.log Manager: list: Listing contexts for virtual host 'localhost'
12-Sep-2019 17:15:04.623 INFO [http-nio-8080-exec-227] org.apache.catalina.core.ApplicationContext.log Manager: list: Listing contexts for virtual host 'localhost'
12-Sep-2019 17:15:04.624 INFO [http-nio-8080-exec-232] org.apache.catalina.core.ApplicationContext.log Manager: list: Listing contexts for virtual host 'localhost'
12-Sep-2019 17:15:04.643 INFO [http-nio-8080-exec-228] org.apache.catalina.core.ApplicationContext.log Manager: undeploy: Undeploying web application at '/Opportunity'
12-Sep-2019 17:15:05.537 INFO [http-nio-8080-exec-234] org.apache.catalina.core.ApplicationContext.log Manager: install: Installing context configuration at 'file:/C:/Users/PAULO~1.BEZ/AppData/Local/Temp/context7981050154089591334.xml'
12-Sep-2019 17:15:06.352 INFO [http-nio-8080-exec-235] org.apache.catalina.core.ApplicationContext.log Manager: start: Starting web application '/Opportunity'
12-Sep-2019 17:16:18.438 INFO [http-nio-8080-exec-244] org.apache.catalina.core.ApplicationContext.log Manager: list: Listing contexts for virtual host 'localhost'
12-Sep-2019 17:16:18.448 INFO [http-nio-8080-exec-241] org.apache.catalina.core.ApplicationContext.log Manager: undeploy: Undeploying web application at '/Opportunity'
12-Sep-2019 17:23:11.601 INFO [http-nio-8080-exec-249] org.apache.catalina.core.ApplicationContext.log Manager: list: Listing contexts for virtual host 'localhost'
12-Sep-2019 17:23:20.130 INFO [http-nio-8080-exec-246] org.apache.catalina.core.ApplicationContext.log Manager: list: Listing contexts for virtual host 'localhost'
12-Sep-2019 17:23:25.510 INFO [http-nio-8080-exec-250] org.apache.catalina.core.ApplicationContext.log Manager: list: Listing contexts for virtual host 'localhost'
12-Sep-2019 17:23:25.512 INFO [http-nio-8080-exec-251] org.apache.catalina.core.ApplicationContext.log Manager: list: Listing contexts for virtual host 'localhost'
12-Sep-2019 17:23:25.599 INFO [http-nio-8080-exec-252] org.apache.catalina.core.ApplicationContext.log Manager: install: Installing context configuration at 'file:/C:/Users/PAULO~1.BEZ/AppData/Local/Temp/context3997709023499057917.xml'
12-Sep-2019 17:23:28.369 INFO [http-nio-8080-exec-253] org.apache.catalina.core.ApplicationContext.log Manager: start: Starting web application '/Opportunity'
12-Sep-2019 17:24:03.015 INFO [http-nio-8080-exec-252] org.apache.catalina.core.ApplicationContext.log Manager: list: Listing contexts for virtual host 'localhost'
12-Sep-2019 17:24:03.028 INFO [http-nio-8080-exec-253] org.apache.catalina.core.ApplicationContext.log Manager: undeploy: Undeploying web application at '/Opportunity'
12-Sep-2019 17:58:15.808 INFO [http-nio-8080-exec-259] org.apache.catalina.core.ApplicationContext.log Manager: list: Listing contexts for virtual host 'localhost'
12-Sep-2019 17:58:25.296 INFO [http-nio-8080-exec-264] org.apache.catalina.core.ApplicationContext.log Manager: list: Listing contexts for virtual host 'localhost'
12-Sep-2019 17:58:25.297 INFO [http-nio-8080-exec-256] org.apache.catalina.core.ApplicationContext.log Manager: list: Listing contexts for virtual host 'localhost'
12-Sep-2019 17:58:25.723 INFO [http-nio-8080-exec-257] org.apache.catalina.core.ApplicationContext.log Manager: install: Installing context configuration at 'file:/C:/Users/PAULO~1.BEZ/AppData/Local/Temp/context4109874462541146854.xml'
12-Sep-2019 17:58:30.514 INFO [http-nio-8080-exec-258] org.apache.catalina.core.ApplicationContext.log Manager: start: Starting web application '/Opportunity'
12-Sep-2019 18:02:16.292 INFO [http-nio-8080-exec-259] org.apache.catalina.core.ApplicationContext.log Manager: list: Listing contexts for virtual host 'localhost'
12-Sep-2019 18:04:33.176 INFO [http-nio-8080-exec-258] org.apache.catalina.core.ApplicationContext.log Manager: list: Listing contexts for virtual host 'localhost'
12-Sep-2019 18:04:33.178 INFO [http-nio-8080-exec-259] org.apache.catalina.core.ApplicationContext.log Manager: list: Listing contexts for virtual host 'localhost'
12-Sep-2019 18:04:33.230 INFO [http-nio-8080-exec-262] org.apache.catalina.core.ApplicationContext.log Manager: undeploy: Undeploying web application at '/Opportunity'
12-Sep-2019 18:04:35.429 INFO [http-nio-8080-exec-263] org.apache.catalina.core.ApplicationContext.log Manager: install: Installing context configuration at 'file:/C:/Users/PAULO~1.BEZ/AppData/Local/Temp/context1613938888999417594.xml'
12-Sep-2019 18:04:42.028 INFO [http-nio-8080-exec-257] org.apache.catalina.core.ApplicationContext.log Manager: start: Starting web application '/Opportunity'
12-Sep-2019 18:09:27.548 INFO [http-nio-8080-exec-268] org.apache.catalina.core.ApplicationContext.log Manager: list: Listing contexts for virtual host 'localhost'
12-Sep-2019 18:09:31.864 INFO [http-nio-8080-exec-275] org.apache.catalina.core.ApplicationContext.log Manager: list: Listing contexts for virtual host 'localhost'
12-Sep-2019 18:10:10.076 INFO [http-nio-8080-exec-274] org.apache.catalina.core.ApplicationContext.log Manager: list: Listing contexts for virtual host 'localhost'
12-Sep-2019 18:11:05.441 INFO [http-nio-8080-exec-267] org.apache.catalina.core.ApplicationContext.log Manager: list: Listing contexts for virtual host 'localhost'
12-Sep-2019 18:11:16.569 INFO [http-nio-8080-exec-272] org.apache.catalina.core.ApplicationContext.log Manager: list: Listing contexts for virtual host 'localhost'
12-Sep-2019 18:11:16.570 INFO [http-nio-8080-exec-267] org.apache.catalina.core.ApplicationContext.log Manager: list: Listing contexts for virtual host 'localhost'
12-Sep-2019 18:11:16.592 INFO [http-nio-8080-exec-268] org.apache.catalina.core.ApplicationContext.log Manager: undeploy: Undeploying web application at '/Opportunity'
12-Sep-2019 18:11:17.728 INFO [http-nio-8080-exec-273] org.apache.catalina.core.ApplicationContext.log Manager: install: Installing context configuration at 'file:/C:/Users/PAULO~1.BEZ/AppData/Local/Temp/context5458587453217086661.xml'
12-Sep-2019 18:11:18.987 INFO [http-nio-8080-exec-267] org.apache.catalina.core.ApplicationContext.log Manager: start: Starting web application '/Opportunity'
12-Sep-2019 18:15:08.270 INFO [http-nio-8080-exec-281] org.apache.catalina.core.ApplicationContext.log Manager: list: Listing contexts for virtual host 'localhost'
12-Sep-2019 18:15:12.804 INFO [http-nio-8080-exec-285] org.apache.catalina.core.ApplicationContext.log Manager: list: Listing contexts for virtual host 'localhost'
12-Sep-2019 18:15:12.806 INFO [http-nio-8080-exec-278] org.apache.catalina.core.ApplicationContext.log Manager: list: Listing contexts for virtual host 'localhost'
12-Sep-2019 18:15:12.825 INFO [http-nio-8080-exec-279] org.apache.catalina.core.ApplicationContext.log Manager: undeploy: Undeploying web application at '/Opportunity'
12-Sep-2019 18:15:13.714 INFO [http-nio-8080-exec-281] org.apache.catalina.core.ApplicationContext.log Manager: install: Installing context configuration at 'file:/C:/Users/PAULO~1.BEZ/AppData/Local/Temp/context8007535488878062556.xml'
12-Sep-2019 18:15:14.684 INFO [http-nio-8080-exec-280] org.apache.catalina.core.ApplicationContext.log Manager: start: Starting web application '/Opportunity'
12-Sep-2019 18:16:03.431 INFO [http-nio-8080-exec-289] org.apache.catalina.core.ApplicationContext.log Manager: list: Listing contexts for virtual host 'localhost'
12-Sep-2019 18:16:07.772 INFO [http-nio-8080-exec-291] org.apache.catalina.core.ApplicationContext.log Manager: list: Listing contexts for virtual host 'localhost'
12-Sep-2019 18:16:07.774 INFO [http-nio-8080-exec-282] org.apache.catalina.core.ApplicationContext.log Manager: list: Listing contexts for virtual host 'localhost'
12-Sep-2019 18:16:07.803 INFO [http-nio-8080-exec-277] org.apache.catalina.core.ApplicationContext.log Manager: undeploy: Undeploying web application at '/Opportunity'
12-Sep-2019 18:16:08.770 INFO [http-nio-8080-exec-282] org.apache.catalina.core.ApplicationContext.log Manager: install: Installing context configuration at 'file:/C:/Users/PAULO~1.BEZ/AppData/Local/Temp/context1461941756033270503.xml'
12-Sep-2019 18:16:10.036 INFO [http-nio-8080-exec-287] org.apache.catalina.core.ApplicationContext.log Manager: start: Starting web application '/Opportunity'
12-Sep-2019 18:19:16.396 INFO [http-nio-8080-exec-295] org.apache.catalina.core.ApplicationContext.log Manager: list: Listing contexts for virtual host 'localhost'
12-Sep-2019 18:19:24.172 INFO [http-nio-8080-exec-299] org.apache.catalina.core.ApplicationContext.log Manager: list: Listing contexts for virtual host 'localhost'
12-Sep-2019 18:19:24.174 INFO [http-nio-8080-exec-300] org.apache.catalina.core.ApplicationContext.log Manager: list: Listing contexts for virtual host 'localhost'
12-Sep-2019 18:19:24.238 INFO [http-nio-8080-exec-295] org.apache.catalina.core.ApplicationContext.log Manager: undeploy: Undeploying web application at '/Opportunity'
12-Sep-2019 18:19:25.178 INFO [http-nio-8080-exec-296] org.apache.catalina.core.ApplicationContext.log Manager: install: Installing context configuration at 'file:/C:/Users/PAULO~1.BEZ/AppData/Local/Temp/context8077366976495561530.xml'
12-Sep-2019 18:19:31.193 INFO [http-nio-8080-exec-297] org.apache.catalina.core.ApplicationContext.log Manager: start: Starting web application '/Opportunity'
12-Sep-2019 18:19:54.189 INFO [http-nio-8080-exec-301] org.apache.catalina.core.ApplicationContext.log Manager: list: Listing contexts for virtual host 'localhost'
12-Sep-2019 18:19:59.448 INFO [http-nio-8080-exec-304] org.apache.catalina.core.ApplicationContext.log Manager: list: Listing contexts for virtual host 'localhost'
12-Sep-2019 18:19:59.451 INFO [http-nio-8080-exec-308] org.apache.catalina.core.ApplicationContext.log Manager: list: Listing contexts for virtual host 'localhost'
12-Sep-2019 18:19:59.469 INFO [http-nio-8080-exec-294] org.apache.catalina.core.ApplicationContext.log Manager: undeploy: Undeploying web application at '/Opportunity'
12-Sep-2019 18:20:00.380 INFO [http-nio-8080-exec-303] org.apache.catalina.core.ApplicationContext.log Manager: install: Installing context configuration at 'file:/C:/Users/PAULO~1.BEZ/AppData/Local/Temp/context1821099605416672641.xml'
12-Sep-2019 18:20:01.632 INFO [http-nio-8080-exec-306] org.apache.catalina.core.ApplicationContext.log Manager: start: Starting web application '/Opportunity'
12-Sep-2019 18:21:24.346 INFO [http-nio-8080-exec-310] org.apache.catalina.core.ApplicationContext.log Manager: list: Listing contexts for virtual host 'localhost'
12-Sep-2019 18:21:29.838 INFO [http-nio-8080-exec-312] org.apache.catalina.core.ApplicationContext.log Manager: list: Listing contexts for virtual host 'localhost'
12-Sep-2019 18:21:29.840 INFO [http-nio-8080-exec-313] org.apache.catalina.core.ApplicationContext.log Manager: list: Listing contexts for virtual host 'localhost'
12-Sep-2019 18:21:29.859 INFO [http-nio-8080-exec-314] org.apache.catalina.core.ApplicationContext.log Manager: undeploy: Undeploying web application at '/Opportunity'
12-Sep-2019 18:21:30.861 INFO [http-nio-8080-exec-311] org.apache.catalina.core.ApplicationContext.log Manager: install: Installing context configuration at 'file:/C:/Users/PAULO~1.BEZ/AppData/Local/Temp/context866029928335540099.xml'
12-Sep-2019 18:21:31.951 INFO [http-nio-8080-exec-317] org.apache.catalina.core.ApplicationContext.log Manager: start: Starting web application '/Opportunity'
12-Sep-2019 18:21:56.903 INFO [http-nio-8080-exec-315] org.apache.catalina.core.ApplicationContext.log Manager: list: Listing contexts for virtual host 'localhost'
12-Sep-2019 18:22:13.915 INFO [http-nio-8080-exec-325] org.apache.catalina.core.ApplicationContext.log Manager: list: Listing contexts for virtual host 'localhost'
12-Sep-2019 18:22:13.917 INFO [http-nio-8080-exec-319] org.apache.catalina.core.ApplicationContext.log Manager: list: Listing contexts for virtual host 'localhost'
12-Sep-2019 18:22:13.938 INFO [http-nio-8080-exec-317] org.apache.catalina.core.ApplicationContext.log Manager: undeploy: Undeploying web application at '/Opportunity'
12-Sep-2019 18:22:14.935 INFO [http-nio-8080-exec-325] org.apache.catalina.core.ApplicationContext.log Manager: install: Installing context configuration at 'file:/C:/Users/PAULO~1.BEZ/AppData/Local/Temp/context4114309135361407581.xml'
12-Sep-2019 18:22:16.125 INFO [http-nio-8080-exec-323] org.apache.catalina.core.ApplicationContext.log Manager: start: Starting web application '/Opportunity'
12-Sep-2019 18:22:43.442 INFO [http-nio-8080-exec-315] org.apache.catalina.core.ApplicationContext.log Manager: list: Listing contexts for virtual host 'localhost'
12-Sep-2019 18:22:47.504 INFO [http-nio-8080-exec-327] org.apache.catalina.core.ApplicationContext.log Manager: list: Listing contexts for virtual host 'localhost'
12-Sep-2019 18:22:47.506 INFO [http-nio-8080-exec-331] org.apache.catalina.core.ApplicationContext.log Manager: list: Listing contexts for virtual host 'localhost'
12-Sep-2019 18:22:47.522 INFO [http-nio-8080-exec-322] org.apache.catalina.core.ApplicationContext.log Manager: undeploy: Undeploying web application at '/Opportunity'
12-Sep-2019 18:22:48.487 INFO [http-nio-8080-exec-330] org.apache.catalina.core.ApplicationContext.log Manager: install: Installing context configuration at 'file:/C:/Users/PAULO~1.BEZ/AppData/Local/Temp/context204100481031957795.xml'
12-Sep-2019 18:22:49.509 INFO [http-nio-8080-exec-324] org.apache.catalina.core.ApplicationContext.log Manager: start: Starting web application '/Opportunity'
12-Sep-2019 18:24:55.741 INFO [http-nio-8080-exec-337] org.apache.catalina.core.ApplicationContext.log Manager: list: Listing contexts for virtual host 'localhost'
12-Sep-2019 18:26:23.655 INFO [http-nio-8080-exec-333] org.apache.catalina.core.ApplicationContext.log Manager: list: Listing contexts for virtual host 'localhost'
12-Sep-2019 18:26:23.657 INFO [http-nio-8080-exec-337] org.apache.catalina.core.ApplicationContext.log Manager: list: Listing contexts for virtual host 'localhost'
12-Sep-2019 18:26:23.675 INFO [http-nio-8080-exec-338] org.apache.catalina.core.ApplicationContext.log Manager: undeploy: Undeploying web application at '/Opportunity'
12-Sep-2019 18:26:24.647 INFO [http-nio-8080-exec-339] org.apache.catalina.core.ApplicationContext.log Manager: install: Installing context configuration at 'file:/C:/Users/PAULO~1.BEZ/AppData/Local/Temp/context5067437388301339706.xml'
12-Sep-2019 18:26:25.461 INFO [http-nio-8080-exec-337] org.apache.catalina.core.ApplicationContext.log Manager: start: Starting web application '/Opportunity'
12-Sep-2019 18:26:51.574 INFO [http-nio-8080-exec-344] org.apache.catalina.core.ApplicationContext.log Manager: list: Listing contexts for virtual host 'localhost'
12-Sep-2019 18:26:55.241 INFO [http-nio-8080-exec-339] org.apache.catalina.core.ApplicationContext.log Manager: list: Listing contexts for virtual host 'localhost'
12-Sep-2019 18:26:55.244 INFO [http-nio-8080-exec-347] org.apache.catalina.core.ApplicationContext.log Manager: list: Listing contexts for virtual host 'localhost'
12-Sep-2019 18:26:55.259 INFO [http-nio-8080-exec-343] org.apache.catalina.core.ApplicationContext.log Manager: undeploy: Undeploying web application at '/Opportunity'
12-Sep-2019 18:26:56.249 INFO [http-nio-8080-exec-342] org.apache.catalina.core.ApplicationContext.log Manager: install: Installing context configuration at 'file:/C:/Users/PAULO~1.BEZ/AppData/Local/Temp/context6246013446265407764.xml'
12-Sep-2019 18:26:57.143 INFO [http-nio-8080-exec-346] org.apache.catalina.core.ApplicationContext.log Manager: start: Starting web application '/Opportunity'
12-Sep-2019 18:27:31.818 INFO [http-nio-8080-exec-344] org.apache.catalina.core.ApplicationContext.log Manager: list: Listing contexts for virtual host 'localhost'
12-Sep-2019 18:27:37.719 INFO [http-nio-8080-exec-333] org.apache.catalina.core.ApplicationContext.log Manager: list: Listing contexts for virtual host 'localhost'
12-Sep-2019 18:27:37.722 INFO [http-nio-8080-exec-352] org.apache.catalina.core.ApplicationContext.log Manager: list: Listing contexts for virtual host 'localhost'
12-Sep-2019 18:27:37.745 INFO [http-nio-8080-exec-344] org.apache.catalina.core.ApplicationContext.log Manager: undeploy: Undeploying web application at '/Opportunity'
12-Sep-2019 18:27:38.698 INFO [http-nio-8080-exec-354] org.apache.catalina.core.ApplicationContext.log Manager: install: Installing context configuration at 'file:/C:/Users/PAULO~1.BEZ/AppData/Local/Temp/context1000485000630508495.xml'
12-Sep-2019 18:27:39.845 INFO [http-nio-8080-exec-349] org.apache.catalina.core.ApplicationContext.log Manager: start: Starting web application '/Opportunity'
12-Sep-2019 18:28:16.072 INFO [http-nio-8080-exec-352] org.apache.catalina.core.ApplicationContext.log Manager: list: Listing contexts for virtual host 'localhost'
12-Sep-2019 18:28:20.690 INFO [http-nio-8080-exec-361] org.apache.catalina.core.ApplicationContext.log Manager: list: Listing contexts for virtual host 'localhost'
12-Sep-2019 18:28:20.691 INFO [http-nio-8080-exec-358] org.apache.catalina.core.ApplicationContext.log Manager: list: Listing contexts for virtual host 'localhost'
12-Sep-2019 18:28:20.712 INFO [http-nio-8080-exec-359] org.apache.catalina.core.ApplicationContext.log Manager: undeploy: Undeploying web application at '/Opportunity'
12-Sep-2019 18:28:21.614 INFO [http-nio-8080-exec-363] org.apache.catalina.core.ApplicationContext.log Manager: install: Installing context configuration at 'file:/C:/Users/PAULO~1.BEZ/AppData/Local/Temp/context7963815872650390596.xml'
12-Sep-2019 18:30:11.029 INFO [http-nio-8080-exec-365] org.apache.catalina.core.ApplicationContext.log Manager: list: Listing contexts for virtual host 'localhost'
12-Sep-2019 18:30:11.031 INFO [http-nio-8080-exec-361] org.apache.catalina.core.ApplicationContext.log Manager: list: Listing contexts for virtual host 'localhost'
12-Sep-2019 18:30:11.079 INFO [http-nio-8080-exec-359] org.apache.catalina.core.ApplicationContext.log Manager: undeploy: Undeploying web application at '/Opportunity'
12-Sep-2019 18:30:11.657 INFO [http-nio-8080-exec-363] org.apache.catalina.core.ApplicationContext.log Manager: install: Installing context configuration at 'file:/C:/Users/PAULO~1.BEZ/AppData/Local/Temp/context6697574275676065207.xml'
12-Sep-2019 18:30:12.807 INFO [http-nio-8080-exec-364] org.apache.catalina.core.ApplicationContext.log Manager: start: Starting web application '/Opportunity'
12-Sep-2019 18:37:00.413 INFO [http-nio-8080-exec-374] org.apache.catalina.core.ApplicationContext.log Manager: list: Listing contexts for virtual host 'localhost'
12-Sep-2019 18:37:05.243 INFO [http-nio-8080-exec-370] org.apache.catalina.core.ApplicationContext.log Manager: list: Listing contexts for virtual host 'localhost'
12-Sep-2019 18:37:05.245 INFO [http-nio-8080-exec-371] org.apache.catalina.core.ApplicationContext.log Manager: list: Listing contexts for virtual host 'localhost'
12-Sep-2019 18:37:05.309 INFO [http-nio-8080-exec-372] org.apache.catalina.core.ApplicationContext.log Manager: undeploy: Undeploying web application at '/Opportunity'
12-Sep-2019 18:37:06.635 INFO [http-nio-8080-exec-367] org.apache.catalina.core.ApplicationContext.log Manager: install: Installing context configuration at 'file:/C:/Users/PAULO~1.BEZ/AppData/Local/Temp/context8835795709662085316.xml'
12-Sep-2019 18:37:13.530 INFO [http-nio-8080-exec-369] org.apache.catalina.core.ApplicationContext.log Manager: start: Starting web application '/Opportunity'
12-Sep-2019 18:38:18.474 INFO [http-nio-8080-exec-382] org.apache.catalina.core.ApplicationContext.log Manager: list: Listing contexts for virtual host 'localhost'
12-Sep-2019 18:39:12.393 INFO [http-nio-8080-exec-377] org.apache.catalina.core.ApplicationContext.log Manager: list: Listing contexts for virtual host 'localhost'
12-Sep-2019 18:39:17.190 INFO [http-nio-8080-exec-381] org.apache.catalina.core.ApplicationContext.log Manager: list: Listing contexts for virtual host 'localhost'
12-Sep-2019 18:39:17.192 INFO [http-nio-8080-exec-379] org.apache.catalina.core.ApplicationContext.log Manager: list: Listing contexts for virtual host 'localhost'
12-Sep-2019 18:39:17.212 INFO [http-nio-8080-exec-378] org.apache.catalina.core.ApplicationContext.log Manager: undeploy: Undeploying web application at '/Opportunity'
12-Sep-2019 18:39:18.631 INFO [http-nio-8080-exec-377] org.apache.catalina.core.ApplicationContext.log Manager: install: Installing context configuration at 'file:/C:/Users/PAULO~1.BEZ/AppData/Local/Temp/context4099225342761128199.xml'
12-Sep-2019 18:39:20.030 INFO [http-nio-8080-exec-383] org.apache.catalina.core.ApplicationContext.log Manager: start: Starting web application '/Opportunity'
12-Sep-2019 18:40:32.256 INFO [http-nio-8080-exec-376] org.apache.catalina.core.ApplicationContext.log Manager: list: Listing contexts for virtual host 'localhost'
12-Sep-2019 18:40:43.082 INFO [http-nio-8080-exec-389] org.apache.catalina.core.ApplicationContext.log Manager: list: Listing contexts for virtual host 'localhost'
12-Sep-2019 18:40:43.085 INFO [http-nio-8080-exec-386] org.apache.catalina.core.ApplicationContext.log Manager: list: Listing contexts for virtual host 'localhost'
12-Sep-2019 18:40:43.109 INFO [http-nio-8080-exec-393] org.apache.catalina.core.ApplicationContext.log Manager: undeploy: Undeploying web application at '/Opportunity'
12-Sep-2019 18:40:44.200 INFO [http-nio-8080-exec-391] org.apache.catalina.core.ApplicationContext.log Manager: install: Installing context configuration at 'file:/C:/Users/PAULO~1.BEZ/AppData/Local/Temp/context2393826623465385861.xml'
12-Sep-2019 18:40:45.423 INFO [http-nio-8080-exec-383] org.apache.catalina.core.ApplicationContext.log Manager: start: Starting web application '/Opportunity'
12-Sep-2019 18:42:05.657 INFO [http-nio-8080-exec-398] org.apache.catalina.core.ApplicationContext.log Manager: list: Listing contexts for virtual host 'localhost'
12-Sep-2019 18:42:32.785 INFO [http-nio-8080-exec-394] org.apache.catalina.core.ApplicationContext.log Manager: list: Listing contexts for virtual host 'localhost'
12-Sep-2019 18:42:47.367 INFO [http-nio-8080-exec-402] org.apache.catalina.core.ApplicationContext.log Manager: list: Listing contexts for virtual host 'localhost'
12-Sep-2019 18:42:51.885 INFO [http-nio-8080-exec-398] org.apache.catalina.core.ApplicationContext.log Manager: list: Listing contexts for virtual host 'localhost'
12-Sep-2019 18:42:51.888 INFO [http-nio-8080-exec-399] org.apache.catalina.core.ApplicationContext.log Manager: list: Listing contexts for virtual host 'localhost'
12-Sep-2019 18:42:51.924 INFO [http-nio-8080-exec-397] org.apache.catalina.core.ApplicationContext.log Manager: undeploy: Undeploying web application at '/Opportunity'
12-Sep-2019 18:42:53.210 INFO [http-nio-8080-exec-402] org.apache.catalina.core.ApplicationContext.log Manager: install: Installing context configuration at 'file:/C:/Users/PAULO~1.BEZ/AppData/Local/Temp/context7660874531925348334.xml'
12-Sep-2019 18:42:54.334 INFO [http-nio-8080-exec-400] org.apache.catalina.core.ApplicationContext.log Manager: start: Starting web application '/Opportunity'
12-Sep-2019 18:44:22.152 INFO [http-nio-8080-exec-408] org.apache.catalina.core.ApplicationContext.log Manager: list: Listing contexts for virtual host 'localhost'
12-Sep-2019 18:44:27.247 INFO [http-nio-8080-exec-404] org.apache.catalina.core.ApplicationContext.log Manager: list: Listing contexts for virtual host 'localhost'
12-Sep-2019 18:44:27.249 INFO [http-nio-8080-exec-408] org.apache.catalina.core.ApplicationContext.log Manager: list: Listing contexts for virtual host 'localhost'
12-Sep-2019 18:44:27.278 INFO [http-nio-8080-exec-405] org.apache.catalina.core.ApplicationContext.log Manager: undeploy: Undeploying web application at '/Opportunity'
12-Sep-2019 18:44:28.615 INFO [http-nio-8080-exec-395] org.apache.catalina.core.ApplicationContext.log Manager: install: Installing context configuration at 'file:/C:/Users/PAULO~1.BEZ/AppData/Local/Temp/context7443178964740865724.xml'
12-Sep-2019 18:44:29.995 INFO [http-nio-8080-exec-409] org.apache.catalina.core.ApplicationContext.log Manager: start: Starting web application '/Opportunity'
12-Sep-2019 18:45:17.559 INFO [http-nio-8080-exec-415] org.apache.catalina.core.ApplicationContext.log Manager: list: Listing contexts for virtual host 'localhost'
12-Sep-2019 18:46:15.210 INFO [http-nio-8080-exec-414] org.apache.catalina.core.ApplicationContext.log Manager: list: Listing contexts for virtual host 'localhost'
12-Sep-2019 18:46:15.213 INFO [http-nio-8080-exec-407] org.apache.catalina.core.ApplicationContext.log Manager: list: Listing contexts for virtual host 'localhost'
12-Sep-2019 18:46:15.231 INFO [http-nio-8080-exec-415] org.apache.catalina.core.ApplicationContext.log Manager: undeploy: Undeploying web application at '/Opportunity'
12-Sep-2019 18:46:16.507 INFO [http-nio-8080-exec-412] org.apache.catalina.core.ApplicationContext.log Manager: install: Installing context configuration at 'file:/C:/Users/PAULO~1.BEZ/AppData/Local/Temp/context1186986676504399336.xml'
12-Sep-2019 18:46:17.678 INFO [http-nio-8080-exec-414] org.apache.catalina.core.ApplicationContext.log Manager: start: Starting web application '/Opportunity'
12-Sep-2019 18:50:47.221 INFO [http-nio-8080-exec-422] org.apache.catalina.core.ApplicationContext.log Manager: list: Listing contexts for virtual host 'localhost'
12-Sep-2019 18:50:53.434 INFO [http-nio-8080-exec-421] org.apache.catalina.core.ApplicationContext.log Manager: list: Listing contexts for virtual host 'localhost'
12-Sep-2019 18:50:53.436 INFO [http-nio-8080-exec-423] org.apache.catalina.core.ApplicationContext.log Manager: list: Listing contexts for virtual host 'localhost'
12-Sep-2019 18:50:53.502 INFO [http-nio-8080-exec-424] org.apache.catalina.core.ApplicationContext.log Manager: undeploy: Undeploying web application at '/Opportunity'
12-Sep-2019 18:50:54.687 INFO [http-nio-8080-exec-427] org.apache.catalina.core.ApplicationContext.log Manager: install: Installing context configuration at 'file:/C:/Users/PAULO~1.BEZ/AppData/Local/Temp/context2407038172475996334.xml'
12-Sep-2019 18:51:01.588 INFO [http-nio-8080-exec-421] org.apache.catalina.core.ApplicationContext.log Manager: start: Starting web application '/Opportunity'
12-Sep-2019 18:53:09.588 INFO [http-nio-8080-exec-432] org.apache.catalina.core.ApplicationContext.log Manager: list: Listing contexts for virtual host 'localhost'
12-Sep-2019 18:53:14.376 INFO [http-nio-8080-exec-440] org.apache.catalina.core.ApplicationContext.log Manager: list: Listing contexts for virtual host 'localhost'
12-Sep-2019 18:53:19.076 INFO [http-nio-8080-exec-433] org.apache.catalina.core.ApplicationContext.log Manager: list: Listing contexts for virtual host 'localhost'
12-Sep-2019 18:53:19.079 INFO [http-nio-8080-exec-437] org.apache.catalina.core.ApplicationContext.log Manager: list: Listing contexts for virtual host 'localhost'
12-Sep-2019 18:53:19.105 INFO [http-nio-8080-exec-435] org.apache.catalina.core.ApplicationContext.log Manager: undeploy: Undeploying web application at '/Opportunity'
12-Sep-2019 18:53:20.429 INFO [http-nio-8080-exec-438] org.apache.catalina.core.ApplicationContext.log Manager: install: Installing context configuration at 'file:/C:/Users/PAULO~1.BEZ/AppData/Local/Temp/context4937000695595590815.xml'
12-Sep-2019 18:53:21.643 INFO [http-nio-8080-exec-434] org.apache.catalina.core.ApplicationContext.log Manager: start: Starting web application '/Opportunity'
12-Sep-2019 18:54:10.560 INFO [http-nio-8080-exec-439] org.apache.catalina.core.ApplicationContext.log Manager: list: Listing contexts for virtual host 'localhost'
12-Sep-2019 18:54:15.978 INFO [http-nio-8080-exec-443] org.apache.catalina.core.ApplicationContext.log Manager: list: Listing contexts for virtual host 'localhost'
12-Sep-2019 18:54:15.980 INFO [http-nio-8080-exec-440] org.apache.catalina.core.ApplicationContext.log Manager: list: Listing contexts for virtual host 'localhost'
12-Sep-2019 18:54:15.998 INFO [http-nio-8080-exec-439] org.apache.catalina.core.ApplicationContext.log Manager: undeploy: Undeploying web application at '/Opportunity'
12-Sep-2019 18:54:17.077 INFO [http-nio-8080-exec-446] org.apache.catalina.core.ApplicationContext.log Manager: install: Installing context configuration at 'file:/C:/Users/PAULO~1.BEZ/AppData/Local/Temp/context6099709451315290731.xml'
12-Sep-2019 18:54:18.282 INFO [http-nio-8080-exec-441] org.apache.catalina.core.ApplicationContext.log Manager: start: Starting web application '/Opportunity'
12-Sep-2019 18:54:36.201 INFO [http-nio-8080-exec-450] org.apache.catalina.core.ApplicationContext.log Manager: list: Listing contexts for virtual host 'localhost'
12-Sep-2019 18:55:29.851 INFO [http-nio-8080-exec-444] org.apache.catalina.core.ApplicationContext.log Manager: list: Listing contexts for virtual host 'localhost'
12-Sep-2019 18:55:34.494 INFO [http-nio-8080-exec-449] org.apache.catalina.core.ApplicationContext.log Manager: list: Listing contexts for virtual host 'localhost'
12-Sep-2019 18:55:34.497 INFO [http-nio-8080-exec-448] org.apache.catalina.core.ApplicationContext.log Manager: list: Listing contexts for virtual host 'localhost'
12-Sep-2019 18:55:34.518 INFO [http-nio-8080-exec-452] org.apache.catalina.core.ApplicationContext.log Manager: undeploy: Undeploying web application at '/Opportunity'
12-Sep-2019 18:55:35.840 INFO [http-nio-8080-exec-451] org.apache.catalina.core.ApplicationContext.log Manager: install: Installing context configuration at 'file:/C:/Users/PAULO~1.BEZ/AppData/Local/Temp/context1251775225407561852.xml'
12-Sep-2019 18:55:36.975 INFO [http-nio-8080-exec-456] org.apache.catalina.core.ApplicationContext.log Manager: start: Starting web application '/Opportunity'
12-Sep-2019 18:57:25.573 INFO [http-nio-8080-exec-461] org.apache.catalina.core.ApplicationContext.log Manager: list: Listing contexts for virtual host 'localhost'
12-Sep-2019 18:57:30.537 INFO [http-nio-8080-exec-465] org.apache.catalina.core.ApplicationContext.log Manager: list: Listing contexts for virtual host 'localhost'
12-Sep-2019 18:57:30.539 INFO [http-nio-8080-exec-459] org.apache.catalina.core.ApplicationContext.log Manager: list: Listing contexts for virtual host 'localhost'
12-Sep-2019 18:57:30.559 INFO [http-nio-8080-exec-460] org.apache.catalina.core.ApplicationContext.log Manager: undeploy: Undeploying web application at '/Opportunity'
12-Sep-2019 18:57:31.851 INFO [http-nio-8080-exec-461] org.apache.catalina.core.ApplicationContext.log Manager: install: Installing context configuration at 'file:/C:/Users/PAULO~1.BEZ/AppData/Local/Temp/context5983656759567993135.xml'
12-Sep-2019 18:57:33.128 INFO [http-nio-8080-exec-463] org.apache.catalina.core.ApplicationContext.log Manager: start: Starting web application '/Opportunity'
12-Sep-2019 18:57:44.899 INFO [http-nio-8080-exec-468] org.apache.catalina.core.ApplicationContext.log Manager: list: Listing contexts for virtual host 'localhost'
12-Sep-2019 18:59:45.947 INFO [http-nio-8080-exec-473] org.apache.catalina.core.ApplicationContext.log Manager: list: Listing contexts for virtual host 'localhost'
12-Sep-2019 19:00:08.293 INFO [http-nio-8080-exec-476] org.apache.catalina.core.ApplicationContext.log Manager: list: Listing contexts for virtual host 'localhost'
12-Sep-2019 19:00:18.731 INFO [http-nio-8080-exec-468] org.apache.catalina.core.ApplicationContext.log Manager: list: Listing contexts for virtual host 'localhost'
12-Sep-2019 19:00:34.570 INFO [http-nio-8080-exec-473] org.apache.catalina.core.ApplicationContext.log Manager: list: Listing contexts for virtual host 'localhost'
12-Sep-2019 19:00:34.572 INFO [http-nio-8080-exec-474] org.apache.catalina.core.ApplicationContext.log Manager: list: Listing contexts for virtual host 'localhost'
12-Sep-2019 19:00:34.593 INFO [http-nio-8080-exec-471] org.apache.catalina.core.ApplicationContext.log Manager: undeploy: Undeploying web application at '/Opportunity'
12-Sep-2019 19:00:36.026 INFO [http-nio-8080-exec-476] org.apache.catalina.core.ApplicationContext.log Manager: install: Installing context configuration at 'file:/C:/Users/PAULO~1.BEZ/AppData/Local/Temp/context554283636929588583.xml'
12-Sep-2019 19:00:37.328 INFO [http-nio-8080-exec-470] org.apache.catalina.core.ApplicationContext.log Manager: start: Starting web application '/Opportunity'
12-Sep-2019 19:01:18.173 INFO [http-nio-8080-exec-477] org.apache.catalina.core.ApplicationContext.log Manager: list: Listing contexts for virtual host 'localhost'
12-Sep-2019 19:02:05.556 INFO [http-nio-8080-exec-479] org.apache.catalina.core.ApplicationContext.log Manager: list: Listing contexts for virtual host 'localhost'
12-Sep-2019 19:02:23.525 INFO [http-nio-8080-exec-484] org.apache.catalina.core.ApplicationContext.log Manager: list: Listing contexts for virtual host 'localhost'
12-Sep-2019 19:02:23.527 INFO [http-nio-8080-exec-479] org.apache.catalina.core.ApplicationContext.log Manager: list: Listing contexts for virtual host 'localhost'
12-Sep-2019 19:02:23.575 INFO [http-nio-8080-exec-475] org.apache.catalina.core.ApplicationContext.log Manager: undeploy: Undeploying web application at '/Opportunity'
12-Sep-2019 19:02:24.874 INFO [http-nio-8080-exec-481] org.apache.catalina.core.ApplicationContext.log Manager: install: Installing context configuration at 'file:/C:/Users/PAULO~1.BEZ/AppData/Local/Temp/context7173696894952444369.xml'
12-Sep-2019 19:02:31.080 INFO [http-nio-8080-exec-480] org.apache.catalina.core.ApplicationContext.log Manager: start: Starting web application '/Opportunity'
12-Sep-2019 19:03:44.556 INFO [http-nio-8080-exec-486] org.apache.catalina.core.ApplicationContext.log Manager: list: Listing contexts for virtual host 'localhost'
12-Sep-2019 19:03:49.202 INFO [http-nio-8080-exec-488] org.apache.catalina.core.ApplicationContext.log Manager: list: Listing contexts for virtual host 'localhost'
12-Sep-2019 19:03:49.205 INFO [http-nio-8080-exec-489] org.apache.catalina.core.ApplicationContext.log Manager: list: Listing contexts for virtual host 'localhost'
12-Sep-2019 19:03:49.224 INFO [http-nio-8080-exec-490] org.apache.catalina.core.ApplicationContext.log Manager: undeploy: Undeploying web application at '/Opportunity'
12-Sep-2019 19:03:50.532 INFO [http-nio-8080-exec-495] org.apache.catalina.core.ApplicationContext.log Manager: install: Installing context configuration at 'file:/C:/Users/PAULO~1.BEZ/AppData/Local/Temp/context230902087965238151.xml'
12-Sep-2019 19:03:51.646 INFO [http-nio-8080-exec-492] org.apache.catalina.core.ApplicationContext.log Manager: start: Starting web application '/Opportunity'
12-Sep-2019 19:04:33.621 INFO [http-nio-8080-exec-496] org.apache.catalina.core.ApplicationContext.log Manager: list: Listing contexts for virtual host 'localhost'
12-Sep-2019 19:04:38.551 INFO [http-nio-8080-exec-498] org.apache.catalina.core.ApplicationContext.log Manager: list: Listing contexts for virtual host 'localhost'
12-Sep-2019 19:04:38.554 INFO [http-nio-8080-exec-499] org.apache.catalina.core.ApplicationContext.log Manager: list: Listing contexts for virtual host 'localhost'
12-Sep-2019 19:04:38.574 INFO [http-nio-8080-exec-503] org.apache.catalina.core.ApplicationContext.log Manager: undeploy: Undeploying web application at '/Opportunity'
12-Sep-2019 19:04:39.827 INFO [http-nio-8080-exec-500] org.apache.catalina.core.ApplicationContext.log Manager: install: Installing context configuration at 'file:/C:/Users/PAULO~1.BEZ/AppData/Local/Temp/context2591415181578520298.xml'
12-Sep-2019 19:04:41.130 INFO [http-nio-8080-exec-498] org.apache.catalina.core.ApplicationContext.log Manager: start: Starting web application '/Opportunity'
12-Sep-2019 19:05:34.036 INFO [http-nio-8080-exec-499] org.apache.catalina.core.ApplicationContext.log Manager: list: Listing contexts for virtual host 'localhost'
12-Sep-2019 19:05:44.407 INFO [http-nio-8080-exec-507] org.apache.catalina.core.ApplicationContext.log Manager: list: Listing contexts for virtual host 'localhost'
12-Sep-2019 19:06:14.380 INFO [http-nio-8080-exec-506] org.apache.catalina.core.ApplicationContext.log Manager: list: Listing contexts for virtual host 'localhost'
12-Sep-2019 19:06:24.498 INFO [http-nio-8080-exec-512] org.apache.catalina.core.ApplicationContext.log Manager: list: Listing contexts for virtual host 'localhost'
12-Sep-2019 19:07:05.950 INFO [http-nio-8080-exec-513] org.apache.catalina.core.ApplicationContext.log Manager: list: Listing contexts for virtual host 'localhost'
12-Sep-2019 19:07:11.869 INFO [http-nio-8080-exec-510] org.apache.catalina.core.ApplicationContext.log Manager: list: Listing contexts for virtual host 'localhost'
12-Sep-2019 19:07:11.872 INFO [http-nio-8080-exec-513] org.apache.catalina.core.ApplicationContext.log Manager: list: Listing contexts for virtual host 'localhost'
12-Sep-2019 19:07:11.892 INFO [http-nio-8080-exec-511] org.apache.catalina.core.ApplicationContext.log Manager: undeploy: Undeploying web application at '/Opportunity'
12-Sep-2019 19:07:13.307 INFO [http-nio-8080-exec-510] org.apache.catalina.core.ApplicationContext.log Manager: install: Installing context configuration at 'file:/C:/Users/PAULO~1.BEZ/AppData/Local/Temp/context7237915926178167853.xml'
12-Sep-2019 19:07:14.590 INFO [http-nio-8080-exec-514] org.apache.catalina.core.ApplicationContext.log Manager: start: Starting web application '/Opportunity'
12-Sep-2019 19:08:47.496 INFO [http-nio-8080-exec-519] org.apache.catalina.core.ApplicationContext.log Manager: list: Listing contexts for virtual host 'localhost'
12-Sep-2019 19:08:57.810 INFO [http-nio-8080-exec-518] org.apache.catalina.core.ApplicationContext.log Manager: list: Listing contexts for virtual host 'localhost'
12-Sep-2019 19:08:57.812 INFO [http-nio-8080-exec-515] org.apache.catalina.core.ApplicationContext.log Manager: list: Listing contexts for virtual host 'localhost'
12-Sep-2019 19:08:57.871 INFO [http-nio-8080-exec-516] org.apache.catalina.core.ApplicationContext.log Manager: undeploy: Undeploying web application at '/Opportunity'
12-Sep-2019 19:08:59.266 INFO [http-nio-8080-exec-517] org.apache.catalina.core.ApplicationContext.log Manager: install: Installing context configuration at 'file:/C:/Users/PAULO~1.BEZ/AppData/Local/Temp/context8640908796063642836.xml'
12-Sep-2019 19:09:00.458 INFO [http-nio-8080-exec-520] org.apache.catalina.core.ApplicationContext.log Manager: start: Starting web application '/Opportunity'
12-Sep-2019 19:14:15.835 INFO [http-nio-8080-exec-533] org.apache.catalina.core.ApplicationContext.log Manager: list: Listing contexts for virtual host 'localhost'
12-Sep-2019 19:15:20.928 INFO [http-nio-8080-exec-532] org.apache.catalina.core.ApplicationContext.log Manager: list: Listing contexts for virtual host 'localhost'
12-Sep-2019 19:15:25.981 INFO [http-nio-8080-exec-531] org.apache.catalina.core.ApplicationContext.log Manager: list: Listing contexts for virtual host 'localhost'
12-Sep-2019 19:15:25.984 INFO [http-nio-8080-exec-532] org.apache.catalina.core.ApplicationContext.log Manager: list: Listing contexts for virtual host 'localhost'
12-Sep-2019 19:15:26.008 INFO [http-nio-8080-exec-534] org.apache.catalina.core.ApplicationContext.log Manager: undeploy: Undeploying web application at '/Opportunity'
12-Sep-2019 19:15:27.492 INFO [2523] org.apache.catalina.core.ApplicationContext.log Manager: install: Installing context configuration at 'file:/C:/Users/PAULO~1.BEZ/AppData/Local/Temp/context9001246745976131563.xml'
12-Sep-2019 19:15:29.004 INFO [http-nio-8080-exec-530] org.apache.catalina.core.ApplicationContext.log Manager: start: Starting web application '/Opportunity'
12-Sep-2019 19:16:24.154 INFO [http-nio-8080-exec-531] org.apache.catalina.core.ApplicationContext.log Manager: list: Listing contexts for virtual host 'localhost'
12-Sep-2019 19:16:28.870 INFO [http-nio-8080-exec-540] org.apache.catalina.core.ApplicationContext.log Manager: list: Listing contexts for virtual host 'localhost'
12-Sep-2019 19:16:28.872 INFO [http-nio-8080-exec-537] org.apache.catalina.core.ApplicationContext.log Manager: list: Listing contexts for virtual host 'localhost'
12-Sep-2019 19:16:28.891 INFO [http-nio-8080-exec-538] org.apache.catalina.core.ApplicationContext.log Manager: undeploy: Undeploying web application at '/Opportunity'
12-Sep-2019 19:16:30.356 INFO [http-nio-8080-exec-530] org.apache.catalina.core.ApplicationContext.log Manager: install: Installing context configuration at 'file:/C:/Users/PAULO~1.BEZ/AppData/Local/Temp/context3807133556808386214.xml'
12-Sep-2019 19:16:31.563 INFO [http-nio-8080-exec-531] org.apache.catalina.core.ApplicationContext.log Manager: start: Starting web application '/Opportunity'
12-Sep-2019 19:16:42.086 INFO [http-nio-8080-exec-543] org.apache.catalina.core.ApplicationContext.log Manager: list: Listing contexts for virtual host 'localhost'
12-Sep-2019 19:16:48.269 INFO [http-nio-8080-exec-539] org.apache.catalina.core.ApplicationContext.log Manager: list: Listing contexts for virtual host 'localhost'
12-Sep-2019 19:16:48.271 INFO [http-nio-8080-exec-542] org.apache.catalina.core.ApplicationContext.log Manager: list: Listing contexts for virtual host 'localhost'
12-Sep-2019 19:16:48.290 INFO [http-nio-8080-exec-543] org.apache.catalina.core.ApplicationContext.log Manager: undeploy: Undeploying web application at '/Opportunity'
12-Sep-2019 19:16:49.602 INFO [http-nio-8080-exec-531] org.apache.catalina.core.ApplicationContext.log Manager: install: Installing context configuration at 'file:/C:/Users/PAULO~1.BEZ/AppData/Local/Temp/context5312766556310672142.xml'
12-Sep-2019 19:16:50.896 INFO [http-nio-8080-exec-544] org.apache.catalina.core.ApplicationContext.log Manager: start: Starting web application '/Opportunity'
12-Sep-2019 19:17:17.709 INFO [http-nio-8080-exec-549] org.apache.catalina.core.ApplicationContext.log Manager: list: Listing contexts for virtual host 'localhost'
12-Sep-2019 19:18:11.781 INFO [http-nio-8080-exec-552] org.apache.catalina.core.ApplicationContext.log Manager: list: Listing contexts for virtual host 'localhost'
12-Sep-2019 19:18:25.913 INFO [http-nio-8080-exec-554] org.apache.catalina.core.ApplicationContext.log Manager: list: Listing contexts for virtual host 'localhost'
12-Sep-2019 19:18:29.958 INFO [http-nio-8080-exec-549] org.apache.catalina.core.ApplicationContext.log Manager: list: Listing contexts for virtual host 'localhost'
12-Sep-2019 19:18:29.959 INFO [http-nio-8080-exec-550] org.apache.catalina.core.ApplicationContext.log Manager: list: Listing contexts for virtual host 'localhost'
12-Sep-2019 19:18:29.980 INFO [http-nio-8080-exec-557] org.apache.catalina.core.ApplicationContext.log Manager: undeploy: Undeploying web application at '/Opportunity'
12-Sep-2019 19:18:31.316 INFO [http-nio-8080-exec-549] org.apache.catalina.core.ApplicationContext.log Manager: install: Installing context configuration at 'file:/C:/Users/PAULO~1.BEZ/AppData/Local/Temp/context1168920387653336271.xml'
12-Sep-2019 19:18:32.423 INFO [http-nio-8080-exec-550] org.apache.catalina.core.ApplicationContext.log Manager: start: Starting web application '/Opportunity'
12-Sep-2019 19:19:59.935 INFO [http-nio-8080-exec-560] org.apache.catalina.core.ApplicationContext.log Manager: list: Listing contexts for virtual host 'localhost'
12-Sep-2019 19:20:04.524 INFO [http-nio-8080-exec-556] org.apache.catalina.core.ApplicationContext.log Manager: list: Listing contexts for virtual host 'localhost'
12-Sep-2019 19:20:04.526 INFO [http-nio-8080-exec-561] org.apache.catalina.core.ApplicationContext.log Manager: list: Listing contexts for virtual host 'localhost'
12-Sep-2019 19:20:04.548 INFO [http-nio-8080-exec-562] org.apache.catalina.core.ApplicationContext.log Manager: undeploy: Undeploying web application at '/Opportunity'
12-Sep-2019 19:20:05.633 INFO [http-nio-8080-exec-568] org.apache.catalina.core.ApplicationContext.log Manager: install: Installing context configuration at 'file:/C:/Users/PAULO~1.BEZ/AppData/Local/Temp/context1414045386969832872.xml'
12-Sep-2019 19:20:06.825 INFO [http-nio-8080-exec-567] org.apache.catalina.core.ApplicationContext.log Manager: start: Starting web application '/Opportunity'
12-Sep-2019 19:20:37.749 INFO [http-nio-8080-exec-559] org.apache.catalina.core.ApplicationContext.log Manager: list: Listing contexts for virtual host 'localhost'
12-Sep-2019 19:21:27.628 INFO [http-nio-8080-exec-575] org.apache.catalina.core.ApplicationContext.log Manager: list: Listing contexts for virtual host 'localhost'
12-Sep-2019 19:21:49.928 INFO [http-nio-8080-exec-571] org.apache.catalina.core.ApplicationContext.log Manager: list: Listing contexts for virtual host 'localhost'
12-Sep-2019 19:21:54.638 INFO [http-nio-8080-exec-570] org.apache.catalina.core.ApplicationContext.log Manager: list: Listing contexts for virtual host 'localhost'
12-Sep-2019 19:21:54.641 INFO [http-nio-8080-exec-573] org.apache.catalina.core.ApplicationContext.log Manager: list: Listing contexts for virtual host 'localhost'
12-Sep-2019 19:21:54.667 INFO [http-nio-8080-exec-574] org.apache.catalina.core.ApplicationContext.log Manager: undeploy: Undeploying web application at '/Opportunity'
12-Sep-2019 19:21:56.383 INFO [http-nio-8080-exec-577] org.apache.catalina.core.ApplicationContext.log Manager: install: Installing context configuration at 'file:/C:/Users/PAULO~1.BEZ/AppData/Local/Temp/context8332277599386862263.xml'
12-Sep-2019 19:21:57.457 INFO [http-nio-8080-exec-572] org.apache.catalina.core.ApplicationContext.log Manager: start: Starting web application '/Opportunity'
12-Sep-2019 19:26:09.263 INFO [http-nio-8080-exec-584] org.apache.catalina.core.ApplicationContext.log Manager: list: Listing contexts for virtual host 'localhost'
12-Sep-2019 19:27:51.028 INFO [http-nio-8080-exec-584] org.apache.catalina.core.ApplicationContext.log Manager: list: Listing contexts for virtual host 'localhost'
12-Sep-2019 19:27:55.571 INFO [http-nio-8080-exec-580] org.apache.catalina.core.ApplicationContext.log Manager: list: Listing contexts for virtual host 'localhost'
12-Sep-2019 19:27:55.572 INFO [http-nio-8080-exec-584] org.apache.catalina.core.ApplicationContext.log Manager: list: Listing contexts for virtual host 'localhost'
12-Sep-2019 19:27:55.588 INFO [http-nio-8080-exec-583] org.apache.catalina.core.ApplicationContext.log Manager: undeploy: Undeploying web application at '/Opportunity'
12-Sep-2019 19:27:56.567 INFO [http-nio-8080-exec-581] org.apache.catalina.core.ApplicationContext.log Manager: install: Installing context configuration at 'file:/C:/Users/PAULO~1.BEZ/AppData/Local/Temp/context8472556441808001340.xml'
12-Sep-2019 19:27:57.486 INFO [http-nio-8080-exec-588] org.apache.catalina.core.ApplicationContext.log Manager: start: Starting web application '/Opportunity'
12-Sep-2019 19:28:51.517 INFO [http-nio-8080-exec-586] org.apache.catalina.core.ApplicationContext.log Manager: list: Listing contexts for virtual host 'localhost'
12-Sep-2019 19:29:58.299 INFO [http-nio-8080-exec-593] org.apache.catalina.core.ApplicationContext.log Manager: list: Listing contexts for virtual host 'localhost'
12-Sep-2019 19:30:02.074 INFO [http-nio-8080-exec-591] org.apache.catalina.core.ApplicationContext.log Manager: list: Listing contexts for virtual host 'localhost'
12-Sep-2019 19:30:02.075 INFO [http-nio-8080-exec-592] org.apache.catalina.core.ApplicationContext.log Manager: list: Listing contexts for virtual host 'localhost'
12-Sep-2019 19:30:02.092 INFO [http-nio-8080-exec-589] org.apache.catalina.core.ApplicationContext.log Manager: undeploy: Undeploying web application at '/Opportunity'
12-Sep-2019 19:30:03.180 INFO [http-nio-8080-exec-591] org.apache.catalina.core.ApplicationContext.log Manager: install: Installing context configuration at 'file:/C:/Users/PAULO~1.BEZ/AppData/Local/Temp/context5168094182119912053.xml'
12-Sep-2019 19:30:04.224 INFO [http-nio-8080-exec-595] org.apache.catalina.core.ApplicationContext.log Manager: start: Starting web application '/Opportunity'
12-Sep-2019 19:31:40.557 INFO [http-nio-8080-exec-601] org.apache.catalina.core.ApplicationContext.log Manager: list: Listing contexts for virtual host 'localhost'
12-Sep-2019 19:31:45.118 INFO [http-nio-8080-exec-605] org.apache.catalina.core.ApplicationContext.log Manager: list: Listing contexts for virtual host 'localhost'
12-Sep-2019 19:31:45.119 INFO [http-nio-8080-exec-598] org.apache.catalina.core.ApplicationContext.log Manager: list: Listing contexts for virtual host 'localhost'
12-Sep-2019 19:31:45.137 INFO [http-nio-8080-exec-599] org.apache.catalina.core.ApplicationContext.log Manager: undeploy: Undeploying web application at '/Opportunity'
12-Sep-2019 19:31:46.292 INFO [http-nio-8080-exec-600] org.apache.catalina.core.ApplicationContext.log Manager: install: Installing context configuration at 'file:/C:/Users/PAULO~1.BEZ/AppData/Local/Temp/context2092013791220071243.xml'
12-Sep-2019 19:31:47.342 INFO [http-nio-8080-exec-605] org.apache.catalina.core.ApplicationContext.log Manager: start: Starting web application '/Opportunity'
12-Sep-2019 19:32:16.750 INFO [http-nio-8080-exec-609] org.apache.catalina.core.ApplicationContext.log Manager: list: Listing contexts for virtual host 'localhost'
12-Sep-2019 19:32:28.193 INFO [http-nio-8080-exec-608] org.apache.catalina.core.ApplicationContext.log Manager: list: Listing contexts for virtual host 'localhost'
12-Sep-2019 19:32:33.335 INFO [http-nio-8080-exec-613] org.apache.catalina.core.ApplicationContext.log Manager: list: Listing contexts for virtual host 'localhost'
12-Sep-2019 19:32:33.339 INFO [http-nio-8080-exec-607] org.apache.catalina.core.ApplicationContext.log Manager: list: Listing contexts for virtual host 'localhost'
12-Sep-2019 19:32:33.396 INFO [http-nio-8080-exec-608] org.apache.catalina.core.ApplicationContext.log Manager: undeploy: Undeploying web application at '/Opportunity'
12-Sep-2019 19:32:34.750 INFO [http-nio-8080-exec-610] org.apache.catalina.core.ApplicationContext.log Manager: install: Installing context configuration at 'file:/C:/Users/PAULO~1.BEZ/AppData/Local/Temp/context7254348699943692660.xml'
12-Sep-2019 19:32:40.788 INFO [http-nio-8080-exec-613] org.apache.catalina.core.ApplicationContext.log Manager: start: Starting web application '/Opportunity'
12-Sep-2019 19:33:29.743 INFO [http-nio-8080-exec-618] org.apache.catalina.core.ApplicationContext.log Manager: list: Listing contexts for virtual host 'localhost'
12-Sep-2019 19:33:34.285 INFO [http-nio-8080-exec-598] org.apache.catalina.core.ApplicationContext.log Manager: list: Listing contexts for virtual host 'localhost'
12-Sep-2019 19:33:34.286 INFO [http-nio-8080-exec-617] org.apache.catalina.core.ApplicationContext.log Manager: list: Listing contexts for virtual host 'localhost'
12-Sep-2019 19:33:34.302 INFO [http-nio-8080-exec-618] org.apache.catalina.core.ApplicationContext.log Manager: undeploy: Undeploying web application at '/Opportunity'
12-Sep-2019 19:33:35.365 INFO [http-nio-8080-exec-621] org.apache.catalina.core.ApplicationContext.log Manager: install: Installing context configuration at 'file:/C:/Users/PAULO~1.BEZ/AppData/Local/Temp/context7782861227259758.xml'
12-Sep-2019 19:33:36.243 INFO [http-nio-8080-exec-613] org.apache.catalina.core.ApplicationContext.log Manager: start: Starting web application '/Opportunity'
12-Sep-2019 19:36:14.655 INFO [http-nio-8080-exec-626] org.apache.catalina.core.ApplicationContext.log Manager: list: Listing contexts for virtual host 'localhost'
12-Sep-2019 19:36:14.671 INFO [http-nio-8080-exec-627] org.apache.catalina.core.ApplicationContext.log Manager: undeploy: Undeploying web application at '/Opportunity'
12-Sep-2019 19:52:59.447 INFO [http-nio-8080-exec-637] org.apache.catalina.core.ApplicationContext.log Manager: list: Listing contexts for virtual host 'localhost'
12-Sep-2019 19:52:59.462 INFO [http-nio-8080-exec-638] org.apache.catalina.core.ApplicationContext.log Manager: list: Listing contexts for virtual host 'localhost'
12-Sep-2019 19:53:00.040 INFO [http-nio-8080-exec-639] org.apache.catalina.core.ApplicationContext.log Manager: install: Installing context configuration at 'file:/C:/Users/PAULO~1.BEZ/AppData/Local/Temp/context886236868358031784.xml'
12-Sep-2019 19:53:06.414 INFO [http-nio-8080-exec-640] org.apache.catalina.core.ApplicationContext.log Manager: start: Starting web application '/Opportunity'
12-Sep-2019 20:13:15.527 INFO [http-nio-8080-exec-9] org.apache.catalina.core.ApplicationContext.log Manager: init: Associated with Deployer 'Catalina:type=Deployer,host=localhost'
12-Sep-2019 20:13:15.527 INFO [http-nio-8080-exec-9] org.apache.catalina.core.ApplicationContext.log Manager: init: Global resources are available
12-Sep-2019 20:13:15.527 INFO [http-nio-8080-exec-9] org.apache.catalina.core.ApplicationContext.log Manager: list: Listing contexts for virtual host 'localhost'
12-Sep-2019 20:13:15.527 INFO [http-nio-8080-exec-10] org.apache.catalina.core.ApplicationContext.log Manager: list: Listing contexts for virtual host 'localhost'
12-Sep-2019 20:13:15.558 INFO [http-nio-8080-exec-6] org.apache.catalina.core.ApplicationContext.log Manager: undeploy: Undeploying web application at '/Opportunity'
12-Sep-2019 20:13:16.261 INFO [http-nio-8080-exec-4] org.apache.catalina.core.ApplicationContext.log Manager: install: Installing context configuration at 'file:/C:/Users/PAULO~1.BEZ/AppData/Local/Temp/context8251863920276591061.xml'
12-Sep-2019 20:13:17.214 INFO [http-nio-8080-exec-2] org.apache.catalina.core.ApplicationContext.log Manager: start: Starting web application '/Opportunity'
