23-Oct-2019 10:16:09.089 INFO [http-nio-8080-exec-727] org.apache.catalina.core.ApplicationContext.log Manager: list: Listing contexts for virtual host 'localhost'
23-Oct-2019 10:16:09.112 INFO [http-nio-8080-exec-727] org.apache.catalina.core.ApplicationContext.log Manager: list: Listing contexts for virtual host 'localhost'
23-Oct-2019 10:16:09.275 INFO [http-nio-8080-exec-735] org.apache.catalina.core.ApplicationContext.log Manager: undeploy: Undeploying web application at '/Opportunity'
23-Oct-2019 10:16:26.774 INFO [http-nio-8080-exec-733] org.apache.catalina.core.ApplicationContext.log Manager: install: Installing context configuration at 'file:/C:/Users/PAULO~1.BEZ/AppData/Local/Temp/context8106492068006236203.xml'
23-Oct-2019 10:16:37.964 INFO [http-nio-8080-exec-727] org.apache.catalina.core.ApplicationContext.log Manager: start: Starting web application '/Opportunity'
23-Oct-2019 10:39:19.436 INFO [http-nio-8080-exec-744] org.apache.catalina.core.ApplicationContext.log Manager: list: Listing contexts for virtual host 'localhost'
23-Oct-2019 10:39:25.307 INFO [http-nio-8080-exec-745] org.apache.catalina.core.ApplicationContext.log Manager: list: Listing contexts for virtual host 'localhost'
23-Oct-2019 10:39:25.310 INFO [http-nio-8080-exec-744] org.apache.catalina.core.ApplicationContext.log Manager: list: Listing contexts for virtual host 'localhost'
23-Oct-2019 10:39:25.388 INFO [http-nio-8080-exec-739] org.apache.catalina.core.ApplicationContext.log Manager: undeploy: Undeploying web application at '/Opportunity'
23-Oct-2019 10:39:30.120 INFO [http-nio-8080-exec-742] org.apache.catalina.core.ApplicationContext.log Manager: install: Installing context configuration at 'file:/C:/Users/PAULO~1.BEZ/AppData/Local/Temp/context7914856085251747450.xml'
23-Oct-2019 10:39:36.305 INFO [http-nio-8080-exec-744] org.apache.catalina.core.ApplicationContext.log Manager: start: Starting web application '/Opportunity'
23-Oct-2019 10:42:55.569 INFO [http-nio-8080-exec-753] org.apache.catalina.core.ApplicationContext.log Manager: list: Listing contexts for virtual host 'localhost'
23-Oct-2019 10:43:52.406 INFO [http-nio-8080-exec-746] org.apache.catalina.core.ApplicationContext.log Manager: list: Listing contexts for virtual host 'localhost'
23-Oct-2019 10:44:17.777 INFO [http-nio-8080-exec-752] org.apache.catalina.core.ApplicationContext.log Manager: list: Listing contexts for virtual host 'localhost'
23-Oct-2019 10:44:17.779 INFO [http-nio-8080-exec-746] org.apache.catalina.core.ApplicationContext.log Manager: list: Listing contexts for virtual host 'localhost'
23-Oct-2019 10:44:17.822 INFO [http-nio-8080-exec-751] org.apache.catalina.core.ApplicationContext.log Manager: undeploy: Undeploying web application at '/Opportunity'
23-Oct-2019 10:44:19.051 INFO [http-nio-8080-exec-746] org.apache.catalina.core.ApplicationContext.log Manager: install: Installing context configuration at 'file:/C:/Users/PAULO~1.BEZ/AppData/Local/Temp/context2302071251384463151.xml'
23-Oct-2019 10:44:20.149 INFO [http-nio-8080-exec-753] org.apache.catalina.core.ApplicationContext.log Manager: start: Starting web application '/Opportunity'
23-Oct-2019 10:45:26.830 INFO [http-nio-8080-exec-748] org.apache.catalina.core.ApplicationContext.log Manager: list: Listing contexts for virtual host 'localhost'
23-Oct-2019 10:45:31.416 INFO [http-nio-8080-exec-748] org.apache.catalina.core.ApplicationContext.log Manager: list: Listing contexts for virtual host 'localhost'
23-Oct-2019 10:45:31.419 INFO [http-nio-8080-exec-758] org.apache.catalina.core.ApplicationContext.log Manager: list: Listing contexts for virtual host 'localhost'
23-Oct-2019 10:45:31.438 INFO [http-nio-8080-exec-761] org.apache.catalina.core.ApplicationContext.log Manager: undeploy: Undeploying web application at '/Opportunity'
23-Oct-2019 10:45:32.122 INFO [http-nio-8080-exec-760] org.apache.catalina.core.ApplicationContext.log Manager: install: Installing context configuration at 'file:/C:/Users/PAULO~1.BEZ/AppData/Local/Temp/context5591281940661442468.xml'
23-Oct-2019 10:47:52.664 INFO [http-nio-8080-exec-759] org.apache.catalina.core.ApplicationContext.log Manager: list: Listing contexts for virtual host 'localhost'
23-Oct-2019 10:47:52.668 INFO [http-nio-8080-exec-764] org.apache.catalina.core.ApplicationContext.log Manager: list: Listing contexts for virtual host 'localhost'
23-Oct-2019 10:47:52.726 INFO [http-nio-8080-exec-770] org.apache.catalina.core.ApplicationContext.log Manager: undeploy: Undeploying web application at '/Opportunity'
23-Oct-2019 10:47:53.890 INFO [http-nio-8080-exec-765] org.apache.catalina.core.ApplicationContext.log Manager: install: Installing context configuration at 'file:/C:/Users/PAULO~1.BEZ/AppData/Local/Temp/context5280746233776580285.xml'
23-Oct-2019 10:47:55.353 INFO [http-nio-8080-exec-766] org.apache.catalina.core.ApplicationContext.log Manager: start: Starting web application '/Opportunity'
23-Oct-2019 10:48:33.174 INFO [http-nio-8080-exec-768] org.apache.catalina.core.ApplicationContext.log Manager: list: Listing contexts for virtual host 'localhost'
23-Oct-2019 10:48:40.378 INFO [http-nio-8080-exec-777] org.apache.catalina.core.ApplicationContext.log Manager: list: Listing contexts for virtual host 'localhost'
23-Oct-2019 10:48:40.382 INFO [http-nio-8080-exec-768] org.apache.catalina.core.ApplicationContext.log Manager: list: Listing contexts for virtual host 'localhost'
23-Oct-2019 10:48:40.473 INFO [http-nio-8080-exec-772] org.apache.catalina.core.ApplicationContext.log Manager: undeploy: Undeploying web application at '/Opportunity'
23-Oct-2019 10:48:41.768 INFO [http-nio-8080-exec-777] org.apache.catalina.core.ApplicationContext.log Manager: install: Installing context configuration at 'file:/C:/Users/PAULO~1.BEZ/AppData/Local/Temp/context5391220765374280096.xml'
23-Oct-2019 10:48:48.037 INFO [http-nio-8080-exec-776] org.apache.catalina.core.ApplicationContext.log Manager: start: Starting web application '/Opportunity'
23-Oct-2019 10:51:40.723 INFO [http-nio-8080-exec-781] org.apache.catalina.core.ApplicationContext.log Manager: list: Listing contexts for virtual host 'localhost'
23-Oct-2019 10:51:44.643 INFO [http-nio-8080-exec-784] org.apache.catalina.core.ApplicationContext.log Manager: list: Listing contexts for virtual host 'localhost'
23-Oct-2019 10:51:44.646 INFO [http-nio-8080-exec-789] org.apache.catalina.core.ApplicationContext.log Manager: list: Listing contexts for virtual host 'localhost'
23-Oct-2019 10:51:44.667 INFO [http-nio-8080-exec-785] org.apache.catalina.core.ApplicationContext.log Manager: undeploy: Undeploying web application at '/Opportunity'
23-Oct-2019 10:51:46.079 INFO [http-nio-8080-exec-783] org.apache.catalina.core.ApplicationContext.log Manager: install: Installing context configuration at 'file:/C:/Users/PAULO~1.BEZ/AppData/Local/Temp/context4796536274729028732.xml'
23-Oct-2019 10:51:47.427 INFO [http-nio-8080-exec-787] org.apache.catalina.core.ApplicationContext.log Manager: start: Starting web application '/Opportunity'
23-Oct-2019 11:38:39.935 INFO [http-nio-8080-exec-798] org.apache.catalina.core.ApplicationContext.log Manager: list: Listing contexts for virtual host 'localhost'
23-Oct-2019 11:38:40.908 INFO [http-nio-8080-exec-799] org.apache.catalina.core.ApplicationContext.log Manager: restart: Reloading web application '/Opportunity'
23-Oct-2019 11:39:01.486 INFO [http-nio-8080-exec-800] org.apache.catalina.core.ApplicationContext.log Manager: list: Listing contexts for virtual host 'localhost'
23-Oct-2019 11:39:02.161 INFO [http-nio-8080-exec-798] org.apache.catalina.core.ApplicationContext.log Manager: restart: Reloading web application '/Opportunity'
23-Oct-2019 11:40:49.131 INFO [http-nio-8080-exec-807] org.apache.catalina.core.ApplicationContext.log Manager: list: Listing contexts for virtual host 'localhost'
23-Oct-2019 11:40:49.472 INFO [http-nio-8080-exec-805] org.apache.catalina.core.ApplicationContext.log Manager: restart: Reloading web application '/Opportunity'
23-Oct-2019 11:40:53.053 INFO [http-nio-8080-exec-801] org.apache.catalina.core.ApplicationContext.log Manager: list: Listing contexts for virtual host 'localhost'
23-Oct-2019 11:40:53.381 INFO [http-nio-8080-exec-804] org.apache.catalina.core.ApplicationContext.log Manager: restart: Reloading web application '/Opportunity'
23-Oct-2019 11:42:09.024 INFO [http-nio-8080-exec-810] org.apache.catalina.core.ApplicationContext.log Manager: list: Listing contexts for virtual host 'localhost'
23-Oct-2019 11:42:09.443 INFO [http-nio-8080-exec-796] org.apache.catalina.core.ApplicationContext.log Manager: restart: Reloading web application '/Opportunity'
23-Oct-2019 11:42:20.928 INFO [http-nio-8080-exec-792] org.apache.catalina.core.ApplicationContext.log Manager: list: Listing contexts for virtual host 'localhost'
23-Oct-2019 11:42:21.315 INFO [http-nio-8080-exec-812] org.apache.catalina.core.ApplicationContext.log Manager: restart: Reloading web application '/Opportunity'
23-Oct-2019 11:54:05.354 INFO [http-nio-8080-exec-824] org.apache.catalina.core.ApplicationContext.log Manager: list: Listing contexts for virtual host 'localhost'
23-Oct-2019 11:54:05.926 INFO [http-nio-8080-exec-825] org.apache.catalina.core.ApplicationContext.log Manager: restart: Reloading web application '/Opportunity'
23-Oct-2019 11:55:20.662 INFO [http-nio-8080-exec-821] org.apache.catalina.core.ApplicationContext.log Manager: list: Listing contexts for virtual host 'localhost'
23-Oct-2019 11:55:21.283 INFO [http-nio-8080-exec-822] org.apache.catalina.core.ApplicationContext.log Manager: restart: Reloading web application '/Opportunity'
23-Oct-2019 11:56:57.165 INFO [http-nio-8080-exec-840] org.apache.catalina.core.ApplicationContext.log Manager: list: Listing contexts for virtual host 'localhost'
23-Oct-2019 11:56:57.916 INFO [http-nio-8080-exec-830] org.apache.catalina.core.ApplicationContext.log Manager: restart: Reloading web application '/Opportunity'
23-Oct-2019 11:57:13.037 INFO [http-nio-8080-exec-842] org.apache.catalina.core.ApplicationContext.log Manager: list: Listing contexts for virtual host 'localhost'
23-Oct-2019 11:57:13.609 INFO [http-nio-8080-exec-832] org.apache.catalina.core.ApplicationContext.log Manager: restart: Reloading web application '/Opportunity'
23-Oct-2019 11:58:13.482 INFO [http-nio-8080-exec-844] org.apache.catalina.core.ApplicationContext.log Manager: list: Listing contexts for virtual host 'localhost'
23-Oct-2019 11:58:14.238 INFO [http-nio-8080-exec-838] org.apache.catalina.core.ApplicationContext.log Manager: restart: Reloading web application '/Opportunity'
23-Oct-2019 11:59:22.133 INFO [http-nio-8080-exec-856] org.apache.catalina.core.ApplicationContext.log Manager: list: Listing contexts for virtual host 'localhost'
23-Oct-2019 11:59:22.793 INFO [http-nio-8080-exec-857] org.apache.catalina.core.ApplicationContext.log Manager: restart: Reloading web application '/Opportunity'
23-Oct-2019 11:59:31.681 INFO [http-nio-8080-exec-858] org.apache.catalina.core.ApplicationContext.log Manager: list: Listing contexts for virtual host 'localhost'
23-Oct-2019 11:59:32.818 INFO [http-nio-8080-exec-853] org.apache.catalina.core.ApplicationContext.log Manager: restart: Reloading web application '/Opportunity'
23-Oct-2019 12:04:18.413 INFO [http-nio-8080-exec-865] org.apache.catalina.core.ApplicationContext.log Manager: list: Listing contexts for virtual host 'localhost'
23-Oct-2019 12:04:19.673 INFO [http-nio-8080-exec-861] org.apache.catalina.core.ApplicationContext.log Manager: restart: Reloading web application '/Opportunity'
23-Oct-2019 12:04:23.429 INFO [http-nio-8080-exec-862] org.apache.catalina.core.ApplicationContext.log Manager: list: Listing contexts for virtual host 'localhost'
23-Oct-2019 12:04:24.145 INFO [http-nio-8080-exec-860] org.apache.catalina.core.ApplicationContext.log Manager: restart: Reloading web application '/Opportunity'
23-Oct-2019 12:04:29.071 INFO [http-nio-8080-exec-866] org.apache.catalina.core.ApplicationContext.log Manager: list: Listing contexts for virtual host 'localhost'
23-Oct-2019 12:04:29.851 INFO [http-nio-8080-exec-869] org.apache.catalina.core.ApplicationContext.log Manager: restart: Reloading web application '/Opportunity'
23-Oct-2019 12:04:33.883 INFO [http-nio-8080-exec-871] org.apache.catalina.core.ApplicationContext.log Manager: list: Listing contexts for virtual host 'localhost'
23-Oct-2019 12:04:34.592 INFO [http-nio-8080-exec-866] org.apache.catalina.core.ApplicationContext.log Manager: restart: Reloading web application '/Opportunity'
23-Oct-2019 12:05:23.208 INFO [http-nio-8080-exec-874] org.apache.catalina.core.ApplicationContext.log Manager: list: Listing contexts for virtual host 'localhost'
23-Oct-2019 12:05:23.794 INFO [http-nio-8080-exec-863] org.apache.catalina.core.ApplicationContext.log Manager: restart: Reloading web application '/Opportunity'
23-Oct-2019 12:09:31.919 INFO [http-nio-8080-exec-878] org.apache.catalina.core.ApplicationContext.log Manager: list: Listing contexts for virtual host 'localhost'
23-Oct-2019 12:09:32.610 INFO [http-nio-8080-exec-879] org.apache.catalina.core.ApplicationContext.log Manager: restart: Reloading web application '/Opportunity'
23-Oct-2019 12:09:43.983 INFO [http-nio-8080-exec-884] org.apache.catalina.core.ApplicationContext.log Manager: list: Listing contexts for virtual host 'localhost'
23-Oct-2019 12:11:29.241 INFO [http-nio-8080-exec-881] org.apache.catalina.core.ApplicationContext.log Manager: list: Listing contexts for virtual host 'localhost'
23-Oct-2019 12:11:50.008 INFO [http-nio-8080-exec-881] org.apache.catalina.core.ApplicationContext.log Manager: list: Listing contexts for virtual host 'localhost'
23-Oct-2019 12:12:04.835 INFO [http-nio-8080-exec-881] org.apache.catalina.core.ApplicationContext.log Manager: list: Listing contexts for virtual host 'localhost'
23-Oct-2019 12:12:21.852 INFO [http-nio-8080-exec-894] org.apache.catalina.core.ApplicationContext.log Manager: list: Listing contexts for virtual host 'localhost'
23-Oct-2019 12:12:27.032 INFO [http-nio-8080-exec-894] org.apache.catalina.core.ApplicationContext.log Manager: list: Listing contexts for virtual host 'localhost'
23-Oct-2019 12:12:35.856 INFO [http-nio-8080-exec-896] org.apache.catalina.core.ApplicationContext.log Manager: list: Listing contexts for virtual host 'localhost'
23-Oct-2019 12:12:35.859 INFO [http-nio-8080-exec-891] org.apache.catalina.core.ApplicationContext.log Manager: list: Listing contexts for virtual host 'localhost'
23-Oct-2019 12:12:35.952 INFO [http-nio-8080-exec-892] org.apache.catalina.core.ApplicationContext.log Manager: undeploy: Undeploying web application at '/Opportunity'
23-Oct-2019 12:12:37.500 INFO [http-nio-8080-exec-887] org.apache.catalina.core.ApplicationContext.log Manager: install: Installing context configuration at 'file:/C:/Users/PAULO~1.BEZ/AppData/Local/Temp/context1371141924845779627.xml'
23-Oct-2019 12:12:40.044 INFO [http-nio-8080-exec-890] org.apache.catalina.core.ApplicationContext.log Manager: start: Starting web application '/Opportunity'
23-Oct-2019 12:14:49.235 INFO [http-nio-8080-exec-899] org.apache.catalina.core.ApplicationContext.log Manager: list: Listing contexts for virtual host 'localhost'
23-Oct-2019 12:16:34.690 INFO [http-nio-8080-exec-906] org.apache.catalina.core.ApplicationContext.log Manager: list: Listing contexts for virtual host 'localhost'
23-Oct-2019 12:16:40.971 INFO [http-nio-8080-exec-897] org.apache.catalina.core.ApplicationContext.log Manager: list: Listing contexts for virtual host 'localhost'
23-Oct-2019 12:16:49.562 INFO [http-nio-8080-exec-905] org.apache.catalina.core.ApplicationContext.log Manager: list: Listing contexts for virtual host 'localhost'
23-Oct-2019 12:16:49.566 INFO [http-nio-8080-exec-906] org.apache.catalina.core.ApplicationContext.log Manager: list: Listing contexts for virtual host 'localhost'
23-Oct-2019 12:16:49.611 INFO [http-nio-8080-exec-903] org.apache.catalina.core.ApplicationContext.log Manager: undeploy: Undeploying web application at '/Opportunity'
23-Oct-2019 12:16:50.990 INFO [http-nio-8080-exec-906] org.apache.catalina.core.ApplicationContext.log Manager: install: Installing context configuration at 'file:/C:/Users/PAULO~1.BEZ/AppData/Local/Temp/context3288903737570353973.xml'
23-Oct-2019 12:19:58.040 INFO [http-nio-8080-exec-902] org.apache.catalina.core.ApplicationContext.log Manager: list: Listing contexts for virtual host 'localhost'
23-Oct-2019 12:19:58.040 INFO [http-nio-8080-exec-905] org.apache.catalina.core.ApplicationContext.log Manager: list: Listing contexts for virtual host 'localhost'
23-Oct-2019 12:19:58.103 INFO [http-nio-8080-exec-911] org.apache.catalina.core.ApplicationContext.log Manager: undeploy: Undeploying web application at '/Opportunity'
23-Oct-2019 12:19:58.712 INFO [http-nio-8080-exec-906] org.apache.catalina.core.ApplicationContext.log Manager: install: Installing context configuration at 'file:/C:/Users/PAULO~1.BEZ/AppData/Local/Temp/context6144325983421771846.xml'
23-Oct-2019 12:20:02.376 INFO [http-nio-8080-exec-907] org.apache.catalina.core.ApplicationContext.log Manager: start: Starting web application '/Opportunity'
23-Oct-2019 12:29:14.643 INFO [http-nio-8080-exec-916] org.apache.catalina.core.ApplicationContext.log Manager: list: Listing contexts for virtual host 'localhost'
23-Oct-2019 12:29:18.654 INFO [http-nio-8080-exec-911] org.apache.catalina.core.ApplicationContext.log Manager: list: Listing contexts for virtual host 'localhost'
23-Oct-2019 12:29:18.657 INFO [http-nio-8080-exec-916] org.apache.catalina.core.ApplicationContext.log Manager: list: Listing contexts for virtual host 'localhost'
23-Oct-2019 12:29:18.705 INFO [http-nio-8080-exec-913] org.apache.catalina.core.ApplicationContext.log Manager: undeploy: Undeploying web application at '/Opportunity'
23-Oct-2019 12:29:23.476 INFO [http-nio-8080-exec-907] org.apache.catalina.core.ApplicationContext.log Manager: install: Installing context configuration at 'file:/C:/Users/PAULO~1.BEZ/AppData/Local/Temp/context139085428858980097.xml'
23-Oct-2019 12:29:27.192 INFO [http-nio-8080-exec-909] org.apache.catalina.core.ApplicationContext.log Manager: start: Starting web application '/Opportunity'
23-Oct-2019 12:30:53.363 INFO [http-nio-8080-exec-926] org.apache.catalina.core.ApplicationContext.log Manager: list: Listing contexts for virtual host 'localhost'
23-Oct-2019 12:30:58.475 INFO [http-nio-8080-exec-924] org.apache.catalina.core.ApplicationContext.log Manager: list: Listing contexts for virtual host 'localhost'
23-Oct-2019 12:30:58.477 INFO [http-nio-8080-exec-926] org.apache.catalina.core.ApplicationContext.log Manager: list: Listing contexts for virtual host 'localhost'
23-Oct-2019 12:30:58.519 INFO [http-nio-8080-exec-922] org.apache.catalina.core.ApplicationContext.log Manager: undeploy: Undeploying web application at '/Opportunity'
23-Oct-2019 12:31:00.206 INFO [http-nio-8080-exec-918] org.apache.catalina.core.ApplicationContext.log Manager: install: Installing context configuration at 'file:/C:/Users/PAULO~1.BEZ/AppData/Local/Temp/context7782521109523802342.xml'
23-Oct-2019 12:31:03.275 INFO [http-nio-8080-exec-923] org.apache.catalina.core.ApplicationContext.log Manager: start: Starting web application '/Opportunity'
23-Oct-2019 12:32:46.796 INFO [http-nio-8080-exec-931] org.apache.catalina.core.ApplicationContext.log Manager: list: Listing contexts for virtual host 'localhost'
23-Oct-2019 12:32:46.888 INFO [http-nio-8080-exec-927] org.apache.catalina.core.ApplicationContext.log Manager: stop: Stopping web application '/Opportunity'
23-Oct-2019 12:32:47.479 INFO [http-nio-8080-exec-926] org.apache.catalina.core.ApplicationContext.log Manager: start: Starting web application '/Opportunity'
23-Oct-2019 12:32:52.888 INFO [http-nio-8080-exec-929] org.apache.catalina.core.ApplicationContext.log Manager: list: Listing contexts for virtual host 'localhost'
23-Oct-2019 12:32:52.896 INFO [http-nio-8080-exec-932] org.apache.catalina.core.ApplicationContext.log Manager: undeploy: Undeploying web application at '/Opportunity'
23-Oct-2019 12:46:38.287 INFO [http-nio-8080-exec-946] org.apache.catalina.core.ApplicationContext.log Manager: list: Listing contexts for virtual host 'localhost'
23-Oct-2019 12:50:05.779 INFO [http-nio-8080-exec-945] org.apache.catalina.core.ApplicationContext.log Manager: list: Listing contexts for virtual host 'localhost'
23-Oct-2019 12:52:10.295 INFO [http-nio-8080-exec-940] org.apache.catalina.core.ApplicationContext.log Manager: list: Listing contexts for virtual host 'localhost'
23-Oct-2019 12:52:17.556 INFO [http-nio-8080-exec-948] org.apache.catalina.core.ApplicationContext.log Manager: list: Listing contexts for virtual host 'localhost'
23-Oct-2019 12:52:17.558 INFO [http-nio-8080-exec-939] org.apache.catalina.core.ApplicationContext.log Manager: list: Listing contexts for virtual host 'localhost'
23-Oct-2019 12:52:17.680 INFO [http-nio-8080-exec-940] org.apache.catalina.core.ApplicationContext.log Manager: install: Installing context configuration at 'file:/C:/Users/PAULO~1.BEZ/AppData/Local/Temp/context323058952101091363.xml'
23-Oct-2019 12:52:28.199 INFO [http-nio-8080-exec-941] org.apache.catalina.core.ApplicationContext.log Manager: start: Starting web application '/Opportunity'
23-Oct-2019 12:52:50.350 INFO [http-nio-8080-exec-943] org.apache.catalina.core.ApplicationContext.log Manager: list: Listing contexts for virtual host 'localhost'
23-Oct-2019 12:54:56.312 INFO [http-nio-8080-exec-943] org.apache.catalina.core.ApplicationContext.log Manager: list: Listing contexts for virtual host 'localhost'
23-Oct-2019 12:54:56.696 INFO [http-nio-8080-exec-944] org.apache.catalina.core.ApplicationContext.log Manager: restart: Reloading web application '/Opportunity'
23-Oct-2019 12:56:27.813 INFO [http-nio-8080-exec-941] org.apache.catalina.core.ApplicationContext.log Manager: list: Listing contexts for virtual host 'localhost'
23-Oct-2019 12:56:28.060 INFO [http-nio-8080-exec-945] org.apache.catalina.core.ApplicationContext.log Manager: restart: Reloading web application '/Opportunity'
23-Oct-2019 12:58:03.327 INFO [http-nio-8080-exec-958] org.apache.catalina.core.ApplicationContext.log Manager: list: Listing contexts for virtual host 'localhost'
23-Oct-2019 12:58:03.707 INFO [http-nio-8080-exec-954] org.apache.catalina.core.ApplicationContext.log Manager: restart: Reloading web application '/Opportunity'
23-Oct-2019 12:58:14.122 INFO [http-nio-8080-exec-955] org.apache.catalina.core.ApplicationContext.log Manager: list: Listing contexts for virtual host 'localhost'
23-Oct-2019 12:58:14.518 INFO [http-nio-8080-exec-957] org.apache.catalina.core.ApplicationContext.log Manager: restart: Reloading web application '/Opportunity'
23-Oct-2019 12:58:47.033 INFO [http-nio-8080-exec-965] org.apache.catalina.core.ApplicationContext.log Manager: list: Listing contexts for virtual host 'localhost'
23-Oct-2019 12:59:37.539 INFO [http-nio-8080-exec-960] org.apache.catalina.core.ApplicationContext.log Manager: list: Listing contexts for virtual host 'localhost'
23-Oct-2019 12:59:42.860 INFO [http-nio-8080-exec-955] org.apache.catalina.core.ApplicationContext.log Manager: list: Listing contexts for virtual host 'localhost'
23-Oct-2019 12:59:42.860 INFO [http-nio-8080-exec-960] org.apache.catalina.core.ApplicationContext.log Manager: list: Listing contexts for virtual host 'localhost'
23-Oct-2019 12:59:42.892 INFO [http-nio-8080-exec-965] org.apache.catalina.core.ApplicationContext.log Manager: undeploy: Undeploying web application at '/Opportunity'
23-Oct-2019 12:59:43.869 INFO [http-nio-8080-exec-971] org.apache.catalina.core.ApplicationContext.log Manager: install: Installing context configuration at 'file:/C:/Users/PAULO~1.BEZ/AppData/Local/Temp/context5659741349307894738.xml'
23-Oct-2019 12:59:44.782 INFO [http-nio-8080-exec-967] org.apache.catalina.core.ApplicationContext.log Manager: start: Starting web application '/Opportunity'
23-Oct-2019 13:00:44.033 INFO [http-nio-8080-exec-978] org.apache.catalina.core.ApplicationContext.log Manager: list: Listing contexts for virtual host 'localhost'
23-Oct-2019 13:00:52.726 INFO [http-nio-8080-exec-973] org.apache.catalina.core.ApplicationContext.log Manager: list: Listing contexts for virtual host 'localhost'
23-Oct-2019 13:00:52.728 INFO [http-nio-8080-exec-975] org.apache.catalina.core.ApplicationContext.log Manager: list: Listing contexts for virtual host 'localhost'
23-Oct-2019 13:00:52.749 INFO [http-nio-8080-exec-976] org.apache.catalina.core.ApplicationContext.log Manager: undeploy: Undeploying web application at '/Opportunity'
23-Oct-2019 13:00:53.766 INFO [http-nio-8080-exec-977] org.apache.catalina.core.ApplicationContext.log Manager: install: Installing context configuration at 'file:/C:/Users/PAULO~1.BEZ/AppData/Local/Temp/context2056333284102761614.xml'
23-Oct-2019 13:00:54.799 INFO [http-nio-8080-exec-967] org.apache.catalina.core.ApplicationContext.log Manager: start: Starting web application '/Opportunity'
23-Oct-2019 13:01:54.268 INFO [http-nio-8080-exec-981] org.apache.catalina.core.ApplicationContext.log Manager: list: Listing contexts for virtual host 'localhost'
23-Oct-2019 13:01:59.176 INFO [http-nio-8080-exec-986] org.apache.catalina.core.ApplicationContext.log Manager: list: Listing contexts for virtual host 'localhost'
23-Oct-2019 13:01:59.178 INFO [http-nio-8080-exec-985] org.apache.catalina.core.ApplicationContext.log Manager: list: Listing contexts for virtual host 'localhost'
23-Oct-2019 13:01:59.196 INFO [http-nio-8080-exec-981] org.apache.catalina.core.ApplicationContext.log Manager: undeploy: Undeploying web application at '/Opportunity'
23-Oct-2019 13:02:00.426 INFO [http-nio-8080-exec-983] org.apache.catalina.core.ApplicationContext.log Manager: install: Installing context configuration at 'file:/C:/Users/PAULO~1.BEZ/AppData/Local/Temp/context637931385997748861.xml'
23-Oct-2019 13:02:01.703 INFO [http-nio-8080-exec-989] org.apache.catalina.core.ApplicationContext.log Manager: start: Starting web application '/Opportunity'
23-Oct-2019 13:05:37.975 INFO [http-nio-8080-exec-997] org.apache.catalina.core.ApplicationContext.log Manager: list: Listing contexts for virtual host 'localhost'
23-Oct-2019 13:05:44.647 INFO [http-nio-8080-exec-996] org.apache.catalina.core.ApplicationContext.log Manager: list: Listing contexts for virtual host 'localhost'
23-Oct-2019 13:05:44.649 INFO [http-nio-8080-exec-995] org.apache.catalina.core.ApplicationContext.log Manager: list: Listing contexts for virtual host 'localhost'
23-Oct-2019 13:05:44.707 INFO [http-nio-8080-exec-997] org.apache.catalina.core.ApplicationContext.log Manager: undeploy: Undeploying web application at '/Opportunity'
23-Oct-2019 13:05:50.634 INFO [http-nio-8080-exec-992] org.apache.catalina.core.ApplicationContext.log Manager: install: Installing context configuration at 'file:/C:/Users/PAULO~1.BEZ/AppData/Local/Temp/context7423302949535183302.xml'
23-Oct-2019 13:05:55.494 INFO [http-nio-8080-exec-993] org.apache.catalina.core.ApplicationContext.log Manager: start: Starting web application '/Opportunity'
23-Oct-2019 13:09:45.948 INFO [http-nio-8080-exec-1007] org.apache.catalina.core.ApplicationContext.log Manager: list: Listing contexts for virtual host 'localhost'
23-Oct-2019 13:09:53.001 INFO [http-nio-8080-exec-1002] org.apache.catalina.core.ApplicationContext.log Manager: list: Listing contexts for virtual host 'localhost'
23-Oct-2019 13:09:53.001 INFO [http-nio-8080-exec-1007] org.apache.catalina.core.ApplicationContext.log Manager: list: Listing contexts for virtual host 'localhost'
23-Oct-2019 13:09:53.063 INFO [http-nio-8080-exec-1003] org.apache.catalina.core.ApplicationContext.log Manager: undeploy: Undeploying web application at '/Opportunity'
23-Oct-2019 13:09:56.172 INFO [http-nio-8080-exec-1010] org.apache.catalina.core.ApplicationContext.log Manager: install: Installing context configuration at 'file:/C:/Users/PAULO~1.BEZ/AppData/Local/Temp/context3265358926032658579.xml'
23-Oct-2019 13:10:01.741 INFO [http-nio-8080-exec-1005] org.apache.catalina.core.ApplicationContext.log Manager: start: Starting web application '/Opportunity'
23-Oct-2019 13:10:24.880 INFO [http-nio-8080-exec-1012] org.apache.catalina.core.ApplicationContext.log Manager: list: Listing contexts for virtual host 'localhost'
23-Oct-2019 13:11:14.112 INFO [http-nio-8080-exec-1016] org.apache.catalina.core.ApplicationContext.log Manager: list: Listing contexts for virtual host 'localhost'
23-Oct-2019 13:11:20.438 INFO [http-nio-8080-exec-1011] org.apache.catalina.core.ApplicationContext.log Manager: list: Listing contexts for virtual host 'localhost'
23-Oct-2019 13:11:20.440 INFO [http-nio-8080-exec-1016] org.apache.catalina.core.ApplicationContext.log Manager: list: Listing contexts for virtual host 'localhost'
23-Oct-2019 13:11:20.504 INFO [http-nio-8080-exec-1012] org.apache.catalina.core.ApplicationContext.log Manager: undeploy: Undeploying web application at '/Opportunity'
23-Oct-2019 13:11:23.021 INFO [http-nio-8080-exec-1006] org.apache.catalina.core.ApplicationContext.log Manager: install: Installing context configuration at 'file:/C:/Users/PAULO~1.BEZ/AppData/Local/Temp/context6840741892815287366.xml'
23-Oct-2019 13:11:26.688 INFO [http-nio-8080-exec-1011] org.apache.catalina.core.ApplicationContext.log Manager: start: Starting web application '/Opportunity'
23-Oct-2019 13:12:32.671 INFO [http-nio-8080-exec-1023] org.apache.catalina.core.ApplicationContext.log Manager: list: Listing contexts for virtual host 'localhost'
23-Oct-2019 13:12:32.756 INFO [http-nio-8080-exec-1022] org.apache.catalina.core.ApplicationContext.log Manager: stop: Stopping web application '/Opportunity'
23-Oct-2019 13:12:33.380 INFO [http-nio-8080-exec-1024] org.apache.catalina.core.ApplicationContext.log Manager: start: Starting web application '/Opportunity'
23-Oct-2019 13:12:49.379 INFO [http-nio-8080-exec-1023] org.apache.catalina.core.ApplicationContext.log Manager: list: Listing contexts for virtual host 'localhost'
23-Oct-2019 13:12:49.392 INFO [http-nio-8080-exec-1021] org.apache.catalina.core.ApplicationContext.log Manager: undeploy: Undeploying web application at '/Opportunity'
23-Oct-2019 13:14:31.016 INFO [http-nio-8080-exec-1031] org.apache.catalina.core.ApplicationContext.log Manager: list: Listing contexts for virtual host 'localhost'
23-Oct-2019 13:15:57.802 INFO [http-nio-8080-exec-1037] org.apache.catalina.core.ApplicationContext.log Manager: list: Listing contexts for virtual host 'localhost'
23-Oct-2019 16:18:26.578 INFO [http-nio-8080-exec-1036] org.apache.catalina.core.ApplicationContext.log Manager: list: Listing contexts for virtual host 'localhost'
23-Oct-2019 16:23:25.427 INFO [http-nio-8080-exec-1039] org.apache.catalina.core.ApplicationContext.log Manager: list: Listing contexts for virtual host 'localhost'
23-Oct-2019 16:24:57.313 INFO [http-nio-8080-exec-1042] org.apache.catalina.core.ApplicationContext.log Manager: list: Listing contexts for virtual host 'localhost'
23-Oct-2019 16:26:43.700 INFO [http-nio-8080-exec-1042] org.apache.catalina.core.ApplicationContext.log Manager: list: Listing contexts for virtual host 'localhost'
23-Oct-2019 16:26:43.704 INFO [http-nio-8080-exec-1043] org.apache.catalina.core.ApplicationContext.log Manager: list: Listing contexts for virtual host 'localhost'
23-Oct-2019 16:26:43.850 INFO [http-nio-8080-exec-1041] org.apache.catalina.core.ApplicationContext.log Manager: install: Installing context configuration at 'file:/C:/Users/PAULO~1.BEZ/AppData/Local/Temp/context8812167431840909238.xml'
23-Oct-2019 16:26:48.375 INFO [http-nio-8080-exec-1039] org.apache.catalina.core.ApplicationContext.log Manager: start: Starting web application '/Opportunity'
23-Oct-2019 16:29:46.348 INFO [http-nio-8080-exec-1036] org.apache.catalina.core.ApplicationContext.log Manager: list: Listing contexts for virtual host 'localhost'
23-Oct-2019 17:11:11.244 INFO [http-nio-8080-exec-1039] org.apache.catalina.core.ApplicationContext.log Manager: list: Listing contexts for virtual host 'localhost'
23-Oct-2019 17:11:39.451 INFO [http-nio-8080-exec-1039] org.apache.catalina.core.ApplicationContext.log Manager: list: Listing contexts for virtual host 'localhost'
23-Oct-2019 17:12:04.986 INFO [http-nio-8080-exec-1041] org.apache.catalina.core.ApplicationContext.log Manager: list: Listing contexts for virtual host 'localhost'
23-Oct-2019 17:12:14.456 INFO [http-nio-8080-exec-1043] org.apache.catalina.core.ApplicationContext.log Manager: list: Listing contexts for virtual host 'localhost'
23-Oct-2019 17:12:19.175 INFO [http-nio-8080-exec-1036] org.apache.catalina.core.ApplicationContext.log Manager: list: Listing contexts for virtual host 'localhost'
23-Oct-2019 17:12:25.627 INFO [http-nio-8080-exec-1042] org.apache.catalina.core.ApplicationContext.log Manager: list: Listing contexts for virtual host 'localhost'
23-Oct-2019 17:12:39.387 INFO [http-nio-8080-exec-1041] org.apache.catalina.core.ApplicationContext.log Manager: list: Listing contexts for virtual host 'localhost'
23-Oct-2019 17:12:39.390 INFO [http-nio-8080-exec-1039] org.apache.catalina.core.ApplicationContext.log Manager: list: Listing contexts for virtual host 'localhost'
23-Oct-2019 17:12:39.446 INFO [http-nio-8080-exec-1040] org.apache.catalina.core.ApplicationContext.log Manager: undeploy: Undeploying web application at '/Opportunity'
23-Oct-2019 17:12:49.175 INFO [http-nio-8080-exec-1036] org.apache.catalina.core.ApplicationContext.log Manager: install: Installing context configuration at 'file:/C:/Users/PAULO~1.BEZ/AppData/Local/Temp/context3980373944829229022.xml'
23-Oct-2019 17:12:54.422 INFO [http-nio-8080-exec-1034] org.apache.catalina.core.ApplicationContext.log Manager: start: Starting web application '/Opportunity'
23-Oct-2019 23:07:40.133 INFO [http-nio-8080-exec-1046] org.apache.catalina.core.ApplicationContext.log Manager: list: Listing contexts for virtual host 'localhost'
23-Oct-2019 23:07:46.319 INFO [http-nio-8080-exec-1052] org.apache.catalina.core.ApplicationContext.log Manager: list: Listing contexts for virtual host 'localhost'
23-Oct-2019 23:07:46.319 INFO [http-nio-8080-exec-1048] org.apache.catalina.core.ApplicationContext.log Manager: list: Listing contexts for virtual host 'localhost'
23-Oct-2019 23:07:46.366 INFO [http-nio-8080-exec-1044] org.apache.catalina.core.ApplicationContext.log Manager: undeploy: Undeploying web application at '/Opportunity'
23-Oct-2019 23:07:56.879 INFO [http-nio-8080-exec-1051] org.apache.catalina.core.ApplicationContext.log Manager: install: Installing context configuration at 'file:/C:/Users/PAULO~1.BEZ/AppData/Local/Temp/context8539467017820460317.xml'
23-Oct-2019 23:08:01.222 INFO [http-nio-8080-exec-1047] org.apache.catalina.core.ApplicationContext.log Manager: start: Starting web application '/Opportunity'
23-Oct-2019 23:08:58.650 INFO [http-nio-8080-exec-1057] org.apache.catalina.core.ApplicationContext.log Manager: list: Listing contexts for virtual host 'localhost'
23-Oct-2019 23:09:06.517 INFO [http-nio-8080-exec-1048] org.apache.catalina.core.ApplicationContext.log Manager: list: Listing contexts for virtual host 'localhost'
23-Oct-2019 23:09:06.533 INFO [http-nio-8080-exec-1057] org.apache.catalina.core.ApplicationContext.log Manager: list: Listing contexts for virtual host 'localhost'
23-Oct-2019 23:09:06.616 INFO [http-nio-8080-exec-1049] org.apache.catalina.core.ApplicationContext.log Manager: undeploy: Undeploying web application at '/Opportunity'
23-Oct-2019 23:09:08.926 INFO [http-nio-8080-exec-1057] org.apache.catalina.core.ApplicationContext.log Manager: install: Installing context configuration at 'file:/C:/Users/PAULO~1.BEZ/AppData/Local/Temp/context1053700857692198441.xml'
23-Oct-2019 23:09:12.156 INFO [http-nio-8080-exec-1054] org.apache.catalina.core.ApplicationContext.log Manager: start: Starting web application '/Opportunity'
23-Oct-2019 23:11:13.497 INFO [http-nio-8080-exec-1065] org.apache.catalina.core.ApplicationContext.log Manager: list: Listing contexts for virtual host 'localhost'
23-Oct-2019 23:11:21.313 INFO [http-nio-8080-exec-1063] org.apache.catalina.core.ApplicationContext.log Manager: list: Listing contexts for virtual host 'localhost'
23-Oct-2019 23:11:21.316 INFO [http-nio-8080-exec-1064] org.apache.catalina.core.ApplicationContext.log Manager: list: Listing contexts for virtual host 'localhost'
23-Oct-2019 23:11:21.366 INFO [http-nio-8080-exec-1065] org.apache.catalina.core.ApplicationContext.log Manager: undeploy: Undeploying web application at '/Opportunity'
23-Oct-2019 23:11:23.099 INFO [http-nio-8080-exec-1070] org.apache.catalina.core.ApplicationContext.log Manager: install: Installing context configuration at 'file:/C:/Users/PAULO~1.BEZ/AppData/Local/Temp/context8768607334736139909.xml'
23-Oct-2019 23:11:25.749 INFO [http-nio-8080-exec-1067] org.apache.catalina.core.ApplicationContext.log Manager: start: Starting web application '/Opportunity'
23-Oct-2019 23:13:17.585 INFO [http-nio-8080-exec-1079] org.apache.catalina.core.ApplicationContext.log Manager: list: Listing contexts for virtual host 'localhost'
23-Oct-2019 23:14:41.846 INFO [http-nio-8080-exec-1078] org.apache.catalina.core.ApplicationContext.log Manager: list: Listing contexts for virtual host 'localhost'
23-Oct-2019 23:14:41.913 INFO [http-nio-8080-exec-1079] org.apache.catalina.core.ApplicationContext.log Manager: restart: Reloading web application '/Opportunity'
23-Oct-2019 23:15:08.973 INFO [http-nio-8080-exec-1082] org.apache.catalina.core.ApplicationContext.log Manager: list: Listing contexts for virtual host 'localhost'
23-Oct-2019 23:15:09.041 INFO [http-nio-8080-exec-1076] org.apache.catalina.core.ApplicationContext.log Manager: restart: Reloading web application '/Opportunity'
23-Oct-2019 23:15:36.136 INFO [http-nio-8080-exec-1081] org.apache.catalina.core.ApplicationContext.log Manager: list: Listing contexts for virtual host 'localhost'
23-Oct-2019 23:15:42.315 INFO [http-nio-8080-exec-1074] org.apache.catalina.core.ApplicationContext.log Manager: list: Listing contexts for virtual host 'localhost'
23-Oct-2019 23:15:42.317 INFO [http-nio-8080-exec-1086] org.apache.catalina.core.ApplicationContext.log Manager: list: Listing contexts for virtual host 'localhost'
23-Oct-2019 23:15:42.356 INFO [http-nio-8080-exec-1087] org.apache.catalina.core.ApplicationContext.log Manager: undeploy: Undeploying web application at '/Opportunity'
23-Oct-2019 23:15:43.444 INFO [http-nio-8080-exec-1084] org.apache.catalina.core.ApplicationContext.log Manager: install: Installing context configuration at 'file:/C:/Users/PAULO~1.BEZ/AppData/Local/Temp/context1110219867052359298.xml'
23-Oct-2019 23:15:44.478 INFO [http-nio-8080-exec-1081] org.apache.catalina.core.ApplicationContext.log Manager: start: Starting web application '/Opportunity'
23-Oct-2019 23:17:19.853 INFO [http-nio-8080-exec-1093] org.apache.catalina.core.ApplicationContext.log Manager: list: Listing contexts for virtual host 'localhost'
23-Oct-2019 23:17:19.920 INFO [http-nio-8080-exec-1094] org.apache.catalina.core.ApplicationContext.log Manager: restart: Reloading web application '/Opportunity'
23-Oct-2019 23:18:08.346 INFO [http-nio-8080-exec-1096] org.apache.catalina.core.ApplicationContext.log Manager: list: Listing contexts for virtual host 'localhost'
23-Oct-2019 23:18:17.258 INFO [http-nio-8080-exec-1089] org.apache.catalina.core.ApplicationContext.log Manager: list: Listing contexts for virtual host 'localhost'
23-Oct-2019 23:19:05.579 INFO [http-nio-8080-exec-1089] org.apache.catalina.core.ApplicationContext.log Manager: list: Listing contexts for virtual host 'localhost'
23-Oct-2019 23:19:05.646 INFO [http-nio-8080-exec-1096] org.apache.catalina.core.ApplicationContext.log Manager: restart: Reloading web application '/Opportunity'
23-Oct-2019 23:20:04.550 INFO [http-nio-8080-exec-1099] org.apache.catalina.core.ApplicationContext.log Manager: list: Listing contexts for virtual host 'localhost'
23-Oct-2019 23:20:11.330 INFO [http-nio-8080-exec-1072] org.apache.catalina.core.ApplicationContext.log Manager: list: Listing contexts for virtual host 'localhost'
23-Oct-2019 23:20:11.334 INFO [http-nio-8080-exec-1107] org.apache.catalina.core.ApplicationContext.log Manager: list: Listing contexts for virtual host 'localhost'
23-Oct-2019 23:20:11.369 INFO [http-nio-8080-exec-1105] org.apache.catalina.core.ApplicationContext.log Manager: undeploy: Undeploying web application at '/Opportunity'
23-Oct-2019 23:20:12.708 INFO [http-nio-8080-exec-1106] org.apache.catalina.core.ApplicationContext.log Manager: install: Installing context configuration at 'file:/C:/Users/PAULO~1.BEZ/AppData/Local/Temp/context3033370488860945515.xml'
23-Oct-2019 23:20:15.139 INFO [http-nio-8080-exec-1100] org.apache.catalina.core.ApplicationContext.log Manager: start: Starting web application '/Opportunity'
23-Oct-2019 23:22:07.621 INFO [http-nio-8080-exec-1117] org.apache.catalina.core.ApplicationContext.log Manager: list: Listing contexts for virtual host 'localhost'
23-Oct-2019 23:22:07.735 INFO [http-nio-8080-exec-1113] org.apache.catalina.core.ApplicationContext.log Manager: restart: Reloading web application '/Opportunity'
23-Oct-2019 23:22:21.970 INFO [http-nio-8080-exec-1119] org.apache.catalina.core.ApplicationContext.log Manager: list: Listing contexts for virtual host 'localhost'
23-Oct-2019 23:22:22.058 INFO [http-nio-8080-exec-1118] org.apache.catalina.core.ApplicationContext.log Manager: restart: Reloading web application '/Opportunity'
23-Oct-2019 23:22:30.913 INFO [http-nio-8080-exec-1120] org.apache.catalina.core.ApplicationContext.log Manager: list: Listing contexts for virtual host 'localhost'
23-Oct-2019 23:22:30.915 INFO [http-nio-8080-exec-1111] org.apache.catalina.core.ApplicationContext.log Manager: list: Listing contexts for virtual host 'localhost'
23-Oct-2019 23:22:30.967 INFO [http-nio-8080-exec-1123] org.apache.catalina.core.ApplicationContext.log Manager: undeploy: Undeploying web application at '/Opportunity'
23-Oct-2019 23:22:31.976 INFO [http-nio-8080-exec-1117] org.apache.catalina.core.ApplicationContext.log Manager: install: Installing context configuration at 'file:/C:/Users/PAULO~1.BEZ/AppData/Local/Temp/context6104602462917681555.xml'
23-Oct-2019 23:22:32.992 INFO [http-nio-8080-exec-1121] org.apache.catalina.core.ApplicationContext.log Manager: start: Starting web application '/Opportunity'
23-Oct-2019 23:22:53.554 INFO [http-nio-8080-exec-1121] org.apache.catalina.core.ApplicationContext.log Manager: list: Listing contexts for virtual host 'localhost'
23-Oct-2019 23:22:57.915 INFO [http-nio-8080-exec-1122] org.apache.catalina.core.ApplicationContext.log Manager: list: Listing contexts for virtual host 'localhost'
23-Oct-2019 23:22:57.919 INFO [http-nio-8080-exec-1111] org.apache.catalina.core.ApplicationContext.log Manager: list: Listing contexts for virtual host 'localhost'
23-Oct-2019 23:22:57.943 INFO [http-nio-8080-exec-1126] org.apache.catalina.core.ApplicationContext.log Manager: undeploy: Undeploying web application at '/Opportunity'
23-Oct-2019 23:22:59.042 INFO [http-nio-8080-exec-1111] org.apache.catalina.core.ApplicationContext.log Manager: install: Installing context configuration at 'file:/C:/Users/PAULO~1.BEZ/AppData/Local/Temp/context4297296729605140095.xml'
23-Oct-2019 23:23:00.022 INFO [http-nio-8080-exec-1127] org.apache.catalina.core.ApplicationContext.log Manager: start: Starting web application '/Opportunity'
23-Oct-2019 23:24:48.245 INFO [http-nio-8080-exec-1131] org.apache.catalina.core.ApplicationContext.log Manager: list: Listing contexts for virtual host 'localhost'
23-Oct-2019 23:24:48.311 INFO [http-nio-8080-exec-1132] org.apache.catalina.core.ApplicationContext.log Manager: restart: Reloading web application '/Opportunity'
23-Oct-2019 23:24:58.927 INFO [http-nio-8080-exec-1134] org.apache.catalina.core.ApplicationContext.log Manager: list: Listing contexts for virtual host 'localhost'
23-Oct-2019 23:24:58.994 INFO [http-nio-8080-exec-1139] org.apache.catalina.core.ApplicationContext.log Manager: restart: Reloading web application '/Opportunity'
23-Oct-2019 23:26:03.987 INFO [http-nio-8080-exec-1134] org.apache.catalina.core.ApplicationContext.log Manager: list: Listing contexts for virtual host 'localhost'
23-Oct-2019 23:26:28.426 INFO [http-nio-8080-exec-1136] org.apache.catalina.core.ApplicationContext.log Manager: list: Listing contexts for virtual host 'localhost'
23-Oct-2019 23:26:28.496 INFO [http-nio-8080-exec-1140] org.apache.catalina.core.ApplicationContext.log Manager: restart: Reloading web application '/Opportunity'
23-Oct-2019 23:26:36.632 INFO [http-nio-8080-exec-1146] org.apache.catalina.core.ApplicationContext.log Manager: list: Listing contexts for virtual host 'localhost'
23-Oct-2019 23:26:36.632 INFO [http-nio-8080-exec-1141] org.apache.catalina.core.ApplicationContext.log Manager: list: Listing contexts for virtual host 'localhost'
23-Oct-2019 23:26:36.679 INFO [http-nio-8080-exec-1142] org.apache.catalina.core.ApplicationContext.log Manager: undeploy: Undeploying web application at '/Opportunity'
23-Oct-2019 23:26:38.672 INFO [http-nio-8080-exec-1148] org.apache.catalina.core.ApplicationContext.log Manager: install: Installing context configuration at 'file:/C:/Users/PAULO~1.BEZ/AppData/Local/Temp/context4953562474152685788.xml'
23-Oct-2019 23:26:41.015 INFO [http-nio-8080-exec-1149] org.apache.catalina.core.ApplicationContext.log Manager: start: Starting web application '/Opportunity'
23-Oct-2019 23:28:58.025 INFO [http-nio-8080-exec-1154] org.apache.catalina.core.ApplicationContext.log Manager: list: Listing contexts for virtual host 'localhost'
23-Oct-2019 23:28:58.095 INFO [http-nio-8080-exec-1157] org.apache.catalina.core.ApplicationContext.log Manager: restart: Reloading web application '/Opportunity'
23-Oct-2019 23:29:31.982 INFO [http-nio-8080-exec-1158] org.apache.catalina.core.ApplicationContext.log Manager: list: Listing contexts for virtual host 'localhost'
23-Oct-2019 23:30:11.189 INFO [http-nio-8080-exec-1159] org.apache.catalina.core.ApplicationContext.log Manager: list: Listing contexts for virtual host 'localhost'
23-Oct-2019 23:30:47.430 INFO [http-nio-8080-exec-1159] org.apache.catalina.core.ApplicationContext.log Manager: list: Listing contexts for virtual host 'localhost'
23-Oct-2019 23:31:23.040 INFO [http-nio-8080-exec-1162] org.apache.catalina.core.ApplicationContext.log Manager: list: Listing contexts for virtual host 'localhost'
23-Oct-2019 23:32:02.834 INFO [http-nio-8080-exec-1162] org.apache.catalina.core.ApplicationContext.log Manager: list: Listing contexts for virtual host 'localhost'
23-Oct-2019 23:32:02.910 INFO [http-nio-8080-exec-1164] org.apache.catalina.core.ApplicationContext.log Manager: restart: Reloading web application '/Opportunity'
23-Oct-2019 23:32:31.310 INFO [http-nio-8080-exec-1168] org.apache.catalina.core.ApplicationContext.log Manager: list: Listing contexts for virtual host 'localhost'
23-Oct-2019 23:32:31.379 INFO [http-nio-8080-exec-1169] org.apache.catalina.core.ApplicationContext.log Manager: restart: Reloading web application '/Opportunity'
23-Oct-2019 23:32:53.762 INFO [http-nio-8080-exec-1170] org.apache.catalina.core.ApplicationContext.log Manager: list: Listing contexts for virtual host 'localhost'
23-Oct-2019 23:32:53.835 INFO [http-nio-8080-exec-1172] org.apache.catalina.core.ApplicationContext.log Manager: restart: Reloading web application '/Opportunity'
23-Oct-2019 23:33:24.367 INFO [http-nio-8080-exec-1168] org.apache.catalina.core.ApplicationContext.log Manager: list: Listing contexts for virtual host 'localhost'
23-Oct-2019 23:33:29.193 INFO [http-nio-8080-exec-1175] org.apache.catalina.core.ApplicationContext.log Manager: list: Listing contexts for virtual host 'localhost'
23-Oct-2019 23:33:29.195 INFO [http-nio-8080-exec-1173] org.apache.catalina.core.ApplicationContext.log Manager: list: Listing contexts for virtual host 'localhost'
23-Oct-2019 23:33:29.212 INFO [http-nio-8080-exec-1178] org.apache.catalina.core.ApplicationContext.log Manager: undeploy: Undeploying web application at '/Opportunity'
23-Oct-2019 23:33:30.325 INFO [http-nio-8080-exec-1173] org.apache.catalina.core.ApplicationContext.log Manager: install: Installing context configuration at 'file:/C:/Users/PAULO~1.BEZ/AppData/Local/Temp/context2713610669090505138.xml'
23-Oct-2019 23:33:31.316 INFO [http-nio-8080-exec-1175] org.apache.catalina.core.ApplicationContext.log Manager: start: Starting web application '/Opportunity'
23-Oct-2019 23:35:14.198 INFO [http-nio-8080-exec-1186] org.apache.catalina.core.ApplicationContext.log Manager: list: Listing contexts for virtual host 'localhost'
23-Oct-2019 23:35:14.198 INFO [http-nio-8080-exec-1187] org.apache.catalina.core.ApplicationContext.log Manager: list: Listing contexts for virtual host 'localhost'
23-Oct-2019 23:35:14.253 INFO [http-nio-8080-exec-1188] org.apache.catalina.core.ApplicationContext.log Manager: undeploy: Undeploying web application at '/Opportunity'
23-Oct-2019 23:35:15.885 INFO [http-nio-8080-exec-1181] org.apache.catalina.core.ApplicationContext.log Manager: install: Installing context configuration at 'file:/C:/Users/PAULO~1.BEZ/AppData/Local/Temp/context4650259908789869568.xml'
23-Oct-2019 23:35:17.944 INFO [http-nio-8080-exec-1183] org.apache.catalina.core.ApplicationContext.log Manager: start: Starting web application '/Opportunity'
23-Oct-2019 23:36:22.398 INFO [http-nio-8080-exec-1194] org.apache.catalina.core.ApplicationContext.log Manager: list: Listing contexts for virtual host 'localhost'
23-Oct-2019 23:36:22.534 INFO [http-nio-8080-exec-1187] org.apache.catalina.core.ApplicationContext.log Manager: restart: Reloading web application '/Opportunity'
23-Oct-2019 23:38:25.236 INFO [http-nio-8080-exec-1204] org.apache.catalina.core.ApplicationContext.log Manager: list: Listing contexts for virtual host 'localhost'
23-Oct-2019 23:38:47.291 INFO [http-nio-8080-exec-1198] org.apache.catalina.core.ApplicationContext.log Manager: list: Listing contexts for virtual host 'localhost'
23-Oct-2019 23:38:47.449 INFO [http-nio-8080-exec-1204] org.apache.catalina.core.ApplicationContext.log Manager: restart: Reloading web application '/Opportunity'
23-Oct-2019 23:39:20.846 INFO [http-nio-8080-exec-1201] org.apache.catalina.core.ApplicationContext.log Manager: list: Listing contexts for virtual host 'localhost'
23-Oct-2019 23:39:20.942 INFO [http-nio-8080-exec-1208] org.apache.catalina.core.ApplicationContext.log Manager: restart: Reloading web application '/Opportunity'
23-Oct-2019 23:39:42.784 INFO [http-nio-8080-exec-1210] org.apache.catalina.core.ApplicationContext.log Manager: list: Listing contexts for virtual host 'localhost'
23-Oct-2019 23:39:42.863 INFO [http-nio-8080-exec-1207] org.apache.catalina.core.ApplicationContext.log Manager: restart: Reloading web application '/Opportunity'
23-Oct-2019 23:39:54.524 INFO [http-nio-8080-exec-1214] org.apache.catalina.core.ApplicationContext.log Manager: list: Listing contexts for virtual host 'localhost'
23-Oct-2019 23:39:54.594 INFO [http-nio-8080-exec-1200] org.apache.catalina.core.ApplicationContext.log Manager: restart: Reloading web application '/Opportunity'
23-Oct-2019 23:40:17.500 INFO [http-nio-8080-exec-1211] org.apache.catalina.core.ApplicationContext.log Manager: list: Listing contexts for virtual host 'localhost'
23-Oct-2019 23:40:39.967 INFO [http-nio-8080-exec-1216] org.apache.catalina.core.ApplicationContext.log Manager: list: Listing contexts for virtual host 'localhost'
23-Oct-2019 23:40:48.812 INFO [http-nio-8080-exec-1214] org.apache.catalina.core.ApplicationContext.log Manager: list: Listing contexts for virtual host 'localhost'
23-Oct-2019 23:40:48.813 INFO [http-nio-8080-exec-1199] org.apache.catalina.core.ApplicationContext.log Manager: list: Listing contexts for virtual host 'localhost'
23-Oct-2019 23:40:48.937 INFO [http-nio-8080-exec-1222] org.apache.catalina.core.ApplicationContext.log Manager: undeploy: Undeploying web application at '/Opportunity'
23-Oct-2019 23:40:50.553 INFO [http-nio-8080-exec-1217] org.apache.catalina.core.ApplicationContext.log Manager: install: Installing context configuration at 'file:/C:/Users/PAULO~1.BEZ/AppData/Local/Temp/context4820594739477757322.xml'
23-Oct-2019 23:40:52.873 INFO [http-nio-8080-exec-1220] org.apache.catalina.core.ApplicationContext.log Manager: start: Starting web application '/Opportunity'
23-Oct-2019 23:44:10.308 INFO [http-nio-8080-exec-1227] org.apache.catalina.core.ApplicationContext.log Manager: list: Listing contexts for virtual host 'localhost'
23-Oct-2019 23:44:10.400 INFO [http-nio-8080-exec-1228] org.apache.catalina.core.ApplicationContext.log Manager: restart: Reloading web application '/Opportunity'
23-Oct-2019 23:44:28.862 INFO [http-nio-8080-exec-1229] org.apache.catalina.core.ApplicationContext.log Manager: list: Listing contexts for virtual host 'localhost'
23-Oct-2019 23:44:28.941 INFO [http-nio-8080-exec-1225] org.apache.catalina.core.ApplicationContext.log Manager: restart: Reloading web application '/Opportunity'
23-Oct-2019 23:44:50.123 INFO [http-nio-8080-exec-1234] org.apache.catalina.core.ApplicationContext.log Manager: list: Listing contexts for virtual host 'localhost'
23-Oct-2019 23:44:59.738 INFO [http-nio-8080-exec-1234] org.apache.catalina.core.ApplicationContext.log Manager: list: Listing contexts for virtual host 'localhost'
23-Oct-2019 23:45:13.358 INFO [http-nio-8080-exec-1233] org.apache.catalina.core.ApplicationContext.log Manager: list: Listing contexts for virtual host 'localhost'
23-Oct-2019 23:45:13.361 INFO [http-nio-8080-exec-1223] org.apache.catalina.core.ApplicationContext.log Manager: list: Listing contexts for virtual host 'localhost'
23-Oct-2019 23:45:13.422 INFO [http-nio-8080-exec-1229] org.apache.catalina.core.ApplicationContext.log Manager: undeploy: Undeploying web application at '/Opportunity'
23-Oct-2019 23:45:14.555 INFO [http-nio-8080-exec-1223] org.apache.catalina.core.ApplicationContext.log Manager: install: Installing context configuration at 'file:/C:/Users/PAULO~1.BEZ/AppData/Local/Temp/context7555454157049577211.xml'
23-Oct-2019 23:45:16.564 INFO [http-nio-8080-exec-1237] org.apache.catalina.core.ApplicationContext.log Manager: start: Starting web application '/Opportunity'
23-Oct-2019 23:47:37.370 INFO [http-nio-8080-exec-1243] org.apache.catalina.core.ApplicationContext.log Manager: list: Listing contexts for virtual host 'localhost'
23-Oct-2019 23:47:37.437 INFO [http-nio-8080-exec-1244] org.apache.catalina.core.ApplicationContext.log Manager: restart: Reloading web application '/Opportunity'
23-Oct-2019 23:50:18.675 INFO [http-nio-8080-exec-1249] org.apache.catalina.core.ApplicationContext.log Manager: list: Listing contexts for virtual host 'localhost'
23-Oct-2019 23:50:18.757 INFO [http-nio-8080-exec-1258] org.apache.catalina.core.ApplicationContext.log Manager: stop: Stopping web application '/Opportunity'
23-Oct-2019 23:50:21.088 INFO [http-nio-8080-exec-1258] org.apache.catalina.core.ApplicationContext.log Manager: start: Starting web application '/Opportunity'
23-Oct-2019 23:50:40.986 INFO [http-nio-8080-exec-1250] org.apache.catalina.core.ApplicationContext.log Manager: list: Listing contexts for virtual host 'localhost'
23-Oct-2019 23:50:41.015 INFO [http-nio-8080-exec-1257] org.apache.catalina.core.ApplicationContext.log Manager: undeploy: Undeploying web application at '/Opportunity'
