09-Oct-2019 11:03:14.355 INFO [http-nio-8080-exec-664] org.apache.catalina.core.ApplicationContext.log Manager: list: Listing contexts for virtual host 'localhost'
09-Oct-2019 11:03:14.620 INFO [http-nio-8080-exec-668] org.apache.catalina.core.ApplicationContext.log Manager: list: Listing contexts for virtual host 'localhost'
09-Oct-2019 11:03:14.888 INFO [http-nio-8080-exec-661] org.apache.catalina.core.ApplicationContext.log Manager: list: Listing contexts for virtual host 'localhost'
09-Oct-2019 11:03:15.420 INFO [http-nio-8080-exec-666] org.apache.catalina.core.ApplicationContext.log Manager: list: Listing contexts for virtual host 'localhost'
09-Oct-2019 11:03:15.561 INFO [http-nio-8080-exec-667] org.apache.catalina.core.ApplicationContext.log Manager: stop: Stopping web application '/Opportunity'
09-Oct-2019 11:03:17.179 INFO [http-nio-8080-exec-665] org.apache.catalina.core.ApplicationContext.log Manager: start: Starting web application '/Opportunity'
09-Oct-2019 11:04:23.052 INFO [http-nio-8080-exec-9] org.apache.catalina.core.ApplicationContext.log Manager: init: Associated with Deployer 'Catalina:type=Deployer,host=localhost'
09-Oct-2019 11:04:23.053 INFO [http-nio-8080-exec-9] org.apache.catalina.core.ApplicationContext.log Manager: init: Global resources are available
09-Oct-2019 11:04:23.057 INFO [http-nio-8080-exec-9] org.apache.catalina.core.ApplicationContext.log Manager: list: Listing contexts for virtual host 'localhost'
09-Oct-2019 11:04:23.062 INFO [http-nio-8080-exec-10] org.apache.catalina.core.ApplicationContext.log Manager: list: Listing contexts for virtual host 'localhost'
09-Oct-2019 11:04:23.109 INFO [http-nio-8080-exec-4] org.apache.catalina.core.ApplicationContext.log Manager: undeploy: Undeploying web application at '/Opportunity'
09-Oct-2019 11:04:23.860 INFO [http-nio-8080-exec-6] org.apache.catalina.core.ApplicationContext.log Manager: install: Installing context configuration at 'file:/C:/Users/PAULO~1.BEZ/AppData/Local/Temp/context737225557117041879.xml'
09-Oct-2019 11:04:25.381 INFO [http-nio-8080-exec-2] org.apache.catalina.core.ApplicationContext.log Manager: start: Starting web application '/Opportunity'
09-Oct-2019 11:29:00.831 INFO [http-nio-8080-exec-14] org.apache.catalina.core.ApplicationContext.log Manager: list: Listing contexts for virtual host 'localhost'
09-Oct-2019 11:29:00.894 INFO [http-nio-8080-exec-15] org.apache.catalina.core.ApplicationContext.log Manager: stop: Stopping web application '/Opportunity'
09-Oct-2019 11:29:01.444 INFO [http-nio-8080-exec-11] org.apache.catalina.core.ApplicationContext.log Manager: start: Starting web application '/Opportunity'
09-Oct-2019 12:00:42.206 INFO [http-nio-8080-exec-6] org.apache.catalina.core.ApplicationContext.log Manager: init: Associated with Deployer 'Catalina:type=Deployer,host=localhost'
09-Oct-2019 12:00:42.206 INFO [http-nio-8080-exec-6] org.apache.catalina.core.ApplicationContext.log Manager: init: Global resources are available
09-Oct-2019 12:00:42.222 INFO [http-nio-8080-exec-6] org.apache.catalina.core.ApplicationContext.log Manager: list: Listing contexts for virtual host 'localhost'
09-Oct-2019 12:00:42.222 INFO [http-nio-8080-exec-7] org.apache.catalina.core.ApplicationContext.log Manager: list: Listing contexts for virtual host 'localhost'
09-Oct-2019 12:00:42.269 INFO [http-nio-8080-exec-8] org.apache.catalina.core.ApplicationContext.log Manager: undeploy: Undeploying web application at '/Opportunity'
09-Oct-2019 12:00:43.050 INFO [http-nio-8080-exec-5] org.apache.catalina.core.ApplicationContext.log Manager: install: Installing context configuration at 'file:/C:/Users/PAULO~1.BEZ/AppData/Local/Temp/context7160858869408233694.xml'
09-Oct-2019 12:00:44.521 INFO [http-nio-8080-exec-3] org.apache.catalina.core.ApplicationContext.log Manager: start: Starting web application '/Opportunity'
09-Oct-2019 12:24:16.434 INFO [http-nio-8080-exec-19] org.apache.catalina.core.ApplicationContext.log Manager: list: Listing contexts for virtual host 'localhost'
09-Oct-2019 12:24:16.906 INFO [http-nio-8080-exec-15] org.apache.catalina.core.ApplicationContext.log Manager: restart: Reloading web application '/Opportunity'
09-Oct-2019 12:24:28.143 INFO [http-nio-8080-exec-12] org.apache.catalina.core.ApplicationContext.log Manager: list: Listing contexts for virtual host 'localhost'
09-Oct-2019 12:24:28.455 INFO [http-nio-8080-exec-14] org.apache.catalina.core.ApplicationContext.log Manager: restart: Reloading web application '/Opportunity'
09-Oct-2019 12:25:00.355 INFO [http-nio-8080-exec-16] org.apache.catalina.core.ApplicationContext.log Manager: list: Listing contexts for virtual host 'localhost'
09-Oct-2019 12:25:00.726 INFO [http-nio-8080-exec-17] org.apache.catalina.core.ApplicationContext.log Manager: restart: Reloading web application '/Opportunity'
09-Oct-2019 12:26:36.589 INFO [http-nio-8080-exec-24] org.apache.catalina.core.ApplicationContext.log Manager: list: Listing contexts for virtual host 'localhost'
09-Oct-2019 12:26:36.871 INFO [http-nio-8080-exec-16] org.apache.catalina.core.ApplicationContext.log Manager: restart: Reloading web application '/Opportunity'
09-Oct-2019 12:30:09.828 INFO [http-nio-8080-exec-34] org.apache.catalina.core.ApplicationContext.log Manager: list: Listing contexts for virtual host 'localhost'
09-Oct-2019 12:30:10.097 INFO [http-nio-8080-exec-35] org.apache.catalina.core.ApplicationContext.log Manager: restart: Reloading web application '/Opportunity'
09-Oct-2019 12:30:23.266 INFO [http-nio-8080-exec-24] org.apache.catalina.core.ApplicationContext.log Manager: list: Listing contexts for virtual host 'localhost'
09-Oct-2019 12:30:23.510 INFO [http-nio-8080-exec-30] org.apache.catalina.core.ApplicationContext.log Manager: restart: Reloading web application '/Opportunity'
09-Oct-2019 12:34:02.784 INFO [http-nio-8080-exec-44] org.apache.catalina.core.ApplicationContext.log Manager: list: Listing contexts for virtual host 'localhost'
09-Oct-2019 12:34:03.071 INFO [http-nio-8080-exec-45] org.apache.catalina.core.ApplicationContext.log Manager: restart: Reloading web application '/Opportunity'
09-Oct-2019 12:36:31.335 INFO [http-nio-8080-exec-50] org.apache.catalina.core.ApplicationContext.log Manager: list: Listing contexts for virtual host 'localhost'
09-Oct-2019 12:36:31.752 INFO [http-nio-8080-exec-41] org.apache.catalina.core.ApplicationContext.log Manager: restart: Reloading web application '/Opportunity'
09-Oct-2019 12:38:44.699 INFO [http-nio-8080-exec-55] org.apache.catalina.core.ApplicationContext.log Manager: list: Listing contexts for virtual host 'localhost'
09-Oct-2019 12:38:45.168 INFO [http-nio-8080-exec-46] org.apache.catalina.core.ApplicationContext.log Manager: restart: Reloading web application '/Opportunity'
09-Oct-2019 12:39:14.671 INFO [http-nio-8080-exec-49] org.apache.catalina.core.ApplicationContext.log Manager: list: Listing contexts for virtual host 'localhost'
09-Oct-2019 12:39:15.100 INFO [http-nio-8080-exec-28] org.apache.catalina.core.ApplicationContext.log Manager: restart: Reloading web application '/Opportunity'
09-Oct-2019 12:40:12.605 INFO [http-nio-8080-exec-58] org.apache.catalina.core.ApplicationContext.log Manager: list: Listing contexts for virtual host 'localhost'
09-Oct-2019 12:40:12.866 INFO [http-nio-8080-exec-51] org.apache.catalina.core.ApplicationContext.log Manager: restart: Reloading web application '/Opportunity'
09-Oct-2019 12:41:56.753 INFO [http-nio-8080-exec-49] org.apache.catalina.core.ApplicationContext.log Manager: list: Listing contexts for virtual host 'localhost'
09-Oct-2019 12:41:58.081 INFO [http-nio-8080-exec-55] org.apache.catalina.core.ApplicationContext.log Manager: restart: Reloading web application '/Opportunity'
09-Oct-2019 12:41:59.635 INFO [http-nio-8080-exec-56] org.apache.catalina.core.ApplicationContext.log Manager: list: Listing contexts for virtual host 'localhost'
09-Oct-2019 12:41:59.948 INFO [http-nio-8080-exec-58] org.apache.catalina.core.ApplicationContext.log Manager: restart: Reloading web application '/Opportunity'
09-Oct-2019 12:42:47.760 INFO [http-nio-8080-exec-68] org.apache.catalina.core.ApplicationContext.log Manager: list: Listing contexts for virtual host 'localhost'
09-Oct-2019 12:42:48.094 INFO [http-nio-8080-exec-52] org.apache.catalina.core.ApplicationContext.log Manager: restart: Reloading web application '/Opportunity'
09-Oct-2019 12:46:41.197 INFO [http-nio-8080-exec-75] org.apache.catalina.core.ApplicationContext.log Manager: list: Listing contexts for virtual host 'localhost'
09-Oct-2019 12:46:41.487 INFO [http-nio-8080-exec-56] org.apache.catalina.core.ApplicationContext.log Manager: restart: Reloading web application '/Opportunity'
09-Oct-2019 12:47:30.224 INFO [http-nio-8080-exec-68] org.apache.catalina.core.ApplicationContext.log Manager: list: Listing contexts for virtual host 'localhost'
09-Oct-2019 12:47:30.554 INFO [http-nio-8080-exec-70] org.apache.catalina.core.ApplicationContext.log Manager: restart: Reloading web application '/Opportunity'
09-Oct-2019 12:48:28.410 INFO [http-nio-8080-exec-77] org.apache.catalina.core.ApplicationContext.log Manager: list: Listing contexts for virtual host 'localhost'
09-Oct-2019 12:48:28.672 INFO [http-nio-8080-exec-68] org.apache.catalina.core.ApplicationContext.log Manager: restart: Reloading web application '/Opportunity'
09-Oct-2019 12:49:59.713 INFO [http-nio-8080-exec-72] org.apache.catalina.core.ApplicationContext.log Manager: list: Listing contexts for virtual host 'localhost'
09-Oct-2019 12:50:00.180 INFO [http-nio-8080-exec-82] org.apache.catalina.core.ApplicationContext.log Manager: restart: Reloading web application '/Opportunity'
09-Oct-2019 13:07:31.516 INFO [http-nio-8080-exec-90] org.apache.catalina.core.ApplicationContext.log Manager: list: Listing contexts for virtual host 'localhost'
09-Oct-2019 13:07:31.948 INFO [http-nio-8080-exec-91] org.apache.catalina.core.ApplicationContext.log Manager: restart: Reloading web application '/Opportunity'
09-Oct-2019 13:13:46.554 INFO [http-nio-8080-exec-101] org.apache.catalina.core.ApplicationContext.log Manager: list: Listing contexts for virtual host 'localhost'
09-Oct-2019 13:13:46.827 INFO [http-nio-8080-exec-102] org.apache.catalina.core.ApplicationContext.log Manager: restart: Reloading web application '/Opportunity'
09-Oct-2019 13:16:08.464 INFO [http-nio-8080-exec-104] org.apache.catalina.core.ApplicationContext.log Manager: list: Listing contexts for virtual host 'localhost'
09-Oct-2019 13:16:08.766 INFO [http-nio-8080-exec-99] org.apache.catalina.core.ApplicationContext.log Manager: restart: Reloading web application '/Opportunity'
09-Oct-2019 14:10:36.654 INFO [http-nio-8080-exec-114] org.apache.catalina.core.ApplicationContext.log Manager: list: Listing contexts for virtual host 'localhost'
09-Oct-2019 14:10:37.036 INFO [http-nio-8080-exec-115] org.apache.catalina.core.ApplicationContext.log Manager: restart: Reloading web application '/Opportunity'
09-Oct-2019 14:10:57.806 INFO [http-nio-8080-exec-114] org.apache.catalina.core.ApplicationContext.log Manager: list: Listing contexts for virtual host 'localhost'
09-Oct-2019 14:10:58.190 INFO [http-nio-8080-exec-118] org.apache.catalina.core.ApplicationContext.log Manager: restart: Reloading web application '/Opportunity'
09-Oct-2019 14:11:25.802 INFO [http-nio-8080-exec-123] org.apache.catalina.core.ApplicationContext.log Manager: list: Listing contexts for virtual host 'localhost'
09-Oct-2019 14:11:26.121 INFO [http-nio-8080-exec-113] org.apache.catalina.core.ApplicationContext.log Manager: restart: Reloading web application '/Opportunity'
09-Oct-2019 14:11:58.195 INFO [http-nio-8080-exec-114] org.apache.catalina.core.ApplicationContext.log Manager: list: Listing contexts for virtual host 'localhost'
09-Oct-2019 14:11:58.483 INFO [http-nio-8080-exec-123] org.apache.catalina.core.ApplicationContext.log Manager: restart: Reloading web application '/Opportunity'
09-Oct-2019 14:12:31.859 INFO [http-nio-8080-exec-128] org.apache.catalina.core.ApplicationContext.log Manager: list: Listing contexts for virtual host 'localhost'
09-Oct-2019 14:12:32.199 INFO [http-nio-8080-exec-114] org.apache.catalina.core.ApplicationContext.log Manager: restart: Reloading web application '/Opportunity'
09-Oct-2019 14:12:47.737 INFO [http-nio-8080-exec-131] org.apache.catalina.core.ApplicationContext.log Manager: list: Listing contexts for virtual host 'localhost'
09-Oct-2019 14:12:48.013 INFO [http-nio-8080-exec-128] org.apache.catalina.core.ApplicationContext.log Manager: restart: Reloading web application '/Opportunity'
09-Oct-2019 14:13:26.107 INFO [http-nio-8080-exec-119] org.apache.catalina.core.ApplicationContext.log Manager: list: Listing contexts for virtual host 'localhost'
09-Oct-2019 14:13:26.379 INFO [http-nio-8080-exec-137] org.apache.catalina.core.ApplicationContext.log Manager: restart: Reloading web application '/Opportunity'
09-Oct-2019 14:13:30.690 INFO [http-nio-8080-exec-139] org.apache.catalina.core.ApplicationContext.log Manager: list: Listing contexts for virtual host 'localhost'
09-Oct-2019 14:13:30.958 INFO [http-nio-8080-exec-134] org.apache.catalina.core.ApplicationContext.log Manager: restart: Reloading web application '/Opportunity'
09-Oct-2019 14:14:09.495 INFO [http-nio-8080-exec-142] org.apache.catalina.core.ApplicationContext.log Manager: list: Listing contexts for virtual host 'localhost'
09-Oct-2019 14:14:09.782 INFO [http-nio-8080-exec-143] org.apache.catalina.core.ApplicationContext.log Manager: restart: Reloading web application '/Opportunity'
09-Oct-2019 14:14:52.531 INFO [http-nio-8080-exec-141] org.apache.catalina.core.ApplicationContext.log Manager: list: Listing contexts for virtual host 'localhost'
09-Oct-2019 14:14:52.786 INFO [http-nio-8080-exec-129] org.apache.catalina.core.ApplicationContext.log Manager: restart: Reloading web application '/Opportunity'
09-Oct-2019 14:15:03.183 INFO [http-nio-8080-exec-141] org.apache.catalina.core.ApplicationContext.log Manager: list: Listing contexts for virtual host 'localhost'
09-Oct-2019 14:15:03.461 INFO [http-nio-8080-exec-133] org.apache.catalina.core.ApplicationContext.log Manager: restart: Reloading web application '/Opportunity'
09-Oct-2019 14:15:56.100 INFO [http-nio-8080-exec-141] org.apache.catalina.core.ApplicationContext.log Manager: list: Listing contexts for virtual host 'localhost'
09-Oct-2019 14:15:56.322 INFO [http-nio-8080-exec-140] org.apache.catalina.core.ApplicationContext.log Manager: list: Listing contexts for virtual host 'localhost'
09-Oct-2019 14:15:56.717 INFO [http-nio-8080-exec-147] org.apache.catalina.core.ApplicationContext.log Manager: restart: Reloading web application '/Opportunity'
09-Oct-2019 14:16:18.337 INFO [http-nio-8080-exec-153] org.apache.catalina.core.ApplicationContext.log Manager: list: Listing contexts for virtual host 'localhost'
09-Oct-2019 14:16:18.702 INFO [http-nio-8080-exec-141] org.apache.catalina.core.ApplicationContext.log Manager: restart: Reloading web application '/Opportunity'
09-Oct-2019 14:16:19.901 INFO [http-nio-8080-exec-152] org.apache.catalina.core.ApplicationContext.log Manager: list: Listing contexts for virtual host 'localhost'
09-Oct-2019 14:16:20.215 INFO [http-nio-8080-exec-136] org.apache.catalina.core.ApplicationContext.log Manager: restart: Reloading web application '/Opportunity'
09-Oct-2019 14:16:27.561 INFO [http-nio-8080-exec-153] org.apache.catalina.core.ApplicationContext.log Manager: list: Listing contexts for virtual host 'localhost'
09-Oct-2019 14:16:27.910 INFO [http-nio-8080-exec-140] org.apache.catalina.core.ApplicationContext.log Manager: restart: Reloading web application '/Opportunity'
09-Oct-2019 14:16:29.321 INFO [http-nio-8080-exec-152] org.apache.catalina.core.ApplicationContext.log Manager: list: Listing contexts for virtual host 'localhost'
09-Oct-2019 14:16:29.636 INFO [http-nio-8080-exec-157] org.apache.catalina.core.ApplicationContext.log Manager: restart: Reloading web application '/Opportunity'
09-Oct-2019 14:16:41.906 INFO [http-nio-8080-exec-154] org.apache.catalina.core.ApplicationContext.log Manager: list: Listing contexts for virtual host 'localhost'
09-Oct-2019 14:16:42.207 INFO [http-nio-8080-exec-146] org.apache.catalina.core.ApplicationContext.log Manager: restart: Reloading web application '/Opportunity'
09-Oct-2019 14:16:43.451 INFO [http-nio-8080-exec-163] org.apache.catalina.core.ApplicationContext.log Manager: list: Listing contexts for virtual host 'localhost'
09-Oct-2019 14:16:43.893 INFO [http-nio-8080-exec-152] org.apache.catalina.core.ApplicationContext.log Manager: restart: Reloading web application '/Opportunity'
09-Oct-2019 14:18:13.258 INFO [http-nio-8080-exec-158] org.apache.catalina.core.ApplicationContext.log Manager: list: Listing contexts for virtual host 'localhost'
09-Oct-2019 14:18:13.525 INFO [http-nio-8080-exec-164] org.apache.catalina.core.ApplicationContext.log Manager: restart: Reloading web application '/Opportunity'
09-Oct-2019 14:19:01.690 INFO [http-nio-8080-exec-170] org.apache.catalina.core.ApplicationContext.log Manager: list: Listing contexts for virtual host 'localhost'
09-Oct-2019 14:19:01.941 INFO [http-nio-8080-exec-167] org.apache.catalina.core.ApplicationContext.log Manager: restart: Reloading web application '/Opportunity'
09-Oct-2019 14:19:19.657 INFO [http-nio-8080-exec-166] org.apache.catalina.core.ApplicationContext.log Manager: list: Listing contexts for virtual host 'localhost'
09-Oct-2019 14:19:19.902 INFO [http-nio-8080-exec-154] org.apache.catalina.core.ApplicationContext.log Manager: restart: Reloading web application '/Opportunity'
09-Oct-2019 14:19:35.704 INFO [http-nio-8080-exec-174] org.apache.catalina.core.ApplicationContext.log Manager: list: Listing contexts for virtual host 'localhost'
09-Oct-2019 14:19:35.974 INFO [http-nio-8080-exec-155] org.apache.catalina.core.ApplicationContext.log Manager: restart: Reloading web application '/Opportunity'
09-Oct-2019 14:24:49.220 INFO [http-nio-8080-exec-182] org.apache.catalina.core.ApplicationContext.log Manager: list: Listing contexts for virtual host 'localhost'
09-Oct-2019 14:24:49.551 INFO [http-nio-8080-exec-183] org.apache.catalina.core.ApplicationContext.log Manager: restart: Reloading web application '/Opportunity'
09-Oct-2019 14:26:45.027 INFO [http-nio-8080-exec-169] org.apache.catalina.core.ApplicationContext.log Manager: list: Listing contexts for virtual host 'localhost'
09-Oct-2019 14:26:45.398 INFO [http-nio-8080-exec-184] org.apache.catalina.core.ApplicationContext.log Manager: restart: Reloading web application '/Opportunity'
09-Oct-2019 14:29:25.485 INFO [http-nio-8080-exec-179] org.apache.catalina.core.ApplicationContext.log Manager: list: Listing contexts for virtual host 'localhost'
09-Oct-2019 14:29:25.787 INFO [http-nio-8080-exec-190] org.apache.catalina.core.ApplicationContext.log Manager: restart: Reloading web application '/Opportunity'
09-Oct-2019 14:29:40.010 INFO [http-nio-8080-exec-186] org.apache.catalina.core.ApplicationContext.log Manager: list: Listing contexts for virtual host 'localhost'
09-Oct-2019 14:29:40.301 INFO [http-nio-8080-exec-197] org.apache.catalina.core.ApplicationContext.log Manager: restart: Reloading web application '/Opportunity'
09-Oct-2019 14:29:49.835 INFO [http-nio-8080-exec-199] org.apache.catalina.core.ApplicationContext.log Manager: list: Listing contexts for virtual host 'localhost'
09-Oct-2019 14:29:50.176 INFO [http-nio-8080-exec-193] org.apache.catalina.core.ApplicationContext.log Manager: restart: Reloading web application '/Opportunity'
09-Oct-2019 14:30:30.693 INFO [http-nio-8080-exec-199] org.apache.catalina.core.ApplicationContext.log Manager: list: Listing contexts for virtual host 'localhost'
09-Oct-2019 14:30:30.821 INFO [http-nio-8080-exec-191] org.apache.catalina.core.ApplicationContext.log Manager: stop: Stopping web application '/Opportunity'
09-Oct-2019 14:30:30.990 INFO [http-nio-8080-exec-200] org.apache.catalina.core.ApplicationContext.log Manager: start: Starting web application '/Opportunity'
09-Oct-2019 14:30:34.561 INFO [http-nio-8080-exec-186] org.apache.catalina.core.ApplicationContext.log Manager: list: Listing contexts for virtual host 'localhost'
09-Oct-2019 14:30:34.578 INFO [http-nio-8080-exec-198] org.apache.catalina.core.ApplicationContext.log Manager: undeploy: Undeploying web application at '/Opportunity'
09-Oct-2019 14:37:11.782 INFO [http-nio-8080-exec-210] org.apache.catalina.core.ApplicationContext.log Manager: list: Listing contexts for virtual host 'localhost'
09-Oct-2019 14:37:18.128 INFO [http-nio-8080-exec-198] org.apache.catalina.core.ApplicationContext.log Manager: list: Listing contexts for virtual host 'localhost'
09-Oct-2019 14:37:18.128 INFO [http-nio-8080-exec-207] org.apache.catalina.core.ApplicationContext.log Manager: list: Listing contexts for virtual host 'localhost'
09-Oct-2019 14:37:18.237 INFO [http-nio-8080-exec-208] org.apache.catalina.core.ApplicationContext.log Manager: install: Installing context configuration at 'file:/C:/Users/PAULO~1.BEZ/AppData/Local/Temp/context8757201044395736644.xml'
09-Oct-2019 14:37:23.906 INFO [http-nio-8080-exec-209] org.apache.catalina.core.ApplicationContext.log Manager: start: Starting web application '/Opportunity'
09-Oct-2019 14:46:32.585 INFO [http-nio-8080-exec-211] org.apache.catalina.core.ApplicationContext.log Manager: list: Listing contexts for virtual host 'localhost'
09-Oct-2019 14:46:33.066 INFO [http-nio-8080-exec-209] org.apache.catalina.core.ApplicationContext.log Manager: restart: Reloading web application '/Opportunity'
09-Oct-2019 14:47:46.648 INFO [http-nio-8080-exec-220] org.apache.catalina.core.ApplicationContext.log Manager: list: Listing contexts for virtual host 'localhost'
09-Oct-2019 14:47:46.925 INFO [http-nio-8080-exec-212] org.apache.catalina.core.ApplicationContext.log Manager: restart: Reloading web application '/Opportunity'
09-Oct-2019 14:47:55.546 INFO [http-nio-8080-exec-219] org.apache.catalina.core.ApplicationContext.log Manager: list: Listing contexts for virtual host 'localhost'
09-Oct-2019 14:47:55.827 INFO [http-nio-8080-exec-221] org.apache.catalina.core.ApplicationContext.log Manager: restart: Reloading web application '/Opportunity'
09-Oct-2019 14:50:55.410 INFO [http-nio-8080-exec-232] org.apache.catalina.core.ApplicationContext.log Manager: list: Listing contexts for virtual host 'localhost'
09-Oct-2019 14:50:55.745 INFO [http-nio-8080-exec-235] org.apache.catalina.core.ApplicationContext.log Manager: restart: Reloading web application '/Opportunity'
09-Oct-2019 14:51:54.127 INFO [http-nio-8080-exec-241] org.apache.catalina.core.ApplicationContext.log Manager: list: Listing contexts for virtual host 'localhost'
09-Oct-2019 14:51:54.444 INFO [http-nio-8080-exec-242] org.apache.catalina.core.ApplicationContext.log Manager: restart: Reloading web application '/Opportunity'
09-Oct-2019 14:52:06.171 INFO [http-nio-8080-exec-239] org.apache.catalina.core.ApplicationContext.log Manager: list: Listing contexts for virtual host 'localhost'
09-Oct-2019 14:52:06.453 INFO [http-nio-8080-exec-241] org.apache.catalina.core.ApplicationContext.log Manager: restart: Reloading web application '/Opportunity'
09-Oct-2019 14:52:14.769 INFO [http-nio-8080-exec-248] org.apache.catalina.core.ApplicationContext.log Manager: list: Listing contexts for virtual host 'localhost'
09-Oct-2019 14:52:14.900 INFO [http-nio-8080-exec-249] org.apache.catalina.core.ApplicationContext.log Manager: stop: Stopping web application '/Opportunity'
09-Oct-2019 14:52:15.090 INFO [http-nio-8080-exec-237] org.apache.catalina.core.ApplicationContext.log Manager: start: Starting web application '/Opportunity'
09-Oct-2019 14:52:32.321 INFO [http-nio-8080-exec-238] org.apache.catalina.core.ApplicationContext.log Manager: list: Listing contexts for virtual host 'localhost'
09-Oct-2019 14:52:32.339 INFO [http-nio-8080-exec-240] org.apache.catalina.core.ApplicationContext.log Manager: undeploy: Undeploying web application at '/Opportunity'
09-Oct-2019 14:53:07.397 INFO [http-nio-8080-exec-248] org.apache.catalina.core.ApplicationContext.log Manager: list: Listing contexts for virtual host 'localhost'
09-Oct-2019 14:53:23.495 INFO [http-nio-8080-exec-255] org.apache.catalina.core.ApplicationContext.log Manager: list: Listing contexts for virtual host 'localhost'
09-Oct-2019 14:57:11.962 INFO [http-nio-8080-exec-254] org.apache.catalina.core.ApplicationContext.log Manager: list: Listing contexts for virtual host 'localhost'
09-Oct-2019 14:58:32.258 INFO [http-nio-8080-exec-262] org.apache.catalina.core.ApplicationContext.log Manager: list: Listing contexts for virtual host 'localhost'
09-Oct-2019 14:59:48.154 INFO [http-nio-8080-exec-255] org.apache.catalina.core.ApplicationContext.log Manager: list: Listing contexts for virtual host 'localhost'
09-Oct-2019 15:00:58.336 INFO [http-nio-8080-exec-258] org.apache.catalina.core.ApplicationContext.log Manager: list: Listing contexts for virtual host 'localhost'
09-Oct-2019 15:01:09.038 INFO [http-nio-8080-exec-256] org.apache.catalina.core.ApplicationContext.log Manager: list: Listing contexts for virtual host 'localhost'
09-Oct-2019 15:01:16.938 INFO [http-nio-8080-exec-262] org.apache.catalina.core.ApplicationContext.log Manager: list: Listing contexts for virtual host 'localhost'
09-Oct-2019 15:05:14.532 INFO [http-nio-8080-exec-254] org.apache.catalina.core.ApplicationContext.log Manager: list: Listing contexts for virtual host 'localhost'
09-Oct-2019 15:06:00.572 INFO [http-nio-8080-exec-261] org.apache.catalina.core.ApplicationContext.log Manager: list: Listing contexts for virtual host 'localhost'
09-Oct-2019 15:08:22.037 INFO [http-nio-8080-exec-259] org.apache.catalina.core.ApplicationContext.log Manager: list: Listing contexts for virtual host 'localhost'
09-Oct-2019 15:08:32.148 INFO [http-nio-8080-exec-258] org.apache.catalina.core.ApplicationContext.log Manager: list: Listing contexts for virtual host 'localhost'
09-Oct-2019 15:08:33.961 INFO [http-nio-8080-exec-260] org.apache.catalina.core.ApplicationContext.log Manager: list: Listing contexts for virtual host 'localhost'
09-Oct-2019 15:08:48.523 INFO [http-nio-8080-exec-257] org.apache.catalina.core.ApplicationContext.log Manager: list: Listing contexts for virtual host 'localhost'
09-Oct-2019 15:12:45.664 INFO [http-nio-8080-exec-260] org.apache.catalina.core.ApplicationContext.log Manager: list: Listing contexts for virtual host 'localhost'
09-Oct-2019 15:13:20.375 INFO [http-nio-8080-exec-254] org.apache.catalina.core.ApplicationContext.log Manager: list: Listing contexts for virtual host 'localhost'
09-Oct-2019 15:13:20.391 INFO [http-nio-8080-exec-259] org.apache.catalina.core.ApplicationContext.log Manager: list: Listing contexts for virtual host 'localhost'
09-Oct-2019 15:13:20.506 INFO [http-nio-8080-exec-255] org.apache.catalina.core.ApplicationContext.log Manager: install: Installing context configuration at 'file:/C:/Users/PAULO~1.BEZ/AppData/Local/Temp/context2516467495102625793.xml'
09-Oct-2019 15:13:23.983 INFO [http-nio-8080-exec-260] org.apache.catalina.core.ApplicationContext.log Manager: start: Starting web application '/Opportunity'
09-Oct-2019 15:14:34.492 INFO [http-nio-8080-exec-255] org.apache.catalina.core.ApplicationContext.log Manager: list: Listing contexts for virtual host 'localhost'
09-Oct-2019 15:14:34.789 INFO [http-nio-8080-exec-261] org.apache.catalina.core.ApplicationContext.log Manager: restart: Reloading web application '/Opportunity'
09-Oct-2019 15:19:13.432 INFO [http-nio-8080-exec-265] org.apache.catalina.core.ApplicationContext.log Manager: list: Listing contexts for virtual host 'localhost'
09-Oct-2019 15:19:13.743 INFO [http-nio-8080-exec-269] org.apache.catalina.core.ApplicationContext.log Manager: restart: Reloading web application '/Opportunity'
09-Oct-2019 15:19:15.258 INFO [http-nio-8080-exec-266] org.apache.catalina.core.ApplicationContext.log Manager: list: Listing contexts for virtual host 'localhost'
09-Oct-2019 15:19:15.579 INFO [2284] org.apache.catalina.core.ApplicationContext.log Manager: restart: Reloading web application '/Opportunity'
09-Oct-2019 15:20:48.895 INFO [http-nio-8080-exec-271] org.apache.catalina.core.ApplicationContext.log Manager: list: Listing contexts for virtual host 'localhost'
09-Oct-2019 15:20:49.145 INFO [http-nio-8080-exec-264] org.apache.catalina.core.ApplicationContext.log Manager: restart: Reloading web application '/Opportunity'
09-Oct-2019 15:22:21.030 INFO [http-nio-8080-exec-271] org.apache.catalina.core.ApplicationContext.log Manager: list: Listing contexts for virtual host 'localhost'
09-Oct-2019 15:22:21.296 INFO [http-nio-8080-exec-274] org.apache.catalina.core.ApplicationContext.log Manager: restart: Reloading web application '/Opportunity'
09-Oct-2019 15:23:17.508 INFO [http-nio-8080-exec-277] org.apache.catalina.core.ApplicationContext.log Manager: list: Listing contexts for virtual host 'localhost'
09-Oct-2019 15:23:17.810 INFO [http-nio-8080-exec-284] org.apache.catalina.core.ApplicationContext.log Manager: restart: Reloading web application '/Opportunity'
09-Oct-2019 15:24:15.492 INFO [http-nio-8080-exec-287] org.apache.catalina.core.ApplicationContext.log Manager: list: Listing contexts for virtual host 'localhost'
09-Oct-2019 15:24:15.711 INFO [http-nio-8080-exec-273] org.apache.catalina.core.ApplicationContext.log Manager: restart: Reloading web application '/Opportunity'
09-Oct-2019 15:25:00.982 INFO [http-nio-8080-exec-290] org.apache.catalina.core.ApplicationContext.log Manager: list: Listing contexts for virtual host 'localhost'
09-Oct-2019 15:25:01.203 INFO [http-nio-8080-exec-282] org.apache.catalina.core.ApplicationContext.log Manager: restart: Reloading web application '/Opportunity'
09-Oct-2019 15:29:44.068 INFO [http-nio-8080-exec-287] org.apache.catalina.core.ApplicationContext.log Manager: list: Listing contexts for virtual host 'localhost'
09-Oct-2019 15:29:44.344 INFO [http-nio-8080-exec-286] org.apache.catalina.core.ApplicationContext.log Manager: restart: Reloading web application '/Opportunity'
09-Oct-2019 15:30:12.305 INFO [http-nio-8080-exec-300] org.apache.catalina.core.ApplicationContext.log Manager: list: Listing contexts for virtual host 'localhost'
09-Oct-2019 15:30:12.578 INFO [http-nio-8080-exec-292] org.apache.catalina.core.ApplicationContext.log Manager: restart: Reloading web application '/Opportunity'
09-Oct-2019 15:32:17.375 INFO [http-nio-8080-exec-297] org.apache.catalina.core.ApplicationContext.log Manager: list: Listing contexts for virtual host 'localhost'
09-Oct-2019 15:32:17.728 INFO [http-nio-8080-exec-293] org.apache.catalina.core.ApplicationContext.log Manager: restart: Reloading web application '/Opportunity'
09-Oct-2019 15:32:19.039 INFO [http-nio-8080-exec-298] org.apache.catalina.core.ApplicationContext.log Manager: list: Listing contexts for virtual host 'localhost'
09-Oct-2019 15:32:19.491 INFO [http-nio-8080-exec-299] org.apache.catalina.core.ApplicationContext.log Manager: restart: Reloading web application '/Opportunity'
09-Oct-2019 15:34:38.102 INFO [http-nio-8080-exec-298] org.apache.catalina.core.ApplicationContext.log Manager: list: Listing contexts for virtual host 'localhost'
09-Oct-2019 15:34:38.336 INFO [http-nio-8080-exec-313] org.apache.catalina.core.ApplicationContext.log Manager: restart: Reloading web application '/Opportunity'
09-Oct-2019 15:40:06.586 INFO [http-nio-8080-exec-321] org.apache.catalina.core.ApplicationContext.log Manager: list: Listing contexts for virtual host 'localhost'
09-Oct-2019 15:40:06.906 INFO [http-nio-8080-exec-316] org.apache.catalina.core.ApplicationContext.log Manager: restart: Reloading web application '/Opportunity'
09-Oct-2019 15:41:39.243 INFO [http-nio-8080-exec-321] org.apache.catalina.core.ApplicationContext.log Manager: list: Listing contexts for virtual host 'localhost'
09-Oct-2019 15:41:39.539 INFO [http-nio-8080-exec-318] org.apache.catalina.core.ApplicationContext.log Manager: restart: Reloading web application '/Opportunity'
09-Oct-2019 15:41:44.834 INFO [http-nio-8080-exec-328] org.apache.catalina.core.ApplicationContext.log Manager: list: Listing contexts for virtual host 'localhost'
09-Oct-2019 15:41:45.153 INFO [http-nio-8080-exec-329] org.apache.catalina.core.ApplicationContext.log Manager: restart: Reloading web application '/Opportunity'
09-Oct-2019 15:42:32.494 INFO [http-nio-8080-exec-326] org.apache.catalina.core.ApplicationContext.log Manager: list: Listing contexts for virtual host 'localhost'
09-Oct-2019 15:42:32.799 INFO [http-nio-8080-exec-327] org.apache.catalina.core.ApplicationContext.log Manager: restart: Reloading web application '/Opportunity'
09-Oct-2019 15:45:43.093 INFO [http-nio-8080-exec-338] org.apache.catalina.core.ApplicationContext.log Manager: list: Listing contexts for virtual host 'localhost'
09-Oct-2019 15:45:43.422 INFO [http-nio-8080-exec-339] org.apache.catalina.core.ApplicationContext.log Manager: restart: Reloading web application '/Opportunity'
09-Oct-2019 15:45:57.305 INFO [http-nio-8080-exec-331] org.apache.catalina.core.ApplicationContext.log Manager: list: Listing contexts for virtual host 'localhost'
09-Oct-2019 15:45:57.663 INFO [http-nio-8080-exec-336] org.apache.catalina.core.ApplicationContext.log Manager: restart: Reloading web application '/Opportunity'
09-Oct-2019 15:46:06.438 INFO [http-nio-8080-exec-335] org.apache.catalina.core.ApplicationContext.log Manager: list: Listing contexts for virtual host 'localhost'
09-Oct-2019 15:46:06.476 INFO [http-nio-8080-exec-325] org.apache.catalina.core.ApplicationContext.log Manager: list: Listing contexts for virtual host 'localhost'
09-Oct-2019 15:46:06.539 INFO [http-nio-8080-exec-344] org.apache.catalina.core.ApplicationContext.log Manager: undeploy: Undeploying web application at '/Opportunity'
09-Oct-2019 15:46:07.428 INFO [http-nio-8080-exec-325] org.apache.catalina.core.ApplicationContext.log Manager: install: Installing context configuration at 'file:/C:/Users/PAULO~1.BEZ/AppData/Local/Temp/context5300160020193853545.xml'
09-Oct-2019 15:46:08.616 INFO [http-nio-8080-exec-341] org.apache.catalina.core.ApplicationContext.log Manager: start: Starting web application '/Opportunity'
09-Oct-2019 15:47:14.365 INFO [http-nio-8080-exec-351] org.apache.catalina.core.ApplicationContext.log Manager: list: Listing contexts for virtual host 'localhost'
09-Oct-2019 15:47:14.636 INFO [http-nio-8080-exec-344] org.apache.catalina.core.ApplicationContext.log Manager: restart: Reloading web application '/Opportunity'
09-Oct-2019 15:47:52.763 INFO [http-nio-8080-exec-340] org.apache.catalina.core.ApplicationContext.log Manager: list: Listing contexts for virtual host 'localhost'
09-Oct-2019 15:47:53.164 INFO [http-nio-8080-exec-348] org.apache.catalina.core.ApplicationContext.log Manager: restart: Reloading web application '/Opportunity'
09-Oct-2019 15:50:16.595 INFO [http-nio-8080-exec-358] org.apache.catalina.core.ApplicationContext.log Manager: list: Listing contexts for virtual host 'localhost'
09-Oct-2019 15:50:16.980 INFO [http-nio-8080-exec-362] org.apache.catalina.core.ApplicationContext.log Manager: restart: Reloading web application '/Opportunity'
09-Oct-2019 15:51:36.675 INFO [http-nio-8080-exec-367] org.apache.catalina.core.ApplicationContext.log Manager: list: Listing contexts for virtual host 'localhost'
09-Oct-2019 15:51:37.063 INFO [http-nio-8080-exec-370] org.apache.catalina.core.ApplicationContext.log Manager: restart: Reloading web application '/Opportunity'
09-Oct-2019 15:54:19.228 INFO [http-nio-8080-exec-378] org.apache.catalina.core.ApplicationContext.log Manager: list: Listing contexts for virtual host 'localhost'
09-Oct-2019 15:54:19.605 INFO [http-nio-8080-exec-377] org.apache.catalina.core.ApplicationContext.log Manager: restart: Reloading web application '/Opportunity'
09-Oct-2019 15:54:28.028 INFO [http-nio-8080-exec-381] org.apache.catalina.core.ApplicationContext.log Manager: list: Listing contexts for virtual host 'localhost'
09-Oct-2019 15:54:28.368 INFO [http-nio-8080-exec-380] org.apache.catalina.core.ApplicationContext.log Manager: restart: Reloading web application '/Opportunity'
09-Oct-2019 15:57:41.400 INFO [http-nio-8080-exec-395] org.apache.catalina.core.ApplicationContext.log Manager: list: Listing contexts for virtual host 'localhost'
09-Oct-2019 15:57:43.898 INFO [http-nio-8080-exec-391] org.apache.catalina.core.ApplicationContext.log Manager: restart: Reloading web application '/Opportunity'
09-Oct-2019 15:57:45.471 INFO [http-nio-8080-exec-396] org.apache.catalina.core.ApplicationContext.log Manager: list: Listing contexts for virtual host 'localhost'
09-Oct-2019 15:57:45.996 INFO [http-nio-8080-exec-387] org.apache.catalina.core.ApplicationContext.log Manager: restart: Reloading web application '/Opportunity'
09-Oct-2019 15:58:11.505 INFO [http-nio-8080-exec-398] org.apache.catalina.core.ApplicationContext.log Manager: list: Listing contexts for virtual host 'localhost'
09-Oct-2019 15:58:11.726 INFO [http-nio-8080-exec-392] org.apache.catalina.core.ApplicationContext.log Manager: restart: Reloading web application '/Opportunity'
09-Oct-2019 15:58:53.440 INFO [http-nio-8080-exec-401] org.apache.catalina.core.ApplicationContext.log Manager: list: Listing contexts for virtual host 'localhost'
09-Oct-2019 15:58:53.698 INFO [http-nio-8080-exec-394] org.apache.catalina.core.ApplicationContext.log Manager: restart: Reloading web application '/Opportunity'
09-Oct-2019 16:00:44.289 INFO [http-nio-8080-exec-403] org.apache.catalina.core.ApplicationContext.log Manager: list: Listing contexts for virtual host 'localhost'
09-Oct-2019 16:00:44.577 INFO [http-nio-8080-exec-401] org.apache.catalina.core.ApplicationContext.log Manager: restart: Reloading web application '/Opportunity'
09-Oct-2019 16:01:10.055 INFO [http-nio-8080-exec-416] org.apache.catalina.core.ApplicationContext.log Manager: list: Listing contexts for virtual host 'localhost'
09-Oct-2019 16:01:10.305 INFO [http-nio-8080-exec-412] org.apache.catalina.core.ApplicationContext.log Manager: restart: Reloading web application '/Opportunity'
09-Oct-2019 16:02:19.513 INFO [http-nio-8080-exec-410] org.apache.catalina.core.ApplicationContext.log Manager: list: Listing contexts for virtual host 'localhost'
09-Oct-2019 16:02:19.813 INFO [http-nio-8080-exec-419] org.apache.catalina.core.ApplicationContext.log Manager: restart: Reloading web application '/Opportunity'
09-Oct-2019 16:02:41.351 INFO [http-nio-8080-exec-423] org.apache.catalina.core.ApplicationContext.log Manager: list: Listing contexts for virtual host 'localhost'
09-Oct-2019 16:02:41.648 INFO [http-nio-8080-exec-414] org.apache.catalina.core.ApplicationContext.log Manager: restart: Reloading web application '/Opportunity'
09-Oct-2019 16:02:54.272 INFO [http-nio-8080-exec-426] org.apache.catalina.core.ApplicationContext.log Manager: list: Listing contexts for virtual host 'localhost'
09-Oct-2019 16:02:54.570 INFO [http-nio-8080-exec-427] org.apache.catalina.core.ApplicationContext.log Manager: restart: Reloading web application '/Opportunity'
09-Oct-2019 16:04:24.321 INFO [http-nio-8080-exec-434] org.apache.catalina.core.ApplicationContext.log Manager: list: Listing contexts for virtual host 'localhost'
09-Oct-2019 16:04:25.117 INFO [http-nio-8080-exec-435] org.apache.catalina.core.ApplicationContext.log Manager: restart: Reloading web application '/Opportunity'
09-Oct-2019 16:04:26.867 INFO [http-nio-8080-exec-437] org.apache.catalina.core.ApplicationContext.log Manager: list: Listing contexts for virtual host 'localhost'
09-Oct-2019 16:04:27.664 INFO [http-nio-8080-exec-411] org.apache.catalina.core.ApplicationContext.log Manager: restart: Reloading web application '/Opportunity'
09-Oct-2019 16:04:47.570 INFO [http-nio-8080-exec-439] org.apache.catalina.core.ApplicationContext.log Manager: list: Listing contexts for virtual host 'localhost'
09-Oct-2019 16:04:47.867 INFO [http-nio-8080-exec-433] org.apache.catalina.core.ApplicationContext.log Manager: restart: Reloading web application '/Opportunity'
09-Oct-2019 16:05:06.556 INFO [http-nio-8080-exec-440] org.apache.catalina.core.ApplicationContext.log Manager: list: Listing contexts for virtual host 'localhost'
09-Oct-2019 16:05:07.024 INFO [http-nio-8080-exec-445] org.apache.catalina.core.ApplicationContext.log Manager: restart: Reloading web application '/Opportunity'
09-Oct-2019 16:06:04.179 INFO [http-nio-8080-exec-450] org.apache.catalina.core.ApplicationContext.log Manager: list: Listing contexts for virtual host 'localhost'
09-Oct-2019 16:06:04.518 INFO [http-nio-8080-exec-451] org.apache.catalina.core.ApplicationContext.log Manager: restart: Reloading web application '/Opportunity'
09-Oct-2019 16:06:48.025 INFO [http-nio-8080-exec-458] org.apache.catalina.core.ApplicationContext.log Manager: list: Listing contexts for virtual host 'localhost'
09-Oct-2019 16:06:48.290 INFO [http-nio-8080-exec-459] org.apache.catalina.core.ApplicationContext.log Manager: restart: Reloading web application '/Opportunity'
09-Oct-2019 16:13:26.141 INFO [http-nio-8080-exec-469] org.apache.catalina.core.ApplicationContext.log Manager: list: Listing contexts for virtual host 'localhost'
09-Oct-2019 16:13:26.497 INFO [http-nio-8080-exec-470] org.apache.catalina.core.ApplicationContext.log Manager: restart: Reloading web application '/Opportunity'
09-Oct-2019 16:16:26.318 INFO [http-nio-8080-exec-473] org.apache.catalina.core.ApplicationContext.log Manager: list: Listing contexts for virtual host 'localhost'
09-Oct-2019 16:16:26.674 INFO [http-nio-8080-exec-472] org.apache.catalina.core.ApplicationContext.log Manager: restart: Reloading web application '/Opportunity'
09-Oct-2019 16:17:02.860 INFO [http-nio-8080-exec-478] org.apache.catalina.core.ApplicationContext.log Manager: list: Listing contexts for virtual host 'localhost'
09-Oct-2019 16:17:03.353 INFO [http-nio-8080-exec-484] org.apache.catalina.core.ApplicationContext.log Manager: restart: Reloading web application '/Opportunity'
09-Oct-2019 16:18:13.956 INFO [http-nio-8080-exec-491] org.apache.catalina.core.ApplicationContext.log Manager: list: Listing contexts for virtual host 'localhost'
09-Oct-2019 16:18:14.333 INFO [http-nio-8080-exec-487] org.apache.catalina.core.ApplicationContext.log Manager: restart: Reloading web application '/Opportunity'
09-Oct-2019 16:18:17.210 INFO [http-nio-8080-exec-493] org.apache.catalina.core.ApplicationContext.log Manager: list: Listing contexts for virtual host 'localhost'
09-Oct-2019 16:18:17.537 INFO [http-nio-8080-exec-494] org.apache.catalina.core.ApplicationContext.log Manager: restart: Reloading web application '/Opportunity'
09-Oct-2019 16:18:27.195 INFO [http-nio-8080-exec-493] org.apache.catalina.core.ApplicationContext.log Manager: list: Listing contexts for virtual host 'localhost'
09-Oct-2019 16:18:27.518 INFO [http-nio-8080-exec-491] org.apache.catalina.core.ApplicationContext.log Manager: restart: Reloading web application '/Opportunity'
09-Oct-2019 16:19:26.979 INFO [http-nio-8080-exec-501] org.apache.catalina.core.ApplicationContext.log Manager: list: Listing contexts for virtual host 'localhost'
09-Oct-2019 16:19:27.233 INFO [http-nio-8080-exec-496] org.apache.catalina.core.ApplicationContext.log Manager: restart: Reloading web application '/Opportunity'
09-Oct-2019 16:20:29.822 INFO [http-nio-8080-exec-508] org.apache.catalina.core.ApplicationContext.log Manager: list: Listing contexts for virtual host 'localhost'
09-Oct-2019 16:20:30.158 INFO [http-nio-8080-exec-495] org.apache.catalina.core.ApplicationContext.log Manager: restart: Reloading web application '/Opportunity'
09-Oct-2019 16:21:33.164 INFO [http-nio-8080-exec-505] org.apache.catalina.core.ApplicationContext.log Manager: list: Listing contexts for virtual host 'localhost'
09-Oct-2019 16:21:33.491 INFO [http-nio-8080-exec-509] org.apache.catalina.core.ApplicationContext.log Manager: restart: Reloading web application '/Opportunity'
09-Oct-2019 16:22:35.523 INFO [http-nio-8080-exec-513] org.apache.catalina.core.ApplicationContext.log Manager: list: Listing contexts for virtual host 'localhost'
09-Oct-2019 16:22:35.804 INFO [http-nio-8080-exec-515] org.apache.catalina.core.ApplicationContext.log Manager: restart: Reloading web application '/Opportunity'
09-Oct-2019 16:24:13.165 INFO [http-nio-8080-exec-516] org.apache.catalina.core.ApplicationContext.log Manager: list: Listing contexts for virtual host 'localhost'
09-Oct-2019 16:24:13.457 INFO [http-nio-8080-exec-522] org.apache.catalina.core.ApplicationContext.log Manager: restart: Reloading web application '/Opportunity'
09-Oct-2019 16:24:56.915 INFO [http-nio-8080-exec-520] org.apache.catalina.core.ApplicationContext.log Manager: list: Listing contexts for virtual host 'localhost'
09-Oct-2019 16:24:57.177 INFO [http-nio-8080-exec-526] org.apache.catalina.core.ApplicationContext.log Manager: restart: Reloading web application '/Opportunity'
09-Oct-2019 16:26:22.054 INFO [http-nio-8080-exec-516] org.apache.catalina.core.ApplicationContext.log Manager: list: Listing contexts for virtual host 'localhost'
09-Oct-2019 16:26:22.304 INFO [http-nio-8080-exec-527] org.apache.catalina.core.ApplicationContext.log Manager: restart: Reloading web application '/Opportunity'
09-Oct-2019 16:27:19.324 INFO [http-nio-8080-exec-538] org.apache.catalina.core.ApplicationContext.log Manager: list: Listing contexts for virtual host 'localhost'
09-Oct-2019 16:27:19.611 INFO [http-nio-8080-exec-532] org.apache.catalina.core.ApplicationContext.log Manager: restart: Reloading web application '/Opportunity'
09-Oct-2019 16:28:04.523 INFO [http-nio-8080-exec-543] org.apache.catalina.core.ApplicationContext.log Manager: list: Listing contexts for virtual host 'localhost'
09-Oct-2019 16:28:04.848 INFO [http-nio-8080-exec-544] org.apache.catalina.core.ApplicationContext.log Manager: restart: Reloading web application '/Opportunity'
09-Oct-2019 16:29:44.155 INFO [http-nio-8080-exec-551] org.apache.catalina.core.ApplicationContext.log Manager: list: Listing contexts for virtual host 'localhost'
09-Oct-2019 16:29:44.478 INFO [http-nio-8080-exec-552] org.apache.catalina.core.ApplicationContext.log Manager: restart: Reloading web application '/Opportunity'
09-Oct-2019 16:29:50.149 INFO [http-nio-8080-exec-550] org.apache.catalina.core.ApplicationContext.log Manager: list: Listing contexts for virtual host 'localhost'
09-Oct-2019 16:29:50.479 INFO [http-nio-8080-exec-555] org.apache.catalina.core.ApplicationContext.log Manager: restart: Reloading web application '/Opportunity'
09-Oct-2019 16:32:01.632 INFO [http-nio-8080-exec-564] org.apache.catalina.core.ApplicationContext.log Manager: list: Listing contexts for virtual host 'localhost'
09-Oct-2019 16:32:01.873 INFO [http-nio-8080-exec-553] org.apache.catalina.core.ApplicationContext.log Manager: restart: Reloading web application '/Opportunity'
09-Oct-2019 16:32:58.366 INFO [http-nio-8080-exec-560] org.apache.catalina.core.ApplicationContext.log Manager: list: Listing contexts for virtual host 'localhost'
09-Oct-2019 16:32:58.686 INFO [http-nio-8080-exec-562] org.apache.catalina.core.ApplicationContext.log Manager: restart: Reloading web application '/Opportunity'
09-Oct-2019 16:34:38.627 INFO [http-nio-8080-exec-576] org.apache.catalina.core.ApplicationContext.log Manager: list: Listing contexts for virtual host 'localhost'
09-Oct-2019 16:34:38.962 INFO [http-nio-8080-exec-577] org.apache.catalina.core.ApplicationContext.log Manager: restart: Reloading web application '/Opportunity'
09-Oct-2019 16:36:25.086 INFO [http-nio-8080-exec-584] org.apache.catalina.core.ApplicationContext.log Manager: list: Listing contexts for virtual host 'localhost'
09-Oct-2019 16:36:25.424 INFO [http-nio-8080-exec-576] org.apache.catalina.core.ApplicationContext.log Manager: restart: Reloading web application '/Opportunity'
09-Oct-2019 16:36:56.133 INFO [http-nio-8080-exec-585] org.apache.catalina.core.ApplicationContext.log Manager: list: Listing contexts for virtual host 'localhost'
09-Oct-2019 16:36:56.383 INFO [http-nio-8080-exec-590] org.apache.catalina.core.ApplicationContext.log Manager: restart: Reloading web application '/Opportunity'
09-Oct-2019 16:37:27.287 INFO [http-nio-8080-exec-578] org.apache.catalina.core.ApplicationContext.log Manager: list: Listing contexts for virtual host 'localhost'
09-Oct-2019 16:37:27.572 INFO [http-nio-8080-exec-596] org.apache.catalina.core.ApplicationContext.log Manager: restart: Reloading web application '/Opportunity'
09-Oct-2019 16:37:36.061 INFO [http-nio-8080-exec-597] org.apache.catalina.core.ApplicationContext.log Manager: list: Listing contexts for virtual host 'localhost'
09-Oct-2019 16:37:36.295 INFO [http-nio-8080-exec-578] org.apache.catalina.core.ApplicationContext.log Manager: restart: Reloading web application '/Opportunity'
09-Oct-2019 16:38:04.444 INFO [http-nio-8080-exec-598] org.apache.catalina.core.ApplicationContext.log Manager: list: Listing contexts for virtual host 'localhost'
09-Oct-2019 16:38:04.672 INFO [http-nio-8080-exec-594] org.apache.catalina.core.ApplicationContext.log Manager: restart: Reloading web application '/Opportunity'
09-Oct-2019 16:38:28.508 INFO [http-nio-8080-exec-606] org.apache.catalina.core.ApplicationContext.log Manager: list: Listing contexts for virtual host 'localhost'
09-Oct-2019 16:38:28.864 INFO [http-nio-8080-exec-588] org.apache.catalina.core.ApplicationContext.log Manager: restart: Reloading web application '/Opportunity'
09-Oct-2019 16:39:05.365 INFO [http-nio-8080-exec-611] org.apache.catalina.core.ApplicationContext.log Manager: list: Listing contexts for virtual host 'localhost'
09-Oct-2019 16:39:05.758 INFO [http-nio-8080-exec-608] org.apache.catalina.core.ApplicationContext.log Manager: restart: Reloading web application '/Opportunity'
09-Oct-2019 16:39:11.773 INFO [http-nio-8080-exec-600] org.apache.catalina.core.ApplicationContext.log Manager: list: Listing contexts for virtual host 'localhost'
09-Oct-2019 16:39:12.242 INFO [http-nio-8080-exec-616] org.apache.catalina.core.ApplicationContext.log Manager: restart: Reloading web application '/Opportunity'
09-Oct-2019 16:40:18.664 INFO [http-nio-8080-exec-610] org.apache.catalina.core.ApplicationContext.log Manager: list: Listing contexts for virtual host 'localhost'
09-Oct-2019 16:40:18.937 INFO [http-nio-8080-exec-600] org.apache.catalina.core.ApplicationContext.log Manager: restart: Reloading web application '/Opportunity'
09-Oct-2019 16:40:40.368 INFO [http-nio-8080-exec-628] org.apache.catalina.core.ApplicationContext.log Manager: list: Listing contexts for virtual host 'localhost'
09-Oct-2019 16:40:40.600 INFO [http-nio-8080-exec-629] org.apache.catalina.core.ApplicationContext.log Manager: restart: Reloading web application '/Opportunity'
09-Oct-2019 16:45:18.070 INFO [http-nio-8080-exec-635] org.apache.catalina.core.ApplicationContext.log Manager: list: Listing contexts for virtual host 'localhost'
09-Oct-2019 16:45:18.408 INFO [http-nio-8080-exec-636] org.apache.catalina.core.ApplicationContext.log Manager: restart: Reloading web application '/Opportunity'
09-Oct-2019 16:46:56.972 INFO [http-nio-8080-exec-646] org.apache.catalina.core.ApplicationContext.log Manager: list: Listing contexts for virtual host 'localhost'
09-Oct-2019 16:46:57.240 INFO [http-nio-8080-exec-647] org.apache.catalina.core.ApplicationContext.log Manager: restart: Reloading web application '/Opportunity'
09-Oct-2019 16:47:28.421 INFO [http-nio-8080-exec-651] org.apache.catalina.core.ApplicationContext.log Manager: list: Listing contexts for virtual host 'localhost'
09-Oct-2019 16:47:28.704 INFO [http-nio-8080-exec-652] org.apache.catalina.core.ApplicationContext.log Manager: restart: Reloading web application '/Opportunity'
09-Oct-2019 16:48:36.443 INFO [http-nio-8080-exec-657] org.apache.catalina.core.ApplicationContext.log Manager: list: Listing contexts for virtual host 'localhost'
09-Oct-2019 16:48:37.589 INFO [http-nio-8080-exec-649] org.apache.catalina.core.ApplicationContext.log Manager: restart: Reloading web application '/Opportunity'
09-Oct-2019 16:49:52.712 INFO [http-nio-8080-exec-661] org.apache.catalina.core.ApplicationContext.log Manager: list: Listing contexts for virtual host 'localhost'
09-Oct-2019 16:49:52.975 INFO [http-nio-8080-exec-667] org.apache.catalina.core.ApplicationContext.log Manager: restart: Reloading web application '/Opportunity'
09-Oct-2019 16:53:17.468 INFO [http-nio-8080-exec-675] org.apache.catalina.core.ApplicationContext.log Manager: list: Listing contexts for virtual host 'localhost'
09-Oct-2019 16:53:17.882 INFO [http-nio-8080-exec-676] org.apache.catalina.core.ApplicationContext.log Manager: restart: Reloading web application '/Opportunity'
09-Oct-2019 16:54:28.482 INFO [http-nio-8080-exec-673] org.apache.catalina.core.ApplicationContext.log Manager: list: Listing contexts for virtual host 'localhost'
09-Oct-2019 16:54:28.865 INFO [http-nio-8080-exec-685] org.apache.catalina.core.ApplicationContext.log Manager: restart: Reloading web application '/Opportunity'
09-Oct-2019 16:55:05.569 INFO [http-nio-8080-exec-688] org.apache.catalina.core.ApplicationContext.log Manager: list: Listing contexts for virtual host 'localhost'
09-Oct-2019 16:55:05.924 INFO [http-nio-8080-exec-686] org.apache.catalina.core.ApplicationContext.log Manager: restart: Reloading web application '/Opportunity'
09-Oct-2019 16:55:34.244 INFO [http-nio-8080-exec-693] org.apache.catalina.core.ApplicationContext.log Manager: list: Listing contexts for virtual host 'localhost'
09-Oct-2019 16:55:34.767 INFO [http-nio-8080-exec-674] org.apache.catalina.core.ApplicationContext.log Manager: restart: Reloading web application '/Opportunity'
09-Oct-2019 16:57:00.937 INFO [http-nio-8080-exec-702] org.apache.catalina.core.ApplicationContext.log Manager: list: Listing contexts for virtual host 'localhost'
09-Oct-2019 16:57:01.328 INFO [http-nio-8080-exec-703] org.apache.catalina.core.ApplicationContext.log Manager: restart: Reloading web application '/Opportunity'
09-Oct-2019 16:57:20.070 INFO [http-nio-8080-exec-700] org.apache.catalina.core.ApplicationContext.log Manager: list: Listing contexts for virtual host 'localhost'
09-Oct-2019 16:57:20.562 INFO [http-nio-8080-exec-704] org.apache.catalina.core.ApplicationContext.log Manager: restart: Reloading web application '/Opportunity'
09-Oct-2019 17:27:05.711 INFO [http-nio-8080-exec-713] org.apache.catalina.core.ApplicationContext.log Manager: list: Listing contexts for virtual host 'localhost'
09-Oct-2019 17:27:06.329 INFO [http-nio-8080-exec-714] org.apache.catalina.core.ApplicationContext.log Manager: restart: Reloading web application '/Opportunity'
09-Oct-2019 17:27:52.835 INFO [http-nio-8080-exec-717] org.apache.catalina.core.ApplicationContext.log Manager: list: Listing contexts for virtual host 'localhost'
09-Oct-2019 17:27:53.297 INFO [http-nio-8080-exec-719] org.apache.catalina.core.ApplicationContext.log Manager: restart: Reloading web application '/Opportunity'
09-Oct-2019 17:28:49.349 INFO [http-nio-8080-exec-717] org.apache.catalina.core.ApplicationContext.log Manager: list: Listing contexts for virtual host 'localhost'
09-Oct-2019 17:28:52.196 INFO [http-nio-8080-exec-711] org.apache.catalina.core.ApplicationContext.log Manager: restart: Reloading web application '/Opportunity'
09-Oct-2019 17:29:02.125 INFO [http-nio-8080-exec-725] org.apache.catalina.core.ApplicationContext.log Manager: list: Listing contexts for virtual host 'localhost'
09-Oct-2019 17:29:02.882 INFO [http-nio-8080-exec-722] org.apache.catalina.core.ApplicationContext.log Manager: restart: Reloading web application '/Opportunity'
09-Oct-2019 17:30:15.601 INFO [http-nio-8080-exec-725] org.apache.catalina.core.ApplicationContext.log Manager: list: Listing contexts for virtual host 'localhost'
09-Oct-2019 17:30:31.337 INFO [http-nio-8080-exec-721] org.apache.catalina.core.ApplicationContext.log Manager: restart: Reloading web application '/Opportunity'
09-Oct-2019 17:35:58.511 INFO [http-nio-8080-exec-739] org.apache.catalina.core.ApplicationContext.log Manager: list: Listing contexts for virtual host 'localhost'
09-Oct-2019 17:35:58.776 INFO [http-nio-8080-exec-740] org.apache.catalina.core.ApplicationContext.log Manager: restart: Reloading web application '/Opportunity'
09-Oct-2019 17:36:05.033 INFO [http-nio-8080-exec-741] org.apache.catalina.core.ApplicationContext.log Manager: list: Listing contexts for virtual host 'localhost'
09-Oct-2019 17:36:05.329 INFO [http-nio-8080-exec-739] org.apache.catalina.core.ApplicationContext.log Manager: restart: Reloading web application '/Opportunity'
09-Oct-2019 17:37:02.868 INFO [http-nio-8080-exec-738] org.apache.catalina.core.ApplicationContext.log Manager: list: Listing contexts for virtual host 'localhost'
09-Oct-2019 17:37:03.126 INFO [http-nio-8080-exec-744] org.apache.catalina.core.ApplicationContext.log Manager: restart: Reloading web application '/Opportunity'
09-Oct-2019 17:38:05.865 INFO [http-nio-8080-exec-741] org.apache.catalina.core.ApplicationContext.log Manager: list: Listing contexts for virtual host 'localhost'
09-Oct-2019 17:38:06.390 INFO [http-nio-8080-exec-742] org.apache.catalina.core.ApplicationContext.log Manager: restart: Reloading web application '/Opportunity'
09-Oct-2019 17:38:19.993 INFO [http-nio-8080-exec-741] org.apache.catalina.core.ApplicationContext.log Manager: list: Listing contexts for virtual host 'localhost'
09-Oct-2019 17:38:20.228 INFO [http-nio-8080-exec-751] org.apache.catalina.core.ApplicationContext.log Manager: restart: Reloading web application '/Opportunity'
09-Oct-2019 17:38:47.587 INFO [http-nio-8080-exec-745] org.apache.catalina.core.ApplicationContext.log Manager: list: Listing contexts for virtual host 'localhost'
09-Oct-2019 17:38:47.821 INFO [http-nio-8080-exec-746] org.apache.catalina.core.ApplicationContext.log Manager: restart: Reloading web application '/Opportunity'
09-Oct-2019 17:39:44.252 INFO [http-nio-8080-exec-752] org.apache.catalina.core.ApplicationContext.log Manager: list: Listing contexts for virtual host 'localhost'
09-Oct-2019 17:39:44.664 INFO [http-nio-8080-exec-757] org.apache.catalina.core.ApplicationContext.log Manager: restart: Reloading web application '/Opportunity'
09-Oct-2019 17:40:59.561 INFO [http-nio-8080-exec-741] org.apache.catalina.core.ApplicationContext.log Manager: list: Listing contexts for virtual host 'localhost'
09-Oct-2019 17:45:20.150 INFO [http-nio-8080-exec-761] org.apache.catalina.core.ApplicationContext.log Manager: list: Listing contexts for virtual host 'localhost'
09-Oct-2019 17:45:20.658 INFO [http-nio-8080-exec-764] org.apache.catalina.core.ApplicationContext.log Manager: restart: Reloading web application '/Opportunity'
09-Oct-2019 17:45:42.041 INFO [http-nio-8080-exec-765] org.apache.catalina.core.ApplicationContext.log Manager: list: Listing contexts for virtual host 'localhost'
09-Oct-2019 17:45:42.631 INFO [http-nio-8080-exec-762] org.apache.catalina.core.ApplicationContext.log Manager: restart: Reloading web application '/Opportunity'
09-Oct-2019 17:46:13.504 INFO [http-nio-8080-exec-765] org.apache.catalina.core.ApplicationContext.log Manager: list: Listing contexts for virtual host 'localhost'
09-Oct-2019 17:46:13.742 INFO [http-nio-8080-exec-766] org.apache.catalina.core.ApplicationContext.log Manager: restart: Reloading web application '/Opportunity'
09-Oct-2019 17:47:20.686 INFO [http-nio-8080-exec-765] org.apache.catalina.core.ApplicationContext.log Manager: list: Listing contexts for virtual host 'localhost'
09-Oct-2019 17:47:21.037 INFO [http-nio-8080-exec-767] org.apache.catalina.core.ApplicationContext.log Manager: restart: Reloading web application '/Opportunity'
09-Oct-2019 17:49:41.705 INFO [http-nio-8080-exec-779] org.apache.catalina.core.ApplicationContext.log Manager: list: Listing contexts for virtual host 'localhost'
09-Oct-2019 17:49:42.032 INFO [http-nio-8080-exec-765] org.apache.catalina.core.ApplicationContext.log Manager: restart: Reloading web application '/Opportunity'
09-Oct-2019 17:51:45.163 INFO [http-nio-8080-exec-777] org.apache.catalina.core.ApplicationContext.log Manager: list: Listing contexts for virtual host 'localhost'
09-Oct-2019 17:51:45.430 INFO [http-nio-8080-exec-785] org.apache.catalina.core.ApplicationContext.log Manager: restart: Reloading web application '/Opportunity'
09-Oct-2019 17:52:41.806 INFO [http-nio-8080-exec-791] org.apache.catalina.core.ApplicationContext.log Manager: list: Listing contexts for virtual host 'localhost'
09-Oct-2019 17:52:42.127 INFO [http-nio-8080-exec-793] org.apache.catalina.core.ApplicationContext.log Manager: restart: Reloading web application '/Opportunity'
09-Oct-2019 17:53:28.254 INFO [http-nio-8080-exec-787] org.apache.catalina.core.ApplicationContext.log Manager: list: Listing contexts for virtual host 'localhost'
09-Oct-2019 17:53:28.655 INFO [http-nio-8080-exec-789] org.apache.catalina.core.ApplicationContext.log Manager: restart: Reloading web application '/Opportunity'
09-Oct-2019 17:56:51.188 INFO [http-nio-8080-exec-802] org.apache.catalina.core.ApplicationContext.log Manager: list: Listing contexts for virtual host 'localhost'
09-Oct-2019 17:56:51.542 INFO [http-nio-8080-exec-803] org.apache.catalina.core.ApplicationContext.log Manager: restart: Reloading web application '/Opportunity'
09-Oct-2019 17:57:30.853 INFO [http-nio-8080-exec-779] org.apache.catalina.core.ApplicationContext.log Manager: list: Listing contexts for virtual host 'localhost'
09-Oct-2019 17:57:31.205 INFO [http-nio-8080-exec-806] org.apache.catalina.core.ApplicationContext.log Manager: restart: Reloading web application '/Opportunity'
09-Oct-2019 18:00:16.453 INFO [http-nio-8080-exec-786] org.apache.catalina.core.ApplicationContext.log Manager: list: Listing contexts for virtual host 'localhost'
09-Oct-2019 18:00:16.852 INFO [http-nio-8080-exec-812] org.apache.catalina.core.ApplicationContext.log Manager: restart: Reloading web application '/Opportunity'
09-Oct-2019 18:01:06.929 INFO [http-nio-8080-exec-808] org.apache.catalina.core.ApplicationContext.log Manager: list: Listing contexts for virtual host 'localhost'
09-Oct-2019 18:01:07.178 INFO [http-nio-8080-exec-814] org.apache.catalina.core.ApplicationContext.log Manager: restart: Reloading web application '/Opportunity'
09-Oct-2019 18:01:30.471 INFO [http-nio-8080-exec-816] org.apache.catalina.core.ApplicationContext.log Manager: list: Listing contexts for virtual host 'localhost'
09-Oct-2019 18:01:30.789 INFO [http-nio-8080-exec-810] org.apache.catalina.core.ApplicationContext.log Manager: restart: Reloading web application '/Opportunity'
09-Oct-2019 18:01:32.180 INFO [http-nio-8080-exec-815] org.apache.catalina.core.ApplicationContext.log Manager: list: Listing contexts for virtual host 'localhost'
09-Oct-2019 18:01:32.477 INFO [http-nio-8080-exec-779] org.apache.catalina.core.ApplicationContext.log Manager: restart: Reloading web application '/Opportunity'
09-Oct-2019 18:05:06.681 INFO [http-nio-8080-exec-815] org.apache.catalina.core.ApplicationContext.log Manager: list: Listing contexts for virtual host 'localhost'
09-Oct-2019 18:05:07.049 INFO [http-nio-8080-exec-818] org.apache.catalina.core.ApplicationContext.log Manager: restart: Reloading web application '/Opportunity'
09-Oct-2019 18:07:38.024 INFO [http-nio-8080-exec-830] org.apache.catalina.core.ApplicationContext.log Manager: list: Listing contexts for virtual host 'localhost'
09-Oct-2019 18:07:38.532 INFO [http-nio-8080-exec-826] org.apache.catalina.core.ApplicationContext.log Manager: restart: Reloading web application '/Opportunity'
09-Oct-2019 18:11:28.087 INFO [http-nio-8080-exec-829] org.apache.catalina.core.ApplicationContext.log Manager: list: Listing contexts for virtual host 'localhost'
09-Oct-2019 18:11:28.478 INFO [http-nio-8080-exec-825] org.apache.catalina.core.ApplicationContext.log Manager: restart: Reloading web application '/Opportunity'
09-Oct-2019 18:12:19.797 INFO [http-nio-8080-exec-840] org.apache.catalina.core.ApplicationContext.log Manager: list: Listing contexts for virtual host 'localhost'
09-Oct-2019 18:12:20.072 INFO [http-nio-8080-exec-833] org.apache.catalina.core.ApplicationContext.log Manager: restart: Reloading web application '/Opportunity'
09-Oct-2019 18:13:05.991 INFO [http-nio-8080-exec-843] org.apache.catalina.core.ApplicationContext.log Manager: list: Listing contexts for virtual host 'localhost'
09-Oct-2019 18:13:06.265 INFO [http-nio-8080-exec-841] org.apache.catalina.core.ApplicationContext.log Manager: restart: Reloading web application '/Opportunity'
09-Oct-2019 18:13:10.195 INFO [http-nio-8080-exec-836] org.apache.catalina.core.ApplicationContext.log Manager: list: Listing contexts for virtual host 'localhost'
09-Oct-2019 18:13:10.475 INFO [http-nio-8080-exec-845] org.apache.catalina.core.ApplicationContext.log Manager: restart: Reloading web application '/Opportunity'
09-Oct-2019 18:15:41.543 INFO [http-nio-8080-exec-836] org.apache.catalina.core.ApplicationContext.log Manager: list: Listing contexts for virtual host 'localhost'
09-Oct-2019 18:15:41.872 INFO [http-nio-8080-exec-843] org.apache.catalina.core.ApplicationContext.log Manager: restart: Reloading web application '/Opportunity'
09-Oct-2019 18:17:06.178 INFO [http-nio-8080-exec-848] org.apache.catalina.core.ApplicationContext.log Manager: list: Listing contexts for virtual host 'localhost'
09-Oct-2019 18:17:06.441 INFO [http-nio-8080-exec-855] org.apache.catalina.core.ApplicationContext.log Manager: restart: Reloading web application '/Opportunity'
09-Oct-2019 18:18:06.631 INFO [http-nio-8080-exec-836] org.apache.catalina.core.ApplicationContext.log Manager: list: Listing contexts for virtual host 'localhost'
09-Oct-2019 18:18:07.032 INFO [http-nio-8080-exec-857] org.apache.catalina.core.ApplicationContext.log Manager: restart: Reloading web application '/Opportunity'
09-Oct-2019 18:18:40.603 INFO [http-nio-8080-exec-851] org.apache.catalina.core.ApplicationContext.log Manager: list: Listing contexts for virtual host 'localhost'
09-Oct-2019 18:18:40.853 INFO [http-nio-8080-exec-860] org.apache.catalina.core.ApplicationContext.log Manager: restart: Reloading web application '/Opportunity'
09-Oct-2019 18:19:26.735 INFO [http-nio-8080-exec-863] org.apache.catalina.core.ApplicationContext.log Manager: list: Listing contexts for virtual host 'localhost'
09-Oct-2019 18:19:27.039 INFO [http-nio-8080-exec-836] org.apache.catalina.core.ApplicationContext.log Manager: restart: Reloading web application '/Opportunity'
09-Oct-2019 18:19:54.934 INFO [http-nio-8080-exec-864] org.apache.catalina.core.ApplicationContext.log Manager: list: Listing contexts for virtual host 'localhost'
09-Oct-2019 18:19:55.187 INFO [http-nio-8080-exec-866] org.apache.catalina.core.ApplicationContext.log Manager: restart: Reloading web application '/Opportunity'
09-Oct-2019 18:20:48.153 INFO [http-nio-8080-exec-867] org.apache.catalina.core.ApplicationContext.log Manager: list: Listing contexts for virtual host 'localhost'
09-Oct-2019 18:20:48.484 INFO [http-nio-8080-exec-853] org.apache.catalina.core.ApplicationContext.log Manager: restart: Reloading web application '/Opportunity'
09-Oct-2019 18:21:11.709 INFO [http-nio-8080-exec-862] org.apache.catalina.core.ApplicationContext.log Manager: list: Listing contexts for virtual host 'localhost'
09-Oct-2019 18:21:11.970 INFO [http-nio-8080-exec-872] org.apache.catalina.core.ApplicationContext.log Manager: restart: Reloading web application '/Opportunity'
09-Oct-2019 18:24:31.348 INFO [http-nio-8080-exec-859] org.apache.catalina.core.ApplicationContext.log Manager: list: Listing contexts for virtual host 'localhost'
09-Oct-2019 18:24:31.656 INFO [http-nio-8080-exec-870] org.apache.catalina.core.ApplicationContext.log Manager: restart: Reloading web application '/Opportunity'
09-Oct-2019 18:26:02.030 INFO [http-nio-8080-exec-874] org.apache.catalina.core.ApplicationContext.log Manager: list: Listing contexts for virtual host 'localhost'
09-Oct-2019 18:26:02.311 INFO [http-nio-8080-exec-877] org.apache.catalina.core.ApplicationContext.log Manager: restart: Reloading web application '/Opportunity'
09-Oct-2019 18:27:00.734 INFO [http-nio-8080-exec-874] org.apache.catalina.core.ApplicationContext.log Manager: list: Listing contexts for virtual host 'localhost'
09-Oct-2019 18:27:01.040 INFO [http-nio-8080-exec-885] org.apache.catalina.core.ApplicationContext.log Manager: restart: Reloading web application '/Opportunity'
09-Oct-2019 18:27:07.313 INFO [http-nio-8080-exec-874] org.apache.catalina.core.ApplicationContext.log Manager: list: Listing contexts for virtual host 'localhost'
09-Oct-2019 18:27:07.570 INFO [http-nio-8080-exec-888] org.apache.catalina.core.ApplicationContext.log Manager: restart: Reloading web application '/Opportunity'
09-Oct-2019 18:31:29.218 INFO [http-nio-8080-exec-881] org.apache.catalina.core.ApplicationContext.log Manager: list: Listing contexts for virtual host 'localhost'
09-Oct-2019 18:31:29.493 INFO [http-nio-8080-exec-886] org.apache.catalina.core.ApplicationContext.log Manager: restart: Reloading web application '/Opportunity'
09-Oct-2019 18:32:26.991 INFO [http-nio-8080-exec-897] org.apache.catalina.core.ApplicationContext.log Manager: list: Listing contexts for virtual host 'localhost'
09-Oct-2019 18:32:27.258 INFO [http-nio-8080-exec-887] org.apache.catalina.core.ApplicationContext.log Manager: restart: Reloading web application '/Opportunity'
09-Oct-2019 18:34:19.935 INFO [http-nio-8080-exec-907] org.apache.catalina.core.ApplicationContext.log Manager: list: Listing contexts for virtual host 'localhost'
09-Oct-2019 18:34:20.314 INFO [http-nio-8080-exec-908] org.apache.catalina.core.ApplicationContext.log Manager: restart: Reloading web application '/Opportunity'
09-Oct-2019 18:37:40.751 INFO [http-nio-8080-exec-910] org.apache.catalina.core.ApplicationContext.log Manager: list: Listing contexts for virtual host 'localhost'
09-Oct-2019 18:37:41.035 INFO [http-nio-8080-exec-914] org.apache.catalina.core.ApplicationContext.log Manager: restart: Reloading web application '/Opportunity'
09-Oct-2019 18:38:00.305 INFO [http-nio-8080-exec-912] org.apache.catalina.core.ApplicationContext.log Manager: list: Listing contexts for virtual host 'localhost'
09-Oct-2019 18:38:00.672 INFO [http-nio-8080-exec-920] org.apache.catalina.core.ApplicationContext.log Manager: restart: Reloading web application '/Opportunity'
09-Oct-2019 18:40:22.781 INFO [http-nio-8080-exec-915] org.apache.catalina.core.ApplicationContext.log Manager: list: Listing contexts for virtual host 'localhost'
09-Oct-2019 18:40:23.087 INFO [http-nio-8080-exec-916] org.apache.catalina.core.ApplicationContext.log Manager: restart: Reloading web application '/Opportunity'
09-Oct-2019 18:41:48.360 INFO [http-nio-8080-exec-928] org.apache.catalina.core.ApplicationContext.log Manager: list: Listing contexts for virtual host 'localhost'
09-Oct-2019 18:41:48.603 INFO [http-nio-8080-exec-931] org.apache.catalina.core.ApplicationContext.log Manager: restart: Reloading web application '/Opportunity'
09-Oct-2019 18:43:22.306 INFO [http-nio-8080-exec-928] org.apache.catalina.core.ApplicationContext.log Manager: list: Listing contexts for virtual host 'localhost'
09-Oct-2019 18:43:22.616 INFO [http-nio-8080-exec-936] org.apache.catalina.core.ApplicationContext.log Manager: restart: Reloading web application '/Opportunity'
09-Oct-2019 18:44:39.359 INFO [http-nio-8080-exec-935] org.apache.catalina.core.ApplicationContext.log Manager: list: Listing contexts for virtual host 'localhost'
09-Oct-2019 18:44:39.758 INFO [http-nio-8080-exec-928] org.apache.catalina.core.ApplicationContext.log Manager: restart: Reloading web application '/Opportunity'
09-Oct-2019 18:45:57.381 INFO [http-nio-8080-exec-932] org.apache.catalina.core.ApplicationContext.log Manager: list: Listing contexts for virtual host 'localhost'
09-Oct-2019 18:45:57.601 INFO [http-nio-8080-exec-938] org.apache.catalina.core.ApplicationContext.log Manager: restart: Reloading web application '/Opportunity'
09-Oct-2019 18:49:19.816 INFO [http-nio-8080-exec-951] org.apache.catalina.core.ApplicationContext.log Manager: list: Listing contexts for virtual host 'localhost'
09-Oct-2019 18:49:20.216 INFO [http-nio-8080-exec-932] org.apache.catalina.core.ApplicationContext.log Manager: restart: Reloading web application '/Opportunity'
09-Oct-2019 18:49:52.876 INFO [http-nio-8080-exec-949] org.apache.catalina.core.ApplicationContext.log Manager: list: Listing contexts for virtual host 'localhost'
09-Oct-2019 18:49:53.176 INFO [http-nio-8080-exec-953] org.apache.catalina.core.ApplicationContext.log Manager: restart: Reloading web application '/Opportunity'
09-Oct-2019 18:50:41.296 INFO [http-nio-8080-exec-952] org.apache.catalina.core.ApplicationContext.log Manager: list: Listing contexts for virtual host 'localhost'
09-Oct-2019 18:50:41.626 INFO [http-nio-8080-exec-949] org.apache.catalina.core.ApplicationContext.log Manager: restart: Reloading web application '/Opportunity'
09-Oct-2019 18:51:43.522 INFO [http-nio-8080-exec-956] org.apache.catalina.core.ApplicationContext.log Manager: list: Listing contexts for virtual host 'localhost'
09-Oct-2019 18:51:44.109 INFO [http-nio-8080-exec-954] org.apache.catalina.core.ApplicationContext.log Manager: restart: Reloading web application '/Opportunity'
09-Oct-2019 18:55:40.461 INFO [http-nio-8080-exec-966] org.apache.catalina.core.ApplicationContext.log Manager: list: Listing contexts for virtual host 'localhost'
09-Oct-2019 18:55:40.909 INFO [http-nio-8080-exec-967] org.apache.catalina.core.ApplicationContext.log Manager: restart: Reloading web application '/Opportunity'
09-Oct-2019 18:56:02.146 INFO [http-nio-8080-exec-959] org.apache.catalina.core.ApplicationContext.log Manager: list: Listing contexts for virtual host 'localhost'
09-Oct-2019 18:56:02.537 INFO [http-nio-8080-exec-965] org.apache.catalina.core.ApplicationContext.log Manager: restart: Reloading web application '/Opportunity'
09-Oct-2019 18:57:50.920 INFO [http-nio-8080-exec-968] org.apache.catalina.core.ApplicationContext.log Manager: list: Listing contexts for virtual host 'localhost'
09-Oct-2019 18:57:51.270 INFO [http-nio-8080-exec-966] org.apache.catalina.core.ApplicationContext.log Manager: restart: Reloading web application '/Opportunity'
09-Oct-2019 18:58:23.717 INFO [http-nio-8080-exec-974] org.apache.catalina.core.ApplicationContext.log Manager: list: Listing contexts for virtual host 'localhost'
09-Oct-2019 18:58:23.991 INFO [http-nio-8080-exec-977] org.apache.catalina.core.ApplicationContext.log Manager: restart: Reloading web application '/Opportunity'
09-Oct-2019 19:02:15.393 INFO [http-nio-8080-exec-974] org.apache.catalina.core.ApplicationContext.log Manager: list: Listing contexts for virtual host 'localhost'
09-Oct-2019 19:02:15.690 INFO [http-nio-8080-exec-984] org.apache.catalina.core.ApplicationContext.log Manager: restart: Reloading web application '/Opportunity'
09-Oct-2019 19:02:35.756 INFO [http-nio-8080-exec-985] org.apache.catalina.core.ApplicationContext.log Manager: list: Listing contexts for virtual host 'localhost'
09-Oct-2019 19:02:36.050 INFO [http-nio-8080-exec-980] org.apache.catalina.core.ApplicationContext.log Manager: restart: Reloading web application '/Opportunity'
09-Oct-2019 19:03:28.141 INFO [http-nio-8080-exec-982] org.apache.catalina.core.ApplicationContext.log Manager: list: Listing contexts for virtual host 'localhost'
09-Oct-2019 19:03:28.482 INFO [http-nio-8080-exec-974] org.apache.catalina.core.ApplicationContext.log Manager: restart: Reloading web application '/Opportunity'
09-Oct-2019 19:05:24.095 INFO [http-nio-8080-exec-990] org.apache.catalina.core.ApplicationContext.log Manager: list: Listing contexts for virtual host 'localhost'
09-Oct-2019 19:05:24.388 INFO [http-nio-8080-exec-971] org.apache.catalina.core.ApplicationContext.log Manager: restart: Reloading web application '/Opportunity'
09-Oct-2019 19:06:15.616 INFO [http-nio-8080-exec-996] org.apache.catalina.core.ApplicationContext.log Manager: list: Listing contexts for virtual host 'localhost'
09-Oct-2019 19:06:15.927 INFO [http-nio-8080-exec-994] org.apache.catalina.core.ApplicationContext.log Manager: restart: Reloading web application '/Opportunity'
09-Oct-2019 19:06:51.269 INFO [http-nio-8080-exec-991] org.apache.catalina.core.ApplicationContext.log Manager: list: Listing contexts for virtual host 'localhost'
09-Oct-2019 19:06:51.328 INFO [http-nio-8080-exec-982] org.apache.catalina.core.ApplicationContext.log Manager: stop: Stopping web application '/Opportunity'
09-Oct-2019 19:06:51.894 INFO [http-nio-8080-exec-999] org.apache.catalina.core.ApplicationContext.log Manager: start: Starting web application '/Opportunity'
09-Oct-2019 19:07:35.448 INFO [http-nio-8080-exec-990] org.apache.catalina.core.ApplicationContext.log Manager: list: Listing contexts for virtual host 'localhost'
09-Oct-2019 19:07:35.482 INFO [http-nio-8080-exec-1000] org.apache.catalina.core.ApplicationContext.log Manager: undeploy: Undeploying web application at '/Opportunity'
09-Oct-2019 19:18:44.243 INFO [http-nio-8080-exec-1008] org.apache.catalina.core.ApplicationContext.log Manager: list: Listing contexts for virtual host 'localhost'
09-Oct-2019 19:19:24.195 INFO [http-nio-8080-exec-1006] org.apache.catalina.core.ApplicationContext.log Manager: list: Listing contexts for virtual host 'localhost'
09-Oct-2019 19:19:32.697 INFO [http-nio-8080-exec-1013] org.apache.catalina.core.ApplicationContext.log Manager: list: Listing contexts for virtual host 'localhost'
09-Oct-2019 19:19:59.108 INFO [http-nio-8080-exec-1010] org.apache.catalina.core.ApplicationContext.log Manager: list: Listing contexts for virtual host 'localhost'
09-Oct-2019 19:20:15.491 INFO [http-nio-8080-exec-1008] org.apache.catalina.core.ApplicationContext.log Manager: list: Listing contexts for virtual host 'localhost'
09-Oct-2019 19:24:00.743 INFO [http-nio-8080-exec-1006] org.apache.catalina.core.ApplicationContext.log Manager: list: Listing contexts for virtual host 'localhost'
09-Oct-2019 19:24:04.102 INFO [http-nio-8080-exec-1011] org.apache.catalina.core.ApplicationContext.log Manager: list: Listing contexts for virtual host 'localhost'
09-Oct-2019 19:24:53.109 INFO [http-nio-8080-exec-1009] org.apache.catalina.core.ApplicationContext.log Manager: list: Listing contexts for virtual host 'localhost'
09-Oct-2019 19:25:06.336 INFO [http-nio-8080-exec-1005] org.apache.catalina.core.ApplicationContext.log Manager: list: Listing contexts for virtual host 'localhost'
09-Oct-2019 19:25:15.672 INFO [http-nio-8080-exec-1007] org.apache.catalina.core.ApplicationContext.log Manager: list: Listing contexts for virtual host 'localhost'
09-Oct-2019 19:27:01.849 INFO [http-nio-8080-exec-1012] org.apache.catalina.core.ApplicationContext.log Manager: list: Listing contexts for virtual host 'localhost'
09-Oct-2019 19:27:01.851 INFO [http-nio-8080-exec-1013] org.apache.catalina.core.ApplicationContext.log Manager: list: Listing contexts for virtual host 'localhost'
09-Oct-2019 19:27:01.973 INFO [http-nio-8080-exec-1014] org.apache.catalina.core.ApplicationContext.log Manager: install: Installing context configuration at 'file:/C:/Users/PAULO~1.BEZ/AppData/Local/Temp/context7517082478874636324.xml'
09-Oct-2019 19:27:05.226 INFO [http-nio-8080-exec-1007] org.apache.catalina.core.ApplicationContext.log Manager: start: Starting web application '/Opportunity'
09-Oct-2019 19:28:36.974 INFO [http-nio-8080-exec-1008] org.apache.catalina.core.ApplicationContext.log Manager: list: Listing contexts for virtual host 'localhost'
09-Oct-2019 19:28:37.586 INFO [http-nio-8080-exec-1010] org.apache.catalina.core.ApplicationContext.log Manager: restart: Reloading web application '/Opportunity'
09-Oct-2019 19:30:50.595 INFO [http-nio-8080-exec-1015] org.apache.catalina.core.ApplicationContext.log Manager: list: Listing contexts for virtual host 'localhost'
09-Oct-2019 19:30:51.179 INFO [http-nio-8080-exec-1021] org.apache.catalina.core.ApplicationContext.log Manager: restart: Reloading web application '/Opportunity'
09-Oct-2019 19:31:30.500 INFO [http-nio-8080-exec-1028] org.apache.catalina.core.ApplicationContext.log Manager: list: Listing contexts for virtual host 'localhost'
09-Oct-2019 19:31:30.856 INFO [http-nio-8080-exec-1029] org.apache.catalina.core.ApplicationContext.log Manager: restart: Reloading web application '/Opportunity'
09-Oct-2019 19:31:51.235 INFO [http-nio-8080-exec-1027] org.apache.catalina.core.ApplicationContext.log Manager: list: Listing contexts for virtual host 'localhost'
09-Oct-2019 19:31:51.491 INFO [http-nio-8080-exec-1031] org.apache.catalina.core.ApplicationContext.log Manager: restart: Reloading web application '/Opportunity'
09-Oct-2019 19:32:10.509 INFO [http-nio-8080-exec-1027] org.apache.catalina.core.ApplicationContext.log Manager: list: Listing contexts for virtual host 'localhost'
09-Oct-2019 19:32:10.572 INFO [http-nio-8080-exec-1030] org.apache.catalina.core.ApplicationContext.log Manager: stop: Stopping web application '/Opportunity'
09-Oct-2019 19:32:10.990 INFO [http-nio-8080-exec-1036] org.apache.catalina.core.ApplicationContext.log Manager: start: Starting web application '/Opportunity'
09-Oct-2019 19:32:20.258 INFO [http-nio-8080-exec-1035] org.apache.catalina.core.ApplicationContext.log Manager: list: Listing contexts for virtual host 'localhost'
09-Oct-2019 19:32:20.274 INFO [http-nio-8080-exec-1016] org.apache.catalina.core.ApplicationContext.log Manager: undeploy: Undeploying web application at '/Opportunity'
09-Oct-2019 19:51:32.789 INFO [http-nio-8080-exec-1046] org.apache.catalina.core.ApplicationContext.log Manager: list: Listing contexts for virtual host 'localhost'
09-Oct-2019 19:53:35.381 INFO [http-nio-8080-exec-1044] org.apache.catalina.core.ApplicationContext.log Manager: list: Listing contexts for virtual host 'localhost'
09-Oct-2019 19:54:35.071 INFO [http-nio-8080-exec-1042] org.apache.catalina.core.ApplicationContext.log Manager: list: Listing contexts for virtual host 'localhost'
09-Oct-2019 19:54:52.804 INFO [http-nio-8080-exec-1040] org.apache.catalina.core.ApplicationContext.log Manager: list: Listing contexts for virtual host 'localhost'
