31-Jul-2019 11:11:20.748 INFO [http-nio-8080-exec-852] org.apache.catalina.core.ApplicationContext.log Manager: list: Listing contexts for virtual host 'localhost'
31-Jul-2019 11:11:21.414 INFO [http-nio-8080-exec-853] org.apache.catalina.core.ApplicationContext.log Manager: restart: Reloading web application '/Opportunity'
31-Jul-2019 11:11:47.380 INFO [http-nio-8080-exec-856] org.apache.catalina.core.ApplicationContext.log Manager: list: Listing contexts for virtual host 'localhost'
31-Jul-2019 11:11:55.977 INFO [http-nio-8080-exec-852] org.apache.catalina.core.ApplicationContext.log Manager: undeploy: Undeploying web application at '/Opportunity'
31-Jul-2019 11:12:36.290 INFO [http-nio-8080-exec-862] org.apache.catalina.core.ApplicationContext.log Manager: list: Listing contexts for virtual host 'localhost'
31-Jul-2019 11:14:03.011 INFO [http-nio-8080-exec-865] org.apache.catalina.core.ApplicationContext.log Manager: list: Listing contexts for virtual host 'localhost'
31-Jul-2019 11:18:14.879 INFO [http-nio-8080-exec-864] org.apache.catalina.core.ApplicationContext.log Manager: list: Listing contexts for virtual host 'localhost'
31-Jul-2019 11:18:14.885 INFO [http-nio-8080-exec-872] org.apache.catalina.core.ApplicationContext.log Manager: list: Listing contexts for virtual host 'localhost'
31-Jul-2019 11:18:15.275 INFO [http-nio-8080-exec-865] org.apache.catalina.core.ApplicationContext.log Manager: install: Installing context configuration at 'file:/C:/Users/PAULO~1.BEZ/AppData/Local/Temp/context7773447508268321791.xml'
31-Jul-2019 11:18:22.584 INFO [http-nio-8080-exec-866] org.apache.catalina.core.ApplicationContext.log Manager: start: Starting web application '/Opportunity'
31-Jul-2019 11:19:05.413 INFO [http-nio-8080-exec-863] org.apache.catalina.core.ApplicationContext.log Manager: list: Listing contexts for virtual host 'localhost'
31-Jul-2019 11:19:06.054 INFO [http-nio-8080-exec-869] org.apache.catalina.core.ApplicationContext.log Manager: restart: Reloading web application '/Opportunity'
31-Jul-2019 11:19:58.916 INFO [http-nio-8080-exec-871] org.apache.catalina.core.ApplicationContext.log Manager: list: Listing contexts for virtual host 'localhost'
31-Jul-2019 11:19:59.196 INFO [http-nio-8080-exec-863] org.apache.catalina.core.ApplicationContext.log Manager: restart: Reloading web application '/Opportunity'
31-Jul-2019 11:21:03.748 INFO [http-nio-8080-exec-877] org.apache.catalina.core.ApplicationContext.log Manager: list: Listing contexts for virtual host 'localhost'
31-Jul-2019 11:21:04.123 INFO [http-nio-8080-exec-879] org.apache.catalina.core.ApplicationContext.log Manager: restart: Reloading web application '/Opportunity'
31-Jul-2019 11:23:07.949 INFO [http-nio-8080-exec-882] org.apache.catalina.core.ApplicationContext.log Manager: list: Listing contexts for virtual host 'localhost'
31-Jul-2019 11:23:08.379 INFO [http-nio-8080-exec-881] org.apache.catalina.core.ApplicationContext.log Manager: restart: Reloading web application '/Opportunity'
31-Jul-2019 11:23:34.480 INFO [http-nio-8080-exec-884] org.apache.catalina.core.ApplicationContext.log Manager: list: Listing contexts for virtual host 'localhost'
31-Jul-2019 11:23:35.322 INFO [http-nio-8080-exec-889] org.apache.catalina.core.ApplicationContext.log Manager: restart: Reloading web application '/Opportunity'
31-Jul-2019 11:23:47.918 INFO [http-nio-8080-exec-886] org.apache.catalina.core.ApplicationContext.log Manager: list: Listing contexts for virtual host 'localhost'
31-Jul-2019 11:23:47.950 INFO [http-nio-8080-exec-888] org.apache.catalina.core.ApplicationContext.log Manager: undeploy: Undeploying web application at '/Opportunity'
31-Jul-2019 12:36:38.487 INFO [http-nio-8080-exec-900] org.apache.catalina.core.ApplicationContext.log Manager: list: Listing contexts for virtual host 'localhost'
31-Jul-2019 12:36:38.713 INFO [http-nio-8080-exec-901] org.apache.catalina.core.ApplicationContext.log Manager: list: Listing contexts for virtual host 'localhost'
31-Jul-2019 12:36:38.894 INFO [http-nio-8080-exec-902] org.apache.catalina.core.ApplicationContext.log Manager: install: Installing context configuration at 'file:/C:/Users/PAULO~1.BEZ/AppData/Local/Temp/context7347439693327618760.xml'
31-Jul-2019 12:36:46.810 INFO [http-nio-8080-exec-903] org.apache.catalina.core.ApplicationContext.log Manager: start: Starting web application '/Opportunity'
31-Jul-2019 12:40:37.955 INFO [http-nio-8080-exec-898] org.apache.catalina.core.ApplicationContext.log Manager: list: Listing contexts for virtual host 'localhost'
31-Jul-2019 12:40:38.429 INFO [http-nio-8080-exec-899] org.apache.catalina.core.ApplicationContext.log Manager: restart: Reloading web application '/Opportunity'
31-Jul-2019 12:42:38.583 INFO [http-nio-8080-exec-905] org.apache.catalina.core.ApplicationContext.log Manager: list: Listing contexts for virtual host 'localhost'
31-Jul-2019 12:42:38.874 INFO [http-nio-8080-exec-901] org.apache.catalina.core.ApplicationContext.log Manager: restart: Reloading web application '/Opportunity'
31-Jul-2019 12:42:48.503 INFO [http-nio-8080-exec-905] org.apache.catalina.core.ApplicationContext.log Manager: list: Listing contexts for virtual host 'localhost'
31-Jul-2019 12:42:48.771 INFO [http-nio-8080-exec-896] org.apache.catalina.core.ApplicationContext.log Manager: restart: Reloading web application '/Opportunity'
31-Jul-2019 12:43:36.163 INFO [http-nio-8080-exec-915] org.apache.catalina.core.ApplicationContext.log Manager: list: Listing contexts for virtual host 'localhost'
31-Jul-2019 12:43:36.454 INFO [http-nio-8080-exec-906] org.apache.catalina.core.ApplicationContext.log Manager: restart: Reloading web application '/Opportunity'
31-Jul-2019 12:45:23.007 INFO [http-nio-8080-exec-925] org.apache.catalina.core.ApplicationContext.log Manager: list: Listing contexts for virtual host 'localhost'
31-Jul-2019 12:45:23.293 INFO [http-nio-8080-exec-926] org.apache.catalina.core.ApplicationContext.log Manager: restart: Reloading web application '/Opportunity'
31-Jul-2019 12:47:57.661 INFO [http-nio-8080-exec-938] org.apache.catalina.core.ApplicationContext.log Manager: list: Listing contexts for virtual host 'localhost'
31-Jul-2019 12:47:57.879 INFO [http-nio-8080-exec-930] org.apache.catalina.core.ApplicationContext.log Manager: restart: Reloading web application '/Opportunity'
31-Jul-2019 12:48:08.250 INFO [http-nio-8080-exec-935] org.apache.catalina.core.ApplicationContext.log Manager: list: Listing contexts for virtual host 'localhost'
31-Jul-2019 12:48:08.270 INFO [http-nio-8080-exec-938] org.apache.catalina.core.ApplicationContext.log Manager: undeploy: Undeploying web application at '/Opportunity'
31-Jul-2019 14:37:15.321 INFO [http-nio-8080-exec-944] org.apache.catalina.core.ApplicationContext.log Manager: list: Listing contexts for virtual host 'localhost'
31-Jul-2019 14:37:54.278 INFO [http-nio-8080-exec-949] org.apache.catalina.core.ApplicationContext.log Manager: list: Listing contexts for virtual host 'localhost'
31-Jul-2019 14:40:08.569 INFO [http-nio-8080-exec-945] org.apache.catalina.core.ApplicationContext.log Manager: list: Listing contexts for virtual host 'localhost'
31-Jul-2019 14:40:08.569 INFO [http-nio-8080-exec-946] org.apache.catalina.core.ApplicationContext.log Manager: list: Listing contexts for virtual host 'localhost'
31-Jul-2019 14:40:08.725 INFO [http-nio-8080-exec-947] org.apache.catalina.core.ApplicationContext.log Manager: install: Installing context configuration at 'file:/C:/Users/PAULO~1.BEZ/AppData/Local/Temp/context3280537749928568549.xml'
31-Jul-2019 14:40:12.087 INFO [http-nio-8080-exec-948] org.apache.catalina.core.ApplicationContext.log Manager: start: Starting web application '/Opportunity'
31-Jul-2019 14:46:22.439 INFO [http-nio-8080-exec-941] org.apache.catalina.core.ApplicationContext.log Manager: list: Listing contexts for virtual host 'localhost'
31-Jul-2019 14:46:22.818 INFO [http-nio-8080-exec-947] org.apache.catalina.core.ApplicationContext.log Manager: restart: Reloading web application '/Opportunity'
31-Jul-2019 14:49:37.198 INFO [http-nio-8080-exec-955] org.apache.catalina.core.ApplicationContext.log Manager: list: Listing contexts for virtual host 'localhost'
31-Jul-2019 14:49:37.470 INFO [http-nio-8080-exec-956] org.apache.catalina.core.ApplicationContext.log Manager: restart: Reloading web application '/Opportunity'
31-Jul-2019 14:51:41.043 INFO [http-nio-8080-exec-963] org.apache.catalina.core.ApplicationContext.log Manager: list: Listing contexts for virtual host 'localhost'
31-Jul-2019 14:51:41.367 INFO [http-nio-8080-exec-958] org.apache.catalina.core.ApplicationContext.log Manager: restart: Reloading web application '/Opportunity'
31-Jul-2019 14:56:34.060 INFO [http-nio-8080-exec-974] org.apache.catalina.core.ApplicationContext.log Manager: list: Listing contexts for virtual host 'localhost'
31-Jul-2019 14:56:34.293 INFO [http-nio-8080-exec-966] org.apache.catalina.core.ApplicationContext.log Manager: restart: Reloading web application '/Opportunity'
31-Jul-2019 15:03:04.403 INFO [http-nio-8080-exec-979] org.apache.catalina.core.ApplicationContext.log Manager: list: Listing contexts for virtual host 'localhost'
31-Jul-2019 15:03:04.716 INFO [http-nio-8080-exec-980] org.apache.catalina.core.ApplicationContext.log Manager: restart: Reloading web application '/Opportunity'
31-Jul-2019 15:04:57.953 INFO [http-nio-8080-exec-987] org.apache.catalina.core.ApplicationContext.log Manager: list: Listing contexts for virtual host 'localhost'
31-Jul-2019 15:04:58.204 INFO [http-nio-8080-exec-990] org.apache.catalina.core.ApplicationContext.log Manager: restart: Reloading web application '/Opportunity'
31-Jul-2019 15:07:01.076 INFO [http-nio-8080-exec-995] org.apache.catalina.core.ApplicationContext.log Manager: list: Listing contexts for virtual host 'localhost'
31-Jul-2019 15:07:01.340 INFO [http-nio-8080-exec-988] org.apache.catalina.core.ApplicationContext.log Manager: restart: Reloading web application '/Opportunity'
31-Jul-2019 15:07:13.299 INFO [http-nio-8080-exec-995] org.apache.catalina.core.ApplicationContext.log Manager: list: Listing contexts for virtual host 'localhost'
31-Jul-2019 15:07:13.543 INFO [http-nio-8080-exec-998] org.apache.catalina.core.ApplicationContext.log Manager: restart: Reloading web application '/Opportunity'
31-Jul-2019 15:07:23.425 INFO [http-nio-8080-exec-995] org.apache.catalina.core.ApplicationContext.log Manager: list: Listing contexts for virtual host 'localhost'
31-Jul-2019 15:07:23.427 INFO [http-nio-8080-exec-1001] org.apache.catalina.core.ApplicationContext.log Manager: list: Listing contexts for virtual host 'localhost'
31-Jul-2019 15:07:23.496 INFO [http-nio-8080-exec-997] org.apache.catalina.core.ApplicationContext.log Manager: undeploy: Undeploying web application at '/Opportunity'
31-Jul-2019 15:07:24.562 INFO [http-nio-8080-exec-995] org.apache.catalina.core.ApplicationContext.log Manager: install: Installing context configuration at 'file:/C:/Users/PAULO~1.BEZ/AppData/Local/Temp/context270136425531367579.xml'
31-Jul-2019 15:07:26.101 INFO [http-nio-8080-exec-1000] org.apache.catalina.core.ApplicationContext.log Manager: start: Starting web application '/Opportunity'
31-Jul-2019 15:32:36.454 INFO [http-nio-8080-exec-9] org.apache.catalina.core.ApplicationContext.log Manager: init: Associated with Deployer 'Catalina:type=Deployer,host=localhost'
31-Jul-2019 15:32:36.455 INFO [http-nio-8080-exec-9] org.apache.catalina.core.ApplicationContext.log Manager: init: Global resources are available
31-Jul-2019 15:32:36.455 INFO [http-nio-8080-exec-9] org.apache.catalina.core.ApplicationContext.log Manager: list: Listing contexts for virtual host 'localhost'
31-Jul-2019 15:32:36.476 INFO [http-nio-8080-exec-10] org.apache.catalina.core.ApplicationContext.log Manager: list: Listing contexts for virtual host 'localhost'
31-Jul-2019 15:32:36.549 INFO [http-nio-8080-exec-4] org.apache.catalina.core.ApplicationContext.log Manager: undeploy: Undeploying web application at '/Opportunity'
31-Jul-2019 15:32:37.470 INFO [http-nio-8080-exec-10] org.apache.catalina.core.ApplicationContext.log Manager: install: Installing context configuration at 'file:/C:/Users/PAULO~1.BEZ/AppData/Local/Temp/context2791734970474817522.xml'
31-Jul-2019 15:32:39.914 INFO [http-nio-8080-exec-5] org.apache.catalina.core.ApplicationContext.log Manager: start: Starting web application '/Opportunity'
31-Jul-2019 15:34:20.171 INFO [http-nio-8080-exec-17] org.apache.catalina.core.ApplicationContext.log Manager: list: Listing contexts for virtual host 'localhost'
31-Jul-2019 15:34:21.863 INFO [http-nio-8080-exec-11] org.apache.catalina.core.ApplicationContext.log Manager: restart: Reloading web application '/Opportunity'
31-Jul-2019 15:47:00.230 INFO [http-nio-8080-exec-28] org.apache.catalina.core.ApplicationContext.log Manager: list: Listing contexts for virtual host 'localhost'
31-Jul-2019 15:47:00.871 INFO [http-nio-8080-exec-29] org.apache.catalina.core.ApplicationContext.log Manager: restart: Reloading web application '/Opportunity'
31-Jul-2019 15:48:18.161 INFO [http-nio-8080-exec-34] org.apache.catalina.core.ApplicationContext.log Manager: list: Listing contexts for virtual host 'localhost'
31-Jul-2019 15:48:18.754 INFO [http-nio-8080-exec-24] org.apache.catalina.core.ApplicationContext.log Manager: restart: Reloading web application '/Opportunity'
31-Jul-2019 15:49:31.346 INFO [http-nio-8080-exec-35] org.apache.catalina.core.ApplicationContext.log Manager: list: Listing contexts for virtual host 'localhost'
31-Jul-2019 15:49:32.081 INFO [http-nio-8080-exec-36] org.apache.catalina.core.ApplicationContext.log Manager: restart: Reloading web application '/Opportunity'
31-Jul-2019 15:50:02.850 INFO [http-nio-8080-exec-42] org.apache.catalina.core.ApplicationContext.log Manager: list: Listing contexts for virtual host 'localhost'
31-Jul-2019 15:50:03.287 INFO [http-nio-8080-exec-39] org.apache.catalina.core.ApplicationContext.log Manager: restart: Reloading web application '/Opportunity'
31-Jul-2019 15:52:26.942 INFO [http-nio-8080-exec-55] org.apache.catalina.core.ApplicationContext.log Manager: list: Listing contexts for virtual host 'localhost'
31-Jul-2019 15:52:27.763 INFO [http-nio-8080-exec-56] org.apache.catalina.core.ApplicationContext.log Manager: restart: Reloading web application '/Opportunity'
31-Jul-2019 15:53:19.983 INFO [http-nio-8080-exec-55] org.apache.catalina.core.ApplicationContext.log Manager: list: Listing contexts for virtual host 'localhost'
31-Jul-2019 15:53:20.273 INFO [http-nio-8080-exec-57] org.apache.catalina.core.ApplicationContext.log Manager: restart: Reloading web application '/Opportunity'
31-Jul-2019 15:53:37.821 INFO [http-nio-8080-exec-58] org.apache.catalina.core.ApplicationContext.log Manager: list: Listing contexts for virtual host 'localhost'
31-Jul-2019 15:53:38.086 INFO [http-nio-8080-exec-53] org.apache.catalina.core.ApplicationContext.log Manager: restart: Reloading web application '/Opportunity'
31-Jul-2019 15:55:05.161 INFO [http-nio-8080-exec-69] org.apache.catalina.core.ApplicationContext.log Manager: list: Listing contexts for virtual host 'localhost'
31-Jul-2019 15:55:05.564 INFO [http-nio-8080-exec-64] org.apache.catalina.core.ApplicationContext.log Manager: restart: Reloading web application '/Opportunity'
31-Jul-2019 15:56:50.443 INFO [http-nio-8080-exec-76] org.apache.catalina.core.ApplicationContext.log Manager: list: Listing contexts for virtual host 'localhost'
31-Jul-2019 15:56:51.193 INFO [http-nio-8080-exec-77] org.apache.catalina.core.ApplicationContext.log Manager: restart: Reloading web application '/Opportunity'
31-Jul-2019 15:57:32.865 INFO [http-nio-8080-exec-67] org.apache.catalina.core.ApplicationContext.log Manager: list: Listing contexts for virtual host 'localhost'
31-Jul-2019 15:57:33.286 INFO [http-nio-8080-exec-82] org.apache.catalina.core.ApplicationContext.log Manager: restart: Reloading web application '/Opportunity'
31-Jul-2019 15:59:50.149 INFO [http-nio-8080-exec-94] org.apache.catalina.core.ApplicationContext.log Manager: list: Listing contexts for virtual host 'localhost'
31-Jul-2019 15:59:50.618 INFO [http-nio-8080-exec-95] org.apache.catalina.core.ApplicationContext.log Manager: restart: Reloading web application '/Opportunity'
31-Jul-2019 16:00:11.717 INFO [http-nio-8080-exec-87] org.apache.catalina.core.ApplicationContext.log Manager: list: Listing contexts for virtual host 'localhost'
31-Jul-2019 16:00:11.733 INFO [http-nio-8080-exec-92] org.apache.catalina.core.ApplicationContext.log Manager: undeploy: Undeploying web application at '/Opportunity'
31-Jul-2019 16:07:38.708 INFO [http-nio-8080-exec-102] org.apache.catalina.core.ApplicationContext.log Manager: list: Listing contexts for virtual host 'localhost'
31-Jul-2019 16:07:54.188 INFO [http-nio-8080-exec-106] org.apache.catalina.core.ApplicationContext.log Manager: list: Listing contexts for virtual host 'localhost'
31-Jul-2019 16:08:12.362 INFO [http-nio-8080-exec-100] org.apache.catalina.core.ApplicationContext.log Manager: list: Listing contexts for virtual host 'localhost'
31-Jul-2019 16:28:23.144 INFO [http-nio-8080-exec-104] org.apache.catalina.core.ApplicationContext.log Manager: list: Listing contexts for virtual host 'localhost'
31-Jul-2019 16:29:39.263 INFO [http-nio-8080-exec-107] org.apache.catalina.core.ApplicationContext.log Manager: list: Listing contexts for virtual host 'localhost'
31-Jul-2019 16:30:34.920 INFO [http-nio-8080-exec-103] org.apache.catalina.core.ApplicationContext.log Manager: list: Listing contexts for virtual host 'localhost'
31-Jul-2019 16:30:51.281 INFO [http-nio-8080-exec-108] org.apache.catalina.core.ApplicationContext.log Manager: list: Listing contexts for virtual host 'localhost'
31-Jul-2019 16:38:26.427 INFO [http-nio-8080-exec-102] org.apache.catalina.core.ApplicationContext.log Manager: list: Listing contexts for virtual host 'localhost'
31-Jul-2019 16:40:45.989 INFO [http-nio-8080-exec-107] org.apache.catalina.core.ApplicationContext.log Manager: list: Listing contexts for virtual host 'localhost'
31-Jul-2019 16:40:45.991 INFO [http-nio-8080-exec-109] org.apache.catalina.core.ApplicationContext.log Manager: list: Listing contexts for virtual host 'localhost'
31-Jul-2019 16:40:46.133 INFO [http-nio-8080-exec-100] org.apache.catalina.core.ApplicationContext.log Manager: install: Installing context configuration at 'file:/C:/Users/PAULO~1.BEZ/AppData/Local/Temp/context3574914888968089776.xml'
31-Jul-2019 16:40:47.913 INFO [http-nio-8080-exec-101] org.apache.catalina.core.ApplicationContext.log Manager: start: Starting web application '/Opportunity'
31-Jul-2019 16:43:51.105 INFO [http-nio-8080-exec-104] org.apache.catalina.core.ApplicationContext.log Manager: list: Listing contexts for virtual host 'localhost'
31-Jul-2019 16:43:51.565 INFO [http-nio-8080-exec-105] org.apache.catalina.core.ApplicationContext.log Manager: restart: Reloading web application '/Opportunity'
31-Jul-2019 16:44:38.205 INFO [http-nio-8080-exec-109] org.apache.catalina.core.ApplicationContext.log Manager: list: Listing contexts for virtual host 'localhost'
31-Jul-2019 16:44:38.221 INFO [http-nio-8080-exec-107] org.apache.catalina.core.ApplicationContext.log Manager: undeploy: Undeploying web application at '/Opportunity'
31-Jul-2019 16:49:32.673 INFO [http-nio-8080-exec-116] org.apache.catalina.core.ApplicationContext.log Manager: list: Listing contexts for virtual host 'localhost'
31-Jul-2019 16:49:35.479 INFO [http-nio-8080-exec-117] org.apache.catalina.core.ApplicationContext.log Manager: list: Listing contexts for virtual host 'localhost'
31-Jul-2019 16:49:35.483 INFO [http-nio-8080-exec-107] org.apache.catalina.core.ApplicationContext.log Manager: list: Listing contexts for virtual host 'localhost'
31-Jul-2019 16:49:35.578 INFO [http-nio-8080-exec-113] org.apache.catalina.core.ApplicationContext.log Manager: install: Installing context configuration at 'file:/C:/Users/PAULO~1.BEZ/AppData/Local/Temp/context927092267582028469.xml'
31-Jul-2019 16:49:37.023 INFO [http-nio-8080-exec-114] org.apache.catalina.core.ApplicationContext.log Manager: start: Starting web application '/Opportunity'
31-Jul-2019 16:52:05.129 INFO [http-nio-8080-exec-119] org.apache.catalina.core.ApplicationContext.log Manager: list: Listing contexts for virtual host 'localhost'
31-Jul-2019 16:52:05.507 INFO [http-nio-8080-exec-120] org.apache.catalina.core.ApplicationContext.log Manager: restart: Reloading web application '/Opportunity'
31-Jul-2019 16:52:10.618 INFO [http-nio-8080-exec-114] org.apache.catalina.core.ApplicationContext.log Manager: list: Listing contexts for virtual host 'localhost'
31-Jul-2019 16:52:10.620 INFO [http-nio-8080-exec-117] org.apache.catalina.core.ApplicationContext.log Manager: list: Listing contexts for virtual host 'localhost'
31-Jul-2019 16:52:10.630 INFO [http-nio-8080-exec-123] org.apache.catalina.core.ApplicationContext.log Manager: undeploy: Undeploying web application at '/Opportunity'
31-Jul-2019 16:52:11.351 INFO [http-nio-8080-exec-122] org.apache.catalina.core.ApplicationContext.log Manager: install: Installing context configuration at 'file:/C:/Users/PAULO~1.BEZ/AppData/Local/Temp/context2547318829061340063.xml'
31-Jul-2019 16:52:12.775 INFO [http-nio-8080-exec-124] org.apache.catalina.core.ApplicationContext.log Manager: start: Starting web application '/Opportunity'
31-Jul-2019 16:52:33.591 INFO [http-nio-8080-exec-125] org.apache.catalina.core.ApplicationContext.log Manager: list: Listing contexts for virtual host 'localhost'
31-Jul-2019 16:52:34.059 INFO [http-nio-8080-exec-124] org.apache.catalina.core.ApplicationContext.log Manager: restart: Reloading web application '/Opportunity'
31-Jul-2019 16:52:42.488 INFO [http-nio-8080-exec-123] org.apache.catalina.core.ApplicationContext.log Manager: list: Listing contexts for virtual host 'localhost'
31-Jul-2019 16:52:42.499 INFO [http-nio-8080-exec-126] org.apache.catalina.core.ApplicationContext.log Manager: undeploy: Undeploying web application at '/Opportunity'
31-Jul-2019 16:57:27.106 INFO [http-nio-8080-exec-136] org.apache.catalina.core.ApplicationContext.log Manager: list: Listing contexts for virtual host 'localhost'
31-Jul-2019 16:58:39.704 INFO [http-nio-8080-exec-134] org.apache.catalina.core.ApplicationContext.log Manager: list: Listing contexts for virtual host 'localhost'
31-Jul-2019 16:58:49.874 INFO [http-nio-8080-exec-138] org.apache.catalina.core.ApplicationContext.log Manager: list: Listing contexts for virtual host 'localhost'
31-Jul-2019 17:00:25.046 INFO [http-nio-8080-exec-135] org.apache.catalina.core.ApplicationContext.log Manager: list: Listing contexts for virtual host 'localhost'
31-Jul-2019 17:01:37.119 INFO [http-nio-8080-exec-142] org.apache.catalina.core.ApplicationContext.log Manager: list: Listing contexts for virtual host 'localhost'
31-Jul-2019 17:01:37.119 INFO [http-nio-8080-exec-133] org.apache.catalina.core.ApplicationContext.log Manager: list: Listing contexts for virtual host 'localhost'
31-Jul-2019 17:01:37.259 INFO [http-nio-8080-exec-134] org.apache.catalina.core.ApplicationContext.log Manager: install: Installing context configuration at 'file:/C:/Users/PAULO~1.BEZ/AppData/Local/Temp/context4811333550469829451.xml'
31-Jul-2019 17:01:39.165 INFO [http-nio-8080-exec-141] org.apache.catalina.core.ApplicationContext.log Manager: start: Starting web application '/Opportunity'
31-Jul-2019 17:03:22.902 INFO [http-nio-8080-exec-133] org.apache.catalina.core.ApplicationContext.log Manager: list: Listing contexts for virtual host 'localhost'
31-Jul-2019 17:03:23.527 INFO [http-nio-8080-exec-142] org.apache.catalina.core.ApplicationContext.log Manager: restart: Reloading web application '/Opportunity'
31-Jul-2019 17:05:33.988 INFO [http-nio-8080-exec-144] org.apache.catalina.core.ApplicationContext.log Manager: list: Listing contexts for virtual host 'localhost'
31-Jul-2019 17:05:34.465 INFO [http-nio-8080-exec-135] org.apache.catalina.core.ApplicationContext.log Manager: restart: Reloading web application '/Opportunity'
31-Jul-2019 17:05:42.887 INFO [http-nio-8080-exec-134] org.apache.catalina.core.ApplicationContext.log Manager: list: Listing contexts for virtual host 'localhost'
31-Jul-2019 17:05:43.332 INFO [http-nio-8080-exec-144] org.apache.catalina.core.ApplicationContext.log Manager: restart: Reloading web application '/Opportunity'
31-Jul-2019 17:06:18.510 INFO [http-nio-8080-exec-151] org.apache.catalina.core.ApplicationContext.log Manager: list: Listing contexts for virtual host 'localhost'
31-Jul-2019 17:06:18.962 INFO [http-nio-8080-exec-152] org.apache.catalina.core.ApplicationContext.log Manager: restart: Reloading web application '/Opportunity'
31-Jul-2019 17:09:10.738 INFO [http-nio-8080-exec-159] org.apache.catalina.core.ApplicationContext.log Manager: list: Listing contexts for virtual host 'localhost'
31-Jul-2019 17:09:11.394 INFO [http-nio-8080-exec-160] org.apache.catalina.core.ApplicationContext.log Manager: restart: Reloading web application '/Opportunity'
31-Jul-2019 17:10:16.145 INFO [http-nio-8080-exec-169] org.apache.catalina.core.ApplicationContext.log Manager: list: Listing contexts for virtual host 'localhost'
31-Jul-2019 17:10:16.429 INFO [http-nio-8080-exec-170] org.apache.catalina.core.ApplicationContext.log Manager: restart: Reloading web application '/Opportunity'
31-Jul-2019 17:10:40.989 INFO [http-nio-8080-exec-168] org.apache.catalina.core.ApplicationContext.log Manager: list: Listing contexts for virtual host 'localhost'
31-Jul-2019 17:10:41.270 INFO [http-nio-8080-exec-173] org.apache.catalina.core.ApplicationContext.log Manager: restart: Reloading web application '/Opportunity'
31-Jul-2019 17:18:03.167 INFO [http-nio-8080-exec-183] org.apache.catalina.core.ApplicationContext.log Manager: list: Listing contexts for virtual host 'localhost'
31-Jul-2019 17:18:03.386 INFO [http-nio-8080-exec-184] org.apache.catalina.core.ApplicationContext.log Manager: restart: Reloading web application '/Opportunity'
31-Jul-2019 17:18:50.684 INFO [http-nio-8080-exec-180] org.apache.catalina.core.ApplicationContext.log Manager: list: Listing contexts for virtual host 'localhost'
31-Jul-2019 17:18:51.000 INFO [http-nio-8080-exec-185] org.apache.catalina.core.ApplicationContext.log Manager: restart: Reloading web application '/Opportunity'
31-Jul-2019 17:20:43.959 INFO [http-nio-8080-exec-196] org.apache.catalina.core.ApplicationContext.log Manager: list: Listing contexts for virtual host 'localhost'
31-Jul-2019 17:20:44.177 INFO [http-nio-8080-exec-197] org.apache.catalina.core.ApplicationContext.log Manager: restart: Reloading web application '/Opportunity'
31-Jul-2019 17:22:14.944 INFO [http-nio-8080-exec-205] org.apache.catalina.core.ApplicationContext.log Manager: list: Listing contexts for virtual host 'localhost'
31-Jul-2019 17:22:15.172 INFO [http-nio-8080-exec-206] org.apache.catalina.core.ApplicationContext.log Manager: restart: Reloading web application '/Opportunity'
31-Jul-2019 17:22:59.800 INFO [http-nio-8080-exec-203] org.apache.catalina.core.ApplicationContext.log Manager: list: Listing contexts for virtual host 'localhost'
31-Jul-2019 17:23:00.368 INFO [http-nio-8080-exec-211] org.apache.catalina.core.ApplicationContext.log Manager: restart: Reloading web application '/Opportunity'
31-Jul-2019 17:23:16.088 INFO [http-nio-8080-exec-207] org.apache.catalina.core.ApplicationContext.log Manager: list: Listing contexts for virtual host 'localhost'
31-Jul-2019 17:23:16.358 INFO [http-nio-8080-exec-210] org.apache.catalina.core.ApplicationContext.log Manager: restart: Reloading web application '/Opportunity'
31-Jul-2019 17:26:38.541 INFO [http-nio-8080-exec-225] org.apache.catalina.core.ApplicationContext.log Manager: list: Listing contexts for virtual host 'localhost'
31-Jul-2019 17:26:38.835 INFO [http-nio-8080-exec-220] org.apache.catalina.core.ApplicationContext.log Manager: restart: Reloading web application '/Opportunity'
31-Jul-2019 17:28:55.004 INFO [http-nio-8080-exec-233] org.apache.catalina.core.ApplicationContext.log Manager: list: Listing contexts for virtual host 'localhost'
31-Jul-2019 17:28:55.423 INFO [http-nio-8080-exec-228] org.apache.catalina.core.ApplicationContext.log Manager: restart: Reloading web application '/Opportunity'
31-Jul-2019 17:30:38.320 INFO [http-nio-8080-exec-231] org.apache.catalina.core.ApplicationContext.log Manager: list: Listing contexts for virtual host 'localhost'
31-Jul-2019 17:30:38.565 INFO [http-nio-8080-exec-240] org.apache.catalina.core.ApplicationContext.log Manager: restart: Reloading web application '/Opportunity'
31-Jul-2019 17:34:23.719 INFO [http-nio-8080-exec-247] org.apache.catalina.core.ApplicationContext.log Manager: list: Listing contexts for virtual host 'localhost'
31-Jul-2019 17:34:24.276 INFO [http-nio-8080-exec-248] org.apache.catalina.core.ApplicationContext.log Manager: restart: Reloading web application '/Opportunity'
31-Jul-2019 17:35:52.864 INFO [http-nio-8080-exec-257] org.apache.catalina.core.ApplicationContext.log Manager: list: Listing contexts for virtual host 'localhost'
31-Jul-2019 17:35:53.695 INFO [http-nio-8080-exec-258] org.apache.catalina.core.ApplicationContext.log Manager: restart: Reloading web application '/Opportunity'
31-Jul-2019 17:36:51.163 INFO [http-nio-8080-exec-254] org.apache.catalina.core.ApplicationContext.log Manager: list: Listing contexts for virtual host 'localhost'
31-Jul-2019 17:36:51.925 INFO [http-nio-8080-exec-262] org.apache.catalina.core.ApplicationContext.log Manager: restart: Reloading web application '/Opportunity'
31-Jul-2019 17:37:29.800 INFO [http-nio-8080-exec-264] org.apache.catalina.core.ApplicationContext.log Manager: list: Listing contexts for virtual host 'localhost'
31-Jul-2019 17:37:30.370 INFO [http-nio-8080-exec-263] org.apache.catalina.core.ApplicationContext.log Manager: restart: Reloading web application '/Opportunity'
31-Jul-2019 17:38:01.025 INFO [http-nio-8080-exec-273] org.apache.catalina.core.ApplicationContext.log Manager: list: Listing contexts for virtual host 'localhost'
31-Jul-2019 17:38:01.508 INFO [http-nio-8080-exec-270] org.apache.catalina.core.ApplicationContext.log Manager: restart: Reloading web application '/Opportunity'
31-Jul-2019 17:38:36.665 INFO [http-nio-8080-exec-264] org.apache.catalina.core.ApplicationContext.log Manager: list: Listing contexts for virtual host 'localhost'
31-Jul-2019 17:38:36.977 INFO [http-nio-8080-exec-268] org.apache.catalina.core.ApplicationContext.log Manager: restart: Reloading web application '/Opportunity'
31-Jul-2019 17:45:59.500 INFO [http-nio-8080-exec-287] org.apache.catalina.core.ApplicationContext.log Manager: list: Listing contexts for virtual host 'localhost'
31-Jul-2019 17:45:59.789 INFO [http-nio-8080-exec-283] org.apache.catalina.core.ApplicationContext.log Manager: restart: Reloading web application '/Opportunity'
31-Jul-2019 17:47:46.271 INFO [http-nio-8080-exec-291] org.apache.catalina.core.ApplicationContext.log Manager: list: Listing contexts for virtual host 'localhost'
31-Jul-2019 17:47:46.719 INFO [http-nio-8080-exec-290] org.apache.catalina.core.ApplicationContext.log Manager: restart: Reloading web application '/Opportunity'
31-Jul-2019 17:49:40.443 INFO [http-nio-8080-exec-301] org.apache.catalina.core.ApplicationContext.log Manager: list: Listing contexts for virtual host 'localhost'
31-Jul-2019 17:49:41.030 INFO [http-nio-8080-exec-302] org.apache.catalina.core.ApplicationContext.log Manager: restart: Reloading web application '/Opportunity'
31-Jul-2019 17:55:16.090 INFO [http-nio-8080-exec-309] org.apache.catalina.core.ApplicationContext.log Manager: list: Listing contexts for virtual host 'localhost'
31-Jul-2019 17:55:16.814 INFO [http-nio-8080-exec-310] org.apache.catalina.core.ApplicationContext.log Manager: restart: Reloading web application '/Opportunity'
31-Jul-2019 17:57:20.419 INFO [http-nio-8080-exec-317] org.apache.catalina.core.ApplicationContext.log Manager: list: Listing contexts for virtual host 'localhost'
31-Jul-2019 17:57:33.715 INFO [http-nio-8080-exec-309] org.apache.catalina.core.ApplicationContext.log Manager: list: Listing contexts for virtual host 'localhost'
31-Jul-2019 17:57:59.177 INFO [http-nio-8080-exec-319] org.apache.catalina.core.ApplicationContext.log Manager: list: Listing contexts for virtual host 'localhost'
31-Jul-2019 18:00:32.355 INFO [http-nio-8080-exec-322] org.apache.catalina.core.ApplicationContext.log Manager: list: Listing contexts for virtual host 'localhost'
31-Jul-2019 18:00:40.390 INFO [http-nio-8080-exec-319] org.apache.catalina.core.ApplicationContext.log Manager: list: Listing contexts for virtual host 'localhost'
31-Jul-2019 18:00:40.392 INFO [http-nio-8080-exec-320] org.apache.catalina.core.ApplicationContext.log Manager: list: Listing contexts for virtual host 'localhost'
31-Jul-2019 18:00:40.424 INFO [http-nio-8080-exec-322] org.apache.catalina.core.ApplicationContext.log Manager: undeploy: Undeploying web application at '/Opportunity'
31-Jul-2019 18:00:41.392 INFO [http-nio-8080-exec-314] org.apache.catalina.core.ApplicationContext.log Manager: install: Installing context configuration at 'file:/C:/Users/PAULO~1.BEZ/AppData/Local/Temp/context5444483064768229254.xml'
31-Jul-2019 18:00:42.675 INFO [http-nio-8080-exec-321] org.apache.catalina.core.ApplicationContext.log Manager: start: Starting web application '/Opportunity'
31-Jul-2019 18:01:58.870 INFO [http-nio-8080-exec-324] org.apache.catalina.core.ApplicationContext.log Manager: list: Listing contexts for virtual host 'localhost'
31-Jul-2019 18:01:59.266 INFO [http-nio-8080-exec-325] org.apache.catalina.core.ApplicationContext.log Manager: restart: Reloading web application '/Opportunity'
31-Jul-2019 18:02:01.754 INFO [http-nio-8080-exec-329] org.apache.catalina.core.ApplicationContext.log Manager: list: Listing contexts for virtual host 'localhost'
31-Jul-2019 18:02:02.051 INFO [http-nio-8080-exec-327] org.apache.catalina.core.ApplicationContext.log Manager: restart: Reloading web application '/Opportunity'
31-Jul-2019 18:02:36.667 INFO [http-nio-8080-exec-329] org.apache.catalina.core.ApplicationContext.log Manager: list: Listing contexts for virtual host 'localhost'
31-Jul-2019 18:02:36.886 INFO [http-nio-8080-exec-330] org.apache.catalina.core.ApplicationContext.log Manager: restart: Reloading web application '/Opportunity'
31-Jul-2019 18:02:54.700 INFO [http-nio-8080-exec-333] org.apache.catalina.core.ApplicationContext.log Manager: list: Listing contexts for virtual host 'localhost'
31-Jul-2019 18:02:54.927 INFO [http-nio-8080-exec-336] org.apache.catalina.core.ApplicationContext.log Manager: restart: Reloading web application '/Opportunity'
31-Jul-2019 18:03:34.694 INFO [http-nio-8080-exec-340] org.apache.catalina.core.ApplicationContext.log Manager: list: Listing contexts for virtual host 'localhost'
31-Jul-2019 18:03:34.999 INFO [http-nio-8080-exec-329] org.apache.catalina.core.ApplicationContext.log Manager: restart: Reloading web application '/Opportunity'
31-Jul-2019 18:03:36.660 INFO [http-nio-8080-exec-341] org.apache.catalina.core.ApplicationContext.log Manager: list: Listing contexts for virtual host 'localhost'
31-Jul-2019 18:03:36.935 INFO [http-nio-8080-exec-333] org.apache.catalina.core.ApplicationContext.log Manager: restart: Reloading web application '/Opportunity'
31-Jul-2019 18:03:47.291 INFO [http-nio-8080-exec-342] org.apache.catalina.core.ApplicationContext.log Manager: list: Listing contexts for virtual host 'localhost'
31-Jul-2019 18:03:47.541 INFO [http-nio-8080-exec-344] org.apache.catalina.core.ApplicationContext.log Manager: restart: Reloading web application '/Opportunity'
31-Jul-2019 18:03:49.395 INFO [http-nio-8080-exec-335] org.apache.catalina.core.ApplicationContext.log Manager: list: Listing contexts for virtual host 'localhost'
31-Jul-2019 18:03:49.623 INFO [http-nio-8080-exec-346] org.apache.catalina.core.ApplicationContext.log Manager: restart: Reloading web application '/Opportunity'
31-Jul-2019 18:03:51.362 INFO [http-nio-8080-exec-339] org.apache.catalina.core.ApplicationContext.log Manager: list: Listing contexts for virtual host 'localhost'
31-Jul-2019 18:03:51.653 INFO [http-nio-8080-exec-338] org.apache.catalina.core.ApplicationContext.log Manager: restart: Reloading web application '/Opportunity'
31-Jul-2019 18:07:18.090 INFO [http-nio-8080-exec-354] org.apache.catalina.core.ApplicationContext.log Manager: list: Listing contexts for virtual host 'localhost'
31-Jul-2019 18:07:18.343 INFO [http-nio-8080-exec-335] org.apache.catalina.core.ApplicationContext.log Manager: restart: Reloading web application '/Opportunity'
31-Jul-2019 18:07:52.817 INFO [http-nio-8080-exec-349] org.apache.catalina.core.ApplicationContext.log Manager: list: Listing contexts for virtual host 'localhost'
31-Jul-2019 18:07:53.041 INFO [http-nio-8080-exec-354] org.apache.catalina.core.ApplicationContext.log Manager: restart: Reloading web application '/Opportunity'
31-Jul-2019 18:09:09.876 INFO [http-nio-8080-exec-342] org.apache.catalina.core.ApplicationContext.log Manager: list: Listing contexts for virtual host 'localhost'
31-Jul-2019 18:09:10.074 INFO [http-nio-8080-exec-358] org.apache.catalina.core.ApplicationContext.log Manager: restart: Reloading web application '/Opportunity'
31-Jul-2019 18:14:45.748 INFO [http-nio-8080-exec-367] org.apache.catalina.core.ApplicationContext.log Manager: list: Listing contexts for virtual host 'localhost'
31-Jul-2019 18:15:07.175 INFO [http-nio-8080-exec-371] org.apache.catalina.core.ApplicationContext.log Manager: list: Listing contexts for virtual host 'localhost'
31-Jul-2019 18:15:07.369 INFO [http-nio-8080-exec-364] org.apache.catalina.core.ApplicationContext.log Manager: restart: Reloading web application '/Opportunity'
31-Jul-2019 18:15:44.293 INFO [http-nio-8080-exec-372] org.apache.catalina.core.ApplicationContext.log Manager: list: Listing contexts for virtual host 'localhost'
31-Jul-2019 18:15:44.510 INFO [http-nio-8080-exec-375] org.apache.catalina.core.ApplicationContext.log Manager: restart: Reloading web application '/Opportunity'
31-Jul-2019 18:16:22.057 INFO [http-nio-8080-exec-374] org.apache.catalina.core.ApplicationContext.log Manager: list: Listing contexts for virtual host 'localhost'
31-Jul-2019 18:16:28.813 INFO [http-nio-8080-exec-385] org.apache.catalina.core.ApplicationContext.log Manager: list: Listing contexts for virtual host 'localhost'
31-Jul-2019 18:16:28.815 INFO [http-nio-8080-exec-377] org.apache.catalina.core.ApplicationContext.log Manager: list: Listing contexts for virtual host 'localhost'
31-Jul-2019 18:16:28.850 INFO [http-nio-8080-exec-378] org.apache.catalina.core.ApplicationContext.log Manager: undeploy: Undeploying web application at '/Opportunity'
31-Jul-2019 18:16:29.799 INFO [http-nio-8080-exec-383] org.apache.catalina.core.ApplicationContext.log Manager: install: Installing context configuration at 'file:/C:/Users/PAULO~1.BEZ/AppData/Local/Temp/context8696676859324107854.xml'
31-Jul-2019 18:16:31.244 INFO [http-nio-8080-exec-384] org.apache.catalina.core.ApplicationContext.log Manager: start: Starting web application '/Opportunity'
31-Jul-2019 18:17:44.809 INFO [http-nio-8080-exec-391] org.apache.catalina.core.ApplicationContext.log Manager: list: Listing contexts for virtual host 'localhost'
31-Jul-2019 18:18:08.945 INFO [http-nio-8080-exec-380] org.apache.catalina.core.ApplicationContext.log Manager: list: Listing contexts for virtual host 'localhost'
31-Jul-2019 18:18:58.544 INFO [http-nio-8080-exec-395] org.apache.catalina.core.ApplicationContext.log Manager: list: Listing contexts for virtual host 'localhost'
31-Jul-2019 18:20:11.717 INFO [http-nio-8080-exec-391] org.apache.catalina.core.ApplicationContext.log Manager: list: Listing contexts for virtual host 'localhost'
31-Jul-2019 18:20:15.720 INFO [http-nio-8080-exec-397] org.apache.catalina.core.ApplicationContext.log Manager: list: Listing contexts for virtual host 'localhost'
31-Jul-2019 18:20:15.721 INFO [http-nio-8080-exec-388] org.apache.catalina.core.ApplicationContext.log Manager: list: Listing contexts for virtual host 'localhost'
31-Jul-2019 18:20:15.738 INFO [http-nio-8080-exec-389] org.apache.catalina.core.ApplicationContext.log Manager: undeploy: Undeploying web application at '/Opportunity'
31-Jul-2019 18:20:16.709 INFO [http-nio-8080-exec-395] org.apache.catalina.core.ApplicationContext.log Manager: install: Installing context configuration at 'file:/C:/Users/PAULO~1.BEZ/AppData/Local/Temp/context4023332662537221616.xml'
31-Jul-2019 18:20:18.233 INFO [http-nio-8080-exec-390] org.apache.catalina.core.ApplicationContext.log Manager: start: Starting web application '/Opportunity'
31-Jul-2019 18:21:45.718 INFO [http-nio-8080-exec-402] org.apache.catalina.core.ApplicationContext.log Manager: list: Listing contexts for virtual host 'localhost'
31-Jul-2019 18:21:45.917 INFO [http-nio-8080-exec-403] org.apache.catalina.core.ApplicationContext.log Manager: restart: Reloading web application '/Opportunity'
31-Jul-2019 18:23:11.702 INFO [http-nio-8080-exec-411] org.apache.catalina.core.ApplicationContext.log Manager: list: Listing contexts for virtual host 'localhost'
31-Jul-2019 18:23:58.177 INFO [http-nio-8080-exec-408] org.apache.catalina.core.ApplicationContext.log Manager: list: Listing contexts for virtual host 'localhost'
31-Jul-2019 18:24:04.855 INFO [http-nio-8080-exec-407] org.apache.catalina.core.ApplicationContext.log Manager: list: Listing contexts for virtual host 'localhost'
31-Jul-2019 18:24:04.858 INFO [http-nio-8080-exec-414] org.apache.catalina.core.ApplicationContext.log Manager: list: Listing contexts for virtual host 'localhost'
31-Jul-2019 18:24:04.899 INFO [http-nio-8080-exec-415] org.apache.catalina.core.ApplicationContext.log Manager: undeploy: Undeploying web application at '/Opportunity'
31-Jul-2019 18:24:05.913 INFO [http-nio-8080-exec-416] org.apache.catalina.core.ApplicationContext.log Manager: install: Installing context configuration at 'file:/C:/Users/PAULO~1.BEZ/AppData/Local/Temp/context5426709394970426084.xml'
31-Jul-2019 18:24:10.720 INFO [http-nio-8080-exec-411] org.apache.catalina.core.ApplicationContext.log Manager: start: Starting web application '/Opportunity'
31-Jul-2019 18:25:34.027 INFO [http-nio-8080-exec-420] org.apache.catalina.core.ApplicationContext.log Manager: list: Listing contexts for virtual host 'localhost'
31-Jul-2019 18:25:34.225 INFO [http-nio-8080-exec-421] org.apache.catalina.core.ApplicationContext.log Manager: restart: Reloading web application '/Opportunity'
31-Jul-2019 18:25:51.511 INFO [http-nio-8080-exec-425] org.apache.catalina.core.ApplicationContext.log Manager: list: Listing contexts for virtual host 'localhost'
31-Jul-2019 18:25:55.856 INFO [http-nio-8080-exec-427] org.apache.catalina.core.ApplicationContext.log Manager: list: Listing contexts for virtual host 'localhost'
31-Jul-2019 18:25:55.858 INFO [http-nio-8080-exec-428] org.apache.catalina.core.ApplicationContext.log Manager: list: Listing contexts for virtual host 'localhost'
31-Jul-2019 18:25:55.889 INFO [http-nio-8080-exec-424] org.apache.catalina.core.ApplicationContext.log Manager: undeploy: Undeploying web application at '/Opportunity'
31-Jul-2019 18:25:56.795 INFO [http-nio-8080-exec-420] org.apache.catalina.core.ApplicationContext.log Manager: install: Installing context configuration at 'file:/C:/Users/PAULO~1.BEZ/AppData/Local/Temp/context4694536128145864194.xml'
31-Jul-2019 18:25:58.373 INFO [http-nio-8080-exec-427] org.apache.catalina.core.ApplicationContext.log Manager: start: Starting web application '/Opportunity'
31-Jul-2019 18:30:03.166 INFO [http-nio-8080-exec-430] org.apache.catalina.core.ApplicationContext.log Manager: list: Listing contexts for virtual host 'localhost'
31-Jul-2019 18:30:03.449 INFO [http-nio-8080-exec-436] org.apache.catalina.core.ApplicationContext.log Manager: restart: Reloading web application '/Opportunity'
31-Jul-2019 18:30:53.769 INFO [http-nio-8080-exec-437] org.apache.catalina.core.ApplicationContext.log Manager: list: Listing contexts for virtual host 'localhost'
31-Jul-2019 18:31:18.274 INFO [http-nio-8080-exec-432] org.apache.catalina.core.ApplicationContext.log Manager: list: Listing contexts for virtual host 'localhost'
31-Jul-2019 18:31:20.834 INFO [http-nio-8080-exec-445] org.apache.catalina.core.ApplicationContext.log Manager: list: Listing contexts for virtual host 'localhost'
31-Jul-2019 18:31:20.836 INFO [http-nio-8080-exec-440] org.apache.catalina.core.ApplicationContext.log Manager: list: Listing contexts for virtual host 'localhost'
31-Jul-2019 18:31:20.850 INFO [http-nio-8080-exec-441] org.apache.catalina.core.ApplicationContext.log Manager: undeploy: Undeploying web application at '/Opportunity'
31-Jul-2019 18:31:21.646 INFO [http-nio-8080-exec-440] org.apache.catalina.core.ApplicationContext.log Manager: install: Installing context configuration at 'file:/C:/Users/PAULO~1.BEZ/AppData/Local/Temp/context6820914041848325545.xml'
31-Jul-2019 18:31:22.895 INFO [http-nio-8080-exec-438] org.apache.catalina.core.ApplicationContext.log Manager: start: Starting web application '/Opportunity'
31-Jul-2019 18:32:48.786 INFO [http-nio-8080-exec-451] org.apache.catalina.core.ApplicationContext.log Manager: list: Listing contexts for virtual host 'localhost'
31-Jul-2019 18:32:49.055 INFO [http-nio-8080-exec-452] org.apache.catalina.core.ApplicationContext.log Manager: restart: Reloading web application '/Opportunity'
31-Jul-2019 18:33:47.381 INFO [http-nio-8080-exec-448] org.apache.catalina.core.ApplicationContext.log Manager: list: Listing contexts for virtual host 'localhost'
31-Jul-2019 18:33:47.782 INFO [http-nio-8080-exec-453] org.apache.catalina.core.ApplicationContext.log Manager: restart: Reloading web application '/Opportunity'
31-Jul-2019 18:34:50.448 INFO [http-nio-8080-exec-448] org.apache.catalina.core.ApplicationContext.log Manager: list: Listing contexts for virtual host 'localhost'
31-Jul-2019 18:35:17.952 INFO [http-nio-8080-exec-468] org.apache.catalina.core.ApplicationContext.log Manager: list: Listing contexts for virtual host 'localhost'
31-Jul-2019 18:35:37.414 INFO [http-nio-8080-exec-467] org.apache.catalina.core.ApplicationContext.log Manager: list: Listing contexts for virtual host 'localhost'
31-Jul-2019 18:35:37.417 INFO [http-nio-8080-exec-461] org.apache.catalina.core.ApplicationContext.log Manager: list: Listing contexts for virtual host 'localhost'
31-Jul-2019 18:35:37.440 INFO [http-nio-8080-exec-468] org.apache.catalina.core.ApplicationContext.log Manager: undeploy: Undeploying web application at '/Opportunity'
31-Jul-2019 18:35:38.412 INFO [http-nio-8080-exec-463] org.apache.catalina.core.ApplicationContext.log Manager: install: Installing context configuration at 'file:/C:/Users/PAULO~1.BEZ/AppData/Local/Temp/context5158803467930971959.xml'
31-Jul-2019 18:35:39.778 INFO [http-nio-8080-exec-462] org.apache.catalina.core.ApplicationContext.log Manager: start: Starting web application '/Opportunity'
31-Jul-2019 18:35:49.717 INFO [http-nio-8080-exec-468] org.apache.catalina.core.ApplicationContext.log Manager: list: Listing contexts for virtual host 'localhost'
31-Jul-2019 18:35:49.931 INFO [http-nio-8080-exec-470] org.apache.catalina.core.ApplicationContext.log Manager: restart: Reloading web application '/Opportunity'
31-Jul-2019 18:37:06.710 INFO [http-nio-8080-exec-477] org.apache.catalina.core.ApplicationContext.log Manager: list: Listing contexts for virtual host 'localhost'
31-Jul-2019 18:37:32.547 INFO [http-nio-8080-exec-476] org.apache.catalina.core.ApplicationContext.log Manager: list: Listing contexts for virtual host 'localhost'
31-Jul-2019 18:37:37.157 INFO [http-nio-8080-exec-473] org.apache.catalina.core.ApplicationContext.log Manager: list: Listing contexts for virtual host 'localhost'
31-Jul-2019 18:37:37.348 INFO [http-nio-8080-exec-479] org.apache.catalina.core.ApplicationContext.log Manager: restart: Reloading web application '/Opportunity'
31-Jul-2019 18:37:51.756 INFO [http-nio-8080-exec-483] org.apache.catalina.core.ApplicationContext.log Manager: list: Listing contexts for virtual host 'localhost'
31-Jul-2019 18:37:54.018 INFO [http-nio-8080-exec-485] org.apache.catalina.core.ApplicationContext.log Manager: list: Listing contexts for virtual host 'localhost'
31-Jul-2019 18:37:54.020 INFO [http-nio-8080-exec-486] org.apache.catalina.core.ApplicationContext.log Manager: list: Listing contexts for virtual host 'localhost'
31-Jul-2019 18:37:54.033 INFO [http-nio-8080-exec-475] org.apache.catalina.core.ApplicationContext.log Manager: undeploy: Undeploying web application at '/Opportunity'
31-Jul-2019 18:37:54.800 INFO [http-nio-8080-exec-487] org.apache.catalina.core.ApplicationContext.log Manager: install: Installing context configuration at 'file:/C:/Users/PAULO~1.BEZ/AppData/Local/Temp/context6812704082049036595.xml'
31-Jul-2019 18:37:56.039 INFO [http-nio-8080-exec-481] org.apache.catalina.core.ApplicationContext.log Manager: start: Starting web application '/Opportunity'
31-Jul-2019 18:38:33.292 INFO [http-nio-8080-exec-489] org.apache.catalina.core.ApplicationContext.log Manager: list: Listing contexts for virtual host 'localhost'
31-Jul-2019 18:38:45.443 INFO [http-nio-8080-exec-486] org.apache.catalina.core.ApplicationContext.log Manager: list: Listing contexts for virtual host 'localhost'
31-Jul-2019 18:38:46.593 INFO [http-nio-8080-exec-491] org.apache.catalina.core.ApplicationContext.log Manager: list: Listing contexts for virtual host 'localhost'
31-Jul-2019 18:38:46.595 INFO [http-nio-8080-exec-495] org.apache.catalina.core.ApplicationContext.log Manager: list: Listing contexts for virtual host 'localhost'
31-Jul-2019 18:38:46.608 INFO [http-nio-8080-exec-492] org.apache.catalina.core.ApplicationContext.log Manager: undeploy: Undeploying web application at '/Opportunity'
31-Jul-2019 18:38:47.614 INFO [http-nio-8080-exec-488] org.apache.catalina.core.ApplicationContext.log Manager: install: Installing context configuration at 'file:/C:/Users/PAULO~1.BEZ/AppData/Local/Temp/context7309567760037761734.xml'
31-Jul-2019 18:38:49.107 INFO [http-nio-8080-exec-496] org.apache.catalina.core.ApplicationContext.log Manager: start: Starting web application '/Opportunity'
31-Jul-2019 18:40:00.661 INFO [http-nio-8080-exec-502] org.apache.catalina.core.ApplicationContext.log Manager: list: Listing contexts for virtual host 'localhost'
31-Jul-2019 18:40:12.022 INFO [http-nio-8080-exec-499] org.apache.catalina.core.ApplicationContext.log Manager: list: Listing contexts for virtual host 'localhost'
31-Jul-2019 18:40:22.125 INFO [http-nio-8080-exec-504] org.apache.catalina.core.ApplicationContext.log Manager: list: Listing contexts for virtual host 'localhost'
31-Jul-2019 18:40:24.868 INFO [http-nio-8080-exec-501] org.apache.catalina.core.ApplicationContext.log Manager: list: Listing contexts for virtual host 'localhost'
31-Jul-2019 18:40:24.869 INFO [http-nio-8080-exec-502] org.apache.catalina.core.ApplicationContext.log Manager: list: Listing contexts for virtual host 'localhost'
31-Jul-2019 18:40:24.896 INFO [http-nio-8080-exec-503] org.apache.catalina.core.ApplicationContext.log Manager: undeploy: Undeploying web application at '/Opportunity'
31-Jul-2019 18:40:25.829 INFO [http-nio-8080-exec-505] org.apache.catalina.core.ApplicationContext.log Manager: install: Installing context configuration at 'file:/C:/Users/PAULO~1.BEZ/AppData/Local/Temp/context6281893491545761467.xml'
31-Jul-2019 18:40:29.798 INFO [http-nio-8080-exec-506] org.apache.catalina.core.ApplicationContext.log Manager: start: Starting web application '/Opportunity'
31-Jul-2019 18:41:34.670 INFO [http-nio-8080-exec-501] org.apache.catalina.core.ApplicationContext.log Manager: list: Listing contexts for virtual host 'localhost'
31-Jul-2019 18:41:38.177 INFO [http-nio-8080-exec-514] org.apache.catalina.core.ApplicationContext.log Manager: list: Listing contexts for virtual host 'localhost'
31-Jul-2019 18:41:38.179 INFO [http-nio-8080-exec-510] org.apache.catalina.core.ApplicationContext.log Manager: list: Listing contexts for virtual host 'localhost'
31-Jul-2019 18:41:38.197 INFO [http-nio-8080-exec-511] org.apache.catalina.core.ApplicationContext.log Manager: undeploy: Undeploying web application at '/Opportunity'
31-Jul-2019 18:41:39.351 INFO [http-nio-8080-exec-515] org.apache.catalina.core.ApplicationContext.log Manager: install: Installing context configuration at 'file:/C:/Users/PAULO~1.BEZ/AppData/Local/Temp/context2802488681567774176.xml'
31-Jul-2019 18:41:41.087 INFO [http-nio-8080-exec-513] org.apache.catalina.core.ApplicationContext.log Manager: start: Starting web application '/Opportunity'
31-Jul-2019 18:42:07.540 INFO [http-nio-8080-exec-518] org.apache.catalina.core.ApplicationContext.log Manager: list: Listing contexts for virtual host 'localhost'
31-Jul-2019 18:42:13.615 INFO [http-nio-8080-exec-522] org.apache.catalina.core.ApplicationContext.log Manager: list: Listing contexts for virtual host 'localhost'
31-Jul-2019 18:42:13.618 INFO [http-nio-8080-exec-501] org.apache.catalina.core.ApplicationContext.log Manager: list: Listing contexts for virtual host 'localhost'
31-Jul-2019 18:42:13.637 INFO [http-nio-8080-exec-518] org.apache.catalina.core.ApplicationContext.log Manager: undeploy: Undeploying web application at '/Opportunity'
31-Jul-2019 18:42:14.798 INFO [http-nio-8080-exec-524] org.apache.catalina.core.ApplicationContext.log Manager: install: Installing context configuration at 'file:/C:/Users/PAULO~1.BEZ/AppData/Local/Temp/context7480788675701418037.xml'
31-Jul-2019 18:42:16.665 INFO [http-nio-8080-exec-516] org.apache.catalina.core.ApplicationContext.log Manager: start: Starting web application '/Opportunity'
31-Jul-2019 18:42:51.656 INFO [http-nio-8080-exec-501] org.apache.catalina.core.ApplicationContext.log Manager: list: Listing contexts for virtual host 'localhost'
31-Jul-2019 18:42:55.076 INFO [http-nio-8080-exec-525] org.apache.catalina.core.ApplicationContext.log Manager: list: Listing contexts for virtual host 'localhost'
31-Jul-2019 18:42:55.092 INFO [http-nio-8080-exec-526] org.apache.catalina.core.ApplicationContext.log Manager: list: Listing contexts for virtual host 'localhost'
31-Jul-2019 18:42:55.107 INFO [http-nio-8080-exec-532] org.apache.catalina.core.ApplicationContext.log Manager: undeploy: Undeploying web application at '/Opportunity'
31-Jul-2019 18:42:56.102 INFO [http-nio-8080-exec-528] org.apache.catalina.core.ApplicationContext.log Manager: install: Installing context configuration at 'file:/C:/Users/PAULO~1.BEZ/AppData/Local/Temp/context6451904589799308186.xml'
31-Jul-2019 18:42:57.945 INFO [http-nio-8080-exec-525] org.apache.catalina.core.ApplicationContext.log Manager: start: Starting web application '/Opportunity'
31-Jul-2019 18:43:46.902 INFO [http-nio-8080-exec-537] org.apache.catalina.core.ApplicationContext.log Manager: list: Listing contexts for virtual host 'localhost'
31-Jul-2019 18:43:50.370 INFO [http-nio-8080-exec-540] org.apache.catalina.core.ApplicationContext.log Manager: list: Listing contexts for virtual host 'localhost'
31-Jul-2019 18:43:50.370 INFO [http-nio-8080-exec-533] org.apache.catalina.core.ApplicationContext.log Manager: list: Listing contexts for virtual host 'localhost'
31-Jul-2019 18:43:50.401 INFO [http-nio-8080-exec-535] org.apache.catalina.core.ApplicationContext.log Manager: undeploy: Undeploying web application at '/Opportunity'
31-Jul-2019 18:43:51.401 INFO [http-nio-8080-exec-534] org.apache.catalina.core.ApplicationContext.log Manager: install: Installing context configuration at 'file:/C:/Users/PAULO~1.BEZ/AppData/Local/Temp/context5345139662663178480.xml'
31-Jul-2019 18:43:53.807 INFO [http-nio-8080-exec-533] org.apache.catalina.core.ApplicationContext.log Manager: start: Starting web application '/Opportunity'
31-Jul-2019 18:43:56.833 INFO [http-nio-8080-exec-540] org.apache.catalina.core.ApplicationContext.log Manager: list: Listing contexts for virtual host 'localhost'
31-Jul-2019 18:44:23.662 INFO [http-nio-8080-exec-540] org.apache.catalina.core.ApplicationContext.log Manager: list: Listing contexts for virtual host 'localhost'
31-Jul-2019 18:44:26.522 INFO [http-nio-8080-exec-543] org.apache.catalina.core.ApplicationContext.log Manager: list: Listing contexts for virtual host 'localhost'
31-Jul-2019 18:44:26.522 INFO [http-nio-8080-exec-546] org.apache.catalina.core.ApplicationContext.log Manager: list: Listing contexts for virtual host 'localhost'
31-Jul-2019 18:44:26.538 INFO [http-nio-8080-exec-536] org.apache.catalina.core.ApplicationContext.log Manager: undeploy: Undeploying web application at '/Opportunity'
31-Jul-2019 18:44:27.444 INFO [http-nio-8080-exec-541] org.apache.catalina.core.ApplicationContext.log Manager: install: Installing context configuration at 'file:/C:/Users/PAULO~1.BEZ/AppData/Local/Temp/context979746659399846216.xml'
31-Jul-2019 18:44:29.162 INFO [http-nio-8080-exec-547] org.apache.catalina.core.ApplicationContext.log Manager: start: Starting web application '/Opportunity'
31-Jul-2019 18:45:23.527 INFO [http-nio-8080-exec-537] org.apache.catalina.core.ApplicationContext.log Manager: list: Listing contexts for virtual host 'localhost'
31-Jul-2019 18:45:28.409 INFO [http-nio-8080-exec-553] org.apache.catalina.core.ApplicationContext.log Manager: list: Listing contexts for virtual host 'localhost'
31-Jul-2019 18:45:28.425 INFO [http-nio-8080-exec-554] org.apache.catalina.core.ApplicationContext.log Manager: list: Listing contexts for virtual host 'localhost'
31-Jul-2019 18:45:28.441 INFO [http-nio-8080-exec-548] org.apache.catalina.core.ApplicationContext.log Manager: undeploy: Undeploying web application at '/Opportunity'
31-Jul-2019 18:45:29.846 INFO [http-nio-8080-exec-549] org.apache.catalina.core.ApplicationContext.log Manager: install: Installing context configuration at 'file:/C:/Users/PAULO~1.BEZ/AppData/Local/Temp/context1285089372982743406.xml'
31-Jul-2019 18:45:31.581 INFO [http-nio-8080-exec-537] org.apache.catalina.core.ApplicationContext.log Manager: start: Starting web application '/Opportunity'
31-Jul-2019 18:45:52.489 INFO [http-nio-8080-exec-537] org.apache.catalina.core.ApplicationContext.log Manager: list: Listing contexts for virtual host 'localhost'
31-Jul-2019 18:46:09.244 INFO [http-nio-8080-exec-562] org.apache.catalina.core.ApplicationContext.log Manager: list: Listing contexts for virtual host 'localhost'
31-Jul-2019 18:46:18.180 INFO [http-nio-8080-exec-563] org.apache.catalina.core.ApplicationContext.log Manager: list: Listing contexts for virtual host 'localhost'
31-Jul-2019 18:46:21.301 INFO [http-nio-8080-exec-564] org.apache.catalina.core.ApplicationContext.log Manager: list: Listing contexts for virtual host 'localhost'
31-Jul-2019 18:46:21.301 INFO [http-nio-8080-exec-553] org.apache.catalina.core.ApplicationContext.log Manager: list: Listing contexts for virtual host 'localhost'
31-Jul-2019 18:46:21.316 INFO [http-nio-8080-exec-558] org.apache.catalina.core.ApplicationContext.log Manager: undeploy: Undeploying web application at '/Opportunity'
31-Jul-2019 18:46:22.254 INFO [http-nio-8080-exec-561] org.apache.catalina.core.ApplicationContext.log Manager: install: Installing context configuration at 'file:/C:/Users/PAULO~1.BEZ/AppData/Local/Temp/context7329344032190131476.xml'
31-Jul-2019 18:46:23.975 INFO [http-nio-8080-exec-556] org.apache.catalina.core.ApplicationContext.log Manager: start: Starting web application '/Opportunity'
31-Jul-2019 18:47:01.120 INFO [http-nio-8080-exec-562] org.apache.catalina.core.ApplicationContext.log Manager: list: Listing contexts for virtual host 'localhost'
31-Jul-2019 18:47:04.297 INFO [http-nio-8080-exec-572] org.apache.catalina.core.ApplicationContext.log Manager: list: Listing contexts for virtual host 'localhost'
31-Jul-2019 18:47:04.297 INFO [http-nio-8080-exec-566] org.apache.catalina.core.ApplicationContext.log Manager: list: Listing contexts for virtual host 'localhost'
31-Jul-2019 18:47:04.312 INFO [http-nio-8080-exec-556] org.apache.catalina.core.ApplicationContext.log Manager: undeploy: Undeploying web application at '/Opportunity'
31-Jul-2019 18:47:05.234 INFO [http-nio-8080-exec-566] org.apache.catalina.core.ApplicationContext.log Manager: install: Installing context configuration at 'file:/C:/Users/PAULO~1.BEZ/AppData/Local/Temp/context1203078400232531248.xml'
31-Jul-2019 18:47:06.843 INFO [http-nio-8080-exec-567] org.apache.catalina.core.ApplicationContext.log Manager: start: Starting web application '/Opportunity'
31-Jul-2019 18:48:03.127 INFO [http-nio-8080-exec-575] org.apache.catalina.core.ApplicationContext.log Manager: list: Listing contexts for virtual host 'localhost'
31-Jul-2019 18:48:05.892 INFO [http-nio-8080-exec-580] org.apache.catalina.core.ApplicationContext.log Manager: list: Listing contexts for virtual host 'localhost'
31-Jul-2019 18:48:08.625 INFO [http-nio-8080-exec-578] org.apache.catalina.core.ApplicationContext.log Manager: list: Listing contexts for virtual host 'localhost'
31-Jul-2019 18:48:08.625 INFO [http-nio-8080-exec-579] org.apache.catalina.core.ApplicationContext.log Manager: list: Listing contexts for virtual host 'localhost'
31-Jul-2019 18:48:08.641 INFO [http-nio-8080-exec-580] org.apache.catalina.core.ApplicationContext.log Manager: undeploy: Undeploying web application at '/Opportunity'
31-Jul-2019 18:48:09.531 INFO [http-nio-8080-exec-579] org.apache.catalina.core.ApplicationContext.log Manager: install: Installing context configuration at 'file:/C:/Users/PAULO~1.BEZ/AppData/Local/Temp/context783725866574966467.xml'
31-Jul-2019 18:48:10.922 INFO [http-nio-8080-exec-562] org.apache.catalina.core.ApplicationContext.log Manager: start: Starting web application '/Opportunity'
31-Jul-2019 18:48:42.924 INFO [http-nio-8080-exec-562] org.apache.catalina.core.ApplicationContext.log Manager: list: Listing contexts for virtual host 'localhost'
31-Jul-2019 18:48:43.127 INFO [http-nio-8080-exec-576] org.apache.catalina.core.ApplicationContext.log Manager: restart: Reloading web application '/Opportunity'
31-Jul-2019 18:48:57.975 INFO [http-nio-8080-exec-587] org.apache.catalina.core.ApplicationContext.log Manager: list: Listing contexts for virtual host 'localhost'
31-Jul-2019 18:48:58.162 INFO [http-nio-8080-exec-588] org.apache.catalina.core.ApplicationContext.log Manager: restart: Reloading web application '/Opportunity'
31-Jul-2019 18:49:03.661 INFO [http-nio-8080-exec-578] org.apache.catalina.core.ApplicationContext.log Manager: list: Listing contexts for virtual host 'localhost'
31-Jul-2019 18:49:03.661 INFO [http-nio-8080-exec-586] org.apache.catalina.core.ApplicationContext.log Manager: undeploy: Undeploying web application at '/Opportunity'
