26-Jul-2019 11:13:39.740 INFO [http-nio-8080-exec-728] org.apache.catalina.core.ApplicationContext.log Manager: list: Listing contexts for virtual host 'localhost'
26-Jul-2019 11:22:34.481 INFO [http-nio-8080-exec-731] org.apache.catalina.core.ApplicationContext.log Manager: list: Listing contexts for virtual host 'localhost'
26-Jul-2019 11:22:34.512 INFO [http-nio-8080-exec-732] org.apache.catalina.core.ApplicationContext.log Manager: undeploy: Undeploying web application at '/Opportunity'
26-Jul-2019 11:24:35.578 INFO [http-nio-8080-exec-723] org.apache.catalina.core.ApplicationContext.log Manager: list: Listing contexts for virtual host 'localhost'
26-Jul-2019 11:24:48.582 INFO [http-nio-8080-exec-730] org.apache.catalina.core.ApplicationContext.log Manager: list: Listing contexts for virtual host 'localhost'
26-Jul-2019 11:24:52.332 INFO [http-nio-8080-exec-736] org.apache.catalina.core.ApplicationContext.log Manager: list: Listing contexts for virtual host 'localhost'
26-Jul-2019 11:24:58.019 INFO [http-nio-8080-exec-730] org.apache.catalina.core.ApplicationContext.log Manager: list: Listing contexts for virtual host 'localhost'
26-Jul-2019 11:24:58.024 INFO [http-nio-8080-exec-735] org.apache.catalina.core.ApplicationContext.log Manager: list: Listing contexts for virtual host 'localhost'
26-Jul-2019 11:24:58.143 INFO [http-nio-8080-exec-733] org.apache.catalina.core.ApplicationContext.log Manager: install: Installing context configuration at 'file:/C:/Users/PAULO~1.BEZ/AppData/Local/Temp/context6100524239229202799.xml'
26-Jul-2019 11:25:21.620 INFO [http-nio-8080-exec-734] org.apache.catalina.core.ApplicationContext.log Manager: start: Starting web application '/Opportunity'
26-Jul-2019 11:27:13.053 INFO [http-nio-8080-exec-742] org.apache.catalina.core.ApplicationContext.log Manager: list: Listing contexts for virtual host 'localhost'
26-Jul-2019 11:27:13.053 INFO [http-nio-8080-exec-737] org.apache.catalina.core.ApplicationContext.log Manager: list: Listing contexts for virtual host 'localhost'
26-Jul-2019 11:27:13.084 INFO [http-nio-8080-exec-738] org.apache.catalina.core.ApplicationContext.log Manager: undeploy: Undeploying web application at '/Opportunity'
26-Jul-2019 11:27:14.662 INFO [http-nio-8080-exec-736] org.apache.catalina.core.ApplicationContext.log Manager: install: Installing context configuration at 'file:/C:/Users/PAULO~1.BEZ/AppData/Local/Temp/context6604899080597202563.xml'
26-Jul-2019 11:27:16.340 INFO [http-nio-8080-exec-742] org.apache.catalina.core.ApplicationContext.log Manager: start: Starting web application '/Opportunity'
26-Jul-2019 12:13:24.797 INFO [http-nio-8080-exec-749] org.apache.catalina.core.ApplicationContext.log Manager: list: Listing contexts for virtual host 'localhost'
26-Jul-2019 12:13:25.309 INFO [http-nio-8080-exec-747] org.apache.catalina.core.ApplicationContext.log Manager: undeploy: Undeploying web application at '/Opportunity'
26-Jul-2019 12:16:11.409 INFO [http-nio-8080-exec-743] org.apache.catalina.core.ApplicationContext.log Manager: list: Listing contexts for virtual host 'localhost'
26-Jul-2019 12:16:11.414 INFO [http-nio-8080-exec-744] org.apache.catalina.core.ApplicationContext.log Manager: list: Listing contexts for virtual host 'localhost'
26-Jul-2019 12:16:12.035 INFO [http-nio-8080-exec-756] org.apache.catalina.core.ApplicationContext.log Manager: install: Installing context configuration at 'file:/C:/Users/PAULO~1.BEZ/AppData/Local/Temp/context7536712317226326026.xml'
26-Jul-2019 12:16:15.170 INFO [http-nio-8080-exec-752] org.apache.catalina.core.ApplicationContext.log Manager: start: Starting web application '/Opportunity'
26-Jul-2019 12:17:53.905 INFO [http-nio-8080-exec-761] org.apache.catalina.core.ApplicationContext.log Manager: list: Listing contexts for virtual host 'localhost'
26-Jul-2019 12:19:18.372 INFO [http-nio-8080-exec-755] org.apache.catalina.core.ApplicationContext.log Manager: list: Listing contexts for virtual host 'localhost'
26-Jul-2019 12:19:30.938 INFO [http-nio-8080-exec-758] org.apache.catalina.core.ApplicationContext.log Manager: list: Listing contexts for virtual host 'localhost'
26-Jul-2019 12:19:54.932 INFO [http-nio-8080-exec-762] org.apache.catalina.core.ApplicationContext.log Manager: list: Listing contexts for virtual host 'localhost'
26-Jul-2019 12:19:54.934 INFO [http-nio-8080-exec-758] org.apache.catalina.core.ApplicationContext.log Manager: list: Listing contexts for virtual host 'localhost'
26-Jul-2019 12:19:54.956 INFO [http-nio-8080-exec-759] org.apache.catalina.core.ApplicationContext.log Manager: undeploy: Undeploying web application at '/Opportunity'
26-Jul-2019 12:20:00.124 INFO [http-nio-8080-exec-754] org.apache.catalina.core.ApplicationContext.log Manager: install: Installing context configuration at 'file:/C:/Users/PAULO~1.BEZ/AppData/Local/Temp/context1501498677723317818.xml'
26-Jul-2019 12:20:01.717 INFO [http-nio-8080-exec-760] org.apache.catalina.core.ApplicationContext.log Manager: start: Starting web application '/Opportunity'
26-Jul-2019 12:20:51.920 INFO [http-nio-8080-exec-768] org.apache.catalina.core.ApplicationContext.log Manager: list: Listing contexts for virtual host 'localhost'
26-Jul-2019 12:20:55.677 INFO [http-nio-8080-exec-771] org.apache.catalina.core.ApplicationContext.log Manager: list: Listing contexts for virtual host 'localhost'
26-Jul-2019 12:20:55.681 INFO [http-nio-8080-exec-767] org.apache.catalina.core.ApplicationContext.log Manager: list: Listing contexts for virtual host 'localhost'
26-Jul-2019 12:20:55.721 INFO [http-nio-8080-exec-762] org.apache.catalina.core.ApplicationContext.log Manager: undeploy: Undeploying web application at '/Opportunity'
26-Jul-2019 12:20:56.891 INFO [http-nio-8080-exec-764] org.apache.catalina.core.ApplicationContext.log Manager: install: Installing context configuration at 'file:/C:/Users/PAULO~1.BEZ/AppData/Local/Temp/context841682440490570949.xml'
26-Jul-2019 12:21:01.270 INFO [http-nio-8080-exec-770] org.apache.catalina.core.ApplicationContext.log Manager: start: Starting web application '/Opportunity'
26-Jul-2019 12:22:53.913 INFO [http-nio-8080-exec-763] org.apache.catalina.core.ApplicationContext.log Manager: list: Listing contexts for virtual host 'localhost'
26-Jul-2019 12:22:57.856 INFO [http-nio-8080-exec-779] org.apache.catalina.core.ApplicationContext.log Manager: list: Listing contexts for virtual host 'localhost'
26-Jul-2019 12:22:57.856 INFO [http-nio-8080-exec-763] org.apache.catalina.core.ApplicationContext.log Manager: list: Listing contexts for virtual host 'localhost'
26-Jul-2019 12:22:57.872 INFO [http-nio-8080-exec-766] org.apache.catalina.core.ApplicationContext.log Manager: undeploy: Undeploying web application at '/Opportunity'
26-Jul-2019 12:22:58.907 INFO [http-nio-8080-exec-776] org.apache.catalina.core.ApplicationContext.log Manager: install: Installing context configuration at 'file:/C:/Users/PAULO~1.BEZ/AppData/Local/Temp/context1472617442413910275.xml'
26-Jul-2019 12:23:00.505 INFO [http-nio-8080-exec-777] org.apache.catalina.core.ApplicationContext.log Manager: start: Starting web application '/Opportunity'
26-Jul-2019 12:25:16.169 INFO [http-nio-8080-exec-783] org.apache.catalina.core.ApplicationContext.log Manager: list: Listing contexts for virtual host 'localhost'
26-Jul-2019 12:25:19.817 INFO [http-nio-8080-exec-784] org.apache.catalina.core.ApplicationContext.log Manager: list: Listing contexts for virtual host 'localhost'
26-Jul-2019 12:25:19.817 INFO [http-nio-8080-exec-781] org.apache.catalina.core.ApplicationContext.log Manager: list: Listing contexts for virtual host 'localhost'
26-Jul-2019 12:25:19.833 INFO [http-nio-8080-exec-782] org.apache.catalina.core.ApplicationContext.log Manager: undeploy: Undeploying web application at '/Opportunity'
26-Jul-2019 12:25:21.022 INFO [http-nio-8080-exec-787] org.apache.catalina.core.ApplicationContext.log Manager: install: Installing context configuration at 'file:/C:/Users/PAULO~1.BEZ/AppData/Local/Temp/context7506778022233076162.xml'
26-Jul-2019 12:25:22.936 INFO [http-nio-8080-exec-784] org.apache.catalina.core.ApplicationContext.log Manager: start: Starting web application '/Opportunity'
26-Jul-2019 12:30:55.675 INFO [http-nio-8080-exec-793] org.apache.catalina.core.ApplicationContext.log Manager: list: Listing contexts for virtual host 'localhost'
26-Jul-2019 12:32:43.584 INFO [http-nio-8080-exec-800] org.apache.catalina.core.ApplicationContext.log Manager: list: Listing contexts for virtual host 'localhost'
26-Jul-2019 12:33:09.521 INFO [http-nio-8080-exec-795] org.apache.catalina.core.ApplicationContext.log Manager: list: Listing contexts for virtual host 'localhost'
26-Jul-2019 12:33:09.521 INFO [http-nio-8080-exec-796] org.apache.catalina.core.ApplicationContext.log Manager: list: Listing contexts for virtual host 'localhost'
26-Jul-2019 12:33:09.536 INFO [http-nio-8080-exec-799] org.apache.catalina.core.ApplicationContext.log Manager: undeploy: Undeploying web application at '/Opportunity'
26-Jul-2019 12:33:11.567 INFO [http-nio-8080-exec-791] org.apache.catalina.core.ApplicationContext.log Manager: install: Installing context configuration at 'file:/C:/Users/PAULO~1.BEZ/AppData/Local/Temp/context2946469693562733177.xml'
26-Jul-2019 12:33:13.239 INFO [http-nio-8080-exec-795] org.apache.catalina.core.ApplicationContext.log Manager: start: Starting web application '/Opportunity'
26-Jul-2019 12:34:38.823 INFO [http-nio-8080-exec-804] org.apache.catalina.core.ApplicationContext.log Manager: list: Listing contexts for virtual host 'localhost'
26-Jul-2019 12:34:41.992 INFO [http-nio-8080-exec-805] org.apache.catalina.core.ApplicationContext.log Manager: list: Listing contexts for virtual host 'localhost'
26-Jul-2019 12:34:41.993 INFO [http-nio-8080-exec-801] org.apache.catalina.core.ApplicationContext.log Manager: list: Listing contexts for virtual host 'localhost'
26-Jul-2019 12:34:42.011 INFO [http-nio-8080-exec-802] org.apache.catalina.core.ApplicationContext.log Manager: undeploy: Undeploying web application at '/Opportunity'
26-Jul-2019 12:34:43.123 INFO [http-nio-8080-exec-803] org.apache.catalina.core.ApplicationContext.log Manager: install: Installing context configuration at 'file:/C:/Users/PAULO~1.BEZ/AppData/Local/Temp/context1014651359515055993.xml'
26-Jul-2019 12:34:44.551 INFO [http-nio-8080-exec-808] org.apache.catalina.core.ApplicationContext.log Manager: start: Starting web application '/Opportunity'
26-Jul-2019 12:37:00.525 INFO [http-nio-8080-exec-811] org.apache.catalina.core.ApplicationContext.log Manager: list: Listing contexts for virtual host 'localhost'
26-Jul-2019 12:37:58.721 INFO [http-nio-8080-exec-810] org.apache.catalina.core.ApplicationContext.log Manager: list: Listing contexts for virtual host 'localhost'
26-Jul-2019 12:38:04.319 INFO [http-nio-8080-exec-816] org.apache.catalina.core.ApplicationContext.log Manager: list: Listing contexts for virtual host 'localhost'
26-Jul-2019 12:38:04.322 INFO [http-nio-8080-exec-812] org.apache.catalina.core.ApplicationContext.log Manager: list: Listing contexts for virtual host 'localhost'
26-Jul-2019 12:38:04.356 INFO [http-nio-8080-exec-809] org.apache.catalina.core.ApplicationContext.log Manager: undeploy: Undeploying web application at '/Opportunity'
26-Jul-2019 12:38:05.445 INFO [http-nio-8080-exec-814] org.apache.catalina.core.ApplicationContext.log Manager: install: Installing context configuration at 'file:/C:/Users/PAULO~1.BEZ/AppData/Local/Temp/context7578599106919152513.xml'
26-Jul-2019 12:38:09.942 INFO [http-nio-8080-exec-811] org.apache.catalina.core.ApplicationContext.log Manager: start: Starting web application '/Opportunity'
26-Jul-2019 12:40:41.569 INFO [http-nio-8080-exec-827] org.apache.catalina.core.ApplicationContext.log Manager: list: Listing contexts for virtual host 'localhost'
26-Jul-2019 12:40:45.841 INFO [http-nio-8080-exec-823] org.apache.catalina.core.ApplicationContext.log Manager: list: Listing contexts for virtual host 'localhost'
26-Jul-2019 12:40:45.842 INFO [http-nio-8080-exec-819] org.apache.catalina.core.ApplicationContext.log Manager: list: Listing contexts for virtual host 'localhost'
26-Jul-2019 12:40:45.865 INFO [http-nio-8080-exec-825] org.apache.catalina.core.ApplicationContext.log Manager: undeploy: Undeploying web application at '/Opportunity'
26-Jul-2019 12:40:47.081 INFO [http-nio-8080-exec-823] org.apache.catalina.core.ApplicationContext.log Manager: install: Installing context configuration at 'file:/C:/Users/PAULO~1.BEZ/AppData/Local/Temp/context5267641902365438113.xml'
26-Jul-2019 12:40:49.303 INFO [http-nio-8080-exec-827] org.apache.catalina.core.ApplicationContext.log Manager: start: Starting web application '/Opportunity'
26-Jul-2019 12:41:37.075 INFO [http-nio-8080-exec-836] org.apache.catalina.core.ApplicationContext.log Manager: list: Listing contexts for virtual host 'localhost'
26-Jul-2019 12:41:37.091 INFO [http-nio-8080-exec-833] org.apache.catalina.core.ApplicationContext.log Manager: undeploy: Undeploying web application at '/Opportunity'
26-Jul-2019 12:44:11.119 INFO [http-nio-8080-exec-836] org.apache.catalina.core.ApplicationContext.log Manager: list: Listing contexts for virtual host 'localhost'
26-Jul-2019 12:45:39.656 INFO [http-nio-8080-exec-841] org.apache.catalina.core.ApplicationContext.log Manager: list: Listing contexts for virtual host 'localhost'
26-Jul-2019 12:46:15.395 INFO [http-nio-8080-exec-846] org.apache.catalina.core.ApplicationContext.log Manager: list: Listing contexts for virtual host 'localhost'
26-Jul-2019 12:46:32.425 INFO [http-nio-8080-exec-844] org.apache.catalina.core.ApplicationContext.log Manager: list: Listing contexts for virtual host 'localhost'
26-Jul-2019 12:46:36.252 INFO [http-nio-8080-exec-840] org.apache.catalina.core.ApplicationContext.log Manager: list: Listing contexts for virtual host 'localhost'
26-Jul-2019 12:46:36.254 INFO [http-nio-8080-exec-841] org.apache.catalina.core.ApplicationContext.log Manager: list: Listing contexts for virtual host 'localhost'
26-Jul-2019 12:46:36.338 INFO [http-nio-8080-exec-843] org.apache.catalina.core.ApplicationContext.log Manager: install: Installing context configuration at 'file:/C:/Users/PAULO~1.BEZ/AppData/Local/Temp/context6298430193274095104.xml'
26-Jul-2019 12:46:38.412 INFO [http-nio-8080-exec-844] org.apache.catalina.core.ApplicationContext.log Manager: start: Starting web application '/Opportunity'
26-Jul-2019 12:48:29.935 INFO [http-nio-8080-exec-847] org.apache.catalina.core.ApplicationContext.log Manager: list: Listing contexts for virtual host 'localhost'
26-Jul-2019 12:48:29.952 INFO [http-nio-8080-exec-846] org.apache.catalina.core.ApplicationContext.log Manager: undeploy: Undeploying web application at '/Opportunity'
26-Jul-2019 12:53:29.240 INFO [http-nio-8080-exec-853] org.apache.catalina.core.ApplicationContext.log Manager: list: Listing contexts for virtual host 'localhost'
26-Jul-2019 12:55:19.478 INFO [http-nio-8080-exec-853] org.apache.catalina.core.ApplicationContext.log Manager: list: Listing contexts for virtual host 'localhost'
26-Jul-2019 12:55:41.883 INFO [http-nio-8080-exec-851] org.apache.catalina.core.ApplicationContext.log Manager: list: Listing contexts for virtual host 'localhost'
26-Jul-2019 12:56:16.367 INFO [http-nio-8080-exec-857] org.apache.catalina.core.ApplicationContext.log Manager: list: Listing contexts for virtual host 'localhost'
26-Jul-2019 12:56:19.306 INFO [http-nio-8080-exec-853] org.apache.catalina.core.ApplicationContext.log Manager: list: Listing contexts for virtual host 'localhost'
26-Jul-2019 12:56:19.308 INFO [http-nio-8080-exec-855] org.apache.catalina.core.ApplicationContext.log Manager: list: Listing contexts for virtual host 'localhost'
26-Jul-2019 12:56:19.388 INFO [http-nio-8080-exec-858] org.apache.catalina.core.ApplicationContext.log Manager: install: Installing context configuration at 'file:/C:/Users/PAULO~1.BEZ/AppData/Local/Temp/context3093585825329792985.xml'
26-Jul-2019 12:56:23.767 INFO [http-nio-8080-exec-857] org.apache.catalina.core.ApplicationContext.log Manager: start: Starting web application '/Opportunity'
26-Jul-2019 12:59:10.326 INFO [http-nio-8080-exec-856] org.apache.catalina.core.ApplicationContext.log Manager: list: Listing contexts for virtual host 'localhost'
26-Jul-2019 12:59:10.338 INFO [http-nio-8080-exec-852] org.apache.catalina.core.ApplicationContext.log Manager: undeploy: Undeploying web application at '/Opportunity'
26-Jul-2019 14:28:09.425 INFO [http-nio-8080-exec-865] org.apache.catalina.core.ApplicationContext.log Manager: list: Listing contexts for virtual host 'localhost'
26-Jul-2019 14:28:17.457 INFO [http-nio-8080-exec-861] org.apache.catalina.core.ApplicationContext.log Manager: list: Listing contexts for virtual host 'localhost'
26-Jul-2019 14:28:17.460 INFO [http-nio-8080-exec-862] org.apache.catalina.core.ApplicationContext.log Manager: list: Listing contexts for virtual host 'localhost'
26-Jul-2019 14:28:18.027 INFO [http-nio-8080-exec-863] org.apache.catalina.core.ApplicationContext.log Manager: install: Installing context configuration at 'file:/C:/Users/PAULO~1.BEZ/AppData/Local/Temp/context5243853104768900014.xml'
26-Jul-2019 14:28:25.301 INFO [http-nio-8080-exec-864] org.apache.catalina.core.ApplicationContext.log Manager: start: Starting web application '/Opportunity'
26-Jul-2019 14:28:56.204 INFO [http-nio-8080-exec-859] org.apache.catalina.core.ApplicationContext.log Manager: list: Listing contexts for virtual host 'localhost'
26-Jul-2019 14:31:07.205 INFO [http-nio-8080-exec-864] org.apache.catalina.core.ApplicationContext.log Manager: list: Listing contexts for virtual host 'localhost'
26-Jul-2019 14:31:09.823 INFO [http-nio-8080-exec-868] org.apache.catalina.core.ApplicationContext.log Manager: list: Listing contexts for virtual host 'localhost'
26-Jul-2019 14:31:09.824 INFO [http-nio-8080-exec-863] org.apache.catalina.core.ApplicationContext.log Manager: list: Listing contexts for virtual host 'localhost'
26-Jul-2019 14:31:09.856 INFO [http-nio-8080-exec-859] org.apache.catalina.core.ApplicationContext.log Manager: undeploy: Undeploying web application at '/Opportunity'
26-Jul-2019 14:31:21.127 INFO [http-nio-8080-exec-865] org.apache.catalina.core.ApplicationContext.log Manager: install: Installing context configuration at 'file:/C:/Users/PAULO~1.BEZ/AppData/Local/Temp/context9081675705618294871.xml'
26-Jul-2019 14:31:21.205 INFO [http-nio-8080-exec-866] org.apache.catalina.core.ApplicationContext.log Manager: list: Listing contexts for virtual host 'localhost'
26-Jul-2019 14:31:26.569 INFO [http-nio-8080-exec-863] org.apache.catalina.core.ApplicationContext.log Manager: start: Starting web application '/Opportunity'
26-Jul-2019 14:33:46.776 INFO [http-nio-8080-exec-876] org.apache.catalina.core.ApplicationContext.log Manager: list: Listing contexts for virtual host 'localhost'
26-Jul-2019 14:33:55.089 INFO [http-nio-8080-exec-870] org.apache.catalina.core.ApplicationContext.log Manager: list: Listing contexts for virtual host 'localhost'
26-Jul-2019 14:33:55.089 INFO [http-nio-8080-exec-874] org.apache.catalina.core.ApplicationContext.log Manager: list: Listing contexts for virtual host 'localhost'
26-Jul-2019 14:33:55.120 INFO [http-nio-8080-exec-875] org.apache.catalina.core.ApplicationContext.log Manager: undeploy: Undeploying web application at '/Opportunity'
26-Jul-2019 14:33:57.041 INFO [http-nio-8080-exec-876] org.apache.catalina.core.ApplicationContext.log Manager: install: Installing context configuration at 'file:/C:/Users/PAULO~1.BEZ/AppData/Local/Temp/context7837525588202075752.xml'
26-Jul-2019 14:33:58.808 INFO [http-nio-8080-exec-871] org.apache.catalina.core.ApplicationContext.log Manager: start: Starting web application '/Opportunity'
26-Jul-2019 14:43:40.376 INFO [http-nio-8080-exec-879] org.apache.catalina.core.ApplicationContext.log Manager: list: Listing contexts for virtual host 'localhost'
26-Jul-2019 14:43:40.672 INFO [http-nio-8080-exec-884] org.apache.catalina.core.ApplicationContext.log Manager: restart: Reloading web application '/Opportunity'
26-Jul-2019 14:43:45.662 INFO [http-nio-8080-exec-880] org.apache.catalina.core.ApplicationContext.log Manager: list: Listing contexts for virtual host 'localhost'
26-Jul-2019 14:43:46.084 INFO [http-nio-8080-exec-885] org.apache.catalina.core.ApplicationContext.log Manager: restart: Reloading web application '/Opportunity'
26-Jul-2019 14:43:49.234 INFO [http-nio-8080-exec-880] org.apache.catalina.core.ApplicationContext.log Manager: list: Listing contexts for virtual host 'localhost'
26-Jul-2019 14:43:49.586 INFO [http-nio-8080-exec-887] org.apache.catalina.core.ApplicationContext.log Manager: restart: Reloading web application '/Opportunity'
26-Jul-2019 14:43:51.402 INFO [http-nio-8080-exec-886] org.apache.catalina.core.ApplicationContext.log Manager: list: Listing contexts for virtual host 'localhost'
26-Jul-2019 14:43:51.763 INFO [http-nio-8080-exec-890] org.apache.catalina.core.ApplicationContext.log Manager: restart: Reloading web application '/Opportunity'
26-Jul-2019 14:44:02.030 INFO [http-nio-8080-exec-889] org.apache.catalina.core.ApplicationContext.log Manager: list: Listing contexts for virtual host 'localhost'
26-Jul-2019 14:44:02.360 INFO [http-nio-8080-exec-883] org.apache.catalina.core.ApplicationContext.log Manager: restart: Reloading web application '/Opportunity'
26-Jul-2019 14:44:04.073 INFO [http-nio-8080-exec-891] org.apache.catalina.core.ApplicationContext.log Manager: list: Listing contexts for virtual host 'localhost'
26-Jul-2019 14:44:04.305 INFO [http-nio-8080-exec-882] org.apache.catalina.core.ApplicationContext.log Manager: restart: Reloading web application '/Opportunity'
26-Jul-2019 14:46:05.875 INFO [http-nio-8080-exec-899] org.apache.catalina.core.ApplicationContext.log Manager: list: Listing contexts for virtual host 'localhost'
26-Jul-2019 14:46:06.110 INFO [http-nio-8080-exec-900] org.apache.catalina.core.ApplicationContext.log Manager: restart: Reloading web application '/Opportunity'
26-Jul-2019 14:46:10.976 INFO [http-nio-8080-exec-896] org.apache.catalina.core.ApplicationContext.log Manager: list: Listing contexts for virtual host 'localhost'
26-Jul-2019 14:46:11.189 INFO [http-nio-8080-exec-880] org.apache.catalina.core.ApplicationContext.log Manager: restart: Reloading web application '/Opportunity'
26-Jul-2019 14:46:42.466 INFO [http-nio-8080-exec-903] org.apache.catalina.core.ApplicationContext.log Manager: list: Listing contexts for virtual host 'localhost'
26-Jul-2019 14:46:46.061 INFO [http-nio-8080-exec-909] org.apache.catalina.core.ApplicationContext.log Manager: list: Listing contexts for virtual host 'localhost'
26-Jul-2019 14:46:46.063 INFO [http-nio-8080-exec-898] org.apache.catalina.core.ApplicationContext.log Manager: list: Listing contexts for virtual host 'localhost'
26-Jul-2019 14:46:46.098 INFO [http-nio-8080-exec-881] org.apache.catalina.core.ApplicationContext.log Manager: undeploy: Undeploying web application at '/Opportunity'
26-Jul-2019 14:46:47.156 INFO [http-nio-8080-exec-898] org.apache.catalina.core.ApplicationContext.log Manager: install: Installing context configuration at 'file:/C:/Users/PAULO~1.BEZ/AppData/Local/Temp/context8290676194852440700.xml'
26-Jul-2019 14:46:48.634 INFO [http-nio-8080-exec-906] org.apache.catalina.core.ApplicationContext.log Manager: start: Starting web application '/Opportunity'
26-Jul-2019 14:48:21.050 INFO [http-nio-8080-exec-913] org.apache.catalina.core.ApplicationContext.log Manager: list: Listing contexts for virtual host 'localhost'
26-Jul-2019 14:48:21.067 INFO [http-nio-8080-exec-919] org.apache.catalina.core.ApplicationContext.log Manager: undeploy: Undeploying web application at '/Opportunity'
26-Jul-2019 14:48:43.925 INFO [http-nio-8080-exec-911] org.apache.catalina.core.ApplicationContext.log Manager: list: Listing contexts for virtual host 'localhost'
26-Jul-2019 15:14:19.569 INFO [http-nio-8080-exec-924] org.apache.catalina.core.ApplicationContext.log Manager: list: Listing contexts for virtual host 'localhost'
26-Jul-2019 15:14:26.952 INFO [http-nio-8080-exec-930] org.apache.catalina.core.ApplicationContext.log Manager: list: Listing contexts for virtual host 'localhost'
26-Jul-2019 15:14:26.956 INFO [http-nio-8080-exec-921] org.apache.catalina.core.ApplicationContext.log Manager: list: Listing contexts for virtual host 'localhost'
26-Jul-2019 15:14:27.160 INFO [http-nio-8080-exec-922] org.apache.catalina.core.ApplicationContext.log Manager: install: Installing context configuration at 'file:/C:/Users/PAULO~1.BEZ/AppData/Local/Temp/context4351253394427970102.xml'
26-Jul-2019 15:14:35.607 INFO [http-nio-8080-exec-923] org.apache.catalina.core.ApplicationContext.log Manager: start: Starting web application '/Opportunity'
26-Jul-2019 15:15:10.327 INFO [http-nio-8080-exec-928] org.apache.catalina.core.ApplicationContext.log Manager: list: Listing contexts for virtual host 'localhost'
26-Jul-2019 15:15:20.825 INFO [http-nio-8080-exec-928] org.apache.catalina.core.ApplicationContext.log Manager: list: Listing contexts for virtual host 'localhost'
26-Jul-2019 15:15:33.138 INFO [http-nio-8080-exec-927] org.apache.catalina.core.ApplicationContext.log Manager: list: Listing contexts for virtual host 'localhost'
26-Jul-2019 15:15:45.988 INFO [http-nio-8080-exec-929] org.apache.catalina.core.ApplicationContext.log Manager: list: Listing contexts for virtual host 'localhost'
26-Jul-2019 15:15:49.869 INFO [http-nio-8080-exec-929] org.apache.catalina.core.ApplicationContext.log Manager: list: Listing contexts for virtual host 'localhost'
26-Jul-2019 15:16:38.441 INFO [http-nio-8080-exec-930] org.apache.catalina.core.ApplicationContext.log Manager: list: Listing contexts for virtual host 'localhost'
26-Jul-2019 16:31:12.686 INFO [http-nio-8080-exec-930] org.apache.catalina.core.ApplicationContext.log Manager: list: Listing contexts for virtual host 'localhost'
26-Jul-2019 16:31:13.084 INFO [http-nio-8080-exec-927] org.apache.catalina.core.ApplicationContext.log Manager: restart: Reloading web application '/Opportunity'
26-Jul-2019 16:31:34.624 INFO [http-nio-8080-exec-925] org.apache.catalina.core.ApplicationContext.log Manager: list: Listing contexts for virtual host 'localhost'
26-Jul-2019 16:31:34.899 INFO [http-nio-8080-exec-926] org.apache.catalina.core.ApplicationContext.log Manager: restart: Reloading web application '/Opportunity'
26-Jul-2019 16:34:04.504 INFO [http-nio-8080-exec-935] org.apache.catalina.core.ApplicationContext.log Manager: list: Listing contexts for virtual host 'localhost'
26-Jul-2019 16:34:09.188 INFO [http-nio-8080-exec-925] org.apache.catalina.core.ApplicationContext.log Manager: list: Listing contexts for virtual host 'localhost'
26-Jul-2019 16:34:09.191 INFO [http-nio-8080-exec-932] org.apache.catalina.core.ApplicationContext.log Manager: list: Listing contexts for virtual host 'localhost'
26-Jul-2019 16:34:09.245 INFO [http-nio-8080-exec-933] org.apache.catalina.core.ApplicationContext.log Manager: undeploy: Undeploying web application at '/Opportunity'
26-Jul-2019 16:34:10.372 INFO [http-nio-8080-exec-923] org.apache.catalina.core.ApplicationContext.log Manager: install: Installing context configuration at 'file:/C:/Users/PAULO~1.BEZ/AppData/Local/Temp/context3483554116346392069.xml'
26-Jul-2019 16:34:11.904 INFO [http-nio-8080-exec-938] org.apache.catalina.core.ApplicationContext.log Manager: start: Starting web application '/Opportunity'
26-Jul-2019 16:35:24.075 INFO [http-nio-8080-exec-942] org.apache.catalina.core.ApplicationContext.log Manager: list: Listing contexts for virtual host 'localhost'
26-Jul-2019 16:35:24.353 INFO [http-nio-8080-exec-943] org.apache.catalina.core.ApplicationContext.log Manager: restart: Reloading web application '/Opportunity'
26-Jul-2019 16:35:27.023 INFO [http-nio-8080-exec-941] org.apache.catalina.core.ApplicationContext.log Manager: list: Listing contexts for virtual host 'localhost'
26-Jul-2019 16:35:27.425 INFO [http-nio-8080-exec-946] org.apache.catalina.core.ApplicationContext.log Manager: restart: Reloading web application '/Opportunity'
26-Jul-2019 16:37:48.131 INFO [http-nio-8080-exec-952] org.apache.catalina.core.ApplicationContext.log Manager: list: Listing contexts for virtual host 'localhost'
26-Jul-2019 16:37:48.397 INFO [http-nio-8080-exec-945] org.apache.catalina.core.ApplicationContext.log Manager: restart: Reloading web application '/Opportunity'
26-Jul-2019 16:37:50.520 INFO [http-nio-8080-exec-949] org.apache.catalina.core.ApplicationContext.log Manager: list: Listing contexts for virtual host 'localhost'
26-Jul-2019 16:37:50.809 INFO [http-nio-8080-exec-951] org.apache.catalina.core.ApplicationContext.log Manager: restart: Reloading web application '/Opportunity'
26-Jul-2019 16:37:53.449 INFO [http-nio-8080-exec-949] org.apache.catalina.core.ApplicationContext.log Manager: list: Listing contexts for virtual host 'localhost'
26-Jul-2019 16:37:53.694 INFO [http-nio-8080-exec-952] org.apache.catalina.core.ApplicationContext.log Manager: restart: Reloading web application '/Opportunity'
26-Jul-2019 16:37:55.784 INFO [http-nio-8080-exec-955] org.apache.catalina.core.ApplicationContext.log Manager: list: Listing contexts for virtual host 'localhost'
26-Jul-2019 16:37:56.030 INFO [http-nio-8080-exec-949] org.apache.catalina.core.ApplicationContext.log Manager: restart: Reloading web application '/Opportunity'
26-Jul-2019 16:45:10.245 INFO [http-nio-8080-exec-964] org.apache.catalina.core.ApplicationContext.log Manager: list: Listing contexts for virtual host 'localhost'
26-Jul-2019 16:45:10.589 INFO [http-nio-8080-exec-960] org.apache.catalina.core.ApplicationContext.log Manager: restart: Reloading web application '/Opportunity'
26-Jul-2019 16:45:18.929 INFO [http-nio-8080-exec-959] org.apache.catalina.core.ApplicationContext.log Manager: list: Listing contexts for virtual host 'localhost'
26-Jul-2019 16:45:19.209 INFO [http-nio-8080-exec-962] org.apache.catalina.core.ApplicationContext.log Manager: restart: Reloading web application '/Opportunity'
26-Jul-2019 16:45:26.262 INFO [http-nio-8080-exec-963] org.apache.catalina.core.ApplicationContext.log Manager: list: Listing contexts for virtual host 'localhost'
26-Jul-2019 16:45:26.503 INFO [http-nio-8080-exec-964] org.apache.catalina.core.ApplicationContext.log Manager: restart: Reloading web application '/Opportunity'
26-Jul-2019 16:45:28.306 INFO [http-nio-8080-exec-969] org.apache.catalina.core.ApplicationContext.log Manager: list: Listing contexts for virtual host 'localhost'
26-Jul-2019 16:45:28.528 INFO [http-nio-8080-exec-966] org.apache.catalina.core.ApplicationContext.log Manager: restart: Reloading web application '/Opportunity'
26-Jul-2019 16:45:33.171 INFO [http-nio-8080-exec-969] org.apache.catalina.core.ApplicationContext.log Manager: list: Listing contexts for virtual host 'localhost'
26-Jul-2019 16:45:34.810 INFO [http-nio-8080-exec-958] org.apache.catalina.core.ApplicationContext.log Manager: list: Listing contexts for virtual host 'localhost'
26-Jul-2019 16:45:34.812 INFO [http-nio-8080-exec-973] org.apache.catalina.core.ApplicationContext.log Manager: list: Listing contexts for virtual host 'localhost'
26-Jul-2019 16:45:34.859 INFO [http-nio-8080-exec-959] org.apache.catalina.core.ApplicationContext.log Manager: undeploy: Undeploying web application at '/Opportunity'
26-Jul-2019 16:45:35.780 INFO [http-nio-8080-exec-958] org.apache.catalina.core.ApplicationContext.log Manager: install: Installing context configuration at 'file:/C:/Users/PAULO~1.BEZ/AppData/Local/Temp/context5343383876883479275.xml'
26-Jul-2019 16:45:37.317 INFO [http-nio-8080-exec-973] org.apache.catalina.core.ApplicationContext.log Manager: start: Starting web application '/Opportunity'
26-Jul-2019 16:49:25.113 INFO [http-nio-8080-exec-977] org.apache.catalina.core.ApplicationContext.log Manager: list: Listing contexts for virtual host 'localhost'
26-Jul-2019 16:49:25.380 INFO [http-nio-8080-exec-979] org.apache.catalina.core.ApplicationContext.log Manager: restart: Reloading web application '/Opportunity'
26-Jul-2019 16:49:31.443 INFO [http-nio-8080-exec-984] org.apache.catalina.core.ApplicationContext.log Manager: list: Listing contexts for virtual host 'localhost'
26-Jul-2019 16:49:31.713 INFO [http-nio-8080-exec-975] org.apache.catalina.core.ApplicationContext.log Manager: restart: Reloading web application '/Opportunity'
26-Jul-2019 16:54:14.867 INFO [http-nio-8080-exec-989] org.apache.catalina.core.ApplicationContext.log Manager: list: Listing contexts for virtual host 'localhost'
26-Jul-2019 16:54:15.158 INFO [http-nio-8080-exec-990] org.apache.catalina.core.ApplicationContext.log Manager: restart: Reloading web application '/Opportunity'
26-Jul-2019 16:54:18.419 INFO [http-nio-8080-exec-976] org.apache.catalina.core.ApplicationContext.log Manager: list: Listing contexts for virtual host 'localhost'
26-Jul-2019 16:54:18.645 INFO [http-nio-8080-exec-981] org.apache.catalina.core.ApplicationContext.log Manager: restart: Reloading web application '/Opportunity'
26-Jul-2019 16:56:15.568 INFO [http-nio-8080-exec-988] org.apache.catalina.core.ApplicationContext.log Manager: list: Listing contexts for virtual host 'localhost'
26-Jul-2019 16:56:15.791 INFO [http-nio-8080-exec-991] org.apache.catalina.core.ApplicationContext.log Manager: restart: Reloading web application '/Opportunity'
26-Jul-2019 16:56:17.726 INFO [http-nio-8080-exec-998] org.apache.catalina.core.ApplicationContext.log Manager: list: Listing contexts for virtual host 'localhost'
26-Jul-2019 16:56:17.980 INFO [http-nio-8080-exec-988] org.apache.catalina.core.ApplicationContext.log Manager: restart: Reloading web application '/Opportunity'
26-Jul-2019 16:56:30.632 INFO [http-nio-8080-exec-993] org.apache.catalina.core.ApplicationContext.log Manager: list: Listing contexts for virtual host 'localhost'
26-Jul-2019 16:56:30.861 INFO [http-nio-8080-exec-987] org.apache.catalina.core.ApplicationContext.log Manager: restart: Reloading web application '/Opportunity'
26-Jul-2019 16:56:32.739 INFO [http-nio-8080-exec-999] org.apache.catalina.core.ApplicationContext.log Manager: list: Listing contexts for virtual host 'localhost'
26-Jul-2019 16:56:32.972 INFO [http-nio-8080-exec-1000] org.apache.catalina.core.ApplicationContext.log Manager: restart: Reloading web application '/Opportunity'
26-Jul-2019 16:56:55.693 INFO [http-nio-8080-exec-993] org.apache.catalina.core.ApplicationContext.log Manager: list: Listing contexts for virtual host 'localhost'
26-Jul-2019 16:56:55.948 INFO [http-nio-8080-exec-1003] org.apache.catalina.core.ApplicationContext.log Manager: restart: Reloading web application '/Opportunity'
26-Jul-2019 16:56:57.775 INFO [http-nio-8080-exec-1004] org.apache.catalina.core.ApplicationContext.log Manager: list: Listing contexts for virtual host 'localhost'
26-Jul-2019 16:56:58.079 INFO [http-nio-8080-exec-994] org.apache.catalina.core.ApplicationContext.log Manager: restart: Reloading web application '/Opportunity'
26-Jul-2019 16:57:06.103 INFO [http-nio-8080-exec-993] org.apache.catalina.core.ApplicationContext.log Manager: list: Listing contexts for virtual host 'localhost'
26-Jul-2019 16:57:06.105 INFO [http-nio-8080-exec-1007] org.apache.catalina.core.ApplicationContext.log Manager: list: Listing contexts for virtual host 'localhost'
26-Jul-2019 16:57:06.158 INFO [http-nio-8080-exec-1008] org.apache.catalina.core.ApplicationContext.log Manager: undeploy: Undeploying web application at '/Opportunity'
26-Jul-2019 16:57:07.091 INFO [http-nio-8080-exec-998] org.apache.catalina.core.ApplicationContext.log Manager: install: Installing context configuration at 'file:/C:/Users/PAULO~1.BEZ/AppData/Local/Temp/context2890450724140850926.xml'
26-Jul-2019 16:57:08.488 INFO [http-nio-8080-exec-1004] org.apache.catalina.core.ApplicationContext.log Manager: start: Starting web application '/Opportunity'
26-Jul-2019 16:59:03.283 INFO [http-nio-8080-exec-1013] org.apache.catalina.core.ApplicationContext.log Manager: list: Listing contexts for virtual host 'localhost'
26-Jul-2019 16:59:05.109 INFO [http-nio-8080-exec-1012] org.apache.catalina.core.ApplicationContext.log Manager: restart: Reloading web application '/Opportunity'
26-Jul-2019 16:59:07.351 INFO [http-nio-8080-exec-1013] org.apache.catalina.core.ApplicationContext.log Manager: list: Listing contexts for virtual host 'localhost'
26-Jul-2019 16:59:07.574 INFO [http-nio-8080-exec-1015] org.apache.catalina.core.ApplicationContext.log Manager: restart: Reloading web application '/Opportunity'
26-Jul-2019 17:01:07.089 INFO [http-nio-8080-exec-1026] org.apache.catalina.core.ApplicationContext.log Manager: list: Listing contexts for virtual host 'localhost'
26-Jul-2019 17:01:07.823 INFO [http-nio-8080-exec-1027] org.apache.catalina.core.ApplicationContext.log Manager: restart: Reloading web application '/Opportunity'
26-Jul-2019 17:01:11.427 INFO [http-nio-8080-exec-1026] org.apache.catalina.core.ApplicationContext.log Manager: list: Listing contexts for virtual host 'localhost'
26-Jul-2019 17:01:11.955 INFO [http-nio-8080-exec-1023] org.apache.catalina.core.ApplicationContext.log Manager: restart: Reloading web application '/Opportunity'
26-Jul-2019 17:01:14.346 INFO [http-nio-8080-exec-1026] org.apache.catalina.core.ApplicationContext.log Manager: list: Listing contexts for virtual host 'localhost'
26-Jul-2019 17:01:14.670 INFO [http-nio-8080-exec-1024] org.apache.catalina.core.ApplicationContext.log Manager: restart: Reloading web application '/Opportunity'
26-Jul-2019 17:01:15.489 INFO [http-nio-8080-exec-1031] org.apache.catalina.core.ApplicationContext.log Manager: list: Listing contexts for virtual host 'localhost'
26-Jul-2019 17:01:17.423 INFO [http-nio-8080-exec-1028] org.apache.catalina.core.ApplicationContext.log Manager: undeploy: Undeploying web application at '/Opportunity'
26-Jul-2019 17:01:17.916 INFO [http-nio-8080-exec-1031] org.apache.catalina.core.ApplicationContext.log Manager: list: Listing contexts for virtual host 'localhost'
26-Jul-2019 17:01:18.365 INFO [http-nio-8080-exec-1034] org.apache.catalina.core.ApplicationContext.log Manager: restart: Reloading web application '/Opportunity'
26-Jul-2019 17:01:42.008 INFO [http-nio-8080-exec-1021] org.apache.catalina.core.ApplicationContext.log Manager: list: Listing contexts for virtual host 'localhost'
26-Jul-2019 17:05:51.577 INFO [http-nio-8080-exec-1039] org.apache.catalina.core.ApplicationContext.log Manager: list: Listing contexts for virtual host 'localhost'
26-Jul-2019 17:05:51.808 INFO [http-nio-8080-exec-1044] org.apache.catalina.core.ApplicationContext.log Manager: list: Listing contexts for virtual host 'localhost'
26-Jul-2019 17:05:51.810 INFO [http-nio-8080-exec-1035] org.apache.catalina.core.ApplicationContext.log Manager: list: Listing contexts for virtual host 'localhost'
26-Jul-2019 17:05:52.069 INFO [http-nio-8080-exec-1036] org.apache.catalina.core.ApplicationContext.log Manager: install: Installing context configuration at 'file:/C:/Users/PAULO~1.BEZ/AppData/Local/Temp/context781105929132433939.xml'
26-Jul-2019 17:05:54.439 INFO [http-nio-8080-exec-1037] org.apache.catalina.core.ApplicationContext.log Manager: start: Starting web application '/Opportunity'
26-Jul-2019 17:05:57.343 INFO [http-nio-8080-exec-1041] org.apache.catalina.core.ApplicationContext.log Manager: list: Listing contexts for virtual host 'localhost'
26-Jul-2019 17:05:57.357 INFO [http-nio-8080-exec-1042] org.apache.catalina.core.ApplicationContext.log Manager: undeploy: Undeploying web application at '/Opportunity'
26-Jul-2019 17:41:28.427 INFO [http-nio-8080-exec-1048] org.apache.catalina.core.ApplicationContext.log Manager: list: Listing contexts for virtual host 'localhost'
26-Jul-2019 17:41:28.505 INFO [http-nio-8080-exec-1053] org.apache.catalina.core.ApplicationContext.log Manager: list: Listing contexts for virtual host 'localhost'
26-Jul-2019 17:42:41.124 INFO [http-nio-8080-exec-1048] org.apache.catalina.core.ApplicationContext.log Manager: list: Listing contexts for virtual host 'localhost'
26-Jul-2019 17:42:41.190 INFO [http-nio-8080-exec-1050] org.apache.catalina.core.ApplicationContext.log Manager: list: Listing contexts for virtual host 'localhost'
26-Jul-2019 17:46:29.496 INFO [http-nio-8080-exec-1045] org.apache.catalina.core.ApplicationContext.log Manager: list: Listing contexts for virtual host 'localhost'
26-Jul-2019 17:46:30.036 INFO [http-nio-8080-exec-1048] org.apache.catalina.core.ApplicationContext.log Manager: list: Listing contexts for virtual host 'localhost'
26-Jul-2019 17:46:30.082 INFO [http-nio-8080-exec-1052] org.apache.catalina.core.ApplicationContext.log Manager: list: Listing contexts for virtual host 'localhost'
26-Jul-2019 17:51:37.072 INFO [http-nio-8080-exec-1047] org.apache.catalina.core.ApplicationContext.log Manager: list: Listing contexts for virtual host 'localhost'
26-Jul-2019 17:53:10.823 INFO [http-nio-8080-exec-1052] org.apache.catalina.core.ApplicationContext.log Manager: list: Listing contexts for virtual host 'localhost'
26-Jul-2019 17:53:11.269 INFO [http-nio-8080-exec-1047] org.apache.catalina.core.ApplicationContext.log Manager: list: Listing contexts for virtual host 'localhost'
26-Jul-2019 17:53:24.627 INFO [http-nio-8080-exec-1053] org.apache.catalina.core.ApplicationContext.log Manager: list: Listing contexts for virtual host 'localhost'
26-Jul-2019 17:53:24.696 INFO [http-nio-8080-exec-1046] org.apache.catalina.core.ApplicationContext.log Manager: list: Listing contexts for virtual host 'localhost'
26-Jul-2019 17:53:26.058 INFO [http-nio-8080-exec-1049] org.apache.catalina.core.ApplicationContext.log Manager: list: Listing contexts for virtual host 'localhost'
26-Jul-2019 17:53:26.618 INFO [http-nio-8080-exec-1053] org.apache.catalina.core.ApplicationContext.log Manager: list: Listing contexts for virtual host 'localhost'
26-Jul-2019 17:54:30.011 INFO [http-nio-8080-exec-1049] org.apache.catalina.core.ApplicationContext.log Manager: list: Listing contexts for virtual host 'localhost'
26-Jul-2019 17:55:28.797 INFO [http-nio-8080-exec-1047] org.apache.catalina.core.ApplicationContext.log Manager: list: Listing contexts for virtual host 'localhost'
26-Jul-2019 17:55:28.849 INFO [http-nio-8080-exec-1052] org.apache.catalina.core.ApplicationContext.log Manager: list: Listing contexts for virtual host 'localhost'
26-Jul-2019 17:55:38.065 INFO [http-nio-8080-exec-1049] org.apache.catalina.core.ApplicationContext.log Manager: list: Listing contexts for virtual host 'localhost'
26-Jul-2019 17:55:38.111 INFO [http-nio-8080-exec-1054] org.apache.catalina.core.ApplicationContext.log Manager: list: Listing contexts for virtual host 'localhost'
26-Jul-2019 18:04:45.319 INFO [http-nio-8080-exec-1045] org.apache.catalina.core.ApplicationContext.log Manager: list: Listing contexts for virtual host 'localhost'
26-Jul-2019 18:04:45.382 INFO [http-nio-8080-exec-1049] org.apache.catalina.core.ApplicationContext.log Manager: list: Listing contexts for virtual host 'localhost'
26-Jul-2019 18:06:07.295 INFO [http-nio-8080-exec-1046] org.apache.catalina.core.ApplicationContext.log Manager: list: Listing contexts for virtual host 'localhost'
26-Jul-2019 18:06:07.341 INFO [http-nio-8080-exec-1049] org.apache.catalina.core.ApplicationContext.log Manager: list: Listing contexts for virtual host 'localhost'
26-Jul-2019 18:06:14.349 INFO [http-nio-8080-exec-1045] org.apache.catalina.core.ApplicationContext.log Manager: list: Listing contexts for virtual host 'localhost'
26-Jul-2019 18:06:14.351 INFO [http-nio-8080-exec-1046] org.apache.catalina.core.ApplicationContext.log Manager: list: Listing contexts for virtual host 'localhost'
26-Jul-2019 18:06:14.865 INFO [http-nio-8080-exec-1047] org.apache.catalina.core.ApplicationContext.log Manager: install: Installing context configuration at 'file:/C:/Users/PAULO~1.BEZ/AppData/Local/Temp/context4105478890343276360.xml'
26-Jul-2019 18:06:20.067 INFO [http-nio-8080-exec-1048] org.apache.catalina.core.ApplicationContext.log Manager: start: Starting web application '/Opportunity'
26-Jul-2019 18:09:09.935 INFO [http-nio-8080-exec-1052] org.apache.catalina.core.ApplicationContext.log Manager: list: Listing contexts for virtual host 'localhost'
26-Jul-2019 18:09:13.013 INFO [http-nio-8080-exec-1045] org.apache.catalina.core.ApplicationContext.log Manager: restart: Reloading web application '/Opportunity'
26-Jul-2019 18:09:33.789 INFO [http-nio-8080-exec-1054] org.apache.catalina.core.ApplicationContext.log Manager: list: Listing contexts for virtual host 'localhost'
26-Jul-2019 18:09:34.136 INFO [http-nio-8080-exec-1050] org.apache.catalina.core.ApplicationContext.log Manager: restart: Reloading web application '/Opportunity'
26-Jul-2019 18:22:14.038 INFO [http-nio-8080-exec-1061] org.apache.catalina.core.ApplicationContext.log Manager: list: Listing contexts for virtual host 'localhost'
26-Jul-2019 18:22:14.444 INFO [http-nio-8080-exec-1062] org.apache.catalina.core.ApplicationContext.log Manager: restart: Reloading web application '/Opportunity'
26-Jul-2019 18:22:28.234 INFO [http-nio-8080-exec-1059] org.apache.catalina.core.ApplicationContext.log Manager: list: Listing contexts for virtual host 'localhost'
26-Jul-2019 18:22:29.037 INFO [http-nio-8080-exec-1060] org.apache.catalina.core.ApplicationContext.log Manager: restart: Reloading web application '/Opportunity'
26-Jul-2019 18:23:49.686 INFO [http-nio-8080-exec-1073] org.apache.catalina.core.ApplicationContext.log Manager: list: Listing contexts for virtual host 'localhost'
26-Jul-2019 18:23:49.904 INFO [http-nio-8080-exec-1069] org.apache.catalina.core.ApplicationContext.log Manager: restart: Reloading web application '/Opportunity'
26-Jul-2019 18:23:51.866 INFO [http-nio-8080-exec-1061] org.apache.catalina.core.ApplicationContext.log Manager: list: Listing contexts for virtual host 'localhost'
26-Jul-2019 18:23:52.115 INFO [http-nio-8080-exec-1076] org.apache.catalina.core.ApplicationContext.log Manager: restart: Reloading web application '/Opportunity'
26-Jul-2019 18:28:23.472 INFO [http-nio-8080-exec-1080] org.apache.catalina.core.ApplicationContext.log Manager: list: Listing contexts for virtual host 'localhost'
26-Jul-2019 18:28:23.750 INFO [http-nio-8080-exec-1081] org.apache.catalina.core.ApplicationContext.log Manager: restart: Reloading web application '/Opportunity'
26-Jul-2019 18:28:27.364 INFO [http-nio-8080-exec-1080] org.apache.catalina.core.ApplicationContext.log Manager: list: Listing contexts for virtual host 'localhost'
26-Jul-2019 18:28:28.050 INFO [http-nio-8080-exec-1082] org.apache.catalina.core.ApplicationContext.log Manager: restart: Reloading web application '/Opportunity'
26-Jul-2019 18:28:43.655 INFO [http-nio-8080-exec-1083] org.apache.catalina.core.ApplicationContext.log Manager: list: Listing contexts for virtual host 'localhost'
26-Jul-2019 18:28:44.044 INFO [http-nio-8080-exec-1088] org.apache.catalina.core.ApplicationContext.log Manager: restart: Reloading web application '/Opportunity'
26-Jul-2019 18:28:46.956 INFO [http-nio-8080-exec-1089] org.apache.catalina.core.ApplicationContext.log Manager: list: Listing contexts for virtual host 'localhost'
26-Jul-2019 18:28:47.264 INFO [http-nio-8080-exec-1091] org.apache.catalina.core.ApplicationContext.log Manager: restart: Reloading web application '/Opportunity'
26-Jul-2019 18:34:31.919 INFO [http-nio-8080-exec-1096] org.apache.catalina.core.ApplicationContext.log Manager: list: Listing contexts for virtual host 'localhost'
26-Jul-2019 18:34:38.280 INFO [http-nio-8080-exec-1095] org.apache.catalina.core.ApplicationContext.log Manager: list: Listing contexts for virtual host 'localhost'
26-Jul-2019 18:34:38.280 INFO [http-nio-8080-exec-1094] org.apache.catalina.core.ApplicationContext.log Manager: list: Listing contexts for virtual host 'localhost'
26-Jul-2019 18:34:38.698 INFO [http-nio-8080-exec-1093] org.apache.catalina.core.ApplicationContext.log Manager: undeploy: Undeploying web application at '/Opportunity'
26-Jul-2019 18:34:40.991 INFO [http-nio-8080-exec-1096] org.apache.catalina.core.ApplicationContext.log Manager: install: Installing context configuration at 'file:/C:/Users/PAULO~1.BEZ/AppData/Local/Temp/context5931318292286919929.xml'
26-Jul-2019 18:34:47.659 INFO [http-nio-8080-exec-1097] org.apache.catalina.core.ApplicationContext.log Manager: start: Starting web application '/Opportunity'
26-Jul-2019 18:35:13.885 INFO [http-nio-8080-exec-1105] org.apache.catalina.core.ApplicationContext.log Manager: list: Listing contexts for virtual host 'localhost'
26-Jul-2019 18:35:18.649 INFO [http-nio-8080-exec-1101] org.apache.catalina.core.ApplicationContext.log Manager: list: Listing contexts for virtual host 'localhost'
26-Jul-2019 18:35:18.650 INFO [http-nio-8080-exec-1105] org.apache.catalina.core.ApplicationContext.log Manager: list: Listing contexts for virtual host 'localhost'
26-Jul-2019 18:35:18.695 INFO [http-nio-8080-exec-1106] org.apache.catalina.core.ApplicationContext.log Manager: undeploy: Undeploying web application at '/Opportunity'
26-Jul-2019 18:35:20.045 INFO [http-nio-8080-exec-1104] org.apache.catalina.core.ApplicationContext.log Manager: install: Installing context configuration at 'file:/C:/Users/PAULO~1.BEZ/AppData/Local/Temp/context5453693655881342154.xml'
26-Jul-2019 18:35:21.371 INFO [http-nio-8080-exec-1101] org.apache.catalina.core.ApplicationContext.log Manager: start: Starting web application '/Opportunity'
26-Jul-2019 18:36:03.451 INFO [http-nio-8080-exec-1114] org.apache.catalina.core.ApplicationContext.log Manager: list: Listing contexts for virtual host 'localhost'
26-Jul-2019 18:36:07.716 INFO [http-nio-8080-exec-1112] org.apache.catalina.core.ApplicationContext.log Manager: list: Listing contexts for virtual host 'localhost'
26-Jul-2019 18:36:07.717 INFO [http-nio-8080-exec-1113] org.apache.catalina.core.ApplicationContext.log Manager: list: Listing contexts for virtual host 'localhost'
26-Jul-2019 18:36:07.733 INFO [http-nio-8080-exec-1117] org.apache.catalina.core.ApplicationContext.log Manager: undeploy: Undeploying web application at '/Opportunity'
26-Jul-2019 18:36:09.591 INFO [http-nio-8080-exec-1115] org.apache.catalina.core.ApplicationContext.log Manager: install: Installing context configuration at 'file:/C:/Users/PAULO~1.BEZ/AppData/Local/Temp/context7214178762491850803.xml'
26-Jul-2019 18:36:11.171 INFO [http-nio-8080-exec-1109] org.apache.catalina.core.ApplicationContext.log Manager: start: Starting web application '/Opportunity'
26-Jul-2019 18:36:33.166 INFO [http-nio-8080-exec-1124] org.apache.catalina.core.ApplicationContext.log Manager: list: Listing contexts for virtual host 'localhost'
26-Jul-2019 18:36:37.931 INFO [http-nio-8080-exec-1123] org.apache.catalina.core.ApplicationContext.log Manager: list: Listing contexts for virtual host 'localhost'
26-Jul-2019 18:36:37.934 INFO [http-nio-8080-exec-1126] org.apache.catalina.core.ApplicationContext.log Manager: list: Listing contexts for virtual host 'localhost'
26-Jul-2019 18:36:37.963 INFO [http-nio-8080-exec-1119] org.apache.catalina.core.ApplicationContext.log Manager: undeploy: Undeploying web application at '/Opportunity'
26-Jul-2019 18:36:39.450 INFO [http-nio-8080-exec-1122] org.apache.catalina.core.ApplicationContext.log Manager: install: Installing context configuration at 'file:/C:/Users/PAULO~1.BEZ/AppData/Local/Temp/context8905369785922311628.xml'
26-Jul-2019 18:36:41.678 INFO [http-nio-8080-exec-1127] org.apache.catalina.core.ApplicationContext.log Manager: start: Starting web application '/Opportunity'
26-Jul-2019 18:37:31.717 INFO [http-nio-8080-exec-1128] org.apache.catalina.core.ApplicationContext.log Manager: list: Listing contexts for virtual host 'localhost'
26-Jul-2019 18:37:31.731 INFO [http-nio-8080-exec-1134] org.apache.catalina.core.ApplicationContext.log Manager: undeploy: Undeploying web application at '/Opportunity'
26-Jul-2019 18:37:54.108 INFO [http-nio-8080-exec-1136] org.apache.catalina.core.ApplicationContext.log Manager: list: Listing contexts for virtual host 'localhost'
26-Jul-2019 18:37:59.304 INFO [http-nio-8080-exec-1138] org.apache.catalina.core.ApplicationContext.log Manager: list: Listing contexts for virtual host 'localhost'
26-Jul-2019 18:37:59.320 INFO [http-nio-8080-exec-1136] org.apache.catalina.core.ApplicationContext.log Manager: list: Listing contexts for virtual host 'localhost'
