16-Jul-2019 11:49:33.316 INFO [http-nio-8080-exec-7] org.apache.catalina.core.ApplicationContext.log Manager: init: Associated with Deployer 'Catalina:type=Deployer,host=localhost'
16-Jul-2019 11:49:33.316 INFO [http-nio-8080-exec-7] org.apache.catalina.core.ApplicationContext.log Manager: init: Global resources are available
16-Jul-2019 11:49:33.316 INFO [http-nio-8080-exec-7] org.apache.catalina.core.ApplicationContext.log Manager: list: Listing contexts for virtual host 'localhost'
16-Jul-2019 11:49:33.332 INFO [http-nio-8080-exec-8] org.apache.catalina.core.ApplicationContext.log Manager: list: Listing contexts for virtual host 'localhost'
16-Jul-2019 11:49:33.379 INFO [http-nio-8080-exec-9] org.apache.catalina.core.ApplicationContext.log Manager: undeploy: Undeploying web application at '/Opportunity'
16-Jul-2019 11:49:34.191 INFO [http-nio-8080-exec-6] org.apache.catalina.core.ApplicationContext.log Manager: install: Installing context configuration at 'file:/C:/Users/PAULO~1.BEZ/AppData/Local/Temp/context9055991578339289438.xml'
16-Jul-2019 11:49:36.472 INFO [http-nio-8080-exec-3] org.apache.catalina.core.ApplicationContext.log Manager: start: Starting web application '/Opportunity'
16-Jul-2019 11:52:13.641 INFO [http-nio-8080-exec-20] org.apache.catalina.core.ApplicationContext.log Manager: list: Listing contexts for virtual host 'localhost'
16-Jul-2019 11:52:14.076 INFO [http-nio-8080-exec-17] org.apache.catalina.core.ApplicationContext.log Manager: restart: Reloading web application '/Opportunity'
16-Jul-2019 11:52:59.484 INFO [http-nio-8080-exec-23] org.apache.catalina.core.ApplicationContext.log Manager: list: Listing contexts for virtual host 'localhost'
16-Jul-2019 11:53:00.030 INFO [http-nio-8080-exec-13] org.apache.catalina.core.ApplicationContext.log Manager: restart: Reloading web application '/Opportunity'
16-Jul-2019 11:55:05.701 INFO [http-nio-8080-exec-32] org.apache.catalina.core.ApplicationContext.log Manager: list: Listing contexts for virtual host 'localhost'
16-Jul-2019 11:55:06.748 INFO [http-nio-8080-exec-33] org.apache.catalina.core.ApplicationContext.log Manager: restart: Reloading web application '/Opportunity'
16-Jul-2019 11:55:40.845 INFO [http-nio-8080-exec-40] org.apache.catalina.core.ApplicationContext.log Manager: list: Listing contexts for virtual host 'localhost'
16-Jul-2019 11:55:41.204 INFO [http-nio-8080-exec-37] org.apache.catalina.core.ApplicationContext.log Manager: restart: Reloading web application '/Opportunity'
16-Jul-2019 11:56:02.865 INFO [http-nio-8080-exec-39] org.apache.catalina.core.ApplicationContext.log Manager: list: Listing contexts for virtual host 'localhost'
16-Jul-2019 11:56:03.281 INFO [http-nio-8080-exec-49] org.apache.catalina.core.ApplicationContext.log Manager: restart: Reloading web application '/Opportunity'
16-Jul-2019 11:58:30.490 INFO [http-nio-8080-exec-56] org.apache.catalina.core.ApplicationContext.log Manager: list: Listing contexts for virtual host 'localhost'
16-Jul-2019 11:58:30.818 INFO [http-nio-8080-exec-46] org.apache.catalina.core.ApplicationContext.log Manager: restart: Reloading web application '/Opportunity'
16-Jul-2019 11:58:57.195 INFO [http-nio-8080-exec-53] org.apache.catalina.core.ApplicationContext.log Manager: list: Listing contexts for virtual host 'localhost'
16-Jul-2019 11:58:57.570 INFO [http-nio-8080-exec-60] org.apache.catalina.core.ApplicationContext.log Manager: restart: Reloading web application '/Opportunity'
16-Jul-2019 11:59:33.040 INFO [http-nio-8080-exec-66] org.apache.catalina.core.ApplicationContext.log Manager: list: Listing contexts for virtual host 'localhost'
16-Jul-2019 11:59:33.399 INFO [http-nio-8080-exec-67] org.apache.catalina.core.ApplicationContext.log Manager: restart: Reloading web application '/Opportunity'
16-Jul-2019 12:00:13.003 INFO [http-nio-8080-exec-73] org.apache.catalina.core.ApplicationContext.log Manager: list: Listing contexts for virtual host 'localhost'
16-Jul-2019 12:00:13.331 INFO [http-nio-8080-exec-68] org.apache.catalina.core.ApplicationContext.log Manager: restart: Reloading web application '/Opportunity'
16-Jul-2019 12:00:45.183 INFO [http-nio-8080-exec-81] org.apache.catalina.core.ApplicationContext.log Manager: list: Listing contexts for virtual host 'localhost'
16-Jul-2019 12:00:45.563 INFO [http-nio-8080-exec-73] org.apache.catalina.core.ApplicationContext.log Manager: restart: Reloading web application '/Opportunity'
16-Jul-2019 12:03:00.872 INFO [http-nio-8080-exec-90] org.apache.catalina.core.ApplicationContext.log Manager: list: Listing contexts for virtual host 'localhost'
16-Jul-2019 12:03:01.200 INFO [http-nio-8080-exec-91] org.apache.catalina.core.ApplicationContext.log Manager: restart: Reloading web application '/Opportunity'
16-Jul-2019 12:03:33.040 INFO [http-nio-8080-exec-98] org.apache.catalina.core.ApplicationContext.log Manager: list: Listing contexts for virtual host 'localhost'
16-Jul-2019 12:03:33.368 INFO [http-nio-8080-exec-90] org.apache.catalina.core.ApplicationContext.log Manager: restart: Reloading web application '/Opportunity'
16-Jul-2019 12:04:29.055 INFO [http-nio-8080-exec-106] org.apache.catalina.core.ApplicationContext.log Manager: list: Listing contexts for virtual host 'localhost'
16-Jul-2019 12:04:29.383 INFO [http-nio-8080-exec-103] org.apache.catalina.core.ApplicationContext.log Manager: restart: Reloading web application '/Opportunity'
16-Jul-2019 12:05:24.874 INFO [http-nio-8080-exec-108] org.apache.catalina.core.ApplicationContext.log Manager: list: Listing contexts for virtual host 'localhost'
16-Jul-2019 12:05:25.234 INFO [http-nio-8080-exec-98] org.apache.catalina.core.ApplicationContext.log Manager: restart: Reloading web application '/Opportunity'
16-Jul-2019 12:05:30.998 INFO [http-nio-8080-exec-115] org.apache.catalina.core.ApplicationContext.log Manager: list: Listing contexts for virtual host 'localhost'
16-Jul-2019 12:05:31.435 INFO [http-nio-8080-exec-109] org.apache.catalina.core.ApplicationContext.log Manager: restart: Reloading web application '/Opportunity'
16-Jul-2019 12:05:33.763 INFO [http-nio-8080-exec-113] org.apache.catalina.core.ApplicationContext.log Manager: list: Listing contexts for virtual host 'localhost'
16-Jul-2019 12:05:34.075 INFO [http-nio-8080-exec-111] org.apache.catalina.core.ApplicationContext.log Manager: restart: Reloading web application '/Opportunity'
16-Jul-2019 12:06:05.837 INFO [http-nio-8080-exec-121] org.apache.catalina.core.ApplicationContext.log Manager: list: Listing contexts for virtual host 'localhost'
16-Jul-2019 12:06:06.352 INFO [http-nio-8080-exec-117] org.apache.catalina.core.ApplicationContext.log Manager: restart: Reloading web application '/Opportunity'
16-Jul-2019 12:07:36.098 INFO [http-nio-8080-exec-128] org.apache.catalina.core.ApplicationContext.log Manager: list: Listing contexts for virtual host 'localhost'
16-Jul-2019 12:07:36.645 INFO [http-nio-8080-exec-129] org.apache.catalina.core.ApplicationContext.log Manager: restart: Reloading web application '/Opportunity'
16-Jul-2019 12:10:40.760 INFO [http-nio-8080-exec-135] org.apache.catalina.core.ApplicationContext.log Manager: list: Listing contexts for virtual host 'localhost'
16-Jul-2019 12:10:41.275 INFO [http-nio-8080-exec-139] org.apache.catalina.core.ApplicationContext.log Manager: restart: Reloading web application '/Opportunity'
16-Jul-2019 12:14:27.205 INFO [http-nio-8080-exec-148] org.apache.catalina.core.ApplicationContext.log Manager: list: Listing contexts for virtual host 'localhost'
16-Jul-2019 12:14:44.768 INFO [http-nio-8080-exec-147] org.apache.catalina.core.ApplicationContext.log Manager: list: Listing contexts for virtual host 'localhost'
16-Jul-2019 12:14:44.771 INFO [http-nio-8080-exec-146] org.apache.catalina.core.ApplicationContext.log Manager: list: Listing contexts for virtual host 'localhost'
16-Jul-2019 12:14:44.824 INFO [http-nio-8080-exec-148] org.apache.catalina.core.ApplicationContext.log Manager: undeploy: Undeploying web application at '/Opportunity'
16-Jul-2019 12:14:45.908 INFO [http-nio-8080-exec-154] org.apache.catalina.core.ApplicationContext.log Manager: install: Installing context configuration at 'file:/C:/Users/PAULO~1.BEZ/AppData/Local/Temp/context1779227044329004160.xml'
16-Jul-2019 12:14:49.470 INFO [http-nio-8080-exec-145] org.apache.catalina.core.ApplicationContext.log Manager: start: Starting web application '/Opportunity'
16-Jul-2019 12:16:28.147 INFO [http-nio-8080-exec-156] org.apache.catalina.core.ApplicationContext.log Manager: list: Listing contexts for virtual host 'localhost'
16-Jul-2019 12:16:28.531 INFO [http-nio-8080-exec-155] org.apache.catalina.core.ApplicationContext.log Manager: restart: Reloading web application '/Opportunity'
16-Jul-2019 12:18:52.542 INFO [http-nio-8080-exec-168] org.apache.catalina.core.ApplicationContext.log Manager: list: Listing contexts for virtual host 'localhost'
16-Jul-2019 12:18:52.919 INFO [http-nio-8080-exec-164] org.apache.catalina.core.ApplicationContext.log Manager: restart: Reloading web application '/Opportunity'
16-Jul-2019 12:23:40.914 INFO [http-nio-8080-exec-177] org.apache.catalina.core.ApplicationContext.log Manager: list: Listing contexts for virtual host 'localhost'
16-Jul-2019 12:23:41.207 INFO [http-nio-8080-exec-178] org.apache.catalina.core.ApplicationContext.log Manager: restart: Reloading web application '/Opportunity'
16-Jul-2019 12:23:47.831 INFO [http-nio-8080-exec-183] org.apache.catalina.core.ApplicationContext.log Manager: list: Listing contexts for virtual host 'localhost'
16-Jul-2019 12:23:48.177 INFO [http-nio-8080-exec-174] org.apache.catalina.core.ApplicationContext.log Manager: restart: Reloading web application '/Opportunity'
16-Jul-2019 12:24:30.219 INFO [http-nio-8080-exec-188] org.apache.catalina.core.ApplicationContext.log Manager: list: Listing contexts for virtual host 'localhost'
16-Jul-2019 12:24:30.473 INFO [http-nio-8080-exec-182] org.apache.catalina.core.ApplicationContext.log Manager: restart: Reloading web application '/Opportunity'
16-Jul-2019 12:25:04.065 INFO [http-nio-8080-exec-190] org.apache.catalina.core.ApplicationContext.log Manager: list: Listing contexts for virtual host 'localhost'
16-Jul-2019 12:25:04.390 INFO [http-nio-8080-exec-196] org.apache.catalina.core.ApplicationContext.log Manager: restart: Reloading web application '/Opportunity'
16-Jul-2019 12:25:30.727 INFO [http-nio-8080-exec-199] org.apache.catalina.core.ApplicationContext.log Manager: list: Listing contexts for virtual host 'localhost'
16-Jul-2019 12:25:31.094 INFO [http-nio-8080-exec-188] org.apache.catalina.core.ApplicationContext.log Manager: restart: Reloading web application '/Opportunity'
16-Jul-2019 12:26:14.651 INFO [http-nio-8080-exec-199] org.apache.catalina.core.ApplicationContext.log Manager: list: Listing contexts for virtual host 'localhost'
16-Jul-2019 12:26:15.032 INFO [http-nio-8080-exec-205] org.apache.catalina.core.ApplicationContext.log Manager: restart: Reloading web application '/Opportunity'
16-Jul-2019 12:26:55.408 INFO [http-nio-8080-exec-213] org.apache.catalina.core.ApplicationContext.log Manager: list: Listing contexts for virtual host 'localhost'
16-Jul-2019 12:26:55.649 INFO [http-nio-8080-exec-206] org.apache.catalina.core.ApplicationContext.log Manager: restart: Reloading web application '/Opportunity'
16-Jul-2019 12:28:25.786 INFO [http-nio-8080-exec-222] org.apache.catalina.core.ApplicationContext.log Manager: list: Listing contexts for virtual host 'localhost'
16-Jul-2019 12:28:25.991 INFO [http-nio-8080-exec-223] org.apache.catalina.core.ApplicationContext.log Manager: restart: Reloading web application '/Opportunity'
16-Jul-2019 12:29:32.593 INFO [http-nio-8080-exec-231] org.apache.catalina.core.ApplicationContext.log Manager: list: Listing contexts for virtual host 'localhost'
16-Jul-2019 12:29:32.808 INFO [http-nio-8080-exec-228] org.apache.catalina.core.ApplicationContext.log Manager: restart: Reloading web application '/Opportunity'
16-Jul-2019 12:30:38.706 INFO [http-nio-8080-exec-240] org.apache.catalina.core.ApplicationContext.log Manager: list: Listing contexts for virtual host 'localhost'
16-Jul-2019 12:30:38.926 INFO [http-nio-8080-exec-233] org.apache.catalina.core.ApplicationContext.log Manager: restart: Reloading web application '/Opportunity'
16-Jul-2019 12:32:13.616 INFO [http-nio-8080-exec-248] org.apache.catalina.core.ApplicationContext.log Manager: list: Listing contexts for virtual host 'localhost'
16-Jul-2019 12:32:13.902 INFO [http-nio-8080-exec-249] org.apache.catalina.core.ApplicationContext.log Manager: restart: Reloading web application '/Opportunity'
16-Jul-2019 12:34:04.840 INFO [http-nio-8080-exec-258] org.apache.catalina.core.ApplicationContext.log Manager: list: Listing contexts for virtual host 'localhost'
16-Jul-2019 12:34:05.070 INFO [http-nio-8080-exec-254] org.apache.catalina.core.ApplicationContext.log Manager: restart: Reloading web application '/Opportunity'
16-Jul-2019 12:34:27.215 INFO [http-nio-8080-exec-264] org.apache.catalina.core.ApplicationContext.log Manager: list: Listing contexts for virtual host 'localhost'
16-Jul-2019 12:34:27.462 INFO [http-nio-8080-exec-261] org.apache.catalina.core.ApplicationContext.log Manager: restart: Reloading web application '/Opportunity'
16-Jul-2019 12:35:26.158 INFO [http-nio-8080-exec-270] org.apache.catalina.core.ApplicationContext.log Manager: list: Listing contexts for virtual host 'localhost'
16-Jul-2019 12:35:26.391 INFO [http-nio-8080-exec-266] org.apache.catalina.core.ApplicationContext.log Manager: restart: Reloading web application '/Opportunity'
16-Jul-2019 12:36:04.746 INFO [http-nio-8080-exec-260] org.apache.catalina.core.ApplicationContext.log Manager: list: Listing contexts for virtual host 'localhost'
16-Jul-2019 12:36:05.026 INFO [http-nio-8080-exec-277] org.apache.catalina.core.ApplicationContext.log Manager: restart: Reloading web application '/Opportunity'
16-Jul-2019 12:37:09.590 INFO [http-nio-8080-exec-282] org.apache.catalina.core.ApplicationContext.log Manager: list: Listing contexts for virtual host 'localhost'
16-Jul-2019 12:37:09.895 INFO [http-nio-8080-exec-274] org.apache.catalina.core.ApplicationContext.log Manager: restart: Reloading web application '/Opportunity'
16-Jul-2019 12:37:37.558 INFO [http-nio-8080-exec-289] org.apache.catalina.core.ApplicationContext.log Manager: list: Listing contexts for virtual host 'localhost'
16-Jul-2019 12:37:37.799 INFO [http-nio-8080-exec-281] org.apache.catalina.core.ApplicationContext.log Manager: restart: Reloading web application '/Opportunity'
16-Jul-2019 12:37:57.151 INFO [http-nio-8080-exec-292] org.apache.catalina.core.ApplicationContext.log Manager: list: Listing contexts for virtual host 'localhost'
16-Jul-2019 12:37:57.415 INFO [http-nio-8080-exec-287] org.apache.catalina.core.ApplicationContext.log Manager: restart: Reloading web application '/Opportunity'
16-Jul-2019 12:39:14.407 INFO [http-nio-8080-exec-300] org.apache.catalina.core.ApplicationContext.log Manager: list: Listing contexts for virtual host 'localhost'
16-Jul-2019 12:39:14.711 INFO [http-nio-8080-exec-296] org.apache.catalina.core.ApplicationContext.log Manager: restart: Reloading web application '/Opportunity'
16-Jul-2019 12:42:30.651 INFO [http-nio-8080-exec-309] org.apache.catalina.core.ApplicationContext.log Manager: list: Listing contexts for virtual host 'localhost'
16-Jul-2019 12:42:30.904 INFO [http-nio-8080-exec-305] org.apache.catalina.core.ApplicationContext.log Manager: restart: Reloading web application '/Opportunity'
16-Jul-2019 12:42:48.738 INFO [http-nio-8080-exec-310] org.apache.catalina.core.ApplicationContext.log Manager: list: Listing contexts for virtual host 'localhost'
16-Jul-2019 12:42:48.924 INFO [http-nio-8080-exec-306] org.apache.catalina.core.ApplicationContext.log Manager: restart: Reloading web application '/Opportunity'
16-Jul-2019 12:42:59.210 INFO [http-nio-8080-exec-308] org.apache.catalina.core.ApplicationContext.log Manager: list: Listing contexts for virtual host 'localhost'
16-Jul-2019 12:42:59.401 INFO [http-nio-8080-exec-307] org.apache.catalina.core.ApplicationContext.log Manager: restart: Reloading web application '/Opportunity'
16-Jul-2019 12:43:33.075 INFO [http-nio-8080-exec-322] org.apache.catalina.core.ApplicationContext.log Manager: list: Listing contexts for virtual host 'localhost'
16-Jul-2019 12:43:33.343 INFO [http-nio-8080-exec-311] org.apache.catalina.core.ApplicationContext.log Manager: restart: Reloading web application '/Opportunity'
16-Jul-2019 12:52:25.647 INFO [http-nio-8080-exec-333] org.apache.catalina.core.ApplicationContext.log Manager: list: Listing contexts for virtual host 'localhost'
16-Jul-2019 12:52:25.995 INFO [http-nio-8080-exec-327] org.apache.catalina.core.ApplicationContext.log Manager: restart: Reloading web application '/Opportunity'
16-Jul-2019 12:54:36.085 INFO [http-nio-8080-exec-337] org.apache.catalina.core.ApplicationContext.log Manager: list: Listing contexts for virtual host 'localhost'
16-Jul-2019 12:54:36.427 INFO [http-nio-8080-exec-338] org.apache.catalina.core.ApplicationContext.log Manager: restart: Reloading web application '/Opportunity'
16-Jul-2019 12:54:58.046 INFO [http-nio-8080-exec-341] org.apache.catalina.core.ApplicationContext.log Manager: list: Listing contexts for virtual host 'localhost'
16-Jul-2019 12:54:58.283 INFO [http-nio-8080-exec-343] org.apache.catalina.core.ApplicationContext.log Manager: restart: Reloading web application '/Opportunity'
16-Jul-2019 12:55:52.053 INFO [http-nio-8080-exec-345] org.apache.catalina.core.ApplicationContext.log Manager: list: Listing contexts for virtual host 'localhost'
16-Jul-2019 12:55:52.299 INFO [http-nio-8080-exec-351] org.apache.catalina.core.ApplicationContext.log Manager: restart: Reloading web application '/Opportunity'
16-Jul-2019 13:00:02.471 INFO [http-nio-8080-exec-359] org.apache.catalina.core.ApplicationContext.log Manager: list: Listing contexts for virtual host 'localhost'
16-Jul-2019 13:00:07.954 INFO [http-nio-8080-exec-358] org.apache.catalina.core.ApplicationContext.log Manager: list: Listing contexts for virtual host 'localhost'
16-Jul-2019 13:00:07.957 INFO [http-nio-8080-exec-355] org.apache.catalina.core.ApplicationContext.log Manager: list: Listing contexts for virtual host 'localhost'
16-Jul-2019 13:00:07.997 INFO [http-nio-8080-exec-356] org.apache.catalina.core.ApplicationContext.log Manager: undeploy: Undeploying web application at '/Opportunity'
16-Jul-2019 13:00:09.171 INFO [http-nio-8080-exec-355] org.apache.catalina.core.ApplicationContext.log Manager: install: Installing context configuration at 'file:/C:/Users/PAULO~1.BEZ/AppData/Local/Temp/context5803192063777402053.xml'
16-Jul-2019 13:00:10.523 INFO [http-nio-8080-exec-357] org.apache.catalina.core.ApplicationContext.log Manager: start: Starting web application '/Opportunity'
16-Jul-2019 14:23:25.581 INFO [http-nio-8080-exec-370] org.apache.catalina.core.ApplicationContext.log Manager: list: Listing contexts for virtual host 'localhost'
16-Jul-2019 14:23:25.799 INFO [http-nio-8080-exec-367] org.apache.catalina.core.ApplicationContext.log Manager: restart: Reloading web application '/Opportunity'
16-Jul-2019 14:24:06.915 INFO [http-nio-8080-exec-373] org.apache.catalina.core.ApplicationContext.log Manager: list: Listing contexts for virtual host 'localhost'
16-Jul-2019 14:24:07.149 INFO [http-nio-8080-exec-372] org.apache.catalina.core.ApplicationContext.log Manager: restart: Reloading web application '/Opportunity'
16-Jul-2019 14:25:04.138 INFO [http-nio-8080-exec-378] org.apache.catalina.core.ApplicationContext.log Manager: list: Listing contexts for virtual host 'localhost'
16-Jul-2019 14:25:04.344 INFO [http-nio-8080-exec-365] org.apache.catalina.core.ApplicationContext.log Manager: restart: Reloading web application '/Opportunity'
16-Jul-2019 14:26:46.702 INFO [http-nio-8080-exec-388] org.apache.catalina.core.ApplicationContext.log Manager: list: Listing contexts for virtual host 'localhost'
16-Jul-2019 14:26:46.927 INFO [http-nio-8080-exec-389] org.apache.catalina.core.ApplicationContext.log Manager: restart: Reloading web application '/Opportunity'
16-Jul-2019 14:28:44.780 INFO [http-nio-8080-exec-397] org.apache.catalina.core.ApplicationContext.log Manager: list: Listing contexts for virtual host 'localhost'
16-Jul-2019 14:28:45.003 INFO [http-nio-8080-exec-398] org.apache.catalina.core.ApplicationContext.log Manager: restart: Reloading web application '/Opportunity'
16-Jul-2019 14:29:38.100 INFO [http-nio-8080-exec-402] org.apache.catalina.core.ApplicationContext.log Manager: list: Listing contexts for virtual host 'localhost'
16-Jul-2019 14:29:38.322 INFO [http-nio-8080-exec-403] org.apache.catalina.core.ApplicationContext.log Manager: restart: Reloading web application '/Opportunity'
16-Jul-2019 14:30:20.856 INFO [http-nio-8080-exec-413] org.apache.catalina.core.ApplicationContext.log Manager: list: Listing contexts for virtual host 'localhost'
16-Jul-2019 14:30:21.090 INFO [http-nio-8080-exec-410] org.apache.catalina.core.ApplicationContext.log Manager: restart: Reloading web application '/Opportunity'
16-Jul-2019 14:31:08.219 INFO [http-nio-8080-exec-420] org.apache.catalina.core.ApplicationContext.log Manager: list: Listing contexts for virtual host 'localhost'
16-Jul-2019 14:31:08.516 INFO [http-nio-8080-exec-402] org.apache.catalina.core.ApplicationContext.log Manager: restart: Reloading web application '/Opportunity'
16-Jul-2019 14:32:10.062 INFO [http-nio-8080-exec-427] org.apache.catalina.core.ApplicationContext.log Manager: list: Listing contexts for virtual host 'localhost'
16-Jul-2019 14:32:10.280 INFO [http-nio-8080-exec-420] org.apache.catalina.core.ApplicationContext.log Manager: restart: Reloading web application '/Opportunity'
16-Jul-2019 14:32:50.505 INFO [http-nio-8080-exec-424] org.apache.catalina.core.ApplicationContext.log Manager: list: Listing contexts for virtual host 'localhost'
16-Jul-2019 14:32:50.740 INFO [http-nio-8080-exec-408] org.apache.catalina.core.ApplicationContext.log Manager: restart: Reloading web application '/Opportunity'
16-Jul-2019 14:34:13.310 INFO [http-nio-8080-exec-433] org.apache.catalina.core.ApplicationContext.log Manager: list: Listing contexts for virtual host 'localhost'
16-Jul-2019 14:34:13.528 INFO [http-nio-8080-exec-430] org.apache.catalina.core.ApplicationContext.log Manager: restart: Reloading web application '/Opportunity'
16-Jul-2019 14:37:41.478 INFO [http-nio-8080-exec-444] org.apache.catalina.core.ApplicationContext.log Manager: list: Listing contexts for virtual host 'localhost'
16-Jul-2019 14:37:41.822 INFO [http-nio-8080-exec-448] org.apache.catalina.core.ApplicationContext.log Manager: restart: Reloading web application '/Opportunity'
16-Jul-2019 14:40:20.030 INFO [http-nio-8080-exec-459] org.apache.catalina.core.ApplicationContext.log Manager: list: Listing contexts for virtual host 'localhost'
16-Jul-2019 14:40:20.342 INFO [http-nio-8080-exec-457] org.apache.catalina.core.ApplicationContext.log Manager: restart: Reloading web application '/Opportunity'
16-Jul-2019 15:03:13.365 INFO [http-nio-8080-exec-470] org.apache.catalina.core.ApplicationContext.log Manager: list: Listing contexts for virtual host 'localhost'
16-Jul-2019 15:03:13.693 INFO [http-nio-8080-exec-471] org.apache.catalina.core.ApplicationContext.log Manager: restart: Reloading web application '/Opportunity'
16-Jul-2019 15:05:45.098 INFO [http-nio-8080-exec-475] org.apache.catalina.core.ApplicationContext.log Manager: list: Listing contexts for virtual host 'localhost'
16-Jul-2019 15:05:45.570 INFO [http-nio-8080-exec-476] org.apache.catalina.core.ApplicationContext.log Manager: restart: Reloading web application '/Opportunity'
16-Jul-2019 15:06:22.940 INFO [http-nio-8080-exec-475] org.apache.catalina.core.ApplicationContext.log Manager: list: Listing contexts for virtual host 'localhost'
16-Jul-2019 15:06:23.288 INFO [http-nio-8080-exec-474] org.apache.catalina.core.ApplicationContext.log Manager: restart: Reloading web application '/Opportunity'
16-Jul-2019 15:06:42.342 INFO [http-nio-8080-exec-480] org.apache.catalina.core.ApplicationContext.log Manager: list: Listing contexts for virtual host 'localhost'
16-Jul-2019 15:06:42.672 INFO [http-nio-8080-exec-475] org.apache.catalina.core.ApplicationContext.log Manager: restart: Reloading web application '/Opportunity'
16-Jul-2019 15:09:38.415 INFO [http-nio-8080-exec-495] org.apache.catalina.core.ApplicationContext.log Manager: list: Listing contexts for virtual host 'localhost'
16-Jul-2019 15:09:38.888 INFO [http-nio-8080-exec-496] org.apache.catalina.core.ApplicationContext.log Manager: restart: Reloading web application '/Opportunity'
16-Jul-2019 15:10:03.890 INFO [http-nio-8080-exec-503] org.apache.catalina.core.ApplicationContext.log Manager: list: Listing contexts for virtual host 'localhost'
16-Jul-2019 15:10:04.327 INFO [http-nio-8080-exec-504] org.apache.catalina.core.ApplicationContext.log Manager: restart: Reloading web application '/Opportunity'
16-Jul-2019 15:10:36.438 INFO [http-nio-8080-exec-510] org.apache.catalina.core.ApplicationContext.log Manager: list: Listing contexts for virtual host 'localhost'
16-Jul-2019 15:10:36.782 INFO [http-nio-8080-exec-503] org.apache.catalina.core.ApplicationContext.log Manager: restart: Reloading web application '/Opportunity'
16-Jul-2019 15:12:55.839 INFO [http-nio-8080-exec-517] org.apache.catalina.core.ApplicationContext.log Manager: list: Listing contexts for virtual host 'localhost'
16-Jul-2019 15:12:56.096 INFO [http-nio-8080-exec-518] org.apache.catalina.core.ApplicationContext.log Manager: restart: Reloading web application '/Opportunity'
16-Jul-2019 15:13:17.107 INFO [http-nio-8080-exec-525] org.apache.catalina.core.ApplicationContext.log Manager: list: Listing contexts for virtual host 'localhost'
16-Jul-2019 15:13:17.435 INFO [http-nio-8080-exec-526] org.apache.catalina.core.ApplicationContext.log Manager: restart: Reloading web application '/Opportunity'
16-Jul-2019 15:17:15.871 INFO [http-nio-8080-exec-531] org.apache.catalina.core.ApplicationContext.log Manager: list: Listing contexts for virtual host 'localhost'
16-Jul-2019 15:17:16.168 INFO [http-nio-8080-exec-533] org.apache.catalina.core.ApplicationContext.log Manager: restart: Reloading web application '/Opportunity'
16-Jul-2019 15:17:46.343 INFO [http-nio-8080-exec-543] org.apache.catalina.core.ApplicationContext.log Manager: list: Listing contexts for virtual host 'localhost'
16-Jul-2019 15:17:46.702 INFO [http-nio-8080-exec-539] org.apache.catalina.core.ApplicationContext.log Manager: restart: Reloading web application '/Opportunity'
16-Jul-2019 15:17:52.481 INFO [http-nio-8080-exec-543] org.apache.catalina.core.ApplicationContext.log Manager: list: Listing contexts for virtual host 'localhost'
16-Jul-2019 15:17:52.778 INFO [http-nio-8080-exec-530] org.apache.catalina.core.ApplicationContext.log Manager: restart: Reloading web application '/Opportunity'
16-Jul-2019 15:25:06.408 INFO [http-nio-8080-exec-551] org.apache.catalina.core.ApplicationContext.log Manager: list: Listing contexts for virtual host 'localhost'
16-Jul-2019 15:25:06.658 INFO [http-nio-8080-exec-552] org.apache.catalina.core.ApplicationContext.log Manager: restart: Reloading web application '/Opportunity'
16-Jul-2019 15:26:00.651 INFO [http-nio-8080-exec-555] org.apache.catalina.core.ApplicationContext.log Manager: list: Listing contexts for virtual host 'localhost'
16-Jul-2019 15:26:01.624 INFO [http-nio-8080-exec-561] org.apache.catalina.core.ApplicationContext.log Manager: restart: Reloading web application '/Opportunity'
16-Jul-2019 15:26:42.106 INFO [http-nio-8080-exec-558] org.apache.catalina.core.ApplicationContext.log Manager: list: Listing contexts for virtual host 'localhost'
16-Jul-2019 15:26:42.417 INFO [http-nio-8080-exec-566] org.apache.catalina.core.ApplicationContext.log Manager: restart: Reloading web application '/Opportunity'
16-Jul-2019 15:27:06.679 INFO [http-nio-8080-exec-575] org.apache.catalina.core.ApplicationContext.log Manager: list: Listing contexts for virtual host 'localhost'
16-Jul-2019 15:27:07.179 INFO [http-nio-8080-exec-576] org.apache.catalina.core.ApplicationContext.log Manager: restart: Reloading web application '/Opportunity'
16-Jul-2019 15:28:24.493 INFO [http-nio-8080-exec-574] org.apache.catalina.core.ApplicationContext.log Manager: list: Listing contexts for virtual host 'localhost'
16-Jul-2019 15:28:24.852 INFO [http-nio-8080-exec-572] org.apache.catalina.core.ApplicationContext.log Manager: restart: Reloading web application '/Opportunity'
16-Jul-2019 15:28:40.091 INFO [http-nio-8080-exec-574] org.apache.catalina.core.ApplicationContext.log Manager: list: Listing contexts for virtual host 'localhost'
16-Jul-2019 15:28:40.450 INFO [http-nio-8080-exec-575] org.apache.catalina.core.ApplicationContext.log Manager: restart: Reloading web application '/Opportunity'
16-Jul-2019 15:37:06.951 INFO [http-nio-8080-exec-592] org.apache.catalina.core.ApplicationContext.log Manager: list: Listing contexts for virtual host 'localhost'
16-Jul-2019 15:37:07.319 INFO [http-nio-8080-exec-587] org.apache.catalina.core.ApplicationContext.log Manager: restart: Reloading web application '/Opportunity'
16-Jul-2019 15:37:16.852 INFO [http-nio-8080-exec-592] org.apache.catalina.core.ApplicationContext.log Manager: list: Listing contexts for virtual host 'localhost'
16-Jul-2019 15:37:17.179 INFO [http-nio-8080-exec-593] org.apache.catalina.core.ApplicationContext.log Manager: restart: Reloading web application '/Opportunity'
16-Jul-2019 15:39:03.180 INFO [http-nio-8080-exec-605] org.apache.catalina.core.ApplicationContext.log Manager: list: Listing contexts for virtual host 'localhost'
16-Jul-2019 15:39:03.463 INFO [http-nio-8080-exec-599] org.apache.catalina.core.ApplicationContext.log Manager: restart: Reloading web application '/Opportunity'
16-Jul-2019 15:40:16.540 INFO [http-nio-8080-exec-612] org.apache.catalina.core.ApplicationContext.log Manager: list: Listing contexts for virtual host 'localhost'
16-Jul-2019 15:40:16.939 INFO [http-nio-8080-exec-602] org.apache.catalina.core.ApplicationContext.log Manager: restart: Reloading web application '/Opportunity'
16-Jul-2019 15:45:14.354 INFO [http-nio-8080-exec-621] org.apache.catalina.core.ApplicationContext.log Manager: list: Listing contexts for virtual host 'localhost'
16-Jul-2019 15:45:14.545 INFO [http-nio-8080-exec-617] org.apache.catalina.core.ApplicationContext.log Manager: restart: Reloading web application '/Opportunity'
16-Jul-2019 16:02:43.742 INFO [http-nio-8080-exec-629] org.apache.catalina.core.ApplicationContext.log Manager: list: Listing contexts for virtual host 'localhost'
16-Jul-2019 16:02:44.038 INFO [http-nio-8080-exec-630] org.apache.catalina.core.ApplicationContext.log Manager: restart: Reloading web application '/Opportunity'
16-Jul-2019 16:04:20.878 INFO [http-nio-8080-exec-641] org.apache.catalina.core.ApplicationContext.log Manager: list: Listing contexts for virtual host 'localhost'
16-Jul-2019 16:04:21.206 INFO [http-nio-8080-exec-637] org.apache.catalina.core.ApplicationContext.log Manager: restart: Reloading web application '/Opportunity'
16-Jul-2019 16:10:55.630 INFO [http-nio-8080-exec-649] org.apache.catalina.core.ApplicationContext.log Manager: list: Listing contexts for virtual host 'localhost'
16-Jul-2019 16:10:55.965 INFO [http-nio-8080-exec-650] org.apache.catalina.core.ApplicationContext.log Manager: restart: Reloading web application '/Opportunity'
16-Jul-2019 16:12:20.969 INFO [http-nio-8080-exec-656] org.apache.catalina.core.ApplicationContext.log Manager: list: Listing contexts for virtual host 'localhost'
16-Jul-2019 16:12:21.304 INFO [http-nio-8080-exec-660] org.apache.catalina.core.ApplicationContext.log Manager: restart: Reloading web application '/Opportunity'
16-Jul-2019 16:15:13.082 INFO [http-nio-8080-exec-668] org.apache.catalina.core.ApplicationContext.log Manager: list: Listing contexts for virtual host 'localhost'
16-Jul-2019 16:15:13.360 INFO [http-nio-8080-exec-664] org.apache.catalina.core.ApplicationContext.log Manager: restart: Reloading web application '/Opportunity'
16-Jul-2019 16:17:50.468 INFO [http-nio-8080-exec-675] org.apache.catalina.core.ApplicationContext.log Manager: list: Listing contexts for virtual host 'localhost'
16-Jul-2019 16:17:50.759 INFO [http-nio-8080-exec-673] org.apache.catalina.core.ApplicationContext.log Manager: restart: Reloading web application '/Opportunity'
16-Jul-2019 16:25:32.312 INFO [http-nio-8080-exec-688] org.apache.catalina.core.ApplicationContext.log Manager: list: Listing contexts for virtual host 'localhost'
16-Jul-2019 16:25:57.038 INFO [http-nio-8080-exec-685] org.apache.catalina.core.ApplicationContext.log Manager: list: Listing contexts for virtual host 'localhost'
16-Jul-2019 16:26:01.834 INFO [http-nio-8080-exec-690] org.apache.catalina.core.ApplicationContext.log Manager: list: Listing contexts for virtual host 'localhost'
16-Jul-2019 16:26:02.577 INFO [http-nio-8080-exec-691] org.apache.catalina.core.ApplicationContext.log Manager: restart: Reloading web application '/Opportunity'
16-Jul-2019 16:26:03.226 INFO [http-nio-8080-exec-688] org.apache.catalina.core.ApplicationContext.log Manager: list: Listing contexts for virtual host 'localhost'
16-Jul-2019 16:26:03.228 INFO [http-nio-8080-exec-692] org.apache.catalina.core.ApplicationContext.log Manager: list: Listing contexts for virtual host 'localhost'
16-Jul-2019 16:26:07.668 INFO [http-nio-8080-exec-684] org.apache.catalina.core.ApplicationContext.log Manager: undeploy: Undeploying web application at '/Opportunity'
16-Jul-2019 16:26:08.837 INFO [http-nio-8080-exec-686] org.apache.catalina.core.ApplicationContext.log Manager: install: Installing context configuration at 'file:/C:/Users/PAULO~1.BEZ/AppData/Local/Temp/context6862357193369470616.xml'
16-Jul-2019 16:26:10.207 INFO [http-nio-8080-exec-694] org.apache.catalina.core.ApplicationContext.log Manager: start: Starting web application '/Opportunity'
16-Jul-2019 16:26:42.448 INFO [http-nio-8080-exec-696] org.apache.catalina.core.ApplicationContext.log Manager: list: Listing contexts for virtual host 'localhost'
16-Jul-2019 16:26:46.801 INFO [http-nio-8080-exec-702] org.apache.catalina.core.ApplicationContext.log Manager: list: Listing contexts for virtual host 'localhost'
16-Jul-2019 16:26:46.813 INFO [http-nio-8080-exec-692] org.apache.catalina.core.ApplicationContext.log Manager: list: Listing contexts for virtual host 'localhost'
16-Jul-2019 16:26:46.855 INFO [http-nio-8080-exec-695] org.apache.catalina.core.ApplicationContext.log Manager: undeploy: Undeploying web application at '/Opportunity'
16-Jul-2019 16:26:48.232 INFO [http-nio-8080-exec-692] org.apache.catalina.core.ApplicationContext.log Manager: install: Installing context configuration at 'file:/C:/Users/PAULO~1.BEZ/AppData/Local/Temp/context2660767684762668766.xml'
16-Jul-2019 16:26:49.628 INFO [http-nio-8080-exec-699] org.apache.catalina.core.ApplicationContext.log Manager: start: Starting web application '/Opportunity'
16-Jul-2019 16:27:26.626 INFO [http-nio-8080-exec-703] org.apache.catalina.core.ApplicationContext.log Manager: list: Listing contexts for virtual host 'localhost'
16-Jul-2019 16:27:29.811 INFO [http-nio-8080-exec-702] org.apache.catalina.core.ApplicationContext.log Manager: list: Listing contexts for virtual host 'localhost'
16-Jul-2019 16:27:29.811 INFO [http-nio-8080-exec-700] org.apache.catalina.core.ApplicationContext.log Manager: list: Listing contexts for virtual host 'localhost'
16-Jul-2019 16:27:29.842 INFO [http-nio-8080-exec-706] org.apache.catalina.core.ApplicationContext.log Manager: undeploy: Undeploying web application at '/Opportunity'
16-Jul-2019 16:27:31.050 INFO [http-nio-8080-exec-697] org.apache.catalina.core.ApplicationContext.log Manager: install: Installing context configuration at 'file:/C:/Users/PAULO~1.BEZ/AppData/Local/Temp/context1022499335938644382.xml'
16-Jul-2019 16:27:32.392 INFO [http-nio-8080-exec-708] org.apache.catalina.core.ApplicationContext.log Manager: start: Starting web application '/Opportunity'
16-Jul-2019 16:29:20.488 INFO [http-nio-8080-exec-716] org.apache.catalina.core.ApplicationContext.log Manager: list: Listing contexts for virtual host 'localhost'
16-Jul-2019 16:31:06.058 INFO [http-nio-8080-exec-719] org.apache.catalina.core.ApplicationContext.log Manager: list: Listing contexts for virtual host 'localhost'
16-Jul-2019 16:31:15.296 INFO [http-nio-8080-exec-713] org.apache.catalina.core.ApplicationContext.log Manager: list: Listing contexts for virtual host 'localhost'
16-Jul-2019 16:31:15.297 INFO [http-nio-8080-exec-714] org.apache.catalina.core.ApplicationContext.log Manager: list: Listing contexts for virtual host 'localhost'
16-Jul-2019 16:31:15.342 INFO [http-nio-8080-exec-718] org.apache.catalina.core.ApplicationContext.log Manager: undeploy: Undeploying web application at '/Opportunity'
16-Jul-2019 16:31:16.807 INFO [http-nio-8080-exec-710] org.apache.catalina.core.ApplicationContext.log Manager: install: Installing context configuration at 'file:/C:/Users/PAULO~1.BEZ/AppData/Local/Temp/context4367560814869331481.xml'
16-Jul-2019 16:31:18.178 INFO [http-nio-8080-exec-715] org.apache.catalina.core.ApplicationContext.log Manager: start: Starting web application '/Opportunity'
16-Jul-2019 16:32:15.617 INFO [http-nio-8080-exec-724] org.apache.catalina.core.ApplicationContext.log Manager: list: Listing contexts for virtual host 'localhost'
16-Jul-2019 16:32:24.676 INFO [http-nio-8080-exec-719] org.apache.catalina.core.ApplicationContext.log Manager: list: Listing contexts for virtual host 'localhost'
16-Jul-2019 16:32:24.678 INFO [http-nio-8080-exec-724] org.apache.catalina.core.ApplicationContext.log Manager: list: Listing contexts for virtual host 'localhost'
16-Jul-2019 16:32:24.702 INFO [http-nio-8080-exec-720] org.apache.catalina.core.ApplicationContext.log Manager: undeploy: Undeploying web application at '/Opportunity'
16-Jul-2019 16:32:25.878 INFO [http-nio-8080-exec-727] org.apache.catalina.core.ApplicationContext.log Manager: install: Installing context configuration at 'file:/C:/Users/PAULO~1.BEZ/AppData/Local/Temp/context5911675966677864359.xml'
16-Jul-2019 16:32:27.175 INFO [http-nio-8080-exec-728] org.apache.catalina.core.ApplicationContext.log Manager: start: Starting web application '/Opportunity'
16-Jul-2019 16:34:41.405 INFO [http-nio-8080-exec-733] org.apache.catalina.core.ApplicationContext.log Manager: list: Listing contexts for virtual host 'localhost'
16-Jul-2019 16:34:44.250 INFO [http-nio-8080-exec-738] org.apache.catalina.core.ApplicationContext.log Manager: list: Listing contexts for virtual host 'localhost'
16-Jul-2019 16:34:44.251 INFO [http-nio-8080-exec-732] org.apache.catalina.core.ApplicationContext.log Manager: list: Listing contexts for virtual host 'localhost'
16-Jul-2019 16:34:44.269 INFO [http-nio-8080-exec-729] org.apache.catalina.core.ApplicationContext.log Manager: undeploy: Undeploying web application at '/Opportunity'
16-Jul-2019 16:34:45.415 INFO [http-nio-8080-exec-735] org.apache.catalina.core.ApplicationContext.log Manager: install: Installing context configuration at 'file:/C:/Users/PAULO~1.BEZ/AppData/Local/Temp/context5950746107946581918.xml'
16-Jul-2019 16:34:47.165 INFO [http-nio-8080-exec-737] org.apache.catalina.core.ApplicationContext.log Manager: start: Starting web application '/Opportunity'
16-Jul-2019 16:35:31.189 INFO [http-nio-8080-exec-743] org.apache.catalina.core.ApplicationContext.log Manager: list: Listing contexts for virtual host 'localhost'
16-Jul-2019 16:35:31.197 INFO [http-nio-8080-exec-740] org.apache.catalina.core.ApplicationContext.log Manager: undeploy: Undeploying web application at '/Opportunity'
16-Jul-2019 16:41:25.897 INFO [http-nio-8080-exec-752] org.apache.catalina.core.ApplicationContext.log Manager: list: Listing contexts for virtual host 'localhost'
16-Jul-2019 16:41:39.191 INFO [http-nio-8080-exec-752] org.apache.catalina.core.ApplicationContext.log Manager: list: Listing contexts for virtual host 'localhost'
16-Jul-2019 16:42:34.084 INFO [http-nio-8080-exec-750] org.apache.catalina.core.ApplicationContext.log Manager: list: Listing contexts for virtual host 'localhost'
16-Jul-2019 16:42:37.693 INFO [http-nio-8080-exec-754] org.apache.catalina.core.ApplicationContext.log Manager: list: Listing contexts for virtual host 'localhost'
16-Jul-2019 16:42:37.709 INFO [http-nio-8080-exec-755] org.apache.catalina.core.ApplicationContext.log Manager: list: Listing contexts for virtual host 'localhost'
16-Jul-2019 16:42:37.787 INFO [http-nio-8080-exec-751] org.apache.catalina.core.ApplicationContext.log Manager: install: Installing context configuration at 'file:/C:/Users/PAULO~1.BEZ/AppData/Local/Temp/context6731155527157978449.xml'
16-Jul-2019 16:42:42.098 INFO [http-nio-8080-exec-749] org.apache.catalina.core.ApplicationContext.log Manager: start: Starting web application '/Opportunity'
16-Jul-2019 16:48:18.800 INFO [http-nio-8080-exec-755] org.apache.catalina.core.ApplicationContext.log Manager: list: Listing contexts for virtual host 'localhost'
16-Jul-2019 16:48:57.949 INFO [http-nio-8080-exec-756] org.apache.catalina.core.ApplicationContext.log Manager: list: Listing contexts for virtual host 'localhost'
16-Jul-2019 16:49:04.437 INFO [http-nio-8080-exec-754] org.apache.catalina.core.ApplicationContext.log Manager: list: Listing contexts for virtual host 'localhost'
16-Jul-2019 16:49:04.439 INFO [http-nio-8080-exec-758] org.apache.catalina.core.ApplicationContext.log Manager: list: Listing contexts for virtual host 'localhost'
16-Jul-2019 16:49:04.468 INFO [http-nio-8080-exec-756] org.apache.catalina.core.ApplicationContext.log Manager: undeploy: Undeploying web application at '/Opportunity'
16-Jul-2019 16:49:06.841 INFO [http-nio-8080-exec-753] org.apache.catalina.core.ApplicationContext.log Manager: install: Installing context configuration at 'file:/C:/Users/PAULO~1.BEZ/AppData/Local/Temp/context1579157590199412330.xml'
16-Jul-2019 16:49:08.219 INFO [http-nio-8080-exec-751] org.apache.catalina.core.ApplicationContext.log Manager: start: Starting web application '/Opportunity'
16-Jul-2019 16:49:55.173 INFO [http-nio-8080-exec-750] org.apache.catalina.core.ApplicationContext.log Manager: list: Listing contexts for virtual host 'localhost'
16-Jul-2019 16:49:55.183 INFO [http-nio-8080-exec-763] org.apache.catalina.core.ApplicationContext.log Manager: undeploy: Undeploying web application at '/Opportunity'
16-Jul-2019 16:50:20.364 INFO [http-nio-8080-exec-768] org.apache.catalina.core.ApplicationContext.log Manager: list: Listing contexts for virtual host 'localhost'
16-Jul-2019 16:50:42.107 INFO [http-nio-8080-exec-760] org.apache.catalina.core.ApplicationContext.log Manager: list: Listing contexts for virtual host 'localhost'
16-Jul-2019 17:42:57.633 INFO [http-nio-8080-exec-773] org.apache.catalina.core.ApplicationContext.log Manager: list: Listing contexts for virtual host 'localhost'
16-Jul-2019 17:43:06.441 INFO [http-nio-8080-exec-777] org.apache.catalina.core.ApplicationContext.log Manager: list: Listing contexts for virtual host 'localhost'
16-Jul-2019 17:43:31.649 INFO [http-nio-8080-exec-773] org.apache.catalina.core.ApplicationContext.log Manager: list: Listing contexts for virtual host 'localhost'
16-Jul-2019 17:45:02.737 INFO [http-nio-8080-exec-771] org.apache.catalina.core.ApplicationContext.log Manager: list: Listing contexts for virtual host 'localhost'
16-Jul-2019 17:45:20.644 INFO [http-nio-8080-exec-775] org.apache.catalina.core.ApplicationContext.log Manager: list: Listing contexts for virtual host 'localhost'
16-Jul-2019 17:45:31.475 INFO [http-nio-8080-exec-769] org.apache.catalina.core.ApplicationContext.log Manager: list: Listing contexts for virtual host 'localhost'
16-Jul-2019 17:46:02.831 INFO [http-nio-8080-exec-772] org.apache.catalina.core.ApplicationContext.log Manager: list: Listing contexts for virtual host 'localhost'
16-Jul-2019 17:46:08.387 INFO [http-nio-8080-exec-777] org.apache.catalina.core.ApplicationContext.log Manager: list: Listing contexts for virtual host 'localhost'
16-Jul-2019 17:46:23.723 INFO [http-nio-8080-exec-769] org.apache.catalina.core.ApplicationContext.log Manager: list: Listing contexts for virtual host 'localhost'
16-Jul-2019 17:51:12.840 INFO [http-nio-8080-exec-772] org.apache.catalina.core.ApplicationContext.log Manager: list: Listing contexts for virtual host 'localhost'
16-Jul-2019 17:51:12.841 INFO [http-nio-8080-exec-773] org.apache.catalina.core.ApplicationContext.log Manager: list: Listing contexts for virtual host 'localhost'
16-Jul-2019 17:51:13.006 INFO [http-nio-8080-exec-769] org.apache.catalina.core.ApplicationContext.log Manager: install: Installing context configuration at 'file:/C:/Users/PAULO~1.BEZ/AppData/Local/Temp/context1536008957627380354.xml'
16-Jul-2019 17:51:20.130 INFO [http-nio-8080-exec-774] org.apache.catalina.core.ApplicationContext.log Manager: start: Starting web application '/Opportunity'
16-Jul-2019 18:05:01.727 INFO [http-nio-8080-exec-775] org.apache.catalina.core.ApplicationContext.log Manager: list: Listing contexts for virtual host 'localhost'
16-Jul-2019 18:05:01.954 INFO [http-nio-8080-exec-776] org.apache.catalina.core.ApplicationContext.log Manager: restart: Reloading web application '/Opportunity'
16-Jul-2019 18:05:24.226 INFO [http-nio-8080-exec-775] org.apache.catalina.core.ApplicationContext.log Manager: list: Listing contexts for virtual host 'localhost'
16-Jul-2019 18:05:24.428 INFO [http-nio-8080-exec-772] org.apache.catalina.core.ApplicationContext.log Manager: restart: Reloading web application '/Opportunity'
16-Jul-2019 18:16:06.255 INFO [http-nio-8080-exec-784] org.apache.catalina.core.ApplicationContext.log Manager: list: Listing contexts for virtual host 'localhost'
16-Jul-2019 18:16:06.526 INFO [http-nio-8080-exec-785] org.apache.catalina.core.ApplicationContext.log Manager: restart: Reloading web application '/Opportunity'
16-Jul-2019 18:23:31.629 INFO [http-nio-8080-exec-798] org.apache.catalina.core.ApplicationContext.log Manager: list: Listing contexts for virtual host 'localhost'
16-Jul-2019 18:23:31.646 INFO [http-nio-8080-exec-796] org.apache.catalina.core.ApplicationContext.log Manager: undeploy: Undeploying web application at '/Opportunity'
16-Jul-2019 19:07:06.512 INFO [http-nio-8080-exec-6] org.apache.catalina.core.ApplicationContext.log Manager: init: Associated with Deployer 'Catalina:type=Deployer,host=localhost'
16-Jul-2019 19:07:06.512 INFO [http-nio-8080-exec-6] org.apache.catalina.core.ApplicationContext.log Manager: init: Global resources are available
16-Jul-2019 19:07:06.513 INFO [http-nio-8080-exec-6] org.apache.catalina.core.ApplicationContext.log Manager: list: Listing contexts for virtual host 'localhost'
16-Jul-2019 19:07:06.516 INFO [http-nio-8080-exec-8] org.apache.catalina.core.ApplicationContext.log Manager: list: Listing contexts for virtual host 'localhost'
16-Jul-2019 19:07:06.595 INFO [http-nio-8080-exec-10] org.apache.catalina.core.ApplicationContext.log Manager: install: Installing context configuration at 'file:/C:/Users/PAULO~1.BEZ/AppData/Local/Temp/context2578197265031815242.xml'
16-Jul-2019 19:07:12.154 INFO [http-nio-8080-exec-9] org.apache.catalina.core.ApplicationContext.log Manager: start: Starting web application '/Opportunity'
16-Jul-2019 19:08:29.476 INFO [http-nio-8080-exec-3] org.apache.catalina.core.ApplicationContext.log Manager: list: Listing contexts for virtual host 'localhost'
16-Jul-2019 19:08:36.849 INFO [http-nio-8080-exec-1] org.apache.catalina.core.ApplicationContext.log Manager: list: Listing contexts for virtual host 'localhost'
16-Jul-2019 19:08:36.852 INFO [http-nio-8080-exec-2] org.apache.catalina.core.ApplicationContext.log Manager: list: Listing contexts for virtual host 'localhost'
16-Jul-2019 19:08:36.867 INFO [http-nio-8080-exec-4] org.apache.catalina.core.ApplicationContext.log Manager: undeploy: Undeploying web application at '/Opportunity'
16-Jul-2019 19:08:37.639 INFO [http-nio-8080-exec-9] org.apache.catalina.core.ApplicationContext.log Manager: install: Installing context configuration at 'file:/C:/Users/PAULO~1.BEZ/AppData/Local/Temp/context8378556839230424304.xml'
16-Jul-2019 19:08:38.975 INFO [http-nio-8080-exec-6] org.apache.catalina.core.ApplicationContext.log Manager: start: Starting web application '/Opportunity'
16-Jul-2019 19:12:09.687 INFO [http-nio-8080-exec-11] org.apache.catalina.core.ApplicationContext.log Manager: list: Listing contexts for virtual host 'localhost'
16-Jul-2019 19:12:09.955 INFO [http-nio-8080-exec-16] org.apache.catalina.core.ApplicationContext.log Manager: restart: Reloading web application '/Opportunity'
16-Jul-2019 19:14:19.202 INFO [http-nio-8080-exec-24] org.apache.catalina.core.ApplicationContext.log Manager: list: Listing contexts for virtual host 'localhost'
16-Jul-2019 19:14:19.686 INFO [http-nio-8080-exec-25] org.apache.catalina.core.ApplicationContext.log Manager: restart: Reloading web application '/Opportunity'
16-Jul-2019 19:14:20.370 INFO [http-nio-8080-exec-26] org.apache.catalina.core.ApplicationContext.log Manager: list: Listing contexts for virtual host 'localhost'
16-Jul-2019 19:14:20.373 INFO [http-nio-8080-exec-22] org.apache.catalina.core.ApplicationContext.log Manager: list: Listing contexts for virtual host 'localhost'
16-Jul-2019 19:14:21.997 INFO [http-nio-8080-exec-28] org.apache.catalina.core.ApplicationContext.log Manager: undeploy: Undeploying web application at '/Opportunity'
16-Jul-2019 19:14:22.813 INFO [http-nio-8080-exec-24] org.apache.catalina.core.ApplicationContext.log Manager: install: Installing context configuration at 'file:/C:/Users/PAULO~1.BEZ/AppData/Local/Temp/context8934642755224011663.xml'
16-Jul-2019 19:14:24.270 INFO [http-nio-8080-exec-29] org.apache.catalina.core.ApplicationContext.log Manager: start: Starting web application '/Opportunity'
16-Jul-2019 19:15:26.217 INFO [http-nio-8080-exec-23] org.apache.catalina.core.ApplicationContext.log Manager: list: Listing contexts for virtual host 'localhost'
16-Jul-2019 19:15:30.563 INFO [http-nio-8080-exec-39] org.apache.catalina.core.ApplicationContext.log Manager: list: Listing contexts for virtual host 'localhost'
16-Jul-2019 19:15:30.566 INFO [http-nio-8080-exec-33] org.apache.catalina.core.ApplicationContext.log Manager: list: Listing contexts for virtual host 'localhost'
16-Jul-2019 19:15:30.593 INFO [http-nio-8080-exec-34] org.apache.catalina.core.ApplicationContext.log Manager: undeploy: Undeploying web application at '/Opportunity'
16-Jul-2019 19:15:31.340 INFO [http-nio-8080-exec-37] org.apache.catalina.core.ApplicationContext.log Manager: install: Installing context configuration at 'file:/C:/Users/PAULO~1.BEZ/AppData/Local/Temp/context2334525536762391218.xml'
16-Jul-2019 19:15:32.743 INFO [http-nio-8080-exec-33] org.apache.catalina.core.ApplicationContext.log Manager: start: Starting web application '/Opportunity'
16-Jul-2019 19:17:07.396 INFO [http-nio-8080-exec-42] org.apache.catalina.core.ApplicationContext.log Manager: list: Listing contexts for virtual host 'localhost'
16-Jul-2019 19:17:07.675 INFO [http-nio-8080-exec-45] org.apache.catalina.core.ApplicationContext.log Manager: restart: Reloading web application '/Opportunity'
16-Jul-2019 19:17:29.221 INFO [http-nio-8080-exec-47] org.apache.catalina.core.ApplicationContext.log Manager: list: Listing contexts for virtual host 'localhost'
16-Jul-2019 19:17:29.224 INFO [http-nio-8080-exec-46] org.apache.catalina.core.ApplicationContext.log Manager: list: Listing contexts for virtual host 'localhost'
16-Jul-2019 19:17:29.245 INFO [http-nio-8080-exec-43] org.apache.catalina.core.ApplicationContext.log Manager: undeploy: Undeploying web application at '/Opportunity'
16-Jul-2019 19:17:29.956 INFO [http-nio-8080-exec-46] org.apache.catalina.core.ApplicationContext.log Manager: install: Installing context configuration at 'file:/C:/Users/PAULO~1.BEZ/AppData/Local/Temp/context5748810029428252199.xml'
16-Jul-2019 19:17:31.606 INFO [http-nio-8080-exec-48] org.apache.catalina.core.ApplicationContext.log Manager: start: Starting web application '/Opportunity'
16-Jul-2019 19:18:05.387 INFO [http-nio-8080-exec-50] org.apache.catalina.core.ApplicationContext.log Manager: list: Listing contexts for virtual host 'localhost'
16-Jul-2019 19:18:18.028 INFO [http-nio-8080-exec-57] org.apache.catalina.core.ApplicationContext.log Manager: list: Listing contexts for virtual host 'localhost'
16-Jul-2019 19:18:18.030 INFO [http-nio-8080-exec-49] org.apache.catalina.core.ApplicationContext.log Manager: list: Listing contexts for virtual host 'localhost'
16-Jul-2019 19:18:18.046 INFO [http-nio-8080-exec-41] org.apache.catalina.core.ApplicationContext.log Manager: undeploy: Undeploying web application at '/Opportunity'
16-Jul-2019 19:18:18.734 INFO [http-nio-8080-exec-53] org.apache.catalina.core.ApplicationContext.log Manager: install: Installing context configuration at 'file:/C:/Users/PAULO~1.BEZ/AppData/Local/Temp/context4812471362893373071.xml'
16-Jul-2019 19:18:19.964 INFO [http-nio-8080-exec-54] org.apache.catalina.core.ApplicationContext.log Manager: start: Starting web application '/Opportunity'
16-Jul-2019 19:21:42.097 INFO [http-nio-8080-exec-64] org.apache.catalina.core.ApplicationContext.log Manager: list: Listing contexts for virtual host 'localhost'
16-Jul-2019 19:21:46.877 INFO [http-nio-8080-exec-69] org.apache.catalina.core.ApplicationContext.log Manager: list: Listing contexts for virtual host 'localhost'
16-Jul-2019 19:21:46.893 INFO [http-nio-8080-exec-61] org.apache.catalina.core.ApplicationContext.log Manager: list: Listing contexts for virtual host 'localhost'
16-Jul-2019 19:21:46.909 INFO [http-nio-8080-exec-62] org.apache.catalina.core.ApplicationContext.log Manager: undeploy: Undeploying web application at '/Opportunity'
16-Jul-2019 19:21:47.627 INFO [http-nio-8080-exec-65] org.apache.catalina.core.ApplicationContext.log Manager: install: Installing context configuration at 'file:/C:/Users/PAULO~1.BEZ/AppData/Local/Temp/context8870451670859575567.xml'
16-Jul-2019 19:21:51.667 INFO [http-nio-8080-exec-64] org.apache.catalina.core.ApplicationContext.log Manager: start: Starting web application '/Opportunity'
16-Jul-2019 19:25:35.722 INFO [http-nio-8080-exec-75] org.apache.catalina.core.ApplicationContext.log Manager: list: Listing contexts for virtual host 'localhost'
16-Jul-2019 19:25:35.722 INFO [http-nio-8080-exec-79] org.apache.catalina.core.ApplicationContext.log Manager: undeploy: Undeploying web application at '/Opportunity'
16-Jul-2019 19:37:42.382 INFO [http-nio-8080-exec-83] org.apache.catalina.core.ApplicationContext.log Manager: list: Listing contexts for virtual host 'localhost'
16-Jul-2019 19:37:50.884 INFO [http-nio-8080-exec-89] org.apache.catalina.core.ApplicationContext.log Manager: list: Listing contexts for virtual host 'localhost'
16-Jul-2019 19:37:50.884 INFO [http-nio-8080-exec-80] org.apache.catalina.core.ApplicationContext.log Manager: list: Listing contexts for virtual host 'localhost'
16-Jul-2019 19:37:50.962 INFO [http-nio-8080-exec-81] org.apache.catalina.core.ApplicationContext.log Manager: install: Installing context configuration at 'file:/C:/Users/PAULO~1.BEZ/AppData/Local/Temp/context5181452115343894284.xml'
16-Jul-2019 19:37:54.868 INFO [http-nio-8080-exec-82] org.apache.catalina.core.ApplicationContext.log Manager: start: Starting web application '/Opportunity'
16-Jul-2019 19:38:43.170 INFO [http-nio-8080-exec-84] org.apache.catalina.core.ApplicationContext.log Manager: list: Listing contexts for virtual host 'localhost'
16-Jul-2019 19:39:02.135 INFO [http-nio-8080-exec-81] org.apache.catalina.core.ApplicationContext.log Manager: list: Listing contexts for virtual host 'localhost'
16-Jul-2019 19:39:02.135 INFO [http-nio-8080-exec-82] org.apache.catalina.core.ApplicationContext.log Manager: list: Listing contexts for virtual host 'localhost'
16-Jul-2019 19:39:02.166 INFO [http-nio-8080-exec-83] org.apache.catalina.core.ApplicationContext.log Manager: undeploy: Undeploying web application at '/Opportunity'
16-Jul-2019 19:39:02.900 INFO [http-nio-8080-exec-84] org.apache.catalina.core.ApplicationContext.log Manager: install: Installing context configuration at 'file:/C:/Users/PAULO~1.BEZ/AppData/Local/Temp/context8574260600405909077.xml'
16-Jul-2019 19:39:04.243 INFO [http-nio-8080-exec-82] org.apache.catalina.core.ApplicationContext.log Manager: start: Starting web application '/Opportunity'
16-Jul-2019 19:41:50.925 INFO [http-nio-8080-exec-91] org.apache.catalina.core.ApplicationContext.log Manager: list: Listing contexts for virtual host 'localhost'
16-Jul-2019 19:41:51.128 INFO [http-nio-8080-exec-95] org.apache.catalina.core.ApplicationContext.log Manager: restart: Reloading web application '/Opportunity'
16-Jul-2019 19:42:18.118 INFO [http-nio-8080-exec-91] org.apache.catalina.core.ApplicationContext.log Manager: list: Listing contexts for virtual host 'localhost'
16-Jul-2019 19:42:18.305 INFO [http-nio-8080-exec-92] org.apache.catalina.core.ApplicationContext.log Manager: restart: Reloading web application '/Opportunity'
16-Jul-2019 19:44:06.945 INFO [http-nio-8080-exec-107] org.apache.catalina.core.ApplicationContext.log Manager: list: Listing contexts for virtual host 'localhost'
16-Jul-2019 19:44:07.195 INFO [http-nio-8080-exec-108] org.apache.catalina.core.ApplicationContext.log Manager: restart: Reloading web application '/Opportunity'
16-Jul-2019 19:45:36.475 INFO [http-nio-8080-exec-117] org.apache.catalina.core.ApplicationContext.log Manager: list: Listing contexts for virtual host 'localhost'
16-Jul-2019 19:45:36.740 INFO [http-nio-8080-exec-118] org.apache.catalina.core.ApplicationContext.log Manager: restart: Reloading web application '/Opportunity'
16-Jul-2019 19:47:00.048 INFO [http-nio-8080-exec-113] org.apache.catalina.core.ApplicationContext.log Manager: list: Listing contexts for virtual host 'localhost'
16-Jul-2019 19:47:00.063 INFO [http-nio-8080-exec-116] org.apache.catalina.core.ApplicationContext.log Manager: list: Listing contexts for virtual host 'localhost'
16-Jul-2019 19:47:00.079 INFO [http-nio-8080-exec-120] org.apache.catalina.core.ApplicationContext.log Manager: undeploy: Undeploying web application at '/Opportunity'
16-Jul-2019 19:47:00.922 INFO [http-nio-8080-exec-122] org.apache.catalina.core.ApplicationContext.log Manager: install: Installing context configuration at 'file:/C:/Users/PAULO~1.BEZ/AppData/Local/Temp/context6611619350086878299.xml'
16-Jul-2019 19:47:02.261 INFO [http-nio-8080-exec-126] org.apache.catalina.core.ApplicationContext.log Manager: start: Starting web application '/Opportunity'
16-Jul-2019 19:49:35.884 INFO [http-nio-8080-exec-129] org.apache.catalina.core.ApplicationContext.log Manager: list: Listing contexts for virtual host 'localhost'
16-Jul-2019 19:49:40.192 INFO [http-nio-8080-exec-133] org.apache.catalina.core.ApplicationContext.log Manager: list: Listing contexts for virtual host 'localhost'
16-Jul-2019 19:49:40.194 INFO [http-nio-8080-exec-128] org.apache.catalina.core.ApplicationContext.log Manager: list: Listing contexts for virtual host 'localhost'
16-Jul-2019 19:49:40.219 INFO [http-nio-8080-exec-134] org.apache.catalina.core.ApplicationContext.log Manager: undeploy: Undeploying web application at '/Opportunity'
16-Jul-2019 19:49:41.102 INFO [http-nio-8080-exec-133] org.apache.catalina.core.ApplicationContext.log Manager: install: Installing context configuration at 'file:/C:/Users/PAULO~1.BEZ/AppData/Local/Temp/context7638564267739257681.xml'
16-Jul-2019 19:49:42.423 INFO [http-nio-8080-exec-132] org.apache.catalina.core.ApplicationContext.log Manager: start: Starting web application '/Opportunity'
16-Jul-2019 19:50:12.649 INFO [http-nio-8080-exec-140] org.apache.catalina.core.ApplicationContext.log Manager: list: Listing contexts for virtual host 'localhost'
16-Jul-2019 19:50:34.955 INFO [http-nio-8080-exec-142] org.apache.catalina.core.ApplicationContext.log Manager: list: Listing contexts for virtual host 'localhost'
16-Jul-2019 19:50:40.423 INFO [http-nio-8080-exec-138] org.apache.catalina.core.ApplicationContext.log Manager: list: Listing contexts for virtual host 'localhost'
16-Jul-2019 19:50:40.423 INFO [http-nio-8080-exec-135] org.apache.catalina.core.ApplicationContext.log Manager: list: Listing contexts for virtual host 'localhost'
16-Jul-2019 19:50:40.454 INFO [http-nio-8080-exec-142] org.apache.catalina.core.ApplicationContext.log Manager: undeploy: Undeploying web application at '/Opportunity'
16-Jul-2019 19:50:41.235 INFO [http-nio-8080-exec-135] org.apache.catalina.core.ApplicationContext.log Manager: install: Installing context configuration at 'file:/C:/Users/PAULO~1.BEZ/AppData/Local/Temp/context5156224262710158936.xml'
16-Jul-2019 19:50:42.500 INFO [http-nio-8080-exec-138] org.apache.catalina.core.ApplicationContext.log Manager: start: Starting web application '/Opportunity'
16-Jul-2019 19:52:49.734 INFO [http-nio-8080-exec-151] org.apache.catalina.core.ApplicationContext.log Manager: list: Listing contexts for virtual host 'localhost'
16-Jul-2019 19:52:49.734 INFO [http-nio-8080-exec-152] org.apache.catalina.core.ApplicationContext.log Manager: undeploy: Undeploying web application at '/Opportunity'
16-Jul-2019 19:56:56.538 INFO [http-nio-8080-exec-159] org.apache.catalina.core.ApplicationContext.log Manager: list: Listing contexts for virtual host 'localhost'
16-Jul-2019 19:59:09.984 INFO [http-nio-8080-exec-158] org.apache.catalina.core.ApplicationContext.log Manager: list: Listing contexts for virtual host 'localhost'
16-Jul-2019 20:00:52.853 INFO [http-nio-8080-exec-161] org.apache.catalina.core.ApplicationContext.log Manager: list: Listing contexts for virtual host 'localhost'
