28-Jun-2019 11:37:55.482 INFO [http-nio-8080-exec-920] org.apache.catalina.core.ApplicationContext.log Manager: list: Listing contexts for virtual host 'localhost'
28-Jun-2019 11:38:43.080 INFO [http-nio-8080-exec-925] org.apache.catalina.core.ApplicationContext.log Manager: list: Listing contexts for virtual host 'localhost'
28-Jun-2019 11:38:56.246 INFO [http-nio-8080-exec-922] org.apache.catalina.core.ApplicationContext.log Manager: list: Listing contexts for virtual host 'localhost'
28-Jun-2019 11:38:56.250 INFO [http-nio-8080-exec-923] org.apache.catalina.core.ApplicationContext.log Manager: list: Listing contexts for virtual host 'localhost'
28-Jun-2019 11:38:56.381 INFO [http-nio-8080-exec-924] org.apache.catalina.core.ApplicationContext.log Manager: install: Installing context configuration at 'file:/C:/Users/PAULO~1.BEZ/AppData/Local/Temp/context7396292996322495072.xml'
28-Jun-2019 11:39:03.296 INFO [http-nio-8080-exec-925] org.apache.catalina.core.ApplicationContext.log Manager: start: Starting web application '/Opportunity'
28-Jun-2019 11:39:49.493 INFO [http-nio-8080-exec-918] org.apache.catalina.core.ApplicationContext.log Manager: list: Listing contexts for virtual host 'localhost'
28-Jun-2019 11:39:56.116 INFO [http-nio-8080-exec-919] org.apache.catalina.core.ApplicationContext.log Manager: list: Listing contexts for virtual host 'localhost'
28-Jun-2019 11:39:56.119 INFO [http-nio-8080-exec-926] org.apache.catalina.core.ApplicationContext.log Manager: list: Listing contexts for virtual host 'localhost'
28-Jun-2019 11:39:56.150 INFO [http-nio-8080-exec-918] org.apache.catalina.core.ApplicationContext.log Manager: undeploy: Undeploying web application at '/Opportunity'
28-Jun-2019 11:40:06.408 INFO [http-nio-8080-exec-926] org.apache.catalina.core.ApplicationContext.log Manager: install: Installing context configuration at 'file:/C:/Users/PAULO~1.BEZ/AppData/Local/Temp/context855809197328724548.xml'
28-Jun-2019 11:40:09.476 INFO [http-nio-8080-exec-919] org.apache.catalina.core.ApplicationContext.log Manager: start: Starting web application '/Opportunity'
28-Jun-2019 11:47:04.893 INFO [http-nio-8080-exec-930] org.apache.catalina.core.ApplicationContext.log Manager: list: Listing contexts for virtual host 'localhost'
28-Jun-2019 11:47:26.709 INFO [http-nio-8080-exec-930] org.apache.catalina.core.ApplicationContext.log Manager: list: Listing contexts for virtual host 'localhost'
28-Jun-2019 11:47:45.855 INFO [http-nio-8080-exec-929] org.apache.catalina.core.ApplicationContext.log Manager: list: Listing contexts for virtual host 'localhost'
28-Jun-2019 11:48:05.778 INFO [http-nio-8080-exec-930] org.apache.catalina.core.ApplicationContext.log Manager: list: Listing contexts for virtual host 'localhost'
28-Jun-2019 11:48:05.780 INFO [http-nio-8080-exec-931] org.apache.catalina.core.ApplicationContext.log Manager: list: Listing contexts for virtual host 'localhost'
28-Jun-2019 11:48:05.800 INFO [http-nio-8080-exec-932] org.apache.catalina.core.ApplicationContext.log Manager: undeploy: Undeploying web application at '/Opportunity'
28-Jun-2019 11:48:07.172 INFO [http-nio-8080-exec-931] org.apache.catalina.core.ApplicationContext.log Manager: install: Installing context configuration at 'file:/C:/Users/PAULO~1.BEZ/AppData/Local/Temp/context5112681427177308970.xml'
28-Jun-2019 11:48:08.401 INFO [http-nio-8080-exec-935] org.apache.catalina.core.ApplicationContext.log Manager: start: Starting web application '/Opportunity'
28-Jun-2019 11:49:25.319 INFO [http-nio-8080-exec-941] org.apache.catalina.core.ApplicationContext.log Manager: list: Listing contexts for virtual host 'localhost'
28-Jun-2019 11:52:28.743 INFO [http-nio-8080-exec-941] org.apache.catalina.core.ApplicationContext.log Manager: list: Listing contexts for virtual host 'localhost'
28-Jun-2019 11:52:37.353 INFO [http-nio-8080-exec-941] org.apache.catalina.core.ApplicationContext.log Manager: list: Listing contexts for virtual host 'localhost'
28-Jun-2019 11:52:37.357 INFO [http-nio-8080-exec-942] org.apache.catalina.core.ApplicationContext.log Manager: list: Listing contexts for virtual host 'localhost'
28-Jun-2019 11:52:37.389 INFO [http-nio-8080-exec-945] org.apache.catalina.core.ApplicationContext.log Manager: undeploy: Undeploying web application at '/Opportunity'
28-Jun-2019 11:52:38.438 INFO [http-nio-8080-exec-944] org.apache.catalina.core.ApplicationContext.log Manager: install: Installing context configuration at 'file:/C:/Users/PAULO~1.BEZ/AppData/Local/Temp/context9163738754148435016.xml'
28-Jun-2019 11:52:42.532 INFO [http-nio-8080-exec-939] org.apache.catalina.core.ApplicationContext.log Manager: start: Starting web application '/Opportunity'
28-Jun-2019 11:58:13.392 INFO [http-nio-8080-exec-948] org.apache.catalina.core.ApplicationContext.log Manager: list: Listing contexts for virtual host 'localhost'
28-Jun-2019 11:58:13.407 INFO [http-nio-8080-exec-951] org.apache.catalina.core.ApplicationContext.log Manager: undeploy: Undeploying web application at '/Opportunity'
28-Jun-2019 12:03:35.199 INFO [http-nio-8080-exec-960] org.apache.catalina.core.ApplicationContext.log Manager: list: Listing contexts for virtual host 'localhost'
28-Jun-2019 12:03:43.112 INFO [http-nio-8080-exec-955] org.apache.catalina.core.ApplicationContext.log Manager: list: Listing contexts for virtual host 'localhost'
28-Jun-2019 12:05:37.565 INFO [http-nio-8080-exec-960] org.apache.catalina.core.ApplicationContext.log Manager: list: Listing contexts for virtual host 'localhost'
28-Jun-2019 12:05:48.693 INFO [http-nio-8080-exec-965] org.apache.catalina.core.ApplicationContext.log Manager: list: Listing contexts for virtual host 'localhost'
28-Jun-2019 12:24:16.777 INFO [http-nio-8080-exec-964] org.apache.catalina.core.ApplicationContext.log Manager: list: Listing contexts for virtual host 'localhost'
28-Jun-2019 12:25:23.103 INFO [http-nio-8080-exec-957] org.apache.catalina.core.ApplicationContext.log Manager: list: Listing contexts for virtual host 'localhost'
28-Jun-2019 12:25:23.107 INFO [http-nio-8080-exec-959] org.apache.catalina.core.ApplicationContext.log Manager: list: Listing contexts for virtual host 'localhost'
28-Jun-2019 12:25:23.195 INFO [http-nio-8080-exec-960] org.apache.catalina.core.ApplicationContext.log Manager: install: Installing context configuration at 'file:/C:/Users/PAULO~1.BEZ/AppData/Local/Temp/context5826148520308639512.xml'
28-Jun-2019 12:25:28.350 INFO [http-nio-8080-exec-961] org.apache.catalina.core.ApplicationContext.log Manager: start: Starting web application '/Opportunity'
28-Jun-2019 12:34:43.736 INFO [http-nio-8080-exec-959] org.apache.catalina.core.ApplicationContext.log Manager: list: Listing contexts for virtual host 'localhost'
28-Jun-2019 12:34:44.037 INFO [http-nio-8080-exec-960] org.apache.catalina.core.ApplicationContext.log Manager: restart: Reloading web application '/Opportunity'
28-Jun-2019 12:34:58.185 INFO [http-nio-8080-exec-965] org.apache.catalina.core.ApplicationContext.log Manager: list: Listing contexts for virtual host 'localhost'
28-Jun-2019 12:34:58.187 INFO [http-nio-8080-exec-966] org.apache.catalina.core.ApplicationContext.log Manager: list: Listing contexts for virtual host 'localhost'
28-Jun-2019 12:34:58.235 INFO [http-nio-8080-exec-959] org.apache.catalina.core.ApplicationContext.log Manager: undeploy: Undeploying web application at '/Opportunity'
28-Jun-2019 12:34:59.497 INFO [http-nio-8080-exec-962] org.apache.catalina.core.ApplicationContext.log Manager: install: Installing context configuration at 'file:/C:/Users/PAULO~1.BEZ/AppData/Local/Temp/context6505258056196168020.xml'
28-Jun-2019 12:35:00.609 INFO [http-nio-8080-exec-968] org.apache.catalina.core.ApplicationContext.log Manager: start: Starting web application '/Opportunity'
28-Jun-2019 12:36:05.891 INFO [http-nio-8080-exec-976] org.apache.catalina.core.ApplicationContext.log Manager: list: Listing contexts for virtual host 'localhost'
28-Jun-2019 12:36:06.090 INFO [http-nio-8080-exec-972] org.apache.catalina.core.ApplicationContext.log Manager: restart: Reloading web application '/Opportunity'
28-Jun-2019 12:38:23.193 INFO [http-nio-8080-exec-985] org.apache.catalina.core.ApplicationContext.log Manager: list: Listing contexts for virtual host 'localhost'
28-Jun-2019 12:38:23.204 INFO [http-nio-8080-exec-981] org.apache.catalina.core.ApplicationContext.log Manager: undeploy: Undeploying web application at '/Opportunity'
28-Jun-2019 12:38:40.719 INFO [http-nio-8080-exec-986] org.apache.catalina.core.ApplicationContext.log Manager: list: Listing contexts for virtual host 'localhost'
28-Jun-2019 12:38:43.236 INFO [http-nio-8080-exec-988] org.apache.catalina.core.ApplicationContext.log Manager: list: Listing contexts for virtual host 'localhost'
28-Jun-2019 12:40:07.279 INFO [http-nio-8080-exec-994] org.apache.catalina.core.ApplicationContext.log Manager: list: Listing contexts for virtual host 'localhost'
28-Jun-2019 12:40:07.280 INFO [http-nio-8080-exec-986] org.apache.catalina.core.ApplicationContext.log Manager: list: Listing contexts for virtual host 'localhost'
28-Jun-2019 12:40:07.374 INFO [http-nio-8080-exec-979] org.apache.catalina.core.ApplicationContext.log Manager: install: Installing context configuration at 'file:/C:/Users/PAULO~1.BEZ/AppData/Local/Temp/context192742198543006352.xml'
28-Jun-2019 12:40:08.605 INFO [http-nio-8080-exec-995] org.apache.catalina.core.ApplicationContext.log Manager: start: Starting web application '/Opportunity'
28-Jun-2019 12:44:31.169 INFO [http-nio-8080-exec-998] org.apache.catalina.core.ApplicationContext.log Manager: list: Listing contexts for virtual host 'localhost'
28-Jun-2019 12:44:42.991 INFO [http-nio-8080-exec-996] org.apache.catalina.core.ApplicationContext.log Manager: list: Listing contexts for virtual host 'localhost'
28-Jun-2019 12:44:43.216 INFO [http-nio-8080-exec-997] org.apache.catalina.core.ApplicationContext.log Manager: restart: Reloading web application '/Opportunity'
28-Jun-2019 12:44:47.830 INFO [http-nio-8080-exec-995] org.apache.catalina.core.ApplicationContext.log Manager: list: Listing contexts for virtual host 'localhost'
28-Jun-2019 12:44:47.832 INFO [http-nio-8080-exec-990] org.apache.catalina.core.ApplicationContext.log Manager: list: Listing contexts for virtual host 'localhost'
28-Jun-2019 12:44:47.849 INFO [http-nio-8080-exec-991] org.apache.catalina.core.ApplicationContext.log Manager: undeploy: Undeploying web application at '/Opportunity'
28-Jun-2019 12:44:48.794 INFO [http-nio-8080-exec-990] org.apache.catalina.core.ApplicationContext.log Manager: install: Installing context configuration at 'file:/C:/Users/PAULO~1.BEZ/AppData/Local/Temp/context7615018505287903916.xml'
28-Jun-2019 12:44:49.870 INFO [http-nio-8080-exec-998] org.apache.catalina.core.ApplicationContext.log Manager: start: Starting web application '/Opportunity'
28-Jun-2019 12:47:09.408 INFO [http-nio-8080-exec-1004] org.apache.catalina.core.ApplicationContext.log Manager: list: Listing contexts for virtual host 'localhost'
28-Jun-2019 12:47:09.416 INFO [http-nio-8080-exec-1005] org.apache.catalina.core.ApplicationContext.log Manager: undeploy: Undeploying web application at '/Opportunity'
28-Jun-2019 12:49:48.326 INFO [http-nio-8080-exec-1003] org.apache.catalina.core.ApplicationContext.log Manager: list: Listing contexts for virtual host 'localhost'
28-Jun-2019 12:49:48.328 INFO [http-nio-8080-exec-1010] org.apache.catalina.core.ApplicationContext.log Manager: list: Listing contexts for virtual host 'localhost'
28-Jun-2019 12:49:48.434 INFO [http-nio-8080-exec-1004] org.apache.catalina.core.ApplicationContext.log Manager: install: Installing context configuration at 'file:/C:/Users/PAULO~1.BEZ/AppData/Local/Temp/context2415986000372984917.xml'
28-Jun-2019 12:49:49.794 INFO [http-nio-8080-exec-1002] org.apache.catalina.core.ApplicationContext.log Manager: start: Starting web application '/Opportunity'
28-Jun-2019 12:55:41.186 INFO [http-nio-8080-exec-1018] org.apache.catalina.core.ApplicationContext.log Manager: list: Listing contexts for virtual host 'localhost'
28-Jun-2019 12:55:41.567 INFO [http-nio-8080-exec-1015] org.apache.catalina.core.ApplicationContext.log Manager: restart: Reloading web application '/Opportunity'
28-Jun-2019 14:16:17.444 INFO [http-nio-8080-exec-1024] org.apache.catalina.core.ApplicationContext.log Manager: list: Listing contexts for virtual host 'localhost'
28-Jun-2019 14:16:17.794 INFO [http-nio-8080-exec-1025] org.apache.catalina.core.ApplicationContext.log Manager: restart: Reloading web application '/Opportunity'
28-Jun-2019 15:05:51.254 INFO [http-nio-8080-exec-1034] org.apache.catalina.core.ApplicationContext.log Manager: list: Listing contexts for virtual host 'localhost'
28-Jun-2019 15:08:48.449 INFO [http-nio-8080-exec-1040] org.apache.catalina.core.ApplicationContext.log Manager: list: Listing contexts for virtual host 'localhost'
28-Jun-2019 15:08:54.837 INFO [http-nio-8080-exec-1037] org.apache.catalina.core.ApplicationContext.log Manager: list: Listing contexts for virtual host 'localhost'
28-Jun-2019 15:08:54.840 INFO [http-nio-8080-exec-1038] org.apache.catalina.core.ApplicationContext.log Manager: list: Listing contexts for virtual host 'localhost'
28-Jun-2019 15:08:54.885 INFO [http-nio-8080-exec-1039] org.apache.catalina.core.ApplicationContext.log Manager: undeploy: Undeploying web application at '/Opportunity'
28-Jun-2019 15:09:17.596 INFO [http-nio-8080-exec-1040] org.apache.catalina.core.ApplicationContext.log Manager: install: Installing context configuration at 'file:/C:/Users/PAULO~1.BEZ/AppData/Local/Temp/context7360298441912194303.xml'
28-Jun-2019 15:09:33.446 INFO [http-nio-8080-exec-1032] org.apache.catalina.core.ApplicationContext.log Manager: start: Starting web application '/Opportunity'
28-Jun-2019 15:11:48.987 INFO [http-nio-8080-exec-1041] org.apache.catalina.core.ApplicationContext.log Manager: list: Listing contexts for virtual host 'localhost'
28-Jun-2019 15:11:55.787 INFO [http-nio-8080-exec-1049] org.apache.catalina.core.ApplicationContext.log Manager: list: Listing contexts for virtual host 'localhost'
28-Jun-2019 15:11:55.790 INFO [http-nio-8080-exec-1048] org.apache.catalina.core.ApplicationContext.log Manager: list: Listing contexts for virtual host 'localhost'
28-Jun-2019 15:11:55.824 INFO [http-nio-8080-exec-1041] org.apache.catalina.core.ApplicationContext.log Manager: undeploy: Undeploying web application at '/Opportunity'
28-Jun-2019 15:12:02.902 INFO [http-nio-8080-exec-1043] org.apache.catalina.core.ApplicationContext.log Manager: install: Installing context configuration at 'file:/C:/Users/PAULO~1.BEZ/AppData/Local/Temp/context1698748720666484202.xml'
28-Jun-2019 15:12:06.968 INFO [http-nio-8080-exec-1042] org.apache.catalina.core.ApplicationContext.log Manager: start: Starting web application '/Opportunity'
28-Jun-2019 15:12:55.641 INFO [http-nio-8080-exec-1049] org.apache.catalina.core.ApplicationContext.log Manager: list: Listing contexts for virtual host 'localhost'
28-Jun-2019 15:13:01.783 INFO [http-nio-8080-exec-1056] org.apache.catalina.core.ApplicationContext.log Manager: list: Listing contexts for virtual host 'localhost'
28-Jun-2019 15:13:01.787 INFO [http-nio-8080-exec-1051] org.apache.catalina.core.ApplicationContext.log Manager: list: Listing contexts for virtual host 'localhost'
28-Jun-2019 15:13:01.809 INFO [http-nio-8080-exec-1049] org.apache.catalina.core.ApplicationContext.log Manager: undeploy: Undeploying web application at '/Opportunity'
28-Jun-2019 15:13:03.450 INFO [http-nio-8080-exec-1051] org.apache.catalina.core.ApplicationContext.log Manager: install: Installing context configuration at 'file:/C:/Users/PAULO~1.BEZ/AppData/Local/Temp/context7558618855699091706.xml'
28-Jun-2019 15:13:06.140 INFO [http-nio-8080-exec-1052] org.apache.catalina.core.ApplicationContext.log Manager: start: Starting web application '/Opportunity'
28-Jun-2019 15:13:30.585 INFO [http-nio-8080-exec-1056] org.apache.catalina.core.ApplicationContext.log Manager: list: Listing contexts for virtual host 'localhost'
28-Jun-2019 15:13:35.878 INFO [http-nio-8080-exec-1059] org.apache.catalina.core.ApplicationContext.log Manager: list: Listing contexts for virtual host 'localhost'
28-Jun-2019 15:13:35.880 INFO [http-nio-8080-exec-1062] org.apache.catalina.core.ApplicationContext.log Manager: list: Listing contexts for virtual host 'localhost'
28-Jun-2019 15:13:35.894 INFO [http-nio-8080-exec-1046] org.apache.catalina.core.ApplicationContext.log Manager: undeploy: Undeploying web application at '/Opportunity'
28-Jun-2019 15:13:37.016 INFO [http-nio-8080-exec-1063] org.apache.catalina.core.ApplicationContext.log Manager: install: Installing context configuration at 'file:/C:/Users/PAULO~1.BEZ/AppData/Local/Temp/context4555732996303616529.xml'
28-Jun-2019 15:13:38.558 INFO [http-nio-8080-exec-1060] org.apache.catalina.core.ApplicationContext.log Manager: start: Starting web application '/Opportunity'
28-Jun-2019 15:14:20.695 INFO [http-nio-8080-exec-1066] org.apache.catalina.core.ApplicationContext.log Manager: list: Listing contexts for virtual host 'localhost'
28-Jun-2019 15:14:20.716 INFO [http-nio-8080-exec-1061] org.apache.catalina.core.ApplicationContext.log Manager: undeploy: Undeploying web application at '/Opportunity'
28-Jun-2019 15:19:37.008 INFO [http-nio-8080-exec-1074] org.apache.catalina.core.ApplicationContext.log Manager: list: Listing contexts for virtual host 'localhost'
28-Jun-2019 15:21:07.968 INFO [http-nio-8080-exec-1076] org.apache.catalina.core.ApplicationContext.log Manager: list: Listing contexts for virtual host 'localhost'
28-Jun-2019 15:32:06.654 INFO [http-nio-8080-exec-1069] org.apache.catalina.core.ApplicationContext.log Manager: list: Listing contexts for virtual host 'localhost'
28-Jun-2019 15:32:06.667 INFO [http-nio-8080-exec-1070] org.apache.catalina.core.ApplicationContext.log Manager: list: Listing contexts for virtual host 'localhost'
28-Jun-2019 15:32:06.788 INFO [http-nio-8080-exec-1075] org.apache.catalina.core.ApplicationContext.log Manager: install: Installing context configuration at 'file:/C:/Users/PAULO~1.BEZ/AppData/Local/Temp/context5010676164257025910.xml'
28-Jun-2019 15:32:11.010 INFO [http-nio-8080-exec-1076] org.apache.catalina.core.ApplicationContext.log Manager: start: Starting web application '/Opportunity'
