26-Jun-2019 11:24:18.355 INFO [http-nio-8080-exec-1048] org.apache.catalina.core.ApplicationContext.log Manager: list: Listing contexts for virtual host 'localhost'
26-Jun-2019 11:26:41.726 INFO [http-nio-8080-exec-1053] org.apache.catalina.core.ApplicationContext.log Manager: list: Listing contexts for virtual host 'localhost'
26-Jun-2019 11:26:58.376 INFO [http-nio-8080-exec-1049] org.apache.catalina.core.ApplicationContext.log Manager: list: Listing contexts for virtual host 'localhost'
26-Jun-2019 11:27:05.711 INFO [http-nio-8080-exec-1046] org.apache.catalina.core.ApplicationContext.log Manager: list: Listing contexts for virtual host 'localhost'
26-Jun-2019 11:27:05.713 INFO [http-nio-8080-exec-1047] org.apache.catalina.core.ApplicationContext.log Manager: list: Listing contexts for virtual host 'localhost'
26-Jun-2019 11:27:05.835 INFO [http-nio-8080-exec-1045] org.apache.catalina.core.ApplicationContext.log Manager: install: Installing context configuration at 'file:/C:/Users/PAULO~1.BEZ/AppData/Local/Temp/context5956400972525397068.xml'
26-Jun-2019 11:27:13.091 INFO [http-nio-8080-exec-1048] org.apache.catalina.core.ApplicationContext.log Manager: start: Starting web application '/Opportunity'
26-Jun-2019 11:28:14.966 INFO [http-nio-8080-exec-1049] org.apache.catalina.core.ApplicationContext.log Manager: list: Listing contexts for virtual host 'localhost'
26-Jun-2019 11:28:18.958 INFO [http-nio-8080-exec-1053] org.apache.catalina.core.ApplicationContext.log Manager: list: Listing contexts for virtual host 'localhost'
26-Jun-2019 11:28:18.960 INFO [http-nio-8080-exec-1054] org.apache.catalina.core.ApplicationContext.log Manager: list: Listing contexts for virtual host 'localhost'
26-Jun-2019 11:28:18.978 INFO [http-nio-8080-exec-1047] org.apache.catalina.core.ApplicationContext.log Manager: undeploy: Undeploying web application at '/Opportunity'
26-Jun-2019 11:28:23.667 INFO [http-nio-8080-exec-1053] org.apache.catalina.core.ApplicationContext.log Manager: install: Installing context configuration at 'file:/C:/Users/PAULO~1.BEZ/AppData/Local/Temp/context5701609633758576822.xml'
26-Jun-2019 11:28:28.480 INFO [http-nio-8080-exec-1051] org.apache.catalina.core.ApplicationContext.log Manager: start: Starting web application '/Opportunity'
26-Jun-2019 11:28:47.366 INFO [http-nio-8080-exec-1056] org.apache.catalina.core.ApplicationContext.log Manager: list: Listing contexts for virtual host 'localhost'
26-Jun-2019 11:28:50.867 INFO [http-nio-8080-exec-1046] org.apache.catalina.core.ApplicationContext.log Manager: list: Listing contexts for virtual host 'localhost'
26-Jun-2019 11:28:50.868 INFO [http-nio-8080-exec-1059] org.apache.catalina.core.ApplicationContext.log Manager: list: Listing contexts for virtual host 'localhost'
26-Jun-2019 11:28:50.879 INFO [http-nio-8080-exec-1052] org.apache.catalina.core.ApplicationContext.log Manager: undeploy: Undeploying web application at '/Opportunity'
26-Jun-2019 11:28:52.368 INFO [http-nio-8080-exec-1057] org.apache.catalina.core.ApplicationContext.log Manager: install: Installing context configuration at 'file:/C:/Users/PAULO~1.BEZ/AppData/Local/Temp/context5914531115105738940.xml'
26-Jun-2019 11:28:53.642 INFO [http-nio-8080-exec-1055] org.apache.catalina.core.ApplicationContext.log Manager: start: Starting web application '/Opportunity'
26-Jun-2019 11:29:09.375 INFO [http-nio-8080-exec-1051] org.apache.catalina.core.ApplicationContext.log Manager: list: Listing contexts for virtual host 'localhost'
26-Jun-2019 11:30:41.213 INFO [http-nio-8080-exec-1062] org.apache.catalina.core.ApplicationContext.log Manager: list: Listing contexts for virtual host 'localhost'
26-Jun-2019 11:30:45.064 INFO [http-nio-8080-exec-1064] org.apache.catalina.core.ApplicationContext.log Manager: list: Listing contexts for virtual host 'localhost'
26-Jun-2019 11:30:45.065 INFO [http-nio-8080-exec-1065] org.apache.catalina.core.ApplicationContext.log Manager: list: Listing contexts for virtual host 'localhost'
26-Jun-2019 11:30:45.076 INFO [http-nio-8080-exec-1061] org.apache.catalina.core.ApplicationContext.log Manager: undeploy: Undeploying web application at '/Opportunity'
26-Jun-2019 11:30:46.019 INFO [http-nio-8080-exec-1062] org.apache.catalina.core.ApplicationContext.log Manager: install: Installing context configuration at 'file:/C:/Users/PAULO~1.BEZ/AppData/Local/Temp/context7516486882765723734.xml'
26-Jun-2019 11:30:47.200 INFO [http-nio-8080-exec-1051] org.apache.catalina.core.ApplicationContext.log Manager: start: Starting web application '/Opportunity'
26-Jun-2019 11:45:31.043 INFO [http-nio-8080-exec-1070] org.apache.catalina.core.ApplicationContext.log Manager: list: Listing contexts for virtual host 'localhost'
26-Jun-2019 11:45:35.343 INFO [http-nio-8080-exec-1073] org.apache.catalina.core.ApplicationContext.log Manager: list: Listing contexts for virtual host 'localhost'
26-Jun-2019 11:45:35.344 INFO [http-nio-8080-exec-1074] org.apache.catalina.core.ApplicationContext.log Manager: list: Listing contexts for virtual host 'localhost'
26-Jun-2019 11:45:35.362 INFO [http-nio-8080-exec-1075] org.apache.catalina.core.ApplicationContext.log Manager: undeploy: Undeploying web application at '/Opportunity'
26-Jun-2019 11:45:36.525 INFO [http-nio-8080-exec-1074] org.apache.catalina.core.ApplicationContext.log Manager: install: Installing context configuration at 'file:/C:/Users/PAULO~1.BEZ/AppData/Local/Temp/context6832407819167037678.xml'
26-Jun-2019 11:45:42.623 INFO [http-nio-8080-exec-1076] org.apache.catalina.core.ApplicationContext.log Manager: start: Starting web application '/Opportunity'
26-Jun-2019 11:46:22.986 INFO [http-nio-8080-exec-1078] org.apache.catalina.core.ApplicationContext.log Manager: list: Listing contexts for virtual host 'localhost'
26-Jun-2019 11:46:26.851 INFO [http-nio-8080-exec-1080] org.apache.catalina.core.ApplicationContext.log Manager: list: Listing contexts for virtual host 'localhost'
26-Jun-2019 11:46:26.853 INFO [http-nio-8080-exec-1081] org.apache.catalina.core.ApplicationContext.log Manager: list: Listing contexts for virtual host 'localhost'
26-Jun-2019 11:46:26.866 INFO [http-nio-8080-exec-1076] org.apache.catalina.core.ApplicationContext.log Manager: undeploy: Undeploying web application at '/Opportunity'
26-Jun-2019 11:46:27.968 INFO [http-nio-8080-exec-1078] org.apache.catalina.core.ApplicationContext.log Manager: install: Installing context configuration at 'file:/C:/Users/PAULO~1.BEZ/AppData/Local/Temp/context6364629364798931223.xml'
26-Jun-2019 11:46:29.349 INFO [http-nio-8080-exec-1087] org.apache.catalina.core.ApplicationContext.log Manager: start: Starting web application '/Opportunity'
26-Jun-2019 11:46:54.303 INFO [http-nio-8080-exec-1083] org.apache.catalina.core.ApplicationContext.log Manager: list: Listing contexts for virtual host 'localhost'
26-Jun-2019 11:46:57.613 INFO [http-nio-8080-exec-1094] org.apache.catalina.core.ApplicationContext.log Manager: list: Listing contexts for virtual host 'localhost'
26-Jun-2019 11:46:57.616 INFO [http-nio-8080-exec-1088] org.apache.catalina.core.ApplicationContext.log Manager: list: Listing contexts for virtual host 'localhost'
26-Jun-2019 11:46:57.629 INFO [http-nio-8080-exec-1089] org.apache.catalina.core.ApplicationContext.log Manager: undeploy: Undeploying web application at '/Opportunity'
26-Jun-2019 11:46:58.694 INFO [http-nio-8080-exec-1091] org.apache.catalina.core.ApplicationContext.log Manager: install: Installing context configuration at 'file:/C:/Users/PAULO~1.BEZ/AppData/Local/Temp/context270727349078237525.xml'
26-Jun-2019 11:47:00.123 INFO [http-nio-8080-exec-1092] org.apache.catalina.core.ApplicationContext.log Manager: start: Starting web application '/Opportunity'
26-Jun-2019 11:47:27.784 INFO [http-nio-8080-exec-1096] org.apache.catalina.core.ApplicationContext.log Manager: list: Listing contexts for virtual host 'localhost'
26-Jun-2019 11:47:45.793 INFO [http-nio-8080-exec-1101] org.apache.catalina.core.ApplicationContext.log Manager: list: Listing contexts for virtual host 'localhost'
26-Jun-2019 11:47:49.587 INFO [http-nio-8080-exec-1098] org.apache.catalina.core.ApplicationContext.log Manager: list: Listing contexts for virtual host 'localhost'
26-Jun-2019 11:47:49.589 INFO [http-nio-8080-exec-1099] org.apache.catalina.core.ApplicationContext.log Manager: list: Listing contexts for virtual host 'localhost'
26-Jun-2019 11:47:49.607 INFO [http-nio-8080-exec-1100] org.apache.catalina.core.ApplicationContext.log Manager: undeploy: Undeploying web application at '/Opportunity'
26-Jun-2019 11:47:50.587 INFO [http-nio-8080-exec-1098] org.apache.catalina.core.ApplicationContext.log Manager: install: Installing context configuration at 'file:/C:/Users/PAULO~1.BEZ/AppData/Local/Temp/context3262831106079732910.xml'
26-Jun-2019 11:47:52.128 INFO [http-nio-8080-exec-1101] org.apache.catalina.core.ApplicationContext.log Manager: start: Starting web application '/Opportunity'
26-Jun-2019 11:48:06.760 INFO [http-nio-8080-exec-1105] org.apache.catalina.core.ApplicationContext.log Manager: list: Listing contexts for virtual host 'localhost'
26-Jun-2019 11:48:24.989 INFO [http-nio-8080-exec-1108] org.apache.catalina.core.ApplicationContext.log Manager: list: Listing contexts for virtual host 'localhost'
26-Jun-2019 11:48:28.740 INFO [http-nio-8080-exec-1110] org.apache.catalina.core.ApplicationContext.log Manager: list: Listing contexts for virtual host 'localhost'
26-Jun-2019 11:48:28.741 INFO [http-nio-8080-exec-1106] org.apache.catalina.core.ApplicationContext.log Manager: list: Listing contexts for virtual host 'localhost'
26-Jun-2019 11:48:28.755 INFO [http-nio-8080-exec-1111] org.apache.catalina.core.ApplicationContext.log Manager: undeploy: Undeploying web application at '/Opportunity'
26-Jun-2019 11:48:29.845 INFO [http-nio-8080-exec-1100] org.apache.catalina.core.ApplicationContext.log Manager: install: Installing context configuration at 'file:/C:/Users/PAULO~1.BEZ/AppData/Local/Temp/context4995118224155040480.xml'
26-Jun-2019 11:48:31.274 INFO [http-nio-8080-exec-1101] org.apache.catalina.core.ApplicationContext.log Manager: start: Starting web application '/Opportunity'
26-Jun-2019 11:48:45.332 INFO [http-nio-8080-exec-1113] org.apache.catalina.core.ApplicationContext.log Manager: list: Listing contexts for virtual host 'localhost'
26-Jun-2019 11:48:50.489 INFO [http-nio-8080-exec-1109] org.apache.catalina.core.ApplicationContext.log Manager: list: Listing contexts for virtual host 'localhost'
26-Jun-2019 11:48:50.491 INFO [http-nio-8080-exec-1107] org.apache.catalina.core.ApplicationContext.log Manager: list: Listing contexts for virtual host 'localhost'
26-Jun-2019 11:48:50.505 INFO [http-nio-8080-exec-1112] org.apache.catalina.core.ApplicationContext.log Manager: undeploy: Undeploying web application at '/Opportunity'
26-Jun-2019 11:48:51.564 INFO [http-nio-8080-exec-1110] org.apache.catalina.core.ApplicationContext.log Manager: install: Installing context configuration at 'file:/C:/Users/PAULO~1.BEZ/AppData/Local/Temp/context3100960165377482394.xml'
26-Jun-2019 11:48:53.258 INFO [http-nio-8080-exec-1115] org.apache.catalina.core.ApplicationContext.log Manager: start: Starting web application '/Opportunity'
26-Jun-2019 11:49:07.658 INFO [http-nio-8080-exec-1119] org.apache.catalina.core.ApplicationContext.log Manager: list: Listing contexts for virtual host 'localhost'
26-Jun-2019 11:49:11.316 INFO [http-nio-8080-exec-1122] org.apache.catalina.core.ApplicationContext.log Manager: list: Listing contexts for virtual host 'localhost'
26-Jun-2019 11:49:11.318 INFO [http-nio-8080-exec-1123] org.apache.catalina.core.ApplicationContext.log Manager: list: Listing contexts for virtual host 'localhost'
26-Jun-2019 11:49:11.332 INFO [http-nio-8080-exec-1107] org.apache.catalina.core.ApplicationContext.log Manager: undeploy: Undeploying web application at '/Opportunity'
26-Jun-2019 11:49:12.240 INFO [http-nio-8080-exec-1123] org.apache.catalina.core.ApplicationContext.log Manager: install: Installing context configuration at 'file:/C:/Users/PAULO~1.BEZ/AppData/Local/Temp/context2558170400714132715.xml'
26-Jun-2019 11:49:13.602 INFO [http-nio-8080-exec-1124] org.apache.catalina.core.ApplicationContext.log Manager: start: Starting web application '/Opportunity'
26-Jun-2019 11:49:31.924 INFO [http-nio-8080-exec-1107] org.apache.catalina.core.ApplicationContext.log Manager: list: Listing contexts for virtual host 'localhost'
26-Jun-2019 11:49:35.942 INFO [http-nio-8080-exec-1128] org.apache.catalina.core.ApplicationContext.log Manager: list: Listing contexts for virtual host 'localhost'
26-Jun-2019 11:49:35.943 INFO [http-nio-8080-exec-1117] org.apache.catalina.core.ApplicationContext.log Manager: list: Listing contexts for virtual host 'localhost'
26-Jun-2019 11:49:35.960 INFO [http-nio-8080-exec-1121] org.apache.catalina.core.ApplicationContext.log Manager: undeploy: Undeploying web application at '/Opportunity'
26-Jun-2019 11:49:36.916 INFO [http-nio-8080-exec-1129] org.apache.catalina.core.ApplicationContext.log Manager: install: Installing context configuration at 'file:/C:/Users/PAULO~1.BEZ/AppData/Local/Temp/context3412857694379374849.xml'
26-Jun-2019 11:49:38.447 INFO [http-nio-8080-exec-1128] org.apache.catalina.core.ApplicationContext.log Manager: start: Starting web application '/Opportunity'
26-Jun-2019 11:50:42.564 INFO [http-nio-8080-exec-1134] org.apache.catalina.core.ApplicationContext.log Manager: list: Listing contexts for virtual host 'localhost'
26-Jun-2019 11:50:46.089 INFO [http-nio-8080-exec-1125] org.apache.catalina.core.ApplicationContext.log Manager: list: Listing contexts for virtual host 'localhost'
26-Jun-2019 11:50:46.091 INFO [http-nio-8080-exec-1131] org.apache.catalina.core.ApplicationContext.log Manager: list: Listing contexts for virtual host 'localhost'
26-Jun-2019 11:50:46.105 INFO [http-nio-8080-exec-1132] org.apache.catalina.core.ApplicationContext.log Manager: undeploy: Undeploying web application at '/Opportunity'
26-Jun-2019 11:50:47.071 INFO [http-nio-8080-exec-1135] org.apache.catalina.core.ApplicationContext.log Manager: install: Installing context configuration at 'file:/C:/Users/PAULO~1.BEZ/AppData/Local/Temp/context8292268776230487060.xml'
26-Jun-2019 11:50:48.378 INFO [http-nio-8080-exec-1137] org.apache.catalina.core.ApplicationContext.log Manager: list: Listing contexts for virtual host 'localhost'
26-Jun-2019 11:50:48.661 INFO [http-nio-8080-exec-1133] org.apache.catalina.core.ApplicationContext.log Manager: start: Starting web application '/Opportunity'
26-Jun-2019 11:50:59.530 INFO [http-nio-8080-exec-1133] org.apache.catalina.core.ApplicationContext.log Manager: list: Listing contexts for virtual host 'localhost'
26-Jun-2019 11:50:59.533 INFO [http-nio-8080-exec-1134] org.apache.catalina.core.ApplicationContext.log Manager: list: Listing contexts for virtual host 'localhost'
26-Jun-2019 11:50:59.546 INFO [http-nio-8080-exec-1140] org.apache.catalina.core.ApplicationContext.log Manager: undeploy: Undeploying web application at '/Opportunity'
26-Jun-2019 11:51:00.449 INFO [http-nio-8080-exec-1134] org.apache.catalina.core.ApplicationContext.log Manager: install: Installing context configuration at 'file:/C:/Users/PAULO~1.BEZ/AppData/Local/Temp/context9070453481413238789.xml'
26-Jun-2019 11:51:01.870 INFO [http-nio-8080-exec-1141] org.apache.catalina.core.ApplicationContext.log Manager: start: Starting web application '/Opportunity'
26-Jun-2019 11:51:14.644 INFO [http-nio-8080-exec-1143] org.apache.catalina.core.ApplicationContext.log Manager: list: Listing contexts for virtual host 'localhost'
26-Jun-2019 11:51:19.052 INFO [http-nio-8080-exec-1139] org.apache.catalina.core.ApplicationContext.log Manager: list: Listing contexts for virtual host 'localhost'
26-Jun-2019 11:51:19.053 INFO [http-nio-8080-exec-1135] org.apache.catalina.core.ApplicationContext.log Manager: list: Listing contexts for virtual host 'localhost'
26-Jun-2019 11:51:19.067 INFO [http-nio-8080-exec-1140] org.apache.catalina.core.ApplicationContext.log Manager: undeploy: Undeploying web application at '/Opportunity'
26-Jun-2019 11:51:20.044 INFO [http-nio-8080-exec-1143] org.apache.catalina.core.ApplicationContext.log Manager: install: Installing context configuration at 'file:/C:/Users/PAULO~1.BEZ/AppData/Local/Temp/context7724053199320334130.xml'
26-Jun-2019 11:51:21.434 INFO [http-nio-8080-exec-1146] org.apache.catalina.core.ApplicationContext.log Manager: start: Starting web application '/Opportunity'
26-Jun-2019 11:53:12.176 INFO [http-nio-8080-exec-1154] org.apache.catalina.core.ApplicationContext.log Manager: list: Listing contexts for virtual host 'localhost'
26-Jun-2019 11:53:16.517 INFO [http-nio-8080-exec-1151] org.apache.catalina.core.ApplicationContext.log Manager: list: Listing contexts for virtual host 'localhost'
26-Jun-2019 11:53:16.518 INFO [http-nio-8080-exec-1152] org.apache.catalina.core.ApplicationContext.log Manager: list: Listing contexts for virtual host 'localhost'
26-Jun-2019 11:53:16.531 INFO [http-nio-8080-exec-1153] org.apache.catalina.core.ApplicationContext.log Manager: undeploy: Undeploying web application at '/Opportunity'
26-Jun-2019 11:53:17.493 INFO [http-nio-8080-exec-1145] org.apache.catalina.core.ApplicationContext.log Manager: install: Installing context configuration at 'file:/C:/Users/PAULO~1.BEZ/AppData/Local/Temp/context3900601660652245811.xml'
26-Jun-2019 11:53:18.833 INFO [http-nio-8080-exec-1148] org.apache.catalina.core.ApplicationContext.log Manager: start: Starting web application '/Opportunity'
26-Jun-2019 11:53:36.482 INFO [http-nio-8080-exec-1148] org.apache.catalina.core.ApplicationContext.log Manager: list: Listing contexts for virtual host 'localhost'
26-Jun-2019 11:53:43.613 INFO [http-nio-8080-exec-1149] org.apache.catalina.core.ApplicationContext.log Manager: list: Listing contexts for virtual host 'localhost'
26-Jun-2019 11:53:43.615 INFO [http-nio-8080-exec-1153] org.apache.catalina.core.ApplicationContext.log Manager: list: Listing contexts for virtual host 'localhost'
26-Jun-2019 11:53:43.629 INFO [http-nio-8080-exec-1157] org.apache.catalina.core.ApplicationContext.log Manager: undeploy: Undeploying web application at '/Opportunity'
26-Jun-2019 11:53:44.627 INFO [http-nio-8080-exec-1148] org.apache.catalina.core.ApplicationContext.log Manager: install: Installing context configuration at 'file:/C:/Users/PAULO~1.BEZ/AppData/Local/Temp/context7141603557608320011.xml'
26-Jun-2019 11:53:45.994 INFO [http-nio-8080-exec-1161] org.apache.catalina.core.ApplicationContext.log Manager: start: Starting web application '/Opportunity'
26-Jun-2019 11:54:11.497 INFO [http-nio-8080-exec-1163] org.apache.catalina.core.ApplicationContext.log Manager: list: Listing contexts for virtual host 'localhost'
26-Jun-2019 11:54:15.238 INFO [http-nio-8080-exec-1167] org.apache.catalina.core.ApplicationContext.log Manager: list: Listing contexts for virtual host 'localhost'
26-Jun-2019 11:54:15.239 INFO [http-nio-8080-exec-1149] org.apache.catalina.core.ApplicationContext.log Manager: list: Listing contexts for virtual host 'localhost'
26-Jun-2019 11:54:15.254 INFO [http-nio-8080-exec-1159] org.apache.catalina.core.ApplicationContext.log Manager: undeploy: Undeploying web application at '/Opportunity'
26-Jun-2019 11:54:16.203 INFO [http-nio-8080-exec-1165] org.apache.catalina.core.ApplicationContext.log Manager: install: Installing context configuration at 'file:/C:/Users/PAULO~1.BEZ/AppData/Local/Temp/context5285122538881644517.xml'
26-Jun-2019 11:54:17.576 INFO [http-nio-8080-exec-1164] org.apache.catalina.core.ApplicationContext.log Manager: start: Starting web application '/Opportunity'
26-Jun-2019 11:54:31.615 INFO [http-nio-8080-exec-1163] org.apache.catalina.core.ApplicationContext.log Manager: list: Listing contexts for virtual host 'localhost'
26-Jun-2019 11:54:34.992 INFO [http-nio-8080-exec-1172] org.apache.catalina.core.ApplicationContext.log Manager: list: Listing contexts for virtual host 'localhost'
26-Jun-2019 11:54:34.993 INFO [http-nio-8080-exec-1167] org.apache.catalina.core.ApplicationContext.log Manager: list: Listing contexts for virtual host 'localhost'
26-Jun-2019 11:54:35.007 INFO [http-nio-8080-exec-1166] org.apache.catalina.core.ApplicationContext.log Manager: undeploy: Undeploying web application at '/Opportunity'
26-Jun-2019 11:54:35.956 INFO [http-nio-8080-exec-1163] org.apache.catalina.core.ApplicationContext.log Manager: install: Installing context configuration at 'file:/C:/Users/PAULO~1.BEZ/AppData/Local/Temp/context4180738564658872853.xml'
26-Jun-2019 11:54:37.361 INFO [http-nio-8080-exec-1168] org.apache.catalina.core.ApplicationContext.log Manager: start: Starting web application '/Opportunity'
26-Jun-2019 11:54:51.709 INFO [http-nio-8080-exec-1166] org.apache.catalina.core.ApplicationContext.log Manager: list: Listing contexts for virtual host 'localhost'
26-Jun-2019 11:54:55.426 INFO [http-nio-8080-exec-1176] org.apache.catalina.core.ApplicationContext.log Manager: list: Listing contexts for virtual host 'localhost'
26-Jun-2019 11:54:55.427 INFO [http-nio-8080-exec-1177] org.apache.catalina.core.ApplicationContext.log Manager: list: Listing contexts for virtual host 'localhost'
26-Jun-2019 11:54:55.440 INFO [http-nio-8080-exec-1167] org.apache.catalina.core.ApplicationContext.log Manager: undeploy: Undeploying web application at '/Opportunity'
26-Jun-2019 11:54:56.372 INFO [http-nio-8080-exec-1177] org.apache.catalina.core.ApplicationContext.log Manager: install: Installing context configuration at 'file:/C:/Users/PAULO~1.BEZ/AppData/Local/Temp/context3310629115689646166.xml'
26-Jun-2019 11:54:57.784 INFO [http-nio-8080-exec-1166] org.apache.catalina.core.ApplicationContext.log Manager: start: Starting web application '/Opportunity'
26-Jun-2019 11:55:21.137 INFO [http-nio-8080-exec-1166] org.apache.catalina.core.ApplicationContext.log Manager: list: Listing contexts for virtual host 'localhost'
26-Jun-2019 11:55:37.766 INFO [http-nio-8080-exec-1183] org.apache.catalina.core.ApplicationContext.log Manager: list: Listing contexts for virtual host 'localhost'
26-Jun-2019 11:55:41.483 INFO [http-nio-8080-exec-1184] org.apache.catalina.core.ApplicationContext.log Manager: list: Listing contexts for virtual host 'localhost'
26-Jun-2019 11:55:41.484 INFO [http-nio-8080-exec-1180] org.apache.catalina.core.ApplicationContext.log Manager: list: Listing contexts for virtual host 'localhost'
26-Jun-2019 11:55:41.497 INFO [http-nio-8080-exec-1181] org.apache.catalina.core.ApplicationContext.log Manager: undeploy: Undeploying web application at '/Opportunity'
26-Jun-2019 11:55:41.982 INFO [http-nio-8080-exec-1174] org.apache.catalina.core.ApplicationContext.log Manager: install: Installing context configuration at 'file:/C:/Users/PAULO~1.BEZ/AppData/Local/Temp/context5428692737263305806.xml'
26-Jun-2019 11:57:03.638 INFO [http-nio-8080-exec-1186] org.apache.catalina.core.ApplicationContext.log Manager: list: Listing contexts for virtual host 'localhost'
26-Jun-2019 11:57:03.640 INFO [http-nio-8080-exec-1183] org.apache.catalina.core.ApplicationContext.log Manager: list: Listing contexts for virtual host 'localhost'
26-Jun-2019 11:57:03.654 INFO [http-nio-8080-exec-1166] org.apache.catalina.core.ApplicationContext.log Manager: undeploy: Undeploying web application at '/Opportunity'
26-Jun-2019 11:57:04.214 INFO [http-nio-8080-exec-1188] org.apache.catalina.core.ApplicationContext.log Manager: install: Installing context configuration at 'file:/C:/Users/PAULO~1.BEZ/AppData/Local/Temp/context5678623492797939783.xml'
26-Jun-2019 11:57:05.620 INFO [http-nio-8080-exec-1181] org.apache.catalina.core.ApplicationContext.log Manager: start: Starting web application '/Opportunity'
26-Jun-2019 13:01:09.456 INFO [http-nio-8080-exec-1191] org.apache.catalina.core.ApplicationContext.log Manager: list: Listing contexts for virtual host 'localhost'
26-Jun-2019 13:01:09.964 INFO [http-nio-8080-exec-1192] org.apache.catalina.core.ApplicationContext.log Manager: undeploy: Undeploying web application at '/Opportunity'
26-Jun-2019 14:35:07.685 INFO [http-nio-8080-exec-1201] org.apache.catalina.core.ApplicationContext.log Manager: list: Listing contexts for virtual host 'localhost'
26-Jun-2019 14:35:14.186 INFO [http-nio-8080-exec-1198] org.apache.catalina.core.ApplicationContext.log Manager: list: Listing contexts for virtual host 'localhost'
26-Jun-2019 14:35:14.186 INFO [http-nio-8080-exec-1199] org.apache.catalina.core.ApplicationContext.log Manager: list: Listing contexts for virtual host 'localhost'
26-Jun-2019 14:35:14.249 INFO [http-nio-8080-exec-1200] org.apache.catalina.core.ApplicationContext.log Manager: install: Installing context configuration at 'file:/C:/Users/PAULO~1.BEZ/AppData/Local/Temp/context7108809996182152822.xml'
26-Jun-2019 14:35:19.950 INFO [http-nio-8080-exec-1201] org.apache.catalina.core.ApplicationContext.log Manager: start: Starting web application '/Opportunity'
26-Jun-2019 14:37:57.935 INFO [http-nio-8080-exec-1201] org.apache.catalina.core.ApplicationContext.log Manager: list: Listing contexts for virtual host 'localhost'
26-Jun-2019 14:38:03.638 INFO [http-nio-8080-exec-1198] org.apache.catalina.core.ApplicationContext.log Manager: list: Listing contexts for virtual host 'localhost'
26-Jun-2019 14:38:03.638 INFO [http-nio-8080-exec-1199] org.apache.catalina.core.ApplicationContext.log Manager: list: Listing contexts for virtual host 'localhost'
26-Jun-2019 14:38:03.653 INFO [http-nio-8080-exec-1200] org.apache.catalina.core.ApplicationContext.log Manager: undeploy: Undeploying web application at '/Opportunity'
26-Jun-2019 14:38:06.291 INFO [http-nio-8080-exec-1197] org.apache.catalina.core.ApplicationContext.log Manager: install: Installing context configuration at 'file:/C:/Users/PAULO~1.BEZ/AppData/Local/Temp/context8463363773840386527.xml'
26-Jun-2019 14:38:08.119 INFO [http-nio-8080-exec-1202] org.apache.catalina.core.ApplicationContext.log Manager: start: Starting web application '/Opportunity'
26-Jun-2019 14:38:50.662 INFO [http-nio-8080-exec-1208] org.apache.catalina.core.ApplicationContext.log Manager: list: Listing contexts for virtual host 'localhost'
26-Jun-2019 14:38:53.790 INFO [http-nio-8080-exec-1198] org.apache.catalina.core.ApplicationContext.log Manager: list: Listing contexts for virtual host 'localhost'
26-Jun-2019 14:38:53.791 INFO [http-nio-8080-exec-1207] org.apache.catalina.core.ApplicationContext.log Manager: list: Listing contexts for virtual host 'localhost'
26-Jun-2019 14:38:53.804 INFO [http-nio-8080-exec-1208] org.apache.catalina.core.ApplicationContext.log Manager: undeploy: Undeploying web application at '/Opportunity'
26-Jun-2019 14:38:54.983 INFO [http-nio-8080-exec-1206] org.apache.catalina.core.ApplicationContext.log Manager: install: Installing context configuration at 'file:/C:/Users/PAULO~1.BEZ/AppData/Local/Temp/context4593771088137117090.xml'
26-Jun-2019 14:38:56.220 INFO [http-nio-8080-exec-1204] org.apache.catalina.core.ApplicationContext.log Manager: start: Starting web application '/Opportunity'
26-Jun-2019 14:39:28.419 INFO [http-nio-8080-exec-1204] org.apache.catalina.core.ApplicationContext.log Manager: list: Listing contexts for virtual host 'localhost'
26-Jun-2019 14:39:32.239 INFO [http-nio-8080-exec-1198] org.apache.catalina.core.ApplicationContext.log Manager: list: Listing contexts for virtual host 'localhost'
26-Jun-2019 14:39:32.239 INFO [http-nio-8080-exec-1213] org.apache.catalina.core.ApplicationContext.log Manager: list: Listing contexts for virtual host 'localhost'
26-Jun-2019 14:39:32.254 INFO [http-nio-8080-exec-1214] org.apache.catalina.core.ApplicationContext.log Manager: undeploy: Undeploying web application at '/Opportunity'
26-Jun-2019 14:39:33.310 INFO [http-nio-8080-exec-1213] org.apache.catalina.core.ApplicationContext.log Manager: install: Installing context configuration at 'file:/C:/Users/PAULO~1.BEZ/AppData/Local/Temp/context5081644198041002984.xml'
26-Jun-2019 14:39:34.790 INFO [http-nio-8080-exec-1210] org.apache.catalina.core.ApplicationContext.log Manager: start: Starting web application '/Opportunity'
26-Jun-2019 14:40:33.826 INFO [http-nio-8080-exec-1217] org.apache.catalina.core.ApplicationContext.log Manager: list: Listing contexts for virtual host 'localhost'
26-Jun-2019 14:40:38.159 INFO [http-nio-8080-exec-1225] org.apache.catalina.core.ApplicationContext.log Manager: list: Listing contexts for virtual host 'localhost'
26-Jun-2019 14:40:38.160 INFO [http-nio-8080-exec-1220] org.apache.catalina.core.ApplicationContext.log Manager: list: Listing contexts for virtual host 'localhost'
26-Jun-2019 14:40:38.173 INFO [http-nio-8080-exec-1221] org.apache.catalina.core.ApplicationContext.log Manager: undeploy: Undeploying web application at '/Opportunity'
26-Jun-2019 14:40:39.213 INFO [http-nio-8080-exec-1224] org.apache.catalina.core.ApplicationContext.log Manager: install: Installing context configuration at 'file:/C:/Users/PAULO~1.BEZ/AppData/Local/Temp/context8723177664306531213.xml'
26-Jun-2019 14:40:40.530 INFO [http-nio-8080-exec-1220] org.apache.catalina.core.ApplicationContext.log Manager: start: Starting web application '/Opportunity'
26-Jun-2019 14:40:57.060 INFO [http-nio-8080-exec-1229] org.apache.catalina.core.ApplicationContext.log Manager: list: Listing contexts for virtual host 'localhost'
26-Jun-2019 14:42:17.951 INFO [http-nio-8080-exec-1229] org.apache.catalina.core.ApplicationContext.log Manager: list: Listing contexts for virtual host 'localhost'
26-Jun-2019 14:42:21.497 INFO [http-nio-8080-exec-1231] org.apache.catalina.core.ApplicationContext.log Manager: list: Listing contexts for virtual host 'localhost'
26-Jun-2019 14:42:21.497 INFO [http-nio-8080-exec-1232] org.apache.catalina.core.ApplicationContext.log Manager: list: Listing contexts for virtual host 'localhost'
26-Jun-2019 14:42:21.513 INFO [http-nio-8080-exec-1233] org.apache.catalina.core.ApplicationContext.log Manager: undeploy: Undeploying web application at '/Opportunity'
26-Jun-2019 14:42:22.560 INFO [http-nio-8080-exec-1230] org.apache.catalina.core.ApplicationContext.log Manager: install: Installing context configuration at 'file:/C:/Users/PAULO~1.BEZ/AppData/Local/Temp/context7988926863345327336.xml'
26-Jun-2019 14:42:23.887 INFO [http-nio-8080-exec-1229] org.apache.catalina.core.ApplicationContext.log Manager: start: Starting web application '/Opportunity'
26-Jun-2019 14:42:56.949 INFO [http-nio-8080-exec-1228] org.apache.catalina.core.ApplicationContext.log Manager: list: Listing contexts for virtual host 'localhost'
26-Jun-2019 14:43:00.248 INFO [http-nio-8080-exec-1228] org.apache.catalina.core.ApplicationContext.log Manager: list: Listing contexts for virtual host 'localhost'
26-Jun-2019 14:43:00.248 INFO [http-nio-8080-exec-1226] org.apache.catalina.core.ApplicationContext.log Manager: list: Listing contexts for virtual host 'localhost'
26-Jun-2019 14:43:00.264 INFO [http-nio-8080-exec-1239] org.apache.catalina.core.ApplicationContext.log Manager: undeploy: Undeploying web application at '/Opportunity'
26-Jun-2019 14:43:01.279 INFO [http-nio-8080-exec-1231] org.apache.catalina.core.ApplicationContext.log Manager: install: Installing context configuration at 'file:/C:/Users/PAULO~1.BEZ/AppData/Local/Temp/context4071534605565990309.xml'
26-Jun-2019 14:43:02.591 INFO [http-nio-8080-exec-1237] org.apache.catalina.core.ApplicationContext.log Manager: start: Starting web application '/Opportunity'
26-Jun-2019 14:43:26.764 INFO [http-nio-8080-exec-1244] org.apache.catalina.core.ApplicationContext.log Manager: list: Listing contexts for virtual host 'localhost'
26-Jun-2019 14:43:30.176 INFO [http-nio-8080-exec-1248] org.apache.catalina.core.ApplicationContext.log Manager: list: Listing contexts for virtual host 'localhost'
26-Jun-2019 14:43:30.176 INFO [http-nio-8080-exec-1241] org.apache.catalina.core.ApplicationContext.log Manager: list: Listing contexts for virtual host 'localhost'
26-Jun-2019 14:43:30.191 INFO [http-nio-8080-exec-1238] org.apache.catalina.core.ApplicationContext.log Manager: undeploy: Undeploying web application at '/Opportunity'
26-Jun-2019 14:43:31.214 INFO [http-nio-8080-exec-1247] org.apache.catalina.core.ApplicationContext.log Manager: install: Installing context configuration at 'file:/C:/Users/PAULO~1.BEZ/AppData/Local/Temp/context1946889538276727923.xml'
26-Jun-2019 14:43:32.542 INFO [http-nio-8080-exec-1246] org.apache.catalina.core.ApplicationContext.log Manager: start: Starting web application '/Opportunity'
26-Jun-2019 14:43:55.781 INFO [http-nio-8080-exec-1252] org.apache.catalina.core.ApplicationContext.log Manager: list: Listing contexts for virtual host 'localhost'
26-Jun-2019 14:44:00.435 INFO [http-nio-8080-exec-1255] org.apache.catalina.core.ApplicationContext.log Manager: list: Listing contexts for virtual host 'localhost'
26-Jun-2019 14:44:00.451 INFO [http-nio-8080-exec-1256] org.apache.catalina.core.ApplicationContext.log Manager: list: Listing contexts for virtual host 'localhost'
26-Jun-2019 14:44:00.451 INFO [http-nio-8080-exec-1248] org.apache.catalina.core.ApplicationContext.log Manager: undeploy: Undeploying web application at '/Opportunity'
26-Jun-2019 14:44:01.484 INFO [http-nio-8080-exec-1252] org.apache.catalina.core.ApplicationContext.log Manager: install: Installing context configuration at 'file:/C:/Users/PAULO~1.BEZ/AppData/Local/Temp/context2455170243521083542.xml'
26-Jun-2019 14:44:02.937 INFO [http-nio-8080-exec-1251] org.apache.catalina.core.ApplicationContext.log Manager: start: Starting web application '/Opportunity'
26-Jun-2019 14:44:14.467 INFO [http-nio-8080-exec-1256] org.apache.catalina.core.ApplicationContext.log Manager: list: Listing contexts for virtual host 'localhost'
26-Jun-2019 14:44:19.321 INFO [http-nio-8080-exec-1261] org.apache.catalina.core.ApplicationContext.log Manager: list: Listing contexts for virtual host 'localhost'
26-Jun-2019 14:44:19.321 INFO [http-nio-8080-exec-1262] org.apache.catalina.core.ApplicationContext.log Manager: list: Listing contexts for virtual host 'localhost'
26-Jun-2019 14:44:19.337 INFO [http-nio-8080-exec-1255] org.apache.catalina.core.ApplicationContext.log Manager: undeploy: Undeploying web application at '/Opportunity'
26-Jun-2019 14:44:20.413 INFO [http-nio-8080-exec-1246] org.apache.catalina.core.ApplicationContext.log Manager: install: Installing context configuration at 'file:/C:/Users/PAULO~1.BEZ/AppData/Local/Temp/context7634880025174346574.xml'
26-Jun-2019 14:44:21.761 INFO [http-nio-8080-exec-1259] org.apache.catalina.core.ApplicationContext.log Manager: start: Starting web application '/Opportunity'
26-Jun-2019 14:46:27.045 INFO [http-nio-8080-exec-1267] org.apache.catalina.core.ApplicationContext.log Manager: list: Listing contexts for virtual host 'localhost'
26-Jun-2019 14:47:36.482 INFO [http-nio-8080-exec-1264] org.apache.catalina.core.ApplicationContext.log Manager: list: Listing contexts for virtual host 'localhost'
26-Jun-2019 14:47:39.920 INFO [http-nio-8080-exec-1273] org.apache.catalina.core.ApplicationContext.log Manager: list: Listing contexts for virtual host 'localhost'
26-Jun-2019 14:47:39.920 INFO [http-nio-8080-exec-1270] org.apache.catalina.core.ApplicationContext.log Manager: list: Listing contexts for virtual host 'localhost'
26-Jun-2019 14:47:39.936 INFO [http-nio-8080-exec-1271] org.apache.catalina.core.ApplicationContext.log Manager: undeploy: Undeploying web application at '/Opportunity'
26-Jun-2019 14:47:41.108 INFO [http-nio-8080-exec-1272] org.apache.catalina.core.ApplicationContext.log Manager: install: Installing context configuration at 'file:/C:/Users/PAULO~1.BEZ/AppData/Local/Temp/context3466943360908463882.xml'
26-Jun-2019 14:47:42.684 INFO [http-nio-8080-exec-1264] org.apache.catalina.core.ApplicationContext.log Manager: start: Starting web application '/Opportunity'
26-Jun-2019 14:50:06.837 INFO [http-nio-8080-exec-1282] org.apache.catalina.core.ApplicationContext.log Manager: list: Listing contexts for virtual host 'localhost'
26-Jun-2019 14:50:10.334 INFO [http-nio-8080-exec-1276] org.apache.catalina.core.ApplicationContext.log Manager: list: Listing contexts for virtual host 'localhost'
26-Jun-2019 14:50:10.335 INFO [http-nio-8080-exec-1279] org.apache.catalina.core.ApplicationContext.log Manager: list: Listing contexts for virtual host 'localhost'
26-Jun-2019 14:50:10.353 INFO [http-nio-8080-exec-1275] org.apache.catalina.core.ApplicationContext.log Manager: undeploy: Undeploying web application at '/Opportunity'
26-Jun-2019 14:50:11.730 INFO [http-nio-8080-exec-1277] org.apache.catalina.core.ApplicationContext.log Manager: install: Installing context configuration at 'file:/C:/Users/PAULO~1.BEZ/AppData/Local/Temp/context1412504860212572709.xml'
26-Jun-2019 14:50:16.630 INFO [http-nio-8080-exec-1280] org.apache.catalina.core.ApplicationContext.log Manager: start: Starting web application '/Opportunity'
26-Jun-2019 14:50:39.200 INFO [http-nio-8080-exec-1281] org.apache.catalina.core.ApplicationContext.log Manager: list: Listing contexts for virtual host 'localhost'
26-Jun-2019 14:50:46.685 INFO [http-nio-8080-exec-1283] org.apache.catalina.core.ApplicationContext.log Manager: list: Listing contexts for virtual host 'localhost'
26-Jun-2019 14:51:38.247 INFO [http-nio-8080-exec-1284] org.apache.catalina.core.ApplicationContext.log Manager: list: Listing contexts for virtual host 'localhost'
26-Jun-2019 14:51:41.366 INFO [http-nio-8080-exec-1291] org.apache.catalina.core.ApplicationContext.log Manager: list: Listing contexts for virtual host 'localhost'
26-Jun-2019 14:51:41.366 INFO [http-nio-8080-exec-1293] org.apache.catalina.core.ApplicationContext.log Manager: list: Listing contexts for virtual host 'localhost'
26-Jun-2019 14:51:41.382 INFO [http-nio-8080-exec-1284] org.apache.catalina.core.ApplicationContext.log Manager: undeploy: Undeploying web application at '/Opportunity'
26-Jun-2019 14:51:42.337 INFO [http-nio-8080-exec-1289] org.apache.catalina.core.ApplicationContext.log Manager: install: Installing context configuration at 'file:/C:/Users/PAULO~1.BEZ/AppData/Local/Temp/context556397573104196220.xml'
26-Jun-2019 14:51:43.341 INFO [http-nio-8080-exec-1290] org.apache.catalina.core.ApplicationContext.log Manager: start: Starting web application '/Opportunity'
26-Jun-2019 14:52:30.169 INFO [http-nio-8080-exec-1288] org.apache.catalina.core.ApplicationContext.log Manager: list: Listing contexts for virtual host 'localhost'
26-Jun-2019 14:52:33.686 INFO [http-nio-8080-exec-1295] org.apache.catalina.core.ApplicationContext.log Manager: list: Listing contexts for virtual host 'localhost'
26-Jun-2019 14:52:33.686 INFO [http-nio-8080-exec-1299] org.apache.catalina.core.ApplicationContext.log Manager: list: Listing contexts for virtual host 'localhost'
26-Jun-2019 14:52:33.702 INFO [http-nio-8080-exec-1291] org.apache.catalina.core.ApplicationContext.log Manager: undeploy: Undeploying web application at '/Opportunity'
26-Jun-2019 14:52:34.764 INFO [http-nio-8080-exec-1293] org.apache.catalina.core.ApplicationContext.log Manager: install: Installing context configuration at 'file:/C:/Users/PAULO~1.BEZ/AppData/Local/Temp/context1193394648123757946.xml'
26-Jun-2019 14:52:36.092 INFO [http-nio-8080-exec-1297] org.apache.catalina.core.ApplicationContext.log Manager: start: Starting web application '/Opportunity'
26-Jun-2019 14:52:52.179 INFO [http-nio-8080-exec-1301] org.apache.catalina.core.ApplicationContext.log Manager: list: Listing contexts for virtual host 'localhost'
26-Jun-2019 14:52:55.513 INFO [http-nio-8080-exec-1296] org.apache.catalina.core.ApplicationContext.log Manager: list: Listing contexts for virtual host 'localhost'
26-Jun-2019 14:52:55.513 INFO [http-nio-8080-exec-1300] org.apache.catalina.core.ApplicationContext.log Manager: list: Listing contexts for virtual host 'localhost'
26-Jun-2019 14:52:55.528 INFO [http-nio-8080-exec-1301] org.apache.catalina.core.ApplicationContext.log Manager: undeploy: Undeploying web application at '/Opportunity'
26-Jun-2019 14:52:56.575 INFO [http-nio-8080-exec-1302] org.apache.catalina.core.ApplicationContext.log Manager: install: Installing context configuration at 'file:/C:/Users/PAULO~1.BEZ/AppData/Local/Temp/context8095043567871811860.xml'
26-Jun-2019 14:52:57.934 INFO [http-nio-8080-exec-1304] org.apache.catalina.core.ApplicationContext.log Manager: start: Starting web application '/Opportunity'
26-Jun-2019 14:53:33.226 INFO [http-nio-8080-exec-1304] org.apache.catalina.core.ApplicationContext.log Manager: list: Listing contexts for virtual host 'localhost'
26-Jun-2019 14:53:37.091 INFO [http-nio-8080-exec-1312] org.apache.catalina.core.ApplicationContext.log Manager: list: Listing contexts for virtual host 'localhost'
26-Jun-2019 14:53:37.091 INFO [http-nio-8080-exec-1313] org.apache.catalina.core.ApplicationContext.log Manager: list: Listing contexts for virtual host 'localhost'
26-Jun-2019 14:53:37.122 INFO [http-nio-8080-exec-1307] org.apache.catalina.core.ApplicationContext.log Manager: undeploy: Undeploying web application at '/Opportunity'
26-Jun-2019 14:53:38.200 INFO [http-nio-8080-exec-1313] org.apache.catalina.core.ApplicationContext.log Manager: install: Installing context configuration at 'file:/C:/Users/PAULO~1.BEZ/AppData/Local/Temp/context4564573088362283334.xml'
26-Jun-2019 14:53:39.577 INFO [http-nio-8080-exec-1304] org.apache.catalina.core.ApplicationContext.log Manager: start: Starting web application '/Opportunity'
26-Jun-2019 14:54:09.341 INFO [http-nio-8080-exec-1304] org.apache.catalina.core.ApplicationContext.log Manager: list: Listing contexts for virtual host 'localhost'
26-Jun-2019 14:54:13.060 INFO [http-nio-8080-exec-1320] org.apache.catalina.core.ApplicationContext.log Manager: list: Listing contexts for virtual host 'localhost'
26-Jun-2019 14:54:13.060 INFO [http-nio-8080-exec-1321] org.apache.catalina.core.ApplicationContext.log Manager: list: Listing contexts for virtual host 'localhost'
26-Jun-2019 14:54:13.076 INFO [http-nio-8080-exec-1315] org.apache.catalina.core.ApplicationContext.log Manager: undeploy: Undeploying web application at '/Opportunity'
26-Jun-2019 14:54:14.275 INFO [http-nio-8080-exec-1317] org.apache.catalina.core.ApplicationContext.log Manager: install: Installing context configuration at 'file:/C:/Users/PAULO~1.BEZ/AppData/Local/Temp/context8215750112808904108.xml'
26-Jun-2019 14:54:15.853 INFO [http-nio-8080-exec-1304] org.apache.catalina.core.ApplicationContext.log Manager: start: Starting web application '/Opportunity'
26-Jun-2019 14:55:18.337 INFO [http-nio-8080-exec-1327] org.apache.catalina.core.ApplicationContext.log Manager: list: Listing contexts for virtual host 'localhost'
26-Jun-2019 14:55:58.980 INFO [http-nio-8080-exec-1325] org.apache.catalina.core.ApplicationContext.log Manager: list: Listing contexts for virtual host 'localhost'
26-Jun-2019 14:56:05.932 INFO [http-nio-8080-exec-1324] org.apache.catalina.core.ApplicationContext.log Manager: list: Listing contexts for virtual host 'localhost'
26-Jun-2019 14:56:05.936 INFO [http-nio-8080-exec-1330] org.apache.catalina.core.ApplicationContext.log Manager: list: Listing contexts for virtual host 'localhost'
26-Jun-2019 14:56:05.947 INFO [http-nio-8080-exec-1331] org.apache.catalina.core.ApplicationContext.log Manager: undeploy: Undeploying web application at '/Opportunity'
26-Jun-2019 14:56:07.431 INFO [http-nio-8080-exec-1325] org.apache.catalina.core.ApplicationContext.log Manager: install: Installing context configuration at 'file:/C:/Users/PAULO~1.BEZ/AppData/Local/Temp/context3100640999570782771.xml'
26-Jun-2019 14:56:09.252 INFO [http-nio-8080-exec-1330] org.apache.catalina.core.ApplicationContext.log Manager: start: Starting web application '/Opportunity'
26-Jun-2019 14:57:52.481 INFO [http-nio-8080-exec-1336] org.apache.catalina.core.ApplicationContext.log Manager: list: Listing contexts for virtual host 'localhost'
26-Jun-2019 14:58:23.802 INFO [http-nio-8080-exec-1334] org.apache.catalina.core.ApplicationContext.log Manager: list: Listing contexts for virtual host 'localhost'
26-Jun-2019 15:00:31.823 INFO [http-nio-8080-exec-1339] org.apache.catalina.core.ApplicationContext.log Manager: list: Listing contexts for virtual host 'localhost'
26-Jun-2019 15:00:34.990 INFO [http-nio-8080-exec-1337] org.apache.catalina.core.ApplicationContext.log Manager: list: Listing contexts for virtual host 'localhost'
26-Jun-2019 15:00:35.006 INFO [http-nio-8080-exec-1338] org.apache.catalina.core.ApplicationContext.log Manager: list: Listing contexts for virtual host 'localhost'
26-Jun-2019 15:00:35.006 INFO [http-nio-8080-exec-1342] org.apache.catalina.core.ApplicationContext.log Manager: undeploy: Undeploying web application at '/Opportunity'
26-Jun-2019 15:00:36.264 INFO [http-nio-8080-exec-1335] org.apache.catalina.core.ApplicationContext.log Manager: install: Installing context configuration at 'file:/C:/Users/PAULO~1.BEZ/AppData/Local/Temp/context5024752667940905866.xml'
26-Jun-2019 15:00:37.686 INFO [http-nio-8080-exec-1339] org.apache.catalina.core.ApplicationContext.log Manager: start: Starting web application '/Opportunity'
26-Jun-2019 15:02:35.607 INFO [http-nio-8080-exec-1347] org.apache.catalina.core.ApplicationContext.log Manager: list: Listing contexts for virtual host 'localhost'
26-Jun-2019 15:02:38.597 INFO [http-nio-8080-exec-1343] org.apache.catalina.core.ApplicationContext.log Manager: list: Listing contexts for virtual host 'localhost'
26-Jun-2019 15:02:38.597 INFO [http-nio-8080-exec-1348] org.apache.catalina.core.ApplicationContext.log Manager: list: Listing contexts for virtual host 'localhost'
26-Jun-2019 15:02:38.613 INFO [http-nio-8080-exec-1350] org.apache.catalina.core.ApplicationContext.log Manager: undeploy: Undeploying web application at '/Opportunity'
26-Jun-2019 15:02:39.632 INFO [http-nio-8080-exec-1344] org.apache.catalina.core.ApplicationContext.log Manager: install: Installing context configuration at 'file:/C:/Users/PAULO~1.BEZ/AppData/Local/Temp/context6533012549945792292.xml'
26-Jun-2019 15:02:40.718 INFO [http-nio-8080-exec-1334] org.apache.catalina.core.ApplicationContext.log Manager: start: Starting web application '/Opportunity'
26-Jun-2019 15:02:49.301 INFO [http-nio-8080-exec-1334] org.apache.catalina.core.ApplicationContext.log Manager: list: Listing contexts for virtual host 'localhost'
26-Jun-2019 15:03:06.920 INFO [http-nio-8080-exec-1351] org.apache.catalina.core.ApplicationContext.log Manager: list: Listing contexts for virtual host 'localhost'
26-Jun-2019 15:03:18.700 INFO [http-nio-8080-exec-1353] org.apache.catalina.core.ApplicationContext.log Manager: list: Listing contexts for virtual host 'localhost'
26-Jun-2019 15:03:22.871 INFO [http-nio-8080-exec-1360] org.apache.catalina.core.ApplicationContext.log Manager: list: Listing contexts for virtual host 'localhost'
26-Jun-2019 15:03:22.871 INFO [http-nio-8080-exec-1356] org.apache.catalina.core.ApplicationContext.log Manager: list: Listing contexts for virtual host 'localhost'
26-Jun-2019 15:03:22.902 INFO [http-nio-8080-exec-1357] org.apache.catalina.core.ApplicationContext.log Manager: undeploy: Undeploying web application at '/Opportunity'
26-Jun-2019 15:03:24.199 INFO [http-nio-8080-exec-1355] org.apache.catalina.core.ApplicationContext.log Manager: install: Installing context configuration at 'file:/C:/Users/PAULO~1.BEZ/AppData/Local/Temp/context2073921853747101974.xml'
26-Jun-2019 15:03:30.056 INFO [http-nio-8080-exec-1354] org.apache.catalina.core.ApplicationContext.log Manager: start: Starting web application '/Opportunity'
26-Jun-2019 16:06:46.393 INFO [http-nio-8080-exec-6] org.apache.catalina.core.ApplicationContext.log Manager: init: Associated with Deployer 'Catalina:type=Deployer,host=localhost'
26-Jun-2019 16:06:46.393 INFO [http-nio-8080-exec-6] org.apache.catalina.core.ApplicationContext.log Manager: init: Global resources are available
26-Jun-2019 16:06:46.393 INFO [http-nio-8080-exec-6] org.apache.catalina.core.ApplicationContext.log Manager: list: Listing contexts for virtual host 'localhost'
26-Jun-2019 16:06:46.397 INFO [http-nio-8080-exec-7] org.apache.catalina.core.ApplicationContext.log Manager: list: Listing contexts for virtual host 'localhost'
26-Jun-2019 16:06:46.414 INFO [http-nio-8080-exec-8] org.apache.catalina.core.ApplicationContext.log Manager: undeploy: Undeploying web application at '/Opportunity'
26-Jun-2019 16:06:47.104 INFO [http-nio-8080-exec-6] org.apache.catalina.core.ApplicationContext.log Manager: install: Installing context configuration at 'file:/C:/Users/PAULO~1.BEZ/AppData/Local/Temp/context6673492202796184859.xml'
26-Jun-2019 16:06:48.324 INFO [http-nio-8080-exec-9] org.apache.catalina.core.ApplicationContext.log Manager: start: Starting web application '/Opportunity'
26-Jun-2019 16:07:36.065 INFO [http-nio-8080-exec-13] org.apache.catalina.core.ApplicationContext.log Manager: list: Listing contexts for virtual host 'localhost'
26-Jun-2019 16:08:16.596 INFO [http-nio-8080-exec-13] org.apache.catalina.core.ApplicationContext.log Manager: list: Listing contexts for virtual host 'localhost'
26-Jun-2019 16:08:16.861 INFO [http-nio-8080-exec-9] org.apache.catalina.core.ApplicationContext.log Manager: restart: Reloading web application '/Opportunity'
26-Jun-2019 16:08:22.860 INFO [http-nio-8080-exec-18] org.apache.catalina.core.ApplicationContext.log Manager: list: Listing contexts for virtual host 'localhost'
26-Jun-2019 16:08:22.862 INFO [http-nio-8080-exec-17] org.apache.catalina.core.ApplicationContext.log Manager: list: Listing contexts for virtual host 'localhost'
26-Jun-2019 16:08:22.874 INFO [http-nio-8080-exec-20] org.apache.catalina.core.ApplicationContext.log Manager: undeploy: Undeploying web application at '/Opportunity'
26-Jun-2019 16:08:23.560 INFO [http-nio-8080-exec-21] org.apache.catalina.core.ApplicationContext.log Manager: install: Installing context configuration at 'file:/C:/Users/PAULO~1.BEZ/AppData/Local/Temp/context3574995219612771995.xml'
26-Jun-2019 16:08:24.750 INFO [http-nio-8080-exec-18] org.apache.catalina.core.ApplicationContext.log Manager: start: Starting web application '/Opportunity'
26-Jun-2019 16:09:09.950 INFO [http-nio-8080-exec-18] org.apache.catalina.core.ApplicationContext.log Manager: list: Listing contexts for virtual host 'localhost'
26-Jun-2019 16:09:31.776 INFO [http-nio-8080-exec-20] org.apache.catalina.core.ApplicationContext.log Manager: list: Listing contexts for virtual host 'localhost'
26-Jun-2019 16:09:31.779 INFO [http-nio-8080-exec-24] org.apache.catalina.core.ApplicationContext.log Manager: list: Listing contexts for virtual host 'localhost'
26-Jun-2019 16:09:31.818 INFO [http-nio-8080-exec-18] org.apache.catalina.core.ApplicationContext.log Manager: undeploy: Undeploying web application at '/Opportunity'
26-Jun-2019 16:09:32.526 INFO [http-nio-8080-exec-28] org.apache.catalina.core.ApplicationContext.log Manager: install: Installing context configuration at 'file:/C:/Users/PAULO~1.BEZ/AppData/Local/Temp/context8908036348413085204.xml'
26-Jun-2019 16:09:37.295 INFO [http-nio-8080-exec-27] org.apache.catalina.core.ApplicationContext.log Manager: start: Starting web application '/Opportunity'
26-Jun-2019 16:10:23.892 INFO [http-nio-8080-exec-27] org.apache.catalina.core.ApplicationContext.log Manager: list: Listing contexts for virtual host 'localhost'
26-Jun-2019 16:10:24.091 INFO [http-nio-8080-exec-31] org.apache.catalina.core.ApplicationContext.log Manager: restart: Reloading web application '/Opportunity'
26-Jun-2019 16:11:03.524 INFO [http-nio-8080-exec-27] org.apache.catalina.core.ApplicationContext.log Manager: list: Listing contexts for virtual host 'localhost'
26-Jun-2019 16:11:03.757 INFO [http-nio-8080-exec-39] org.apache.catalina.core.ApplicationContext.log Manager: restart: Reloading web application '/Opportunity'
26-Jun-2019 16:12:09.860 INFO [http-nio-8080-exec-47] org.apache.catalina.core.ApplicationContext.log Manager: list: Listing contexts for virtual host 'localhost'
26-Jun-2019 16:12:13.038 INFO [http-nio-8080-exec-33] org.apache.catalina.core.ApplicationContext.log Manager: list: Listing contexts for virtual host 'localhost'
26-Jun-2019 16:12:13.040 INFO [http-nio-8080-exec-44] org.apache.catalina.core.ApplicationContext.log Manager: list: Listing contexts for virtual host 'localhost'
26-Jun-2019 16:12:13.055 INFO [http-nio-8080-exec-45] org.apache.catalina.core.ApplicationContext.log Manager: undeploy: Undeploying web application at '/Opportunity'
26-Jun-2019 16:12:13.780 INFO [http-nio-8080-exec-44] org.apache.catalina.core.ApplicationContext.log Manager: install: Installing context configuration at 'file:/C:/Users/PAULO~1.BEZ/AppData/Local/Temp/context3724233760798832232.xml'
26-Jun-2019 16:12:14.976 INFO [http-nio-8080-exec-49] org.apache.catalina.core.ApplicationContext.log Manager: start: Starting web application '/Opportunity'
26-Jun-2019 16:14:55.498 INFO [http-nio-8080-exec-56] org.apache.catalina.core.ApplicationContext.log Manager: list: Listing contexts for virtual host 'localhost'
26-Jun-2019 16:14:55.734 INFO [http-nio-8080-exec-57] org.apache.catalina.core.ApplicationContext.log Manager: restart: Reloading web application '/Opportunity'
26-Jun-2019 16:16:00.049 INFO [http-nio-8080-exec-55] org.apache.catalina.core.ApplicationContext.log Manager: list: Listing contexts for virtual host 'localhost'
26-Jun-2019 16:16:16.969 INFO [http-nio-8080-exec-63] org.apache.catalina.core.ApplicationContext.log Manager: list: Listing contexts for virtual host 'localhost'
26-Jun-2019 16:16:16.972 INFO [http-nio-8080-exec-64] org.apache.catalina.core.ApplicationContext.log Manager: list: Listing contexts for virtual host 'localhost'
26-Jun-2019 16:16:16.990 INFO [http-nio-8080-exec-70] org.apache.catalina.core.ApplicationContext.log Manager: undeploy: Undeploying web application at '/Opportunity'
26-Jun-2019 16:16:17.717 INFO [http-nio-8080-exec-66] org.apache.catalina.core.ApplicationContext.log Manager: install: Installing context configuration at 'file:/C:/Users/PAULO~1.BEZ/AppData/Local/Temp/context3011655431027757747.xml'
26-Jun-2019 16:16:19.356 INFO [http-nio-8080-exec-68] org.apache.catalina.core.ApplicationContext.log Manager: start: Starting web application '/Opportunity'
26-Jun-2019 16:17:41.008 INFO [http-nio-8080-exec-75] org.apache.catalina.core.ApplicationContext.log Manager: list: Listing contexts for virtual host 'localhost'
26-Jun-2019 16:17:51.860 INFO [http-nio-8080-exec-79] org.apache.catalina.core.ApplicationContext.log Manager: list: Listing contexts for virtual host 'localhost'
26-Jun-2019 16:17:59.334 INFO [http-nio-8080-exec-80] org.apache.catalina.core.ApplicationContext.log Manager: list: Listing contexts for virtual host 'localhost'
26-Jun-2019 16:17:59.336 INFO [http-nio-8080-exec-78] org.apache.catalina.core.ApplicationContext.log Manager: list: Listing contexts for virtual host 'localhost'
26-Jun-2019 16:17:59.356 INFO [http-nio-8080-exec-69] org.apache.catalina.core.ApplicationContext.log Manager: undeploy: Undeploying web application at '/Opportunity'
26-Jun-2019 16:18:00.169 INFO [http-nio-8080-exec-76] org.apache.catalina.core.ApplicationContext.log Manager: install: Installing context configuration at 'file:/C:/Users/PAULO~1.BEZ/AppData/Local/Temp/context111248410236711704.xml'
26-Jun-2019 16:18:02.332 INFO [http-nio-8080-exec-75] org.apache.catalina.core.ApplicationContext.log Manager: start: Starting web application '/Opportunity'
26-Jun-2019 16:19:09.551 INFO [http-nio-8080-exec-84] org.apache.catalina.core.ApplicationContext.log Manager: list: Listing contexts for virtual host 'localhost'
26-Jun-2019 16:19:17.189 INFO [http-nio-8080-exec-89] org.apache.catalina.core.ApplicationContext.log Manager: list: Listing contexts for virtual host 'localhost'
26-Jun-2019 16:19:22.129 INFO [http-nio-8080-exec-86] org.apache.catalina.core.ApplicationContext.log Manager: list: Listing contexts for virtual host 'localhost'
26-Jun-2019 16:19:22.131 INFO [http-nio-8080-exec-87] org.apache.catalina.core.ApplicationContext.log Manager: list: Listing contexts for virtual host 'localhost'
26-Jun-2019 16:19:22.147 INFO [http-nio-8080-exec-88] org.apache.catalina.core.ApplicationContext.log Manager: undeploy: Undeploying web application at '/Opportunity'
26-Jun-2019 16:19:22.905 INFO [http-nio-8080-exec-90] org.apache.catalina.core.ApplicationContext.log Manager: install: Installing context configuration at 'file:/C:/Users/PAULO~1.BEZ/AppData/Local/Temp/context4693393716485357279.xml'
26-Jun-2019 16:19:24.309 INFO [http-nio-8080-exec-82] org.apache.catalina.core.ApplicationContext.log Manager: start: Starting web application '/Opportunity'
26-Jun-2019 16:19:59.771 INFO [http-nio-8080-exec-82] org.apache.catalina.core.ApplicationContext.log Manager: list: Listing contexts for virtual host 'localhost'
26-Jun-2019 16:25:29.396 INFO [http-nio-8080-exec-97] org.apache.catalina.core.ApplicationContext.log Manager: list: Listing contexts for virtual host 'localhost'
26-Jun-2019 16:25:33.265 INFO [http-nio-8080-exec-100] org.apache.catalina.core.ApplicationContext.log Manager: list: Listing contexts for virtual host 'localhost'
26-Jun-2019 16:25:33.267 INFO [http-nio-8080-exec-94] org.apache.catalina.core.ApplicationContext.log Manager: list: Listing contexts for virtual host 'localhost'
26-Jun-2019 16:25:33.285 INFO [http-nio-8080-exec-95] org.apache.catalina.core.ApplicationContext.log Manager: undeploy: Undeploying web application at '/Opportunity'
26-Jun-2019 16:25:34.006 INFO [http-nio-8080-exec-97] org.apache.catalina.core.ApplicationContext.log Manager: install: Installing context configuration at 'file:/C:/Users/PAULO~1.BEZ/AppData/Local/Temp/context4598080449412296870.xml'
26-Jun-2019 16:25:38.022 INFO [http-nio-8080-exec-100] org.apache.catalina.core.ApplicationContext.log Manager: start: Starting web application '/Opportunity'
26-Jun-2019 16:26:18.941 INFO [http-nio-8080-exec-100] org.apache.catalina.core.ApplicationContext.log Manager: list: Listing contexts for virtual host 'localhost'
26-Jun-2019 16:26:22.879 INFO [http-nio-8080-exec-106] org.apache.catalina.core.ApplicationContext.log Manager: list: Listing contexts for virtual host 'localhost'
26-Jun-2019 16:26:22.881 INFO [http-nio-8080-exec-107] org.apache.catalina.core.ApplicationContext.log Manager: list: Listing contexts for virtual host 'localhost'
26-Jun-2019 16:26:22.896 INFO [http-nio-8080-exec-101] org.apache.catalina.core.ApplicationContext.log Manager: undeploy: Undeploying web application at '/Opportunity'
26-Jun-2019 16:26:23.614 INFO [http-nio-8080-exec-105] org.apache.catalina.core.ApplicationContext.log Manager: install: Installing context configuration at 'file:/C:/Users/PAULO~1.BEZ/AppData/Local/Temp/context494767974567770487.xml'
26-Jun-2019 16:26:25.137 INFO [http-nio-8080-exec-107] org.apache.catalina.core.ApplicationContext.log Manager: start: Starting web application '/Opportunity'
26-Jun-2019 16:26:43.278 INFO [http-nio-8080-exec-101] org.apache.catalina.core.ApplicationContext.log Manager: list: Listing contexts for virtual host 'localhost'
26-Jun-2019 16:26:47.898 INFO [http-nio-8080-exec-112] org.apache.catalina.core.ApplicationContext.log Manager: list: Listing contexts for virtual host 'localhost'
26-Jun-2019 16:26:47.936 INFO [http-nio-8080-exec-102] org.apache.catalina.core.ApplicationContext.log Manager: list: Listing contexts for virtual host 'localhost'
26-Jun-2019 16:26:47.950 INFO [http-nio-8080-exec-104] org.apache.catalina.core.ApplicationContext.log Manager: undeploy: Undeploying web application at '/Opportunity'
26-Jun-2019 16:26:48.674 INFO [http-nio-8080-exec-102] org.apache.catalina.core.ApplicationContext.log Manager: install: Installing context configuration at 'file:/C:/Users/PAULO~1.BEZ/AppData/Local/Temp/context6138997090604448901.xml'
26-Jun-2019 16:26:50.254 INFO [http-nio-8080-exec-110] org.apache.catalina.core.ApplicationContext.log Manager: start: Starting web application '/Opportunity'
26-Jun-2019 16:27:00.132 INFO [http-nio-8080-exec-100] org.apache.catalina.core.ApplicationContext.log Manager: list: Listing contexts for virtual host 'localhost'
26-Jun-2019 16:27:03.995 INFO [http-nio-8080-exec-117] org.apache.catalina.core.ApplicationContext.log Manager: list: Listing contexts for virtual host 'localhost'
26-Jun-2019 16:27:03.997 INFO [http-nio-8080-exec-118] org.apache.catalina.core.ApplicationContext.log Manager: list: Listing contexts for virtual host 'localhost'
26-Jun-2019 16:27:04.011 INFO [http-nio-8080-exec-114] org.apache.catalina.core.ApplicationContext.log Manager: undeploy: Undeploying web application at '/Opportunity'
26-Jun-2019 16:27:04.759 INFO [http-nio-8080-exec-100] org.apache.catalina.core.ApplicationContext.log Manager: install: Installing context configuration at 'file:/C:/Users/PAULO~1.BEZ/AppData/Local/Temp/context2882242681574034756.xml'
26-Jun-2019 16:27:06.578 INFO [http-nio-8080-exec-104] org.apache.catalina.core.ApplicationContext.log Manager: start: Starting web application '/Opportunity'
26-Jun-2019 16:27:31.712 INFO [http-nio-8080-exec-101] org.apache.catalina.core.ApplicationContext.log Manager: list: Listing contexts for virtual host 'localhost'
26-Jun-2019 16:27:58.877 INFO [http-nio-8080-exec-124] org.apache.catalina.core.ApplicationContext.log Manager: list: Listing contexts for virtual host 'localhost'
26-Jun-2019 16:28:46.562 INFO [http-nio-8080-exec-123] org.apache.catalina.core.ApplicationContext.log Manager: list: Listing contexts for virtual host 'localhost'
26-Jun-2019 16:28:51.754 INFO [http-nio-8080-exec-126] org.apache.catalina.core.ApplicationContext.log Manager: list: Listing contexts for virtual host 'localhost'
26-Jun-2019 16:28:51.757 INFO [http-nio-8080-exec-122] org.apache.catalina.core.ApplicationContext.log Manager: list: Listing contexts for virtual host 'localhost'
26-Jun-2019 16:28:51.787 INFO [http-nio-8080-exec-123] org.apache.catalina.core.ApplicationContext.log Manager: undeploy: Undeploying web application at '/Opportunity'
26-Jun-2019 16:28:52.717 INFO [http-nio-8080-exec-124] org.apache.catalina.core.ApplicationContext.log Manager: install: Installing context configuration at 'file:/C:/Users/PAULO~1.BEZ/AppData/Local/Temp/context4481929633544417189.xml'
26-Jun-2019 16:28:54.503 INFO [http-nio-8080-exec-120] org.apache.catalina.core.ApplicationContext.log Manager: start: Starting web application '/Opportunity'
26-Jun-2019 17:25:54.105 INFO [http-nio-8080-exec-133] org.apache.catalina.core.ApplicationContext.log Manager: list: Listing contexts for virtual host 'localhost'
26-Jun-2019 17:25:55.769 INFO [http-nio-8080-exec-131] org.apache.catalina.core.ApplicationContext.log Manager: restart: Reloading web application '/Opportunity'
26-Jun-2019 17:27:27.169 INFO [http-nio-8080-exec-132] org.apache.catalina.core.ApplicationContext.log Manager: list: Listing contexts for virtual host 'localhost'
26-Jun-2019 17:27:27.429 INFO [http-nio-8080-exec-135] org.apache.catalina.core.ApplicationContext.log Manager: restart: Reloading web application '/Opportunity'
26-Jun-2019 17:27:34.512 INFO [http-nio-8080-exec-142] org.apache.catalina.core.ApplicationContext.log Manager: list: Listing contexts for virtual host 'localhost'
26-Jun-2019 17:27:34.912 INFO [http-nio-8080-exec-139] org.apache.catalina.core.ApplicationContext.log Manager: restart: Reloading web application '/Opportunity'
26-Jun-2019 17:34:23.581 INFO [http-nio-8080-exec-138] org.apache.catalina.core.ApplicationContext.log Manager: list: Listing contexts for virtual host 'localhost'
26-Jun-2019 17:34:23.775 INFO [http-nio-8080-exec-153] org.apache.catalina.core.ApplicationContext.log Manager: restart: Reloading web application '/Opportunity'
26-Jun-2019 17:34:28.931 INFO [http-nio-8080-exec-147] org.apache.catalina.core.ApplicationContext.log Manager: list: Listing contexts for virtual host 'localhost'
26-Jun-2019 17:34:28.933 INFO [http-nio-8080-exec-148] org.apache.catalina.core.ApplicationContext.log Manager: list: Listing contexts for virtual host 'localhost'
26-Jun-2019 17:34:29.389 INFO [http-nio-8080-exec-145] org.apache.catalina.core.ApplicationContext.log Manager: undeploy: Undeploying web application at '/Opportunity'
26-Jun-2019 17:34:30.114 INFO [http-nio-8080-exec-146] org.apache.catalina.core.ApplicationContext.log Manager: install: Installing context configuration at 'file:/C:/Users/PAULO~1.BEZ/AppData/Local/Temp/context4264361785784037718.xml'
26-Jun-2019 17:34:31.389 INFO [http-nio-8080-exec-154] org.apache.catalina.core.ApplicationContext.log Manager: start: Starting web application '/Opportunity'
26-Jun-2019 17:35:20.034 INFO [http-nio-8080-exec-154] org.apache.catalina.core.ApplicationContext.log Manager: list: Listing contexts for virtual host 'localhost'
26-Jun-2019 17:35:20.262 INFO [http-nio-8080-exec-149] org.apache.catalina.core.ApplicationContext.log Manager: restart: Reloading web application '/Opportunity'
26-Jun-2019 17:36:32.462 INFO [http-nio-8080-exec-162] org.apache.catalina.core.ApplicationContext.log Manager: list: Listing contexts for virtual host 'localhost'
26-Jun-2019 17:36:32.670 INFO [http-nio-8080-exec-163] org.apache.catalina.core.ApplicationContext.log Manager: restart: Reloading web application '/Opportunity'
26-Jun-2019 17:47:50.288 INFO [http-nio-8080-exec-175] org.apache.catalina.core.ApplicationContext.log Manager: list: Listing contexts for virtual host 'localhost'
26-Jun-2019 17:47:50.832 INFO [http-nio-8080-exec-176] org.apache.catalina.core.ApplicationContext.log Manager: restart: Reloading web application '/Opportunity'
26-Jun-2019 17:49:42.943 INFO [http-nio-8080-exec-187] org.apache.catalina.core.ApplicationContext.log Manager: list: Listing contexts for virtual host 'localhost'
26-Jun-2019 17:49:43.248 INFO [http-nio-8080-exec-183] org.apache.catalina.core.ApplicationContext.log Manager: restart: Reloading web application '/Opportunity'
26-Jun-2019 17:51:22.592 INFO [http-nio-8080-exec-198] org.apache.catalina.core.ApplicationContext.log Manager: list: Listing contexts for virtual host 'localhost'
26-Jun-2019 17:51:22.783 INFO [http-nio-8080-exec-199] org.apache.catalina.core.ApplicationContext.log Manager: restart: Reloading web application '/Opportunity'
26-Jun-2019 17:52:15.509 INFO [http-nio-8080-exec-198] org.apache.catalina.core.ApplicationContext.log Manager: list: Listing contexts for virtual host 'localhost'
26-Jun-2019 17:52:15.709 INFO [http-nio-8080-exec-206] org.apache.catalina.core.ApplicationContext.log Manager: restart: Reloading web application '/Opportunity'
26-Jun-2019 17:54:27.626 INFO [http-nio-8080-exec-214] org.apache.catalina.core.ApplicationContext.log Manager: list: Listing contexts for virtual host 'localhost'
26-Jun-2019 17:54:48.371 INFO [http-nio-8080-exec-217] org.apache.catalina.core.ApplicationContext.log Manager: list: Listing contexts for virtual host 'localhost'
26-Jun-2019 17:55:04.619 INFO [http-nio-8080-exec-216] org.apache.catalina.core.ApplicationContext.log Manager: list: Listing contexts for virtual host 'localhost'
26-Jun-2019 17:56:16.490 INFO [http-nio-8080-exec-213] org.apache.catalina.core.ApplicationContext.log Manager: list: Listing contexts for virtual host 'localhost'
26-Jun-2019 17:56:16.762 INFO [http-nio-8080-exec-214] org.apache.catalina.core.ApplicationContext.log Manager: restart: Reloading web application '/Opportunity'
26-Jun-2019 17:56:26.328 INFO [http-nio-8080-exec-218] org.apache.catalina.core.ApplicationContext.log Manager: list: Listing contexts for virtual host 'localhost'
26-Jun-2019 17:56:26.331 INFO [http-nio-8080-exec-215] org.apache.catalina.core.ApplicationContext.log Manager: list: Listing contexts for virtual host 'localhost'
26-Jun-2019 17:56:26.376 INFO [http-nio-8080-exec-217] org.apache.catalina.core.ApplicationContext.log Manager: undeploy: Undeploying web application at '/Opportunity'
26-Jun-2019 17:56:27.167 INFO [http-nio-8080-exec-221] org.apache.catalina.core.ApplicationContext.log Manager: install: Installing context configuration at 'file:/C:/Users/PAULO~1.BEZ/AppData/Local/Temp/context213954493073489761.xml'
26-Jun-2019 17:56:35.193 INFO [http-nio-8080-exec-211] org.apache.catalina.core.ApplicationContext.log Manager: start: Starting web application '/Opportunity'
26-Jun-2019 17:56:52.655 INFO [http-nio-8080-exec-217] org.apache.catalina.core.ApplicationContext.log Manager: list: Listing contexts for virtual host 'localhost'
26-Jun-2019 17:57:05.913 INFO [http-nio-8080-exec-216] org.apache.catalina.core.ApplicationContext.log Manager: list: Listing contexts for virtual host 'localhost'
26-Jun-2019 17:57:05.915 INFO [http-nio-8080-exec-217] org.apache.catalina.core.ApplicationContext.log Manager: list: Listing contexts for virtual host 'localhost'
26-Jun-2019 17:57:05.929 INFO [http-nio-8080-exec-223] org.apache.catalina.core.ApplicationContext.log Manager: undeploy: Undeploying web application at '/Opportunity'
26-Jun-2019 17:57:06.707 INFO [http-nio-8080-exec-226] org.apache.catalina.core.ApplicationContext.log Manager: install: Installing context configuration at 'file:/C:/Users/PAULO~1.BEZ/AppData/Local/Temp/context8398983584894933671.xml'
26-Jun-2019 17:57:08.908 INFO [http-nio-8080-exec-225] org.apache.catalina.core.ApplicationContext.log Manager: start: Starting web application '/Opportunity'
26-Jun-2019 17:57:57.664 INFO [http-nio-8080-exec-230] org.apache.catalina.core.ApplicationContext.log Manager: list: Listing contexts for virtual host 'localhost'
26-Jun-2019 17:57:57.882 INFO [http-nio-8080-exec-227] org.apache.catalina.core.ApplicationContext.log Manager: restart: Reloading web application '/Opportunity'
26-Jun-2019 17:58:16.282 INFO [http-nio-8080-exec-224] org.apache.catalina.core.ApplicationContext.log Manager: list: Listing contexts for virtual host 'localhost'
26-Jun-2019 17:58:57.846 INFO [http-nio-8080-exec-236] org.apache.catalina.core.ApplicationContext.log Manager: list: Listing contexts for virtual host 'localhost'
26-Jun-2019 17:59:07.863 INFO [http-nio-8080-exec-238] org.apache.catalina.core.ApplicationContext.log Manager: list: Listing contexts for virtual host 'localhost'
26-Jun-2019 17:59:11.864 INFO [http-nio-8080-exec-240] org.apache.catalina.core.ApplicationContext.log Manager: list: Listing contexts for virtual host 'localhost'
26-Jun-2019 17:59:14.941 INFO [http-nio-8080-exec-235] org.apache.catalina.core.ApplicationContext.log Manager: list: Listing contexts for virtual host 'localhost'
26-Jun-2019 17:59:14.943 INFO [http-nio-8080-exec-242] org.apache.catalina.core.ApplicationContext.log Manager: list: Listing contexts for virtual host 'localhost'
26-Jun-2019 17:59:14.964 INFO [http-nio-8080-exec-236] org.apache.catalina.core.ApplicationContext.log Manager: undeploy: Undeploying web application at '/Opportunity'
26-Jun-2019 17:59:15.709 INFO [http-nio-8080-exec-242] org.apache.catalina.core.ApplicationContext.log Manager: install: Installing context configuration at 'file:/C:/Users/PAULO~1.BEZ/AppData/Local/Temp/context2320897051381092253.xml'
26-Jun-2019 17:59:16.835 INFO [http-nio-8080-exec-238] org.apache.catalina.core.ApplicationContext.log Manager: start: Starting web application '/Opportunity'
26-Jun-2019 18:00:19.886 INFO [http-nio-8080-exec-246] org.apache.catalina.core.ApplicationContext.log Manager: list: Listing contexts for virtual host 'localhost'
26-Jun-2019 18:00:20.098 INFO [http-nio-8080-exec-247] org.apache.catalina.core.ApplicationContext.log Manager: restart: Reloading web application '/Opportunity'
26-Jun-2019 18:00:53.962 INFO [http-nio-8080-exec-248] org.apache.catalina.core.ApplicationContext.log Manager: list: Listing contexts for virtual host 'localhost'
26-Jun-2019 18:00:54.166 INFO [http-nio-8080-exec-244] org.apache.catalina.core.ApplicationContext.log Manager: restart: Reloading web application '/Opportunity'
26-Jun-2019 18:00:59.759 INFO [http-nio-8080-exec-249] org.apache.catalina.core.ApplicationContext.log Manager: list: Listing contexts for virtual host 'localhost'
26-Jun-2019 18:00:59.761 INFO [http-nio-8080-exec-250] org.apache.catalina.core.ApplicationContext.log Manager: list: Listing contexts for virtual host 'localhost'
26-Jun-2019 18:00:59.775 INFO [http-nio-8080-exec-254] org.apache.catalina.core.ApplicationContext.log Manager: undeploy: Undeploying web application at '/Opportunity'
26-Jun-2019 18:01:00.477 INFO [http-nio-8080-exec-253] org.apache.catalina.core.ApplicationContext.log Manager: install: Installing context configuration at 'file:/C:/Users/PAULO~1.BEZ/AppData/Local/Temp/context6993446919748731108.xml'
26-Jun-2019 18:01:01.824 INFO [http-nio-8080-exec-241] org.apache.catalina.core.ApplicationContext.log Manager: start: Starting web application '/Opportunity'
26-Jun-2019 18:01:57.322 INFO [http-nio-8080-exec-255] org.apache.catalina.core.ApplicationContext.log Manager: list: Listing contexts for virtual host 'localhost'
26-Jun-2019 18:02:01.704 INFO [http-nio-8080-exec-257] org.apache.catalina.core.ApplicationContext.log Manager: list: Listing contexts for virtual host 'localhost'
26-Jun-2019 18:02:01.706 INFO [http-nio-8080-exec-263] org.apache.catalina.core.ApplicationContext.log Manager: list: Listing contexts for virtual host 'localhost'
26-Jun-2019 18:02:01.719 INFO [http-nio-8080-exec-246] org.apache.catalina.core.ApplicationContext.log Manager: undeploy: Undeploying web application at '/Opportunity'
26-Jun-2019 18:02:02.497 INFO [http-nio-8080-exec-263] org.apache.catalina.core.ApplicationContext.log Manager: install: Installing context configuration at 'file:/C:/Users/PAULO~1.BEZ/AppData/Local/Temp/context5747853151361847117.xml'
26-Jun-2019 18:02:03.678 INFO [http-nio-8080-exec-255] org.apache.catalina.core.ApplicationContext.log Manager: start: Starting web application '/Opportunity'
26-Jun-2019 18:02:54.253 INFO [http-nio-8080-exec-258] org.apache.catalina.core.ApplicationContext.log Manager: list: Listing contexts for virtual host 'localhost'
26-Jun-2019 18:02:58.822 INFO [http-nio-8080-exec-265] org.apache.catalina.core.ApplicationContext.log Manager: list: Listing contexts for virtual host 'localhost'
26-Jun-2019 18:02:58.824 INFO [http-nio-8080-exec-271] org.apache.catalina.core.ApplicationContext.log Manager: list: Listing contexts for virtual host 'localhost'
26-Jun-2019 18:02:58.839 INFO [http-nio-8080-exec-259] org.apache.catalina.core.ApplicationContext.log Manager: undeploy: Undeploying web application at '/Opportunity'
26-Jun-2019 18:02:59.545 INFO [http-nio-8080-exec-269] org.apache.catalina.core.ApplicationContext.log Manager: install: Installing context configuration at 'file:/C:/Users/PAULO~1.BEZ/AppData/Local/Temp/context5478483653818516731.xml'
26-Jun-2019 18:03:00.875 INFO [http-nio-8080-exec-266] org.apache.catalina.core.ApplicationContext.log Manager: start: Starting web application '/Opportunity'
26-Jun-2019 18:03:33.829 INFO [http-nio-8080-exec-265] org.apache.catalina.core.ApplicationContext.log Manager: list: Listing contexts for virtual host 'localhost'
26-Jun-2019 18:03:52.843 INFO [http-nio-8080-exec-273] org.apache.catalina.core.ApplicationContext.log Manager: list: Listing contexts for virtual host 'localhost'
26-Jun-2019 18:03:58.042 INFO [http-nio-8080-exec-277] org.apache.catalina.core.ApplicationContext.log Manager: list: Listing contexts for virtual host 'localhost'
26-Jun-2019 18:03:58.045 INFO [http-nio-8080-exec-280] org.apache.catalina.core.ApplicationContext.log Manager: list: Listing contexts for virtual host 'localhost'
26-Jun-2019 18:03:58.083 INFO [http-nio-8080-exec-278] org.apache.catalina.core.ApplicationContext.log Manager: undeploy: Undeploying web application at '/Opportunity'
26-Jun-2019 18:03:58.854 INFO [http-nio-8080-exec-279] org.apache.catalina.core.ApplicationContext.log Manager: install: Installing context configuration at 'file:/C:/Users/PAULO~1.BEZ/AppData/Local/Temp/context3893941160567216366.xml'
26-Jun-2019 18:04:00.451 INFO [http-nio-8080-exec-280] org.apache.catalina.core.ApplicationContext.log Manager: start: Starting web application '/Opportunity'
26-Jun-2019 18:05:08.620 INFO [http-nio-8080-exec-283] org.apache.catalina.core.ApplicationContext.log Manager: list: Listing contexts for virtual host 'localhost'
26-Jun-2019 18:05:08.870 INFO [http-nio-8080-exec-288] org.apache.catalina.core.ApplicationContext.log Manager: restart: Reloading web application '/Opportunity'
26-Jun-2019 18:05:18.132 INFO [http-nio-8080-exec-290] org.apache.catalina.core.ApplicationContext.log Manager: list: Listing contexts for virtual host 'localhost'
26-Jun-2019 18:05:18.352 INFO [http-nio-8080-exec-282] org.apache.catalina.core.ApplicationContext.log Manager: restart: Reloading web application '/Opportunity'
26-Jun-2019 18:05:32.885 INFO [http-nio-8080-exec-292] org.apache.catalina.core.ApplicationContext.log Manager: list: Listing contexts for virtual host 'localhost'
26-Jun-2019 18:05:32.890 INFO [http-nio-8080-exec-284] org.apache.catalina.core.ApplicationContext.log Manager: undeploy: Undeploying web application at '/Opportunity'
26-Jun-2019 18:42:37.213 INFO [http-nio-8080-exec-301] org.apache.catalina.core.ApplicationContext.log Manager: list: Listing contexts for virtual host 'localhost'
26-Jun-2019 18:43:03.288 INFO [http-nio-8080-exec-307] org.apache.catalina.core.ApplicationContext.log Manager: list: Listing contexts for virtual host 'localhost'
26-Jun-2019 18:43:03.291 INFO [http-nio-8080-exec-298] org.apache.catalina.core.ApplicationContext.log Manager: list: Listing contexts for virtual host 'localhost'
26-Jun-2019 18:43:03.379 INFO [http-nio-8080-exec-299] org.apache.catalina.core.ApplicationContext.log Manager: install: Installing context configuration at 'file:/C:/Users/PAULO~1.BEZ/AppData/Local/Temp/context4284175106210756443.xml'
26-Jun-2019 18:43:11.924 INFO [http-nio-8080-exec-300] org.apache.catalina.core.ApplicationContext.log Manager: start: Starting web application '/Opportunity'
26-Jun-2019 18:43:41.546 INFO [http-nio-8080-exec-302] org.apache.catalina.core.ApplicationContext.log Manager: list: Listing contexts for virtual host 'localhost'
26-Jun-2019 18:43:41.839 INFO [http-nio-8080-exec-303] org.apache.catalina.core.ApplicationContext.log Manager: restart: Reloading web application '/Opportunity'
26-Jun-2019 18:46:03.861 INFO [http-nio-8080-exec-314] org.apache.catalina.core.ApplicationContext.log Manager: list: Listing contexts for virtual host 'localhost'
26-Jun-2019 18:46:04.075 INFO [http-nio-8080-exec-309] org.apache.catalina.core.ApplicationContext.log Manager: restart: Reloading web application '/Opportunity'
26-Jun-2019 18:46:23.138 INFO [http-nio-8080-exec-314] org.apache.catalina.core.ApplicationContext.log Manager: list: Listing contexts for virtual host 'localhost'
26-Jun-2019 18:46:23.344 INFO [http-nio-8080-exec-311] org.apache.catalina.core.ApplicationContext.log Manager: restart: Reloading web application '/Opportunity'
26-Jun-2019 18:50:24.843 INFO [http-nio-8080-exec-321] org.apache.catalina.core.ApplicationContext.log Manager: list: Listing contexts for virtual host 'localhost'
26-Jun-2019 18:50:25.070 INFO [http-nio-8080-exec-328] org.apache.catalina.core.ApplicationContext.log Manager: restart: Reloading web application '/Opportunity'
26-Jun-2019 18:51:41.354 INFO [http-nio-8080-exec-322] org.apache.catalina.core.ApplicationContext.log Manager: list: Listing contexts for virtual host 'localhost'
26-Jun-2019 18:51:41.580 INFO [http-nio-8080-exec-331] org.apache.catalina.core.ApplicationContext.log Manager: restart: Reloading web application '/Opportunity'
26-Jun-2019 18:53:25.808 INFO [http-nio-8080-exec-347] org.apache.catalina.core.ApplicationContext.log Manager: list: Listing contexts for virtual host 'localhost'
26-Jun-2019 18:53:26.027 INFO [http-nio-8080-exec-342] org.apache.catalina.core.ApplicationContext.log Manager: restart: Reloading web application '/Opportunity'
26-Jun-2019 18:55:44.966 INFO [http-nio-8080-exec-357] org.apache.catalina.core.ApplicationContext.log Manager: list: Listing contexts for virtual host 'localhost'
26-Jun-2019 18:55:45.228 INFO [http-nio-8080-exec-352] org.apache.catalina.core.ApplicationContext.log Manager: restart: Reloading web application '/Opportunity'
26-Jun-2019 18:56:53.618 INFO [http-nio-8080-exec-360] org.apache.catalina.core.ApplicationContext.log Manager: list: Listing contexts for virtual host 'localhost'
26-Jun-2019 18:56:53.877 INFO [http-nio-8080-exec-364] org.apache.catalina.core.ApplicationContext.log Manager: restart: Reloading web application '/Opportunity'
26-Jun-2019 18:57:06.424 INFO [http-nio-8080-exec-366] org.apache.catalina.core.ApplicationContext.log Manager: list: Listing contexts for virtual host 'localhost'
26-Jun-2019 18:57:06.609 INFO [http-nio-8080-exec-365] org.apache.catalina.core.ApplicationContext.log Manager: restart: Reloading web application '/Opportunity'
26-Jun-2019 18:57:11.428 INFO [http-nio-8080-exec-370] org.apache.catalina.core.ApplicationContext.log Manager: list: Listing contexts for virtual host 'localhost'
26-Jun-2019 18:57:11.429 INFO [http-nio-8080-exec-366] org.apache.catalina.core.ApplicationContext.log Manager: list: Listing contexts for virtual host 'localhost'
26-Jun-2019 18:57:11.449 INFO [http-nio-8080-exec-368] org.apache.catalina.core.ApplicationContext.log Manager: undeploy: Undeploying web application at '/Opportunity'
26-Jun-2019 18:57:12.160 INFO [http-nio-8080-exec-372] org.apache.catalina.core.ApplicationContext.log Manager: install: Installing context configuration at 'file:/C:/Users/PAULO~1.BEZ/AppData/Local/Temp/context3526713199073637093.xml'
26-Jun-2019 18:57:13.316 INFO [http-nio-8080-exec-362] org.apache.catalina.core.ApplicationContext.log Manager: start: Starting web application '/Opportunity'
26-Jun-2019 18:58:18.188 INFO [http-nio-8080-exec-377] org.apache.catalina.core.ApplicationContext.log Manager: list: Listing contexts for virtual host 'localhost'
26-Jun-2019 18:58:18.412 INFO [http-nio-8080-exec-378] org.apache.catalina.core.ApplicationContext.log Manager: restart: Reloading web application '/Opportunity'
26-Jun-2019 18:59:32.461 INFO [http-nio-8080-exec-386] org.apache.catalina.core.ApplicationContext.log Manager: list: Listing contexts for virtual host 'localhost'
26-Jun-2019 18:59:32.683 INFO [http-nio-8080-exec-387] org.apache.catalina.core.ApplicationContext.log Manager: restart: Reloading web application '/Opportunity'
26-Jun-2019 19:01:38.931 INFO [http-nio-8080-exec-399] org.apache.catalina.core.ApplicationContext.log Manager: list: Listing contexts for virtual host 'localhost'
26-Jun-2019 19:01:39.145 INFO [http-nio-8080-exec-400] org.apache.catalina.core.ApplicationContext.log Manager: restart: Reloading web application '/Opportunity'
26-Jun-2019 19:03:34.673 INFO [http-nio-8080-exec-410] org.apache.catalina.core.ApplicationContext.log Manager: list: Listing contexts for virtual host 'localhost'
26-Jun-2019 19:03:34.874 INFO [http-nio-8080-exec-404] org.apache.catalina.core.ApplicationContext.log Manager: restart: Reloading web application '/Opportunity'
26-Jun-2019 19:04:44.868 INFO [http-nio-8080-exec-409] org.apache.catalina.core.ApplicationContext.log Manager: list: Listing contexts for virtual host 'localhost'
26-Jun-2019 19:04:44.874 INFO [http-nio-8080-exec-417] org.apache.catalina.core.ApplicationContext.log Manager: undeploy: Undeploying web application at '/Opportunity'
26-Jun-2019 19:07:54.942 INFO [http-nio-8080-exec-419] org.apache.catalina.core.ApplicationContext.log Manager: list: Listing contexts for virtual host 'localhost'
26-Jun-2019 19:07:55.868 INFO [http-nio-8080-exec-425] org.apache.catalina.core.ApplicationContext.log Manager: list: Listing contexts for virtual host 'localhost'
26-Jun-2019 19:07:55.870 INFO [http-nio-8080-exec-417] org.apache.catalina.core.ApplicationContext.log Manager: list: Listing contexts for virtual host 'localhost'
26-Jun-2019 19:07:55.924 INFO [http-nio-8080-exec-422] org.apache.catalina.core.ApplicationContext.log Manager: install: Installing context configuration at 'file:/C:/Users/PAULO~1.BEZ/AppData/Local/Temp/context7325883393528700328.xml'
26-Jun-2019 19:07:57.077 INFO [http-nio-8080-exec-423] org.apache.catalina.core.ApplicationContext.log Manager: start: Starting web application '/Opportunity'
26-Jun-2019 19:08:17.975 INFO [http-nio-8080-exec-405] org.apache.catalina.core.ApplicationContext.log Manager: list: Listing contexts for virtual host 'localhost'
26-Jun-2019 19:08:18.331 INFO [http-nio-8080-exec-428] org.apache.catalina.core.ApplicationContext.log Manager: restart: Reloading web application '/Opportunity'
26-Jun-2019 19:11:32.282 INFO [http-nio-8080-exec-434] org.apache.catalina.core.ApplicationContext.log Manager: list: Listing contexts for virtual host 'localhost'
26-Jun-2019 19:11:32.484 INFO [http-nio-8080-exec-438] org.apache.catalina.core.ApplicationContext.log Manager: restart: Reloading web application '/Opportunity'
26-Jun-2019 19:13:36.941 INFO [http-nio-8080-exec-443] org.apache.catalina.core.ApplicationContext.log Manager: list: Listing contexts for virtual host 'localhost'
26-Jun-2019 19:13:36.954 INFO [http-nio-8080-exec-444] org.apache.catalina.core.ApplicationContext.log Manager: undeploy: Undeploying web application at '/Opportunity'
26-Jun-2019 19:16:40.179 INFO [http-nio-8080-exec-450] org.apache.catalina.core.ApplicationContext.log Manager: list: Listing contexts for virtual host 'localhost'
26-Jun-2019 19:17:45.459 INFO [http-nio-8080-exec-456] org.apache.catalina.core.ApplicationContext.log Manager: list: Listing contexts for virtual host 'localhost'
26-Jun-2019 19:17:45.459 INFO [http-nio-8080-exec-457] org.apache.catalina.core.ApplicationContext.log Manager: list: Listing contexts for virtual host 'localhost'
26-Jun-2019 19:17:45.506 INFO [http-nio-8080-exec-445] org.apache.catalina.core.ApplicationContext.log Manager: install: Installing context configuration at 'file:/C:/Users/PAULO~1.BEZ/AppData/Local/Temp/context8159258187910762874.xml'
26-Jun-2019 19:17:46.556 INFO [http-nio-8080-exec-440] org.apache.catalina.core.ApplicationContext.log Manager: start: Starting web application '/Opportunity'
26-Jun-2019 19:19:15.103 INFO [http-nio-8080-exec-456] org.apache.catalina.core.ApplicationContext.log Manager: list: Listing contexts for virtual host 'localhost'
26-Jun-2019 19:19:15.370 INFO [http-nio-8080-exec-460] org.apache.catalina.core.ApplicationContext.log Manager: restart: Reloading web application '/Opportunity'
26-Jun-2019 19:19:25.570 INFO [http-nio-8080-exec-459] org.apache.catalina.core.ApplicationContext.log Manager: list: Listing contexts for virtual host 'localhost'
26-Jun-2019 19:19:25.577 INFO [http-nio-8080-exec-456] org.apache.catalina.core.ApplicationContext.log Manager: undeploy: Undeploying web application at '/Opportunity'
26-Jun-2019 19:22:14.789 INFO [http-nio-8080-exec-455] org.apache.catalina.core.ApplicationContext.log Manager: list: Listing contexts for virtual host 'localhost'
26-Jun-2019 19:22:44.669 INFO [http-nio-8080-exec-467] org.apache.catalina.core.ApplicationContext.log Manager: list: Listing contexts for virtual host 'localhost'
26-Jun-2019 19:23:41.834 INFO [http-nio-8080-exec-464] org.apache.catalina.core.ApplicationContext.log Manager: list: Listing contexts for virtual host 'localhost'
26-Jun-2019 19:24:09.221 INFO [http-nio-8080-exec-463] org.apache.catalina.core.ApplicationContext.log Manager: list: Listing contexts for virtual host 'localhost'
26-Jun-2019 19:24:09.223 INFO [http-nio-8080-exec-464] org.apache.catalina.core.ApplicationContext.log Manager: list: Listing contexts for virtual host 'localhost'
26-Jun-2019 19:24:09.305 INFO [http-nio-8080-exec-465] org.apache.catalina.core.ApplicationContext.log Manager: install: Installing context configuration at 'file:/C:/Users/PAULO~1.BEZ/AppData/Local/Temp/context7262891311807959427.xml'
26-Jun-2019 19:24:10.667 INFO [http-nio-8080-exec-467] org.apache.catalina.core.ApplicationContext.log Manager: start: Starting web application '/Opportunity'
26-Jun-2019 19:25:28.173 INFO [http-nio-8080-exec-463] org.apache.catalina.core.ApplicationContext.log Manager: list: Listing contexts for virtual host 'localhost'
26-Jun-2019 19:25:28.444 INFO [http-nio-8080-exec-465] org.apache.catalina.core.ApplicationContext.log Manager: restart: Reloading web application '/Opportunity'
26-Jun-2019 19:25:30.345 INFO [http-nio-8080-exec-471] org.apache.catalina.core.ApplicationContext.log Manager: list: Listing contexts for virtual host 'localhost'
26-Jun-2019 19:25:30.711 INFO [http-nio-8080-exec-463] org.apache.catalina.core.ApplicationContext.log Manager: restart: Reloading web application '/Opportunity'
26-Jun-2019 19:26:47.324 INFO [http-nio-8080-exec-475] org.apache.catalina.core.ApplicationContext.log Manager: list: Listing contexts for virtual host 'localhost'
26-Jun-2019 19:26:47.380 INFO [http-nio-8080-exec-476] org.apache.catalina.core.ApplicationContext.log Manager: restart: Reloading web application '/Opportunity'
26-Jun-2019 19:28:08.275 INFO [http-nio-8080-exec-483] org.apache.catalina.core.ApplicationContext.log Manager: list: Listing contexts for virtual host 'localhost'
26-Jun-2019 19:28:08.289 INFO [http-nio-8080-exec-486] org.apache.catalina.core.ApplicationContext.log Manager: undeploy: Undeploying web application at '/Opportunity'
