27-Jun-2019 11:30:23.368 INFO [http-nio-8080-exec-493] org.apache.catalina.core.ApplicationContext.log Manager: list: Listing contexts for virtual host 'localhost'
27-Jun-2019 11:30:23.477 INFO [http-nio-8080-exec-497] org.apache.catalina.core.ApplicationContext.log Manager: list: Listing contexts for virtual host 'localhost'
27-Jun-2019 11:30:24.058 INFO [http-nio-8080-exec-490] org.apache.catalina.core.ApplicationContext.log Manager: list: Listing contexts for virtual host 'localhost'
27-Jun-2019 11:30:24.571 INFO [http-nio-8080-exec-493] org.apache.catalina.core.ApplicationContext.log Manager: list: Listing contexts for virtual host 'localhost'
27-Jun-2019 11:30:24.626 INFO [http-nio-8080-exec-496] org.apache.catalina.core.ApplicationContext.log Manager: list: Listing contexts for virtual host 'localhost'
27-Jun-2019 11:30:25.174 INFO [http-nio-8080-exec-499] org.apache.catalina.core.ApplicationContext.log Manager: list: Listing contexts for virtual host 'localhost'
27-Jun-2019 11:30:25.280 INFO [http-nio-8080-exec-493] org.apache.catalina.core.ApplicationContext.log Manager: list: Listing contexts for virtual host 'localhost'
27-Jun-2019 11:30:25.396 INFO [http-nio-8080-exec-497] org.apache.catalina.core.ApplicationContext.log Manager: list: Listing contexts for virtual host 'localhost'
27-Jun-2019 11:30:25.844 INFO [http-nio-8080-exec-490] org.apache.catalina.core.ApplicationContext.log Manager: list: Listing contexts for virtual host 'localhost'
27-Jun-2019 11:30:26.332 INFO [http-nio-8080-exec-493] org.apache.catalina.core.ApplicationContext.log Manager: list: Listing contexts for virtual host 'localhost'
27-Jun-2019 11:30:26.718 INFO [http-nio-8080-exec-496] org.apache.catalina.core.ApplicationContext.log Manager: list: Listing contexts for virtual host 'localhost'
27-Jun-2019 11:30:26.784 INFO [http-nio-8080-exec-499] org.apache.catalina.core.ApplicationContext.log Manager: list: Listing contexts for virtual host 'localhost'
27-Jun-2019 11:30:26.846 INFO [http-nio-8080-exec-492] org.apache.catalina.core.ApplicationContext.log Manager: list: Listing contexts for virtual host 'localhost'
27-Jun-2019 11:30:27.221 INFO [http-nio-8080-exec-495] org.apache.catalina.core.ApplicationContext.log Manager: list: Listing contexts for virtual host 'localhost'
27-Jun-2019 11:30:27.279 INFO [http-nio-8080-exec-498] org.apache.catalina.core.ApplicationContext.log Manager: list: Listing contexts for virtual host 'localhost'
27-Jun-2019 11:30:27.677 INFO [http-nio-8080-exec-491] org.apache.catalina.core.ApplicationContext.log Manager: list: Listing contexts for virtual host 'localhost'
27-Jun-2019 11:30:28.080 INFO [http-nio-8080-exec-494] org.apache.catalina.core.ApplicationContext.log Manager: list: Listing contexts for virtual host 'localhost'
27-Jun-2019 11:30:28.515 INFO [http-nio-8080-exec-497] org.apache.catalina.core.ApplicationContext.log Manager: list: Listing contexts for virtual host 'localhost'
27-Jun-2019 11:30:28.577 INFO [http-nio-8080-exec-490] org.apache.catalina.core.ApplicationContext.log Manager: list: Listing contexts for virtual host 'localhost'
27-Jun-2019 11:30:28.650 INFO [http-nio-8080-exec-493] org.apache.catalina.core.ApplicationContext.log Manager: list: Listing contexts for virtual host 'localhost'
27-Jun-2019 11:30:29.051 INFO [http-nio-8080-exec-496] org.apache.catalina.core.ApplicationContext.log Manager: list: Listing contexts for virtual host 'localhost'
27-Jun-2019 11:30:29.492 INFO [http-nio-8080-exec-499] org.apache.catalina.core.ApplicationContext.log Manager: list: Listing contexts for virtual host 'localhost'
27-Jun-2019 11:30:29.562 INFO [http-nio-8080-exec-492] org.apache.catalina.core.ApplicationContext.log Manager: list: Listing contexts for virtual host 'localhost'
27-Jun-2019 11:30:29.622 INFO [http-nio-8080-exec-495] org.apache.catalina.core.ApplicationContext.log Manager: list: Listing contexts for virtual host 'localhost'
27-Jun-2019 11:30:29.978 INFO [http-nio-8080-exec-499] org.apache.catalina.core.ApplicationContext.log Manager: list: Listing contexts for virtual host 'localhost'
27-Jun-2019 11:30:30.028 INFO [http-nio-8080-exec-492] org.apache.catalina.core.ApplicationContext.log Manager: list: Listing contexts for virtual host 'localhost'
27-Jun-2019 11:30:30.392 INFO [http-nio-8080-exec-495] org.apache.catalina.core.ApplicationContext.log Manager: list: Listing contexts for virtual host 'localhost'
27-Jun-2019 11:30:30.754 INFO [http-nio-8080-exec-499] org.apache.catalina.core.ApplicationContext.log Manager: list: Listing contexts for virtual host 'localhost'
27-Jun-2019 11:30:30.806 INFO [http-nio-8080-exec-492] org.apache.catalina.core.ApplicationContext.log Manager: list: Listing contexts for virtual host 'localhost'
27-Jun-2019 11:30:31.181 INFO [http-nio-8080-exec-495] org.apache.catalina.core.ApplicationContext.log Manager: list: Listing contexts for virtual host 'localhost'
27-Jun-2019 11:30:31.235 INFO [http-nio-8080-exec-498] org.apache.catalina.core.ApplicationContext.log Manager: list: Listing contexts for virtual host 'localhost'
27-Jun-2019 11:30:31.287 INFO [http-nio-8080-exec-491] org.apache.catalina.core.ApplicationContext.log Manager: list: Listing contexts for virtual host 'localhost'
27-Jun-2019 11:30:31.677 INFO [http-nio-8080-exec-494] org.apache.catalina.core.ApplicationContext.log Manager: list: Listing contexts for virtual host 'localhost'
27-Jun-2019 11:30:31.736 INFO [http-nio-8080-exec-497] org.apache.catalina.core.ApplicationContext.log Manager: list: Listing contexts for virtual host 'localhost'
27-Jun-2019 11:30:32.106 INFO [http-nio-8080-exec-490] org.apache.catalina.core.ApplicationContext.log Manager: list: Listing contexts for virtual host 'localhost'
27-Jun-2019 11:30:32.159 INFO [http-nio-8080-exec-493] org.apache.catalina.core.ApplicationContext.log Manager: list: Listing contexts for virtual host 'localhost'
27-Jun-2019 11:30:32.206 INFO [http-nio-8080-exec-496] org.apache.catalina.core.ApplicationContext.log Manager: list: Listing contexts for virtual host 'localhost'
27-Jun-2019 11:30:32.569 INFO [http-nio-8080-exec-499] org.apache.catalina.core.ApplicationContext.log Manager: list: Listing contexts for virtual host 'localhost'
27-Jun-2019 11:30:32.932 INFO [http-nio-8080-exec-492] org.apache.catalina.core.ApplicationContext.log Manager: list: Listing contexts for virtual host 'localhost'
27-Jun-2019 11:30:32.993 INFO [http-nio-8080-exec-495] org.apache.catalina.core.ApplicationContext.log Manager: list: Listing contexts for virtual host 'localhost'
27-Jun-2019 11:30:33.057 INFO [http-nio-8080-exec-498] org.apache.catalina.core.ApplicationContext.log Manager: list: Listing contexts for virtual host 'localhost'
27-Jun-2019 11:30:33.106 INFO [http-nio-8080-exec-491] org.apache.catalina.core.ApplicationContext.log Manager: list: Listing contexts for virtual host 'localhost'
27-Jun-2019 11:30:33.488 INFO [http-nio-8080-exec-494] org.apache.catalina.core.ApplicationContext.log Manager: list: Listing contexts for virtual host 'localhost'
27-Jun-2019 11:30:33.536 INFO [http-nio-8080-exec-497] org.apache.catalina.core.ApplicationContext.log Manager: list: Listing contexts for virtual host 'localhost'
27-Jun-2019 11:30:33.919 INFO [http-nio-8080-exec-490] org.apache.catalina.core.ApplicationContext.log Manager: list: Listing contexts for virtual host 'localhost'
27-Jun-2019 11:30:33.974 INFO [http-nio-8080-exec-493] org.apache.catalina.core.ApplicationContext.log Manager: list: Listing contexts for virtual host 'localhost'
27-Jun-2019 11:30:34.346 INFO [http-nio-8080-exec-496] org.apache.catalina.core.ApplicationContext.log Manager: list: Listing contexts for virtual host 'localhost'
27-Jun-2019 11:30:34.708 INFO [http-nio-8080-exec-499] org.apache.catalina.core.ApplicationContext.log Manager: list: Listing contexts for virtual host 'localhost'
27-Jun-2019 11:30:35.092 INFO [http-nio-8080-exec-492] org.apache.catalina.core.ApplicationContext.log Manager: list: Listing contexts for virtual host 'localhost'
27-Jun-2019 11:30:35.158 INFO [http-nio-8080-exec-495] org.apache.catalina.core.ApplicationContext.log Manager: list: Listing contexts for virtual host 'localhost'
27-Jun-2019 11:30:35.530 INFO [http-nio-8080-exec-498] org.apache.catalina.core.ApplicationContext.log Manager: list: Listing contexts for virtual host 'localhost'
27-Jun-2019 11:30:35.590 INFO [http-nio-8080-exec-492] org.apache.catalina.core.ApplicationContext.log Manager: list: Listing contexts for virtual host 'localhost'
27-Jun-2019 11:30:35.658 INFO [http-nio-8080-exec-495] org.apache.catalina.core.ApplicationContext.log Manager: list: Listing contexts for virtual host 'localhost'
27-Jun-2019 11:30:35.722 INFO [http-nio-8080-exec-498] org.apache.catalina.core.ApplicationContext.log Manager: list: Listing contexts for virtual host 'localhost'
27-Jun-2019 11:30:36.098 INFO [http-nio-8080-exec-491] org.apache.catalina.core.ApplicationContext.log Manager: list: Listing contexts for virtual host 'localhost'
27-Jun-2019 11:30:36.496 INFO [http-nio-8080-exec-494] org.apache.catalina.core.ApplicationContext.log Manager: list: Listing contexts for virtual host 'localhost'
27-Jun-2019 11:30:36.564 INFO [http-nio-8080-exec-497] org.apache.catalina.core.ApplicationContext.log Manager: list: Listing contexts for virtual host 'localhost'
27-Jun-2019 11:30:36.742 INFO [http-nio-8080-exec-492] org.apache.catalina.core.ApplicationContext.log Manager: list: Listing contexts for virtual host 'localhost'
27-Jun-2019 11:30:36.876 INFO [http-nio-8080-exec-495] org.apache.catalina.core.ApplicationContext.log Manager: list: Listing contexts for virtual host 'localhost'
27-Jun-2019 11:30:36.967 INFO [http-nio-8080-exec-498] org.apache.catalina.core.ApplicationContext.log Manager: list: Listing contexts for virtual host 'localhost'
27-Jun-2019 11:30:37.172 INFO [http-nio-8080-exec-492] org.apache.catalina.core.ApplicationContext.log Manager: list: Listing contexts for virtual host 'localhost'
27-Jun-2019 11:30:37.258 INFO [http-nio-8080-exec-495] org.apache.catalina.core.ApplicationContext.log Manager: list: Listing contexts for virtual host 'localhost'
27-Jun-2019 11:30:37.462 INFO [http-nio-8080-exec-499] org.apache.catalina.core.ApplicationContext.log Manager: list: Listing contexts for virtual host 'localhost'
27-Jun-2019 11:30:37.578 INFO [http-nio-8080-exec-497] org.apache.catalina.core.ApplicationContext.log Manager: list: Listing contexts for virtual host 'localhost'
27-Jun-2019 11:30:37.975 INFO [http-nio-8080-exec-494] org.apache.catalina.core.ApplicationContext.log Manager: list: Listing contexts for virtual host 'localhost'
27-Jun-2019 11:30:38.034 INFO [http-nio-8080-exec-498] org.apache.catalina.core.ApplicationContext.log Manager: list: Listing contexts for virtual host 'localhost'
27-Jun-2019 11:30:38.109 INFO [http-nio-8080-exec-491] org.apache.catalina.core.ApplicationContext.log Manager: list: Listing contexts for virtual host 'localhost'
27-Jun-2019 11:30:38.170 INFO [http-nio-8080-exec-493] org.apache.catalina.core.ApplicationContext.log Manager: list: Listing contexts for virtual host 'localhost'
27-Jun-2019 11:30:38.546 INFO [http-nio-8080-exec-496] org.apache.catalina.core.ApplicationContext.log Manager: list: Listing contexts for virtual host 'localhost'
27-Jun-2019 11:30:38.619 INFO [http-nio-8080-exec-490] org.apache.catalina.core.ApplicationContext.log Manager: list: Listing contexts for virtual host 'localhost'
27-Jun-2019 11:30:38.719 INFO [http-nio-8080-exec-492] org.apache.catalina.core.ApplicationContext.log Manager: list: Listing contexts for virtual host 'localhost'
27-Jun-2019 11:30:38.799 INFO [http-nio-8080-exec-495] org.apache.catalina.core.ApplicationContext.log Manager: list: Listing contexts for virtual host 'localhost'
27-Jun-2019 11:30:39.178 INFO [http-nio-8080-exec-499] org.apache.catalina.core.ApplicationContext.log Manager: list: Listing contexts for virtual host 'localhost'
27-Jun-2019 11:30:39.233 INFO [http-nio-8080-exec-497] org.apache.catalina.core.ApplicationContext.log Manager: list: Listing contexts for virtual host 'localhost'
27-Jun-2019 11:30:39.290 INFO [http-nio-8080-exec-494] org.apache.catalina.core.ApplicationContext.log Manager: list: Listing contexts for virtual host 'localhost'
27-Jun-2019 11:30:39.669 INFO [http-nio-8080-exec-498] org.apache.catalina.core.ApplicationContext.log Manager: list: Listing contexts for virtual host 'localhost'
27-Jun-2019 11:30:39.728 INFO [http-nio-8080-exec-491] org.apache.catalina.core.ApplicationContext.log Manager: list: Listing contexts for virtual host 'localhost'
27-Jun-2019 11:30:39.782 INFO [http-nio-8080-exec-493] org.apache.catalina.core.ApplicationContext.log Manager: list: Listing contexts for virtual host 'localhost'
27-Jun-2019 11:30:39.845 INFO [http-nio-8080-exec-496] org.apache.catalina.core.ApplicationContext.log Manager: list: Listing contexts for virtual host 'localhost'
27-Jun-2019 11:30:40.221 INFO [http-nio-8080-exec-490] org.apache.catalina.core.ApplicationContext.log Manager: list: Listing contexts for virtual host 'localhost'
27-Jun-2019 11:30:40.299 INFO [http-nio-8080-exec-492] org.apache.catalina.core.ApplicationContext.log Manager: list: Listing contexts for virtual host 'localhost'
27-Jun-2019 11:30:40.367 INFO [http-nio-8080-exec-495] org.apache.catalina.core.ApplicationContext.log Manager: list: Listing contexts for virtual host 'localhost'
27-Jun-2019 11:30:40.433 INFO [http-nio-8080-exec-499] org.apache.catalina.core.ApplicationContext.log Manager: list: Listing contexts for virtual host 'localhost'
27-Jun-2019 11:30:40.497 INFO [http-nio-8080-exec-497] org.apache.catalina.core.ApplicationContext.log Manager: list: Listing contexts for virtual host 'localhost'
27-Jun-2019 11:30:40.857 INFO [http-nio-8080-exec-494] org.apache.catalina.core.ApplicationContext.log Manager: list: Listing contexts for virtual host 'localhost'
27-Jun-2019 11:30:41.237 INFO [http-nio-8080-exec-498] org.apache.catalina.core.ApplicationContext.log Manager: list: Listing contexts for virtual host 'localhost'
27-Jun-2019 11:30:41.300 INFO [http-nio-8080-exec-491] org.apache.catalina.core.ApplicationContext.log Manager: list: Listing contexts for virtual host 'localhost'
27-Jun-2019 11:30:41.365 INFO [http-nio-8080-exec-493] org.apache.catalina.core.ApplicationContext.log Manager: list: Listing contexts for virtual host 'localhost'
27-Jun-2019 11:30:41.424 INFO [http-nio-8080-exec-496] org.apache.catalina.core.ApplicationContext.log Manager: list: Listing contexts for virtual host 'localhost'
27-Jun-2019 11:30:41.486 INFO [http-nio-8080-exec-490] org.apache.catalina.core.ApplicationContext.log Manager: list: Listing contexts for virtual host 'localhost'
27-Jun-2019 11:30:41.545 INFO [http-nio-8080-exec-492] org.apache.catalina.core.ApplicationContext.log Manager: list: Listing contexts for virtual host 'localhost'
27-Jun-2019 11:30:41.609 INFO [http-nio-8080-exec-495] org.apache.catalina.core.ApplicationContext.log Manager: list: Listing contexts for virtual host 'localhost'
27-Jun-2019 11:30:41.984 INFO [http-nio-8080-exec-499] org.apache.catalina.core.ApplicationContext.log Manager: list: Listing contexts for virtual host 'localhost'
27-Jun-2019 11:30:42.042 INFO [http-nio-8080-exec-497] org.apache.catalina.core.ApplicationContext.log Manager: list: Listing contexts for virtual host 'localhost'
27-Jun-2019 11:30:42.412 INFO [http-nio-8080-exec-495] org.apache.catalina.core.ApplicationContext.log Manager: list: Listing contexts for virtual host 'localhost'
27-Jun-2019 11:30:42.472 INFO [http-nio-8080-exec-499] org.apache.catalina.core.ApplicationContext.log Manager: list: Listing contexts for virtual host 'localhost'
27-Jun-2019 11:30:42.744 INFO [http-nio-8080-exec-491] org.apache.catalina.core.ApplicationContext.log Manager: list: Listing contexts for virtual host 'localhost'
27-Jun-2019 11:30:42.845 INFO [http-nio-8080-exec-493] org.apache.catalina.core.ApplicationContext.log Manager: list: Listing contexts for virtual host 'localhost'
27-Jun-2019 11:30:42.909 INFO [http-nio-8080-exec-496] org.apache.catalina.core.ApplicationContext.log Manager: list: Listing contexts for virtual host 'localhost'
27-Jun-2019 11:30:43.335 INFO [http-nio-8080-exec-490] org.apache.catalina.core.ApplicationContext.log Manager: list: Listing contexts for virtual host 'localhost'
27-Jun-2019 11:30:43.399 INFO [http-nio-8080-exec-492] org.apache.catalina.core.ApplicationContext.log Manager: list: Listing contexts for virtual host 'localhost'
27-Jun-2019 11:30:43.459 INFO [http-nio-8080-exec-496] org.apache.catalina.core.ApplicationContext.log Manager: list: Listing contexts for virtual host 'localhost'
27-Jun-2019 11:30:43.520 INFO [http-nio-8080-exec-490] org.apache.catalina.core.ApplicationContext.log Manager: list: Listing contexts for virtual host 'localhost'
27-Jun-2019 11:30:43.579 INFO [http-nio-8080-exec-492] org.apache.catalina.core.ApplicationContext.log Manager: list: Listing contexts for virtual host 'localhost'
27-Jun-2019 11:30:43.635 INFO [http-nio-8080-exec-496] org.apache.catalina.core.ApplicationContext.log Manager: list: Listing contexts for virtual host 'localhost'
27-Jun-2019 11:30:44.033 INFO [http-nio-8080-exec-491] org.apache.catalina.core.ApplicationContext.log Manager: list: Listing contexts for virtual host 'localhost'
27-Jun-2019 11:30:44.088 INFO [http-nio-8080-exec-494] org.apache.catalina.core.ApplicationContext.log Manager: list: Listing contexts for virtual host 'localhost'
27-Jun-2019 11:30:44.145 INFO [http-nio-8080-exec-498] org.apache.catalina.core.ApplicationContext.log Manager: list: Listing contexts for virtual host 'localhost'
27-Jun-2019 11:30:44.524 INFO [http-nio-8080-exec-491] org.apache.catalina.core.ApplicationContext.log Manager: list: Listing contexts for virtual host 'localhost'
27-Jun-2019 11:30:44.579 INFO [http-nio-8080-exec-494] org.apache.catalina.core.ApplicationContext.log Manager: list: Listing contexts for virtual host 'localhost'
27-Jun-2019 11:30:44.935 INFO [http-nio-8080-exec-498] org.apache.catalina.core.ApplicationContext.log Manager: list: Listing contexts for virtual host 'localhost'
27-Jun-2019 11:30:44.984 INFO [http-nio-8080-exec-497] org.apache.catalina.core.ApplicationContext.log Manager: list: Listing contexts for virtual host 'localhost'
27-Jun-2019 11:30:45.040 INFO [http-nio-8080-exec-495] org.apache.catalina.core.ApplicationContext.log Manager: list: Listing contexts for virtual host 'localhost'
27-Jun-2019 11:30:45.093 INFO [http-nio-8080-exec-490] org.apache.catalina.core.ApplicationContext.log Manager: list: Listing contexts for virtual host 'localhost'
27-Jun-2019 11:30:45.474 INFO [http-nio-8080-exec-492] org.apache.catalina.core.ApplicationContext.log Manager: list: Listing contexts for virtual host 'localhost'
27-Jun-2019 11:30:45.545 INFO [http-nio-8080-exec-495] org.apache.catalina.core.ApplicationContext.log Manager: list: Listing contexts for virtual host 'localhost'
27-Jun-2019 11:30:45.614 INFO [http-nio-8080-exec-499] org.apache.catalina.core.ApplicationContext.log Manager: list: Listing contexts for virtual host 'localhost'
27-Jun-2019 11:30:45.683 INFO [http-nio-8080-exec-497] org.apache.catalina.core.ApplicationContext.log Manager: list: Listing contexts for virtual host 'localhost'
27-Jun-2019 11:31:04.006 INFO [http-nio-8080-exec-498] org.apache.catalina.core.ApplicationContext.log Manager: list: Listing contexts for virtual host 'localhost'
27-Jun-2019 11:33:38.917 INFO [http-nio-8080-exec-497] org.apache.catalina.core.ApplicationContext.log Manager: list: Listing contexts for virtual host 'localhost'
27-Jun-2019 11:35:15.282 INFO [http-nio-8080-exec-499] org.apache.catalina.core.ApplicationContext.log Manager: list: Listing contexts for virtual host 'localhost'
27-Jun-2019 11:35:15.284 INFO [http-nio-8080-exec-490] org.apache.catalina.core.ApplicationContext.log Manager: list: Listing contexts for virtual host 'localhost'
27-Jun-2019 11:35:15.389 INFO [http-nio-8080-exec-491] org.apache.catalina.core.ApplicationContext.log Manager: install: Installing context configuration at 'file:/C:/Users/PAULO~1.BEZ/AppData/Local/Temp/context1890071618226089099.xml'
27-Jun-2019 11:35:18.332 INFO [http-nio-8080-exec-497] org.apache.catalina.core.ApplicationContext.log Manager: start: Starting web application '/Opportunity'
27-Jun-2019 11:51:45.549 INFO [http-nio-8080-exec-491] org.apache.catalina.core.ApplicationContext.log Manager: list: Listing contexts for virtual host 'localhost'
27-Jun-2019 11:51:45.790 INFO [http-nio-8080-exec-494] org.apache.catalina.core.ApplicationContext.log Manager: restart: Reloading web application '/Opportunity'
27-Jun-2019 11:52:25.519 INFO [http-nio-8080-exec-496] org.apache.catalina.core.ApplicationContext.log Manager: list: Listing contexts for virtual host 'localhost'
27-Jun-2019 11:52:25.722 INFO [http-nio-8080-exec-499] org.apache.catalina.core.ApplicationContext.log Manager: restart: Reloading web application '/Opportunity'
27-Jun-2019 11:53:49.593 INFO [http-nio-8080-exec-495] org.apache.catalina.core.ApplicationContext.log Manager: list: Listing contexts for virtual host 'localhost'
27-Jun-2019 11:53:49.784 INFO [http-nio-8080-exec-504] org.apache.catalina.core.ApplicationContext.log Manager: restart: Reloading web application '/Opportunity'
27-Jun-2019 11:57:41.668 INFO [http-nio-8080-exec-514] org.apache.catalina.core.ApplicationContext.log Manager: list: Listing contexts for virtual host 'localhost'
27-Jun-2019 11:57:41.894 INFO [http-nio-8080-exec-520] org.apache.catalina.core.ApplicationContext.log Manager: restart: Reloading web application '/Opportunity'
27-Jun-2019 11:58:46.255 INFO [http-nio-8080-exec-517] org.apache.catalina.core.ApplicationContext.log Manager: list: Listing contexts for virtual host 'localhost'
27-Jun-2019 11:58:46.467 INFO [http-nio-8080-exec-524] org.apache.catalina.core.ApplicationContext.log Manager: restart: Reloading web application '/Opportunity'
27-Jun-2019 11:59:32.911 INFO [http-nio-8080-exec-525] org.apache.catalina.core.ApplicationContext.log Manager: list: Listing contexts for virtual host 'localhost'
27-Jun-2019 11:59:38.647 INFO [http-nio-8080-exec-529] org.apache.catalina.core.ApplicationContext.log Manager: list: Listing contexts for virtual host 'localhost'
27-Jun-2019 11:59:38.649 INFO [http-nio-8080-exec-535] org.apache.catalina.core.ApplicationContext.log Manager: list: Listing contexts for virtual host 'localhost'
27-Jun-2019 11:59:38.668 INFO [http-nio-8080-exec-530] org.apache.catalina.core.ApplicationContext.log Manager: undeploy: Undeploying web application at '/Opportunity'
27-Jun-2019 11:59:39.581 INFO [http-nio-8080-exec-535] org.apache.catalina.core.ApplicationContext.log Manager: install: Installing context configuration at 'file:/C:/Users/PAULO~1.BEZ/AppData/Local/Temp/context6305316655839763525.xml'
27-Jun-2019 11:59:40.634 INFO [http-nio-8080-exec-537] org.apache.catalina.core.ApplicationContext.log Manager: start: Starting web application '/Opportunity'
27-Jun-2019 12:00:52.327 INFO [http-nio-8080-exec-540] org.apache.catalina.core.ApplicationContext.log Manager: list: Listing contexts for virtual host 'localhost'
27-Jun-2019 12:01:28.454 INFO [http-nio-8080-exec-543] org.apache.catalina.core.ApplicationContext.log Manager: list: Listing contexts for virtual host 'localhost'
27-Jun-2019 12:02:06.062 INFO [http-nio-8080-exec-546] org.apache.catalina.core.ApplicationContext.log Manager: list: Listing contexts for virtual host 'localhost'
27-Jun-2019 12:02:10.389 INFO [http-nio-8080-exec-548] org.apache.catalina.core.ApplicationContext.log Manager: list: Listing contexts for virtual host 'localhost'
27-Jun-2019 12:02:10.391 INFO [http-nio-8080-exec-541] org.apache.catalina.core.ApplicationContext.log Manager: list: Listing contexts for virtual host 'localhost'
27-Jun-2019 12:02:10.403 INFO [http-nio-8080-exec-546] org.apache.catalina.core.ApplicationContext.log Manager: undeploy: Undeploying web application at '/Opportunity'
27-Jun-2019 12:02:11.288 INFO [http-nio-8080-exec-545] org.apache.catalina.core.ApplicationContext.log Manager: install: Installing context configuration at 'file:/C:/Users/PAULO~1.BEZ/AppData/Local/Temp/context29341813631677205.xml'
27-Jun-2019 12:02:12.334 INFO [http-nio-8080-exec-539] org.apache.catalina.core.ApplicationContext.log Manager: start: Starting web application '/Opportunity'
27-Jun-2019 12:04:22.456 INFO [http-nio-8080-exec-550] org.apache.catalina.core.ApplicationContext.log Manager: list: Listing contexts for virtual host 'localhost'
27-Jun-2019 12:04:22.672 INFO [http-nio-8080-exec-554] org.apache.catalina.core.ApplicationContext.log Manager: restart: Reloading web application '/Opportunity'
27-Jun-2019 12:05:26.061 INFO [http-nio-8080-exec-557] org.apache.catalina.core.ApplicationContext.log Manager: list: Listing contexts for virtual host 'localhost'
27-Jun-2019 12:08:02.796 INFO [http-nio-8080-exec-565] org.apache.catalina.core.ApplicationContext.log Manager: list: Listing contexts for virtual host 'localhost'
27-Jun-2019 12:08:02.821 INFO [http-nio-8080-exec-564] org.apache.catalina.core.ApplicationContext.log Manager: undeploy: Undeploying web application at '/Opportunity'
27-Jun-2019 12:08:03.366 INFO [http-nio-8080-exec-560] org.apache.catalina.core.ApplicationContext.log Manager: list: Listing contexts for virtual host 'localhost'
27-Jun-2019 12:08:03.671 INFO [http-nio-8080-exec-563] org.apache.catalina.core.ApplicationContext.log Manager: restart: Reloading web application '/Opportunity'
27-Jun-2019 12:09:19.373 INFO [http-nio-8080-exec-560] org.apache.catalina.core.ApplicationContext.log Manager: list: Listing contexts for virtual host 'localhost'
27-Jun-2019 12:09:19.373 INFO [http-nio-8080-exec-564] org.apache.catalina.core.ApplicationContext.log Manager: list: Listing contexts for virtual host 'localhost'
27-Jun-2019 12:09:19.533 INFO [http-nio-8080-exec-563] org.apache.catalina.core.ApplicationContext.log Manager: install: Installing context configuration at 'file:/C:/Users/PAULO~1.BEZ/AppData/Local/Temp/context2291527716658209048.xml'
27-Jun-2019 12:10:24.345 INFO [http-nio-8080-exec-575] org.apache.catalina.core.ApplicationContext.log Manager: list: Listing contexts for virtual host 'localhost'
27-Jun-2019 12:10:24.345 INFO [http-nio-8080-exec-560] org.apache.catalina.core.ApplicationContext.log Manager: list: Listing contexts for virtual host 'localhost'
27-Jun-2019 12:10:24.361 INFO [http-nio-8080-exec-564] org.apache.catalina.core.ApplicationContext.log Manager: undeploy: Undeploying web application at '/Opportunity'
27-Jun-2019 12:10:25.287 INFO [http-nio-8080-exec-571] org.apache.catalina.core.ApplicationContext.log Manager: install: Installing context configuration at 'file:/C:/Users/PAULO~1.BEZ/AppData/Local/Temp/context649565731157576164.xml'
27-Jun-2019 12:10:26.445 INFO [http-nio-8080-exec-569] org.apache.catalina.core.ApplicationContext.log Manager: start: Starting web application '/Opportunity'
27-Jun-2019 12:13:22.951 INFO [http-nio-8080-exec-581] org.apache.catalina.core.ApplicationContext.log Manager: list: Listing contexts for virtual host 'localhost'
27-Jun-2019 12:13:22.953 INFO [http-nio-8080-exec-577] org.apache.catalina.core.ApplicationContext.log Manager: list: Listing contexts for virtual host 'localhost'
27-Jun-2019 12:13:22.980 INFO [http-nio-8080-exec-586] org.apache.catalina.core.ApplicationContext.log Manager: undeploy: Undeploying web application at '/Opportunity'
27-Jun-2019 12:13:24.149 INFO [http-nio-8080-exec-577] org.apache.catalina.core.ApplicationContext.log Manager: install: Installing context configuration at 'file:/C:/Users/PAULO~1.BEZ/AppData/Local/Temp/context864126913429928573.xml'
27-Jun-2019 12:13:25.866 INFO [http-nio-8080-exec-581] org.apache.catalina.core.ApplicationContext.log Manager: start: Starting web application '/Opportunity'
27-Jun-2019 12:15:36.681 INFO [http-nio-8080-exec-589] org.apache.catalina.core.ApplicationContext.log Manager: list: Listing contexts for virtual host 'localhost'
27-Jun-2019 12:15:40.786 INFO [http-nio-8080-exec-588] org.apache.catalina.core.ApplicationContext.log Manager: list: Listing contexts for virtual host 'localhost'
27-Jun-2019 12:15:40.787 INFO [http-nio-8080-exec-592] org.apache.catalina.core.ApplicationContext.log Manager: list: Listing contexts for virtual host 'localhost'
27-Jun-2019 12:15:40.798 INFO [http-nio-8080-exec-595] org.apache.catalina.core.ApplicationContext.log Manager: undeploy: Undeploying web application at '/Opportunity'
27-Jun-2019 12:15:41.619 INFO [http-nio-8080-exec-591] org.apache.catalina.core.ApplicationContext.log Manager: install: Installing context configuration at 'file:/C:/Users/PAULO~1.BEZ/AppData/Local/Temp/context9134635734753077212.xml'
27-Jun-2019 12:15:42.664 INFO [http-nio-8080-exec-593] org.apache.catalina.core.ApplicationContext.log Manager: start: Starting web application '/Opportunity'
27-Jun-2019 12:16:58.584 INFO [http-nio-8080-exec-601] org.apache.catalina.core.ApplicationContext.log Manager: list: Listing contexts for virtual host 'localhost'
27-Jun-2019 12:17:34.353 INFO [http-nio-8080-exec-598] org.apache.catalina.core.ApplicationContext.log Manager: list: Listing contexts for virtual host 'localhost'
27-Jun-2019 12:18:29.556 INFO [http-nio-8080-exec-602] org.apache.catalina.core.ApplicationContext.log Manager: list: Listing contexts for virtual host 'localhost'
27-Jun-2019 12:18:59.223 INFO [http-nio-8080-exec-602] org.apache.catalina.core.ApplicationContext.log Manager: list: Listing contexts for virtual host 'localhost'
27-Jun-2019 12:18:59.224 INFO [http-nio-8080-exec-597] org.apache.catalina.core.ApplicationContext.log Manager: list: Listing contexts for virtual host 'localhost'
27-Jun-2019 12:18:59.241 INFO [http-nio-8080-exec-600] org.apache.catalina.core.ApplicationContext.log Manager: undeploy: Undeploying web application at '/Opportunity'
27-Jun-2019 12:19:00.242 INFO [http-nio-8080-exec-604] org.apache.catalina.core.ApplicationContext.log Manager: install: Installing context configuration at 'file:/C:/Users/PAULO~1.BEZ/AppData/Local/Temp/context6151901729338568712.xml'
27-Jun-2019 12:19:04.062 INFO [http-nio-8080-exec-605] org.apache.catalina.core.ApplicationContext.log Manager: start: Starting web application '/Opportunity'
27-Jun-2019 12:29:47.700 INFO [http-nio-8080-exec-611] org.apache.catalina.core.ApplicationContext.log Manager: list: Listing contexts for virtual host 'localhost'
27-Jun-2019 12:29:50.130 INFO [http-nio-8080-exec-616] org.apache.catalina.core.ApplicationContext.log Manager: list: Listing contexts for virtual host 'localhost'
27-Jun-2019 12:29:51.852 INFO [http-nio-8080-exec-607] org.apache.catalina.core.ApplicationContext.log Manager: list: Listing contexts for virtual host 'localhost'
27-Jun-2019 12:29:51.853 INFO [http-nio-8080-exec-613] org.apache.catalina.core.ApplicationContext.log Manager: list: Listing contexts for virtual host 'localhost'
27-Jun-2019 12:29:51.868 INFO [http-nio-8080-exec-615] org.apache.catalina.core.ApplicationContext.log Manager: undeploy: Undeploying web application at '/Opportunity'
27-Jun-2019 12:29:53.150 INFO [http-nio-8080-exec-610] org.apache.catalina.core.ApplicationContext.log Manager: install: Installing context configuration at 'file:/C:/Users/PAULO~1.BEZ/AppData/Local/Temp/context3484681761914374313.xml'
27-Jun-2019 12:29:55.336 INFO [http-nio-8080-exec-614] org.apache.catalina.core.ApplicationContext.log Manager: start: Starting web application '/Opportunity'
27-Jun-2019 12:30:10.169 INFO [http-nio-8080-exec-617] org.apache.catalina.core.ApplicationContext.log Manager: list: Listing contexts for virtual host 'localhost'
27-Jun-2019 12:30:13.477 INFO [http-nio-8080-exec-620] org.apache.catalina.core.ApplicationContext.log Manager: list: Listing contexts for virtual host 'localhost'
27-Jun-2019 12:30:13.479 INFO [http-nio-8080-exec-621] org.apache.catalina.core.ApplicationContext.log Manager: list: Listing contexts for virtual host 'localhost'
27-Jun-2019 12:30:13.490 INFO [http-nio-8080-exec-612] org.apache.catalina.core.ApplicationContext.log Manager: undeploy: Undeploying web application at '/Opportunity'
27-Jun-2019 12:30:14.418 INFO [http-nio-8080-exec-618] org.apache.catalina.core.ApplicationContext.log Manager: install: Installing context configuration at 'file:/C:/Users/PAULO~1.BEZ/AppData/Local/Temp/context831095792572657678.xml'
27-Jun-2019 12:30:15.587 INFO [http-nio-8080-exec-620] org.apache.catalina.core.ApplicationContext.log Manager: start: Starting web application '/Opportunity'
27-Jun-2019 12:31:31.045 INFO [http-nio-8080-exec-627] org.apache.catalina.core.ApplicationContext.log Manager: list: Listing contexts for virtual host 'localhost'
27-Jun-2019 12:31:34.712 INFO [http-nio-8080-exec-624] org.apache.catalina.core.ApplicationContext.log Manager: list: Listing contexts for virtual host 'localhost'
27-Jun-2019 12:31:34.713 INFO [http-nio-8080-exec-625] org.apache.catalina.core.ApplicationContext.log Manager: list: Listing contexts for virtual host 'localhost'
27-Jun-2019 12:31:34.726 INFO [http-nio-8080-exec-626] org.apache.catalina.core.ApplicationContext.log Manager: undeploy: Undeploying web application at '/Opportunity'
27-Jun-2019 12:31:35.711 INFO [http-nio-8080-exec-624] org.apache.catalina.core.ApplicationContext.log Manager: install: Installing context configuration at 'file:/C:/Users/PAULO~1.BEZ/AppData/Local/Temp/context5044217023618104544.xml'
27-Jun-2019 12:31:36.781 INFO [http-nio-8080-exec-628] org.apache.catalina.core.ApplicationContext.log Manager: start: Starting web application '/Opportunity'
27-Jun-2019 12:34:48.300 INFO [http-nio-8080-exec-634] org.apache.catalina.core.ApplicationContext.log Manager: list: Listing contexts for virtual host 'localhost'
27-Jun-2019 12:34:51.914 INFO [http-nio-8080-exec-639] org.apache.catalina.core.ApplicationContext.log Manager: list: Listing contexts for virtual host 'localhost'
27-Jun-2019 12:34:51.915 INFO [http-nio-8080-exec-640] org.apache.catalina.core.ApplicationContext.log Manager: list: Listing contexts for virtual host 'localhost'
27-Jun-2019 12:34:51.931 INFO [http-nio-8080-exec-632] org.apache.catalina.core.ApplicationContext.log Manager: undeploy: Undeploying web application at '/Opportunity'
27-Jun-2019 12:34:52.805 INFO [http-nio-8080-exec-640] org.apache.catalina.core.ApplicationContext.log Manager: install: Installing context configuration at 'file:/C:/Users/PAULO~1.BEZ/AppData/Local/Temp/context6354133210577804780.xml'
27-Jun-2019 12:34:56.677 INFO [http-nio-8080-exec-633] org.apache.catalina.core.ApplicationContext.log Manager: start: Starting web application '/Opportunity'
27-Jun-2019 12:35:49.949 INFO [http-nio-8080-exec-642] org.apache.catalina.core.ApplicationContext.log Manager: list: Listing contexts for virtual host 'localhost'
27-Jun-2019 12:35:54.027 INFO [http-nio-8080-exec-648] org.apache.catalina.core.ApplicationContext.log Manager: list: Listing contexts for virtual host 'localhost'
27-Jun-2019 12:35:59.913 INFO [http-nio-8080-exec-648] org.apache.catalina.core.ApplicationContext.log Manager: list: Listing contexts for virtual host 'localhost'
27-Jun-2019 12:35:59.915 INFO [http-nio-8080-exec-643] org.apache.catalina.core.ApplicationContext.log Manager: list: Listing contexts for virtual host 'localhost'
27-Jun-2019 12:35:59.928 INFO [http-nio-8080-exec-649] org.apache.catalina.core.ApplicationContext.log Manager: undeploy: Undeploying web application at '/Opportunity'
27-Jun-2019 12:36:00.847 INFO [http-nio-8080-exec-648] org.apache.catalina.core.ApplicationContext.log Manager: install: Installing context configuration at 'file:/C:/Users/PAULO~1.BEZ/AppData/Local/Temp/context3292654210800408688.xml'
27-Jun-2019 12:36:01.872 INFO [http-nio-8080-exec-645] org.apache.catalina.core.ApplicationContext.log Manager: start: Starting web application '/Opportunity'
27-Jun-2019 12:36:31.398 INFO [http-nio-8080-exec-642] org.apache.catalina.core.ApplicationContext.log Manager: list: Listing contexts for virtual host 'localhost'
27-Jun-2019 12:36:47.529 INFO [http-nio-8080-exec-656] org.apache.catalina.core.ApplicationContext.log Manager: list: Listing contexts for virtual host 'localhost'
27-Jun-2019 12:37:00.114 INFO [http-nio-8080-exec-653] org.apache.catalina.core.ApplicationContext.log Manager: list: Listing contexts for virtual host 'localhost'
27-Jun-2019 12:37:02.838 INFO [http-nio-8080-exec-645] org.apache.catalina.core.ApplicationContext.log Manager: list: Listing contexts for virtual host 'localhost'
27-Jun-2019 12:37:11.692 INFO [http-nio-8080-exec-658] org.apache.catalina.core.ApplicationContext.log Manager: list: Listing contexts for virtual host 'localhost'
27-Jun-2019 12:37:11.694 INFO [http-nio-8080-exec-657] org.apache.catalina.core.ApplicationContext.log Manager: list: Listing contexts for virtual host 'localhost'
27-Jun-2019 12:37:11.709 INFO [http-nio-8080-exec-659] org.apache.catalina.core.ApplicationContext.log Manager: undeploy: Undeploying web application at '/Opportunity'
27-Jun-2019 12:37:12.801 INFO [http-nio-8080-exec-657] org.apache.catalina.core.ApplicationContext.log Manager: install: Installing context configuration at 'file:/C:/Users/PAULO~1.BEZ/AppData/Local/Temp/context9023928750663488865.xml'
27-Jun-2019 12:37:14.403 INFO [http-nio-8080-exec-653] org.apache.catalina.core.ApplicationContext.log Manager: start: Starting web application '/Opportunity'
27-Jun-2019 12:37:44.534 INFO [http-nio-8080-exec-656] org.apache.catalina.core.ApplicationContext.log Manager: list: Listing contexts for virtual host 'localhost'
27-Jun-2019 12:37:48.789 INFO [http-nio-8080-exec-661] org.apache.catalina.core.ApplicationContext.log Manager: list: Listing contexts for virtual host 'localhost'
27-Jun-2019 12:37:48.791 INFO [http-nio-8080-exec-651] org.apache.catalina.core.ApplicationContext.log Manager: list: Listing contexts for virtual host 'localhost'
27-Jun-2019 12:37:48.805 INFO [http-nio-8080-exec-665] org.apache.catalina.core.ApplicationContext.log Manager: undeploy: Undeploying web application at '/Opportunity'
27-Jun-2019 12:37:49.944 INFO [http-nio-8080-exec-667] org.apache.catalina.core.ApplicationContext.log Manager: install: Installing context configuration at 'file:/C:/Users/PAULO~1.BEZ/AppData/Local/Temp/context5230582320606025325.xml'
27-Jun-2019 12:37:51.589 INFO [http-nio-8080-exec-664] org.apache.catalina.core.ApplicationContext.log Manager: start: Starting web application '/Opportunity'
27-Jun-2019 12:39:20.209 INFO [http-nio-8080-exec-671] org.apache.catalina.core.ApplicationContext.log Manager: list: Listing contexts for virtual host 'localhost'
27-Jun-2019 12:39:25.474 INFO [http-nio-8080-exec-674] org.apache.catalina.core.ApplicationContext.log Manager: list: Listing contexts for virtual host 'localhost'
27-Jun-2019 12:39:34.857 INFO [http-nio-8080-exec-675] org.apache.catalina.core.ApplicationContext.log Manager: list: Listing contexts for virtual host 'localhost'
27-Jun-2019 12:39:45.043 INFO [http-nio-8080-exec-670] org.apache.catalina.core.ApplicationContext.log Manager: list: Listing contexts for virtual host 'localhost'
27-Jun-2019 12:39:45.046 INFO [http-nio-8080-exec-672] org.apache.catalina.core.ApplicationContext.log Manager: list: Listing contexts for virtual host 'localhost'
27-Jun-2019 12:39:45.063 INFO [http-nio-8080-exec-671] org.apache.catalina.core.ApplicationContext.log Manager: undeploy: Undeploying web application at '/Opportunity'
27-Jun-2019 12:39:46.034 INFO [http-nio-8080-exec-677] org.apache.catalina.core.ApplicationContext.log Manager: install: Installing context configuration at 'file:/C:/Users/PAULO~1.BEZ/AppData/Local/Temp/context3240292512552224372.xml'
27-Jun-2019 12:39:47.150 INFO [http-nio-8080-exec-673] org.apache.catalina.core.ApplicationContext.log Manager: start: Starting web application '/Opportunity'
27-Jun-2019 12:41:34.040 INFO [http-nio-8080-exec-692] org.apache.catalina.core.ApplicationContext.log Manager: list: Listing contexts for virtual host 'localhost'
27-Jun-2019 12:41:39.816 INFO [http-nio-8080-exec-688] org.apache.catalina.core.ApplicationContext.log Manager: list: Listing contexts for virtual host 'localhost'
27-Jun-2019 12:41:39.818 INFO [http-nio-8080-exec-692] org.apache.catalina.core.ApplicationContext.log Manager: list: Listing contexts for virtual host 'localhost'
27-Jun-2019 12:41:39.829 INFO [http-nio-8080-exec-684] org.apache.catalina.core.ApplicationContext.log Manager: undeploy: Undeploying web application at '/Opportunity'
27-Jun-2019 12:41:40.800 INFO [http-nio-8080-exec-692] org.apache.catalina.core.ApplicationContext.log Manager: install: Installing context configuration at 'file:/C:/Users/PAULO~1.BEZ/AppData/Local/Temp/context9066425925433542760.xml'
27-Jun-2019 12:41:41.970 INFO [http-nio-8080-exec-690] org.apache.catalina.core.ApplicationContext.log Manager: start: Starting web application '/Opportunity'
27-Jun-2019 12:46:50.609 INFO [http-nio-8080-exec-698] org.apache.catalina.core.ApplicationContext.log Manager: list: Listing contexts for virtual host 'localhost'
27-Jun-2019 12:47:38.246 INFO [http-nio-8080-exec-701] org.apache.catalina.core.ApplicationContext.log Manager: list: Listing contexts for virtual host 'localhost'
27-Jun-2019 12:47:41.382 INFO [http-nio-8080-exec-696] org.apache.catalina.core.ApplicationContext.log Manager: list: Listing contexts for virtual host 'localhost'
27-Jun-2019 12:47:41.384 INFO [http-nio-8080-exec-702] org.apache.catalina.core.ApplicationContext.log Manager: list: Listing contexts for virtual host 'localhost'
27-Jun-2019 12:47:41.399 INFO [http-nio-8080-exec-700] org.apache.catalina.core.ApplicationContext.log Manager: undeploy: Undeploying web application at '/Opportunity'
27-Jun-2019 12:47:42.390 INFO [http-nio-8080-exec-694] org.apache.catalina.core.ApplicationContext.log Manager: install: Installing context configuration at 'file:/C:/Users/PAULO~1.BEZ/AppData/Local/Temp/context5291654099249378124.xml'
27-Jun-2019 12:47:46.255 INFO [http-nio-8080-exec-697] org.apache.catalina.core.ApplicationContext.log Manager: start: Starting web application '/Opportunity'
27-Jun-2019 12:49:18.183 INFO [http-nio-8080-exec-708] org.apache.catalina.core.ApplicationContext.log Manager: list: Listing contexts for virtual host 'localhost'
27-Jun-2019 12:49:21.675 INFO [http-nio-8080-exec-712] org.apache.catalina.core.ApplicationContext.log Manager: list: Listing contexts for virtual host 'localhost'
27-Jun-2019 12:49:21.676 INFO [http-nio-8080-exec-707] org.apache.catalina.core.ApplicationContext.log Manager: list: Listing contexts for virtual host 'localhost'
27-Jun-2019 12:49:21.689 INFO [http-nio-8080-exec-706] org.apache.catalina.core.ApplicationContext.log Manager: undeploy: Undeploying web application at '/Opportunity'
27-Jun-2019 12:49:22.758 INFO [http-nio-8080-exec-708] org.apache.catalina.core.ApplicationContext.log Manager: install: Installing context configuration at 'file:/C:/Users/PAULO~1.BEZ/AppData/Local/Temp/context3508278977636353487.xml'
27-Jun-2019 12:49:23.897 INFO [http-nio-8080-exec-703] org.apache.catalina.core.ApplicationContext.log Manager: start: Starting web application '/Opportunity'
27-Jun-2019 12:53:21.661 INFO [http-nio-8080-exec-714] org.apache.catalina.core.ApplicationContext.log Manager: list: Listing contexts for virtual host 'localhost'
27-Jun-2019 12:53:21.674 INFO [http-nio-8080-exec-722] org.apache.catalina.core.ApplicationContext.log Manager: undeploy: Undeploying web application at '/Opportunity'
27-Jun-2019 13:00:27.365 INFO [http-nio-8080-exec-726] org.apache.catalina.core.ApplicationContext.log Manager: list: Listing contexts for virtual host 'localhost'
27-Jun-2019 13:01:01.600 INFO [http-nio-8080-exec-720] org.apache.catalina.core.ApplicationContext.log Manager: list: Listing contexts for virtual host 'localhost'
27-Jun-2019 13:01:14.399 INFO [http-nio-8080-exec-726] org.apache.catalina.core.ApplicationContext.log Manager: list: Listing contexts for virtual host 'localhost'
27-Jun-2019 13:01:18.849 INFO [http-nio-8080-exec-730] org.apache.catalina.core.ApplicationContext.log Manager: list: Listing contexts for virtual host 'localhost'
27-Jun-2019 13:01:23.694 INFO [http-nio-8080-exec-723] org.apache.catalina.core.ApplicationContext.log Manager: list: Listing contexts for virtual host 'localhost'
27-Jun-2019 13:02:47.366 INFO [http-nio-8080-exec-730] org.apache.catalina.core.ApplicationContext.log Manager: list: Listing contexts for virtual host 'localhost'
27-Jun-2019 13:02:47.367 INFO [http-nio-8080-exec-732] org.apache.catalina.core.ApplicationContext.log Manager: list: Listing contexts for virtual host 'localhost'
27-Jun-2019 13:02:47.471 INFO [http-nio-8080-exec-731] org.apache.catalina.core.ApplicationContext.log Manager: install: Installing context configuration at 'file:/C:/Users/PAULO~1.BEZ/AppData/Local/Temp/context6357002532345882270.xml'
27-Jun-2019 13:02:51.714 INFO [http-nio-8080-exec-723] org.apache.catalina.core.ApplicationContext.log Manager: start: Starting web application '/Opportunity'
27-Jun-2019 13:03:47.597 INFO [http-nio-8080-exec-728] org.apache.catalina.core.ApplicationContext.log Manager: list: Listing contexts for virtual host 'localhost'
27-Jun-2019 13:03:51.443 INFO [http-nio-8080-exec-726] org.apache.catalina.core.ApplicationContext.log Manager: list: Listing contexts for virtual host 'localhost'
27-Jun-2019 13:03:51.443 INFO [http-nio-8080-exec-727] org.apache.catalina.core.ApplicationContext.log Manager: list: Listing contexts for virtual host 'localhost'
27-Jun-2019 13:03:51.468 INFO [http-nio-8080-exec-724] org.apache.catalina.core.ApplicationContext.log Manager: undeploy: Undeploying web application at '/Opportunity'
27-Jun-2019 13:03:52.559 INFO [http-nio-8080-exec-730] org.apache.catalina.core.ApplicationContext.log Manager: install: Installing context configuration at 'file:/C:/Users/PAULO~1.BEZ/AppData/Local/Temp/context204569593794017302.xml'
27-Jun-2019 13:03:53.666 INFO [http-nio-8080-exec-729] org.apache.catalina.core.ApplicationContext.log Manager: start: Starting web application '/Opportunity'
27-Jun-2019 13:04:37.310 INFO [http-nio-8080-exec-736] org.apache.catalina.core.ApplicationContext.log Manager: list: Listing contexts for virtual host 'localhost'
27-Jun-2019 13:04:42.099 INFO [http-nio-8080-exec-738] org.apache.catalina.core.ApplicationContext.log Manager: list: Listing contexts for virtual host 'localhost'
27-Jun-2019 13:04:42.100 INFO [http-nio-8080-exec-734] org.apache.catalina.core.ApplicationContext.log Manager: list: Listing contexts for virtual host 'localhost'
27-Jun-2019 13:04:42.116 INFO [http-nio-8080-exec-736] org.apache.catalina.core.ApplicationContext.log Manager: undeploy: Undeploying web application at '/Opportunity'
27-Jun-2019 13:04:43.231 INFO [http-nio-8080-exec-734] org.apache.catalina.core.ApplicationContext.log Manager: install: Installing context configuration at 'file:/C:/Users/PAULO~1.BEZ/AppData/Local/Temp/context3208867617321771821.xml'
27-Jun-2019 13:04:44.701 INFO [http-nio-8080-exec-733] org.apache.catalina.core.ApplicationContext.log Manager: start: Starting web application '/Opportunity'
27-Jun-2019 14:41:05.005 INFO [http-nio-8080-exec-743] org.apache.catalina.core.ApplicationContext.log Manager: list: Listing contexts for virtual host 'localhost'
27-Jun-2019 14:41:19.726 INFO [http-nio-8080-exec-752] org.apache.catalina.core.ApplicationContext.log Manager: list: Listing contexts for virtual host 'localhost'
27-Jun-2019 14:41:19.776 INFO [http-nio-8080-exec-746] org.apache.catalina.core.ApplicationContext.log Manager: undeploy: Undeploying web application at '/Opportunity'
27-Jun-2019 14:47:12.950 INFO [http-nio-8080-exec-758] org.apache.catalina.core.ApplicationContext.log Manager: list: Listing contexts for virtual host 'localhost'
27-Jun-2019 14:47:12.953 INFO [http-nio-8080-exec-744] org.apache.catalina.core.ApplicationContext.log Manager: list: Listing contexts for virtual host 'localhost'
27-Jun-2019 14:47:13.935 INFO [http-nio-8080-exec-751] org.apache.catalina.core.ApplicationContext.log Manager: install: Installing context configuration at 'file:/C:/Users/PAULO~1.BEZ/AppData/Local/Temp/context2243529925803158491.xml'
27-Jun-2019 14:47:22.866 INFO [http-nio-8080-exec-745] org.apache.catalina.core.ApplicationContext.log Manager: start: Starting web application '/Opportunity'
27-Jun-2019 14:48:08.119 INFO [http-nio-8080-exec-755] org.apache.catalina.core.ApplicationContext.log Manager: list: Listing contexts for virtual host 'localhost'
27-Jun-2019 14:48:14.763 INFO [http-nio-8080-exec-753] org.apache.catalina.core.ApplicationContext.log Manager: list: Listing contexts for virtual host 'localhost'
27-Jun-2019 14:48:14.767 INFO [http-nio-8080-exec-759] org.apache.catalina.core.ApplicationContext.log Manager: list: Listing contexts for virtual host 'localhost'
27-Jun-2019 14:48:14.790 INFO [http-nio-8080-exec-754] org.apache.catalina.core.ApplicationContext.log Manager: undeploy: Undeploying web application at '/Opportunity'
27-Jun-2019 14:48:16.316 INFO [http-nio-8080-exec-762] org.apache.catalina.core.ApplicationContext.log Manager: install: Installing context configuration at 'file:/C:/Users/PAULO~1.BEZ/AppData/Local/Temp/context2721613376140364277.xml'
27-Jun-2019 14:48:17.603 INFO [http-nio-8080-exec-760] org.apache.catalina.core.ApplicationContext.log Manager: start: Starting web application '/Opportunity'
27-Jun-2019 14:53:43.528 INFO [http-nio-8080-exec-765] org.apache.catalina.core.ApplicationContext.log Manager: list: Listing contexts for virtual host 'localhost'
27-Jun-2019 14:54:10.164 INFO [http-nio-8080-exec-773] org.apache.catalina.core.ApplicationContext.log Manager: list: Listing contexts for virtual host 'localhost'
27-Jun-2019 14:54:16.420 INFO [http-nio-8080-exec-771] org.apache.catalina.core.ApplicationContext.log Manager: list: Listing contexts for virtual host 'localhost'
27-Jun-2019 14:54:16.423 INFO [http-nio-8080-exec-766] org.apache.catalina.core.ApplicationContext.log Manager: list: Listing contexts for virtual host 'localhost'
27-Jun-2019 14:54:16.446 INFO [http-nio-8080-exec-773] org.apache.catalina.core.ApplicationContext.log Manager: undeploy: Undeploying web application at '/Opportunity'
27-Jun-2019 14:54:18.073 INFO [http-nio-8080-exec-764] org.apache.catalina.core.ApplicationContext.log Manager: install: Installing context configuration at 'file:/C:/Users/PAULO~1.BEZ/AppData/Local/Temp/context3646158688515094702.xml'
27-Jun-2019 14:54:20.603 INFO [http-nio-8080-exec-766] org.apache.catalina.core.ApplicationContext.log Manager: start: Starting web application '/Opportunity'
27-Jun-2019 15:08:33.120 INFO [http-nio-8080-exec-775] org.apache.catalina.core.ApplicationContext.log Manager: list: Listing contexts for virtual host 'localhost'
27-Jun-2019 15:09:43.197 INFO [http-nio-8080-exec-778] org.apache.catalina.core.ApplicationContext.log Manager: list: Listing contexts for virtual host 'localhost'
27-Jun-2019 15:09:55.504 INFO [http-nio-8080-exec-782] org.apache.catalina.core.ApplicationContext.log Manager: list: Listing contexts for virtual host 'localhost'
27-Jun-2019 15:10:18.974 INFO [http-nio-8080-exec-776] org.apache.catalina.core.ApplicationContext.log Manager: list: Listing contexts for virtual host 'localhost'
27-Jun-2019 15:10:33.783 INFO [http-nio-8080-exec-779] org.apache.catalina.core.ApplicationContext.log Manager: list: Listing contexts for virtual host 'localhost'
27-Jun-2019 15:11:06.873 INFO [http-nio-8080-exec-783] org.apache.catalina.core.ApplicationContext.log Manager: list: Listing contexts for virtual host 'localhost'
27-Jun-2019 15:11:06.895 INFO [http-nio-8080-exec-784] org.apache.catalina.core.ApplicationContext.log Manager: undeploy: Undeploying web application at '/Opportunity'
27-Jun-2019 15:18:21.438 INFO [http-nio-8080-exec-788] org.apache.catalina.core.ApplicationContext.log Manager: list: Listing contexts for virtual host 'localhost'
27-Jun-2019 15:20:29.254 INFO [http-nio-8080-exec-793] org.apache.catalina.core.ApplicationContext.log Manager: list: Listing contexts for virtual host 'localhost'
27-Jun-2019 15:20:31.502 INFO [http-nio-8080-exec-789] org.apache.catalina.core.ApplicationContext.log Manager: list: Listing contexts for virtual host 'localhost'
27-Jun-2019 15:21:57.091 INFO [http-nio-8080-exec-786] org.apache.catalina.core.ApplicationContext.log Manager: list: Listing contexts for virtual host 'localhost'
27-Jun-2019 15:25:25.921 INFO [http-nio-8080-exec-792] org.apache.catalina.core.ApplicationContext.log Manager: list: Listing contexts for virtual host 'localhost'
27-Jun-2019 15:25:48.009 INFO [http-nio-8080-exec-789] org.apache.catalina.core.ApplicationContext.log Manager: list: Listing contexts for virtual host 'localhost'
27-Jun-2019 15:25:48.441 INFO [http-nio-8080-exec-792] org.apache.catalina.core.ApplicationContext.log Manager: list: Listing contexts for virtual host 'localhost'
27-Jun-2019 15:25:48.500 INFO [http-nio-8080-exec-786] org.apache.catalina.core.ApplicationContext.log Manager: list: Listing contexts for virtual host 'localhost'
27-Jun-2019 15:26:49.050 INFO [http-nio-8080-exec-793] org.apache.catalina.core.ApplicationContext.log Manager: list: Listing contexts for virtual host 'localhost'
27-Jun-2019 15:27:17.082 INFO [http-nio-8080-exec-790] org.apache.catalina.core.ApplicationContext.log Manager: list: Listing contexts for virtual host 'localhost'
27-Jun-2019 15:29:09.729 INFO [http-nio-8080-exec-785] org.apache.catalina.core.ApplicationContext.log Manager: list: Listing contexts for virtual host 'localhost'
27-Jun-2019 15:36:18.685 INFO [http-nio-8080-exec-790] org.apache.catalina.core.ApplicationContext.log Manager: list: Listing contexts for virtual host 'localhost'
27-Jun-2019 15:38:50.356 INFO [http-nio-8080-exec-785] org.apache.catalina.core.ApplicationContext.log Manager: list: Listing contexts for virtual host 'localhost'
27-Jun-2019 15:40:32.971 INFO [http-nio-8080-exec-792] org.apache.catalina.core.ApplicationContext.log Manager: list: Listing contexts for virtual host 'localhost'
27-Jun-2019 15:41:24.337 INFO [http-nio-8080-exec-787] org.apache.catalina.core.ApplicationContext.log Manager: list: Listing contexts for virtual host 'localhost'
27-Jun-2019 15:43:41.731 INFO [http-nio-8080-exec-792] org.apache.catalina.core.ApplicationContext.log Manager: list: Listing contexts for virtual host 'localhost'
27-Jun-2019 15:44:39.576 INFO [http-nio-8080-exec-789] org.apache.catalina.core.ApplicationContext.log Manager: list: Listing contexts for virtual host 'localhost'
27-Jun-2019 15:44:42.886 INFO [http-nio-8080-exec-786] org.apache.catalina.core.ApplicationContext.log Manager: list: Listing contexts for virtual host 'localhost'
27-Jun-2019 15:47:01.131 INFO [http-nio-8080-exec-792] org.apache.catalina.core.ApplicationContext.log Manager: list: Listing contexts for virtual host 'localhost'
27-Jun-2019 15:51:03.967 INFO [http-nio-8080-exec-789] org.apache.catalina.core.ApplicationContext.log Manager: list: Listing contexts for virtual host 'localhost'
27-Jun-2019 15:53:17.627 INFO [http-nio-8080-exec-786] org.apache.catalina.core.ApplicationContext.log Manager: list: Listing contexts for virtual host 'localhost'
27-Jun-2019 15:53:58.875 INFO [http-nio-8080-exec-792] org.apache.catalina.core.ApplicationContext.log Manager: list: Listing contexts for virtual host 'localhost'
27-Jun-2019 15:54:26.149 INFO [http-nio-8080-exec-787] org.apache.catalina.core.ApplicationContext.log Manager: list: Listing contexts for virtual host 'localhost'
27-Jun-2019 15:54:47.848 INFO [http-nio-8080-exec-792] org.apache.catalina.core.ApplicationContext.log Manager: list: Listing contexts for virtual host 'localhost'
27-Jun-2019 15:54:56.376 INFO [http-nio-8080-exec-789] org.apache.catalina.core.ApplicationContext.log Manager: list: Listing contexts for virtual host 'localhost'
27-Jun-2019 15:55:39.917 INFO [http-nio-8080-exec-794] org.apache.catalina.core.ApplicationContext.log Manager: list: Listing contexts for virtual host 'localhost'
27-Jun-2019 15:56:04.601 INFO [http-nio-8080-exec-791] org.apache.catalina.core.ApplicationContext.log Manager: list: Listing contexts for virtual host 'localhost'
27-Jun-2019 15:56:12.695 INFO [http-nio-8080-exec-789] org.apache.catalina.core.ApplicationContext.log Manager: list: Listing contexts for virtual host 'localhost'
27-Jun-2019 15:56:56.919 INFO [http-nio-8080-exec-794] org.apache.catalina.core.ApplicationContext.log Manager: list: Listing contexts for virtual host 'localhost'
27-Jun-2019 16:00:07.998 INFO [http-nio-8080-exec-791] org.apache.catalina.core.ApplicationContext.log Manager: list: Listing contexts for virtual host 'localhost'
27-Jun-2019 16:21:21.981 INFO [http-nio-8080-exec-788] org.apache.catalina.core.ApplicationContext.log Manager: list: Listing contexts for virtual host 'localhost'
27-Jun-2019 16:21:29.103 INFO [http-nio-8080-exec-794] org.apache.catalina.core.ApplicationContext.log Manager: list: Listing contexts for virtual host 'localhost'
27-Jun-2019 16:32:08.773 INFO [http-nio-8080-exec-789] org.apache.catalina.core.ApplicationContext.log Manager: list: Listing contexts for virtual host 'localhost'
27-Jun-2019 16:32:16.018 INFO [http-nio-8080-exec-786] org.apache.catalina.core.ApplicationContext.log Manager: list: Listing contexts for virtual host 'localhost'
27-Jun-2019 16:35:50.352 INFO [http-nio-8080-exec-792] org.apache.catalina.core.ApplicationContext.log Manager: list: Listing contexts for virtual host 'localhost'
27-Jun-2019 16:47:28.846 INFO [http-nio-8080-exec-789] org.apache.catalina.core.ApplicationContext.log Manager: list: Listing contexts for virtual host 'localhost'
27-Jun-2019 16:47:39.015 INFO [http-nio-8080-exec-785] org.apache.catalina.core.ApplicationContext.log Manager: list: Listing contexts for virtual host 'localhost'
27-Jun-2019 16:47:39.018 INFO [http-nio-8080-exec-787] org.apache.catalina.core.ApplicationContext.log Manager: list: Listing contexts for virtual host 'localhost'
27-Jun-2019 16:47:39.506 INFO [http-nio-8080-exec-788] org.apache.catalina.core.ApplicationContext.log Manager: install: Installing context configuration at 'file:/C:/Users/PAULO~1.BEZ/AppData/Local/Temp/context8151039945562903521.xml'
27-Jun-2019 16:47:47.715 INFO [http-nio-8080-exec-790] org.apache.catalina.core.ApplicationContext.log Manager: start: Starting web application '/Opportunity'
27-Jun-2019 16:48:44.548 INFO [http-nio-8080-exec-793] org.apache.catalina.core.ApplicationContext.log Manager: list: Listing contexts for virtual host 'localhost'
27-Jun-2019 16:48:44.815 INFO [http-nio-8080-exec-785] org.apache.catalina.core.ApplicationContext.log Manager: restart: Reloading web application '/Opportunity'
27-Jun-2019 16:51:56.244 INFO [http-nio-8080-exec-800] org.apache.catalina.core.ApplicationContext.log Manager: list: Listing contexts for virtual host 'localhost'
27-Jun-2019 16:51:56.481 INFO [http-nio-8080-exec-801] org.apache.catalina.core.ApplicationContext.log Manager: restart: Reloading web application '/Opportunity'
27-Jun-2019 16:52:40.454 INFO [http-nio-8080-exec-800] org.apache.catalina.core.ApplicationContext.log Manager: list: Listing contexts for virtual host 'localhost'
27-Jun-2019 16:52:40.692 INFO [http-nio-8080-exec-803] org.apache.catalina.core.ApplicationContext.log Manager: restart: Reloading web application '/Opportunity'
27-Jun-2019 16:52:52.536 INFO [http-nio-8080-exec-808] org.apache.catalina.core.ApplicationContext.log Manager: list: Listing contexts for virtual host 'localhost'
27-Jun-2019 16:52:52.539 INFO [http-nio-8080-exec-804] org.apache.catalina.core.ApplicationContext.log Manager: list: Listing contexts for virtual host 'localhost'
27-Jun-2019 16:52:52.585 INFO [http-nio-8080-exec-798] org.apache.catalina.core.ApplicationContext.log Manager: undeploy: Undeploying web application at '/Opportunity'
27-Jun-2019 16:52:53.836 INFO [http-nio-8080-exec-810] org.apache.catalina.core.ApplicationContext.log Manager: install: Installing context configuration at 'file:/C:/Users/PAULO~1.BEZ/AppData/Local/Temp/context649089587521124566.xml'
27-Jun-2019 16:52:54.967 INFO [http-nio-8080-exec-804] org.apache.catalina.core.ApplicationContext.log Manager: start: Starting web application '/Opportunity'
27-Jun-2019 16:57:20.127 INFO [http-nio-8080-exec-812] org.apache.catalina.core.ApplicationContext.log Manager: list: Listing contexts for virtual host 'localhost'
27-Jun-2019 16:57:46.818 INFO [http-nio-8080-exec-818] org.apache.catalina.core.ApplicationContext.log Manager: list: Listing contexts for virtual host 'localhost'
27-Jun-2019 16:57:52.004 INFO [http-nio-8080-exec-815] org.apache.catalina.core.ApplicationContext.log Manager: list: Listing contexts for virtual host 'localhost'
27-Jun-2019 16:57:52.009 INFO [http-nio-8080-exec-816] org.apache.catalina.core.ApplicationContext.log Manager: undeploy: Undeploying web application at '/Opportunity'
27-Jun-2019 16:58:11.584 INFO [http-nio-8080-exec-811] org.apache.catalina.core.ApplicationContext.log Manager: list: Listing contexts for virtual host 'localhost'
27-Jun-2019 17:00:24.189 INFO [http-nio-8080-exec-824] org.apache.catalina.core.ApplicationContext.log Manager: list: Listing contexts for virtual host 'localhost'
27-Jun-2019 17:00:32.252 INFO [http-nio-8080-exec-827] org.apache.catalina.core.ApplicationContext.log Manager: list: Listing contexts for virtual host 'localhost'
27-Jun-2019 17:09:39.712 INFO [http-nio-8080-exec-824] org.apache.catalina.core.ApplicationContext.log Manager: list: Listing contexts for virtual host 'localhost'
27-Jun-2019 17:10:19.086 INFO [http-nio-8080-exec-828] org.apache.catalina.core.ApplicationContext.log Manager: list: Listing contexts for virtual host 'localhost'
27-Jun-2019 17:10:53.894 INFO [http-nio-8080-exec-826] org.apache.catalina.core.ApplicationContext.log Manager: list: Listing contexts for virtual host 'localhost'
27-Jun-2019 17:10:56.603 INFO [http-nio-8080-exec-823] org.apache.catalina.core.ApplicationContext.log Manager: list: Listing contexts for virtual host 'localhost'
27-Jun-2019 17:10:56.603 INFO [http-nio-8080-exec-824] org.apache.catalina.core.ApplicationContext.log Manager: list: Listing contexts for virtual host 'localhost'
27-Jun-2019 17:10:56.677 INFO [http-nio-8080-exec-825] org.apache.catalina.core.ApplicationContext.log Manager: install: Installing context configuration at 'file:/C:/Users/PAULO~1.BEZ/AppData/Local/Temp/context7016441417777701368.xml'
27-Jun-2019 17:11:05.560 INFO [http-nio-8080-exec-826] org.apache.catalina.core.ApplicationContext.log Manager: start: Starting web application '/Opportunity'
27-Jun-2019 17:12:25.494 INFO [http-nio-8080-exec-822] org.apache.catalina.core.ApplicationContext.log Manager: list: Listing contexts for virtual host 'localhost'
27-Jun-2019 17:12:25.751 INFO [http-nio-8080-exec-823] org.apache.catalina.core.ApplicationContext.log Manager: restart: Reloading web application '/Opportunity'
27-Jun-2019 17:12:36.402 INFO [http-nio-8080-exec-822] org.apache.catalina.core.ApplicationContext.log Manager: list: Listing contexts for virtual host 'localhost'
27-Jun-2019 17:12:36.650 INFO [http-nio-8080-exec-831] org.apache.catalina.core.ApplicationContext.log Manager: restart: Reloading web application '/Opportunity'
27-Jun-2019 17:13:51.815 INFO [http-nio-8080-exec-822] org.apache.catalina.core.ApplicationContext.log Manager: list: Listing contexts for virtual host 'localhost'
27-Jun-2019 17:13:52.033 INFO [http-nio-8080-exec-827] org.apache.catalina.core.ApplicationContext.log Manager: restart: Reloading web application '/Opportunity'
27-Jun-2019 17:13:56.917 INFO [http-nio-8080-exec-836] org.apache.catalina.core.ApplicationContext.log Manager: list: Listing contexts for virtual host 'localhost'
27-Jun-2019 17:13:57.137 INFO [http-nio-8080-exec-835] org.apache.catalina.core.ApplicationContext.log Manager: restart: Reloading web application '/Opportunity'
27-Jun-2019 17:19:33.430 INFO [http-nio-8080-exec-844] org.apache.catalina.core.ApplicationContext.log Manager: list: Listing contexts for virtual host 'localhost'
27-Jun-2019 17:19:33.679 INFO [http-nio-8080-exec-845] org.apache.catalina.core.ApplicationContext.log Manager: restart: Reloading web application '/Opportunity'
27-Jun-2019 17:19:54.069 INFO [http-nio-8080-exec-851] org.apache.catalina.core.ApplicationContext.log Manager: list: Listing contexts for virtual host 'localhost'
27-Jun-2019 17:19:54.289 INFO [http-nio-8080-exec-853] org.apache.catalina.core.ApplicationContext.log Manager: restart: Reloading web application '/Opportunity'
27-Jun-2019 17:20:16.294 INFO [http-nio-8080-exec-852] org.apache.catalina.core.ApplicationContext.log Manager: list: Listing contexts for virtual host 'localhost'
27-Jun-2019 17:20:16.537 INFO [http-nio-8080-exec-856] org.apache.catalina.core.ApplicationContext.log Manager: restart: Reloading web application '/Opportunity'
27-Jun-2019 17:20:28.576 INFO [http-nio-8080-exec-851] org.apache.catalina.core.ApplicationContext.log Manager: list: Listing contexts for virtual host 'localhost'
27-Jun-2019 17:20:28.810 INFO [http-nio-8080-exec-857] org.apache.catalina.core.ApplicationContext.log Manager: restart: Reloading web application '/Opportunity'
27-Jun-2019 17:22:19.708 INFO [http-nio-8080-exec-860] org.apache.catalina.core.ApplicationContext.log Manager: list: Listing contexts for virtual host 'localhost'
27-Jun-2019 17:22:19.711 INFO [http-nio-8080-exec-864] org.apache.catalina.core.ApplicationContext.log Manager: list: Listing contexts for virtual host 'localhost'
27-Jun-2019 17:22:19.755 INFO [http-nio-8080-exec-865] org.apache.catalina.core.ApplicationContext.log Manager: undeploy: Undeploying web application at '/Opportunity'
27-Jun-2019 17:22:20.974 INFO [http-nio-8080-exec-854] org.apache.catalina.core.ApplicationContext.log Manager: install: Installing context configuration at 'file:/C:/Users/PAULO~1.BEZ/AppData/Local/Temp/context2702449132090740478.xml'
27-Jun-2019 17:22:22.220 INFO [http-nio-8080-exec-866] org.apache.catalina.core.ApplicationContext.log Manager: start: Starting web application '/Opportunity'
27-Jun-2019 17:23:24.039 INFO [http-nio-8080-exec-872] org.apache.catalina.core.ApplicationContext.log Manager: list: Listing contexts for virtual host 'localhost'
27-Jun-2019 17:23:24.232 INFO [http-nio-8080-exec-859] org.apache.catalina.core.ApplicationContext.log Manager: restart: Reloading web application '/Opportunity'
27-Jun-2019 17:23:29.313 INFO [http-nio-8080-exec-871] org.apache.catalina.core.ApplicationContext.log Manager: list: Listing contexts for virtual host 'localhost'
27-Jun-2019 17:23:29.323 INFO [http-nio-8080-exec-868] org.apache.catalina.core.ApplicationContext.log Manager: undeploy: Undeploying web application at '/Opportunity'
27-Jun-2019 17:23:58.344 INFO [http-nio-8080-exec-875] org.apache.catalina.core.ApplicationContext.log Manager: list: Listing contexts for virtual host 'localhost'
27-Jun-2019 17:24:55.246 INFO [http-nio-8080-exec-871] org.apache.catalina.core.ApplicationContext.log Manager: list: Listing contexts for virtual host 'localhost'
27-Jun-2019 17:32:12.027 INFO [http-nio-8080-exec-883] org.apache.catalina.core.ApplicationContext.log Manager: list: Listing contexts for virtual host 'localhost'
27-Jun-2019 17:32:12.043 INFO [http-nio-8080-exec-884] org.apache.catalina.core.ApplicationContext.log Manager: list: Listing contexts for virtual host 'localhost'
27-Jun-2019 17:32:12.137 INFO [http-nio-8080-exec-885] org.apache.catalina.core.ApplicationContext.log Manager: install: Installing context configuration at 'file:/C:/Users/PAULO~1.BEZ/AppData/Local/Temp/context5703865828143521600.xml'
27-Jun-2019 17:32:17.937 INFO [http-nio-8080-exec-886] org.apache.catalina.core.ApplicationContext.log Manager: start: Starting web application '/Opportunity'
27-Jun-2019 17:35:20.178 INFO [http-nio-8080-exec-878] org.apache.catalina.core.ApplicationContext.log Manager: list: Listing contexts for virtual host 'localhost'
27-Jun-2019 17:35:29.994 INFO [http-nio-8080-exec-884] org.apache.catalina.core.ApplicationContext.log Manager: list: Listing contexts for virtual host 'localhost'
27-Jun-2019 17:35:30.018 INFO [http-nio-8080-exec-885] org.apache.catalina.core.ApplicationContext.log Manager: undeploy: Undeploying web application at '/Opportunity'
27-Jun-2019 17:36:05.264 INFO [http-nio-8080-exec-882] org.apache.catalina.core.ApplicationContext.log Manager: list: Listing contexts for virtual host 'localhost'
27-Jun-2019 17:36:05.846 INFO [http-nio-8080-exec-878] org.apache.catalina.core.ApplicationContext.log Manager: list: Listing contexts for virtual host 'localhost'
27-Jun-2019 17:51:33.030 INFO [http-nio-8080-exec-894] org.apache.catalina.core.ApplicationContext.log Manager: list: Listing contexts for virtual host 'localhost'
27-Jun-2019 17:51:33.046 INFO [http-nio-8080-exec-895] org.apache.catalina.core.ApplicationContext.log Manager: list: Listing contexts for virtual host 'localhost'
27-Jun-2019 17:51:33.202 INFO [http-nio-8080-exec-896] org.apache.catalina.core.ApplicationContext.log Manager: install: Installing context configuration at 'file:/C:/Users/PAULO~1.BEZ/AppData/Local/Temp/context8022696939045425209.xml'
27-Jun-2019 17:51:44.149 INFO [http-nio-8080-exec-889] org.apache.catalina.core.ApplicationContext.log Manager: start: Starting web application '/Opportunity'
27-Jun-2019 18:00:30.011 INFO [http-nio-8080-exec-895] org.apache.catalina.core.ApplicationContext.log Manager: list: Listing contexts for virtual host 'localhost'
27-Jun-2019 18:00:30.041 INFO [http-nio-8080-exec-896] org.apache.catalina.core.ApplicationContext.log Manager: undeploy: Undeploying web application at '/Opportunity'
27-Jun-2019 18:01:59.082 INFO [http-nio-8080-exec-888] org.apache.catalina.core.ApplicationContext.log Manager: list: Listing contexts for virtual host 'localhost'
27-Jun-2019 18:01:59.084 INFO [http-nio-8080-exec-899] org.apache.catalina.core.ApplicationContext.log Manager: list: Listing contexts for virtual host 'localhost'
27-Jun-2019 18:01:59.189 INFO [http-nio-8080-exec-895] org.apache.catalina.core.ApplicationContext.log Manager: install: Installing context configuration at 'file:/C:/Users/PAULO~1.BEZ/AppData/Local/Temp/context1776907516303547089.xml'
27-Jun-2019 18:02:00.432 INFO [http-nio-8080-exec-893] org.apache.catalina.core.ApplicationContext.log Manager: start: Starting web application '/Opportunity'
27-Jun-2019 19:35:41.777 INFO [http-nio-8080-exec-900] org.apache.catalina.core.ApplicationContext.log Manager: list: Listing contexts for virtual host 'localhost'
27-Jun-2019 19:36:24.984 INFO [http-nio-8080-exec-898] org.apache.catalina.core.ApplicationContext.log Manager: list: Listing contexts for virtual host 'localhost'
27-Jun-2019 19:36:26.025 INFO [http-nio-8080-exec-897] org.apache.catalina.core.ApplicationContext.log Manager: undeploy: Undeploying web application at '/Opportunity'
27-Jun-2019 19:43:53.463 INFO [http-nio-8080-exec-910] org.apache.catalina.core.ApplicationContext.log Manager: list: Listing contexts for virtual host 'localhost'
27-Jun-2019 19:49:35.833 INFO [http-nio-8080-exec-907] org.apache.catalina.core.ApplicationContext.log Manager: list: Listing contexts for virtual host 'localhost'
27-Jun-2019 19:51:04.226 INFO [http-nio-8080-exec-911] org.apache.catalina.core.ApplicationContext.log Manager: list: Listing contexts for virtual host 'localhost'
27-Jun-2019 19:52:37.200 INFO [http-nio-8080-exec-908] org.apache.catalina.core.ApplicationContext.log Manager: list: Listing contexts for virtual host 'localhost'
27-Jun-2019 19:52:48.904 INFO [http-nio-8080-exec-911] org.apache.catalina.core.ApplicationContext.log Manager: list: Listing contexts for virtual host 'localhost'
27-Jun-2019 19:53:18.039 INFO [http-nio-8080-exec-907] org.apache.catalina.core.ApplicationContext.log Manager: list: Listing contexts for virtual host 'localhost'
27-Jun-2019 19:53:21.377 INFO [http-nio-8080-exec-911] org.apache.catalina.core.ApplicationContext.log Manager: list: Listing contexts for virtual host 'localhost'
27-Jun-2019 19:53:21.377 INFO [http-nio-8080-exec-916] org.apache.catalina.core.ApplicationContext.log Manager: list: Listing contexts for virtual host 'localhost'
27-Jun-2019 19:53:37.283 INFO [http-nio-8080-exec-908] org.apache.catalina.core.ApplicationContext.log Manager: list: Listing contexts for virtual host 'localhost'
27-Jun-2019 19:54:31.640 INFO [http-nio-8080-exec-914] org.apache.catalina.core.ApplicationContext.log Manager: list: Listing contexts for virtual host 'localhost'
27-Jun-2019 19:54:31.643 INFO [http-nio-8080-exec-907] org.apache.catalina.core.ApplicationContext.log Manager: list: Listing contexts for virtual host 'localhost'
27-Jun-2019 19:54:31.754 INFO [http-nio-8080-exec-908] org.apache.catalina.core.ApplicationContext.log Manager: install: Installing context configuration at 'file:/C:/Users/PAULO~1.BEZ/AppData/Local/Temp/context6845664027069437280.xml'
27-Jun-2019 19:54:35.588 INFO [http-nio-8080-exec-909] org.apache.catalina.core.ApplicationContext.log Manager: start: Starting web application '/Opportunity'
27-Jun-2019 19:56:48.007 INFO [http-nio-8080-exec-909] org.apache.catalina.core.ApplicationContext.log Manager: list: Listing contexts for virtual host 'localhost'
27-Jun-2019 19:58:19.441 INFO [http-nio-8080-exec-909] org.apache.catalina.core.ApplicationContext.log Manager: list: Listing contexts for virtual host 'localhost'
27-Jun-2019 19:58:19.468 INFO [http-nio-8080-exec-914] org.apache.catalina.core.ApplicationContext.log Manager: undeploy: Undeploying web application at '/Opportunity'
