08-Nov-2019 12:26:54.696 INFO [http-nio-8080-exec-253] org.apache.catalina.core.ApplicationContext.log Manager: list: Listing contexts for virtual host 'localhost'
08-Nov-2019 12:28:02.375 INFO [http-nio-8080-exec-248] org.apache.catalina.core.ApplicationContext.log Manager: list: Listing contexts for virtual host 'localhost'
08-Nov-2019 12:39:02.930 INFO [http-nio-8080-exec-248] org.apache.catalina.core.ApplicationContext.log Manager: list: Listing contexts for virtual host 'localhost'
08-Nov-2019 12:39:19.361 INFO [http-nio-8080-exec-255] org.apache.catalina.core.ApplicationContext.log Manager: list: Listing contexts for virtual host 'localhost'
08-Nov-2019 12:39:49.989 INFO [http-nio-8080-exec-249] org.apache.catalina.core.ApplicationContext.log Manager: list: Listing contexts for virtual host 'localhost'
08-Nov-2019 12:39:50.108 INFO [http-nio-8080-exec-257] org.apache.catalina.core.ApplicationContext.log Manager: stop: Stopping web application '/Opportunity'
08-Nov-2019 12:39:53.575 INFO [http-nio-8080-exec-256] org.apache.catalina.core.ApplicationContext.log Manager: start: Starting web application '/Opportunity'
08-Nov-2019 12:39:54.238 INFO [http-nio-8080-exec-253] org.apache.catalina.core.ApplicationContext.log Manager: list: Listing contexts for virtual host 'localhost'
08-Nov-2019 12:40:00.651 INFO [http-nio-8080-exec-248] org.apache.catalina.core.ApplicationContext.log Manager: undeploy: Undeploying web application at '/Opportunity'
08-Nov-2019 13:05:04.524 INFO [http-nio-8080-exec-263] org.apache.catalina.core.ApplicationContext.log Manager: list: Listing contexts for virtual host 'localhost'
08-Nov-2019 13:06:50.399 INFO [http-nio-8080-exec-268] org.apache.catalina.core.ApplicationContext.log Manager: list: Listing contexts for virtual host 'localhost'
08-Nov-2019 13:07:04.183 INFO [http-nio-8080-exec-264] org.apache.catalina.core.ApplicationContext.log Manager: list: Listing contexts for virtual host 'localhost'
08-Nov-2019 13:07:04.190 INFO [http-nio-8080-exec-265] org.apache.catalina.core.ApplicationContext.log Manager: list: Listing contexts for virtual host 'localhost'
08-Nov-2019 13:07:04.311 INFO [http-nio-8080-exec-266] org.apache.catalina.core.ApplicationContext.log Manager: install: Installing context configuration at 'file:/C:/Users/PAULO~1.BEZ/AppData/Local/Temp/context6518979756929007501.xml'
08-Nov-2019 13:07:13.437 INFO [http-nio-8080-exec-267] org.apache.catalina.core.ApplicationContext.log Manager: start: Starting web application '/Opportunity'
08-Nov-2019 13:10:14.713 INFO [http-nio-8080-exec-264] org.apache.catalina.core.ApplicationContext.log Manager: list: Listing contexts for virtual host 'localhost'
08-Nov-2019 13:10:44.590 INFO [http-nio-8080-exec-260] org.apache.catalina.core.ApplicationContext.log Manager: list: Listing contexts for virtual host 'localhost'
08-Nov-2019 13:10:44.592 INFO [http-nio-8080-exec-263] org.apache.catalina.core.ApplicationContext.log Manager: list: Listing contexts for virtual host 'localhost'
08-Nov-2019 13:10:44.636 INFO [http-nio-8080-exec-262] org.apache.catalina.core.ApplicationContext.log Manager: undeploy: Undeploying web application at '/Opportunity'
08-Nov-2019 13:10:50.949 INFO [http-nio-8080-exec-261] org.apache.catalina.core.ApplicationContext.log Manager: install: Installing context configuration at 'file:/C:/Users/PAULO~1.BEZ/AppData/Local/Temp/context382967604188759496.xml'
08-Nov-2019 13:10:53.786 INFO [http-nio-8080-exec-263] org.apache.catalina.core.ApplicationContext.log Manager: start: Starting web application '/Opportunity'
08-Nov-2019 13:13:11.879 INFO [http-nio-8080-exec-275] org.apache.catalina.core.ApplicationContext.log Manager: list: Listing contexts for virtual host 'localhost'
08-Nov-2019 13:13:19.263 INFO [http-nio-8080-exec-273] org.apache.catalina.core.ApplicationContext.log Manager: list: Listing contexts for virtual host 'localhost'
08-Nov-2019 13:13:31.190 INFO [http-nio-8080-exec-277] org.apache.catalina.core.ApplicationContext.log Manager: list: Listing contexts for virtual host 'localhost'
08-Nov-2019 13:13:31.194 INFO [http-nio-8080-exec-278] org.apache.catalina.core.ApplicationContext.log Manager: list: Listing contexts for virtual host 'localhost'
08-Nov-2019 13:13:31.234 INFO [http-nio-8080-exec-279] org.apache.catalina.core.ApplicationContext.log Manager: undeploy: Undeploying web application at '/Opportunity'
08-Nov-2019 13:13:40.200 INFO [http-nio-8080-exec-275] org.apache.catalina.core.ApplicationContext.log Manager: install: Installing context configuration at 'file:/C:/Users/PAULO~1.BEZ/AppData/Local/Temp/context9188524076134940531.xml'
08-Nov-2019 13:13:44.973 INFO [http-nio-8080-exec-270] org.apache.catalina.core.ApplicationContext.log Manager: start: Starting web application '/Opportunity'
08-Nov-2019 13:17:54.722 INFO [http-nio-8080-exec-286] org.apache.catalina.core.ApplicationContext.log Manager: list: Listing contexts for virtual host 'localhost'
08-Nov-2019 13:18:13.329 INFO [http-nio-8080-exec-289] org.apache.catalina.core.ApplicationContext.log Manager: list: Listing contexts for virtual host 'localhost'
08-Nov-2019 13:18:19.223 INFO [http-nio-8080-exec-281] org.apache.catalina.core.ApplicationContext.log Manager: list: Listing contexts for virtual host 'localhost'
08-Nov-2019 13:18:19.228 INFO [http-nio-8080-exec-282] org.apache.catalina.core.ApplicationContext.log Manager: list: Listing contexts for virtual host 'localhost'
08-Nov-2019 13:18:19.329 INFO [http-nio-8080-exec-288] org.apache.catalina.core.ApplicationContext.log Manager: undeploy: Undeploying web application at '/Opportunity'
08-Nov-2019 13:18:30.309 INFO [http-nio-8080-exec-286] org.apache.catalina.core.ApplicationContext.log Manager: install: Installing context configuration at 'file:/C:/Users/PAULO~1.BEZ/AppData/Local/Temp/context7984163832362752879.xml'
08-Nov-2019 13:18:39.227 INFO [http-nio-8080-exec-283] org.apache.catalina.core.ApplicationContext.log Manager: start: Starting web application '/Opportunity'
08-Nov-2019 13:20:01.844 INFO [http-nio-8080-exec-296] org.apache.catalina.core.ApplicationContext.log Manager: list: Listing contexts for virtual host 'localhost'
08-Nov-2019 13:21:17.710 INFO [http-nio-8080-exec-293] org.apache.catalina.core.ApplicationContext.log Manager: list: Listing contexts for virtual host 'localhost'
08-Nov-2019 13:21:22.064 INFO [http-nio-8080-exec-299] org.apache.catalina.core.ApplicationContext.log Manager: list: Listing contexts for virtual host 'localhost'
08-Nov-2019 13:21:22.066 INFO [http-nio-8080-exec-291] org.apache.catalina.core.ApplicationContext.log Manager: list: Listing contexts for virtual host 'localhost'
08-Nov-2019 13:21:22.084 INFO [http-nio-8080-exec-292] org.apache.catalina.core.ApplicationContext.log Manager: undeploy: Undeploying web application at '/Opportunity'
08-Nov-2019 13:21:27.215 INFO [http-nio-8080-exec-293] org.apache.catalina.core.ApplicationContext.log Manager: install: Installing context configuration at 'file:/C:/Users/PAULO~1.BEZ/AppData/Local/Temp/context4023598998826514761.xml'
08-Nov-2019 13:21:30.119 INFO [http-nio-8080-exec-294] org.apache.catalina.core.ApplicationContext.log Manager: start: Starting web application '/Opportunity'
08-Nov-2019 13:21:35.545 INFO [http-nio-8080-exec-301] org.apache.catalina.core.ApplicationContext.log Manager: list: Listing contexts for virtual host 'localhost'
08-Nov-2019 13:21:37.464 INFO [http-nio-8080-exec-299] org.apache.catalina.core.ApplicationContext.log Manager: list: Listing contexts for virtual host 'localhost'
08-Nov-2019 13:21:44.315 INFO [http-nio-8080-exec-294] org.apache.catalina.core.ApplicationContext.log Manager: list: Listing contexts for virtual host 'localhost'
08-Nov-2019 13:21:44.318 INFO [http-nio-8080-exec-302] org.apache.catalina.core.ApplicationContext.log Manager: list: Listing contexts for virtual host 'localhost'
08-Nov-2019 13:21:44.341 INFO [http-nio-8080-exec-304] org.apache.catalina.core.ApplicationContext.log Manager: undeploy: Undeploying web application at '/Opportunity'
08-Nov-2019 13:21:45.311 INFO [http-nio-8080-exec-303] org.apache.catalina.core.ApplicationContext.log Manager: install: Installing context configuration at 'file:/C:/Users/PAULO~1.BEZ/AppData/Local/Temp/context8833823376520725304.xml'
08-Nov-2019 13:21:47.286 INFO [http-nio-8080-exec-296] org.apache.catalina.core.ApplicationContext.log Manager: start: Starting web application '/Opportunity'
08-Nov-2019 13:23:02.961 INFO [http-nio-8080-exec-311] org.apache.catalina.core.ApplicationContext.log Manager: list: Listing contexts for virtual host 'localhost'
08-Nov-2019 13:23:19.537 INFO [http-nio-8080-exec-311] org.apache.catalina.core.ApplicationContext.log Manager: list: Listing contexts for virtual host 'localhost'
08-Nov-2019 13:23:43.888 INFO [http-nio-8080-exec-308] org.apache.catalina.core.ApplicationContext.log Manager: list: Listing contexts for virtual host 'localhost'
08-Nov-2019 13:23:43.894 INFO [http-nio-8080-exec-309] org.apache.catalina.core.ApplicationContext.log Manager: list: Listing contexts for virtual host 'localhost'
08-Nov-2019 13:23:43.921 INFO [http-nio-8080-exec-310] org.apache.catalina.core.ApplicationContext.log Manager: undeploy: Undeploying web application at '/Opportunity'
08-Nov-2019 13:23:45.224 INFO [http-nio-8080-exec-311] org.apache.catalina.core.ApplicationContext.log Manager: install: Installing context configuration at 'file:/C:/Users/PAULO~1.BEZ/AppData/Local/Temp/context3052935011505224244.xml'
08-Nov-2019 13:23:47.773 INFO [http-nio-8080-exec-294] org.apache.catalina.core.ApplicationContext.log Manager: start: Starting web application '/Opportunity'
08-Nov-2019 13:24:35.482 INFO [http-nio-8080-exec-319] org.apache.catalina.core.ApplicationContext.log Manager: list: Listing contexts for virtual host 'localhost'
08-Nov-2019 13:25:06.616 INFO [http-nio-8080-exec-322] org.apache.catalina.core.ApplicationContext.log Manager: list: Listing contexts for virtual host 'localhost'
08-Nov-2019 13:25:11.782 INFO [http-nio-8080-exec-316] org.apache.catalina.core.ApplicationContext.log Manager: list: Listing contexts for virtual host 'localhost'
08-Nov-2019 13:25:11.785 INFO [http-nio-8080-exec-320] org.apache.catalina.core.ApplicationContext.log Manager: list: Listing contexts for virtual host 'localhost'
08-Nov-2019 13:25:11.824 INFO [http-nio-8080-exec-321] org.apache.catalina.core.ApplicationContext.log Manager: undeploy: Undeploying web application at '/Opportunity'
08-Nov-2019 13:25:17.207 INFO [http-nio-8080-exec-319] org.apache.catalina.core.ApplicationContext.log Manager: install: Installing context configuration at 'file:/C:/Users/PAULO~1.BEZ/AppData/Local/Temp/context8756905048134996545.xml'
08-Nov-2019 13:25:21.246 INFO [http-nio-8080-exec-317] org.apache.catalina.core.ApplicationContext.log Manager: start: Starting web application '/Opportunity'
08-Nov-2019 13:26:07.444 INFO [http-nio-8080-exec-330] org.apache.catalina.core.ApplicationContext.log Manager: list: Listing contexts for virtual host 'localhost'
08-Nov-2019 13:26:12.859 INFO [http-nio-8080-exec-332] org.apache.catalina.core.ApplicationContext.log Manager: list: Listing contexts for virtual host 'localhost'
08-Nov-2019 13:26:25.128 INFO [http-nio-8080-exec-326] org.apache.catalina.core.ApplicationContext.log Manager: list: Listing contexts for virtual host 'localhost'
08-Nov-2019 13:26:25.131 INFO [http-nio-8080-exec-331] org.apache.catalina.core.ApplicationContext.log Manager: list: Listing contexts for virtual host 'localhost'
08-Nov-2019 13:26:25.154 INFO [http-nio-8080-exec-334] org.apache.catalina.core.ApplicationContext.log Manager: undeploy: Undeploying web application at '/Opportunity'
08-Nov-2019 13:26:30.081 INFO [http-nio-8080-exec-327] org.apache.catalina.core.ApplicationContext.log Manager: install: Installing context configuration at 'file:/C:/Users/PAULO~1.BEZ/AppData/Local/Temp/context7196730682614183649.xml'
08-Nov-2019 13:27:17.165 INFO [http-nio-8080-exec-332] org.apache.catalina.core.ApplicationContext.log Manager: list: Listing contexts for virtual host 'localhost'
08-Nov-2019 13:27:26.131 INFO [http-nio-8080-exec-328] org.apache.catalina.core.ApplicationContext.log Manager: list: Listing contexts for virtual host 'localhost'
08-Nov-2019 13:27:26.140 INFO [http-nio-8080-exec-331] org.apache.catalina.core.ApplicationContext.log Manager: list: Listing contexts for virtual host 'localhost'
08-Nov-2019 13:27:26.275 INFO [http-nio-8080-exec-338] org.apache.catalina.core.ApplicationContext.log Manager: undeploy: Undeploying web application at '/Opportunity'
08-Nov-2019 13:27:26.882 INFO [http-nio-8080-exec-332] org.apache.catalina.core.ApplicationContext.log Manager: install: Installing context configuration at 'file:/C:/Users/PAULO~1.BEZ/AppData/Local/Temp/context5115782726015922895.xml'
08-Nov-2019 13:27:38.063 INFO [http-nio-8080-exec-335] org.apache.catalina.core.ApplicationContext.log Manager: start: Starting web application '/Opportunity'
08-Nov-2019 13:28:16.060 INFO [http-nio-8080-exec-335] org.apache.catalina.core.ApplicationContext.log Manager: list: Listing contexts for virtual host 'localhost'
08-Nov-2019 13:28:23.892 INFO [http-nio-8080-exec-344] org.apache.catalina.core.ApplicationContext.log Manager: list: Listing contexts for virtual host 'localhost'
08-Nov-2019 13:28:23.896 INFO [http-nio-8080-exec-337] org.apache.catalina.core.ApplicationContext.log Manager: list: Listing contexts for virtual host 'localhost'
08-Nov-2019 13:28:23.923 INFO [http-nio-8080-exec-338] org.apache.catalina.core.ApplicationContext.log Manager: undeploy: Undeploying web application at '/Opportunity'
08-Nov-2019 13:28:35.081 INFO [http-nio-8080-exec-340] org.apache.catalina.core.ApplicationContext.log Manager: install: Installing context configuration at 'file:/C:/Users/PAULO~1.BEZ/AppData/Local/Temp/context6966757419097691483.xml'
08-Nov-2019 13:28:38.616 INFO [http-nio-8080-exec-336] org.apache.catalina.core.ApplicationContext.log Manager: start: Starting web application '/Opportunity'
08-Nov-2019 13:29:13.956 INFO [http-nio-8080-exec-345] org.apache.catalina.core.ApplicationContext.log Manager: list: Listing contexts for virtual host 'localhost'
08-Nov-2019 13:29:33.370 INFO [http-nio-8080-exec-352] org.apache.catalina.core.ApplicationContext.log Manager: list: Listing contexts for virtual host 'localhost'
08-Nov-2019 13:30:16.463 INFO [http-nio-8080-exec-350] org.apache.catalina.core.ApplicationContext.log Manager: list: Listing contexts for virtual host 'localhost'
08-Nov-2019 13:30:23.942 INFO [http-nio-8080-exec-353] org.apache.catalina.core.ApplicationContext.log Manager: list: Listing contexts for virtual host 'localhost'
08-Nov-2019 13:30:23.946 INFO [http-nio-8080-exec-347] org.apache.catalina.core.ApplicationContext.log Manager: list: Listing contexts for virtual host 'localhost'
08-Nov-2019 13:30:23.985 INFO [http-nio-8080-exec-356] org.apache.catalina.core.ApplicationContext.log Manager: undeploy: Undeploying web application at '/Opportunity'
08-Nov-2019 13:30:25.074 INFO [http-nio-8080-exec-355] org.apache.catalina.core.ApplicationContext.log Manager: install: Installing context configuration at 'file:/C:/Users/PAULO~1.BEZ/AppData/Local/Temp/context8137909946499864.xml'
08-Nov-2019 13:30:27.643 INFO [http-nio-8080-exec-354] org.apache.catalina.core.ApplicationContext.log Manager: start: Starting web application '/Opportunity'
08-Nov-2019 13:30:47.508 INFO [http-nio-8080-exec-353] org.apache.catalina.core.ApplicationContext.log Manager: list: Listing contexts for virtual host 'localhost'
08-Nov-2019 13:31:03.473 INFO [http-nio-8080-exec-363] org.apache.catalina.core.ApplicationContext.log Manager: list: Listing contexts for virtual host 'localhost'
08-Nov-2019 13:31:03.476 INFO [http-nio-8080-exec-364] org.apache.catalina.core.ApplicationContext.log Manager: list: Listing contexts for virtual host 'localhost'
08-Nov-2019 13:31:03.552 INFO [http-nio-8080-exec-365] org.apache.catalina.core.ApplicationContext.log Manager: undeploy: Undeploying web application at '/Opportunity'
08-Nov-2019 13:31:05.352 INFO [http-nio-8080-exec-364] org.apache.catalina.core.ApplicationContext.log Manager: install: Installing context configuration at 'file:/C:/Users/PAULO~1.BEZ/AppData/Local/Temp/context1297394176977997069.xml'
08-Nov-2019 13:31:07.821 INFO [http-nio-8080-exec-361] org.apache.catalina.core.ApplicationContext.log Manager: start: Starting web application '/Opportunity'
08-Nov-2019 13:33:31.611 INFO [http-nio-8080-exec-369] org.apache.catalina.core.ApplicationContext.log Manager: list: Listing contexts for virtual host 'localhost'
08-Nov-2019 13:33:38.246 INFO [http-nio-8080-exec-373] org.apache.catalina.core.ApplicationContext.log Manager: list: Listing contexts for virtual host 'localhost'
08-Nov-2019 13:33:38.249 INFO [http-nio-8080-exec-371] org.apache.catalina.core.ApplicationContext.log Manager: list: Listing contexts for virtual host 'localhost'
08-Nov-2019 13:33:38.335 INFO [http-nio-8080-exec-372] org.apache.catalina.core.ApplicationContext.log Manager: undeploy: Undeploying web application at '/Opportunity'
08-Nov-2019 13:33:45.524 INFO [http-nio-8080-exec-371] org.apache.catalina.core.ApplicationContext.log Manager: install: Installing context configuration at 'file:/C:/Users/PAULO~1.BEZ/AppData/Local/Temp/context226790621955731002.xml'
08-Nov-2019 13:33:55.710 INFO [http-nio-8080-exec-378] org.apache.catalina.core.ApplicationContext.log Manager: start: Starting web application '/Opportunity'
08-Nov-2019 13:35:14.208 INFO [http-nio-8080-exec-377] org.apache.catalina.core.ApplicationContext.log Manager: list: Listing contexts for virtual host 'localhost'
08-Nov-2019 13:35:25.715 INFO [http-nio-8080-exec-386] org.apache.catalina.core.ApplicationContext.log Manager: list: Listing contexts for virtual host 'localhost'
08-Nov-2019 13:35:25.718 INFO [http-nio-8080-exec-379] org.apache.catalina.core.ApplicationContext.log Manager: list: Listing contexts for virtual host 'localhost'
08-Nov-2019 13:35:25.751 INFO [http-nio-8080-exec-380] org.apache.catalina.core.ApplicationContext.log Manager: undeploy: Undeploying web application at '/Opportunity'
08-Nov-2019 13:35:30.001 INFO [http-nio-8080-exec-382] org.apache.catalina.core.ApplicationContext.log Manager: install: Installing context configuration at 'file:/C:/Users/PAULO~1.BEZ/AppData/Local/Temp/context7163859706348566333.xml'
08-Nov-2019 13:35:32.946 INFO [http-nio-8080-exec-385] org.apache.catalina.core.ApplicationContext.log Manager: start: Starting web application '/Opportunity'
08-Nov-2019 13:37:06.943 INFO [http-nio-8080-exec-388] org.apache.catalina.core.ApplicationContext.log Manager: list: Listing contexts for virtual host 'localhost'
08-Nov-2019 13:37:11.390 INFO [http-nio-8080-exec-381] org.apache.catalina.core.ApplicationContext.log Manager: list: Listing contexts for virtual host 'localhost'
08-Nov-2019 13:37:11.393 INFO [http-nio-8080-exec-392] org.apache.catalina.core.ApplicationContext.log Manager: list: Listing contexts for virtual host 'localhost'
08-Nov-2019 13:37:11.427 INFO [http-nio-8080-exec-393] org.apache.catalina.core.ApplicationContext.log Manager: undeploy: Undeploying web application at '/Opportunity'
08-Nov-2019 13:37:14.787 INFO [http-nio-8080-exec-392] org.apache.catalina.core.ApplicationContext.log Manager: install: Installing context configuration at 'file:/C:/Users/PAULO~1.BEZ/AppData/Local/Temp/context433892041036667616.xml'
08-Nov-2019 13:37:18.288 INFO [http-nio-8080-exec-391] org.apache.catalina.core.ApplicationContext.log Manager: start: Starting web application '/Opportunity'
08-Nov-2019 13:37:43.047 INFO [http-nio-8080-exec-399] org.apache.catalina.core.ApplicationContext.log Manager: list: Listing contexts for virtual host 'localhost'
08-Nov-2019 13:38:29.831 INFO [http-nio-8080-exec-402] org.apache.catalina.core.ApplicationContext.log Manager: list: Listing contexts for virtual host 'localhost'
08-Nov-2019 13:38:50.770 INFO [http-nio-8080-exec-400] org.apache.catalina.core.ApplicationContext.log Manager: list: Listing contexts for virtual host 'localhost'
08-Nov-2019 13:38:56.653 INFO [http-nio-8080-exec-399] org.apache.catalina.core.ApplicationContext.log Manager: list: Listing contexts for virtual host 'localhost'
08-Nov-2019 13:38:56.656 INFO [http-nio-8080-exec-403] org.apache.catalina.core.ApplicationContext.log Manager: list: Listing contexts for virtual host 'localhost'
08-Nov-2019 13:38:56.675 INFO [http-nio-8080-exec-406] org.apache.catalina.core.ApplicationContext.log Manager: undeploy: Undeploying web application at '/Opportunity'
08-Nov-2019 13:38:57.886 INFO [http-nio-8080-exec-407] org.apache.catalina.core.ApplicationContext.log Manager: install: Installing context configuration at 'file:/C:/Users/PAULO~1.BEZ/AppData/Local/Temp/context1347834850782774317.xml'
08-Nov-2019 13:38:59.852 INFO [http-nio-8080-exec-403] org.apache.catalina.core.ApplicationContext.log Manager: start: Starting web application '/Opportunity'
08-Nov-2019 13:40:10.672 INFO [http-nio-8080-exec-411] org.apache.catalina.core.ApplicationContext.log Manager: list: Listing contexts for virtual host 'localhost'
08-Nov-2019 13:40:15.563 INFO [http-nio-8080-exec-408] org.apache.catalina.core.ApplicationContext.log Manager: list: Listing contexts for virtual host 'localhost'
08-Nov-2019 13:40:20.249 INFO [http-nio-8080-exec-412] org.apache.catalina.core.ApplicationContext.log Manager: list: Listing contexts for virtual host 'localhost'
08-Nov-2019 13:40:20.252 INFO [http-nio-8080-exec-413] org.apache.catalina.core.ApplicationContext.log Manager: list: Listing contexts for virtual host 'localhost'
08-Nov-2019 13:40:20.270 INFO [http-nio-8080-exec-415] org.apache.catalina.core.ApplicationContext.log Manager: undeploy: Undeploying web application at '/Opportunity'
08-Nov-2019 13:40:21.705 INFO [http-nio-8080-exec-416] org.apache.catalina.core.ApplicationContext.log Manager: install: Installing context configuration at 'file:/C:/Users/PAULO~1.BEZ/AppData/Local/Temp/context3491770866758695578.xml'
08-Nov-2019 13:40:23.862 INFO [http-nio-8080-exec-402] org.apache.catalina.core.ApplicationContext.log Manager: start: Starting web application '/Opportunity'
08-Nov-2019 13:40:44.557 INFO [http-nio-8080-exec-417] org.apache.catalina.core.ApplicationContext.log Manager: list: Listing contexts for virtual host 'localhost'
08-Nov-2019 13:40:48.569 INFO [http-nio-8080-exec-411] org.apache.catalina.core.ApplicationContext.log Manager: list: Listing contexts for virtual host 'localhost'
08-Nov-2019 13:40:48.572 INFO [http-nio-8080-exec-419] org.apache.catalina.core.ApplicationContext.log Manager: list: Listing contexts for virtual host 'localhost'
08-Nov-2019 13:40:48.590 INFO [http-nio-8080-exec-420] org.apache.catalina.core.ApplicationContext.log Manager: undeploy: Undeploying web application at '/Opportunity'
08-Nov-2019 13:40:49.406 INFO [http-nio-8080-exec-411] org.apache.catalina.core.ApplicationContext.log Manager: install: Installing context configuration at 'file:/C:/Users/PAULO~1.BEZ/AppData/Local/Temp/context7027426709786713942.xml'
08-Nov-2019 13:44:25.195 INFO [http-nio-8080-exec-417] org.apache.catalina.core.ApplicationContext.log Manager: list: Listing contexts for virtual host 'localhost'
08-Nov-2019 13:44:25.226 INFO [http-nio-8080-exec-427] org.apache.catalina.core.ApplicationContext.log Manager: list: Listing contexts for virtual host 'localhost'
08-Nov-2019 13:44:25.315 INFO [http-nio-8080-exec-420] org.apache.catalina.core.ApplicationContext.log Manager: undeploy: Undeploying web application at '/Opportunity'
08-Nov-2019 13:44:25.913 INFO [http-nio-8080-exec-421] org.apache.catalina.core.ApplicationContext.log Manager: install: Installing context configuration at 'file:/C:/Users/PAULO~1.BEZ/AppData/Local/Temp/context8389284972842743577.xml'
08-Nov-2019 13:44:29.000 INFO [http-nio-8080-exec-422] org.apache.catalina.core.ApplicationContext.log Manager: start: Starting web application '/Opportunity'
08-Nov-2019 13:45:38.769 INFO [http-nio-8080-exec-429] org.apache.catalina.core.ApplicationContext.log Manager: list: Listing contexts for virtual host 'localhost'
08-Nov-2019 13:45:46.791 INFO [http-nio-8080-exec-427] org.apache.catalina.core.ApplicationContext.log Manager: list: Listing contexts for virtual host 'localhost'
08-Nov-2019 13:45:46.794 INFO [http-nio-8080-exec-428] org.apache.catalina.core.ApplicationContext.log Manager: list: Listing contexts for virtual host 'localhost'
08-Nov-2019 13:45:46.820 INFO [http-nio-8080-exec-431] org.apache.catalina.core.ApplicationContext.log Manager: undeploy: Undeploying web application at '/Opportunity'
08-Nov-2019 13:45:54.446 INFO [http-nio-8080-exec-432] org.apache.catalina.core.ApplicationContext.log Manager: install: Installing context configuration at 'file:/C:/Users/PAULO~1.BEZ/AppData/Local/Temp/context2611920088014614041.xml'
08-Nov-2019 13:45:56.981 INFO [http-nio-8080-exec-427] org.apache.catalina.core.ApplicationContext.log Manager: start: Starting web application '/Opportunity'
08-Nov-2019 13:46:21.460 INFO [http-nio-8080-exec-424] org.apache.catalina.core.ApplicationContext.log Manager: list: Listing contexts for virtual host 'localhost'
08-Nov-2019 13:46:29.295 INFO [http-nio-8080-exec-436] org.apache.catalina.core.ApplicationContext.log Manager: list: Listing contexts for virtual host 'localhost'
08-Nov-2019 13:46:29.297 INFO [http-nio-8080-exec-437] org.apache.catalina.core.ApplicationContext.log Manager: list: Listing contexts for virtual host 'localhost'
08-Nov-2019 13:46:29.321 INFO [http-nio-8080-exec-438] org.apache.catalina.core.ApplicationContext.log Manager: undeploy: Undeploying web application at '/Opportunity'
08-Nov-2019 13:46:30.039 INFO [http-nio-8080-exec-428] org.apache.catalina.core.ApplicationContext.log Manager: install: Installing context configuration at 'file:/C:/Users/PAULO~1.BEZ/AppData/Local/Temp/context4289570323594244730.xml'
08-Nov-2019 13:49:47.204 INFO [http-nio-8080-exec-445] org.apache.catalina.core.ApplicationContext.log Manager: list: Listing contexts for virtual host 'localhost'
08-Nov-2019 13:49:47.227 INFO [http-nio-8080-exec-442] org.apache.catalina.core.ApplicationContext.log Manager: list: Listing contexts for virtual host 'localhost'
08-Nov-2019 13:49:47.336 INFO [http-nio-8080-exec-439] org.apache.catalina.core.ApplicationContext.log Manager: undeploy: Undeploying web application at '/Opportunity'
08-Nov-2019 13:49:47.955 INFO [http-nio-8080-exec-436] org.apache.catalina.core.ApplicationContext.log Manager: install: Installing context configuration at 'file:/C:/Users/PAULO~1.BEZ/AppData/Local/Temp/context8223251302298134286.xml'
08-Nov-2019 13:49:51.508 INFO [http-nio-8080-exec-434] org.apache.catalina.core.ApplicationContext.log Manager: start: Starting web application '/Opportunity'
08-Nov-2019 13:50:35.951 INFO [http-nio-8080-exec-447] org.apache.catalina.core.ApplicationContext.log Manager: list: Listing contexts for virtual host 'localhost'
08-Nov-2019 13:50:43.807 INFO [http-nio-8080-exec-444] org.apache.catalina.core.ApplicationContext.log Manager: list: Listing contexts for virtual host 'localhost'
08-Nov-2019 13:50:43.810 INFO [http-nio-8080-exec-445] org.apache.catalina.core.ApplicationContext.log Manager: list: Listing contexts for virtual host 'localhost'
08-Nov-2019 13:50:43.827 INFO [http-nio-8080-exec-446] org.apache.catalina.core.ApplicationContext.log Manager: undeploy: Undeploying web application at '/Opportunity'
08-Nov-2019 13:50:49.740 INFO [http-nio-8080-exec-450] org.apache.catalina.core.ApplicationContext.log Manager: install: Installing context configuration at 'file:/C:/Users/PAULO~1.BEZ/AppData/Local/Temp/context4342960460080066188.xml'
08-Nov-2019 13:50:55.505 INFO [http-nio-8080-exec-444] org.apache.catalina.core.ApplicationContext.log Manager: start: Starting web application '/Opportunity'
08-Nov-2019 13:51:40.410 INFO [http-nio-8080-exec-453] org.apache.catalina.core.ApplicationContext.log Manager: list: Listing contexts for virtual host 'localhost'
08-Nov-2019 13:51:48.697 INFO [http-nio-8080-exec-455] org.apache.catalina.core.ApplicationContext.log Manager: list: Listing contexts for virtual host 'localhost'
08-Nov-2019 13:51:48.700 INFO [http-nio-8080-exec-456] org.apache.catalina.core.ApplicationContext.log Manager: list: Listing contexts for virtual host 'localhost'
08-Nov-2019 13:51:48.728 INFO [http-nio-8080-exec-457] org.apache.catalina.core.ApplicationContext.log Manager: undeploy: Undeploying web application at '/Opportunity'
08-Nov-2019 13:51:50.031 INFO [http-nio-8080-exec-458] org.apache.catalina.core.ApplicationContext.log Manager: install: Installing context configuration at 'file:/C:/Users/PAULO~1.BEZ/AppData/Local/Temp/context5768309882100456926.xml'
08-Nov-2019 13:51:52.566 INFO [http-nio-8080-exec-449] org.apache.catalina.core.ApplicationContext.log Manager: start: Starting web application '/Opportunity'
08-Nov-2019 13:52:26.551 INFO [http-nio-8080-exec-447] org.apache.catalina.core.ApplicationContext.log Manager: list: Listing contexts for virtual host 'localhost'
08-Nov-2019 13:52:34.319 INFO [http-nio-8080-exec-467] org.apache.catalina.core.ApplicationContext.log Manager: list: Listing contexts for virtual host 'localhost'
08-Nov-2019 13:52:34.321 INFO [http-nio-8080-exec-463] org.apache.catalina.core.ApplicationContext.log Manager: list: Listing contexts for virtual host 'localhost'
08-Nov-2019 13:52:34.337 INFO [http-nio-8080-exec-464] org.apache.catalina.core.ApplicationContext.log Manager: undeploy: Undeploying web application at '/Opportunity'
08-Nov-2019 13:52:35.486 INFO [http-nio-8080-exec-463] org.apache.catalina.core.ApplicationContext.log Manager: install: Installing context configuration at 'file:/C:/Users/PAULO~1.BEZ/AppData/Local/Temp/context2584981150347138683.xml'
08-Nov-2019 13:52:37.493 INFO [http-nio-8080-exec-467] org.apache.catalina.core.ApplicationContext.log Manager: start: Starting web application '/Opportunity'
08-Nov-2019 13:52:52.677 INFO [http-nio-8080-exec-447] org.apache.catalina.core.ApplicationContext.log Manager: list: Listing contexts for virtual host 'localhost'
08-Nov-2019 13:53:03.633 INFO [http-nio-8080-exec-476] org.apache.catalina.core.ApplicationContext.log Manager: list: Listing contexts for virtual host 'localhost'
08-Nov-2019 13:53:03.636 INFO [http-nio-8080-exec-471] org.apache.catalina.core.ApplicationContext.log Manager: list: Listing contexts for virtual host 'localhost'
08-Nov-2019 13:53:03.662 INFO [http-nio-8080-exec-472] org.apache.catalina.core.ApplicationContext.log Manager: undeploy: Undeploying web application at '/Opportunity'
08-Nov-2019 13:53:04.840 INFO [http-nio-8080-exec-471] org.apache.catalina.core.ApplicationContext.log Manager: install: Installing context configuration at 'file:/C:/Users/PAULO~1.BEZ/AppData/Local/Temp/context7690389029604261797.xml'
08-Nov-2019 13:53:07.119 INFO [http-nio-8080-exec-469] org.apache.catalina.core.ApplicationContext.log Manager: start: Starting web application '/Opportunity'
08-Nov-2019 13:53:36.229 INFO [http-nio-8080-exec-481] org.apache.catalina.core.ApplicationContext.log Manager: list: Listing contexts for virtual host 'localhost'
08-Nov-2019 13:53:43.948 INFO [http-nio-8080-exec-485] org.apache.catalina.core.ApplicationContext.log Manager: list: Listing contexts for virtual host 'localhost'
08-Nov-2019 13:53:43.950 INFO [http-nio-8080-exec-479] org.apache.catalina.core.ApplicationContext.log Manager: list: Listing contexts for virtual host 'localhost'
08-Nov-2019 13:53:43.978 INFO [http-nio-8080-exec-480] org.apache.catalina.core.ApplicationContext.log Manager: undeploy: Undeploying web application at '/Opportunity'
08-Nov-2019 13:53:45.673 INFO [http-nio-8080-exec-470] org.apache.catalina.core.ApplicationContext.log Manager: install: Installing context configuration at 'file:/C:/Users/PAULO~1.BEZ/AppData/Local/Temp/context7641221385420141887.xml'
08-Nov-2019 13:53:48.467 INFO [http-nio-8080-exec-477] org.apache.catalina.core.ApplicationContext.log Manager: start: Starting web application '/Opportunity'
08-Nov-2019 13:54:47.242 INFO [http-nio-8080-exec-491] org.apache.catalina.core.ApplicationContext.log Manager: list: Listing contexts for virtual host 'localhost'
08-Nov-2019 13:54:54.545 INFO [http-nio-8080-exec-493] org.apache.catalina.core.ApplicationContext.log Manager: list: Listing contexts for virtual host 'localhost'
08-Nov-2019 13:55:14.325 INFO [http-nio-8080-exec-487] org.apache.catalina.core.ApplicationContext.log Manager: list: Listing contexts for virtual host 'localhost'
08-Nov-2019 13:55:19.131 INFO [http-nio-8080-exec-490] org.apache.catalina.core.ApplicationContext.log Manager: list: Listing contexts for virtual host 'localhost'
08-Nov-2019 13:55:19.134 INFO [http-nio-8080-exec-491] org.apache.catalina.core.ApplicationContext.log Manager: list: Listing contexts for virtual host 'localhost'
08-Nov-2019 13:55:19.166 INFO [http-nio-8080-exec-492] org.apache.catalina.core.ApplicationContext.log Manager: undeploy: Undeploying web application at '/Opportunity'
08-Nov-2019 13:55:31.220 INFO [http-nio-8080-exec-490] org.apache.catalina.core.ApplicationContext.log Manager: install: Installing context configuration at 'file:/C:/Users/PAULO~1.BEZ/AppData/Local/Temp/context779935830192022604.xml'
08-Nov-2019 13:55:34.639 INFO [http-nio-8080-exec-486] org.apache.catalina.core.ApplicationContext.log Manager: start: Starting web application '/Opportunity'
08-Nov-2019 13:56:21.045 INFO [http-nio-8080-exec-496] org.apache.catalina.core.ApplicationContext.log Manager: list: Listing contexts for virtual host 'localhost'
08-Nov-2019 13:56:35.608 INFO [http-nio-8080-exec-502] org.apache.catalina.core.ApplicationContext.log Manager: list: Listing contexts for virtual host 'localhost'
08-Nov-2019 13:56:40.356 INFO [http-nio-8080-exec-501] org.apache.catalina.core.ApplicationContext.log Manager: list: Listing contexts for virtual host 'localhost'
08-Nov-2019 13:56:40.359 INFO [http-nio-8080-exec-504] org.apache.catalina.core.ApplicationContext.log Manager: list: Listing contexts for virtual host 'localhost'
08-Nov-2019 13:56:40.379 INFO [http-nio-8080-exec-493] org.apache.catalina.core.ApplicationContext.log Manager: undeploy: Undeploying web application at '/Opportunity'
08-Nov-2019 13:56:44.154 INFO [http-nio-8080-exec-499] org.apache.catalina.core.ApplicationContext.log Manager: install: Installing context configuration at 'file:/C:/Users/PAULO~1.BEZ/AppData/Local/Temp/context5432484203118197643.xml'
08-Nov-2019 14:00:02.401 INFO [http-nio-8080-exec-498] org.apache.catalina.core.ApplicationContext.log Manager: list: Listing contexts for virtual host 'localhost'
08-Nov-2019 14:00:02.417 INFO [http-nio-8080-exec-500] org.apache.catalina.core.ApplicationContext.log Manager: list: Listing contexts for virtual host 'localhost'
08-Nov-2019 14:00:02.495 INFO [http-nio-8080-exec-503] org.apache.catalina.core.ApplicationContext.log Manager: undeploy: Undeploying web application at '/Opportunity'
08-Nov-2019 14:00:03.240 INFO [http-nio-8080-exec-509] org.apache.catalina.core.ApplicationContext.log Manager: install: Installing context configuration at 'file:/C:/Users/PAULO~1.BEZ/AppData/Local/Temp/context7166903954666294205.xml'
08-Nov-2019 14:00:08.368 INFO [http-nio-8080-exec-497] org.apache.catalina.core.ApplicationContext.log Manager: start: Starting web application '/Opportunity'
08-Nov-2019 15:34:48.733 INFO [http-nio-8080-exec-507] org.apache.catalina.core.ApplicationContext.log Manager: list: Listing contexts for virtual host 'localhost'
08-Nov-2019 15:35:52.186 INFO [http-nio-8080-exec-513] org.apache.catalina.core.ApplicationContext.log Manager: list: Listing contexts for virtual host 'localhost'
08-Nov-2019 15:35:58.974 INFO [http-nio-8080-exec-507] org.apache.catalina.core.ApplicationContext.log Manager: list: Listing contexts for virtual host 'localhost'
08-Nov-2019 15:35:58.978 INFO [http-nio-8080-exec-512] org.apache.catalina.core.ApplicationContext.log Manager: list: Listing contexts for virtual host 'localhost'
08-Nov-2019 15:35:59.065 INFO [http-nio-8080-exec-513] org.apache.catalina.core.ApplicationContext.log Manager: undeploy: Undeploying web application at '/Opportunity'
08-Nov-2019 15:36:12.331 INFO [http-nio-8080-exec-514] org.apache.catalina.core.ApplicationContext.log Manager: install: Installing context configuration at 'file:/C:/Users/PAULO~1.BEZ/AppData/Local/Temp/context7922162246387367345.xml'
08-Nov-2019 15:36:21.914 INFO [http-nio-8080-exec-508] org.apache.catalina.core.ApplicationContext.log Manager: start: Starting web application '/Opportunity'
08-Nov-2019 15:36:58.589 INFO [http-nio-8080-exec-515] org.apache.catalina.core.ApplicationContext.log Manager: list: Listing contexts for virtual host 'localhost'
08-Nov-2019 15:37:04.459 INFO [http-nio-8080-exec-519] org.apache.catalina.core.ApplicationContext.log Manager: list: Listing contexts for virtual host 'localhost'
08-Nov-2019 15:37:04.461 INFO [http-nio-8080-exec-520] org.apache.catalina.core.ApplicationContext.log Manager: list: Listing contexts for virtual host 'localhost'
08-Nov-2019 15:37:04.482 INFO [http-nio-8080-exec-521] org.apache.catalina.core.ApplicationContext.log Manager: undeploy: Undeploying web application at '/Opportunity'
08-Nov-2019 15:37:15.595 INFO [http-nio-8080-exec-520] org.apache.catalina.core.ApplicationContext.log Manager: install: Installing context configuration at 'file:/C:/Users/PAULO~1.BEZ/AppData/Local/Temp/context2402857598978813177.xml'
08-Nov-2019 15:37:18.742 INFO [http-nio-8080-exec-522] org.apache.catalina.core.ApplicationContext.log Manager: start: Starting web application '/Opportunity'
08-Nov-2019 15:37:44.156 INFO [http-nio-8080-exec-525] org.apache.catalina.core.ApplicationContext.log Manager: list: Listing contexts for virtual host 'localhost'
08-Nov-2019 15:37:48.432 INFO [http-nio-8080-exec-530] org.apache.catalina.core.ApplicationContext.log Manager: list: Listing contexts for virtual host 'localhost'
08-Nov-2019 15:37:48.434 INFO [http-nio-8080-exec-527] org.apache.catalina.core.ApplicationContext.log Manager: list: Listing contexts for virtual host 'localhost'
08-Nov-2019 15:37:48.494 INFO [http-nio-8080-exec-528] org.apache.catalina.core.ApplicationContext.log Manager: undeploy: Undeploying web application at '/Opportunity'
08-Nov-2019 15:37:54.490 INFO [http-nio-8080-exec-515] org.apache.catalina.core.ApplicationContext.log Manager: install: Installing context configuration at 'file:/C:/Users/PAULO~1.BEZ/AppData/Local/Temp/context4784793633326752070.xml'
08-Nov-2019 15:40:16.540 INFO [http-nio-8080-exec-536] org.apache.catalina.core.ApplicationContext.log Manager: list: Listing contexts for virtual host 'localhost'
08-Nov-2019 15:41:41.649 INFO [http-nio-8080-exec-536] org.apache.catalina.core.ApplicationContext.log Manager: list: Listing contexts for virtual host 'localhost'
08-Nov-2019 15:41:41.655 INFO [http-nio-8080-exec-538] org.apache.catalina.core.ApplicationContext.log Manager: list: Listing contexts for virtual host 'localhost'
08-Nov-2019 15:41:41.733 INFO [http-nio-8080-exec-539] org.apache.catalina.core.ApplicationContext.log Manager: undeploy: Undeploying web application at '/Opportunity'
08-Nov-2019 15:41:42.373 INFO [http-nio-8080-exec-529] org.apache.catalina.core.ApplicationContext.log Manager: install: Installing context configuration at 'file:/C:/Users/PAULO~1.BEZ/AppData/Local/Temp/context7445803123028204721.xml'
08-Nov-2019 15:41:46.473 INFO [http-nio-8080-exec-540] org.apache.catalina.core.ApplicationContext.log Manager: start: Starting web application '/Opportunity'
08-Nov-2019 15:46:28.774 INFO [http-nio-8080-exec-538] org.apache.catalina.core.ApplicationContext.log Manager: list: Listing contexts for virtual host 'localhost'
08-Nov-2019 15:46:35.203 INFO [http-nio-8080-exec-537] org.apache.catalina.core.ApplicationContext.log Manager: list: Listing contexts for virtual host 'localhost'
08-Nov-2019 15:46:35.207 INFO [http-nio-8080-exec-533] org.apache.catalina.core.ApplicationContext.log Manager: list: Listing contexts for virtual host 'localhost'
08-Nov-2019 15:46:35.292 INFO [http-nio-8080-exec-536] org.apache.catalina.core.ApplicationContext.log Manager: undeploy: Undeploying web application at '/Opportunity'
08-Nov-2019 15:46:47.498 INFO [http-nio-8080-exec-540] org.apache.catalina.core.ApplicationContext.log Manager: install: Installing context configuration at 'file:/C:/Users/PAULO~1.BEZ/AppData/Local/Temp/context9045033874668762001.xml'
08-Nov-2019 15:46:59.425 INFO [http-nio-8080-exec-541] org.apache.catalina.core.ApplicationContext.log Manager: start: Starting web application '/Opportunity'
08-Nov-2019 15:47:59.360 INFO [http-nio-8080-exec-544] org.apache.catalina.core.ApplicationContext.log Manager: list: Listing contexts for virtual host 'localhost'
08-Nov-2019 15:48:05.219 INFO [http-nio-8080-exec-547] org.apache.catalina.core.ApplicationContext.log Manager: list: Listing contexts for virtual host 'localhost'
08-Nov-2019 15:48:05.222 INFO [http-nio-8080-exec-548] org.apache.catalina.core.ApplicationContext.log Manager: list: Listing contexts for virtual host 'localhost'
08-Nov-2019 15:48:05.255 INFO [http-nio-8080-exec-549] org.apache.catalina.core.ApplicationContext.log Manager: undeploy: Undeploying web application at '/Opportunity'
08-Nov-2019 15:48:06.450 INFO [http-nio-8080-exec-550] org.apache.catalina.core.ApplicationContext.log Manager: install: Installing context configuration at 'file:/C:/Users/PAULO~1.BEZ/AppData/Local/Temp/context2569870063195456756.xml'
08-Nov-2019 15:49:00.382 INFO [http-nio-8080-exec-545] org.apache.catalina.core.ApplicationContext.log Manager: list: Listing contexts for virtual host 'localhost'
08-Nov-2019 15:51:17.195 INFO [http-nio-8080-exec-558] org.apache.catalina.core.ApplicationContext.log Manager: list: Listing contexts for virtual host 'localhost'
08-Nov-2019 15:51:17.221 INFO [http-nio-8080-exec-559] org.apache.catalina.core.ApplicationContext.log Manager: list: Listing contexts for virtual host 'localhost'
08-Nov-2019 15:51:17.302 INFO [http-nio-8080-exec-560] org.apache.catalina.core.ApplicationContext.log Manager: undeploy: Undeploying web application at '/Opportunity'
08-Nov-2019 15:51:17.940 INFO [http-nio-8080-exec-545] org.apache.catalina.core.ApplicationContext.log Manager: install: Installing context configuration at 'file:/C:/Users/PAULO~1.BEZ/AppData/Local/Temp/context5811055715253722354.xml'
08-Nov-2019 15:51:22.632 INFO [http-nio-8080-exec-546] org.apache.catalina.core.ApplicationContext.log Manager: start: Starting web application '/Opportunity'
08-Nov-2019 15:52:53.402 INFO [http-nio-8080-exec-557] org.apache.catalina.core.ApplicationContext.log Manager: list: Listing contexts for virtual host 'localhost'
08-Nov-2019 15:54:03.455 INFO [http-nio-8080-exec-553] org.apache.catalina.core.ApplicationContext.log Manager: list: Listing contexts for virtual host 'localhost'
08-Nov-2019 15:54:27.035 INFO [http-nio-8080-exec-561] org.apache.catalina.core.ApplicationContext.log Manager: list: Listing contexts for virtual host 'localhost'
08-Nov-2019 15:54:27.038 INFO [http-nio-8080-exec-555] org.apache.catalina.core.ApplicationContext.log Manager: list: Listing contexts for virtual host 'localhost'
08-Nov-2019 15:54:27.062 INFO [http-nio-8080-exec-562] org.apache.catalina.core.ApplicationContext.log Manager: undeploy: Undeploying web application at '/Opportunity'
08-Nov-2019 15:54:40.441 INFO [http-nio-8080-exec-558] org.apache.catalina.core.ApplicationContext.log Manager: install: Installing context configuration at 'file:/C:/Users/PAULO~1.BEZ/AppData/Local/Temp/context304027022895443316.xml'
08-Nov-2019 15:54:44.831 INFO [http-nio-8080-exec-561] org.apache.catalina.core.ApplicationContext.log Manager: start: Starting web application '/Opportunity'
08-Nov-2019 15:55:35.919 INFO [http-nio-8080-exec-565] org.apache.catalina.core.ApplicationContext.log Manager: list: Listing contexts for virtual host 'localhost'
08-Nov-2019 15:55:40.699 INFO [http-nio-8080-exec-563] org.apache.catalina.core.ApplicationContext.log Manager: list: Listing contexts for virtual host 'localhost'
08-Nov-2019 15:55:40.701 INFO [http-nio-8080-exec-570] org.apache.catalina.core.ApplicationContext.log Manager: list: Listing contexts for virtual host 'localhost'
08-Nov-2019 15:55:40.724 INFO [http-nio-8080-exec-559] org.apache.catalina.core.ApplicationContext.log Manager: undeploy: Undeploying web application at '/Opportunity'
08-Nov-2019 15:55:52.251 INFO [http-nio-8080-exec-571] org.apache.catalina.core.ApplicationContext.log Manager: install: Installing context configuration at 'file:/C:/Users/PAULO~1.BEZ/AppData/Local/Temp/context792182670666541072.xml'
08-Nov-2019 15:55:55.547 INFO [http-nio-8080-exec-567] org.apache.catalina.core.ApplicationContext.log Manager: start: Starting web application '/Opportunity'
08-Nov-2019 15:56:53.670 INFO [http-nio-8080-exec-576] org.apache.catalina.core.ApplicationContext.log Manager: list: Listing contexts for virtual host 'localhost'
08-Nov-2019 15:57:07.147 INFO [http-nio-8080-exec-579] org.apache.catalina.core.ApplicationContext.log Manager: list: Listing contexts for virtual host 'localhost'
08-Nov-2019 15:57:07.151 INFO [http-nio-8080-exec-574] org.apache.catalina.core.ApplicationContext.log Manager: list: Listing contexts for virtual host 'localhost'
08-Nov-2019 15:57:07.191 INFO [http-nio-8080-exec-575] org.apache.catalina.core.ApplicationContext.log Manager: undeploy: Undeploying web application at '/Opportunity'
08-Nov-2019 15:57:13.898 INFO [http-nio-8080-exec-568] org.apache.catalina.core.ApplicationContext.log Manager: install: Installing context configuration at 'file:/C:/Users/PAULO~1.BEZ/AppData/Local/Temp/context4671887347137547943.xml'
08-Nov-2019 15:57:17.139 INFO [http-nio-8080-exec-573] org.apache.catalina.core.ApplicationContext.log Manager: start: Starting web application '/Opportunity'
08-Nov-2019 15:57:38.100 INFO [http-nio-8080-exec-586] org.apache.catalina.core.ApplicationContext.log Manager: list: Listing contexts for virtual host 'localhost'
08-Nov-2019 15:57:38.159 INFO [http-nio-8080-exec-574] org.apache.catalina.core.ApplicationContext.log Manager: stop: Stopping web application '/Opportunity'
08-Nov-2019 15:57:38.990 INFO [http-nio-8080-exec-584] org.apache.catalina.core.ApplicationContext.log Manager: start: Starting web application '/Opportunity'
08-Nov-2019 15:57:49.368 INFO [http-nio-8080-exec-587] org.apache.catalina.core.ApplicationContext.log Manager: list: Listing contexts for virtual host 'localhost'
08-Nov-2019 15:57:49.402 INFO [http-nio-8080-exec-585] org.apache.catalina.core.ApplicationContext.log Manager: undeploy: Undeploying web application at '/Opportunity'
08-Nov-2019 16:15:47.830 INFO [http-nio-8080-exec-595] org.apache.catalina.core.ApplicationContext.log Manager: list: Listing contexts for virtual host 'localhost'
08-Nov-2019 16:15:58.892 INFO [http-nio-8080-exec-601] org.apache.catalina.core.ApplicationContext.log Manager: list: Listing contexts for virtual host 'localhost'
08-Nov-2019 16:15:58.896 INFO [http-nio-8080-exec-593] org.apache.catalina.core.ApplicationContext.log Manager: list: Listing contexts for virtual host 'localhost'
08-Nov-2019 16:15:59.104 INFO [http-nio-8080-exec-592] org.apache.catalina.core.ApplicationContext.log Manager: install: Installing context configuration at 'file:/C:/Users/PAULO~1.BEZ/AppData/Local/Temp/context6249967019070354917.xml'
08-Nov-2019 16:16:07.868 INFO [http-nio-8080-exec-594] org.apache.catalina.core.ApplicationContext.log Manager: start: Starting web application '/Opportunity'
08-Nov-2019 16:16:32.663 INFO [http-nio-8080-exec-599] org.apache.catalina.core.ApplicationContext.log Manager: list: Listing contexts for virtual host 'localhost'
08-Nov-2019 16:16:34.473 INFO [http-nio-8080-exec-600] org.apache.catalina.core.ApplicationContext.log Manager: restart: Reloading web application '/Opportunity'
08-Nov-2019 17:41:31.385 INFO [http-nio-8080-exec-606] org.apache.catalina.core.ApplicationContext.log Manager: list: Listing contexts for virtual host 'localhost'
08-Nov-2019 17:41:33.915 INFO [http-nio-8080-exec-605] org.apache.catalina.core.ApplicationContext.log Manager: restart: Reloading web application '/Opportunity'
08-Nov-2019 17:54:08.070 INFO [http-nio-8080-exec-618] org.apache.catalina.core.ApplicationContext.log Manager: list: Listing contexts for virtual host 'localhost'
08-Nov-2019 17:54:08.966 INFO [http-nio-8080-exec-613] org.apache.catalina.core.ApplicationContext.log Manager: restart: Reloading web application '/Opportunity'
08-Nov-2019 17:56:38.602 INFO [http-nio-8080-exec-624] org.apache.catalina.core.ApplicationContext.log Manager: list: Listing contexts for virtual host 'localhost'
08-Nov-2019 17:56:39.992 INFO [http-nio-8080-exec-629] org.apache.catalina.core.ApplicationContext.log Manager: restart: Reloading web application '/Opportunity'
08-Nov-2019 18:22:39.960 INFO [http-nio-8080-exec-636] org.apache.catalina.core.ApplicationContext.log Manager: list: Listing contexts for virtual host 'localhost'
08-Nov-2019 18:22:41.333 INFO [http-nio-8080-exec-637] org.apache.catalina.core.ApplicationContext.log Manager: restart: Reloading web application '/Opportunity'
08-Nov-2019 18:24:08.371 INFO [http-nio-8080-exec-632] org.apache.catalina.core.ApplicationContext.log Manager: list: Listing contexts for virtual host 'localhost'
08-Nov-2019 18:24:09.984 INFO [http-nio-8080-exec-638] org.apache.catalina.core.ApplicationContext.log Manager: restart: Reloading web application '/Opportunity'
08-Nov-2019 18:24:49.391 INFO [http-nio-8080-exec-642] org.apache.catalina.core.ApplicationContext.log Manager: list: Listing contexts for virtual host 'localhost'
08-Nov-2019 18:24:50.669 INFO [http-nio-8080-exec-653] org.apache.catalina.core.ApplicationContext.log Manager: restart: Reloading web application '/Opportunity'
08-Nov-2019 18:27:14.569 INFO [http-nio-8080-exec-662] org.apache.catalina.core.ApplicationContext.log Manager: list: Listing contexts for virtual host 'localhost'
08-Nov-2019 18:27:15.818 INFO [http-nio-8080-exec-658] org.apache.catalina.core.ApplicationContext.log Manager: restart: Reloading web application '/Opportunity'
08-Nov-2019 18:27:55.810 INFO [http-nio-8080-exec-663] org.apache.catalina.core.ApplicationContext.log Manager: list: Listing contexts for virtual host 'localhost'
08-Nov-2019 18:27:57.121 INFO [http-nio-8080-exec-672] org.apache.catalina.core.ApplicationContext.log Manager: restart: Reloading web application '/Opportunity'
08-Nov-2019 18:34:21.496 INFO [http-nio-8080-exec-680] org.apache.catalina.core.ApplicationContext.log Manager: list: Listing contexts for virtual host 'localhost'
08-Nov-2019 18:34:23.040 INFO [http-nio-8080-exec-681] org.apache.catalina.core.ApplicationContext.log Manager: restart: Reloading web application '/Opportunity'
08-Nov-2019 18:37:50.207 INFO [http-nio-8080-exec-693] org.apache.catalina.core.ApplicationContext.log Manager: list: Listing contexts for virtual host 'localhost'
08-Nov-2019 18:37:51.731 INFO [http-nio-8080-exec-694] org.apache.catalina.core.ApplicationContext.log Manager: restart: Reloading web application '/Opportunity'
08-Nov-2019 18:41:00.371 INFO [http-nio-8080-exec-701] org.apache.catalina.core.ApplicationContext.log Manager: list: Listing contexts for virtual host 'localhost'
08-Nov-2019 18:41:01.874 INFO [http-nio-8080-exec-696] org.apache.catalina.core.ApplicationContext.log Manager: restart: Reloading web application '/Opportunity'
08-Nov-2019 18:41:14.929 INFO [http-nio-8080-exec-698] org.apache.catalina.core.ApplicationContext.log Manager: list: Listing contexts for virtual host 'localhost'
08-Nov-2019 18:41:16.549 INFO [http-nio-8080-exec-700] org.apache.catalina.core.ApplicationContext.log Manager: restart: Reloading web application '/Opportunity'
08-Nov-2019 18:42:45.151 INFO [http-nio-8080-exec-707] org.apache.catalina.core.ApplicationContext.log Manager: list: Listing contexts for virtual host 'localhost'
08-Nov-2019 18:42:47.789 INFO [http-nio-8080-exec-708] org.apache.catalina.core.ApplicationContext.log Manager: restart: Reloading web application '/Opportunity'
08-Nov-2019 18:50:32.362 INFO [http-nio-8080-exec-720] org.apache.catalina.core.ApplicationContext.log Manager: list: Listing contexts for virtual host 'localhost'
08-Nov-2019 18:50:33.290 INFO [http-nio-8080-exec-722] org.apache.catalina.core.ApplicationContext.log Manager: restart: Reloading web application '/Opportunity'
08-Nov-2019 18:50:51.099 INFO [http-nio-8080-exec-717] org.apache.catalina.core.ApplicationContext.log Manager: list: Listing contexts for virtual host 'localhost'
08-Nov-2019 18:50:51.954 INFO [http-nio-8080-exec-719] org.apache.catalina.core.ApplicationContext.log Manager: restart: Reloading web application '/Opportunity'
08-Nov-2019 18:53:27.770 INFO [http-nio-8080-exec-729] org.apache.catalina.core.ApplicationContext.log Manager: list: Listing contexts for virtual host 'localhost'
08-Nov-2019 18:53:29.004 INFO [http-nio-8080-exec-730] org.apache.catalina.core.ApplicationContext.log Manager: restart: Reloading web application '/Opportunity'
08-Nov-2019 18:55:14.309 INFO [http-nio-8080-exec-737] org.apache.catalina.core.ApplicationContext.log Manager: list: Listing contexts for virtual host 'localhost'
08-Nov-2019 18:55:15.175 INFO [http-nio-8080-exec-738] org.apache.catalina.core.ApplicationContext.log Manager: restart: Reloading web application '/Opportunity'
08-Nov-2019 18:56:28.151 INFO [http-nio-8080-exec-748] org.apache.catalina.core.ApplicationContext.log Manager: list: Listing contexts for virtual host 'localhost'
08-Nov-2019 18:56:28.275 INFO [http-nio-8080-exec-742] org.apache.catalina.core.ApplicationContext.log Manager: stop: Stopping web application '/Opportunity'
08-Nov-2019 18:56:30.661 INFO [http-nio-8080-exec-744] org.apache.catalina.core.ApplicationContext.log Manager: start: Starting web application '/Opportunity'
08-Nov-2019 18:56:35.103 INFO [http-nio-8080-exec-750] org.apache.catalina.core.ApplicationContext.log Manager: list: Listing contexts for virtual host 'localhost'
08-Nov-2019 18:56:35.130 INFO [http-nio-8080-exec-753] org.apache.catalina.core.ApplicationContext.log Manager: undeploy: Undeploying web application at '/Opportunity'
08-Nov-2019 19:09:58.214 INFO [http-nio-8080-exec-757] org.apache.catalina.core.ApplicationContext.log Manager: list: Listing contexts for virtual host 'localhost'
08-Nov-2019 19:10:09.525 INFO [http-nio-8080-exec-763] org.apache.catalina.core.ApplicationContext.log Manager: list: Listing contexts for virtual host 'localhost'
08-Nov-2019 19:10:09.647 INFO [http-nio-8080-exec-754] org.apache.catalina.core.ApplicationContext.log Manager: list: Listing contexts for virtual host 'localhost'
08-Nov-2019 19:10:09.924 INFO [http-nio-8080-exec-756] org.apache.catalina.core.ApplicationContext.log Manager: install: Installing context configuration at 'file:/C:/Users/PAULO~1.BEZ/AppData/Local/Temp/context6896847948513456910.xml'
08-Nov-2019 19:10:17.307 INFO [http-nio-8080-exec-755] org.apache.catalina.core.ApplicationContext.log Manager: start: Starting web application '/Opportunity'
08-Nov-2019 19:20:25.270 INFO [http-nio-8080-exec-757] org.apache.catalina.core.ApplicationContext.log Manager: list: Listing contexts for virtual host 'localhost'
08-Nov-2019 19:20:26.984 INFO [http-nio-8080-exec-759] org.apache.catalina.core.ApplicationContext.log Manager: restart: Reloading web application '/Opportunity'
08-Nov-2019 19:22:54.096 INFO [http-nio-8080-exec-768] org.apache.catalina.core.ApplicationContext.log Manager: list: Listing contexts for virtual host 'localhost'
08-Nov-2019 19:22:55.274 INFO [http-nio-8080-exec-769] org.apache.catalina.core.ApplicationContext.log Manager: restart: Reloading web application '/Opportunity'
08-Nov-2019 19:24:40.467 INFO [http-nio-8080-exec-776] org.apache.catalina.core.ApplicationContext.log Manager: list: Listing contexts for virtual host 'localhost'
08-Nov-2019 19:24:41.299 INFO [http-nio-8080-exec-777] org.apache.catalina.core.ApplicationContext.log Manager: restart: Reloading web application '/Opportunity'
08-Nov-2019 19:37:04.862 INFO [http-nio-8080-exec-792] org.apache.catalina.core.ApplicationContext.log Manager: list: Listing contexts for virtual host 'localhost'
08-Nov-2019 19:37:04.980 INFO [http-nio-8080-exec-790] org.apache.catalina.core.ApplicationContext.log Manager: stop: Stopping web application '/Opportunity'
08-Nov-2019 19:37:14.269 INFO [http-nio-8080-exec-787] org.apache.catalina.core.ApplicationContext.log Manager: start: Starting web application '/Opportunity'
08-Nov-2019 19:38:12.884 INFO [http-nio-8080-exec-791] org.apache.catalina.core.ApplicationContext.log Manager: list: Listing contexts for virtual host 'localhost'
08-Nov-2019 19:38:12.905 INFO [http-nio-8080-exec-785] org.apache.catalina.core.ApplicationContext.log Manager: undeploy: Undeploying web application at '/Opportunity'
08-Nov-2019 19:44:11.753 INFO [http-nio-8080-exec-801] org.apache.catalina.core.ApplicationContext.log Manager: list: Listing contexts for virtual host 'localhost'
08-Nov-2019 19:48:45.178 INFO [http-nio-8080-exec-799] org.apache.catalina.core.ApplicationContext.log Manager: list: Listing contexts for virtual host 'localhost'
08-Nov-2019 19:50:37.149 INFO [http-nio-8080-exec-803] org.apache.catalina.core.ApplicationContext.log Manager: list: Listing contexts for virtual host 'localhost'
08-Nov-2019 19:51:07.305 INFO [http-nio-8080-exec-802] org.apache.catalina.core.ApplicationContext.log Manager: list: Listing contexts for virtual host 'localhost'
08-Nov-2019 19:51:07.816 INFO [http-nio-8080-exec-803] org.apache.catalina.core.ApplicationContext.log Manager: list: Listing contexts for virtual host 'localhost'
08-Nov-2019 19:52:09.148 INFO [http-nio-8080-exec-801] org.apache.catalina.core.ApplicationContext.log Manager: list: Listing contexts for virtual host 'localhost'
08-Nov-2019 19:52:37.693 INFO [http-nio-8080-exec-804] org.apache.catalina.core.ApplicationContext.log Manager: list: Listing contexts for virtual host 'localhost'
08-Nov-2019 19:55:20.079 INFO [http-nio-8080-exec-802] org.apache.catalina.core.ApplicationContext.log Manager: list: Listing contexts for virtual host 'localhost'
08-Nov-2019 19:55:26.260 INFO [http-nio-8080-exec-799] org.apache.catalina.core.ApplicationContext.log Manager: list: Listing contexts for virtual host 'localhost'
08-Nov-2019 19:55:26.262 INFO [http-nio-8080-exec-801] org.apache.catalina.core.ApplicationContext.log Manager: list: Listing contexts for virtual host 'localhost'
08-Nov-2019 19:55:26.432 INFO [http-nio-8080-exec-805] org.apache.catalina.core.ApplicationContext.log Manager: install: Installing context configuration at 'file:/C:/Users/PAULO~1.BEZ/AppData/Local/Temp/context2907230930263206242.xml'
08-Nov-2019 19:55:34.014 INFO [http-nio-8080-exec-802] org.apache.catalina.core.ApplicationContext.log Manager: start: Starting web application '/Opportunity'
08-Nov-2019 19:56:18.003 INFO [http-nio-8080-exec-806] org.apache.catalina.core.ApplicationContext.log Manager: list: Listing contexts for virtual host 'localhost'
08-Nov-2019 19:56:23.473 INFO [http-nio-8080-exec-801] org.apache.catalina.core.ApplicationContext.log Manager: list: Listing contexts for virtual host 'localhost'
08-Nov-2019 19:56:23.475 INFO [http-nio-8080-exec-805] org.apache.catalina.core.ApplicationContext.log Manager: list: Listing contexts for virtual host 'localhost'
08-Nov-2019 19:56:23.510 INFO [http-nio-8080-exec-802] org.apache.catalina.core.ApplicationContext.log Manager: undeploy: Undeploying web application at '/Opportunity'
08-Nov-2019 19:56:40.561 INFO [http-nio-8080-exec-807] org.apache.catalina.core.ApplicationContext.log Manager: install: Installing context configuration at 'file:/C:/Users/PAULO~1.BEZ/AppData/Local/Temp/context3376943094586590244.xml'
08-Nov-2019 19:56:45.997 INFO [http-nio-8080-exec-803] org.apache.catalina.core.ApplicationContext.log Manager: start: Starting web application '/Opportunity'
08-Nov-2019 19:58:22.941 INFO [http-nio-8080-exec-813] org.apache.catalina.core.ApplicationContext.log Manager: list: Listing contexts for virtual host 'localhost'
08-Nov-2019 19:58:24.259 INFO [http-nio-8080-exec-814] org.apache.catalina.core.ApplicationContext.log Manager: restart: Reloading web application '/Opportunity'
08-Nov-2019 19:59:12.399 INFO [http-nio-8080-exec-817] org.apache.catalina.core.ApplicationContext.log Manager: list: Listing contexts for virtual host 'localhost'
08-Nov-2019 20:00:35.389 INFO [http-nio-8080-exec-823] org.apache.catalina.core.ApplicationContext.log Manager: list: Listing contexts for virtual host 'localhost'
08-Nov-2019 20:00:36.309 INFO [http-nio-8080-exec-825] org.apache.catalina.core.ApplicationContext.log Manager: restart: Reloading web application '/Opportunity'
08-Nov-2019 20:00:48.127 INFO [http-nio-8080-exec-819] org.apache.catalina.core.ApplicationContext.log Manager: list: Listing contexts for virtual host 'localhost'
08-Nov-2019 20:00:49.117 INFO [http-nio-8080-exec-826] org.apache.catalina.core.ApplicationContext.log Manager: restart: Reloading web application '/Opportunity'
08-Nov-2019 20:02:12.109 INFO [http-nio-8080-exec-821] org.apache.catalina.core.ApplicationContext.log Manager: list: Listing contexts for virtual host 'localhost'
08-Nov-2019 20:02:13.117 INFO [http-nio-8080-exec-830] org.apache.catalina.core.ApplicationContext.log Manager: restart: Reloading web application '/Opportunity'
08-Nov-2019 20:03:55.290 INFO [http-nio-8080-exec-842] org.apache.catalina.core.ApplicationContext.log Manager: list: Listing contexts for virtual host 'localhost'
08-Nov-2019 20:03:56.274 INFO [http-nio-8080-exec-846] org.apache.catalina.core.ApplicationContext.log Manager: restart: Reloading web application '/Opportunity'
08-Nov-2019 20:04:24.134 INFO [http-nio-8080-exec-848] org.apache.catalina.core.ApplicationContext.log Manager: list: Listing contexts for virtual host 'localhost'
08-Nov-2019 20:04:30.880 INFO [http-nio-8080-exec-851] org.apache.catalina.core.ApplicationContext.log Manager: list: Listing contexts for virtual host 'localhost'
08-Nov-2019 20:04:31.861 INFO [http-nio-8080-exec-844] org.apache.catalina.core.ApplicationContext.log Manager: restart: Reloading web application '/Opportunity'
08-Nov-2019 20:04:44.509 INFO [http-nio-8080-exec-845] org.apache.catalina.core.ApplicationContext.log Manager: list: Listing contexts for virtual host 'localhost'
08-Nov-2019 20:04:44.512 INFO [http-nio-8080-exec-851] org.apache.catalina.core.ApplicationContext.log Manager: list: Listing contexts for virtual host 'localhost'
08-Nov-2019 20:04:44.590 INFO [http-nio-8080-exec-842] org.apache.catalina.core.ApplicationContext.log Manager: undeploy: Undeploying web application at '/Opportunity'
08-Nov-2019 20:04:45.842 INFO [http-nio-8080-exec-851] org.apache.catalina.core.ApplicationContext.log Manager: install: Installing context configuration at 'file:/C:/Users/PAULO~1.BEZ/AppData/Local/Temp/context5189921471883237871.xml'
08-Nov-2019 20:04:47.638 INFO [http-nio-8080-exec-854] org.apache.catalina.core.ApplicationContext.log Manager: start: Starting web application '/Opportunity'
08-Nov-2019 20:06:00.778 INFO [http-nio-8080-exec-859] org.apache.catalina.core.ApplicationContext.log Manager: list: Listing contexts for virtual host 'localhost'
08-Nov-2019 20:06:07.597 INFO [http-nio-8080-exec-857] org.apache.catalina.core.ApplicationContext.log Manager: list: Listing contexts for virtual host 'localhost'
08-Nov-2019 20:06:13.523 INFO [http-nio-8080-exec-864] org.apache.catalina.core.ApplicationContext.log Manager: list: Listing contexts for virtual host 'localhost'
08-Nov-2019 20:06:13.525 INFO [http-nio-8080-exec-856] org.apache.catalina.core.ApplicationContext.log Manager: list: Listing contexts for virtual host 'localhost'
08-Nov-2019 20:06:13.589 INFO [http-nio-8080-exec-865] org.apache.catalina.core.ApplicationContext.log Manager: undeploy: Undeploying web application at '/Opportunity'
08-Nov-2019 20:06:21.637 INFO [http-nio-8080-exec-857] org.apache.catalina.core.ApplicationContext.log Manager: install: Installing context configuration at 'file:/C:/Users/PAULO~1.BEZ/AppData/Local/Temp/context2668472273283472164.xml'
08-Nov-2019 20:08:42.123 INFO [http-nio-8080-exec-858] org.apache.catalina.core.ApplicationContext.log Manager: list: Listing contexts for virtual host 'localhost'
08-Nov-2019 20:08:42.126 INFO [http-nio-8080-exec-859] org.apache.catalina.core.ApplicationContext.log Manager: list: Listing contexts for virtual host 'localhost'
08-Nov-2019 20:08:42.172 INFO [http-nio-8080-exec-856] org.apache.catalina.core.ApplicationContext.log Manager: undeploy: Undeploying web application at '/Opportunity'
08-Nov-2019 20:08:42.801 INFO [http-nio-8080-exec-867] org.apache.catalina.core.ApplicationContext.log Manager: install: Installing context configuration at 'file:/C:/Users/PAULO~1.BEZ/AppData/Local/Temp/context2576014019015016778.xml'
08-Nov-2019 20:08:45.107 INFO [http-nio-8080-exec-857] org.apache.catalina.core.ApplicationContext.log Manager: start: Starting web application '/Opportunity'
08-Nov-2019 20:09:32.602 INFO [http-nio-8080-exec-860] org.apache.catalina.core.ApplicationContext.log Manager: list: Listing contexts for virtual host 'localhost'
08-Nov-2019 20:09:40.294 INFO [http-nio-8080-exec-877] org.apache.catalina.core.ApplicationContext.log Manager: list: Listing contexts for virtual host 'localhost'
08-Nov-2019 20:09:40.297 INFO [http-nio-8080-exec-873] org.apache.catalina.core.ApplicationContext.log Manager: list: Listing contexts for virtual host 'localhost'
08-Nov-2019 20:09:40.362 INFO [http-nio-8080-exec-866] org.apache.catalina.core.ApplicationContext.log Manager: undeploy: Undeploying web application at '/Opportunity'
08-Nov-2019 20:09:53.707 INFO [http-nio-8080-exec-872] org.apache.catalina.core.ApplicationContext.log Manager: install: Installing context configuration at 'file:/C:/Users/PAULO~1.BEZ/AppData/Local/Temp/context5804653757409092411.xml'
08-Nov-2019 20:09:59.232 INFO [http-nio-8080-exec-873] org.apache.catalina.core.ApplicationContext.log Manager: start: Starting web application '/Opportunity'
08-Nov-2019 20:11:23.502 INFO [http-nio-8080-exec-880] org.apache.catalina.core.ApplicationContext.log Manager: list: Listing contexts for virtual host 'localhost'
08-Nov-2019 20:11:32.401 INFO [http-nio-8080-exec-879] org.apache.catalina.core.ApplicationContext.log Manager: list: Listing contexts for virtual host 'localhost'
08-Nov-2019 20:11:32.404 INFO [http-nio-8080-exec-880] org.apache.catalina.core.ApplicationContext.log Manager: list: Listing contexts for virtual host 'localhost'
08-Nov-2019 20:11:32.446 INFO [http-nio-8080-exec-881] org.apache.catalina.core.ApplicationContext.log Manager: undeploy: Undeploying web application at '/Opportunity'
08-Nov-2019 20:11:38.546 INFO [http-nio-8080-exec-887] org.apache.catalina.core.ApplicationContext.log Manager: install: Installing context configuration at 'file:/C:/Users/PAULO~1.BEZ/AppData/Local/Temp/context824453201703154116.xml'
08-Nov-2019 20:13:15.251 INFO [http-nio-8080-exec-871] org.apache.catalina.core.ApplicationContext.log Manager: list: Listing contexts for virtual host 'localhost'
08-Nov-2019 20:13:15.485 INFO [http-nio-8080-exec-890] org.apache.catalina.core.ApplicationContext.log Manager: stop: Stopping web application '/Opportunity'
08-Nov-2019 20:13:15.507 INFO [http-nio-8080-exec-885] org.apache.catalina.core.ApplicationContext.log Manager: start: Starting web application '/Opportunity'
08-Nov-2019 20:14:33.608 INFO [http-nio-8080-exec-891] org.apache.catalina.core.ApplicationContext.log Manager: list: Listing contexts for virtual host 'localhost'
08-Nov-2019 20:14:33.611 INFO [http-nio-8080-exec-892] org.apache.catalina.core.ApplicationContext.log Manager: list: Listing contexts for virtual host 'localhost'
08-Nov-2019 20:14:33.676 INFO [http-nio-8080-exec-894] org.apache.catalina.core.ApplicationContext.log Manager: undeploy: Undeploying web application at '/Opportunity'
08-Nov-2019 20:14:35.539 INFO [http-nio-8080-exec-895] org.apache.catalina.core.ApplicationContext.log Manager: install: Installing context configuration at 'file:/C:/Users/PAULO~1.BEZ/AppData/Local/Temp/context4015600125367267575.xml'
08-Nov-2019 20:14:37.316 INFO [http-nio-8080-exec-871] org.apache.catalina.core.ApplicationContext.log Manager: start: Starting web application '/Opportunity'
08-Nov-2019 20:15:20.494 INFO [http-nio-8080-exec-871] org.apache.catalina.core.ApplicationContext.log Manager: list: Listing contexts for virtual host 'localhost'
08-Nov-2019 20:15:20.702 INFO [http-nio-8080-exec-879] org.apache.catalina.core.ApplicationContext.log Manager: stop: Stopping web application '/Opportunity'
08-Nov-2019 20:15:22.308 INFO [http-nio-8080-exec-896] org.apache.catalina.core.ApplicationContext.log Manager: start: Starting web application '/Opportunity'
08-Nov-2019 20:15:33.266 INFO [http-nio-8080-exec-900] org.apache.catalina.core.ApplicationContext.log Manager: list: Listing contexts for virtual host 'localhost'
08-Nov-2019 20:15:33.268 INFO [http-nio-8080-exec-899] org.apache.catalina.core.ApplicationContext.log Manager: list: Listing contexts for virtual host 'localhost'
08-Nov-2019 20:15:33.338 INFO [http-nio-8080-exec-888] org.apache.catalina.core.ApplicationContext.log Manager: undeploy: Undeploying web application at '/Opportunity'
08-Nov-2019 20:15:34.641 INFO [http-nio-8080-exec-898] org.apache.catalina.core.ApplicationContext.log Manager: install: Installing context configuration at 'file:/C:/Users/PAULO~1.BEZ/AppData/Local/Temp/context5368918939083670354.xml'
08-Nov-2019 20:15:36.831 INFO [http-nio-8080-exec-899] org.apache.catalina.core.ApplicationContext.log Manager: start: Starting web application '/Opportunity'
08-Nov-2019 20:16:43.700 INFO [http-nio-8080-exec-909] org.apache.catalina.core.ApplicationContext.log Manager: list: Listing contexts for virtual host 'localhost'
08-Nov-2019 20:16:44.812 INFO [http-nio-8080-exec-910] org.apache.catalina.core.ApplicationContext.log Manager: restart: Reloading web application '/Opportunity'
08-Nov-2019 20:19:56.391 INFO [http-nio-8080-exec-918] org.apache.catalina.core.ApplicationContext.log Manager: list: Listing contexts for virtual host 'localhost'
08-Nov-2019 20:19:56.538 INFO [http-nio-8080-exec-916] org.apache.catalina.core.ApplicationContext.log Manager: stop: Stopping web application '/Opportunity'
08-Nov-2019 20:20:02.094 INFO [http-nio-8080-exec-921] org.apache.catalina.core.ApplicationContext.log Manager: start: Starting web application '/Opportunity'
08-Nov-2019 20:20:04.538 INFO [http-nio-8080-exec-914] org.apache.catalina.core.ApplicationContext.log Manager: list: Listing contexts for virtual host 'localhost'
08-Nov-2019 20:20:09.952 INFO [http-nio-8080-exec-923] org.apache.catalina.core.ApplicationContext.log Manager: undeploy: Undeploying web application at '/Opportunity'
