23-Sep-2019 11:33:39.622 INFO [http-nio-8080-exec-9] org.apache.catalina.core.ApplicationContext.log Manager: init: Associated with Deployer 'Catalina:type=Deployer,host=localhost'
23-Sep-2019 11:33:39.622 INFO [http-nio-8080-exec-9] org.apache.catalina.core.ApplicationContext.log Manager: init: Global resources are available
23-Sep-2019 11:33:39.622 INFO [http-nio-8080-exec-9] org.apache.catalina.core.ApplicationContext.log Manager: list: Listing contexts for virtual host 'localhost'
23-Sep-2019 11:33:39.638 INFO [http-nio-8080-exec-10] org.apache.catalina.core.ApplicationContext.log Manager: list: Listing contexts for virtual host 'localhost'
23-Sep-2019 11:33:39.763 INFO [http-nio-8080-exec-3] org.apache.catalina.core.ApplicationContext.log Manager: install: Installing context configuration at 'file:/C:/Users/PAULO~1.BEZ/AppData/Local/Temp/context6448191177283517914.xml'
23-Sep-2019 11:33:45.306 INFO [http-nio-8080-exec-1] org.apache.catalina.core.ApplicationContext.log Manager: start: Starting web application '/Opportunity'
23-Sep-2019 12:08:23.341 INFO [http-nio-8080-exec-2] org.apache.catalina.core.ApplicationContext.log Manager: list: Listing contexts for virtual host 'localhost'
23-Sep-2019 12:08:25.313 INFO [http-nio-8080-exec-3] org.apache.catalina.core.ApplicationContext.log Manager: restart: Reloading web application '/Opportunity'
23-Sep-2019 12:09:58.348 INFO [http-nio-8080-exec-12] org.apache.catalina.core.ApplicationContext.log Manager: list: Listing contexts for virtual host 'localhost'
23-Sep-2019 12:09:58.678 INFO [http-nio-8080-exec-17] org.apache.catalina.core.ApplicationContext.log Manager: restart: Reloading web application '/Opportunity'
23-Sep-2019 12:10:39.115 INFO [http-nio-8080-exec-18] org.apache.catalina.core.ApplicationContext.log Manager: list: Listing contexts for virtual host 'localhost'
23-Sep-2019 12:10:39.418 INFO [http-nio-8080-exec-11] org.apache.catalina.core.ApplicationContext.log Manager: restart: Reloading web application '/Opportunity'
23-Sep-2019 12:11:22.938 INFO [http-nio-8080-exec-18] org.apache.catalina.core.ApplicationContext.log Manager: list: Listing contexts for virtual host 'localhost'
23-Sep-2019 12:11:23.311 INFO [http-nio-8080-exec-26] org.apache.catalina.core.ApplicationContext.log Manager: restart: Reloading web application '/Opportunity'
23-Sep-2019 12:12:15.235 INFO [http-nio-8080-exec-30] org.apache.catalina.core.ApplicationContext.log Manager: list: Listing contexts for virtual host 'localhost'
23-Sep-2019 12:12:15.584 INFO [http-nio-8080-exec-31] org.apache.catalina.core.ApplicationContext.log Manager: restart: Reloading web application '/Opportunity'
23-Sep-2019 12:12:59.705 INFO [http-nio-8080-exec-35] org.apache.catalina.core.ApplicationContext.log Manager: list: Listing contexts for virtual host 'localhost'
23-Sep-2019 12:12:59.990 INFO [http-nio-8080-exec-36] org.apache.catalina.core.ApplicationContext.log Manager: restart: Reloading web application '/Opportunity'
23-Sep-2019 12:13:43.964 INFO [http-nio-8080-exec-40] org.apache.catalina.core.ApplicationContext.log Manager: list: Listing contexts for virtual host 'localhost'
23-Sep-2019 12:13:44.367 INFO [http-nio-8080-exec-38] org.apache.catalina.core.ApplicationContext.log Manager: restart: Reloading web application '/Opportunity'
23-Sep-2019 12:17:19.154 INFO [http-nio-8080-exec-41] org.apache.catalina.core.ApplicationContext.log Manager: list: Listing contexts for virtual host 'localhost'
23-Sep-2019 12:17:19.441 INFO [http-nio-8080-exec-41] org.apache.catalina.core.ApplicationContext.log Manager: restart: Reloading web application '/Opportunity'
23-Sep-2019 12:17:29.801 INFO [http-nio-8080-exec-44] org.apache.catalina.core.ApplicationContext.log Manager: list: Listing contexts for virtual host 'localhost'
23-Sep-2019 12:17:30.207 INFO [http-nio-8080-exec-43] org.apache.catalina.core.ApplicationContext.log Manager: restart: Reloading web application '/Opportunity'
23-Sep-2019 12:17:33.367 INFO [http-nio-8080-exec-45] org.apache.catalina.core.ApplicationContext.log Manager: list: Listing contexts for virtual host 'localhost'
23-Sep-2019 12:17:33.664 INFO [http-nio-8080-exec-46] org.apache.catalina.core.ApplicationContext.log Manager: restart: Reloading web application '/Opportunity'
