26-Nov-2019 12:58:40.414 INFO [http-nio-8080-exec-7] org.apache.catalina.core.ApplicationContext.log Manager: init: Associated with Deployer 'Catalina:type=Deployer,host=localhost'
26-Nov-2019 12:58:40.414 INFO [http-nio-8080-exec-7] org.apache.catalina.core.ApplicationContext.log Manager: init: Global resources are available
26-Nov-2019 12:58:40.422 INFO [http-nio-8080-exec-7] org.apache.catalina.core.ApplicationContext.log Manager: list: Listing contexts for virtual host 'localhost'
26-Nov-2019 12:58:40.424 INFO [http-nio-8080-exec-6] org.apache.catalina.core.ApplicationContext.log Manager: list: Listing contexts for virtual host 'localhost'
26-Nov-2019 12:58:40.676 INFO [http-nio-8080-exec-3] org.apache.catalina.core.ApplicationContext.log Manager: install: Installing context configuration at 'file:/C:/Users/PAULO~1.BEZ/AppData/Local/Temp/context2004501056665390168.xml'
26-Nov-2019 12:59:08.989 INFO [http-nio-8080-exec-2] org.apache.catalina.core.ApplicationContext.log Manager: start: Starting web application '/Opportunity'
26-Nov-2019 13:28:59.926 INFO [http-nio-8080-exec-6] org.apache.catalina.core.ApplicationContext.log Manager: list: Listing contexts for virtual host 'localhost'
26-Nov-2019 13:29:40.730 INFO [http-nio-8080-exec-10] org.apache.catalina.core.ApplicationContext.log Manager: list: Listing contexts for virtual host 'localhost'
26-Nov-2019 13:29:40.741 INFO [http-nio-8080-exec-6] org.apache.catalina.core.ApplicationContext.log Manager: list: Listing contexts for virtual host 'localhost'
26-Nov-2019 13:29:41.366 INFO [http-nio-8080-exec-2] org.apache.catalina.core.ApplicationContext.log Manager: undeploy: Undeploying web application at '/Opportunity'
26-Nov-2019 13:29:44.511 INFO [http-nio-8080-exec-5] org.apache.catalina.core.ApplicationContext.log Manager: install: Installing context configuration at 'file:/C:/Users/PAULO~1.BEZ/AppData/Local/Temp/context1243012244325555112.xml'
26-Nov-2019 13:29:57.817 INFO [http-nio-8080-exec-7] org.apache.catalina.core.ApplicationContext.log Manager: start: Starting web application '/Opportunity'
26-Nov-2019 13:31:59.348 INFO [http-nio-8080-exec-16] org.apache.catalina.core.ApplicationContext.log Manager: list: Listing contexts for virtual host 'localhost'
26-Nov-2019 13:31:59.523 INFO [http-nio-8080-exec-15] org.apache.catalina.core.ApplicationContext.log Manager: stop: Stopping web application '/Opportunity'
26-Nov-2019 13:32:00.553 INFO [http-nio-8080-exec-13] org.apache.catalina.core.ApplicationContext.log Manager: start: Starting web application '/Opportunity'
26-Nov-2019 13:32:05.423 INFO [http-nio-8080-exec-17] org.apache.catalina.core.ApplicationContext.log Manager: list: Listing contexts for virtual host 'localhost'
26-Nov-2019 13:32:05.474 INFO [http-nio-8080-exec-16] org.apache.catalina.core.ApplicationContext.log Manager: undeploy: Undeploying web application at '/Opportunity'
26-Nov-2019 15:18:37.644 INFO [http-nio-8080-exec-24] org.apache.catalina.core.ApplicationContext.log Manager: list: Listing contexts for virtual host 'localhost'
26-Nov-2019 15:19:06.303 INFO [http-nio-8080-exec-32] org.apache.catalina.core.ApplicationContext.log Manager: list: Listing contexts for virtual host 'localhost'
26-Nov-2019 15:21:47.159 INFO [http-nio-8080-exec-24] org.apache.catalina.core.ApplicationContext.log Manager: list: Listing contexts for virtual host 'localhost'
26-Nov-2019 15:23:09.783 INFO [http-nio-8080-exec-32] org.apache.catalina.core.ApplicationContext.log Manager: list: Listing contexts for virtual host 'localhost'
26-Nov-2019 15:23:38.016 INFO [http-nio-8080-exec-24] org.apache.catalina.core.ApplicationContext.log Manager: list: Listing contexts for virtual host 'localhost'
26-Nov-2019 15:23:39.869 INFO [http-nio-8080-exec-32] org.apache.catalina.core.ApplicationContext.log Manager: list: Listing contexts for virtual host 'localhost'
26-Nov-2019 15:23:39.877 INFO [http-nio-8080-exec-33] org.apache.catalina.core.ApplicationContext.log Manager: list: Listing contexts for virtual host 'localhost'
26-Nov-2019 15:23:40.172 INFO [http-nio-8080-exec-28] org.apache.catalina.core.ApplicationContext.log Manager: install: Installing context configuration at 'file:/C:/Users/PAULO~1.BEZ/AppData/Local/Temp/context3822613892620610011.xml'
26-Nov-2019 15:23:45.111 INFO [http-nio-8080-exec-29] org.apache.catalina.core.ApplicationContext.log Manager: start: Starting web application '/Opportunity'
26-Nov-2019 15:35:52.294 INFO [http-nio-8080-exec-25] org.apache.catalina.core.ApplicationContext.log Manager: list: Listing contexts for virtual host 'localhost'
26-Nov-2019 15:35:57.147 INFO [http-nio-8080-exec-32] org.apache.catalina.core.ApplicationContext.log Manager: restart: Reloading web application '/Opportunity'
26-Nov-2019 15:39:47.243 INFO [http-nio-8080-exec-36] org.apache.catalina.core.ApplicationContext.log Manager: list: Listing contexts for virtual host 'localhost'
26-Nov-2019 15:39:48.570 INFO [http-nio-8080-exec-40] org.apache.catalina.core.ApplicationContext.log Manager: restart: Reloading web application '/Opportunity'
26-Nov-2019 15:40:36.040 INFO [http-nio-8080-exec-37] org.apache.catalina.core.ApplicationContext.log Manager: list: Listing contexts for virtual host 'localhost'
26-Nov-2019 15:40:37.426 INFO [http-nio-8080-exec-36] org.apache.catalina.core.ApplicationContext.log Manager: restart: Reloading web application '/Opportunity'
26-Nov-2019 15:41:03.003 INFO [http-nio-8080-exec-44] org.apache.catalina.core.ApplicationContext.log Manager: list: Listing contexts for virtual host 'localhost'
26-Nov-2019 15:41:04.418 INFO [http-nio-8080-exec-35] org.apache.catalina.core.ApplicationContext.log Manager: restart: Reloading web application '/Opportunity'
26-Nov-2019 15:41:30.222 INFO [http-nio-8080-exec-45] org.apache.catalina.core.ApplicationContext.log Manager: list: Listing contexts for virtual host 'localhost'
26-Nov-2019 15:41:31.583 INFO [http-nio-8080-exec-40] org.apache.catalina.core.ApplicationContext.log Manager: restart: Reloading web application '/Opportunity'
26-Nov-2019 15:42:37.159 INFO [http-nio-8080-exec-45] org.apache.catalina.core.ApplicationContext.log Manager: list: Listing contexts for virtual host 'localhost'
26-Nov-2019 15:42:38.556 INFO [http-nio-8080-exec-51] org.apache.catalina.core.ApplicationContext.log Manager: restart: Reloading web application '/Opportunity'
26-Nov-2019 15:43:01.449 INFO [http-nio-8080-exec-48] org.apache.catalina.core.ApplicationContext.log Manager: list: Listing contexts for virtual host 'localhost'
26-Nov-2019 15:43:02.862 INFO [http-nio-8080-exec-54] org.apache.catalina.core.ApplicationContext.log Manager: restart: Reloading web application '/Opportunity'
26-Nov-2019 15:43:38.530 INFO [http-nio-8080-exec-58] org.apache.catalina.core.ApplicationContext.log Manager: list: Listing contexts for virtual host 'localhost'
26-Nov-2019 15:43:38.538 INFO [http-nio-8080-exec-47] org.apache.catalina.core.ApplicationContext.log Manager: list: Listing contexts for virtual host 'localhost'
26-Nov-2019 15:43:38.742 INFO [http-nio-8080-exec-61] org.apache.catalina.core.ApplicationContext.log Manager: undeploy: Undeploying web application at '/Opportunity'
26-Nov-2019 15:43:39.859 INFO [http-nio-8080-exec-53] org.apache.catalina.core.ApplicationContext.log Manager: install: Installing context configuration at 'file:/C:/Users/PAULO~1.BEZ/AppData/Local/Temp/context4770386052831409175.xml'
26-Nov-2019 15:43:42.525 INFO [http-nio-8080-exec-58] org.apache.catalina.core.ApplicationContext.log Manager: start: Starting web application '/Opportunity'
26-Nov-2019 15:54:22.196 INFO [http-nio-8080-exec-70] org.apache.catalina.core.ApplicationContext.log Manager: list: Listing contexts for virtual host 'localhost'
26-Nov-2019 15:54:23.776 INFO [http-nio-8080-exec-71] org.apache.catalina.core.ApplicationContext.log Manager: restart: Reloading web application '/Opportunity'
26-Nov-2019 15:59:45.500 INFO [http-nio-8080-exec-81] org.apache.catalina.core.ApplicationContext.log Manager: list: Listing contexts for virtual host 'localhost'
26-Nov-2019 15:59:47.018 INFO [http-nio-8080-exec-82] org.apache.catalina.core.ApplicationContext.log Manager: restart: Reloading web application '/Opportunity'
26-Nov-2019 16:00:12.417 INFO [http-nio-8080-exec-80] org.apache.catalina.core.ApplicationContext.log Manager: list: Listing contexts for virtual host 'localhost'
26-Nov-2019 16:00:13.795 INFO [http-nio-8080-exec-79] org.apache.catalina.core.ApplicationContext.log Manager: restart: Reloading web application '/Opportunity'
26-Nov-2019 16:01:03.559 INFO [http-nio-8080-exec-86] org.apache.catalina.core.ApplicationContext.log Manager: list: Listing contexts for virtual host 'localhost'
26-Nov-2019 16:01:04.992 INFO [http-nio-8080-exec-78] org.apache.catalina.core.ApplicationContext.log Manager: restart: Reloading web application '/Opportunity'
26-Nov-2019 16:02:03.357 INFO [http-nio-8080-exec-88] org.apache.catalina.core.ApplicationContext.log Manager: list: Listing contexts for virtual host 'localhost'
26-Nov-2019 16:02:04.850 INFO [http-nio-8080-exec-85] org.apache.catalina.core.ApplicationContext.log Manager: restart: Reloading web application '/Opportunity'
26-Nov-2019 16:02:58.118 INFO [http-nio-8080-exec-80] org.apache.catalina.core.ApplicationContext.log Manager: list: Listing contexts for virtual host 'localhost'
26-Nov-2019 16:02:59.538 INFO [http-nio-8080-exec-86] org.apache.catalina.core.ApplicationContext.log Manager: restart: Reloading web application '/Opportunity'
26-Nov-2019 16:03:08.066 INFO [http-nio-8080-exec-80] org.apache.catalina.core.ApplicationContext.log Manager: list: Listing contexts for virtual host 'localhost'
26-Nov-2019 16:03:08.066 INFO [http-nio-8080-exec-95] org.apache.catalina.core.ApplicationContext.log Manager: list: Listing contexts for virtual host 'localhost'
26-Nov-2019 16:03:08.176 INFO [http-nio-8080-exec-83] org.apache.catalina.core.ApplicationContext.log Manager: undeploy: Undeploying web application at '/Opportunity'
26-Nov-2019 16:03:09.214 INFO [http-nio-8080-exec-97] org.apache.catalina.core.ApplicationContext.log Manager: install: Installing context configuration at 'file:/C:/Users/PAULO~1.BEZ/AppData/Local/Temp/context3511078796651057750.xml'
26-Nov-2019 16:03:11.614 INFO [http-nio-8080-exec-96] org.apache.catalina.core.ApplicationContext.log Manager: start: Starting web application '/Opportunity'
26-Nov-2019 16:05:30.068 INFO [http-nio-8080-exec-99] org.apache.catalina.core.ApplicationContext.log Manager: list: Listing contexts for virtual host 'localhost'
26-Nov-2019 16:05:33.773 INFO [http-nio-8080-exec-104] org.apache.catalina.core.ApplicationContext.log Manager: restart: Reloading web application '/Opportunity'
26-Nov-2019 16:10:12.300 INFO [http-nio-8080-exec-111] org.apache.catalina.core.ApplicationContext.log Manager: list: Listing contexts for virtual host 'localhost'
26-Nov-2019 16:10:13.797 INFO [http-nio-8080-exec-112] org.apache.catalina.core.ApplicationContext.log Manager: restart: Reloading web application '/Opportunity'
26-Nov-2019 16:12:36.240 INFO [http-nio-8080-exec-119] org.apache.catalina.core.ApplicationContext.log Manager: list: Listing contexts for virtual host 'localhost'
26-Nov-2019 16:12:37.632 INFO [http-nio-8080-exec-111] org.apache.catalina.core.ApplicationContext.log Manager: restart: Reloading web application '/Opportunity'
26-Nov-2019 16:12:48.114 INFO [http-nio-8080-exec-120] org.apache.catalina.core.ApplicationContext.log Manager: list: Listing contexts for virtual host 'localhost'
26-Nov-2019 16:12:48.116 INFO [http-nio-8080-exec-118] org.apache.catalina.core.ApplicationContext.log Manager: list: Listing contexts for virtual host 'localhost'
26-Nov-2019 16:12:48.207 INFO [http-nio-8080-exec-121] org.apache.catalina.core.ApplicationContext.log Manager: undeploy: Undeploying web application at '/Opportunity'
26-Nov-2019 16:12:49.152 INFO [http-nio-8080-exec-116] org.apache.catalina.core.ApplicationContext.log Manager: install: Installing context configuration at 'file:/C:/Users/PAULO~1.BEZ/AppData/Local/Temp/context7329607834556191838.xml'
26-Nov-2019 16:12:51.461 INFO [http-nio-8080-exec-117] org.apache.catalina.core.ApplicationContext.log Manager: start: Starting web application '/Opportunity'
26-Nov-2019 16:15:34.972 INFO [http-nio-8080-exec-129] org.apache.catalina.core.ApplicationContext.log Manager: list: Listing contexts for virtual host 'localhost'
26-Nov-2019 16:15:36.649 INFO [http-nio-8080-exec-123] org.apache.catalina.core.ApplicationContext.log Manager: restart: Reloading web application '/Opportunity'
26-Nov-2019 16:17:17.679 INFO [http-nio-8080-exec-132] org.apache.catalina.core.ApplicationContext.log Manager: list: Listing contexts for virtual host 'localhost'
26-Nov-2019 16:17:19.267 INFO [http-nio-8080-exec-124] org.apache.catalina.core.ApplicationContext.log Manager: restart: Reloading web application '/Opportunity'
26-Nov-2019 16:20:39.313 INFO [http-nio-8080-exec-139] org.apache.catalina.core.ApplicationContext.log Manager: list: Listing contexts for virtual host 'localhost'
26-Nov-2019 16:20:41.234 INFO [http-nio-8080-exec-144] org.apache.catalina.core.ApplicationContext.log Manager: restart: Reloading web application '/Opportunity'
26-Nov-2019 16:20:44.975 INFO [http-nio-8080-exec-145] org.apache.catalina.core.ApplicationContext.log Manager: list: Listing contexts for virtual host 'localhost'
26-Nov-2019 16:20:46.529 INFO [http-nio-8080-exec-147] org.apache.catalina.core.ApplicationContext.log Manager: restart: Reloading web application '/Opportunity'
26-Nov-2019 16:20:59.219 INFO [http-nio-8080-exec-143] org.apache.catalina.core.ApplicationContext.log Manager: list: Listing contexts for virtual host 'localhost'
26-Nov-2019 16:21:00.601 INFO [http-nio-8080-exec-139] org.apache.catalina.core.ApplicationContext.log Manager: restart: Reloading web application '/Opportunity'
26-Nov-2019 16:23:53.781 INFO [http-nio-8080-exec-154] org.apache.catalina.core.ApplicationContext.log Manager: list: Listing contexts for virtual host 'localhost'
26-Nov-2019 16:23:55.141 INFO [http-nio-8080-exec-155] org.apache.catalina.core.ApplicationContext.log Manager: restart: Reloading web application '/Opportunity'
26-Nov-2019 16:28:12.990 INFO [http-nio-8080-exec-165] org.apache.catalina.core.ApplicationContext.log Manager: list: Listing contexts for virtual host 'localhost'
26-Nov-2019 16:28:43.470 INFO [http-nio-8080-exec-168] org.apache.catalina.core.ApplicationContext.log Manager: list: Listing contexts for virtual host 'localhost'
26-Nov-2019 16:28:56.817 INFO [http-nio-8080-exec-169] org.apache.catalina.core.ApplicationContext.log Manager: list: Listing contexts for virtual host 'localhost'
26-Nov-2019 16:28:56.817 INFO [http-nio-8080-exec-153] org.apache.catalina.core.ApplicationContext.log Manager: list: Listing contexts for virtual host 'localhost'
26-Nov-2019 16:28:56.928 INFO [http-nio-8080-exec-168] org.apache.catalina.core.ApplicationContext.log Manager: undeploy: Undeploying web application at '/Opportunity'
26-Nov-2019 16:28:58.033 INFO [http-nio-8080-exec-165] org.apache.catalina.core.ApplicationContext.log Manager: install: Installing context configuration at 'file:/C:/Users/PAULO~1.BEZ/AppData/Local/Temp/context6957265012138433288.xml'
26-Nov-2019 16:29:10.371 INFO [http-nio-8080-exec-170] org.apache.catalina.core.ApplicationContext.log Manager: start: Starting web application '/Opportunity'
26-Nov-2019 16:33:11.264 INFO [http-nio-8080-exec-173] org.apache.catalina.core.ApplicationContext.log Manager: list: Listing contexts for virtual host 'localhost'
26-Nov-2019 16:33:13.220 INFO [http-nio-8080-exec-179] org.apache.catalina.core.ApplicationContext.log Manager: restart: Reloading web application '/Opportunity'
26-Nov-2019 16:33:20.604 INFO [http-nio-8080-exec-177] org.apache.catalina.core.ApplicationContext.log Manager: list: Listing contexts for virtual host 'localhost'
26-Nov-2019 16:33:21.927 INFO [http-nio-8080-exec-175] org.apache.catalina.core.ApplicationContext.log Manager: restart: Reloading web application '/Opportunity'
26-Nov-2019 16:34:03.980 INFO [http-nio-8080-exec-171] org.apache.catalina.core.ApplicationContext.log Manager: list: Listing contexts for virtual host 'localhost'
26-Nov-2019 16:34:05.288 INFO [http-nio-8080-exec-173] org.apache.catalina.core.ApplicationContext.log Manager: restart: Reloading web application '/Opportunity'
26-Nov-2019 16:39:15.248 INFO [http-nio-8080-exec-188] org.apache.catalina.core.ApplicationContext.log Manager: list: Listing contexts for virtual host 'localhost'
26-Nov-2019 16:39:17.818 INFO [http-nio-8080-exec-187] org.apache.catalina.core.ApplicationContext.log Manager: restart: Reloading web application '/Opportunity'
26-Nov-2019 16:40:55.250 INFO [http-nio-8080-exec-192] org.apache.catalina.core.ApplicationContext.log Manager: list: Listing contexts for virtual host 'localhost'
26-Nov-2019 16:40:56.802 INFO [http-nio-8080-exec-190] org.apache.catalina.core.ApplicationContext.log Manager: restart: Reloading web application '/Opportunity'
26-Nov-2019 16:44:37.796 INFO [http-nio-8080-exec-209] org.apache.catalina.core.ApplicationContext.log Manager: list: Listing contexts for virtual host 'localhost'
26-Nov-2019 16:44:39.615 INFO [http-nio-8080-exec-202] org.apache.catalina.core.ApplicationContext.log Manager: restart: Reloading web application '/Opportunity'
26-Nov-2019 16:47:03.044 INFO [http-nio-8080-exec-214] org.apache.catalina.core.ApplicationContext.log Manager: list: Listing contexts for virtual host 'localhost'
26-Nov-2019 16:47:04.401 INFO [http-nio-8080-exec-206] org.apache.catalina.core.ApplicationContext.log Manager: restart: Reloading web application '/Opportunity'
26-Nov-2019 16:47:12.820 INFO [http-nio-8080-exec-211] org.apache.catalina.core.ApplicationContext.log Manager: list: Listing contexts for virtual host 'localhost'
26-Nov-2019 16:47:14.458 INFO [http-nio-8080-exec-213] org.apache.catalina.core.ApplicationContext.log Manager: restart: Reloading web application '/Opportunity'
26-Nov-2019 16:49:25.977 INFO [http-nio-8080-exec-223] org.apache.catalina.core.ApplicationContext.log Manager: list: Listing contexts for virtual host 'localhost'
26-Nov-2019 16:49:27.419 INFO [http-nio-8080-exec-226] org.apache.catalina.core.ApplicationContext.log Manager: restart: Reloading web application '/Opportunity'
26-Nov-2019 16:55:23.605 INFO [http-nio-8080-exec-230] org.apache.catalina.core.ApplicationContext.log Manager: list: Listing contexts for virtual host 'localhost'
26-Nov-2019 16:55:24.944 INFO [http-nio-8080-exec-231] org.apache.catalina.core.ApplicationContext.log Manager: restart: Reloading web application '/Opportunity'
26-Nov-2019 16:55:42.507 INFO [http-nio-8080-exec-232] org.apache.catalina.core.ApplicationContext.log Manager: list: Listing contexts for virtual host 'localhost'
26-Nov-2019 16:55:43.962 INFO [http-nio-8080-exec-234] org.apache.catalina.core.ApplicationContext.log Manager: restart: Reloading web application '/Opportunity'
26-Nov-2019 16:55:49.197 INFO [http-nio-8080-exec-229] org.apache.catalina.core.ApplicationContext.log Manager: list: Listing contexts for virtual host 'localhost'
26-Nov-2019 16:55:49.369 INFO [http-nio-8080-exec-239] org.apache.catalina.core.ApplicationContext.log Manager: stop: Stopping web application '/Opportunity'
26-Nov-2019 16:55:49.914 INFO [http-nio-8080-exec-240] org.apache.catalina.core.ApplicationContext.log Manager: start: Starting web application '/Opportunity'
26-Nov-2019 16:56:05.446 INFO [http-nio-8080-exec-238] org.apache.catalina.core.ApplicationContext.log Manager: list: Listing contexts for virtual host 'localhost'
26-Nov-2019 16:56:06.879 INFO [http-nio-8080-exec-232] org.apache.catalina.core.ApplicationContext.log Manager: restart: Reloading web application '/Opportunity'
26-Nov-2019 16:56:09.899 INFO [http-nio-8080-exec-235] org.apache.catalina.core.ApplicationContext.log Manager: list: Listing contexts for virtual host 'localhost'
26-Nov-2019 16:56:11.309 INFO [http-nio-8080-exec-243] org.apache.catalina.core.ApplicationContext.log Manager: restart: Reloading web application '/Opportunity'
26-Nov-2019 16:56:22.515 INFO [http-nio-8080-exec-245] org.apache.catalina.core.ApplicationContext.log Manager: list: Listing contexts for virtual host 'localhost'
26-Nov-2019 16:56:22.547 INFO [http-nio-8080-exec-237] org.apache.catalina.core.ApplicationContext.log Manager: undeploy: Undeploying web application at '/Opportunity'
26-Nov-2019 16:57:07.634 INFO [http-nio-8080-exec-229] org.apache.catalina.core.ApplicationContext.log Manager: list: Listing contexts for virtual host 'localhost'
26-Nov-2019 17:29:08.383 INFO [http-nio-8080-exec-252] org.apache.catalina.core.ApplicationContext.log Manager: list: Listing contexts for virtual host 'localhost'
26-Nov-2019 17:29:55.526 INFO [http-nio-8080-exec-257] org.apache.catalina.core.ApplicationContext.log Manager: list: Listing contexts for virtual host 'localhost'
26-Nov-2019 17:30:12.919 INFO [http-nio-8080-exec-252] org.apache.catalina.core.ApplicationContext.log Manager: list: Listing contexts for virtual host 'localhost'
26-Nov-2019 17:30:20.240 INFO [http-nio-8080-exec-256] org.apache.catalina.core.ApplicationContext.log Manager: list: Listing contexts for virtual host 'localhost'
26-Nov-2019 17:45:01.711 INFO [http-nio-8080-exec-250] org.apache.catalina.core.ApplicationContext.log Manager: list: Listing contexts for virtual host 'localhost'
26-Nov-2019 20:01:13.375 INFO [http-nio-8080-exec-257] org.apache.catalina.core.ApplicationContext.log Manager: list: Listing contexts for virtual host 'localhost'
26-Nov-2019 20:15:09.788 INFO [http-nio-8080-exec-8] org.apache.catalina.core.ApplicationContext.log Manager: init: Associated with Deployer 'Catalina:type=Deployer,host=localhost'
26-Nov-2019 20:15:09.788 INFO [http-nio-8080-exec-8] org.apache.catalina.core.ApplicationContext.log Manager: init: Global resources are available
26-Nov-2019 20:15:09.796 INFO [http-nio-8080-exec-8] org.apache.catalina.core.ApplicationContext.log Manager: list: Listing contexts for virtual host 'localhost'
26-Nov-2019 20:15:09.878 INFO [http-nio-8080-exec-9] org.apache.catalina.core.ApplicationContext.log Manager: list: Listing contexts for virtual host 'localhost'
26-Nov-2019 20:15:10.005 INFO [http-nio-8080-exec-10] org.apache.catalina.core.ApplicationContext.log Manager: install: Installing context configuration at 'file:/C:/Users/PAULO~1.BEZ/AppData/Local/Temp/context6714519963118194030.xml'
26-Nov-2019 20:15:14.030 INFO [http-nio-8080-exec-2] org.apache.catalina.core.ApplicationContext.log Manager: start: Starting web application '/PetShop'
