09-Aug-2019 16:02:54.147 INFO [http-nio-8080-exec-366] org.apache.catalina.core.ApplicationContext.log Manager: list: Listing contexts for virtual host 'localhost'
09-Aug-2019 16:02:54.256 INFO [http-nio-8080-exec-372] org.apache.catalina.core.ApplicationContext.log Manager: list: Listing contexts for virtual host 'localhost'
09-Aug-2019 16:02:54.704 INFO [http-nio-8080-exec-375] org.apache.catalina.core.ApplicationContext.log Manager: list: Listing contexts for virtual host 'localhost'
09-Aug-2019 16:03:10.528 INFO [http-nio-8080-exec-370] org.apache.catalina.core.ApplicationContext.log Manager: list: Listing contexts for virtual host 'localhost'
09-Aug-2019 16:07:57.512 INFO [http-nio-8080-exec-375] org.apache.catalina.core.ApplicationContext.log Manager: list: Listing contexts for virtual host 'localhost'
09-Aug-2019 16:07:57.597 INFO [http-nio-8080-exec-368] org.apache.catalina.core.ApplicationContext.log Manager: list: Listing contexts for virtual host 'localhost'
09-Aug-2019 16:08:03.734 INFO [http-nio-8080-exec-375] org.apache.catalina.core.ApplicationContext.log Manager: list: Listing contexts for virtual host 'localhost'
09-Aug-2019 16:08:11.513 INFO [http-nio-8080-exec-373] org.apache.catalina.core.ApplicationContext.log Manager: list: Listing contexts for virtual host 'localhost'
09-Aug-2019 16:08:32.730 INFO [http-nio-8080-exec-370] org.apache.catalina.core.ApplicationContext.log Manager: list: Listing contexts for virtual host 'localhost'
09-Aug-2019 16:08:37.931 INFO [http-nio-8080-exec-373] org.apache.catalina.core.ApplicationContext.log Manager: list: Listing contexts for virtual host 'localhost'
09-Aug-2019 16:08:47.994 INFO [http-nio-8080-exec-371] org.apache.catalina.core.ApplicationContext.log Manager: list: Listing contexts for virtual host 'localhost'
09-Aug-2019 16:10:04.982 INFO [http-nio-8080-exec-368] org.apache.catalina.core.ApplicationContext.log Manager: list: Listing contexts for virtual host 'localhost'
09-Aug-2019 16:10:05.597 INFO [http-nio-8080-exec-371] org.apache.catalina.core.ApplicationContext.log Manager: list: Listing contexts for virtual host 'localhost'
09-Aug-2019 16:11:40.778 INFO [http-nio-8080-exec-368] org.apache.catalina.core.ApplicationContext.log Manager: list: Listing contexts for virtual host 'localhost'
09-Aug-2019 16:11:59.784 INFO [http-nio-8080-exec-366] org.apache.catalina.core.ApplicationContext.log Manager: list: Listing contexts for virtual host 'localhost'
09-Aug-2019 16:12:18.671 INFO [http-nio-8080-exec-368] org.apache.catalina.core.ApplicationContext.log Manager: list: Listing contexts for virtual host 'localhost'
09-Aug-2019 16:12:20.081 INFO [http-nio-8080-exec-370] org.apache.catalina.core.ApplicationContext.log Manager: list: Listing contexts for virtual host 'localhost'
09-Aug-2019 16:12:23.514 INFO [http-nio-8080-exec-372] org.apache.catalina.core.ApplicationContext.log Manager: list: Listing contexts for virtual host 'localhost'
09-Aug-2019 16:14:04.956 INFO [http-nio-8080-exec-370] org.apache.catalina.core.ApplicationContext.log Manager: list: Listing contexts for virtual host 'localhost'
09-Aug-2019 16:14:05.518 INFO [http-nio-8080-exec-372] org.apache.catalina.core.ApplicationContext.log Manager: list: Listing contexts for virtual host 'localhost'
09-Aug-2019 16:14:27.335 INFO [http-nio-8080-exec-371] org.apache.catalina.core.ApplicationContext.log Manager: list: Listing contexts for virtual host 'localhost'
09-Aug-2019 16:14:32.832 INFO [http-nio-8080-exec-375] org.apache.catalina.core.ApplicationContext.log Manager: list: Listing contexts for virtual host 'localhost'
09-Aug-2019 16:14:40.425 INFO [http-nio-8080-exec-374] org.apache.catalina.core.ApplicationContext.log Manager: list: Listing contexts for virtual host 'localhost'
09-Aug-2019 16:15:35.375 INFO [http-nio-8080-exec-369] org.apache.catalina.core.ApplicationContext.log Manager: list: Listing contexts for virtual host 'localhost'
09-Aug-2019 16:15:37.744 INFO [http-nio-8080-exec-368] org.apache.catalina.core.ApplicationContext.log Manager: list: Listing contexts for virtual host 'localhost'
09-Aug-2019 16:17:38.434 INFO [http-nio-8080-exec-369] org.apache.catalina.core.ApplicationContext.log Manager: list: Listing contexts for virtual host 'localhost'
09-Aug-2019 16:17:50.178 INFO [http-nio-8080-exec-370] org.apache.catalina.core.ApplicationContext.log Manager: list: Listing contexts for virtual host 'localhost'
09-Aug-2019 16:17:56.960 INFO [http-nio-8080-exec-373] org.apache.catalina.core.ApplicationContext.log Manager: list: Listing contexts for virtual host 'localhost'
09-Aug-2019 16:17:57.645 INFO [http-nio-8080-exec-367] org.apache.catalina.core.ApplicationContext.log Manager: list: Listing contexts for virtual host 'localhost'
09-Aug-2019 16:18:18.365 INFO [http-nio-8080-exec-373] org.apache.catalina.core.ApplicationContext.log Manager: list: Listing contexts for virtual host 'localhost'
09-Aug-2019 16:18:57.356 INFO [http-nio-8080-exec-371] org.apache.catalina.core.ApplicationContext.log Manager: list: Listing contexts for virtual host 'localhost'
09-Aug-2019 16:18:58.941 INFO [http-nio-8080-exec-372] org.apache.catalina.core.ApplicationContext.log Manager: list: Listing contexts for virtual host 'localhost'
09-Aug-2019 16:19:02.336 INFO [http-nio-8080-exec-370] org.apache.catalina.core.ApplicationContext.log Manager: list: Listing contexts for virtual host 'localhost'
09-Aug-2019 16:21:30.856 INFO [http-nio-8080-exec-367] org.apache.catalina.core.ApplicationContext.log Manager: list: Listing contexts for virtual host 'localhost'
09-Aug-2019 16:22:09.370 INFO [http-nio-8080-exec-369] org.apache.catalina.core.ApplicationContext.log Manager: list: Listing contexts for virtual host 'localhost'
09-Aug-2019 16:22:10.241 INFO [http-nio-8080-exec-373] org.apache.catalina.core.ApplicationContext.log Manager: list: Listing contexts for virtual host 'localhost'
09-Aug-2019 16:29:05.721 INFO [http-nio-8080-exec-370] org.apache.catalina.core.ApplicationContext.log Manager: list: Listing contexts for virtual host 'localhost'
09-Aug-2019 16:29:14.576 INFO [http-nio-8080-exec-374] org.apache.catalina.core.ApplicationContext.log Manager: list: Listing contexts for virtual host 'localhost'
09-Aug-2019 16:29:14.580 INFO [http-nio-8080-exec-368] org.apache.catalina.core.ApplicationContext.log Manager: list: Listing contexts for virtual host 'localhost'
09-Aug-2019 16:29:15.354 INFO [http-nio-8080-exec-367] org.apache.catalina.core.ApplicationContext.log Manager: install: Installing context configuration at 'file:/C:/Users/PAULO~1.BEZ/AppData/Local/Temp/context5569682199341420345.xml'
09-Aug-2019 16:29:23.466 INFO [http-nio-8080-exec-375] org.apache.catalina.core.ApplicationContext.log Manager: start: Starting web application '/Opportunity'
09-Aug-2019 16:30:22.326 INFO [http-nio-8080-exec-366] org.apache.catalina.core.ApplicationContext.log Manager: list: Listing contexts for virtual host 'localhost'
09-Aug-2019 16:30:22.668 INFO [http-nio-8080-exec-373] org.apache.catalina.core.ApplicationContext.log Manager: restart: Reloading web application '/Opportunity'
09-Aug-2019 16:31:23.111 INFO [http-nio-8080-exec-375] org.apache.catalina.core.ApplicationContext.log Manager: list: Listing contexts for virtual host 'localhost'
09-Aug-2019 16:31:24.614 INFO [http-nio-8080-exec-377] org.apache.catalina.core.ApplicationContext.log Manager: restart: Reloading web application '/Opportunity'
09-Aug-2019 16:32:40.165 INFO [http-nio-8080-exec-376] org.apache.catalina.core.ApplicationContext.log Manager: list: Listing contexts for virtual host 'localhost'
09-Aug-2019 16:32:40.639 INFO [http-nio-8080-exec-385] org.apache.catalina.core.ApplicationContext.log Manager: restart: Reloading web application '/Opportunity'
09-Aug-2019 16:33:34.767 INFO [http-nio-8080-exec-371] org.apache.catalina.core.ApplicationContext.log Manager: list: Listing contexts for virtual host 'localhost'
09-Aug-2019 16:33:35.033 INFO [http-nio-8080-exec-397] org.apache.catalina.core.ApplicationContext.log Manager: restart: Reloading web application '/Opportunity'
09-Aug-2019 16:34:12.172 INFO [http-nio-8080-exec-405] org.apache.catalina.core.ApplicationContext.log Manager: list: Listing contexts for virtual host 'localhost'
09-Aug-2019 16:34:12.445 INFO [http-nio-8080-exec-406] org.apache.catalina.core.ApplicationContext.log Manager: restart: Reloading web application '/Opportunity'
09-Aug-2019 16:37:05.475 INFO [http-nio-8080-exec-411] org.apache.catalina.core.ApplicationContext.log Manager: list: Listing contexts for virtual host 'localhost'
09-Aug-2019 16:37:05.516 INFO [http-nio-8080-exec-412] org.apache.catalina.core.ApplicationContext.log Manager: undeploy: Undeploying web application at '/Opportunity'
09-Aug-2019 17:01:28.853 INFO [http-nio-8080-exec-417] org.apache.catalina.core.ApplicationContext.log Manager: list: Listing contexts for virtual host 'localhost'
09-Aug-2019 17:02:18.300 INFO [http-nio-8080-exec-421] org.apache.catalina.core.ApplicationContext.log Manager: list: Listing contexts for virtual host 'localhost'
09-Aug-2019 17:02:45.626 INFO [http-nio-8080-exec-415] org.apache.catalina.core.ApplicationContext.log Manager: list: Listing contexts for virtual host 'localhost'
09-Aug-2019 17:02:47.106 INFO [http-nio-8080-exec-418] org.apache.catalina.core.ApplicationContext.log Manager: list: Listing contexts for virtual host 'localhost'
09-Aug-2019 17:55:11.350 INFO [http-nio-8080-exec-415] org.apache.catalina.core.ApplicationContext.log Manager: list: Listing contexts for virtual host 'localhost'
09-Aug-2019 17:55:11.451 INFO [http-nio-8080-exec-419] org.apache.catalina.core.ApplicationContext.log Manager: list: Listing contexts for virtual host 'localhost'
09-Aug-2019 17:56:17.338 INFO [http-nio-8080-exec-415] org.apache.catalina.core.ApplicationContext.log Manager: list: Listing contexts for virtual host 'localhost'
09-Aug-2019 17:56:47.321 INFO [http-nio-8080-exec-421] org.apache.catalina.core.ApplicationContext.log Manager: list: Listing contexts for virtual host 'localhost'
09-Aug-2019 17:56:47.813 INFO [http-nio-8080-exec-416] org.apache.catalina.core.ApplicationContext.log Manager: list: Listing contexts for virtual host 'localhost'
09-Aug-2019 17:59:05.270 INFO [http-nio-8080-exec-420] org.apache.catalina.core.ApplicationContext.log Manager: list: Listing contexts for virtual host 'localhost'
09-Aug-2019 17:59:36.355 INFO [http-nio-8080-exec-414] org.apache.catalina.core.ApplicationContext.log Manager: list: Listing contexts for virtual host 'localhost'
09-Aug-2019 17:59:46.197 INFO [http-nio-8080-exec-421] org.apache.catalina.core.ApplicationContext.log Manager: list: Listing contexts for virtual host 'localhost'
09-Aug-2019 17:59:47.112 INFO [http-nio-8080-exec-416] org.apache.catalina.core.ApplicationContext.log Manager: list: Listing contexts for virtual host 'localhost'
09-Aug-2019 18:00:00.085 INFO [http-nio-8080-exec-419] org.apache.catalina.core.ApplicationContext.log Manager: list: Listing contexts for virtual host 'localhost'
09-Aug-2019 18:05:29.097 INFO [http-nio-8080-exec-416] org.apache.catalina.core.ApplicationContext.log Manager: list: Listing contexts for virtual host 'localhost'
09-Aug-2019 18:07:17.677 INFO [http-nio-8080-exec-420] org.apache.catalina.core.ApplicationContext.log Manager: list: Listing contexts for virtual host 'localhost'
09-Aug-2019 18:07:35.002 INFO [http-nio-8080-exec-414] org.apache.catalina.core.ApplicationContext.log Manager: list: Listing contexts for virtual host 'localhost'
09-Aug-2019 18:07:35.762 INFO [http-nio-8080-exec-419] org.apache.catalina.core.ApplicationContext.log Manager: list: Listing contexts for virtual host 'localhost'
09-Aug-2019 18:07:42.339 INFO [http-nio-8080-exec-416] org.apache.catalina.core.ApplicationContext.log Manager: list: Listing contexts for virtual host 'localhost'
09-Aug-2019 18:15:38.877 INFO [http-nio-8080-exec-419] org.apache.catalina.core.ApplicationContext.log Manager: list: Listing contexts for virtual host 'localhost'
09-Aug-2019 18:16:21.572 INFO [http-nio-8080-exec-415] org.apache.catalina.core.ApplicationContext.log Manager: list: Listing contexts for virtual host 'localhost'
09-Aug-2019 18:16:25.889 INFO [http-nio-8080-exec-420] org.apache.catalina.core.ApplicationContext.log Manager: list: Listing contexts for virtual host 'localhost'
09-Aug-2019 18:16:34.814 INFO [http-nio-8080-exec-414] org.apache.catalina.core.ApplicationContext.log Manager: list: Listing contexts for virtual host 'localhost'
09-Aug-2019 18:16:41.394 INFO [http-nio-8080-exec-421] org.apache.catalina.core.ApplicationContext.log Manager: list: Listing contexts for virtual host 'localhost'
09-Aug-2019 18:17:50.075 INFO [http-nio-8080-exec-414] org.apache.catalina.core.ApplicationContext.log Manager: list: Listing contexts for virtual host 'localhost'
09-Aug-2019 18:18:40.711 INFO [http-nio-8080-exec-423] org.apache.catalina.core.ApplicationContext.log Manager: list: Listing contexts for virtual host 'localhost'
09-Aug-2019 18:20:34.526 INFO [http-nio-8080-exec-421] org.apache.catalina.core.ApplicationContext.log Manager: list: Listing contexts for virtual host 'localhost'
09-Aug-2019 18:20:50.478 INFO [http-nio-8080-exec-417] org.apache.catalina.core.ApplicationContext.log Manager: list: Listing contexts for virtual host 'localhost'
09-Aug-2019 18:20:53.524 INFO [http-nio-8080-exec-423] org.apache.catalina.core.ApplicationContext.log Manager: list: Listing contexts for virtual host 'localhost'
09-Aug-2019 18:22:26.105 INFO [http-nio-8080-exec-420] org.apache.catalina.core.ApplicationContext.log Manager: list: Listing contexts for virtual host 'localhost'
09-Aug-2019 18:23:58.787 INFO [http-nio-8080-exec-417] org.apache.catalina.core.ApplicationContext.log Manager: list: Listing contexts for virtual host 'localhost'
09-Aug-2019 18:24:28.720 INFO [http-nio-8080-exec-423] org.apache.catalina.core.ApplicationContext.log Manager: list: Listing contexts for virtual host 'localhost'
09-Aug-2019 18:24:29.735 INFO [http-nio-8080-exec-414] org.apache.catalina.core.ApplicationContext.log Manager: list: Listing contexts for virtual host 'localhost'
09-Aug-2019 18:24:29.798 INFO [http-nio-8080-exec-419] org.apache.catalina.core.ApplicationContext.log Manager: list: Listing contexts for virtual host 'localhost'
09-Aug-2019 18:24:47.416 INFO [http-nio-8080-exec-416] org.apache.catalina.core.ApplicationContext.log Manager: list: Listing contexts for virtual host 'localhost'
09-Aug-2019 18:24:47.866 INFO [http-nio-8080-exec-417] org.apache.catalina.core.ApplicationContext.log Manager: list: Listing contexts for virtual host 'localhost'
09-Aug-2019 18:25:33.124 INFO [http-nio-8080-exec-422] org.apache.catalina.core.ApplicationContext.log Manager: list: Listing contexts for virtual host 'localhost'
09-Aug-2019 18:27:42.839 INFO [http-nio-8080-exec-419] org.apache.catalina.core.ApplicationContext.log Manager: list: Listing contexts for virtual host 'localhost'
09-Aug-2019 18:29:48.177 INFO [http-nio-8080-exec-414] org.apache.catalina.core.ApplicationContext.log Manager: list: Listing contexts for virtual host 'localhost'
09-Aug-2019 18:29:48.179 INFO [http-nio-8080-exec-417] org.apache.catalina.core.ApplicationContext.log Manager: list: Listing contexts for virtual host 'localhost'
09-Aug-2019 18:29:48.618 INFO [http-nio-8080-exec-418] org.apache.catalina.core.ApplicationContext.log Manager: install: Installing context configuration at 'file:/C:/Users/PAULO~1.BEZ/AppData/Local/Temp/context2531812979951617346.xml'
09-Aug-2019 18:29:53.160 INFO [http-nio-8080-exec-419] org.apache.catalina.core.ApplicationContext.log Manager: start: Starting web application '/Opportunity'
09-Aug-2019 18:30:03.185 INFO [http-nio-8080-exec-417] org.apache.catalina.core.ApplicationContext.log Manager: list: Listing contexts for virtual host 'localhost'
09-Aug-2019 18:30:03.538 INFO [http-nio-8080-exec-418] org.apache.catalina.core.ApplicationContext.log Manager: restart: Reloading web application '/Opportunity'
09-Aug-2019 18:31:34.183 INFO [http-nio-8080-exec-416] org.apache.catalina.core.ApplicationContext.log Manager: list: Listing contexts for virtual host 'localhost'
09-Aug-2019 18:31:34.451 INFO [http-nio-8080-exec-419] org.apache.catalina.core.ApplicationContext.log Manager: restart: Reloading web application '/Opportunity'
09-Aug-2019 18:34:40.302 INFO [http-nio-8080-exec-432] org.apache.catalina.core.ApplicationContext.log Manager: list: Listing contexts for virtual host 'localhost'
09-Aug-2019 18:34:40.609 INFO [http-nio-8080-exec-437] org.apache.catalina.core.ApplicationContext.log Manager: restart: Reloading web application '/Opportunity'
09-Aug-2019 18:35:54.515 INFO [http-nio-8080-exec-429] org.apache.catalina.core.ApplicationContext.log Manager: list: Listing contexts for virtual host 'localhost'
09-Aug-2019 18:35:54.744 INFO [http-nio-8080-exec-435] org.apache.catalina.core.ApplicationContext.log Manager: restart: Reloading web application '/Opportunity'
09-Aug-2019 18:38:11.698 INFO [http-nio-8080-exec-447] org.apache.catalina.core.ApplicationContext.log Manager: list: Listing contexts for virtual host 'localhost'
09-Aug-2019 18:38:11.942 INFO [http-nio-8080-exec-438] org.apache.catalina.core.ApplicationContext.log Manager: restart: Reloading web application '/Opportunity'
09-Aug-2019 18:39:38.501 INFO [http-nio-8080-exec-447] org.apache.catalina.core.ApplicationContext.log Manager: list: Listing contexts for virtual host 'localhost'
09-Aug-2019 18:39:38.786 INFO [http-nio-8080-exec-433] org.apache.catalina.core.ApplicationContext.log Manager: restart: Reloading web application '/Opportunity'
09-Aug-2019 18:39:58.078 INFO [http-nio-8080-exec-439] org.apache.catalina.core.ApplicationContext.log Manager: list: Listing contexts for virtual host 'localhost'
09-Aug-2019 18:39:58.331 INFO [http-nio-8080-exec-451] org.apache.catalina.core.ApplicationContext.log Manager: restart: Reloading web application '/Opportunity'
09-Aug-2019 18:44:18.446 INFO [http-nio-8080-exec-8] org.apache.catalina.core.ApplicationContext.log Manager: init: Associated with Deployer 'Catalina:type=Deployer,host=localhost'
09-Aug-2019 18:44:18.446 INFO [http-nio-8080-exec-8] org.apache.catalina.core.ApplicationContext.log Manager: init: Global resources are available
09-Aug-2019 18:44:18.446 INFO [http-nio-8080-exec-8] org.apache.catalina.core.ApplicationContext.log Manager: list: Listing contexts for virtual host 'localhost'
09-Aug-2019 18:44:18.449 INFO [http-nio-8080-exec-9] org.apache.catalina.core.ApplicationContext.log Manager: list: Listing contexts for virtual host 'localhost'
09-Aug-2019 18:44:18.486 INFO [http-nio-8080-exec-10] org.apache.catalina.core.ApplicationContext.log Manager: undeploy: Undeploying web application at '/Opportunity'
09-Aug-2019 18:44:19.275 INFO [http-nio-8080-exec-9] org.apache.catalina.core.ApplicationContext.log Manager: install: Installing context configuration at 'file:/C:/Users/PAULO~1.BEZ/AppData/Local/Temp/context4439977858725296531.xml'
09-Aug-2019 18:44:20.791 INFO [http-nio-8080-exec-4] org.apache.catalina.core.ApplicationContext.log Manager: start: Starting web application '/Opportunity'
09-Aug-2019 18:45:47.865 INFO [http-nio-8080-exec-14] org.apache.catalina.core.ApplicationContext.log Manager: list: Listing contexts for virtual host 'localhost'
09-Aug-2019 18:45:48.170 INFO [http-nio-8080-exec-15] org.apache.catalina.core.ApplicationContext.log Manager: restart: Reloading web application '/Opportunity'
09-Aug-2019 18:46:02.642 INFO [http-nio-8080-exec-18] org.apache.catalina.core.ApplicationContext.log Manager: list: Listing contexts for virtual host 'localhost'
09-Aug-2019 18:46:02.929 INFO [http-nio-8080-exec-16] org.apache.catalina.core.ApplicationContext.log Manager: restart: Reloading web application '/Opportunity'
09-Aug-2019 18:50:31.103 INFO [http-nio-8080-exec-7] org.apache.catalina.core.ApplicationContext.log Manager: init: Associated with Deployer 'Catalina:type=Deployer,host=localhost'
09-Aug-2019 18:50:31.103 INFO [http-nio-8080-exec-7] org.apache.catalina.core.ApplicationContext.log Manager: init: Global resources are available
09-Aug-2019 18:50:31.104 INFO [http-nio-8080-exec-7] org.apache.catalina.core.ApplicationContext.log Manager: list: Listing contexts for virtual host 'localhost'
09-Aug-2019 18:50:31.107 INFO [http-nio-8080-exec-8] org.apache.catalina.core.ApplicationContext.log Manager: list: Listing contexts for virtual host 'localhost'
09-Aug-2019 18:50:31.130 INFO [http-nio-8080-exec-9] org.apache.catalina.core.ApplicationContext.log Manager: undeploy: Undeploying web application at '/Opportunity'
09-Aug-2019 18:50:31.892 INFO [http-nio-8080-exec-7] org.apache.catalina.core.ApplicationContext.log Manager: install: Installing context configuration at 'file:/C:/Users/PAULO~1.BEZ/AppData/Local/Temp/context3735380882478623542.xml'
09-Aug-2019 18:50:33.343 INFO [http-nio-8080-exec-8] org.apache.catalina.core.ApplicationContext.log Manager: start: Starting web application '/Opportunity'
09-Aug-2019 19:00:34.903 INFO [http-nio-8080-exec-14] org.apache.catalina.core.ApplicationContext.log Manager: list: Listing contexts for virtual host 'localhost'
09-Aug-2019 19:00:35.243 INFO [http-nio-8080-exec-15] org.apache.catalina.core.ApplicationContext.log Manager: restart: Reloading web application '/Opportunity'
09-Aug-2019 19:00:59.056 INFO [http-nio-8080-exec-18] org.apache.catalina.core.ApplicationContext.log Manager: list: Listing contexts for virtual host 'localhost'
09-Aug-2019 19:00:59.295 INFO [http-nio-8080-exec-19] org.apache.catalina.core.ApplicationContext.log Manager: restart: Reloading web application '/Opportunity'
09-Aug-2019 19:01:27.394 INFO [http-nio-8080-exec-23] org.apache.catalina.core.ApplicationContext.log Manager: list: Listing contexts for virtual host 'localhost'
09-Aug-2019 19:01:27.618 INFO [http-nio-8080-exec-18] org.apache.catalina.core.ApplicationContext.log Manager: restart: Reloading web application '/Opportunity'
09-Aug-2019 19:03:47.250 INFO [http-nio-8080-exec-8] org.apache.catalina.core.ApplicationContext.log Manager: init: Associated with Deployer 'Catalina:type=Deployer,host=localhost'
09-Aug-2019 19:03:47.250 INFO [http-nio-8080-exec-8] org.apache.catalina.core.ApplicationContext.log Manager: init: Global resources are available
09-Aug-2019 19:03:47.251 INFO [http-nio-8080-exec-8] org.apache.catalina.core.ApplicationContext.log Manager: list: Listing contexts for virtual host 'localhost'
09-Aug-2019 19:03:47.254 INFO [http-nio-8080-exec-9] org.apache.catalina.core.ApplicationContext.log Manager: list: Listing contexts for virtual host 'localhost'
09-Aug-2019 19:03:47.291 INFO [http-nio-8080-exec-10] org.apache.catalina.core.ApplicationContext.log Manager: undeploy: Undeploying web application at '/Opportunity'
09-Aug-2019 19:03:48.025 INFO [http-nio-8080-exec-7] org.apache.catalina.core.ApplicationContext.log Manager: install: Installing context configuration at 'file:/C:/Users/PAULO~1.BEZ/AppData/Local/Temp/context449812215805273724.xml'
09-Aug-2019 19:03:49.662 INFO [http-nio-8080-exec-5] org.apache.catalina.core.ApplicationContext.log Manager: start: Starting web application '/Opportunity'
