27-Sep-2019 11:40:05.835 INFO [http-nio-8080-exec-1180] org.apache.catalina.core.ApplicationContext.log Manager: list: Listing contexts for virtual host 'localhost'
27-Sep-2019 11:40:06.058 INFO [http-nio-8080-exec-1183] org.apache.catalina.core.ApplicationContext.log Manager: list: Listing contexts for virtual host 'localhost'
27-Sep-2019 11:40:07.806 INFO [http-nio-8080-exec-1179] org.apache.catalina.core.ApplicationContext.log Manager: list: Listing contexts for virtual host 'localhost'
27-Sep-2019 11:41:53.954 INFO [http-nio-8080-exec-1181] org.apache.catalina.core.ApplicationContext.log Manager: list: Listing contexts for virtual host 'localhost'
27-Sep-2019 11:42:34.054 INFO [http-nio-8080-exec-1186] org.apache.catalina.core.ApplicationContext.log Manager: list: Listing contexts for virtual host 'localhost'
27-Sep-2019 11:55:49.987 INFO [http-nio-8080-exec-1180] org.apache.catalina.core.ApplicationContext.log Manager: list: Listing contexts for virtual host 'localhost'
27-Sep-2019 11:56:27.948 INFO [http-nio-8080-exec-1185] org.apache.catalina.core.ApplicationContext.log Manager: list: Listing contexts for virtual host 'localhost'
27-Sep-2019 11:56:58.595 INFO [http-nio-8080-exec-1181] org.apache.catalina.core.ApplicationContext.log Manager: list: Listing contexts for virtual host 'localhost'
27-Sep-2019 11:56:59.221 INFO [http-nio-8080-exec-1184] org.apache.catalina.core.ApplicationContext.log Manager: list: Listing contexts for virtual host 'localhost'
27-Sep-2019 11:57:37.739 INFO [http-nio-8080-exec-1178] org.apache.catalina.core.ApplicationContext.log Manager: list: Listing contexts for virtual host 'localhost'
27-Sep-2019 11:59:21.961 INFO [http-nio-8080-exec-1184] org.apache.catalina.core.ApplicationContext.log Manager: list: Listing contexts for virtual host 'localhost'
27-Sep-2019 11:59:22.024 INFO [http-nio-8080-exec-1179] org.apache.catalina.core.ApplicationContext.log Manager: list: Listing contexts for virtual host 'localhost'
27-Sep-2019 11:59:22.620 INFO [http-nio-8080-exec-1181] org.apache.catalina.core.ApplicationContext.log Manager: list: Listing contexts for virtual host 'localhost'
27-Sep-2019 12:01:07.279 INFO [http-nio-8080-exec-1177] org.apache.catalina.core.ApplicationContext.log Manager: list: Listing contexts for virtual host 'localhost'
27-Sep-2019 12:01:34.708 INFO [http-nio-8080-exec-1186] org.apache.catalina.core.ApplicationContext.log Manager: list: Listing contexts for virtual host 'localhost'
27-Sep-2019 12:01:42.276 INFO [http-nio-8080-exec-1183] org.apache.catalina.core.ApplicationContext.log Manager: list: Listing contexts for virtual host 'localhost'
27-Sep-2019 12:01:46.689 INFO [http-nio-8080-exec-1179] org.apache.catalina.core.ApplicationContext.log Manager: list: Listing contexts for virtual host 'localhost'
27-Sep-2019 12:02:36.429 INFO [http-nio-8080-exec-1184] org.apache.catalina.core.ApplicationContext.log Manager: list: Listing contexts for virtual host 'localhost'
27-Sep-2019 12:02:41.199 INFO [http-nio-8080-exec-1181] org.apache.catalina.core.ApplicationContext.log Manager: list: Listing contexts for virtual host 'localhost'
27-Sep-2019 12:03:43.315 INFO [http-nio-8080-exec-1177] org.apache.catalina.core.ApplicationContext.log Manager: list: Listing contexts for virtual host 'localhost'
27-Sep-2019 12:03:46.365 INFO [http-nio-8080-exec-1185] org.apache.catalina.core.ApplicationContext.log Manager: list: Listing contexts for virtual host 'localhost'
27-Sep-2019 12:06:09.059 INFO [http-nio-8080-exec-1182] org.apache.catalina.core.ApplicationContext.log Manager: list: Listing contexts for virtual host 'localhost'
27-Sep-2019 12:06:20.950 INFO [http-nio-8080-exec-1177] org.apache.catalina.core.ApplicationContext.log Manager: list: Listing contexts for virtual host 'localhost'
27-Sep-2019 12:08:12.851 INFO [http-nio-8080-exec-1185] org.apache.catalina.core.ApplicationContext.log Manager: list: Listing contexts for virtual host 'localhost'
27-Sep-2019 12:08:25.673 INFO [http-nio-8080-exec-1183] org.apache.catalina.core.ApplicationContext.log Manager: list: Listing contexts for virtual host 'localhost'
27-Sep-2019 12:08:33.200 INFO [http-nio-8080-exec-1181] org.apache.catalina.core.ApplicationContext.log Manager: list: Listing contexts for virtual host 'localhost'
27-Sep-2019 12:10:25.390 INFO [http-nio-8080-exec-1179] org.apache.catalina.core.ApplicationContext.log Manager: list: Listing contexts for virtual host 'localhost'
27-Sep-2019 12:10:39.025 INFO [http-nio-8080-exec-1184] org.apache.catalina.core.ApplicationContext.log Manager: list: Listing contexts for virtual host 'localhost'
27-Sep-2019 12:10:47.680 INFO [http-nio-8080-exec-1182] org.apache.catalina.core.ApplicationContext.log Manager: list: Listing contexts for virtual host 'localhost'
27-Sep-2019 12:11:27.598 INFO [http-nio-8080-exec-1180] org.apache.catalina.core.ApplicationContext.log Manager: list: Listing contexts for virtual host 'localhost'
27-Sep-2019 12:12:21.858 INFO [http-nio-8080-exec-1177] org.apache.catalina.core.ApplicationContext.log Manager: list: Listing contexts for virtual host 'localhost'
27-Sep-2019 12:12:30.913 INFO [http-nio-8080-exec-1185] org.apache.catalina.core.ApplicationContext.log Manager: list: Listing contexts for virtual host 'localhost'
27-Sep-2019 12:12:58.841 INFO [http-nio-8080-exec-1183] org.apache.catalina.core.ApplicationContext.log Manager: list: Listing contexts for virtual host 'localhost'
27-Sep-2019 12:13:33.856 INFO [http-nio-8080-exec-1182] org.apache.catalina.core.ApplicationContext.log Manager: list: Listing contexts for virtual host 'localhost'
27-Sep-2019 12:14:22.740 INFO [http-nio-8080-exec-1178] org.apache.catalina.core.ApplicationContext.log Manager: list: Listing contexts for virtual host 'localhost'
27-Sep-2019 12:14:30.308 INFO [http-nio-8080-exec-1177] org.apache.catalina.core.ApplicationContext.log Manager: list: Listing contexts for virtual host 'localhost'
27-Sep-2019 12:14:37.371 INFO [http-nio-8080-exec-1185] org.apache.catalina.core.ApplicationContext.log Manager: list: Listing contexts for virtual host 'localhost'
27-Sep-2019 12:14:49.128 INFO [http-nio-8080-exec-1183] org.apache.catalina.core.ApplicationContext.log Manager: list: Listing contexts for virtual host 'localhost'
27-Sep-2019 12:14:54.209 INFO [http-nio-8080-exec-1182] org.apache.catalina.core.ApplicationContext.log Manager: list: Listing contexts for virtual host 'localhost'
27-Sep-2019 12:15:06.987 INFO [http-nio-8080-exec-1178] org.apache.catalina.core.ApplicationContext.log Manager: list: Listing contexts for virtual host 'localhost'
27-Sep-2019 12:15:18.951 INFO [http-nio-8080-exec-1177] org.apache.catalina.core.ApplicationContext.log Manager: list: Listing contexts for virtual host 'localhost'
27-Sep-2019 12:16:42.524 INFO [http-nio-8080-exec-1185] org.apache.catalina.core.ApplicationContext.log Manager: list: Listing contexts for virtual host 'localhost'
27-Sep-2019 12:17:04.871 INFO [http-nio-8080-exec-1183] org.apache.catalina.core.ApplicationContext.log Manager: list: Listing contexts for virtual host 'localhost'
27-Sep-2019 12:17:54.856 INFO [http-nio-8080-exec-1181] org.apache.catalina.core.ApplicationContext.log Manager: list: Listing contexts for virtual host 'localhost'
27-Sep-2019 12:18:06.095 INFO [http-nio-8080-exec-1177] org.apache.catalina.core.ApplicationContext.log Manager: list: Listing contexts for virtual host 'localhost'
27-Sep-2019 12:18:21.719 INFO [http-nio-8080-exec-1185] org.apache.catalina.core.ApplicationContext.log Manager: list: Listing contexts for virtual host 'localhost'
27-Sep-2019 12:20:04.357 INFO [http-nio-8080-exec-1182] org.apache.catalina.core.ApplicationContext.log Manager: list: Listing contexts for virtual host 'localhost'
27-Sep-2019 12:20:13.627 INFO [http-nio-8080-exec-1180] org.apache.catalina.core.ApplicationContext.log Manager: list: Listing contexts for virtual host 'localhost'
27-Sep-2019 12:20:36.771 INFO [http-nio-8080-exec-1183] org.apache.catalina.core.ApplicationContext.log Manager: list: Listing contexts for virtual host 'localhost'
27-Sep-2019 12:21:04.834 INFO [http-nio-8080-exec-1181] org.apache.catalina.core.ApplicationContext.log Manager: list: Listing contexts for virtual host 'localhost'
27-Sep-2019 12:22:25.324 INFO [http-nio-8080-exec-1184] org.apache.catalina.core.ApplicationContext.log Manager: list: Listing contexts for virtual host 'localhost'
27-Sep-2019 12:22:39.991 INFO [http-nio-8080-exec-1181] org.apache.catalina.core.ApplicationContext.log Manager: list: Listing contexts for virtual host 'localhost'
27-Sep-2019 12:22:50.073 INFO [http-nio-8080-exec-1179] org.apache.catalina.core.ApplicationContext.log Manager: list: Listing contexts for virtual host 'localhost'
27-Sep-2019 12:24:24.026 INFO [http-nio-8080-exec-1182] org.apache.catalina.core.ApplicationContext.log Manager: list: Listing contexts for virtual host 'localhost'
27-Sep-2019 12:24:36.816 INFO [http-nio-8080-exec-1177] org.apache.catalina.core.ApplicationContext.log Manager: list: Listing contexts for virtual host 'localhost'
27-Sep-2019 12:25:16.669 INFO [http-nio-8080-exec-1184] org.apache.catalina.core.ApplicationContext.log Manager: list: Listing contexts for virtual host 'localhost'
27-Sep-2019 12:25:37.340 INFO [http-nio-8080-exec-1181] org.apache.catalina.core.ApplicationContext.log Manager: list: Listing contexts for virtual host 'localhost'
27-Sep-2019 12:25:41.066 INFO [http-nio-8080-exec-1185] org.apache.catalina.core.ApplicationContext.log Manager: list: Listing contexts for virtual host 'localhost'
27-Sep-2019 12:26:52.570 INFO [http-nio-8080-exec-1184] org.apache.catalina.core.ApplicationContext.log Manager: list: Listing contexts for virtual host 'localhost'
27-Sep-2019 12:27:29.487 INFO [http-nio-8080-exec-1177] org.apache.catalina.core.ApplicationContext.log Manager: list: Listing contexts for virtual host 'localhost'
27-Sep-2019 12:29:30.550 INFO [http-nio-8080-exec-1179] org.apache.catalina.core.ApplicationContext.log Manager: list: Listing contexts for virtual host 'localhost'
27-Sep-2019 12:29:30.550 INFO [http-nio-8080-exec-1185] org.apache.catalina.core.ApplicationContext.log Manager: list: Listing contexts for virtual host 'localhost'
27-Sep-2019 12:29:30.722 INFO [http-nio-8080-exec-1180] org.apache.catalina.core.ApplicationContext.log Manager: install: Installing context configuration at 'file:/C:/Users/PAULO~1.BEZ/AppData/Local/Temp/context8417636723232092504.xml'
27-Sep-2019 12:29:38.355 INFO [http-nio-8080-exec-1177] org.apache.catalina.core.ApplicationContext.log Manager: start: Starting web application '/Opportunity'
27-Sep-2019 12:30:27.365 INFO [http-nio-8080-exec-1180] org.apache.catalina.core.ApplicationContext.log Manager: list: Listing contexts for virtual host 'localhost'
27-Sep-2019 12:30:27.371 INFO [http-nio-8080-exec-1177] org.apache.catalina.core.ApplicationContext.log Manager: list: Listing contexts for virtual host 'localhost'
27-Sep-2019 12:32:17.767 INFO [http-nio-8080-exec-1180] org.apache.catalina.core.ApplicationContext.log Manager: list: Listing contexts for virtual host 'localhost'
27-Sep-2019 12:32:17.767 INFO [http-nio-8080-exec-1177] org.apache.catalina.core.ApplicationContext.log Manager: list: Listing contexts for virtual host 'localhost'
27-Sep-2019 12:32:17.845 INFO [http-nio-8080-exec-1178] org.apache.catalina.core.ApplicationContext.log Manager: undeploy: Undeploying web application at '/Opportunity'
27-Sep-2019 12:32:52.574 INFO [http-nio-8080-exec-1177] org.apache.catalina.core.ApplicationContext.log Manager: install: Installing context configuration at 'file:/C:/Users/PAULO~1.BEZ/AppData/Local/Temp/context5464621712731365264.xml'
27-Sep-2019 12:32:57.312 INFO [http-nio-8080-exec-1183] org.apache.catalina.core.ApplicationContext.log Manager: start: Starting web application '/Opportunity'
27-Sep-2019 12:33:27.804 INFO [http-nio-8080-exec-1182] org.apache.catalina.core.ApplicationContext.log Manager: list: Listing contexts for virtual host 'localhost'
27-Sep-2019 12:33:27.882 INFO [http-nio-8080-exec-1181] org.apache.catalina.core.ApplicationContext.log Manager: stop: Stopping web application '/Opportunity'
27-Sep-2019 12:33:29.234 INFO [http-nio-8080-exec-1187] org.apache.catalina.core.ApplicationContext.log Manager: start: Starting web application '/Opportunity'
27-Sep-2019 12:33:35.751 INFO [http-nio-8080-exec-1189] org.apache.catalina.core.ApplicationContext.log Manager: list: Listing contexts for virtual host 'localhost'
27-Sep-2019 12:33:35.767 INFO [http-nio-8080-exec-1188] org.apache.catalina.core.ApplicationContext.log Manager: list: Listing contexts for virtual host 'localhost'
27-Sep-2019 12:33:35.829 INFO [http-nio-8080-exec-1184] org.apache.catalina.core.ApplicationContext.log Manager: undeploy: Undeploying web application at '/Opportunity'
27-Sep-2019 12:33:37.425 INFO [http-nio-8080-exec-1192] org.apache.catalina.core.ApplicationContext.log Manager: install: Installing context configuration at 'file:/C:/Users/PAULO~1.BEZ/AppData/Local/Temp/context7909137847048188296.xml'
27-Sep-2019 12:33:38.560 INFO [http-nio-8080-exec-1193] org.apache.catalina.core.ApplicationContext.log Manager: start: Starting web application '/Opportunity'
27-Sep-2019 12:38:23.639 INFO [http-nio-8080-exec-1201] org.apache.catalina.core.ApplicationContext.log Manager: list: Listing contexts for virtual host 'localhost'
27-Sep-2019 12:38:24.024 INFO [http-nio-8080-exec-1198] org.apache.catalina.core.ApplicationContext.log Manager: restart: Reloading web application '/Opportunity'
27-Sep-2019 12:42:00.113 INFO [http-nio-8080-exec-1208] org.apache.catalina.core.ApplicationContext.log Manager: list: Listing contexts for virtual host 'localhost'
27-Sep-2019 12:42:00.622 INFO [http-nio-8080-exec-1207] org.apache.catalina.core.ApplicationContext.log Manager: restart: Reloading web application '/Opportunity'
27-Sep-2019 12:42:26.129 INFO [http-nio-8080-exec-1213] org.apache.catalina.core.ApplicationContext.log Manager: list: Listing contexts for virtual host 'localhost'
27-Sep-2019 12:42:26.477 INFO [http-nio-8080-exec-1206] org.apache.catalina.core.ApplicationContext.log Manager: restart: Reloading web application '/Opportunity'
27-Sep-2019 12:43:34.478 INFO [http-nio-8080-exec-1222] org.apache.catalina.core.ApplicationContext.log Manager: list: Listing contexts for virtual host 'localhost'
27-Sep-2019 12:43:34.813 INFO [http-nio-8080-exec-1225] org.apache.catalina.core.ApplicationContext.log Manager: restart: Reloading web application '/Opportunity'
27-Sep-2019 12:46:16.460 INFO [http-nio-8080-exec-1234] org.apache.catalina.core.ApplicationContext.log Manager: list: Listing contexts for virtual host 'localhost'
27-Sep-2019 12:46:16.728 INFO [http-nio-8080-exec-1235] org.apache.catalina.core.ApplicationContext.log Manager: restart: Reloading web application '/Opportunity'
27-Sep-2019 12:47:36.527 INFO [http-nio-8080-exec-1243] org.apache.catalina.core.ApplicationContext.log Manager: list: Listing contexts for virtual host 'localhost'
27-Sep-2019 12:47:36.803 INFO [http-nio-8080-exec-1245] org.apache.catalina.core.ApplicationContext.log Manager: restart: Reloading web application '/Opportunity'
27-Sep-2019 12:47:59.524 INFO [http-nio-8080-exec-1242] org.apache.catalina.core.ApplicationContext.log Manager: list: Listing contexts for virtual host 'localhost'
27-Sep-2019 12:47:59.671 INFO [http-nio-8080-exec-1239] org.apache.catalina.core.ApplicationContext.log Manager: stop: Stopping web application '/Opportunity'
27-Sep-2019 12:48:00.551 INFO [http-nio-8080-exec-1247] org.apache.catalina.core.ApplicationContext.log Manager: start: Starting web application '/Opportunity'
27-Sep-2019 12:48:11.290 INFO [http-nio-8080-exec-1242] org.apache.catalina.core.ApplicationContext.log Manager: list: Listing contexts for virtual host 'localhost'
27-Sep-2019 12:48:11.312 INFO [http-nio-8080-exec-1241] org.apache.catalina.core.ApplicationContext.log Manager: undeploy: Undeploying web application at '/Opportunity'
27-Sep-2019 13:01:00.534 INFO [http-nio-8080-exec-1257] org.apache.catalina.core.ApplicationContext.log Manager: list: Listing contexts for virtual host 'localhost'
27-Sep-2019 13:01:11.838 INFO [http-nio-8080-exec-1263] org.apache.catalina.core.ApplicationContext.log Manager: list: Listing contexts for virtual host 'localhost'
27-Sep-2019 13:01:24.974 INFO [http-nio-8080-exec-1258] org.apache.catalina.core.ApplicationContext.log Manager: list: Listing contexts for virtual host 'localhost'
27-Sep-2019 13:01:39.153 INFO [http-nio-8080-exec-1263] org.apache.catalina.core.ApplicationContext.log Manager: list: Listing contexts for virtual host 'localhost'
27-Sep-2019 13:01:59.357 INFO [http-nio-8080-exec-1259] org.apache.catalina.core.ApplicationContext.log Manager: list: Listing contexts for virtual host 'localhost'
27-Sep-2019 14:46:40.426 INFO [http-nio-8080-exec-1254] org.apache.catalina.core.ApplicationContext.log Manager: list: Listing contexts for virtual host 'localhost'
27-Sep-2019 14:46:51.736 INFO [http-nio-8080-exec-1260] org.apache.catalina.core.ApplicationContext.log Manager: list: Listing contexts for virtual host 'localhost'
27-Sep-2019 14:46:51.739 INFO [http-nio-8080-exec-1261] org.apache.catalina.core.ApplicationContext.log Manager: list: Listing contexts for virtual host 'localhost'
27-Sep-2019 14:46:51.850 INFO [http-nio-8080-exec-1262] org.apache.catalina.core.ApplicationContext.log Manager: install: Installing context configuration at 'file:/C:/Users/PAULO~1.BEZ/AppData/Local/Temp/context6043604780438277388.xml'
27-Sep-2019 14:46:59.954 INFO [http-nio-8080-exec-1263] org.apache.catalina.core.ApplicationContext.log Manager: start: Starting web application '/Opportunity'
27-Sep-2019 14:49:27.383 INFO [http-nio-8080-exec-1263] org.apache.catalina.core.ApplicationContext.log Manager: list: Listing contexts for virtual host 'localhost'
27-Sep-2019 14:49:27.746 INFO [http-nio-8080-exec-1254] org.apache.catalina.core.ApplicationContext.log Manager: restart: Reloading web application '/Opportunity'
27-Sep-2019 14:51:15.315 INFO [http-nio-8080-exec-1267] org.apache.catalina.core.ApplicationContext.log Manager: list: Listing contexts for virtual host 'localhost'
27-Sep-2019 14:51:15.691 INFO [http-nio-8080-exec-1268] org.apache.catalina.core.ApplicationContext.log Manager: restart: Reloading web application '/Opportunity'
27-Sep-2019 14:53:15.383 INFO [http-nio-8080-exec-1270] org.apache.catalina.core.ApplicationContext.log Manager: list: Listing contexts for virtual host 'localhost'
27-Sep-2019 14:53:15.717 INFO [http-nio-8080-exec-1264] org.apache.catalina.core.ApplicationContext.log Manager: restart: Reloading web application '/Opportunity'
27-Sep-2019 14:54:45.363 INFO [http-nio-8080-exec-1280] org.apache.catalina.core.ApplicationContext.log Manager: list: Listing contexts for virtual host 'localhost'
27-Sep-2019 14:54:51.915 INFO [http-nio-8080-exec-1277] org.apache.catalina.core.ApplicationContext.log Manager: list: Listing contexts for virtual host 'localhost'
27-Sep-2019 14:54:51.918 INFO [http-nio-8080-exec-1278] org.apache.catalina.core.ApplicationContext.log Manager: list: Listing contexts for virtual host 'localhost'
27-Sep-2019 14:54:51.993 INFO [http-nio-8080-exec-1279] org.apache.catalina.core.ApplicationContext.log Manager: undeploy: Undeploying web application at '/Opportunity'
27-Sep-2019 14:55:02.662 INFO [http-nio-8080-exec-1285] org.apache.catalina.core.ApplicationContext.log Manager: install: Installing context configuration at 'file:/C:/Users/PAULO~1.BEZ/AppData/Local/Temp/context3638438153115203002.xml'
27-Sep-2019 14:55:12.049 INFO [http-nio-8080-exec-1281] org.apache.catalina.core.ApplicationContext.log Manager: start: Starting web application '/Opportunity'
27-Sep-2019 14:58:28.229 INFO [http-nio-8080-exec-1293] org.apache.catalina.core.ApplicationContext.log Manager: list: Listing contexts for virtual host 'localhost'
27-Sep-2019 14:59:33.770 INFO [http-nio-8080-exec-1296] org.apache.catalina.core.ApplicationContext.log Manager: list: Listing contexts for virtual host 'localhost'
27-Sep-2019 14:59:34.085 INFO [http-nio-8080-exec-1290] org.apache.catalina.core.ApplicationContext.log Manager: restart: Reloading web application '/Opportunity'
27-Sep-2019 15:01:18.402 INFO [http-nio-8080-exec-1300] org.apache.catalina.core.ApplicationContext.log Manager: list: Listing contexts for virtual host 'localhost'
27-Sep-2019 15:01:31.969 INFO [http-nio-8080-exec-1299] org.apache.catalina.core.ApplicationContext.log Manager: list: Listing contexts for virtual host 'localhost'
27-Sep-2019 15:01:31.972 INFO [http-nio-8080-exec-1300] org.apache.catalina.core.ApplicationContext.log Manager: list: Listing contexts for virtual host 'localhost'
27-Sep-2019 15:01:32.078 INFO [http-nio-8080-exec-1305] org.apache.catalina.core.ApplicationContext.log Manager: undeploy: Undeploying web application at '/Opportunity'
27-Sep-2019 15:01:42.983 INFO [http-nio-8080-exec-1298] org.apache.catalina.core.ApplicationContext.log Manager: install: Installing context configuration at 'file:/C:/Users/PAULO~1.BEZ/AppData/Local/Temp/context2726898649545131394.xml'
27-Sep-2019 15:01:47.516 INFO [http-nio-8080-exec-1300] org.apache.catalina.core.ApplicationContext.log Manager: start: Starting web application '/Opportunity'
27-Sep-2019 15:03:12.951 INFO [http-nio-8080-exec-1310] org.apache.catalina.core.ApplicationContext.log Manager: list: Listing contexts for virtual host 'localhost'
27-Sep-2019 15:04:07.524 INFO [http-nio-8080-exec-1307] org.apache.catalina.core.ApplicationContext.log Manager: list: Listing contexts for virtual host 'localhost'
27-Sep-2019 15:04:31.041 INFO [http-nio-8080-exec-1316] org.apache.catalina.core.ApplicationContext.log Manager: list: Listing contexts for virtual host 'localhost'
27-Sep-2019 15:05:23.452 INFO [http-nio-8080-exec-1309] org.apache.catalina.core.ApplicationContext.log Manager: list: Listing contexts for virtual host 'localhost'
27-Sep-2019 15:05:43.267 INFO [http-nio-8080-exec-1314] org.apache.catalina.core.ApplicationContext.log Manager: list: Listing contexts for virtual host 'localhost'
27-Sep-2019 15:05:49.101 INFO [http-nio-8080-exec-1312] org.apache.catalina.core.ApplicationContext.log Manager: list: Listing contexts for virtual host 'localhost'
27-Sep-2019 15:05:49.113 INFO [http-nio-8080-exec-1316] org.apache.catalina.core.ApplicationContext.log Manager: list: Listing contexts for virtual host 'localhost'
27-Sep-2019 15:05:49.173 INFO [http-nio-8080-exec-1313] org.apache.catalina.core.ApplicationContext.log Manager: undeploy: Undeploying web application at '/Opportunity'
27-Sep-2019 15:06:13.826 INFO [http-nio-8080-exec-1312] org.apache.catalina.core.ApplicationContext.log Manager: install: Installing context configuration at 'file:/C:/Users/PAULO~1.BEZ/AppData/Local/Temp/context4473221682814884625.xml'
27-Sep-2019 15:06:22.450 INFO [http-nio-8080-exec-1307] org.apache.catalina.core.ApplicationContext.log Manager: start: Starting web application '/Opportunity'
27-Sep-2019 15:07:04.726 INFO [http-nio-8080-exec-1307] org.apache.catalina.core.ApplicationContext.log Manager: list: Listing contexts for virtual host 'localhost'
27-Sep-2019 15:07:41.817 INFO [http-nio-8080-exec-1323] org.apache.catalina.core.ApplicationContext.log Manager: list: Listing contexts for virtual host 'localhost'
27-Sep-2019 15:08:15.748 INFO [http-nio-8080-exec-1321] org.apache.catalina.core.ApplicationContext.log Manager: list: Listing contexts for virtual host 'localhost'
27-Sep-2019 15:09:06.606 INFO [http-nio-8080-exec-1318] org.apache.catalina.core.ApplicationContext.log Manager: list: Listing contexts for virtual host 'localhost'
27-Sep-2019 15:09:12.996 INFO [http-nio-8080-exec-1317] org.apache.catalina.core.ApplicationContext.log Manager: list: Listing contexts for virtual host 'localhost'
27-Sep-2019 15:09:13.008 INFO [http-nio-8080-exec-1324] org.apache.catalina.core.ApplicationContext.log Manager: list: Listing contexts for virtual host 'localhost'
27-Sep-2019 15:09:13.097 INFO [http-nio-8080-exec-1325] org.apache.catalina.core.ApplicationContext.log Manager: undeploy: Undeploying web application at '/Opportunity'
27-Sep-2019 15:09:30.332 INFO [http-nio-8080-exec-1321] org.apache.catalina.core.ApplicationContext.log Manager: list: Listing contexts for virtual host 'localhost'
27-Sep-2019 15:09:31.009 INFO [http-nio-8080-exec-1326] org.apache.catalina.core.ApplicationContext.log Manager: install: Installing context configuration at 'file:/C:/Users/PAULO~1.BEZ/AppData/Local/Temp/context2123765734110817573.xml'
27-Sep-2019 15:09:42.104 INFO [http-nio-8080-exec-1324] org.apache.catalina.core.ApplicationContext.log Manager: start: Starting web application '/Opportunity'
27-Sep-2019 15:10:56.342 INFO [http-nio-8080-exec-1331] org.apache.catalina.core.ApplicationContext.log Manager: list: Listing contexts for virtual host 'localhost'
27-Sep-2019 15:10:56.452 INFO [http-nio-8080-exec-1332] org.apache.catalina.core.ApplicationContext.log Manager: stop: Stopping web application '/Opportunity'
27-Sep-2019 15:11:19.463 INFO [http-nio-8080-exec-1334] org.apache.catalina.core.ApplicationContext.log Manager: start: Starting web application '/Opportunity'
27-Sep-2019 15:11:29.857 INFO [http-nio-8080-exec-1331] org.apache.catalina.core.ApplicationContext.log Manager: list: Listing contexts for virtual host 'localhost'
27-Sep-2019 15:11:29.885 INFO [http-nio-8080-exec-1328] org.apache.catalina.core.ApplicationContext.log Manager: undeploy: Undeploying web application at '/Opportunity'
27-Sep-2019 15:25:25.611 INFO [http-nio-8080-exec-1343] org.apache.catalina.core.ApplicationContext.log Manager: list: Listing contexts for virtual host 'localhost'
27-Sep-2019 15:25:41.816 INFO [http-nio-8080-exec-1341] org.apache.catalina.core.ApplicationContext.log Manager: list: Listing contexts for virtual host 'localhost'
27-Sep-2019 15:26:14.897 INFO [http-nio-8080-exec-1346] org.apache.catalina.core.ApplicationContext.log Manager: list: Listing contexts for virtual host 'localhost'
27-Sep-2019 15:26:19.938 INFO [http-nio-8080-exec-1343] org.apache.catalina.core.ApplicationContext.log Manager: list: Listing contexts for virtual host 'localhost'
27-Sep-2019 15:26:31.621 INFO [http-nio-8080-exec-1340] org.apache.catalina.core.ApplicationContext.log Manager: list: Listing contexts for virtual host 'localhost'
27-Sep-2019 15:26:31.624 INFO [http-nio-8080-exec-1339] org.apache.catalina.core.ApplicationContext.log Manager: list: Listing contexts for virtual host 'localhost'
27-Sep-2019 15:26:31.773 INFO [http-nio-8080-exec-1342] org.apache.catalina.core.ApplicationContext.log Manager: install: Installing context configuration at 'file:/C:/Users/PAULO~1.BEZ/AppData/Local/Temp/context5105770786288969280.xml'
27-Sep-2019 15:26:38.536 INFO [http-nio-8080-exec-1341] org.apache.catalina.core.ApplicationContext.log Manager: start: Starting web application '/Opportunity'
27-Sep-2019 15:27:00.064 INFO [http-nio-8080-exec-1342] org.apache.catalina.core.ApplicationContext.log Manager: list: Listing contexts for virtual host 'localhost'
27-Sep-2019 15:27:00.188 INFO [http-nio-8080-exec-1341] org.apache.catalina.core.ApplicationContext.log Manager: stop: Stopping web application '/Opportunity'
27-Sep-2019 15:27:27.581 INFO [http-nio-8080-exec-1346] org.apache.catalina.core.ApplicationContext.log Manager: start: Starting web application '/Opportunity'
27-Sep-2019 15:27:46.732 INFO [http-nio-8080-exec-1350] org.apache.catalina.core.ApplicationContext.log Manager: list: Listing contexts for virtual host 'localhost'
27-Sep-2019 15:27:46.748 INFO [http-nio-8080-exec-1344] org.apache.catalina.core.ApplicationContext.log Manager: list: Listing contexts for virtual host 'localhost'
27-Sep-2019 15:27:46.828 INFO [http-nio-8080-exec-1351] org.apache.catalina.core.ApplicationContext.log Manager: undeploy: Undeploying web application at '/Opportunity'
27-Sep-2019 15:27:48.522 INFO [http-nio-8080-exec-1344] org.apache.catalina.core.ApplicationContext.log Manager: install: Installing context configuration at 'file:/C:/Users/PAULO~1.BEZ/AppData/Local/Temp/context183741884950680125.xml'
27-Sep-2019 15:27:50.088 INFO [http-nio-8080-exec-1350] org.apache.catalina.core.ApplicationContext.log Manager: start: Starting web application '/Opportunity'
27-Sep-2019 15:30:58.424 INFO [http-nio-8080-exec-1358] org.apache.catalina.core.ApplicationContext.log Manager: list: Listing contexts for virtual host 'localhost'
27-Sep-2019 15:32:26.722 INFO [http-nio-8080-exec-1363] org.apache.catalina.core.ApplicationContext.log Manager: list: Listing contexts for virtual host 'localhost'
27-Sep-2019 15:32:37.216 INFO [http-nio-8080-exec-1361] org.apache.catalina.core.ApplicationContext.log Manager: list: Listing contexts for virtual host 'localhost'
27-Sep-2019 15:32:37.221 INFO [http-nio-8080-exec-1357] org.apache.catalina.core.ApplicationContext.log Manager: list: Listing contexts for virtual host 'localhost'
27-Sep-2019 15:32:37.286 INFO [http-nio-8080-exec-1363] org.apache.catalina.core.ApplicationContext.log Manager: undeploy: Undeploying web application at '/Opportunity'
27-Sep-2019 15:32:52.637 INFO [http-nio-8080-exec-1358] org.apache.catalina.core.ApplicationContext.log Manager: install: Installing context configuration at 'file:/C:/Users/PAULO~1.BEZ/AppData/Local/Temp/context18474097983085361.xml'
27-Sep-2019 15:32:58.391 INFO [http-nio-8080-exec-1354] org.apache.catalina.core.ApplicationContext.log Manager: start: Starting web application '/Opportunity'
27-Sep-2019 15:34:36.051 INFO [http-nio-8080-exec-1364] org.apache.catalina.core.ApplicationContext.log Manager: list: Listing contexts for virtual host 'localhost'
27-Sep-2019 15:34:46.294 INFO [http-nio-8080-exec-1369] org.apache.catalina.core.ApplicationContext.log Manager: list: Listing contexts for virtual host 'localhost'
27-Sep-2019 15:35:05.063 INFO [http-nio-8080-exec-1366] org.apache.catalina.core.ApplicationContext.log Manager: list: Listing contexts for virtual host 'localhost'
27-Sep-2019 15:35:48.905 INFO [http-nio-8080-exec-1371] org.apache.catalina.core.ApplicationContext.log Manager: list: Listing contexts for virtual host 'localhost'
27-Sep-2019 15:35:58.879 INFO [http-nio-8080-exec-1364] org.apache.catalina.core.ApplicationContext.log Manager: list: Listing contexts for virtual host 'localhost'
27-Sep-2019 15:36:11.088 INFO [http-nio-8080-exec-1368] org.apache.catalina.core.ApplicationContext.log Manager: list: Listing contexts for virtual host 'localhost'
27-Sep-2019 15:36:11.092 INFO [http-nio-8080-exec-1370] org.apache.catalina.core.ApplicationContext.log Manager: list: Listing contexts for virtual host 'localhost'
27-Sep-2019 15:36:11.161 INFO [http-nio-8080-exec-1364] org.apache.catalina.core.ApplicationContext.log Manager: undeploy: Undeploying web application at '/Opportunity'
27-Sep-2019 15:36:28.271 INFO [http-nio-8080-exec-1371] org.apache.catalina.core.ApplicationContext.log Manager: install: Installing context configuration at 'file:/C:/Users/PAULO~1.BEZ/AppData/Local/Temp/context5180007464600430257.xml'
27-Sep-2019 15:36:34.124 INFO [http-nio-8080-exec-1369] org.apache.catalina.core.ApplicationContext.log Manager: start: Starting web application '/Opportunity'
27-Sep-2019 15:38:09.959 INFO [http-nio-8080-exec-1381] org.apache.catalina.core.ApplicationContext.log Manager: list: Listing contexts for virtual host 'localhost'
27-Sep-2019 15:38:09.976 INFO [http-nio-8080-exec-1378] org.apache.catalina.core.ApplicationContext.log Manager: undeploy: Undeploying web application at '/Opportunity'
27-Sep-2019 15:57:38.266 INFO [http-nio-8080-exec-1387] org.apache.catalina.core.ApplicationContext.log Manager: list: Listing contexts for virtual host 'localhost'
27-Sep-2019 15:58:00.715 INFO [http-nio-8080-exec-1386] org.apache.catalina.core.ApplicationContext.log Manager: list: Listing contexts for virtual host 'localhost'
27-Sep-2019 15:58:21.223 INFO [http-nio-8080-exec-1389] org.apache.catalina.core.ApplicationContext.log Manager: list: Listing contexts for virtual host 'localhost'
27-Sep-2019 16:22:29.152 INFO [http-nio-8080-exec-6] org.apache.catalina.core.ApplicationContext.log Manager: init: Associated with Deployer 'Catalina:type=Deployer,host=localhost'
27-Sep-2019 16:22:29.153 INFO [http-nio-8080-exec-6] org.apache.catalina.core.ApplicationContext.log Manager: init: Global resources are available
27-Sep-2019 16:22:29.153 INFO [http-nio-8080-exec-6] org.apache.catalina.core.ApplicationContext.log Manager: list: Listing contexts for virtual host 'localhost'
27-Sep-2019 16:22:29.164 INFO [http-nio-8080-exec-7] org.apache.catalina.core.ApplicationContext.log Manager: list: Listing contexts for virtual host 'localhost'
27-Sep-2019 16:22:29.321 INFO [http-nio-8080-exec-8] org.apache.catalina.core.ApplicationContext.log Manager: install: Installing context configuration at 'file:/C:/Users/PAULO~1.BEZ/AppData/Local/Temp/context2087393662316866932.xml'
27-Sep-2019 16:22:31.745 INFO [http-nio-8080-exec-9] org.apache.catalina.core.ApplicationContext.log Manager: start: Starting web application '/Opportunity'
27-Sep-2019 16:28:25.398 INFO [http-nio-8080-exec-10] org.apache.catalina.core.ApplicationContext.log Manager: list: Listing contexts for virtual host 'localhost'
27-Sep-2019 16:28:30.328 INFO [http-nio-8080-exec-5] org.apache.catalina.core.ApplicationContext.log Manager: list: Listing contexts for virtual host 'localhost'
27-Sep-2019 16:29:10.608 INFO [http-nio-8080-exec-1] org.apache.catalina.core.ApplicationContext.log Manager: list: Listing contexts for virtual host 'localhost'
27-Sep-2019 16:29:19.659 INFO [http-nio-8080-exec-6] org.apache.catalina.core.ApplicationContext.log Manager: list: Listing contexts for virtual host 'localhost'
27-Sep-2019 16:29:19.668 INFO [http-nio-8080-exec-7] org.apache.catalina.core.ApplicationContext.log Manager: undeploy: Undeploying web application at '/Opportunity'
27-Sep-2019 16:29:41.387 INFO [http-nio-8080-exec-3] org.apache.catalina.core.ApplicationContext.log Manager: list: Listing contexts for virtual host 'localhost'
27-Sep-2019 16:30:06.334 INFO [http-nio-8080-exec-11] org.apache.catalina.core.ApplicationContext.log Manager: list: Listing contexts for virtual host 'localhost'
27-Sep-2019 16:58:56.914 INFO [http-nio-8080-exec-15] org.apache.catalina.core.ApplicationContext.log Manager: list: Listing contexts for virtual host 'localhost'
27-Sep-2019 16:58:56.937 INFO [http-nio-8080-exec-11] org.apache.catalina.core.ApplicationContext.log Manager: undeploy: Undeploying web application at '/OpportunityComercial'
27-Sep-2019 18:44:41.792 INFO [http-nio-8080-exec-24] org.apache.catalina.core.ApplicationContext.log Manager: list: Listing contexts for virtual host 'localhost'
27-Sep-2019 18:47:57.925 INFO [http-nio-8080-exec-29] org.apache.catalina.core.ApplicationContext.log Manager: list: Listing contexts for virtual host 'localhost'
27-Sep-2019 18:48:46.438 INFO [http-nio-8080-exec-24] org.apache.catalina.core.ApplicationContext.log Manager: list: Listing contexts for virtual host 'localhost'
27-Sep-2019 18:49:35.077 INFO [http-nio-8080-exec-29] org.apache.catalina.core.ApplicationContext.log Manager: list: Listing contexts for virtual host 'localhost'
27-Sep-2019 18:50:05.683 INFO [http-nio-8080-exec-25] org.apache.catalina.core.ApplicationContext.log Manager: list: Listing contexts for virtual host 'localhost'
27-Sep-2019 18:50:05.688 INFO [http-nio-8080-exec-26] org.apache.catalina.core.ApplicationContext.log Manager: list: Listing contexts for virtual host 'localhost'
27-Sep-2019 18:50:05.854 INFO [http-nio-8080-exec-27] org.apache.catalina.core.ApplicationContext.log Manager: install: Installing context configuration at 'file:/C:/Users/PAULO~1.BEZ/AppData/Local/Temp/context1503630122244721934.xml'
27-Sep-2019 18:50:17.315 INFO [http-nio-8080-exec-28] org.apache.catalina.core.ApplicationContext.log Manager: start: Starting web application '/Opportunity'
27-Sep-2019 18:51:49.109 INFO [http-nio-8080-exec-27] org.apache.catalina.core.ApplicationContext.log Manager: list: Listing contexts for virtual host 'localhost'
27-Sep-2019 18:52:44.554 INFO [http-nio-8080-exec-23] org.apache.catalina.core.ApplicationContext.log Manager: list: Listing contexts for virtual host 'localhost'
27-Sep-2019 18:53:10.348 INFO [http-nio-8080-exec-26] org.apache.catalina.core.ApplicationContext.log Manager: list: Listing contexts for virtual host 'localhost'
27-Sep-2019 18:53:14.986 INFO [http-nio-8080-exec-21] org.apache.catalina.core.ApplicationContext.log Manager: list: Listing contexts for virtual host 'localhost'
27-Sep-2019 18:53:14.988 INFO [http-nio-8080-exec-24] org.apache.catalina.core.ApplicationContext.log Manager: list: Listing contexts for virtual host 'localhost'
27-Sep-2019 18:53:15.020 INFO [http-nio-8080-exec-27] org.apache.catalina.core.ApplicationContext.log Manager: undeploy: Undeploying web application at '/Opportunity'
27-Sep-2019 18:53:15.951 INFO [http-nio-8080-exec-28] org.apache.catalina.core.ApplicationContext.log Manager: install: Installing context configuration at 'file:/C:/Users/PAULO~1.BEZ/AppData/Local/Temp/context6762986804569638821.xml'
27-Sep-2019 18:53:16.969 INFO [http-nio-8080-exec-30] org.apache.catalina.core.ApplicationContext.log Manager: start: Starting web application '/Opportunity'
27-Sep-2019 18:56:23.072 INFO [http-nio-8080-exec-32] org.apache.catalina.core.ApplicationContext.log Manager: list: Listing contexts for virtual host 'localhost'
27-Sep-2019 18:56:27.647 INFO [http-nio-8080-exec-40] org.apache.catalina.core.ApplicationContext.log Manager: list: Listing contexts for virtual host 'localhost'
27-Sep-2019 18:56:27.663 INFO [http-nio-8080-exec-34] org.apache.catalina.core.ApplicationContext.log Manager: list: Listing contexts for virtual host 'localhost'
27-Sep-2019 18:56:27.679 INFO [http-nio-8080-exec-35] org.apache.catalina.core.ApplicationContext.log Manager: undeploy: Undeploying web application at '/Opportunity'
27-Sep-2019 18:56:28.563 INFO [http-nio-8080-exec-32] org.apache.catalina.core.ApplicationContext.log Manager: install: Installing context configuration at 'file:/C:/Users/PAULO~1.BEZ/AppData/Local/Temp/context8552408748068848544.xml'
27-Sep-2019 18:56:29.488 INFO [http-nio-8080-exec-39] org.apache.catalina.core.ApplicationContext.log Manager: start: Starting web application '/Opportunity'
27-Sep-2019 19:33:56.455 INFO [http-nio-8080-exec-50] org.apache.catalina.core.ApplicationContext.log Manager: list: Listing contexts for virtual host 'localhost'
27-Sep-2019 19:34:08.141 INFO [http-nio-8080-exec-48] org.apache.catalina.core.ApplicationContext.log Manager: list: Listing contexts for virtual host 'localhost'
27-Sep-2019 19:34:08.144 INFO [http-nio-8080-exec-49] org.apache.catalina.core.ApplicationContext.log Manager: list: Listing contexts for virtual host 'localhost'
27-Sep-2019 19:34:08.194 INFO [http-nio-8080-exec-50] org.apache.catalina.core.ApplicationContext.log Manager: undeploy: Undeploying web application at '/Opportunity'
27-Sep-2019 19:34:12.010 INFO [http-nio-8080-exec-44] org.apache.catalina.core.ApplicationContext.log Manager: install: Installing context configuration at 'file:/C:/Users/PAULO~1.BEZ/AppData/Local/Temp/context6068223574844330462.xml'
27-Sep-2019 19:34:18.104 INFO [http-nio-8080-exec-43] org.apache.catalina.core.ApplicationContext.log Manager: start: Starting web application '/Opportunity'
27-Sep-2019 19:36:15.651 INFO [http-nio-8080-exec-51] org.apache.catalina.core.ApplicationContext.log Manager: list: Listing contexts for virtual host 'localhost'
27-Sep-2019 19:36:19.052 INFO [http-nio-8080-exec-60] org.apache.catalina.core.ApplicationContext.log Manager: list: Listing contexts for virtual host 'localhost'
27-Sep-2019 19:36:19.055 INFO [http-nio-8080-exec-55] org.apache.catalina.core.ApplicationContext.log Manager: list: Listing contexts for virtual host 'localhost'
27-Sep-2019 19:36:19.070 INFO [http-nio-8080-exec-57] org.apache.catalina.core.ApplicationContext.log Manager: undeploy: Undeploying web application at '/Opportunity'
27-Sep-2019 19:36:20.053 INFO [http-nio-8080-exec-52] org.apache.catalina.core.ApplicationContext.log Manager: install: Installing context configuration at 'file:/C:/Users/PAULO~1.BEZ/AppData/Local/Temp/context6744538262749000878.xml'
27-Sep-2019 19:36:21.167 INFO [http-nio-8080-exec-59] org.apache.catalina.core.ApplicationContext.log Manager: start: Starting web application '/Opportunity'
27-Sep-2019 19:38:16.215 INFO [http-nio-8080-exec-69] org.apache.catalina.core.ApplicationContext.log Manager: list: Listing contexts for virtual host 'localhost'
27-Sep-2019 19:38:25.632 INFO [http-nio-8080-exec-65] org.apache.catalina.core.ApplicationContext.log Manager: list: Listing contexts for virtual host 'localhost'
27-Sep-2019 19:38:36.721 INFO [http-nio-8080-exec-64] org.apache.catalina.core.ApplicationContext.log Manager: list: Listing contexts for virtual host 'localhost'
27-Sep-2019 19:38:40.641 INFO [http-nio-8080-exec-62] org.apache.catalina.core.ApplicationContext.log Manager: list: Listing contexts for virtual host 'localhost'
27-Sep-2019 19:38:44.424 INFO [http-nio-8080-exec-67] org.apache.catalina.core.ApplicationContext.log Manager: list: Listing contexts for virtual host 'localhost'
27-Sep-2019 19:38:44.426 INFO [http-nio-8080-exec-70] org.apache.catalina.core.ApplicationContext.log Manager: list: Listing contexts for virtual host 'localhost'
27-Sep-2019 19:38:44.444 INFO [http-nio-8080-exec-61] org.apache.catalina.core.ApplicationContext.log Manager: undeploy: Undeploying web application at '/Opportunity'
27-Sep-2019 19:38:45.259 INFO [http-nio-8080-exec-63] org.apache.catalina.core.ApplicationContext.log Manager: install: Installing context configuration at 'file:/C:/Users/PAULO~1.BEZ/AppData/Local/Temp/context1106848132279755949.xml'
27-Sep-2019 19:38:46.215 INFO [http-nio-8080-exec-64] org.apache.catalina.core.ApplicationContext.log Manager: start: Starting web application '/Opportunity'
27-Sep-2019 19:39:30.076 INFO [http-nio-8080-exec-74] org.apache.catalina.core.ApplicationContext.log Manager: list: Listing contexts for virtual host 'localhost'
27-Sep-2019 19:39:33.909 INFO [http-nio-8080-exec-75] org.apache.catalina.core.ApplicationContext.log Manager: list: Listing contexts for virtual host 'localhost'
27-Sep-2019 19:39:33.925 INFO [http-nio-8080-exec-76] org.apache.catalina.core.ApplicationContext.log Manager: list: Listing contexts for virtual host 'localhost'
27-Sep-2019 19:39:33.940 INFO [http-nio-8080-exec-71] org.apache.catalina.core.ApplicationContext.log Manager: undeploy: Undeploying web application at '/Opportunity'
27-Sep-2019 19:39:34.722 INFO [http-nio-8080-exec-73] org.apache.catalina.core.ApplicationContext.log Manager: install: Installing context configuration at 'file:/C:/Users/PAULO~1.BEZ/AppData/Local/Temp/context6347964495160079503.xml'
27-Sep-2019 19:39:35.615 INFO [http-nio-8080-exec-68] org.apache.catalina.core.ApplicationContext.log Manager: start: Starting web application '/Opportunity'
27-Sep-2019 19:40:22.610 INFO [http-nio-8080-exec-78] org.apache.catalina.core.ApplicationContext.log Manager: list: Listing contexts for virtual host 'localhost'
27-Sep-2019 19:40:23.017 INFO [http-nio-8080-exec-68] org.apache.catalina.core.ApplicationContext.log Manager: restart: Reloading web application '/Opportunity'
27-Sep-2019 19:40:32.888 INFO [http-nio-8080-exec-79] org.apache.catalina.core.ApplicationContext.log Manager: list: Listing contexts for virtual host 'localhost'
27-Sep-2019 19:40:33.252 INFO [http-nio-8080-exec-81] org.apache.catalina.core.ApplicationContext.log Manager: restart: Reloading web application '/Opportunity'
27-Sep-2019 19:42:12.688 INFO [http-nio-8080-exec-90] org.apache.catalina.core.ApplicationContext.log Manager: list: Listing contexts for virtual host 'localhost'
27-Sep-2019 19:42:13.038 INFO [http-nio-8080-exec-86] org.apache.catalina.core.ApplicationContext.log Manager: restart: Reloading web application '/Opportunity'
27-Sep-2019 19:44:15.479 INFO [http-nio-8080-exec-95] org.apache.catalina.core.ApplicationContext.log Manager: list: Listing contexts for virtual host 'localhost'
27-Sep-2019 19:44:49.817 INFO [http-nio-8080-exec-98] org.apache.catalina.core.ApplicationContext.log Manager: list: Listing contexts for virtual host 'localhost'
27-Sep-2019 19:44:49.819 INFO [http-nio-8080-exec-97] org.apache.catalina.core.ApplicationContext.log Manager: list: Listing contexts for virtual host 'localhost'
27-Sep-2019 19:44:49.855 INFO [http-nio-8080-exec-96] org.apache.catalina.core.ApplicationContext.log Manager: undeploy: Undeploying web application at '/Opportunity'
27-Sep-2019 19:44:51.157 INFO [http-nio-8080-exec-97] org.apache.catalina.core.ApplicationContext.log Manager: install: Installing context configuration at 'file:/C:/Users/PAULO~1.BEZ/AppData/Local/Temp/context4351667662021243996.xml'
27-Sep-2019 19:44:52.834 INFO [http-nio-8080-exec-100] org.apache.catalina.core.ApplicationContext.log Manager: start: Starting web application '/Opportunity'
27-Sep-2019 19:45:51.567 INFO [http-nio-8080-exec-104] org.apache.catalina.core.ApplicationContext.log Manager: list: Listing contexts for virtual host 'localhost'
27-Sep-2019 19:45:58.994 INFO [http-nio-8080-exec-107] org.apache.catalina.core.ApplicationContext.log Manager: list: Listing contexts for virtual host 'localhost'
27-Sep-2019 19:45:58.997 INFO [http-nio-8080-exec-108] org.apache.catalina.core.ApplicationContext.log Manager: list: Listing contexts for virtual host 'localhost'
27-Sep-2019 19:45:59.020 INFO [http-nio-8080-exec-111] org.apache.catalina.core.ApplicationContext.log Manager: undeploy: Undeploying web application at '/Opportunity'
27-Sep-2019 19:46:00.012 INFO [http-nio-8080-exec-108] org.apache.catalina.core.ApplicationContext.log Manager: install: Installing context configuration at 'file:/C:/Users/PAULO~1.BEZ/AppData/Local/Temp/context7097190279443894493.xml'
27-Sep-2019 19:46:01.472 INFO [http-nio-8080-exec-109] org.apache.catalina.core.ApplicationContext.log Manager: start: Starting web application '/Opportunity'
27-Sep-2019 19:46:35.443 INFO [http-nio-8080-exec-104] org.apache.catalina.core.ApplicationContext.log Manager: list: Listing contexts for virtual host 'localhost'
27-Sep-2019 19:46:47.275 INFO [http-nio-8080-exec-114] org.apache.catalina.core.ApplicationContext.log Manager: list: Listing contexts for virtual host 'localhost'
27-Sep-2019 19:46:47.277 INFO [http-nio-8080-exec-115] org.apache.catalina.core.ApplicationContext.log Manager: list: Listing contexts for virtual host 'localhost'
27-Sep-2019 19:46:47.297 INFO [http-nio-8080-exec-118] org.apache.catalina.core.ApplicationContext.log Manager: undeploy: Undeploying web application at '/Opportunity'
27-Sep-2019 19:46:48.191 INFO [http-nio-8080-exec-116] org.apache.catalina.core.ApplicationContext.log Manager: install: Installing context configuration at 'file:/C:/Users/PAULO~1.BEZ/AppData/Local/Temp/context8447356590784041186.xml'
27-Sep-2019 19:46:49.537 INFO [http-nio-8080-exec-104] org.apache.catalina.core.ApplicationContext.log Manager: start: Starting web application '/Opportunity'
27-Sep-2019 19:48:53.802 INFO [http-nio-8080-exec-124] org.apache.catalina.core.ApplicationContext.log Manager: list: Listing contexts for virtual host 'localhost'
27-Sep-2019 19:49:36.115 INFO [http-nio-8080-exec-126] org.apache.catalina.core.ApplicationContext.log Manager: list: Listing contexts for virtual host 'localhost'
27-Sep-2019 19:49:36.412 INFO [http-nio-8080-exec-120] org.apache.catalina.core.ApplicationContext.log Manager: restart: Reloading web application '/Opportunity'
27-Sep-2019 19:49:48.223 INFO [http-nio-8080-exec-123] org.apache.catalina.core.ApplicationContext.log Manager: list: Listing contexts for virtual host 'localhost'
27-Sep-2019 19:49:48.226 INFO [http-nio-8080-exec-122] org.apache.catalina.core.ApplicationContext.log Manager: list: Listing contexts for virtual host 'localhost'
27-Sep-2019 19:49:48.294 INFO [http-nio-8080-exec-130] org.apache.catalina.core.ApplicationContext.log Manager: undeploy: Undeploying web application at '/Opportunity'
27-Sep-2019 19:49:49.215 INFO [http-nio-8080-exec-125] org.apache.catalina.core.ApplicationContext.log Manager: install: Installing context configuration at 'file:/C:/Users/PAULO~1.BEZ/AppData/Local/Temp/context3362537230048595856.xml'
27-Sep-2019 19:49:50.212 INFO [http-nio-8080-exec-131] org.apache.catalina.core.ApplicationContext.log Manager: start: Starting web application '/Opportunity'
27-Sep-2019 19:50:57.123 INFO [http-nio-8080-exec-142] org.apache.catalina.core.ApplicationContext.log Manager: list: Listing contexts for virtual host 'localhost'
27-Sep-2019 19:50:57.259 INFO [http-nio-8080-exec-135] org.apache.catalina.core.ApplicationContext.log Manager: stop: Stopping web application '/Opportunity'
27-Sep-2019 19:50:57.597 INFO [http-nio-8080-exec-141] org.apache.catalina.core.ApplicationContext.log Manager: start: Starting web application '/Opportunity'
27-Sep-2019 19:51:01.151 INFO [http-nio-8080-exec-134] org.apache.catalina.core.ApplicationContext.log Manager: list: Listing contexts for virtual host 'localhost'
27-Sep-2019 19:51:01.156 INFO [http-nio-8080-exec-138] org.apache.catalina.core.ApplicationContext.log Manager: undeploy: Undeploying web application at '/Opportunity'
27-Sep-2019 20:02:32.752 INFO [http-nio-8080-exec-148] org.apache.catalina.core.ApplicationContext.log Manager: list: Listing contexts for virtual host 'localhost'
27-Sep-2019 20:09:57.716 INFO [http-nio-8080-exec-153] org.apache.catalina.core.ApplicationContext.log Manager: list: Listing contexts for virtual host 'localhost'
27-Sep-2019 20:13:27.199 INFO [http-nio-8080-exec-148] org.apache.catalina.core.ApplicationContext.log Manager: list: Listing contexts for virtual host 'localhost'
27-Sep-2019 20:13:34.644 INFO [http-nio-8080-exec-145] org.apache.catalina.core.ApplicationContext.log Manager: list: Listing contexts for virtual host 'localhost'
27-Sep-2019 20:16:52.407 INFO [http-nio-8080-exec-151] org.apache.catalina.core.ApplicationContext.log Manager: list: Listing contexts for virtual host 'localhost'
27-Sep-2019 20:16:59.652 INFO [http-nio-8080-exec-146] org.apache.catalina.core.ApplicationContext.log Manager: list: Listing contexts for virtual host 'localhost'
27-Sep-2019 20:17:07.588 INFO [http-nio-8080-exec-152] org.apache.catalina.core.ApplicationContext.log Manager: list: Listing contexts for virtual host 'localhost'
27-Sep-2019 20:18:41.487 INFO [http-nio-8080-exec-148] org.apache.catalina.core.ApplicationContext.log Manager: list: Listing contexts for virtual host 'localhost'
27-Sep-2019 20:22:53.008 INFO [http-nio-8080-exec-153] org.apache.catalina.core.ApplicationContext.log Manager: list: Listing contexts for virtual host 'localhost'
27-Sep-2019 20:23:26.775 INFO [http-nio-8080-exec-149] org.apache.catalina.core.ApplicationContext.log Manager: list: Listing contexts for virtual host 'localhost'
27-Sep-2019 20:27:01.853 INFO [http-nio-8080-exec-154] org.apache.catalina.core.ApplicationContext.log Manager: list: Listing contexts for virtual host 'localhost'
27-Sep-2019 20:27:06.563 INFO [http-nio-8080-exec-149] org.apache.catalina.core.ApplicationContext.log Manager: list: Listing contexts for virtual host 'localhost'
27-Sep-2019 20:28:01.204 INFO [http-nio-8080-exec-145] org.apache.catalina.core.ApplicationContext.log Manager: list: Listing contexts for virtual host 'localhost'
27-Sep-2019 20:28:09.210 INFO [http-nio-8080-exec-151] org.apache.catalina.core.ApplicationContext.log Manager: list: Listing contexts for virtual host 'localhost'
27-Sep-2019 20:28:09.214 INFO [http-nio-8080-exec-152] org.apache.catalina.core.ApplicationContext.log Manager: list: Listing contexts for virtual host 'localhost'
27-Sep-2019 20:28:09.329 INFO [http-nio-8080-exec-153] org.apache.catalina.core.ApplicationContext.log Manager: install: Installing context configuration at 'file:/C:/Users/PAULO~1.BEZ/AppData/Local/Temp/context6456831717169896567.xml'
27-Sep-2019 20:28:17.121 INFO [http-nio-8080-exec-154] org.apache.catalina.core.ApplicationContext.log Manager: start: Starting web application '/OpportunityComercial'
27-Sep-2019 20:31:32.560 INFO [http-nio-8080-exec-151] org.apache.catalina.core.ApplicationContext.log Manager: list: Listing contexts for virtual host 'localhost'
27-Sep-2019 20:31:32.591 INFO [http-nio-8080-exec-146] org.apache.catalina.core.ApplicationContext.log Manager: undeploy: Undeploying web application at '/OpportunityComercial'
